
===========================================================================
report_checks -unconstrained
============================================================================
Startpoint: _38034_ (rising edge-triggered flip-flop clocked by core_clk)
Endpoint: _34800_ (rising edge-triggered flip-flop clocked by core_clk)
Path Group: core_clk
Path Type: max

Fanout     Cap    Slew   Delay    Time   Description
-----------------------------------------------------------------------------
                  0.15    0.00    0.00   clock core_clk (rise edge)
                          0.00    0.00   clock network delay (ideal)
                  0.15    0.00    0.00 ^ _38034_/CLK (sky130_fd_sc_hd__dfxtp_2)
                  8.40    6.49    6.49 ^ _38034_/Q (sky130_fd_sc_hd__dfxtp_2)
   457    1.71                           state (net)
                  8.40    0.00    6.49 ^ _16953_/C1 (sky130_fd_sc_hd__a2111oi_2)
                  1.22    0.40    6.89 v _16953_/Y (sky130_fd_sc_hd__a2111oi_2)
     6    0.02                           _07018_ (net)
                  1.22    0.00    6.89 v _16954_/B (sky130_fd_sc_hd__nand2_2)
                  0.31    0.52    7.41 ^ _16954_/Y (sky130_fd_sc_hd__nand2_2)
     5    0.02                           _07019_ (net)
                  0.31    0.00    7.41 ^ _16984_/A (sky130_fd_sc_hd__nand3_2)
                  0.14    0.17    7.58 v _16984_/Y (sky130_fd_sc_hd__nand3_2)
     5    0.01                           _07043_ (net)
                  0.14    0.00    7.58 v _17105_/A1 (sky130_fd_sc_hd__a21oi_2)
                  0.26    0.22    7.80 ^ _17105_/Y (sky130_fd_sc_hd__a21oi_2)
     5    0.01                           _07153_ (net)
                  0.26    0.00    7.80 ^ _17117_/A (sky130_fd_sc_hd__nand3_2)
                  0.16    0.16    7.97 v _17117_/Y (sky130_fd_sc_hd__nand3_2)
     4    0.01                           _07165_ (net)
                  0.16    0.00    7.97 v _20625_/A (sky130_fd_sc_hd__buf_1)
                  0.33    0.39    8.35 v _20625_/X (sky130_fd_sc_hd__buf_1)
    17    0.06                           _02241_ (net)
                  0.33    0.00    8.35 v _33498_/S (sky130_fd_sc_hd__mux2_1)
                  9.05    6.89   15.25 ^ _33498_/X (sky130_fd_sc_hd__mux2_1)
   256    1.05                           _02684_ (net)
                  9.05    0.00   15.25 ^ _33864_/S0 (sky130_fd_sc_hd__mux4_1)
                  0.14    1.11   16.35 v _33864_/X (sky130_fd_sc_hd__mux4_1)
     1    0.00                           _02696_ (net)
                  0.14    0.00   16.35 v _33867_/A1 (sky130_fd_sc_hd__mux4_1)
                  0.08    0.54   16.89 v _33867_/X (sky130_fd_sc_hd__mux4_1)
     1    0.00                           _02698_ (net)
                  0.08    0.00   16.89 v _32763_/A1 (sky130_fd_sc_hd__mux2_1)
                  0.05    0.30   17.20 v _32763_/X (sky130_fd_sc_hd__mux2_1)
     1    0.00                           VexRiscv.RegFilePlugin_regFile$rdreg[0]$d[0] (net)
                  0.05    0.00   17.20 v _34800_/D (sky130_fd_sc_hd__dfxtp_2)
                                 17.20   data arrival time

                  0.15   25.00   25.00   clock core_clk (rise edge)
                          0.00   25.00   clock network delay (ideal)
                         -0.25   24.75   clock uncertainty
                          0.00   24.75   clock reconvergence pessimism
                                 24.75 ^ _34800_/CLK (sky130_fd_sc_hd__dfxtp_2)
                         -0.09   24.66   library setup time
                                 24.66   data required time
-----------------------------------------------------------------------------
                                 24.66   data required time
                                -17.20   data arrival time
-----------------------------------------------------------------------------
                                  7.46   slack (MET)



===========================================================================
report_checks --slack_max -0.01
============================================================================
No paths found.
