
===========================================================================
 report_check_types -max_slew -max_cap -max_fanout -violators
============================================================================
max fanout

Pin                                   Limit Fanout  Slack
---------------------------------------------------------
BLOCK[0].RAM32.DIBUF[0].__cell__/X       10     32    -22 (VIOLATED)
BLOCK[0].RAM32.DIBUF[10].__cell__/X      10     32    -22 (VIOLATED)
BLOCK[0].RAM32.DIBUF[11].__cell__/X      10     32    -22 (VIOLATED)
BLOCK[0].RAM32.DIBUF[12].__cell__/X      10     32    -22 (VIOLATED)
BLOCK[0].RAM32.DIBUF[13].__cell__/X      10     32    -22 (VIOLATED)
BLOCK[0].RAM32.DIBUF[14].__cell__/X      10     32    -22 (VIOLATED)
BLOCK[0].RAM32.DIBUF[15].__cell__/X      10     32    -22 (VIOLATED)
BLOCK[0].RAM32.DIBUF[16].__cell__/X      10     32    -22 (VIOLATED)
BLOCK[0].RAM32.DIBUF[17].__cell__/X      10     32    -22 (VIOLATED)
BLOCK[0].RAM32.DIBUF[18].__cell__/X      10     32    -22 (VIOLATED)
BLOCK[0].RAM32.DIBUF[19].__cell__/X      10     32    -22 (VIOLATED)
BLOCK[0].RAM32.DIBUF[1].__cell__/X       10     32    -22 (VIOLATED)
BLOCK[0].RAM32.DIBUF[20].__cell__/X      10     32    -22 (VIOLATED)
BLOCK[0].RAM32.DIBUF[21].__cell__/X      10     32    -22 (VIOLATED)
BLOCK[0].RAM32.DIBUF[22].__cell__/X      10     32    -22 (VIOLATED)
BLOCK[0].RAM32.DIBUF[23].__cell__/X      10     32    -22 (VIOLATED)
BLOCK[0].RAM32.DIBUF[24].__cell__/X      10     32    -22 (VIOLATED)
BLOCK[0].RAM32.DIBUF[25].__cell__/X      10     32    -22 (VIOLATED)
BLOCK[0].RAM32.DIBUF[26].__cell__/X      10     32    -22 (VIOLATED)
BLOCK[0].RAM32.DIBUF[27].__cell__/X      10     32    -22 (VIOLATED)
BLOCK[0].RAM32.DIBUF[28].__cell__/X      10     32    -22 (VIOLATED)
BLOCK[0].RAM32.DIBUF[29].__cell__/X      10     32    -22 (VIOLATED)
BLOCK[0].RAM32.DIBUF[2].__cell__/X       10     32    -22 (VIOLATED)
BLOCK[0].RAM32.DIBUF[30].__cell__/X      10     32    -22 (VIOLATED)
BLOCK[0].RAM32.DIBUF[31].__cell__/X      10     32    -22 (VIOLATED)
BLOCK[0].RAM32.DIBUF[3].__cell__/X       10     32    -22 (VIOLATED)
BLOCK[0].RAM32.DIBUF[4].__cell__/X       10     32    -22 (VIOLATED)
BLOCK[0].RAM32.DIBUF[5].__cell__/X       10     32    -22 (VIOLATED)
BLOCK[0].RAM32.DIBUF[6].__cell__/X       10     32    -22 (VIOLATED)
BLOCK[0].RAM32.DIBUF[7].__cell__/X       10     32    -22 (VIOLATED)
BLOCK[0].RAM32.DIBUF[8].__cell__/X       10     32    -22 (VIOLATED)
BLOCK[0].RAM32.DIBUF[9].__cell__/X       10     32    -22 (VIOLATED)
BLOCK[1].RAM32.DIBUF[0].__cell__/X       10     32    -22 (VIOLATED)
BLOCK[1].RAM32.DIBUF[10].__cell__/X      10     32    -22 (VIOLATED)
BLOCK[1].RAM32.DIBUF[11].__cell__/X      10     32    -22 (VIOLATED)
BLOCK[1].RAM32.DIBUF[12].__cell__/X      10     32    -22 (VIOLATED)
BLOCK[1].RAM32.DIBUF[13].__cell__/X      10     32    -22 (VIOLATED)
BLOCK[1].RAM32.DIBUF[14].__cell__/X      10     32    -22 (VIOLATED)
BLOCK[1].RAM32.DIBUF[15].__cell__/X      10     32    -22 (VIOLATED)
BLOCK[1].RAM32.DIBUF[16].__cell__/X      10     32    -22 (VIOLATED)
BLOCK[1].RAM32.DIBUF[17].__cell__/X      10     32    -22 (VIOLATED)
BLOCK[1].RAM32.DIBUF[18].__cell__/X      10     32    -22 (VIOLATED)
BLOCK[1].RAM32.DIBUF[19].__cell__/X      10     32    -22 (VIOLATED)
BLOCK[1].RAM32.DIBUF[1].__cell__/X       10     32    -22 (VIOLATED)
BLOCK[1].RAM32.DIBUF[20].__cell__/X      10     32    -22 (VIOLATED)
BLOCK[1].RAM32.DIBUF[21].__cell__/X      10     32    -22 (VIOLATED)
BLOCK[1].RAM32.DIBUF[22].__cell__/X      10     32    -22 (VIOLATED)
BLOCK[1].RAM32.DIBUF[23].__cell__/X      10     32    -22 (VIOLATED)
BLOCK[1].RAM32.DIBUF[24].__cell__/X      10     32    -22 (VIOLATED)
BLOCK[1].RAM32.DIBUF[25].__cell__/X      10     32    -22 (VIOLATED)
BLOCK[1].RAM32.DIBUF[26].__cell__/X      10     32    -22 (VIOLATED)
BLOCK[1].RAM32.DIBUF[27].__cell__/X      10     32    -22 (VIOLATED)
BLOCK[1].RAM32.DIBUF[28].__cell__/X      10     32    -22 (VIOLATED)
BLOCK[1].RAM32.DIBUF[29].__cell__/X      10     32    -22 (VIOLATED)
BLOCK[1].RAM32.DIBUF[2].__cell__/X       10     32    -22 (VIOLATED)
BLOCK[1].RAM32.DIBUF[30].__cell__/X      10     32    -22 (VIOLATED)
BLOCK[1].RAM32.DIBUF[31].__cell__/X      10     32    -22 (VIOLATED)
BLOCK[1].RAM32.DIBUF[3].__cell__/X       10     32    -22 (VIOLATED)
BLOCK[1].RAM32.DIBUF[4].__cell__/X       10     32    -22 (VIOLATED)
BLOCK[1].RAM32.DIBUF[5].__cell__/X       10     32    -22 (VIOLATED)
BLOCK[1].RAM32.DIBUF[6].__cell__/X       10     32    -22 (VIOLATED)
BLOCK[1].RAM32.DIBUF[7].__cell__/X       10     32    -22 (VIOLATED)
BLOCK[1].RAM32.DIBUF[8].__cell__/X       10     32    -22 (VIOLATED)
BLOCK[1].RAM32.DIBUF[9].__cell__/X       10     32    -22 (VIOLATED)
BLOCK[2].RAM32.DIBUF[0].__cell__/X       10     32    -22 (VIOLATED)
BLOCK[2].RAM32.DIBUF[10].__cell__/X      10     32    -22 (VIOLATED)
BLOCK[2].RAM32.DIBUF[11].__cell__/X      10     32    -22 (VIOLATED)
BLOCK[2].RAM32.DIBUF[12].__cell__/X      10     32    -22 (VIOLATED)
BLOCK[2].RAM32.DIBUF[13].__cell__/X      10     32    -22 (VIOLATED)
BLOCK[2].RAM32.DIBUF[14].__cell__/X      10     32    -22 (VIOLATED)
BLOCK[2].RAM32.DIBUF[15].__cell__/X      10     32    -22 (VIOLATED)
BLOCK[2].RAM32.DIBUF[16].__cell__/X      10     32    -22 (VIOLATED)
BLOCK[2].RAM32.DIBUF[17].__cell__/X      10     32    -22 (VIOLATED)
BLOCK[2].RAM32.DIBUF[18].__cell__/X      10     32    -22 (VIOLATED)
BLOCK[2].RAM32.DIBUF[19].__cell__/X      10     32    -22 (VIOLATED)
BLOCK[2].RAM32.DIBUF[1].__cell__/X       10     32    -22 (VIOLATED)
BLOCK[2].RAM32.DIBUF[20].__cell__/X      10     32    -22 (VIOLATED)
BLOCK[2].RAM32.DIBUF[21].__cell__/X      10     32    -22 (VIOLATED)
BLOCK[2].RAM32.DIBUF[22].__cell__/X      10     32    -22 (VIOLATED)
BLOCK[2].RAM32.DIBUF[23].__cell__/X      10     32    -22 (VIOLATED)
BLOCK[2].RAM32.DIBUF[24].__cell__/X      10     32    -22 (VIOLATED)
BLOCK[2].RAM32.DIBUF[25].__cell__/X      10     32    -22 (VIOLATED)
BLOCK[2].RAM32.DIBUF[26].__cell__/X      10     32    -22 (VIOLATED)
BLOCK[2].RAM32.DIBUF[27].__cell__/X      10     32    -22 (VIOLATED)
BLOCK[2].RAM32.DIBUF[28].__cell__/X      10     32    -22 (VIOLATED)
BLOCK[2].RAM32.DIBUF[29].__cell__/X      10     32    -22 (VIOLATED)
BLOCK[2].RAM32.DIBUF[2].__cell__/X       10     32    -22 (VIOLATED)
BLOCK[2].RAM32.DIBUF[30].__cell__/X      10     32    -22 (VIOLATED)
BLOCK[2].RAM32.DIBUF[31].__cell__/X      10     32    -22 (VIOLATED)
BLOCK[2].RAM32.DIBUF[3].__cell__/X       10     32    -22 (VIOLATED)
BLOCK[2].RAM32.DIBUF[4].__cell__/X       10     32    -22 (VIOLATED)
BLOCK[2].RAM32.DIBUF[5].__cell__/X       10     32    -22 (VIOLATED)
BLOCK[2].RAM32.DIBUF[6].__cell__/X       10     32    -22 (VIOLATED)
BLOCK[2].RAM32.DIBUF[7].__cell__/X       10     32    -22 (VIOLATED)
BLOCK[2].RAM32.DIBUF[8].__cell__/X       10     32    -22 (VIOLATED)
BLOCK[2].RAM32.DIBUF[9].__cell__/X       10     32    -22 (VIOLATED)
BLOCK[3].RAM32.DIBUF[0].__cell__/X       10     32    -22 (VIOLATED)
BLOCK[3].RAM32.DIBUF[10].__cell__/X      10     32    -22 (VIOLATED)
BLOCK[3].RAM32.DIBUF[11].__cell__/X      10     32    -22 (VIOLATED)
BLOCK[3].RAM32.DIBUF[12].__cell__/X      10     32    -22 (VIOLATED)
BLOCK[3].RAM32.DIBUF[13].__cell__/X      10     32    -22 (VIOLATED)
BLOCK[3].RAM32.DIBUF[14].__cell__/X      10     32    -22 (VIOLATED)
BLOCK[3].RAM32.DIBUF[15].__cell__/X      10     32    -22 (VIOLATED)
BLOCK[3].RAM32.DIBUF[16].__cell__/X      10     32    -22 (VIOLATED)
BLOCK[3].RAM32.DIBUF[17].__cell__/X      10     32    -22 (VIOLATED)
BLOCK[3].RAM32.DIBUF[18].__cell__/X      10     32    -22 (VIOLATED)
BLOCK[3].RAM32.DIBUF[19].__cell__/X      10     32    -22 (VIOLATED)
BLOCK[3].RAM32.DIBUF[1].__cell__/X       10     32    -22 (VIOLATED)
BLOCK[3].RAM32.DIBUF[20].__cell__/X      10     32    -22 (VIOLATED)
BLOCK[3].RAM32.DIBUF[21].__cell__/X      10     32    -22 (VIOLATED)
BLOCK[3].RAM32.DIBUF[22].__cell__/X      10     32    -22 (VIOLATED)
BLOCK[3].RAM32.DIBUF[23].__cell__/X      10     32    -22 (VIOLATED)
BLOCK[3].RAM32.DIBUF[24].__cell__/X      10     32    -22 (VIOLATED)
BLOCK[3].RAM32.DIBUF[25].__cell__/X      10     32    -22 (VIOLATED)
BLOCK[3].RAM32.DIBUF[26].__cell__/X      10     32    -22 (VIOLATED)
BLOCK[3].RAM32.DIBUF[27].__cell__/X      10     32    -22 (VIOLATED)
BLOCK[3].RAM32.DIBUF[28].__cell__/X      10     32    -22 (VIOLATED)
BLOCK[3].RAM32.DIBUF[29].__cell__/X      10     32    -22 (VIOLATED)
BLOCK[3].RAM32.DIBUF[2].__cell__/X       10     32    -22 (VIOLATED)
BLOCK[3].RAM32.DIBUF[30].__cell__/X      10     32    -22 (VIOLATED)
BLOCK[3].RAM32.DIBUF[31].__cell__/X      10     32    -22 (VIOLATED)
BLOCK[3].RAM32.DIBUF[3].__cell__/X       10     32    -22 (VIOLATED)
BLOCK[3].RAM32.DIBUF[4].__cell__/X       10     32    -22 (VIOLATED)
BLOCK[3].RAM32.DIBUF[5].__cell__/X       10     32    -22 (VIOLATED)
BLOCK[3].RAM32.DIBUF[6].__cell__/X       10     32    -22 (VIOLATED)
BLOCK[3].RAM32.DIBUF[7].__cell__/X       10     32    -22 (VIOLATED)
BLOCK[3].RAM32.DIBUF[8].__cell__/X       10     32    -22 (VIOLATED)
BLOCK[3].RAM32.DIBUF[9].__cell__/X       10     32    -22 (VIOLATED)


===========================================================================
max slew violation count 0
max fanout violation count 128
max cap violation count 0
============================================================================
