
===========================================================================
report_checks -unconstrained
============================================================================
Startpoint: _38355_ (rising edge-triggered flip-flop clocked by core_clk)
Endpoint: mgmt_soc_dff_A[3] (output port clocked by core_clk)
Path Group: core_clk
Path Type: max

Fanout     Cap    Slew   Delay    Time   Description
-----------------------------------------------------------------------------
                          0.00    0.00   clock core_clk (rise edge)
                          0.00    0.00   clock source latency
                  0.62    0.46    0.46 ^ core_clk (in)
     1    0.08                           core_clk (net)
                  0.62    0.00    0.46 ^ clkbuf_0_core_clk/A (sky130_fd_sc_hd__clkbuf_16)
                  0.06    0.27    0.74 ^ clkbuf_0_core_clk/X (sky130_fd_sc_hd__clkbuf_16)
     2    0.02                           clknet_0_core_clk (net)
                  0.06    0.01    0.75 ^ clkbuf_1_1_0_core_clk/A (sky130_fd_sc_hd__clkbuf_4)
                  0.05    0.14    0.89 ^ clkbuf_1_1_0_core_clk/X (sky130_fd_sc_hd__clkbuf_4)
     1    0.01                           clknet_1_1_0_core_clk (net)
                  0.05    0.00    0.90 ^ clkbuf_1_1_1_core_clk/A (sky130_fd_sc_hd__clkbuf_4)
                  0.05    0.14    1.04 ^ clkbuf_1_1_1_core_clk/X (sky130_fd_sc_hd__clkbuf_4)
     1    0.01                           clknet_1_1_1_core_clk (net)
                  0.05    0.00    1.04 ^ clkbuf_1_1_2_core_clk/A (sky130_fd_sc_hd__clkbuf_4)
                  0.05    0.14    1.18 ^ clkbuf_1_1_2_core_clk/X (sky130_fd_sc_hd__clkbuf_4)
     1    0.01                           clknet_1_1_2_core_clk (net)
                  0.05    0.00    1.18 ^ clkbuf_1_1_3_core_clk/A (sky130_fd_sc_hd__clkbuf_4)
                  0.05    0.14    1.32 ^ clkbuf_1_1_3_core_clk/X (sky130_fd_sc_hd__clkbuf_4)
     1    0.01                           clknet_1_1_3_core_clk (net)
                  0.05    0.00    1.33 ^ clkbuf_1_1_4_core_clk/A (sky130_fd_sc_hd__clkbuf_4)
                  0.18    0.24    1.57 ^ clkbuf_1_1_4_core_clk/X (sky130_fd_sc_hd__clkbuf_4)
     2    0.06                           clknet_1_1_4_core_clk (net)
                  0.18    0.02    1.59 ^ clkbuf_2_3_0_core_clk/A (sky130_fd_sc_hd__clkbuf_4)
                  0.05    0.19    1.77 ^ clkbuf_2_3_0_core_clk/X (sky130_fd_sc_hd__clkbuf_4)
     1    0.01                           clknet_2_3_0_core_clk (net)
                  0.05    0.00    1.78 ^ clkbuf_2_3_1_core_clk/A (sky130_fd_sc_hd__clkbuf_4)
                  0.14    0.21    1.99 ^ clkbuf_2_3_1_core_clk/X (sky130_fd_sc_hd__clkbuf_4)
     2    0.04                           clknet_2_3_1_core_clk (net)
                  0.14    0.01    2.00 ^ clkbuf_3_6_0_core_clk/A (sky130_fd_sc_hd__clkbuf_4)
                  0.05    0.17    2.17 ^ clkbuf_3_6_0_core_clk/X (sky130_fd_sc_hd__clkbuf_4)
     1    0.01                           clknet_3_6_0_core_clk (net)
                  0.05    0.01    2.18 ^ clkbuf_3_6_1_core_clk/A (sky130_fd_sc_hd__clkbuf_4)
                  0.04    0.13    2.31 ^ clkbuf_3_6_1_core_clk/X (sky130_fd_sc_hd__clkbuf_4)
     1    0.01                           clknet_3_6_1_core_clk (net)
                  0.04    0.00    2.32 ^ clkbuf_3_6_2_core_clk/A (sky130_fd_sc_hd__clkbuf_4)
                  0.11    0.18    2.50 ^ clkbuf_3_6_2_core_clk/X (sky130_fd_sc_hd__clkbuf_4)
     2    0.03                           clknet_3_6_2_core_clk (net)
                  0.11    0.02    2.51 ^ clkbuf_4_12_0_core_clk/A (sky130_fd_sc_hd__clkbuf_4)
                  0.08    0.19    2.71 ^ clkbuf_4_12_0_core_clk/X (sky130_fd_sc_hd__clkbuf_4)
     2    0.02                           clknet_4_12_0_core_clk (net)
                  0.09    0.01    2.71 ^ clkbuf_5_24_0_core_clk/A (sky130_fd_sc_hd__clkbuf_4)
                  0.04    0.15    2.86 ^ clkbuf_5_24_0_core_clk/X (sky130_fd_sc_hd__clkbuf_4)
     1    0.01                           clknet_5_24_0_core_clk (net)
                  0.04    0.00    2.86 ^ clkbuf_5_24_1_core_clk/A (sky130_fd_sc_hd__clkbuf_4)
                  0.73    0.55    3.41 ^ clkbuf_5_24_1_core_clk/X (sky130_fd_sc_hd__clkbuf_4)
    17    0.25                           clknet_5_24_1_core_clk (net)
                  0.76    0.12    3.53 ^ clkbuf_leaf_244_core_clk/A (sky130_fd_sc_hd__clkbuf_16)
                  0.07    0.30    3.83 ^ clkbuf_leaf_244_core_clk/X (sky130_fd_sc_hd__clkbuf_16)
     7    0.03                           clknet_leaf_244_core_clk (net)
                  0.08    0.02    3.85 ^ _38355_/CLK (sky130_fd_sc_hd__dfxtp_2)
                  0.17    0.43    4.28 ^ _38355_/Q (sky130_fd_sc_hd__dfxtp_2)
     7    0.03                           grant[1] (net)
                  0.17    0.02    4.30 ^ _16979_/A_N (sky130_fd_sc_hd__and2b_1)
                  0.07    0.24    4.54 v _16979_/X (sky130_fd_sc_hd__and2b_1)
     1    0.01                           _07039_ (net)
                  0.07    0.00    4.54 v _16980_/A (sky130_fd_sc_hd__buf_12)
                  0.06    0.15    4.70 v _16980_/X (sky130_fd_sc_hd__buf_12)
     7    0.11                           _07040_ (net)
                  0.13    0.06    4.75 v _30651_/A (sky130_fd_sc_hd__buf_12)
                  0.13    0.19    4.95 v _30651_/X (sky130_fd_sc_hd__buf_12)
    39    0.40                           _02059_ (net)
                  0.47    0.24    5.18 v _31545_/B (sky130_fd_sc_hd__nor2_8)
                  1.25    0.94    6.13 ^ _31545_/Y (sky130_fd_sc_hd__nor2_8)
    32    0.35                           _02060_ (net)
                  1.33    0.25    6.38 ^ _33553_/S (sky130_fd_sc_hd__mux2_8)
                  0.21    0.61    7.00 v _33553_/X (sky130_fd_sc_hd__mux2_8)
    24    0.29                           _02137_ (net)
                  0.28    0.08    7.08 v _17322_/A (sky130_fd_sc_hd__inv_2)
                  0.06    0.11    7.19 ^ _17322_/Y (sky130_fd_sc_hd__inv_2)
     1    0.00                           net639 (net)
                  0.06    0.00    7.19 ^ repeater1633/A (sky130_fd_sc_hd__clkbuf_1)
                  0.06    0.10    7.29 ^ repeater1633/X (sky130_fd_sc_hd__clkbuf_1)
     1    0.00                           net1633 (net)
                  0.06    0.00    7.29 ^ repeater1632/A (sky130_fd_sc_hd__clkbuf_1)
                  0.06    0.10    7.39 ^ repeater1632/X (sky130_fd_sc_hd__clkbuf_1)
     1    0.00                           net1632 (net)
                  0.06    0.00    7.39 ^ repeater1631/A (sky130_fd_sc_hd__clkbuf_1)
                  0.07    0.11    7.51 ^ repeater1631/X (sky130_fd_sc_hd__clkbuf_1)
     1    0.01                           net1631 (net)
                  0.07    0.00    7.51 ^ repeater1630/A (sky130_fd_sc_hd__clkbuf_1)
                  0.07    0.11    7.62 ^ repeater1630/X (sky130_fd_sc_hd__clkbuf_1)
     1    0.01                           net1630 (net)
                  0.07    0.00    7.62 ^ repeater1629/A (sky130_fd_sc_hd__clkbuf_1)
                  0.07    0.11    7.73 ^ repeater1629/X (sky130_fd_sc_hd__clkbuf_1)
     1    0.01                           net1629 (net)
                  0.07    0.00    7.74 ^ repeater1628/A (sky130_fd_sc_hd__clkbuf_1)
                  0.05    0.09    7.83 ^ repeater1628/X (sky130_fd_sc_hd__clkbuf_1)
     1    0.00                           net1628 (net)
                  0.05    0.00    7.83 ^ repeater1627/A (sky130_fd_sc_hd__clkbuf_1)
                  0.06    0.10    7.93 ^ repeater1627/X (sky130_fd_sc_hd__clkbuf_1)
     1    0.00                           net1627 (net)
                  0.06    0.00    7.93 ^ repeater1626/A (sky130_fd_sc_hd__clkbuf_1)
                  0.06    0.10    8.03 ^ repeater1626/X (sky130_fd_sc_hd__clkbuf_1)
     1    0.00                           net1626 (net)
                  0.06    0.00    8.03 ^ repeater1625/A (sky130_fd_sc_hd__clkbuf_1)
                  0.05    0.09    8.12 ^ repeater1625/X (sky130_fd_sc_hd__clkbuf_1)
     1    0.00                           net1625 (net)
                  0.05    0.00    8.12 ^ repeater1624/A (sky130_fd_sc_hd__clkbuf_1)
                  0.06    0.09    8.22 ^ repeater1624/X (sky130_fd_sc_hd__clkbuf_1)
     1    0.00                           net1624 (net)
                  0.06    0.00    8.22 ^ repeater1623/A (sky130_fd_sc_hd__clkbuf_1)
                  0.06    0.10    8.32 ^ repeater1623/X (sky130_fd_sc_hd__clkbuf_1)
     1    0.00                           net1623 (net)
                  0.06    0.00    8.32 ^ repeater1622/A (sky130_fd_sc_hd__clkbuf_1)
                  0.06    0.10    8.42 ^ repeater1622/X (sky130_fd_sc_hd__clkbuf_1)
     1    0.00                           net1622 (net)
                  0.06    0.00    8.42 ^ repeater1621/A (sky130_fd_sc_hd__clkbuf_1)
                  0.06    0.10    8.52 ^ repeater1621/X (sky130_fd_sc_hd__clkbuf_1)
     1    0.00                           net1621 (net)
                  0.06    0.00    8.52 ^ repeater1620/A (sky130_fd_sc_hd__clkbuf_1)
                  0.06    0.10    8.62 ^ repeater1620/X (sky130_fd_sc_hd__clkbuf_1)
     1    0.00                           net1620 (net)
                  0.06    0.00    8.63 ^ repeater1619/A (sky130_fd_sc_hd__clkbuf_1)
                  0.11    0.14    8.76 ^ repeater1619/X (sky130_fd_sc_hd__clkbuf_1)
     2    0.01                           net1619 (net)
                  0.11    0.00    8.77 ^ repeater1618/A (sky130_fd_sc_hd__clkbuf_1)
                  0.12    0.15    8.92 ^ repeater1618/X (sky130_fd_sc_hd__clkbuf_1)
     1    0.01                           net1618 (net)
                  0.12    0.00    8.92 ^ repeater1605/A (sky130_fd_sc_hd__clkbuf_1)
                  0.11    0.15    9.08 ^ repeater1605/X (sky130_fd_sc_hd__clkbuf_1)
     1    0.01                           net1605 (net)
                  0.11    0.00    9.08 ^ repeater1604/A (sky130_fd_sc_hd__clkbuf_1)
                  0.13    0.17    9.25 ^ repeater1604/X (sky130_fd_sc_hd__clkbuf_1)
     1    0.01                           net1604 (net)
                  0.13    0.00    9.25 ^ repeater1603/A (sky130_fd_sc_hd__clkbuf_1)
                  0.14    0.18    9.43 ^ repeater1603/X (sky130_fd_sc_hd__clkbuf_1)
     1    0.01                           net1603 (net)
                  0.14    0.00    9.44 ^ repeater1602/A (sky130_fd_sc_hd__clkbuf_1)
                  0.13    0.17    9.60 ^ repeater1602/X (sky130_fd_sc_hd__clkbuf_1)
     1    0.01                           net1602 (net)
                  0.13    0.01    9.61 ^ repeater1601/A (sky130_fd_sc_hd__clkbuf_1)
                  0.13    0.17    9.78 ^ repeater1601/X (sky130_fd_sc_hd__clkbuf_1)
     1    0.01                           net1601 (net)
                  0.13    0.00    9.79 ^ repeater1600/A (sky130_fd_sc_hd__clkbuf_1)
                  0.13    0.17    9.96 ^ repeater1600/X (sky130_fd_sc_hd__clkbuf_1)
     2    0.01                           net1600 (net)
                  0.13    0.00    9.96 ^ repeater1599/A (sky130_fd_sc_hd__clkbuf_1)
                  0.05    0.11   10.07 ^ repeater1599/X (sky130_fd_sc_hd__clkbuf_1)
     1    0.00                           net1599 (net)
                  0.05    0.00   10.08 ^ repeater1598/A (sky130_fd_sc_hd__clkbuf_1)
                  0.08    0.11   10.19 ^ repeater1598/X (sky130_fd_sc_hd__clkbuf_1)
     1    0.01                           net1598 (net)
                  0.08    0.00   10.19 ^ repeater1597/A (sky130_fd_sc_hd__clkbuf_1)
                  0.10    0.13   10.32 ^ repeater1597/X (sky130_fd_sc_hd__clkbuf_1)
     1    0.01                           net1597 (net)
                  0.10    0.00   10.33 ^ repeater1596/A (sky130_fd_sc_hd__clkbuf_1)
                  0.08    0.13   10.45 ^ repeater1596/X (sky130_fd_sc_hd__clkbuf_1)
     1    0.01                           net1596 (net)
                  0.08    0.00   10.46 ^ repeater1595/A (sky130_fd_sc_hd__clkbuf_1)
                  0.08    0.12   10.58 ^ repeater1595/X (sky130_fd_sc_hd__clkbuf_1)
     1    0.01                           net1595 (net)
                  0.08    0.00   10.58 ^ repeater1594/A (sky130_fd_sc_hd__clkbuf_1)
                  0.09    0.13   10.71 ^ repeater1594/X (sky130_fd_sc_hd__clkbuf_1)
     1    0.01                           net1594 (net)
                  0.09    0.00   10.72 ^ repeater1593/A (sky130_fd_sc_hd__clkbuf_1)
                  0.08    0.12   10.84 ^ repeater1593/X (sky130_fd_sc_hd__clkbuf_1)
     1    0.01                           net1593 (net)
                  0.08    0.00   10.84 ^ repeater1592/A (sky130_fd_sc_hd__clkbuf_1)
                  0.08    0.12   10.96 ^ repeater1592/X (sky130_fd_sc_hd__clkbuf_1)
     2    0.01                           net1592 (net)
                  0.08    0.00   10.97 ^ repeater1591/A (sky130_fd_sc_hd__clkbuf_1)
                  0.05    0.10   11.06 ^ repeater1591/X (sky130_fd_sc_hd__clkbuf_1)
     1    0.00                           net1591 (net)
                  0.05    0.00   11.06 ^ repeater1590/A (sky130_fd_sc_hd__clkbuf_1)
                  0.08    0.11   11.17 ^ repeater1590/X (sky130_fd_sc_hd__clkbuf_1)
     1    0.01                           net1590 (net)
                  0.08    0.00   11.17 ^ repeater1589/A (sky130_fd_sc_hd__clkbuf_1)
                  0.05    0.09   11.27 ^ repeater1589/X (sky130_fd_sc_hd__clkbuf_1)
     1    0.00                           net1589 (net)
                  0.05    0.00   11.27 ^ repeater1588/A (sky130_fd_sc_hd__clkbuf_1)
                  0.07    0.10   11.37 ^ repeater1588/X (sky130_fd_sc_hd__clkbuf_1)
     1    0.00                           net1588 (net)
                  0.07    0.00   11.37 ^ repeater1587/A (sky130_fd_sc_hd__clkbuf_1)
                  0.06    0.10   11.48 ^ repeater1587/X (sky130_fd_sc_hd__clkbuf_1)
     1    0.00                           net1587 (net)
                  0.06    0.00   11.48 ^ repeater1586/A (sky130_fd_sc_hd__clkbuf_1)
                  0.06    0.10   11.58 ^ repeater1586/X (sky130_fd_sc_hd__clkbuf_1)
     1    0.00                           net1586 (net)
                  0.06    0.00   11.58 ^ repeater1585/A (sky130_fd_sc_hd__clkbuf_1)
                  0.04    0.09   11.67 ^ repeater1585/X (sky130_fd_sc_hd__clkbuf_1)
     1    0.00                           net1585 (net)
                  0.04    0.00   11.67 ^ repeater1584/A (sky130_fd_sc_hd__clkbuf_1)
                  0.05    0.09   11.76 ^ repeater1584/X (sky130_fd_sc_hd__clkbuf_1)
     1    0.00                           net1584 (net)
                  0.05    0.00   11.76 ^ repeater1583/A (sky130_fd_sc_hd__clkbuf_1)
                  0.06    0.10   11.86 ^ repeater1583/X (sky130_fd_sc_hd__clkbuf_1)
     1    0.00                           net1583 (net)
                  0.06    0.00   11.87 ^ repeater1582/A (sky130_fd_sc_hd__clkbuf_1)
                  0.06    0.10   11.97 ^ repeater1582/X (sky130_fd_sc_hd__clkbuf_1)
     1    0.00                           net1582 (net)
                  0.06    0.00   11.97 ^ repeater1581/A (sky130_fd_sc_hd__clkbuf_1)
                  0.07    0.11   12.08 ^ repeater1581/X (sky130_fd_sc_hd__clkbuf_1)
     1    0.00                           net1581 (net)
                  0.07    0.00   12.08 ^ repeater1580/A (sky130_fd_sc_hd__clkbuf_1)
                  0.05    0.10   12.18 ^ repeater1580/X (sky130_fd_sc_hd__clkbuf_1)
     1    0.00                           net1580 (net)
                  0.05    0.00   12.18 ^ repeater1579/A (sky130_fd_sc_hd__clkbuf_1)
                  0.05    0.09   12.26 ^ repeater1579/X (sky130_fd_sc_hd__clkbuf_1)
     1    0.00                           net1579 (net)
                  0.05    0.00   12.27 ^ repeater1578/A (sky130_fd_sc_hd__clkbuf_1)
                  0.05    0.09   12.35 ^ repeater1578/X (sky130_fd_sc_hd__clkbuf_1)
     1    0.00                           net1578 (net)
                  0.05    0.00   12.35 ^ repeater1577/A (sky130_fd_sc_hd__clkbuf_1)
                  0.05    0.09   12.44 ^ repeater1577/X (sky130_fd_sc_hd__clkbuf_1)
     1    0.00                           net1577 (net)
                  0.05    0.00   12.45 ^ repeater1576/A (sky130_fd_sc_hd__clkbuf_1)
                  0.07    0.10   12.55 ^ repeater1576/X (sky130_fd_sc_hd__clkbuf_1)
     1    0.00                           net1576 (net)
                  0.07    0.00   12.55 ^ repeater1575/A (sky130_fd_sc_hd__clkbuf_1)
                  0.06    0.10   12.66 ^ repeater1575/X (sky130_fd_sc_hd__clkbuf_1)
     1    0.00                           net1575 (net)
                  0.06    0.00   12.66 ^ repeater1574/A (sky130_fd_sc_hd__clkbuf_1)
                  0.06    0.10   12.76 ^ repeater1574/X (sky130_fd_sc_hd__clkbuf_1)
     1    0.00                           net1574 (net)
                  0.06    0.00   12.77 ^ repeater1573/A (sky130_fd_sc_hd__clkbuf_1)
                  0.06    0.10   12.87 ^ repeater1573/X (sky130_fd_sc_hd__clkbuf_1)
     1    0.00                           net1573 (net)
                  0.06    0.00   12.87 ^ repeater1572/A (sky130_fd_sc_hd__clkbuf_1)
                  0.06    0.10   12.97 ^ repeater1572/X (sky130_fd_sc_hd__clkbuf_1)
     1    0.00                           net1572 (net)
                  0.06    0.00   12.97 ^ repeater1571/A (sky130_fd_sc_hd__clkbuf_1)
                  0.05    0.10   13.06 ^ repeater1571/X (sky130_fd_sc_hd__clkbuf_1)
     1    0.00                           net1571 (net)
                  0.05    0.00   13.06 ^ repeater1570/A (sky130_fd_sc_hd__clkbuf_1)
                  0.06    0.10   13.16 ^ repeater1570/X (sky130_fd_sc_hd__clkbuf_1)
     1    0.00                           net1570 (net)
                  0.06    0.00   13.16 ^ repeater1569/A (sky130_fd_sc_hd__clkbuf_1)
                  0.05    0.09   13.25 ^ repeater1569/X (sky130_fd_sc_hd__clkbuf_1)
     1    0.00                           net1569 (net)
                  0.05    0.00   13.25 ^ repeater1568/A (sky130_fd_sc_hd__clkbuf_1)
                  0.05    0.09   13.34 ^ repeater1568/X (sky130_fd_sc_hd__clkbuf_1)
     1    0.00                           net1568 (net)
                  0.05    0.00   13.34 ^ repeater1567/A (sky130_fd_sc_hd__clkbuf_1)
                  0.07    0.10   13.44 ^ repeater1567/X (sky130_fd_sc_hd__clkbuf_1)
     1    0.00                           net1567 (net)
                  0.07    0.00   13.44 ^ repeater1566/A (sky130_fd_sc_hd__clkbuf_1)
                  0.07    0.11   13.55 ^ repeater1566/X (sky130_fd_sc_hd__clkbuf_1)
     1    0.00                           net1566 (net)
                  0.07    0.00   13.55 ^ repeater1565/A (sky130_fd_sc_hd__clkbuf_1)
                  0.06    0.10   13.65 ^ repeater1565/X (sky130_fd_sc_hd__clkbuf_1)
     1    0.00                           net1565 (net)
                  0.06    0.00   13.66 ^ repeater1564/A (sky130_fd_sc_hd__clkbuf_1)
                  0.04    0.09   13.74 ^ repeater1564/X (sky130_fd_sc_hd__clkbuf_1)
     1    0.00                           net1564 (net)
                  0.04    0.00   13.74 ^ repeater1563/A (sky130_fd_sc_hd__clkbuf_1)
                  0.05    0.09   13.83 ^ repeater1563/X (sky130_fd_sc_hd__clkbuf_1)
     1    0.00                           net1563 (net)
                  0.05    0.00   13.83 ^ repeater1562/A (sky130_fd_sc_hd__clkbuf_1)
                  0.05    0.09   13.92 ^ repeater1562/X (sky130_fd_sc_hd__clkbuf_1)
     1    0.00                           net1562 (net)
                  0.05    0.00   13.92 ^ repeater1561/A (sky130_fd_sc_hd__clkbuf_1)
                  0.06    0.10   14.02 ^ repeater1561/X (sky130_fd_sc_hd__clkbuf_1)
     1    0.00                           net1561 (net)
                  0.06    0.00   14.02 ^ repeater1560/A (sky130_fd_sc_hd__clkbuf_1)
                  0.10    0.13   14.15 ^ repeater1560/X (sky130_fd_sc_hd__clkbuf_1)
     2    0.01                           net1560 (net)
                  0.10    0.00   14.16 ^ repeater1559/A (sky130_fd_sc_hd__clkbuf_1)
                  0.08    0.12   14.28 ^ repeater1559/X (sky130_fd_sc_hd__clkbuf_1)
     1    0.01                           net1559 (net)
                  0.08    0.00   14.28 ^ repeater1558/A (sky130_fd_sc_hd__clkbuf_1)
                  0.05    0.10   14.38 ^ repeater1558/X (sky130_fd_sc_hd__clkbuf_1)
     1    0.00                           net1558 (net)
                  0.05    0.00   14.38 ^ repeater1557/A (sky130_fd_sc_hd__clkbuf_1)
                  0.05    0.09   14.48 ^ repeater1557/X (sky130_fd_sc_hd__clkbuf_1)
     1    0.00                           net1557 (net)
                  0.05    0.00   14.48 ^ repeater1556/A (sky130_fd_sc_hd__clkbuf_1)
                  0.07    0.11   14.58 ^ repeater1556/X (sky130_fd_sc_hd__clkbuf_1)
     1    0.01                           net1556 (net)
                  0.07    0.00   14.58 ^ repeater1555/A (sky130_fd_sc_hd__clkbuf_1)
                  0.06    0.10   14.69 ^ repeater1555/X (sky130_fd_sc_hd__clkbuf_1)
     1    0.00                           net1555 (net)
                  0.06    0.00   14.69 ^ repeater1554/A (sky130_fd_sc_hd__clkbuf_1)
                  0.05    0.09   14.78 ^ repeater1554/X (sky130_fd_sc_hd__clkbuf_1)
     1    0.00                           net1554 (net)
                  0.05    0.00   14.78 ^ repeater1553/A (sky130_fd_sc_hd__clkbuf_1)
                  0.05    0.09   14.87 ^ repeater1553/X (sky130_fd_sc_hd__clkbuf_1)
     1    0.00                           net1553 (net)
                  0.05    0.00   14.87 ^ repeater1552/A (sky130_fd_sc_hd__clkbuf_1)
                  0.05    0.09   14.96 ^ repeater1552/X (sky130_fd_sc_hd__clkbuf_1)
     1    0.00                           net1552 (net)
                  0.05    0.00   14.96 ^ repeater1551/A (sky130_fd_sc_hd__clkbuf_1)
                  0.10    0.13   15.08 ^ repeater1551/X (sky130_fd_sc_hd__clkbuf_1)
     2    0.01                           net1551 (net)
                  0.10    0.00   15.09 ^ repeater1550/A (sky130_fd_sc_hd__clkbuf_1)
                  0.13    0.16   15.25 ^ repeater1550/X (sky130_fd_sc_hd__clkbuf_1)
     1    0.01                           net1550 (net)
                  0.13    0.00   15.25 ^ repeater1549/A (sky130_fd_sc_hd__clkbuf_2)
                  0.13    0.20   15.46 ^ repeater1549/X (sky130_fd_sc_hd__clkbuf_2)
     1    0.02                           net1549 (net)
                  0.14    0.01   15.47 ^ repeater1548/A (sky130_fd_sc_hd__clkbuf_2)
                  0.13    0.20   15.67 ^ repeater1548/X (sky130_fd_sc_hd__clkbuf_2)
     1    0.02                           net1548 (net)
                  0.13    0.01   15.68 ^ repeater1547/A (sky130_fd_sc_hd__clkbuf_2)
                  0.12    0.19   15.87 ^ repeater1547/X (sky130_fd_sc_hd__clkbuf_2)
     1    0.02                           net1547 (net)
                  0.12    0.01   15.88 ^ repeater1546/A (sky130_fd_sc_hd__clkbuf_2)
                  0.15    0.21   16.09 ^ repeater1546/X (sky130_fd_sc_hd__clkbuf_2)
     1    0.03                           net1546 (net)
                  0.15    0.02   16.11 ^ repeater1545/A (sky130_fd_sc_hd__clkbuf_2)
                  0.12    0.20   16.30 ^ repeater1545/X (sky130_fd_sc_hd__clkbuf_2)
     1    0.02                           net1545 (net)
                  0.12    0.01   16.31 ^ repeater1544/A (sky130_fd_sc_hd__clkbuf_2)
                  0.12    0.19   16.50 ^ repeater1544/X (sky130_fd_sc_hd__clkbuf_2)
     1    0.02                           net1544 (net)
                  0.12    0.00   16.51 ^ repeater1543/A (sky130_fd_sc_hd__clkbuf_2)
                  0.12    0.20   16.71 ^ repeater1543/X (sky130_fd_sc_hd__clkbuf_2)
     1    0.02                           net1543 (net)
                  0.12    0.01   16.71 ^ repeater1542/A (sky130_fd_sc_hd__clkbuf_2)
                  0.30    0.32   17.03 ^ repeater1542/X (sky130_fd_sc_hd__clkbuf_2)
     1    0.06                           net1542 (net)
                  0.30    0.01   17.05 ^ repeater1541/A (sky130_fd_sc_hd__clkbuf_2)
                  0.06    0.19   17.24 ^ repeater1541/X (sky130_fd_sc_hd__clkbuf_2)
     2    0.01                           net1541 (net)
                  0.06    0.00   17.24 ^ repeater1540/A (sky130_fd_sc_hd__clkbuf_1)
                  0.07    0.11   17.35 ^ repeater1540/X (sky130_fd_sc_hd__clkbuf_1)
     1    0.01                           net1540 (net)
                  0.07    0.00   17.36 ^ repeater1539/A (sky130_fd_sc_hd__clkbuf_1)
                  0.06    0.11   17.46 ^ repeater1539/X (sky130_fd_sc_hd__clkbuf_1)
     1    0.00                           net1539 (net)
                  0.06    0.00   17.46 ^ repeater1538/A (sky130_fd_sc_hd__clkbuf_1)
                  0.06    0.10   17.57 ^ repeater1538/X (sky130_fd_sc_hd__clkbuf_1)
     1    0.00                           net1538 (net)
                  0.06    0.00   17.57 ^ repeater1537/A (sky130_fd_sc_hd__clkbuf_1)
                  0.05    0.09   17.66 ^ repeater1537/X (sky130_fd_sc_hd__clkbuf_1)
     1    0.00                           net1537 (net)
                  0.05    0.00   17.66 ^ repeater1536/A (sky130_fd_sc_hd__clkbuf_1)
                  0.05    0.09   17.75 ^ repeater1536/X (sky130_fd_sc_hd__clkbuf_1)
     1    0.00                           net1536 (net)
                  0.05    0.00   17.75 ^ repeater1535/A (sky130_fd_sc_hd__clkbuf_1)
                  0.06    0.10   17.85 ^ repeater1535/X (sky130_fd_sc_hd__clkbuf_1)
     1    0.00                           net1535 (net)
                  0.06    0.00   17.85 ^ repeater1534/A (sky130_fd_sc_hd__clkbuf_1)
                  0.05    0.09   17.94 ^ repeater1534/X (sky130_fd_sc_hd__clkbuf_1)
     1    0.00                           net1534 (net)
                  0.05    0.00   17.94 ^ repeater1533/A (sky130_fd_sc_hd__clkbuf_1)
                  0.06    0.10   18.04 ^ repeater1533/X (sky130_fd_sc_hd__clkbuf_1)
     1    0.00                           net1533 (net)
                  0.07    0.00   18.04 ^ repeater1532/A (sky130_fd_sc_hd__clkbuf_1)
                  0.06    0.10   18.14 ^ repeater1532/X (sky130_fd_sc_hd__clkbuf_1)
     1    0.00                           net1532 (net)
                  0.06    0.00   18.14 ^ repeater1531/A (sky130_fd_sc_hd__clkbuf_1)
                  0.07    0.11   18.25 ^ repeater1531/X (sky130_fd_sc_hd__clkbuf_1)
     1    0.01                           net1531 (net)
                  0.07    0.00   18.26 ^ repeater1530/A (sky130_fd_sc_hd__clkbuf_1)
                  0.06    0.10   18.36 ^ repeater1530/X (sky130_fd_sc_hd__clkbuf_1)
     1    0.00                           net1530 (net)
                  0.06    0.00   18.36 ^ repeater1529/A (sky130_fd_sc_hd__clkbuf_1)
                  0.04    0.09   18.45 ^ repeater1529/X (sky130_fd_sc_hd__clkbuf_1)
     1    0.00                           net1529 (net)
                  0.04    0.00   18.45 ^ repeater1528/A (sky130_fd_sc_hd__clkbuf_1)
                  0.07    0.10   18.55 ^ repeater1528/X (sky130_fd_sc_hd__clkbuf_1)
     1    0.00                           net1528 (net)
                  0.07    0.00   18.55 ^ repeater1527/A (sky130_fd_sc_hd__clkbuf_1)
                  0.06    0.10   18.66 ^ repeater1527/X (sky130_fd_sc_hd__clkbuf_1)
     1    0.00                           net1527 (net)
                  0.06    0.00   18.66 ^ repeater1526/A (sky130_fd_sc_hd__clkbuf_1)
                  0.05    0.09   18.75 ^ repeater1526/X (sky130_fd_sc_hd__clkbuf_1)
     1    0.00                           net1526 (net)
                  0.05    0.00   18.75 ^ repeater1525/A (sky130_fd_sc_hd__clkbuf_1)
                  0.07    0.11   18.86 ^ repeater1525/X (sky130_fd_sc_hd__clkbuf_1)
     1    0.01                           net1525 (net)
                  0.07    0.00   18.86 ^ repeater1524/A (sky130_fd_sc_hd__clkbuf_1)
                  0.05    0.10   18.96 ^ repeater1524/X (sky130_fd_sc_hd__clkbuf_1)
     1    0.00                           net1524 (net)
                  0.05    0.00   18.96 ^ repeater1523/A (sky130_fd_sc_hd__clkbuf_1)
                  0.06    0.10   19.06 ^ repeater1523/X (sky130_fd_sc_hd__clkbuf_1)
     1    0.00                           net1523 (net)
                  0.06    0.00   19.06 ^ output639/A (sky130_fd_sc_hd__clkbuf_4)
                  0.12    0.20   19.27 ^ output639/X (sky130_fd_sc_hd__clkbuf_4)
     1    0.03                           mgmt_soc_dff_A[3] (net)
                  0.12    0.01   19.27 ^ mgmt_soc_dff_A[3] (out)
                                 19.27   data arrival time

                         25.00   25.00   clock core_clk (rise edge)
                          0.00   25.00   clock network delay (propagated)
                         -0.25   24.75   clock uncertainty
                          0.00   24.75   clock reconvergence pessimism
                         -5.00   19.75   output external delay
                                 19.75   data required time
-----------------------------------------------------------------------------
                                 19.75   data required time
                                -19.27   data arrival time
-----------------------------------------------------------------------------
                                  0.48   slack (MET)



===========================================================================
report_checks --slack_max -0.01
============================================================================
No paths found.
