
===========================================================================
 report_check_types -max_slew -max_cap -max_fanout -violators
============================================================================
max slew

Pin                                    Limit    Slew   Slack
------------------------------------------------------------
sky130_sram_2kbyte_1rw1r_32x512_8/wmask0[3]    0.04    0.18   -0.14 (VIOLATED)
sky130_sram_2kbyte_1rw1r_32x512_8/wmask0[2]    0.04    0.18   -0.14 (VIOLATED)
sky130_sram_2kbyte_1rw1r_32x512_8/addr0[6]    0.04    0.18   -0.14 (VIOLATED)
sky130_sram_2kbyte_1rw1r_32x512_8/addr0[3]    0.04    0.17   -0.13 (VIOLATED)
sky130_sram_2kbyte_1rw1r_32x512_8/wmask0[0]    0.04    0.17   -0.13 (VIOLATED)
sky130_sram_2kbyte_1rw1r_32x512_8/addr0[2]    0.04    0.17   -0.13 (VIOLATED)
sky130_sram_2kbyte_1rw1r_32x512_8/addr0[4]    0.04    0.16   -0.12 (VIOLATED)
sky130_sram_2kbyte_1rw1r_32x512_8/addr0[0]    0.04    0.16   -0.12 (VIOLATED)
sky130_sram_2kbyte_1rw1r_32x512_8/addr0[5]    0.04    0.16   -0.12 (VIOLATED)
sky130_sram_2kbyte_1rw1r_32x512_8/wmask0[1]    0.04    0.16   -0.12 (VIOLATED)
sky130_sram_2kbyte_1rw1r_32x512_8/addr0[1]    0.04    0.16   -0.12 (VIOLATED)
sky130_sram_2kbyte_1rw1r_32x512_8/addr0[7]    0.04    0.16   -0.12 (VIOLATED)
_22225_/B                               1.50    1.57   -0.07 (VIOLATED)
_22229_/B                               1.50    1.57   -0.07 (VIOLATED)
_22219_/B                               1.50    1.57   -0.07 (VIOLATED)
_22209_/B                               1.50    1.57   -0.07 (VIOLATED)
_22213_/B                               1.50    1.57   -0.07 (VIOLATED)
_22211_/B                               1.50    1.57   -0.07 (VIOLATED)
_22207_/B                               1.50    1.57   -0.07 (VIOLATED)
_22215_/B                               1.50    1.57   -0.07 (VIOLATED)
_22235_/B                               1.50    1.57   -0.07 (VIOLATED)
_22240_/B1_N                            1.50    1.57   -0.07 (VIOLATED)
_22141_/C                               1.50    1.57   -0.07 (VIOLATED)
_19544_/A                               1.50    1.56   -0.06 (VIOLATED)
_22190_/B1                              1.50    1.56   -0.06 (VIOLATED)
_17904_/B                               1.50    1.56   -0.06 (VIOLATED)
_17295_/A                               1.50    1.56   -0.06 (VIOLATED)
sky130_sram_2kbyte_1rw1r_32x512_8/addr0[8]    0.04    0.10   -0.06 (VIOLATED)
_25410_/S                               1.50    1.50   -0.00 (VIOLATED)
_25404_/S                               1.50    1.50   -0.00 (VIOLATED)
_25402_/S                               1.50    1.50   -0.00 (VIOLATED)
_25400_/S                               1.50    1.50   -0.00 (VIOLATED)
_25406_/S                               1.50    1.50   -0.00 (VIOLATED)
_25408_/S                               1.50    1.50   -0.00 (VIOLATED)
_25398_/S                               1.50    1.50   -0.00 (VIOLATED)
_25396_/S                               1.50    1.50   -0.00 (VIOLATED)
_25394_/S                               1.50    1.50   -0.00 (VIOLATED)
_25412_/S                               1.50    1.50   -0.00 (VIOLATED)
_25414_/S                               1.50    1.50   -0.00 (VIOLATED)
_25392_/S                               1.50    1.50   -0.00 (VIOLATED)
_25390_/S                               1.50    1.50   -0.00 (VIOLATED)

max capacitance

Pin                                    Limit     Cap   Slack
------------------------------------------------------------
sky130_sram_2kbyte_1rw1r_32x512_8/dout0[13]    0.03    0.03   -0.00 (VIOLATED)
sky130_sram_2kbyte_1rw1r_32x512_8/dout0[16]    0.03    0.03   -0.00 (VIOLATED)
sky130_sram_2kbyte_1rw1r_32x512_8/dout0[14]    0.03    0.03   -0.00 (VIOLATED)
sky130_sram_2kbyte_1rw1r_32x512_8/dout1[15]    0.03    0.03   -0.00 (VIOLATED)
sky130_sram_2kbyte_1rw1r_32x512_8/dout0[27]    0.03    0.03   -0.00 (VIOLATED)


===========================================================================
max slew violation count 41
max fanout violation count 0
max cap violation count 5
============================================================================
