
===========================================================================
report_checks -unconstrained
============================================================================
Startpoint: _38355_ (rising edge-triggered flip-flop clocked by core_clk)
Endpoint: mgmt_soc_dff_A[3] (output port clocked by core_clk)
Path Group: core_clk
Path Type: max

Fanout     Cap    Slew   Delay    Time   Description
-----------------------------------------------------------------------------
                          0.00    0.00   clock core_clk (rise edge)
                          0.00    0.00   clock source latency
                  0.63    0.47    0.47 ^ core_clk (in)
     2    0.08                           core_clk (net)
                  0.63    0.00    0.47 ^ clkbuf_0_core_clk/A (sky130_fd_sc_hd__clkbuf_16)
                  0.06    0.28    0.75 ^ clkbuf_0_core_clk/X (sky130_fd_sc_hd__clkbuf_16)
     4    0.02                           clknet_0_core_clk (net)
                  0.07    0.01    0.76 ^ clkbuf_1_1_0_core_clk/A (sky130_fd_sc_hd__clkbuf_4)
                  0.05    0.15    0.91 ^ clkbuf_1_1_0_core_clk/X (sky130_fd_sc_hd__clkbuf_4)
     1    0.01                           clknet_1_1_0_core_clk (net)
                  0.05    0.00    0.91 ^ clkbuf_1_1_1_core_clk/A (sky130_fd_sc_hd__clkbuf_4)
                  0.05    0.14    1.05 ^ clkbuf_1_1_1_core_clk/X (sky130_fd_sc_hd__clkbuf_4)
     1    0.01                           clknet_1_1_1_core_clk (net)
                  0.05    0.00    1.06 ^ clkbuf_1_1_2_core_clk/A (sky130_fd_sc_hd__clkbuf_4)
                  0.05    0.14    1.20 ^ clkbuf_1_1_2_core_clk/X (sky130_fd_sc_hd__clkbuf_4)
     1    0.01                           clknet_1_1_2_core_clk (net)
                  0.05    0.00    1.20 ^ clkbuf_1_1_3_core_clk/A (sky130_fd_sc_hd__clkbuf_4)
                  0.05    0.14    1.34 ^ clkbuf_1_1_3_core_clk/X (sky130_fd_sc_hd__clkbuf_4)
     1    0.01                           clknet_1_1_3_core_clk (net)
                  0.05    0.00    1.35 ^ clkbuf_1_1_4_core_clk/A (sky130_fd_sc_hd__clkbuf_4)
                  0.19    0.24    1.59 ^ clkbuf_1_1_4_core_clk/X (sky130_fd_sc_hd__clkbuf_4)
     4    0.06                           clknet_1_1_4_core_clk (net)
                  0.19    0.02    1.61 ^ clkbuf_2_3_0_core_clk/A (sky130_fd_sc_hd__clkbuf_4)
                  0.05    0.19    1.80 ^ clkbuf_2_3_0_core_clk/X (sky130_fd_sc_hd__clkbuf_4)
     1    0.01                           clknet_2_3_0_core_clk (net)
                  0.05    0.00    1.81 ^ clkbuf_2_3_1_core_clk/A (sky130_fd_sc_hd__clkbuf_4)
                  0.15    0.22    2.03 ^ clkbuf_2_3_1_core_clk/X (sky130_fd_sc_hd__clkbuf_4)
     4    0.05                           clknet_2_3_1_core_clk (net)
                  0.15    0.01    2.03 ^ clkbuf_3_6_0_core_clk/A (sky130_fd_sc_hd__clkbuf_4)
                  0.05    0.18    2.21 ^ clkbuf_3_6_0_core_clk/X (sky130_fd_sc_hd__clkbuf_4)
     1    0.01                           clknet_3_6_0_core_clk (net)
                  0.05    0.01    2.22 ^ clkbuf_3_6_1_core_clk/A (sky130_fd_sc_hd__clkbuf_4)
                  0.04    0.13    2.35 ^ clkbuf_3_6_1_core_clk/X (sky130_fd_sc_hd__clkbuf_4)
     1    0.01                           clknet_3_6_1_core_clk (net)
                  0.04    0.00    2.36 ^ clkbuf_3_6_2_core_clk/A (sky130_fd_sc_hd__clkbuf_4)
                  0.11    0.18    2.54 ^ clkbuf_3_6_2_core_clk/X (sky130_fd_sc_hd__clkbuf_4)
     4    0.03                           clknet_3_6_2_core_clk (net)
                  0.12    0.02    2.56 ^ clkbuf_4_12_0_core_clk/A (sky130_fd_sc_hd__clkbuf_4)
                  0.10    0.21    2.77 ^ clkbuf_4_12_0_core_clk/X (sky130_fd_sc_hd__clkbuf_4)
     4    0.03                           clknet_4_12_0_core_clk (net)
                  0.10    0.01    2.78 ^ clkbuf_5_24_0_core_clk/A (sky130_fd_sc_hd__clkbuf_4)
                  0.04    0.15    2.93 ^ clkbuf_5_24_0_core_clk/X (sky130_fd_sc_hd__clkbuf_4)
     1    0.01                           clknet_5_24_0_core_clk (net)
                  0.04    0.00    2.93 ^ clkbuf_5_24_1_core_clk/A (sky130_fd_sc_hd__clkbuf_4)
                  0.84    0.61    3.55 ^ clkbuf_5_24_1_core_clk/X (sky130_fd_sc_hd__clkbuf_4)
    34    0.28                           clknet_5_24_1_core_clk (net)
                  0.87    0.13    3.67 ^ clkbuf_leaf_244_core_clk/A (sky130_fd_sc_hd__clkbuf_16)
                  0.08    0.32    3.99 ^ clkbuf_leaf_244_core_clk/X (sky130_fd_sc_hd__clkbuf_16)
    14    0.05                           clknet_leaf_244_core_clk (net)
                  0.09    0.02    4.01 ^ _38355_/CLK (sky130_fd_sc_hd__dfxtp_2)
                  0.17    0.44    4.45 ^ _38355_/Q (sky130_fd_sc_hd__dfxtp_2)
     7    0.03                           grant[1] (net)
                  0.17    0.02    4.47 ^ _16979_/A_N (sky130_fd_sc_hd__and2b_1)
                  0.07    0.24    4.71 v _16979_/X (sky130_fd_sc_hd__and2b_1)
     1    0.01                           _07039_ (net)
                  0.07    0.00    4.71 v _16980_/A (sky130_fd_sc_hd__buf_12)
                  0.06    0.15    4.87 v _16980_/X (sky130_fd_sc_hd__buf_12)
    14    0.12                           _07040_ (net)
                  0.14    0.06    4.93 v _30651_/A (sky130_fd_sc_hd__buf_12)
                  0.15    0.20    5.13 v _30651_/X (sky130_fd_sc_hd__buf_12)
    78    0.47                           _02059_ (net)
                  0.54    0.27    5.40 v _31545_/B (sky130_fd_sc_hd__nor2_8)
                  1.43    1.08    6.48 ^ _31545_/Y (sky130_fd_sc_hd__nor2_8)
    64    0.41                           _02060_ (net)
                  1.51    0.28    6.76 ^ _33553_/S (sky130_fd_sc_hd__mux2_8)
                  0.23    0.63    7.39 v _33553_/X (sky130_fd_sc_hd__mux2_8)
    48    0.32                           _02137_ (net)
                  0.30    0.09    7.48 v _17322_/A (sky130_fd_sc_hd__inv_2)
                  0.07    0.11    7.59 ^ _17322_/Y (sky130_fd_sc_hd__inv_2)
     1    0.00                           net639 (net)
                  0.07    0.00    7.60 ^ repeater1633/A (sky130_fd_sc_hd__clkbuf_1)
                  0.06    0.10    7.70 ^ repeater1633/X (sky130_fd_sc_hd__clkbuf_1)
     1    0.00                           net1633 (net)
                  0.06    0.00    7.70 ^ repeater1632/A (sky130_fd_sc_hd__clkbuf_1)
                  0.06    0.10    7.80 ^ repeater1632/X (sky130_fd_sc_hd__clkbuf_1)
     1    0.00                           net1632 (net)
                  0.06    0.00    7.80 ^ repeater1631/A (sky130_fd_sc_hd__clkbuf_1)
                  0.07    0.11    7.91 ^ repeater1631/X (sky130_fd_sc_hd__clkbuf_1)
     1    0.01                           net1631 (net)
                  0.07    0.00    7.92 ^ repeater1630/A (sky130_fd_sc_hd__clkbuf_1)
                  0.07    0.11    8.03 ^ repeater1630/X (sky130_fd_sc_hd__clkbuf_1)
     1    0.01                           net1630 (net)
                  0.07    0.00    8.03 ^ repeater1629/A (sky130_fd_sc_hd__clkbuf_1)
                  0.07    0.11    8.14 ^ repeater1629/X (sky130_fd_sc_hd__clkbuf_1)
     1    0.01                           net1629 (net)
                  0.07    0.00    8.14 ^ repeater1628/A (sky130_fd_sc_hd__clkbuf_1)
                  0.05    0.09    8.24 ^ repeater1628/X (sky130_fd_sc_hd__clkbuf_1)
     1    0.00                           net1628 (net)
                  0.05    0.00    8.24 ^ repeater1627/A (sky130_fd_sc_hd__clkbuf_1)
                  0.06    0.10    8.33 ^ repeater1627/X (sky130_fd_sc_hd__clkbuf_1)
     1    0.00                           net1627 (net)
                  0.06    0.00    8.34 ^ repeater1626/A (sky130_fd_sc_hd__clkbuf_1)
                  0.06    0.10    8.44 ^ repeater1626/X (sky130_fd_sc_hd__clkbuf_1)
     1    0.00                           net1626 (net)
                  0.06    0.00    8.44 ^ repeater1625/A (sky130_fd_sc_hd__clkbuf_1)
                  0.05    0.09    8.53 ^ repeater1625/X (sky130_fd_sc_hd__clkbuf_1)
     1    0.00                           net1625 (net)
                  0.05    0.00    8.53 ^ repeater1624/A (sky130_fd_sc_hd__clkbuf_1)
                  0.06    0.09    8.63 ^ repeater1624/X (sky130_fd_sc_hd__clkbuf_1)
     1    0.00                           net1624 (net)
                  0.06    0.00    8.63 ^ repeater1623/A (sky130_fd_sc_hd__clkbuf_1)
                  0.06    0.10    8.72 ^ repeater1623/X (sky130_fd_sc_hd__clkbuf_1)
     1    0.00                           net1623 (net)
                  0.06    0.00    8.73 ^ repeater1622/A (sky130_fd_sc_hd__clkbuf_1)
                  0.06    0.10    8.82 ^ repeater1622/X (sky130_fd_sc_hd__clkbuf_1)
     1    0.00                           net1622 (net)
                  0.06    0.00    8.83 ^ repeater1621/A (sky130_fd_sc_hd__clkbuf_1)
                  0.06    0.10    8.93 ^ repeater1621/X (sky130_fd_sc_hd__clkbuf_1)
     1    0.00                           net1621 (net)
                  0.06    0.00    8.93 ^ repeater1620/A (sky130_fd_sc_hd__clkbuf_1)
                  0.06    0.10    9.03 ^ repeater1620/X (sky130_fd_sc_hd__clkbuf_1)
     1    0.00                           net1620 (net)
                  0.06    0.00    9.03 ^ repeater1619/A (sky130_fd_sc_hd__clkbuf_1)
                  0.11    0.14    9.17 ^ repeater1619/X (sky130_fd_sc_hd__clkbuf_1)
     2    0.01                           net1619 (net)
                  0.11    0.00    9.17 ^ repeater1618/A (sky130_fd_sc_hd__clkbuf_1)
                  0.12    0.15    9.33 ^ repeater1618/X (sky130_fd_sc_hd__clkbuf_1)
     1    0.01                           net1618 (net)
                  0.12    0.00    9.33 ^ repeater1605/A (sky130_fd_sc_hd__clkbuf_1)
                  0.11    0.15    9.49 ^ repeater1605/X (sky130_fd_sc_hd__clkbuf_1)
     1    0.01                           net1605 (net)
                  0.11    0.00    9.49 ^ repeater1604/A (sky130_fd_sc_hd__clkbuf_1)
                  0.13    0.17    9.66 ^ repeater1604/X (sky130_fd_sc_hd__clkbuf_1)
     1    0.01                           net1604 (net)
                  0.13    0.00    9.66 ^ repeater1603/A (sky130_fd_sc_hd__clkbuf_1)
                  0.14    0.18    9.84 ^ repeater1603/X (sky130_fd_sc_hd__clkbuf_1)
     1    0.01                           net1603 (net)
                  0.14    0.00    9.84 ^ repeater1602/A (sky130_fd_sc_hd__clkbuf_1)
                  0.13    0.17   10.01 ^ repeater1602/X (sky130_fd_sc_hd__clkbuf_1)
     1    0.01                           net1602 (net)
                  0.13    0.01   10.02 ^ repeater1601/A (sky130_fd_sc_hd__clkbuf_1)
                  0.13    0.17   10.19 ^ repeater1601/X (sky130_fd_sc_hd__clkbuf_1)
     1    0.01                           net1601 (net)
                  0.13    0.00   10.20 ^ repeater1600/A (sky130_fd_sc_hd__clkbuf_1)
                  0.13    0.17   10.37 ^ repeater1600/X (sky130_fd_sc_hd__clkbuf_1)
     2    0.01                           net1600 (net)
                  0.13    0.00   10.37 ^ repeater1599/A (sky130_fd_sc_hd__clkbuf_1)
                  0.05    0.11   10.48 ^ repeater1599/X (sky130_fd_sc_hd__clkbuf_1)
     1    0.00                           net1599 (net)
                  0.05    0.00   10.48 ^ repeater1598/A (sky130_fd_sc_hd__clkbuf_1)
                  0.08    0.11   10.60 ^ repeater1598/X (sky130_fd_sc_hd__clkbuf_1)
     1    0.01                           net1598 (net)
                  0.08    0.00   10.60 ^ repeater1597/A (sky130_fd_sc_hd__clkbuf_1)
                  0.10    0.13   10.73 ^ repeater1597/X (sky130_fd_sc_hd__clkbuf_1)
     1    0.01                           net1597 (net)
                  0.10    0.00   10.74 ^ repeater1596/A (sky130_fd_sc_hd__clkbuf_1)
                  0.08    0.13   10.86 ^ repeater1596/X (sky130_fd_sc_hd__clkbuf_1)
     1    0.01                           net1596 (net)
                  0.08    0.00   10.86 ^ repeater1595/A (sky130_fd_sc_hd__clkbuf_1)
                  0.08    0.12   10.99 ^ repeater1595/X (sky130_fd_sc_hd__clkbuf_1)
     1    0.01                           net1595 (net)
                  0.08    0.00   10.99 ^ repeater1594/A (sky130_fd_sc_hd__clkbuf_1)
                  0.09    0.13   11.12 ^ repeater1594/X (sky130_fd_sc_hd__clkbuf_1)
     1    0.01                           net1594 (net)
                  0.09    0.00   11.12 ^ repeater1593/A (sky130_fd_sc_hd__clkbuf_1)
                  0.08    0.12   11.25 ^ repeater1593/X (sky130_fd_sc_hd__clkbuf_1)
     1    0.01                           net1593 (net)
                  0.08    0.00   11.25 ^ repeater1592/A (sky130_fd_sc_hd__clkbuf_1)
                  0.08    0.12   11.37 ^ repeater1592/X (sky130_fd_sc_hd__clkbuf_1)
     2    0.01                           net1592 (net)
                  0.08    0.00   11.37 ^ repeater1591/A (sky130_fd_sc_hd__clkbuf_1)
                  0.05    0.10   11.47 ^ repeater1591/X (sky130_fd_sc_hd__clkbuf_1)
     1    0.00                           net1591 (net)
                  0.05    0.00   11.47 ^ repeater1590/A (sky130_fd_sc_hd__clkbuf_1)
                  0.08    0.11   11.58 ^ repeater1590/X (sky130_fd_sc_hd__clkbuf_1)
     1    0.01                           net1590 (net)
                  0.08    0.00   11.58 ^ repeater1589/A (sky130_fd_sc_hd__clkbuf_1)
                  0.05    0.09   11.68 ^ repeater1589/X (sky130_fd_sc_hd__clkbuf_1)
     1    0.00                           net1589 (net)
                  0.05    0.00   11.68 ^ repeater1588/A (sky130_fd_sc_hd__clkbuf_1)
                  0.07    0.10   11.78 ^ repeater1588/X (sky130_fd_sc_hd__clkbuf_1)
     1    0.00                           net1588 (net)
                  0.07    0.00   11.78 ^ repeater1587/A (sky130_fd_sc_hd__clkbuf_1)
                  0.06    0.10   11.88 ^ repeater1587/X (sky130_fd_sc_hd__clkbuf_1)
     1    0.00                           net1587 (net)
                  0.06    0.00   11.89 ^ repeater1586/A (sky130_fd_sc_hd__clkbuf_1)
                  0.06    0.10   11.99 ^ repeater1586/X (sky130_fd_sc_hd__clkbuf_1)
     1    0.00                           net1586 (net)
                  0.06    0.00   11.99 ^ repeater1585/A (sky130_fd_sc_hd__clkbuf_1)
                  0.04    0.09   12.08 ^ repeater1585/X (sky130_fd_sc_hd__clkbuf_1)
     1    0.00                           net1585 (net)
                  0.04    0.00   12.08 ^ repeater1584/A (sky130_fd_sc_hd__clkbuf_1)
                  0.05    0.09   12.17 ^ repeater1584/X (sky130_fd_sc_hd__clkbuf_1)
     1    0.00                           net1584 (net)
                  0.05    0.00   12.17 ^ repeater1583/A (sky130_fd_sc_hd__clkbuf_1)
                  0.06    0.10   12.27 ^ repeater1583/X (sky130_fd_sc_hd__clkbuf_1)
     1    0.00                           net1583 (net)
                  0.06    0.00   12.27 ^ repeater1582/A (sky130_fd_sc_hd__clkbuf_1)
                  0.06    0.10   12.38 ^ repeater1582/X (sky130_fd_sc_hd__clkbuf_1)
     1    0.00                           net1582 (net)
                  0.06    0.00   12.38 ^ repeater1581/A (sky130_fd_sc_hd__clkbuf_1)
                  0.07    0.11   12.48 ^ repeater1581/X (sky130_fd_sc_hd__clkbuf_1)
     1    0.00                           net1581 (net)
                  0.07    0.00   12.49 ^ repeater1580/A (sky130_fd_sc_hd__clkbuf_1)
                  0.05    0.10   12.58 ^ repeater1580/X (sky130_fd_sc_hd__clkbuf_1)
     1    0.00                           net1580 (net)
                  0.05    0.00   12.59 ^ repeater1579/A (sky130_fd_sc_hd__clkbuf_1)
                  0.05    0.09   12.67 ^ repeater1579/X (sky130_fd_sc_hd__clkbuf_1)
     1    0.00                           net1579 (net)
                  0.05    0.00   12.67 ^ repeater1578/A (sky130_fd_sc_hd__clkbuf_1)
                  0.05    0.09   12.76 ^ repeater1578/X (sky130_fd_sc_hd__clkbuf_1)
     1    0.00                           net1578 (net)
                  0.05    0.00   12.76 ^ repeater1577/A (sky130_fd_sc_hd__clkbuf_1)
                  0.05    0.09   12.85 ^ repeater1577/X (sky130_fd_sc_hd__clkbuf_1)
     1    0.00                           net1577 (net)
                  0.05    0.00   12.86 ^ repeater1576/A (sky130_fd_sc_hd__clkbuf_1)
                  0.07    0.10   12.96 ^ repeater1576/X (sky130_fd_sc_hd__clkbuf_1)
     1    0.00                           net1576 (net)
                  0.07    0.00   12.96 ^ repeater1575/A (sky130_fd_sc_hd__clkbuf_1)
                  0.06    0.10   13.06 ^ repeater1575/X (sky130_fd_sc_hd__clkbuf_1)
     1    0.00                           net1575 (net)
                  0.06    0.00   13.07 ^ repeater1574/A (sky130_fd_sc_hd__clkbuf_1)
                  0.06    0.10   13.17 ^ repeater1574/X (sky130_fd_sc_hd__clkbuf_1)
     1    0.00                           net1574 (net)
                  0.06    0.00   13.17 ^ repeater1573/A (sky130_fd_sc_hd__clkbuf_1)
                  0.06    0.10   13.27 ^ repeater1573/X (sky130_fd_sc_hd__clkbuf_1)
     1    0.00                           net1573 (net)
                  0.06    0.00   13.28 ^ repeater1572/A (sky130_fd_sc_hd__clkbuf_1)
                  0.06    0.10   13.37 ^ repeater1572/X (sky130_fd_sc_hd__clkbuf_1)
     1    0.00                           net1572 (net)
                  0.06    0.00   13.38 ^ repeater1571/A (sky130_fd_sc_hd__clkbuf_1)
                  0.05    0.10   13.47 ^ repeater1571/X (sky130_fd_sc_hd__clkbuf_1)
     1    0.00                           net1571 (net)
                  0.05    0.00   13.47 ^ repeater1570/A (sky130_fd_sc_hd__clkbuf_1)
                  0.06    0.10   13.57 ^ repeater1570/X (sky130_fd_sc_hd__clkbuf_1)
     1    0.00                           net1570 (net)
                  0.06    0.00   13.57 ^ repeater1569/A (sky130_fd_sc_hd__clkbuf_1)
                  0.05    0.09   13.66 ^ repeater1569/X (sky130_fd_sc_hd__clkbuf_1)
     1    0.00                           net1569 (net)
                  0.05    0.00   13.66 ^ repeater1568/A (sky130_fd_sc_hd__clkbuf_1)
                  0.05    0.09   13.75 ^ repeater1568/X (sky130_fd_sc_hd__clkbuf_1)
     1    0.00                           net1568 (net)
                  0.05    0.00   13.75 ^ repeater1567/A (sky130_fd_sc_hd__clkbuf_1)
                  0.07    0.10   13.85 ^ repeater1567/X (sky130_fd_sc_hd__clkbuf_1)
     1    0.00                           net1567 (net)
                  0.07    0.00   13.85 ^ repeater1566/A (sky130_fd_sc_hd__clkbuf_1)
                  0.07    0.11   13.96 ^ repeater1566/X (sky130_fd_sc_hd__clkbuf_1)
     1    0.00                           net1566 (net)
                  0.07    0.00   13.96 ^ repeater1565/A (sky130_fd_sc_hd__clkbuf_1)
                  0.06    0.10   14.06 ^ repeater1565/X (sky130_fd_sc_hd__clkbuf_1)
     1    0.00                           net1565 (net)
                  0.06    0.00   14.06 ^ repeater1564/A (sky130_fd_sc_hd__clkbuf_1)
                  0.04    0.09   14.15 ^ repeater1564/X (sky130_fd_sc_hd__clkbuf_1)
     1    0.00                           net1564 (net)
                  0.04    0.00   14.15 ^ repeater1563/A (sky130_fd_sc_hd__clkbuf_1)
                  0.05    0.09   14.24 ^ repeater1563/X (sky130_fd_sc_hd__clkbuf_1)
     1    0.00                           net1563 (net)
                  0.05    0.00   14.24 ^ repeater1562/A (sky130_fd_sc_hd__clkbuf_1)
                  0.05    0.09   14.33 ^ repeater1562/X (sky130_fd_sc_hd__clkbuf_1)
     1    0.00                           net1562 (net)
                  0.05    0.00   14.33 ^ repeater1561/A (sky130_fd_sc_hd__clkbuf_1)
                  0.06    0.10   14.43 ^ repeater1561/X (sky130_fd_sc_hd__clkbuf_1)
     1    0.00                           net1561 (net)
                  0.06    0.00   14.43 ^ repeater1560/A (sky130_fd_sc_hd__clkbuf_1)
                  0.10    0.13   14.56 ^ repeater1560/X (sky130_fd_sc_hd__clkbuf_1)
     2    0.01                           net1560 (net)
                  0.10    0.00   14.56 ^ repeater1559/A (sky130_fd_sc_hd__clkbuf_1)
                  0.08    0.12   14.69 ^ repeater1559/X (sky130_fd_sc_hd__clkbuf_1)
     1    0.01                           net1559 (net)
                  0.08    0.00   14.69 ^ repeater1558/A (sky130_fd_sc_hd__clkbuf_1)
                  0.05    0.10   14.79 ^ repeater1558/X (sky130_fd_sc_hd__clkbuf_1)
     1    0.00                           net1558 (net)
                  0.05    0.00   14.79 ^ repeater1557/A (sky130_fd_sc_hd__clkbuf_1)
                  0.05    0.09   14.89 ^ repeater1557/X (sky130_fd_sc_hd__clkbuf_1)
     1    0.00                           net1557 (net)
                  0.05    0.00   14.89 ^ repeater1556/A (sky130_fd_sc_hd__clkbuf_1)
                  0.07    0.11   14.99 ^ repeater1556/X (sky130_fd_sc_hd__clkbuf_1)
     1    0.01                           net1556 (net)
                  0.07    0.00   14.99 ^ repeater1555/A (sky130_fd_sc_hd__clkbuf_1)
                  0.06    0.10   15.10 ^ repeater1555/X (sky130_fd_sc_hd__clkbuf_1)
     1    0.00                           net1555 (net)
                  0.06    0.00   15.10 ^ repeater1554/A (sky130_fd_sc_hd__clkbuf_1)
                  0.05    0.09   15.19 ^ repeater1554/X (sky130_fd_sc_hd__clkbuf_1)
     1    0.00                           net1554 (net)
                  0.05    0.00   15.19 ^ repeater1553/A (sky130_fd_sc_hd__clkbuf_1)
                  0.05    0.09   15.28 ^ repeater1553/X (sky130_fd_sc_hd__clkbuf_1)
     1    0.00                           net1553 (net)
                  0.05    0.00   15.28 ^ repeater1552/A (sky130_fd_sc_hd__clkbuf_1)
                  0.05    0.09   15.37 ^ repeater1552/X (sky130_fd_sc_hd__clkbuf_1)
     1    0.00                           net1552 (net)
                  0.05    0.00   15.37 ^ repeater1551/A (sky130_fd_sc_hd__clkbuf_1)
                  0.10    0.13   15.49 ^ repeater1551/X (sky130_fd_sc_hd__clkbuf_1)
     2    0.01                           net1551 (net)
                  0.10    0.00   15.49 ^ repeater1550/A (sky130_fd_sc_hd__clkbuf_1)
                  0.13    0.16   15.66 ^ repeater1550/X (sky130_fd_sc_hd__clkbuf_1)
     1    0.01                           net1550 (net)
                  0.13    0.00   15.66 ^ repeater1549/A (sky130_fd_sc_hd__clkbuf_2)
                  0.14    0.21   15.87 ^ repeater1549/X (sky130_fd_sc_hd__clkbuf_2)
     2    0.03                           net1549 (net)
                  0.14    0.01   15.88 ^ repeater1548/A (sky130_fd_sc_hd__clkbuf_2)
                  0.13    0.21   16.09 ^ repeater1548/X (sky130_fd_sc_hd__clkbuf_2)
     2    0.02                           net1548 (net)
                  0.13    0.01   16.10 ^ repeater1547/A (sky130_fd_sc_hd__clkbuf_2)
                  0.13    0.20   16.30 ^ repeater1547/X (sky130_fd_sc_hd__clkbuf_2)
     2    0.02                           net1547 (net)
                  0.13    0.01   16.31 ^ repeater1546/A (sky130_fd_sc_hd__clkbuf_2)
                  0.16    0.22   16.53 ^ repeater1546/X (sky130_fd_sc_hd__clkbuf_2)
     2    0.03                           net1546 (net)
                  0.16    0.02   16.54 ^ repeater1545/A (sky130_fd_sc_hd__clkbuf_2)
                  0.12    0.21   16.75 ^ repeater1545/X (sky130_fd_sc_hd__clkbuf_2)
     2    0.02                           net1545 (net)
                  0.12    0.01   16.75 ^ repeater1544/A (sky130_fd_sc_hd__clkbuf_2)
                  0.13    0.20   16.95 ^ repeater1544/X (sky130_fd_sc_hd__clkbuf_2)
     2    0.02                           net1544 (net)
                  0.13    0.00   16.96 ^ repeater1543/A (sky130_fd_sc_hd__clkbuf_2)
                  0.13    0.20   17.16 ^ repeater1543/X (sky130_fd_sc_hd__clkbuf_2)
     2    0.02                           net1543 (net)
                  0.13    0.01   17.17 ^ repeater1542/A (sky130_fd_sc_hd__clkbuf_2)
                  0.31    0.33   17.50 ^ repeater1542/X (sky130_fd_sc_hd__clkbuf_2)
     2    0.06                           net1542 (net)
                  0.31    0.02   17.52 ^ repeater1541/A (sky130_fd_sc_hd__clkbuf_2)
                  0.06    0.20   17.71 ^ repeater1541/X (sky130_fd_sc_hd__clkbuf_2)
     2    0.01                           net1541 (net)
                  0.06    0.00   17.72 ^ repeater1540/A (sky130_fd_sc_hd__clkbuf_1)
                  0.07    0.11   17.83 ^ repeater1540/X (sky130_fd_sc_hd__clkbuf_1)
     1    0.01                           net1540 (net)
                  0.07    0.00   17.83 ^ repeater1539/A (sky130_fd_sc_hd__clkbuf_1)
                  0.06    0.11   17.94 ^ repeater1539/X (sky130_fd_sc_hd__clkbuf_1)
     1    0.00                           net1539 (net)
                  0.06    0.00   17.94 ^ repeater1538/A (sky130_fd_sc_hd__clkbuf_1)
                  0.06    0.10   18.04 ^ repeater1538/X (sky130_fd_sc_hd__clkbuf_1)
     1    0.00                           net1538 (net)
                  0.06    0.00   18.04 ^ repeater1537/A (sky130_fd_sc_hd__clkbuf_1)
                  0.05    0.09   18.13 ^ repeater1537/X (sky130_fd_sc_hd__clkbuf_1)
     1    0.00                           net1537 (net)
                  0.05    0.00   18.13 ^ repeater1536/A (sky130_fd_sc_hd__clkbuf_1)
                  0.05    0.09   18.22 ^ repeater1536/X (sky130_fd_sc_hd__clkbuf_1)
     1    0.00                           net1536 (net)
                  0.05    0.00   18.22 ^ repeater1535/A (sky130_fd_sc_hd__clkbuf_1)
                  0.06    0.10   18.32 ^ repeater1535/X (sky130_fd_sc_hd__clkbuf_1)
     1    0.00                           net1535 (net)
                  0.06    0.00   18.32 ^ repeater1534/A (sky130_fd_sc_hd__clkbuf_1)
                  0.05    0.09   18.41 ^ repeater1534/X (sky130_fd_sc_hd__clkbuf_1)
     1    0.00                           net1534 (net)
                  0.05    0.00   18.41 ^ repeater1533/A (sky130_fd_sc_hd__clkbuf_1)
                  0.06    0.10   18.51 ^ repeater1533/X (sky130_fd_sc_hd__clkbuf_1)
     1    0.00                           net1533 (net)
                  0.07    0.00   18.51 ^ repeater1532/A (sky130_fd_sc_hd__clkbuf_1)
                  0.06    0.10   18.61 ^ repeater1532/X (sky130_fd_sc_hd__clkbuf_1)
     1    0.00                           net1532 (net)
                  0.06    0.00   18.62 ^ repeater1531/A (sky130_fd_sc_hd__clkbuf_1)
                  0.07    0.11   18.73 ^ repeater1531/X (sky130_fd_sc_hd__clkbuf_1)
     1    0.01                           net1531 (net)
                  0.07    0.00   18.73 ^ repeater1530/A (sky130_fd_sc_hd__clkbuf_1)
                  0.06    0.10   18.83 ^ repeater1530/X (sky130_fd_sc_hd__clkbuf_1)
     1    0.00                           net1530 (net)
                  0.06    0.00   18.83 ^ repeater1529/A (sky130_fd_sc_hd__clkbuf_1)
                  0.04    0.09   18.92 ^ repeater1529/X (sky130_fd_sc_hd__clkbuf_1)
     1    0.00                           net1529 (net)
                  0.04    0.00   18.92 ^ repeater1528/A (sky130_fd_sc_hd__clkbuf_1)
                  0.07    0.10   19.02 ^ repeater1528/X (sky130_fd_sc_hd__clkbuf_1)
     1    0.00                           net1528 (net)
                  0.07    0.00   19.03 ^ repeater1527/A (sky130_fd_sc_hd__clkbuf_1)
                  0.06    0.10   19.13 ^ repeater1527/X (sky130_fd_sc_hd__clkbuf_1)
     1    0.00                           net1527 (net)
                  0.06    0.00   19.13 ^ repeater1526/A (sky130_fd_sc_hd__clkbuf_1)
                  0.05    0.09   19.22 ^ repeater1526/X (sky130_fd_sc_hd__clkbuf_1)
     1    0.00                           net1526 (net)
                  0.05    0.00   19.22 ^ repeater1525/A (sky130_fd_sc_hd__clkbuf_1)
                  0.07    0.11   19.33 ^ repeater1525/X (sky130_fd_sc_hd__clkbuf_1)
     1    0.01                           net1525 (net)
                  0.07    0.00   19.33 ^ repeater1524/A (sky130_fd_sc_hd__clkbuf_1)
                  0.05    0.10   19.43 ^ repeater1524/X (sky130_fd_sc_hd__clkbuf_1)
     1    0.00                           net1524 (net)
                  0.05    0.00   19.43 ^ repeater1523/A (sky130_fd_sc_hd__clkbuf_1)
                  0.06    0.10   19.53 ^ repeater1523/X (sky130_fd_sc_hd__clkbuf_1)
     1    0.00                           net1523 (net)
                  0.06    0.00   19.53 ^ output639/A (sky130_fd_sc_hd__clkbuf_4)
                  0.12    0.20   19.74 ^ output639/X (sky130_fd_sc_hd__clkbuf_4)
     1    0.03                           mgmt_soc_dff_A[3] (net)
                  0.16    0.01   19.74 ^ mgmt_soc_dff_A[3] (out)
                                 19.74   data arrival time

                         25.00   25.00   clock core_clk (rise edge)
                          0.00   25.00   clock network delay (propagated)
                         -0.25   24.75   clock uncertainty
                          0.00   24.75   clock reconvergence pessimism
                         -5.00   19.75   output external delay
                                 19.75   data required time
-----------------------------------------------------------------------------
                                 19.75   data required time
                                -19.74   data arrival time
-----------------------------------------------------------------------------
                                  0.01   slack (MET)



===========================================================================
report_checks --slack_max -0.01
============================================================================
No paths found.
