
===========================================================================
 report_check_types -max_slew -max_cap -max_fanout -violators
============================================================================
max slew

Pin                                    Limit    Slew   Slack
------------------------------------------------------------
_33610_/S                               1.50    2.07   -0.57 (VIOLATED)
ANTENNA__33610__S/DIODE                 1.50    2.07   -0.57 (VIOLATED)
_33616_/S                               1.50    2.07   -0.57 (VIOLATED)
ANTENNA__33616__S/DIODE                 1.50    2.07   -0.57 (VIOLATED)
ANTENNA__31783__A/DIODE                 1.50    2.07   -0.57 (VIOLATED)
_31783_/A                               1.50    2.07   -0.57 (VIOLATED)
_31819_/B1                              1.50    2.07   -0.57 (VIOLATED)
ANTENNA__31819__B1/DIODE                1.50    2.07   -0.57 (VIOLATED)
_31812_/B1                              1.50    2.07   -0.57 (VIOLATED)
ANTENNA__31812__B1/DIODE                1.50    2.07   -0.57 (VIOLATED)
_33614_/S                               1.50    2.07   -0.57 (VIOLATED)
ANTENNA__33614__S/DIODE                 1.50    2.07   -0.57 (VIOLATED)
_31792_/A                               1.50    2.07   -0.57 (VIOLATED)
ANTENNA__31792__A/DIODE                 1.50    2.07   -0.57 (VIOLATED)
_33612_/S                               1.50    2.07   -0.57 (VIOLATED)
ANTENNA__33612__S/DIODE                 1.50    2.07   -0.57 (VIOLATED)
ANTENNA__31802__A/DIODE                 1.50    2.07   -0.57 (VIOLATED)
_31802_/A                               1.50    2.07   -0.57 (VIOLATED)
ANTENNA__34097__S1/DIODE                1.50    2.07   -0.57 (VIOLATED)
_34097_/S1                              1.50    2.07   -0.57 (VIOLATED)
ANTENNA__34067__S1/DIODE                1.50    2.07   -0.57 (VIOLATED)
_34067_/S1                              1.50    2.07   -0.57 (VIOLATED)
ANTENNA__34037__S1/DIODE                1.50    2.07   -0.57 (VIOLATED)
ANTENNA__31828__B1/DIODE                1.50    2.07   -0.57 (VIOLATED)
_31828_/B1                              1.50    2.07   -0.57 (VIOLATED)
_34037_/S1                              1.50    2.07   -0.57 (VIOLATED)
_33608_/S                               1.50    2.06   -0.56 (VIOLATED)
ANTENNA__33608__S/DIODE                 1.50    2.06   -0.56 (VIOLATED)
ANTENNA__34027__S1/DIODE                1.50    2.06   -0.56 (VIOLATED)
_33606_/S                               1.50    2.06   -0.56 (VIOLATED)
ANTENNA__33606__S/DIODE                 1.50    2.06   -0.56 (VIOLATED)
_34027_/S1                              1.50    2.06   -0.56 (VIOLATED)
ANTENNA__31837__B1/DIODE                1.50    2.06   -0.56 (VIOLATED)
_33604_/S                               1.50    2.06   -0.56 (VIOLATED)
ANTENNA__33604__S/DIODE                 1.50    2.06   -0.56 (VIOLATED)
_34007_/S1                              1.50    2.06   -0.56 (VIOLATED)
ANTENNA__34007__S1/DIODE                1.50    2.06   -0.56 (VIOLATED)
_31837_/B1                              1.50    2.06   -0.56 (VIOLATED)
_33600_/S                               1.50    2.06   -0.56 (VIOLATED)
ANTENNA__33600__S/DIODE                 1.50    2.06   -0.56 (VIOLATED)
_33997_/S1                              1.50    2.06   -0.56 (VIOLATED)
ANTENNA__33997__S1/DIODE                1.50    2.06   -0.56 (VIOLATED)
_33987_/S1                              1.50    2.06   -0.56 (VIOLATED)
ANTENNA__33987__S1/DIODE                1.50    2.06   -0.56 (VIOLATED)
_33596_/S                               1.50    2.06   -0.56 (VIOLATED)
ANTENNA__33596__S/DIODE                 1.50    2.06   -0.56 (VIOLATED)
_31853_/B1                              1.50    2.05   -0.55 (VIOLATED)
ANTENNA__31853__B1/DIODE                1.50    2.05   -0.55 (VIOLATED)
ANTENNA__34002__S1/DIODE                1.50    2.05   -0.55 (VIOLATED)
_34002_/S1                              1.50    2.05   -0.55 (VIOLATED)
_33982_/S1                              1.50    2.05   -0.55 (VIOLATED)
ANTENNA__33982__S1/DIODE                1.50    2.05   -0.55 (VIOLATED)
_31845_/A                               1.50    2.05   -0.55 (VIOLATED)
ANTENNA__31845__A/DIODE                 1.50    2.05   -0.55 (VIOLATED)
_33602_/S                               1.50    2.05   -0.55 (VIOLATED)
ANTENNA__33602__S/DIODE                 1.50    2.05   -0.55 (VIOLATED)
_31773_/A                               1.50    2.04   -0.54 (VIOLATED)
ANTENNA__31773__A/DIODE                 1.50    2.04   -0.54 (VIOLATED)
_33618_/S                               1.50    2.04   -0.54 (VIOLATED)
ANTENNA__33618__S/DIODE                 1.50    2.04   -0.54 (VIOLATED)
_33977_/S1                              1.50    2.04   -0.54 (VIOLATED)
ANTENNA__33977__S1/DIODE                1.50    2.04   -0.54 (VIOLATED)
_31871_/B1                              1.50    2.04   -0.54 (VIOLATED)
ANTENNA__31871__B1/DIODE                1.50    2.04   -0.54 (VIOLATED)
_33598_/S                               1.50    2.04   -0.54 (VIOLATED)
ANTENNA__33598__S/DIODE                 1.50    2.04   -0.54 (VIOLATED)
_31862_/B1                              1.50    2.03   -0.53 (VIOLATED)
ANTENNA__31862__B1/DIODE                1.50    2.03   -0.53 (VIOLATED)
_34092_/S1                              1.50    2.03   -0.53 (VIOLATED)
ANTENNA__34092__S1/DIODE                1.50    2.03   -0.53 (VIOLATED)
_34062_/S1                              1.50    2.03   -0.53 (VIOLATED)
_34032_/S1                              1.50    2.03   -0.53 (VIOLATED)
ANTENNA__34062__S1/DIODE                1.50    2.03   -0.53 (VIOLATED)
ANTENNA__34032__S1/DIODE                1.50    2.02   -0.52 (VIOLATED)
ANTENNA__33594__S/DIODE                 1.50    2.02   -0.52 (VIOLATED)
_33594_/S                               1.50    2.02   -0.52 (VIOLATED)
_31880_/B1                              1.50    2.02   -0.52 (VIOLATED)
ANTENNA__31880__B1/DIODE                1.50    2.02   -0.52 (VIOLATED)
_31887_/B1                              1.50    2.01   -0.51 (VIOLATED)
_34022_/S1                              1.50    2.01   -0.51 (VIOLATED)
ANTENNA__31887__B1/DIODE                1.50    2.01   -0.51 (VIOLATED)
_33592_/S                               1.50    2.01   -0.51 (VIOLATED)
ANTENNA__33592__S/DIODE                 1.50    2.01   -0.51 (VIOLATED)
ANTENNA__34022__S1/DIODE                1.50    2.01   -0.51 (VIOLATED)
_33972_/S1                              1.50    2.00   -0.50 (VIOLATED)
ANTENNA__33972__S1/DIODE                1.50    2.00   -0.50 (VIOLATED)
_31896_/B1                              1.50    2.00   -0.50 (VIOLATED)
ANTENNA__31896__B1/DIODE                1.50    2.00   -0.50 (VIOLATED)
ANTENNA__33992__S1/DIODE                1.50    1.99   -0.49 (VIOLATED)
_33992_/S1                              1.50    1.99   -0.49 (VIOLATED)
_33590_/S                               1.50    1.99   -0.49 (VIOLATED)
ANTENNA__33590__S/DIODE                 1.50    1.99   -0.49 (VIOLATED)
_33620_/S                               1.50    1.99   -0.49 (VIOLATED)
ANTENNA__33620__S/DIODE                 1.50    1.99   -0.49 (VIOLATED)
_31765_/B1                              1.50    1.98   -0.48 (VIOLATED)
_34012_/S1                              1.50    1.98   -0.48 (VIOLATED)
ANTENNA__34012__S1/DIODE                1.50    1.98   -0.48 (VIOLATED)
_34017_/S1                              1.50    1.98   -0.48 (VIOLATED)
ANTENNA__34017__S1/DIODE                1.50    1.98   -0.48 (VIOLATED)
ANTENNA__34082__S1/DIODE                1.50    1.97   -0.47 (VIOLATED)
_34082_/S1                              1.50    1.97   -0.47 (VIOLATED)
ANTENNA__34057__S1/DIODE                1.50    1.97   -0.47 (VIOLATED)
_34057_/S1                              1.50    1.97   -0.47 (VIOLATED)
ANTENNA__31765__B1/DIODE                1.50    1.94   -0.44 (VIOLATED)
_31759_/B1                              1.50    1.94   -0.44 (VIOLATED)
ANTENNA__31759__B1/DIODE                1.50    1.94   -0.44 (VIOLATED)
_34052_/S1                              1.50    1.94   -0.44 (VIOLATED)
ANTENNA__34052__S1/DIODE                1.50    1.94   -0.44 (VIOLATED)
ANTENNA__33622__S/DIODE                 1.50    1.93   -0.43 (VIOLATED)
ANTENNA__34087__S1/DIODE                1.50    1.93   -0.43 (VIOLATED)
_34087_/S1                              1.50    1.93   -0.43 (VIOLATED)
_33622_/S                               1.50    1.93   -0.43 (VIOLATED)
_33588_/S                               1.50    1.92   -0.42 (VIOLATED)
ANTENNA__33588__S/DIODE                 1.50    1.92   -0.42 (VIOLATED)
_31903_/B1                              1.50    1.92   -0.42 (VIOLATED)
_31750_/A                               1.50    1.92   -0.42 (VIOLATED)
ANTENNA__31750__A/DIODE                 1.50    1.92   -0.42 (VIOLATED)
ANTENNA__31903__B1/DIODE                1.50    1.92   -0.42 (VIOLATED)
_33624_/S                               1.50    1.92   -0.42 (VIOLATED)
ANTENNA__33624__S/DIODE                 1.50    1.91   -0.41 (VIOLATED)
_33962_/S1                              1.50    1.90   -0.40 (VIOLATED)
ANTENNA__33962__S1/DIODE                1.50    1.90   -0.40 (VIOLATED)
_33967_/S1                              1.50    1.89   -0.39 (VIOLATED)
ANTENNA__33967__S1/DIODE                1.50    1.89   -0.39 (VIOLATED)
_22229_/B                               1.50    1.88   -0.38 (VIOLATED)
ANTENNA__22229__B/DIODE                 1.50    1.88   -0.38 (VIOLATED)
_22225_/B                               1.50    1.88   -0.38 (VIOLATED)
ANTENNA__22225__B/DIODE                 1.50    1.88   -0.38 (VIOLATED)
_22219_/B                               1.50    1.88   -0.38 (VIOLATED)
ANTENNA__22219__B/DIODE                 1.50    1.88   -0.38 (VIOLATED)
_22215_/B                               1.50    1.88   -0.38 (VIOLATED)
ANTENNA__22215__B/DIODE                 1.50    1.88   -0.38 (VIOLATED)
_22211_/B                               1.50    1.88   -0.38 (VIOLATED)
ANTENNA__22211__B/DIODE                 1.50    1.88   -0.38 (VIOLATED)
_22213_/B                               1.50    1.88   -0.38 (VIOLATED)
ANTENNA__22213__B/DIODE                 1.50    1.88   -0.38 (VIOLATED)
_22209_/B                               1.50    1.88   -0.38 (VIOLATED)
ANTENNA__22209__B/DIODE                 1.50    1.88   -0.38 (VIOLATED)
_22235_/B                               1.50    1.88   -0.38 (VIOLATED)
ANTENNA__22235__B/DIODE                 1.50    1.88   -0.38 (VIOLATED)
_22207_/B                               1.50    1.88   -0.38 (VIOLATED)
ANTENNA__22207__B/DIODE                 1.50    1.88   -0.38 (VIOLATED)
ANTENNA__22240__B1_N/DIODE              1.50    1.87   -0.37 (VIOLATED)
_22240_/B1_N                            1.50    1.87   -0.37 (VIOLATED)
_22141_/C                               1.50    1.87   -0.37 (VIOLATED)
ANTENNA__22141__C/DIODE                 1.50    1.87   -0.37 (VIOLATED)
_22190_/B1                              1.50    1.87   -0.37 (VIOLATED)
ANTENNA__22190__B1/DIODE                1.50    1.87   -0.37 (VIOLATED)
ANTENNA__17904__B/DIODE                 1.50    1.87   -0.37 (VIOLATED)
_17904_/B                               1.50    1.87   -0.37 (VIOLATED)
_19544_/A                               1.50    1.87   -0.37 (VIOLATED)
ANTENNA__19544__A/DIODE                 1.50    1.87   -0.37 (VIOLATED)
_17295_/A                               1.50    1.87   -0.37 (VIOLATED)
_33626_/S                               1.50    1.87   -0.37 (VIOLATED)
ANTENNA__17295__A/DIODE                 1.50    1.87   -0.37 (VIOLATED)
_34417_/S1                              1.50    1.87   -0.37 (VIOLATED)
ANTENNA__34417__S1/DIODE                1.50    1.87   -0.37 (VIOLATED)
ANTENNA__33626__S/DIODE                 1.50    1.87   -0.37 (VIOLATED)
ANTENNA__34387__S1/DIODE                1.50    1.87   -0.37 (VIOLATED)
_34387_/S1                              1.50    1.87   -0.37 (VIOLATED)
ANTENNA__34357__S1/DIODE                1.50    1.87   -0.37 (VIOLATED)
_34357_/S1                              1.50    1.87   -0.37 (VIOLATED)
_34347_/S1                              1.50    1.87   -0.37 (VIOLATED)
ANTENNA__34347__S1/DIODE                1.50    1.87   -0.37 (VIOLATED)
ANTENNA__34327__S1/DIODE                1.50    1.86   -0.36 (VIOLATED)
_34327_/S1                              1.50    1.86   -0.36 (VIOLATED)
_34317_/S1                              1.50    1.86   -0.36 (VIOLATED)
ANTENNA__34317__S1/DIODE                1.50    1.86   -0.36 (VIOLATED)
_34307_/S1                              1.50    1.86   -0.36 (VIOLATED)
ANTENNA__34307__S1/DIODE                1.50    1.86   -0.36 (VIOLATED)
_32627_/S                               1.50    1.86   -0.36 (VIOLATED)
ANTENNA__32627__S/DIODE                 1.50    1.86   -0.36 (VIOLATED)
ANTENNA__32626__S/DIODE                 1.50    1.86   -0.36 (VIOLATED)
_32626_/S                               1.50    1.86   -0.36 (VIOLATED)
_32628_/S                               1.50    1.86   -0.36 (VIOLATED)
ANTENNA__32628__S/DIODE                 1.50    1.86   -0.36 (VIOLATED)
ANTENNA__32624__S/DIODE                 1.50    1.86   -0.36 (VIOLATED)
_32624_/S                               1.50    1.86   -0.36 (VIOLATED)
_32625_/S                               1.50    1.86   -0.36 (VIOLATED)
ANTENNA__32625__S/DIODE                 1.50    1.86   -0.36 (VIOLATED)
_32629_/S                               1.50    1.86   -0.36 (VIOLATED)
ANTENNA__32629__S/DIODE                 1.50    1.86   -0.36 (VIOLATED)
_32623_/S                               1.50    1.86   -0.36 (VIOLATED)
ANTENNA__32623__S/DIODE                 1.50    1.86   -0.36 (VIOLATED)
_32622_/S                               1.50    1.86   -0.36 (VIOLATED)
ANTENNA__32622__S/DIODE                 1.50    1.86   -0.36 (VIOLATED)
_32621_/S                               1.50    1.86   -0.36 (VIOLATED)
ANTENNA__32621__S/DIODE                 1.50    1.86   -0.36 (VIOLATED)
ANTENNA__31742__A1/DIODE                1.50    1.86   -0.36 (VIOLATED)
_31742_/A1                              1.50    1.86   -0.36 (VIOLATED)
_33957_/S1                              1.50    1.85   -0.35 (VIOLATED)
_34302_/S1                              1.50    1.85   -0.35 (VIOLATED)
_34322_/S1                              1.50    1.85   -0.35 (VIOLATED)
ANTENNA__34322__S1/DIODE                1.50    1.85   -0.35 (VIOLATED)
ANTENNA__34302__S1/DIODE                1.50    1.85   -0.35 (VIOLATED)
_32620_/S                               1.50    1.85   -0.35 (VIOLATED)
ANTENNA__32620__S/DIODE                 1.50    1.85   -0.35 (VIOLATED)
_34412_/S1                              1.50    1.85   -0.35 (VIOLATED)
ANTENNA__34412__S1/DIODE                1.50    1.85   -0.35 (VIOLATED)
_32619_/S                               1.50    1.85   -0.35 (VIOLATED)
ANTENNA__32619__S/DIODE                 1.50    1.85   -0.35 (VIOLATED)
ANTENNA_hold1556_A/DIODE                1.50    1.85   -0.35 (VIOLATED)
ANTENNA__34382__S1/DIODE                1.50    1.85   -0.35 (VIOLATED)
_34382_/S1                              1.50    1.85   -0.35 (VIOLATED)
_34352_/S1                              1.50    1.85   -0.35 (VIOLATED)
ANTENNA__34352__S1/DIODE                1.50    1.85   -0.35 (VIOLATED)
_34297_/S1                              1.50    1.85   -0.35 (VIOLATED)
ANTENNA__34297__S1/DIODE                1.50    1.85   -0.35 (VIOLATED)
_34342_/S1                              1.50    1.85   -0.35 (VIOLATED)
ANTENNA__34342__S1/DIODE                1.50    1.85   -0.35 (VIOLATED)
ANTENNA__33957__S1/DIODE                1.50    1.85   -0.35 (VIOLATED)
_38214_/Q                               1.51    1.85   -0.34 (VIOLATED)
_33628_/S                               1.50    1.84   -0.34 (VIOLATED)
ANTENNA__33628__S/DIODE                 1.50    1.84   -0.34 (VIOLATED)
_34047_/S1                              1.50    1.83   -0.33 (VIOLATED)
_31731_/B1                              1.50    1.83   -0.33 (VIOLATED)
ANTENNA__31731__B1/DIODE                1.50    1.83   -0.33 (VIOLATED)
ANTENNA__34047__S1/DIODE                1.50    1.83   -0.33 (VIOLATED)
_33630_/S                               1.50    1.82   -0.32 (VIOLATED)
ANTENNA__33630__S/DIODE                 1.50    1.82   -0.32 (VIOLATED)
_34292_/S1                              1.50    1.82   -0.32 (VIOLATED)
_34442_/S1                              1.50    1.82   -0.32 (VIOLATED)
ANTENNA__34442__S1/DIODE                1.50    1.82   -0.32 (VIOLATED)
_31720_/A                               1.50    1.82   -0.32 (VIOLATED)
ANTENNA__31720__A/DIODE                 1.50    1.82   -0.32 (VIOLATED)
_34492_/S1                              1.50    1.82   -0.32 (VIOLATED)
ANTENNA__34492__S1/DIODE                1.50    1.82   -0.32 (VIOLATED)
ANTENNA__34292__S1/DIODE                1.50    1.82   -0.32 (VIOLATED)
_34447_/S1                              1.50    1.82   -0.32 (VIOLATED)
ANTENNA__34447__S1/DIODE                1.50    1.82   -0.32 (VIOLATED)
_34497_/S1                              1.50    1.82   -0.32 (VIOLATED)
ANTENNA__34497__S1/DIODE                1.50    1.81   -0.31 (VIOLATED)
_34077_/S1                              1.50    1.81   -0.31 (VIOLATED)
ANTENNA__34077__S1/DIODE                1.50    1.81   -0.31 (VIOLATED)
_34482_/S1                              1.50    1.81   -0.31 (VIOLATED)
ANTENNA__34482__S1/DIODE                1.50    1.81   -0.31 (VIOLATED)
_25400_/S                               1.50    1.80   -0.30 (VIOLATED)
_25410_/S                               1.50    1.80   -0.30 (VIOLATED)
ANTENNA__25410__S/DIODE                 1.50    1.80   -0.30 (VIOLATED)
ANTENNA__25400__S/DIODE                 1.50    1.80   -0.30 (VIOLATED)
_25398_/S                               1.50    1.80   -0.30 (VIOLATED)
ANTENNA__25406__S/DIODE                 1.50    1.80   -0.30 (VIOLATED)
_25404_/S                               1.50    1.80   -0.30 (VIOLATED)
ANTENNA__25404__S/DIODE                 1.50    1.80   -0.30 (VIOLATED)
_33632_/S                               1.50    1.80   -0.30 (VIOLATED)
_25406_/S                               1.50    1.80   -0.30 (VIOLATED)
_25408_/S                               1.50    1.80   -0.30 (VIOLATED)
ANTENNA__25408__S/DIODE                 1.50    1.80   -0.30 (VIOLATED)
ANTENNA__25398__S/DIODE                 1.50    1.80   -0.30 (VIOLATED)
_25402_/S                               1.50    1.80   -0.30 (VIOLATED)
ANTENNA__25402__S/DIODE                 1.50    1.80   -0.30 (VIOLATED)
ANTENNA__33632__S/DIODE                 1.50    1.80   -0.30 (VIOLATED)
_34487_/S1                              1.50    1.80   -0.30 (VIOLATED)
ANTENNA__34487__S1/DIODE                1.50    1.80   -0.30 (VIOLATED)
_25396_/S                               1.50    1.80   -0.30 (VIOLATED)
ANTENNA__25396__S/DIODE                 1.50    1.80   -0.30 (VIOLATED)
_33952_/S1                              1.50    1.80   -0.30 (VIOLATED)
_25394_/S                               1.50    1.80   -0.30 (VIOLATED)
ANTENNA__25394__S/DIODE                 1.50    1.80   -0.30 (VIOLATED)
_25412_/S                               1.50    1.80   -0.30 (VIOLATED)
ANTENNA__25412__S/DIODE                 1.50    1.80   -0.30 (VIOLATED)
_25414_/S                               1.50    1.80   -0.30 (VIOLATED)
ANTENNA__25414__S/DIODE                 1.50    1.80   -0.30 (VIOLATED)
_25392_/S                               1.50    1.80   -0.30 (VIOLATED)
ANTENNA__25392__S/DIODE                 1.50    1.80   -0.30 (VIOLATED)
_25390_/S                               1.50    1.79   -0.29 (VIOLATED)
ANTENNA__25390__S/DIODE                 1.50    1.79   -0.29 (VIOLATED)
_31713_/B1                              1.50    1.79   -0.29 (VIOLATED)
_25388_/S                               1.50    1.79   -0.29 (VIOLATED)
ANTENNA__25388__S/DIODE                 1.50    1.79   -0.29 (VIOLATED)
_25416_/S                               1.50    1.79   -0.29 (VIOLATED)
ANTENNA__25416__S/DIODE                 1.50    1.79   -0.29 (VIOLATED)
_34337_/S1                              1.50    1.79   -0.29 (VIOLATED)
_34472_/S1                              1.50    1.79   -0.29 (VIOLATED)
ANTENNA__34472__S1/DIODE                1.50    1.79   -0.29 (VIOLATED)
ANTENNA__33952__S1/DIODE                1.50    1.79   -0.29 (VIOLATED)
_34122_/S1                              1.50    1.79   -0.29 (VIOLATED)
ANTENNA__34122__S1/DIODE                1.50    1.79   -0.29 (VIOLATED)
_34462_/S1                              1.50    1.79   -0.29 (VIOLATED)
ANTENNA__34462__S1/DIODE                1.50    1.79   -0.29 (VIOLATED)
_25386_/S                               1.50    1.79   -0.29 (VIOLATED)
ANTENNA__25386__S/DIODE                 1.50    1.79   -0.29 (VIOLATED)
ANTENNA__34337__S1/DIODE                1.50    1.79   -0.29 (VIOLATED)
ANTENNA__31713__B1/DIODE                1.50    1.79   -0.29 (VIOLATED)
_34172_/S1                              1.50    1.79   -0.29 (VIOLATED)
ANTENNA__34172__S1/DIODE                1.50    1.79   -0.29 (VIOLATED)
_34402_/S1                              1.50    1.79   -0.29 (VIOLATED)
ANTENNA__34402__S1/DIODE                1.50    1.79   -0.29 (VIOLATED)
ANTENNA__34377__S1/DIODE                1.50    1.79   -0.29 (VIOLATED)
_34377_/S1                              1.50    1.79   -0.29 (VIOLATED)
_34312_/S1                              1.50    1.79   -0.29 (VIOLATED)
ANTENNA__34312__S1/DIODE                1.50    1.79   -0.29 (VIOLATED)
_25420_/S                               1.50    1.79   -0.29 (VIOLATED)
ANTENNA__25420__S/DIODE                 1.50    1.79   -0.29 (VIOLATED)
_34127_/S1                              1.50    1.79   -0.29 (VIOLATED)
ANTENNA__34127__S1/DIODE                1.50    1.79   -0.29 (VIOLATED)
_25418_/S                               1.50    1.79   -0.29 (VIOLATED)
ANTENNA__25418__S/DIODE                 1.50    1.78   -0.28 (VIOLATED)
_34177_/S1                              1.50    1.78   -0.28 (VIOLATED)
ANTENNA__34177__S1/DIODE                1.50    1.78   -0.28 (VIOLATED)
_25424_/S                               1.50    1.78   -0.28 (VIOLATED)
_34162_/S1                              1.50    1.78   -0.28 (VIOLATED)
ANTENNA__34162__S1/DIODE                1.50    1.78   -0.28 (VIOLATED)
ANTENNA__25424__S/DIODE                 1.50    1.78   -0.28 (VIOLATED)
_34467_/S1                              1.50    1.78   -0.28 (VIOLATED)
_25422_/S                               1.50    1.78   -0.28 (VIOLATED)
ANTENNA__34467__S1/DIODE                1.50    1.78   -0.28 (VIOLATED)
ANTENNA__25422__S/DIODE                 1.50    1.78   -0.28 (VIOLATED)
_25426_/S                               1.50    1.78   -0.28 (VIOLATED)
ANTENNA__25426__S/DIODE                 1.50    1.78   -0.28 (VIOLATED)
_25428_/S                               1.50    1.77   -0.27 (VIOLATED)
ANTENNA__25428__S/DIODE                 1.50    1.77   -0.27 (VIOLATED)
_34167_/S1                              1.50    1.77   -0.27 (VIOLATED)
ANTENNA__34167__S1/DIODE                1.50    1.77   -0.27 (VIOLATED)
_33947_/S1                              1.50    1.77   -0.27 (VIOLATED)
ANTENNA__33947__S1/DIODE                1.50    1.77   -0.27 (VIOLATED)
_25329_/S                               1.50    1.77   -0.27 (VIOLATED)
_33634_/S                               1.50    1.77   -0.27 (VIOLATED)
_34477_/S1                              1.50    1.77   -0.27 (VIOLATED)
ANTENNA__34477__S1/DIODE                1.50    1.77   -0.27 (VIOLATED)
_34332_/S1                              1.50    1.77   -0.27 (VIOLATED)
ANTENNA__25329__S/DIODE                 1.50    1.77   -0.27 (VIOLATED)
_30660_/A1                              1.50    1.77   -0.27 (VIOLATED)
ANTENNA__30660__A1/DIODE                1.50    1.77   -0.27 (VIOLATED)
_31704_/B1                              1.50    1.77   -0.27 (VIOLATED)
ANTENNA__31704__B1/DIODE                1.50    1.77   -0.27 (VIOLATED)
ANTENNA__33634__S/DIODE                 1.50    1.77   -0.27 (VIOLATED)
_25361_/S                               1.50    1.77   -0.27 (VIOLATED)
_25337_/S                               1.50    1.77   -0.27 (VIOLATED)
ANTENNA__25337__S/DIODE                 1.50    1.77   -0.27 (VIOLATED)
ANTENNA__25361__S/DIODE                 1.50    1.77   -0.27 (VIOLATED)
ANTENNA__34332__S1/DIODE                1.50    1.76   -0.26 (VIOLATED)
_25321_/S                               1.50    1.76   -0.26 (VIOLATED)
ANTENNA__25321__S/DIODE                 1.50    1.76   -0.26 (VIOLATED)
_25353_/S                               1.50    1.76   -0.26 (VIOLATED)
ANTENNA__25353__S/DIODE                 1.50    1.76   -0.26 (VIOLATED)
_33942_/S1                              1.50    1.76   -0.26 (VIOLATED)
_25345_/S                               1.50    1.76   -0.26 (VIOLATED)
ANTENNA__25345__S/DIODE                 1.50    1.76   -0.26 (VIOLATED)
_34142_/S1                              1.50    1.76   -0.26 (VIOLATED)
ANTENNA__34142__S1/DIODE                1.50    1.76   -0.26 (VIOLATED)
_25325_/S                               1.50    1.75   -0.25 (VIOLATED)
ANTENNA__25325__S/DIODE                 1.50    1.75   -0.25 (VIOLATED)
_33636_/S                               1.50    1.75   -0.25 (VIOLATED)
_34152_/S1                              1.50    1.75   -0.25 (VIOLATED)
ANTENNA__34152__S1/DIODE                1.50    1.75   -0.25 (VIOLATED)
ANTENNA__33942__S1/DIODE                1.50    1.75   -0.25 (VIOLATED)
_25351_/S                               1.50    1.75   -0.25 (VIOLATED)
ANTENNA__25351__S/DIODE                 1.50    1.75   -0.25 (VIOLATED)
_25343_/S                               1.50    1.75   -0.25 (VIOLATED)
ANTENNA__25343__S/DIODE                 1.50    1.75   -0.25 (VIOLATED)
_25335_/S                               1.50    1.75   -0.25 (VIOLATED)
ANTENNA__34407__S1/DIODE                1.50    1.75   -0.25 (VIOLATED)
_34407_/S1                              1.50    1.75   -0.25 (VIOLATED)
_34372_/S1                              1.50    1.75   -0.25 (VIOLATED)
ANTENNA__34372__S1/DIODE                1.50    1.75   -0.25 (VIOLATED)
ANTENNA__25335__S/DIODE                 1.50    1.75   -0.25 (VIOLATED)
ANTENNA__33636__S/DIODE                 1.50    1.75   -0.25 (VIOLATED)
_25323_/S                               1.50    1.75   -0.25 (VIOLATED)
ANTENNA__25323__S/DIODE                 1.50    1.75   -0.25 (VIOLATED)
_25357_/S                               1.50    1.75   -0.25 (VIOLATED)
ANTENNA__25357__S/DIODE                 1.50    1.75   -0.25 (VIOLATED)
_34457_/S1                              1.50    1.75   -0.25 (VIOLATED)
ANTENNA__34457__S1/DIODE                1.50    1.75   -0.25 (VIOLATED)
_25355_/S                               1.50    1.74   -0.24 (VIOLATED)
ANTENNA__25355__S/DIODE                 1.50    1.74   -0.24 (VIOLATED)
_25339_/S                               1.50    1.74   -0.24 (VIOLATED)
_34437_/S1                              1.50    1.74   -0.24 (VIOLATED)
_34157_/S1                              1.50    1.74   -0.24 (VIOLATED)
ANTENNA__34157__S1/DIODE                1.50    1.74   -0.24 (VIOLATED)
ANTENNA__25339__S/DIODE                 1.50    1.74   -0.24 (VIOLATED)
ANTENNA__34437__S1/DIODE                1.50    1.74   -0.24 (VIOLATED)
_25359_/S                               1.50    1.74   -0.24 (VIOLATED)
_25327_/S                               1.50    1.74   -0.24 (VIOLATED)
ANTENNA__25327__S/DIODE                 1.50    1.74   -0.24 (VIOLATED)
ANTENNA__25359__S/DIODE                 1.50    1.74   -0.24 (VIOLATED)
_25377_/S                               1.50    1.73   -0.23 (VIOLATED)
ANTENNA__25377__S/DIODE                 1.50    1.73   -0.23 (VIOLATED)
_33003_/S                               1.50    1.73   -0.23 (VIOLATED)
ANTENNA__33003__S/DIODE                 1.50    1.73   -0.23 (VIOLATED)
_32999_/S                               1.50    1.73   -0.23 (VIOLATED)
ANTENNA__32999__S/DIODE                 1.50    1.73   -0.23 (VIOLATED)
ANTENNA__32995__S/DIODE                 1.50    1.73   -0.23 (VIOLATED)
_32995_/S                               1.50    1.73   -0.23 (VIOLATED)
_32993_/S                               1.50    1.73   -0.23 (VIOLATED)
ANTENNA__32993__S/DIODE                 1.50    1.73   -0.23 (VIOLATED)
_32997_/S                               1.50    1.73   -0.23 (VIOLATED)
ANTENNA__32997__S/DIODE                 1.50    1.73   -0.23 (VIOLATED)
_34147_/S1                              1.50    1.73   -0.23 (VIOLATED)
ANTENNA__34147__S1/DIODE                1.50    1.73   -0.23 (VIOLATED)
_25341_/S                               1.50    1.73   -0.23 (VIOLATED)
ANTENNA__25341__S/DIODE                 1.50    1.73   -0.23 (VIOLATED)
_33640_/S                               1.50    1.73   -0.23 (VIOLATED)
sky130_sram_2kbyte_1rw1r_32x512_8/wmask0[3]    0.04    0.27   -0.23 (VIOLATED)
_32991_/S                               1.50    1.73   -0.23 (VIOLATED)
ANTENNA__32991__S/DIODE                 1.50    1.73   -0.23 (VIOLATED)
ANTENNA__33640__S/DIODE                 1.50    1.73   -0.23 (VIOLATED)
_32989_/S                               1.50    1.73   -0.23 (VIOLATED)
ANTENNA__32989__S/DIODE                 1.50    1.73   -0.23 (VIOLATED)
_32987_/S                               1.50    1.73   -0.23 (VIOLATED)
_25347_/S                               1.50    1.73   -0.23 (VIOLATED)
ANTENNA__25347__S/DIODE                 1.50    1.73   -0.23 (VIOLATED)
_25331_/S                               1.50    1.73   -0.23 (VIOLATED)
ANTENNA__32987__S/DIODE                 1.50    1.73   -0.23 (VIOLATED)
ANTENNA__25331__S/DIODE                 1.50    1.73   -0.23 (VIOLATED)
_25373_/S                               1.50    1.73   -0.23 (VIOLATED)
ANTENNA__32985__S/DIODE                 1.50    1.72   -0.22 (VIOLATED)
_34282_/S1                              1.50    1.72   -0.22 (VIOLATED)
_32985_/S                               1.50    1.72   -0.22 (VIOLATED)
_25349_/S                               1.50    1.72   -0.22 (VIOLATED)
ANTENNA__34282__S1/DIODE                1.50    1.72   -0.22 (VIOLATED)
_31674_/A1                              1.50    1.72   -0.22 (VIOLATED)
_33001_/S                               1.50    1.72   -0.22 (VIOLATED)
ANTENNA__31674__A1/DIODE                1.50    1.72   -0.22 (VIOLATED)
ANTENNA__33001__S/DIODE                 1.50    1.72   -0.22 (VIOLATED)
ANTENNA__25349__S/DIODE                 1.50    1.72   -0.22 (VIOLATED)
_25363_/S                               1.50    1.72   -0.22 (VIOLATED)
ANTENNA__25363__S/DIODE                 1.50    1.72   -0.22 (VIOLATED)
_33007_/S                               1.50    1.72   -0.22 (VIOLATED)
ANTENNA__33007__S/DIODE                 1.50    1.72   -0.22 (VIOLATED)
_34452_/S1                              1.50    1.72   -0.22 (VIOLATED)
ANTENNA__34452__S1/DIODE                1.50    1.72   -0.22 (VIOLATED)
ANTENNA__25373__S/DIODE                 1.50    1.72   -0.22 (VIOLATED)
_25375_/S                               1.50    1.72   -0.22 (VIOLATED)
ANTENNA__25375__S/DIODE                 1.50    1.72   -0.22 (VIOLATED)
_33005_/S                               1.50    1.72   -0.22 (VIOLATED)
_25381_/S                               1.50    1.72   -0.22 (VIOLATED)
ANTENNA__25381__S/DIODE                 1.50    1.72   -0.22 (VIOLATED)
ANTENNA__33005__S/DIODE                 1.50    1.72   -0.22 (VIOLATED)
ANTENNA__25365__S/DIODE                 1.50    1.72   -0.22 (VIOLATED)
_25365_/S                               1.50    1.72   -0.22 (VIOLATED)
ANTENNA__25333__S/DIODE                 1.50    1.72   -0.22 (VIOLATED)
_25333_/S                               1.50    1.72   -0.22 (VIOLATED)
_25430_/S                               1.50    1.71   -0.21 (VIOLATED)
ANTENNA__25430__S/DIODE                 1.50    1.71   -0.21 (VIOLATED)
_25367_/S                               1.50    1.71   -0.21 (VIOLATED)
_34432_/S1                              1.50    1.71   -0.21 (VIOLATED)
_33009_/S                               1.50    1.71   -0.21 (VIOLATED)
ANTENNA__33009__S/DIODE                 1.50    1.71   -0.21 (VIOLATED)
ANTENNA__25367__S/DIODE                 1.50    1.71   -0.21 (VIOLATED)
sky130_sram_2kbyte_1rw1r_32x512_8/wmask0[2]    0.04    0.25   -0.21 (VIOLATED)
_34117_/S1                              1.50    1.71   -0.21 (VIOLATED)
ANTENNA__34432__S1/DIODE                1.50    1.71   -0.21 (VIOLATED)
_25369_/S                               1.50    1.71   -0.21 (VIOLATED)
_34287_/S1                              1.50    1.71   -0.21 (VIOLATED)
ANTENNA__34117__S1/DIODE                1.50    1.71   -0.21 (VIOLATED)
ANTENNA__34287__S1/DIODE                1.50    1.71   -0.21 (VIOLATED)
ANTENNA__25369__S/DIODE                 1.50    1.71   -0.21 (VIOLATED)
_25371_/S                               1.50    1.71   -0.21 (VIOLATED)
_25432_/S                               1.50    1.71   -0.21 (VIOLATED)
ANTENNA__25432__S/DIODE                 1.50    1.71   -0.21 (VIOLATED)
_25438_/S                               1.50    1.71   -0.21 (VIOLATED)
ANTENNA__25438__S/DIODE                 1.50    1.71   -0.21 (VIOLATED)
ANTENNA__25371__S/DIODE                 1.50    1.71   -0.21 (VIOLATED)
_33011_/S                               1.50    1.71   -0.21 (VIOLATED)
_31684_/A1                              1.50    1.71   -0.21 (VIOLATED)
ANTENNA__33011__S/DIODE                 1.50    1.71   -0.21 (VIOLATED)
_34137_/S1                              1.50    1.70   -0.20 (VIOLATED)
ANTENNA__34137__S1/DIODE                1.50    1.70   -0.20 (VIOLATED)
_25379_/S                               1.50    1.70   -0.20 (VIOLATED)
ANTENNA__31684__A1/DIODE                1.50    1.70   -0.20 (VIOLATED)
_25317_/S                               1.50    1.70   -0.20 (VIOLATED)
ANTENNA__25317__S/DIODE                 1.50    1.70   -0.20 (VIOLATED)
ANTENNA__25379__S/DIODE                 1.50    1.70   -0.20 (VIOLATED)
_25383_/S                               1.50    1.70   -0.20 (VIOLATED)
ANTENNA__25383__S/DIODE                 1.50    1.70   -0.20 (VIOLATED)
_34277_/S1                              1.50    1.70   -0.20 (VIOLATED)
_33013_/S                               1.50    1.70   -0.20 (VIOLATED)
_25319_/S                               1.50    1.70   -0.20 (VIOLATED)
ANTENNA__33013__S/DIODE                 1.50    1.70   -0.20 (VIOLATED)
ANTENNA__25319__S/DIODE                 1.50    1.70   -0.20 (VIOLATED)
_16983_/B                               1.50    1.70   -0.20 (VIOLATED)
ANTENNA__34277__S1/DIODE                1.50    1.70   -0.20 (VIOLATED)
ANTENNA__16983__B/DIODE                 1.50    1.69   -0.19 (VIOLATED)
_32983_/S                               1.50    1.69   -0.19 (VIOLATED)
ANTENNA__32983__S/DIODE                 1.50    1.69   -0.19 (VIOLATED)
ANTENNA__33882__S1/DIODE                1.50    1.69   -0.19 (VIOLATED)
_32761_/A1                              1.50    1.69   -0.19 (VIOLATED)
ANTENNA__32761__A1/DIODE                1.50    1.69   -0.19 (VIOLATED)
_33882_/S1                              1.50    1.69   -0.19 (VIOLATED)
ANTENNA__31694__A1/DIODE                1.50    1.69   -0.19 (VIOLATED)
_31694_/A1                              1.50    1.69   -0.19 (VIOLATED)
_25448_/S                               1.50    1.69   -0.19 (VIOLATED)
ANTENNA__25448__S/DIODE                 1.50    1.69   -0.19 (VIOLATED)
_32979_/S                               1.50    1.69   -0.19 (VIOLATED)
ANTENNA__32979__S/DIODE                 1.50    1.69   -0.19 (VIOLATED)
ANTENNA__25446__S/DIODE                 1.50    1.69   -0.19 (VIOLATED)
ANTENNA__33015__S/DIODE                 1.50    1.69   -0.19 (VIOLATED)
_25446_/S                               1.50    1.69   -0.19 (VIOLATED)
_16981_/A                               1.50    1.69   -0.19 (VIOLATED)
ANTENNA__16981__A/DIODE                 1.50    1.69   -0.19 (VIOLATED)
_32981_/S                               1.50    1.69   -0.19 (VIOLATED)
ANTENNA__32981__S/DIODE                 1.50    1.69   -0.19 (VIOLATED)
_33015_/S                               1.50    1.69   -0.19 (VIOLATED)
_30591_/A2                              1.50    1.69   -0.19 (VIOLATED)
_30566_/B                               1.50    1.69   -0.19 (VIOLATED)
ANTENNA__30566__B/DIODE                 1.50    1.69   -0.19 (VIOLATED)
ANTENNA__30591__A2/DIODE                1.50    1.69   -0.19 (VIOLATED)
_25442_/S                               1.50    1.69   -0.19 (VIOLATED)
ANTENNA__25442__S/DIODE                 1.50    1.69   -0.19 (VIOLATED)
_25444_/S                               1.50    1.69   -0.19 (VIOLATED)
ANTENNA__25444__S/DIODE                 1.50    1.69   -0.19 (VIOLATED)
_25434_/S                               1.50    1.69   -0.19 (VIOLATED)
ANTENNA__25434__S/DIODE                 1.50    1.69   -0.19 (VIOLATED)
_25436_/S                               1.50    1.69   -0.19 (VIOLATED)
ANTENNA__25436__S/DIODE                 1.50    1.69   -0.19 (VIOLATED)
ANTENNA__25440__S/DIODE                 1.50    1.69   -0.19 (VIOLATED)
_25440_/S                               1.50    1.69   -0.19 (VIOLATED)
ANTENNA__34397__S1/DIODE                1.50    1.69   -0.19 (VIOLATED)
_34397_/S1                              1.50    1.69   -0.19 (VIOLATED)
_34132_/S1                              1.50    1.69   -0.19 (VIOLATED)
ANTENNA__34132__S1/DIODE                1.50    1.69   -0.19 (VIOLATED)
_34367_/S1                              1.50    1.69   -0.19 (VIOLATED)
ANTENNA__34367__S1/DIODE                1.50    1.69   -0.19 (VIOLATED)
_34072_/S1                              1.50    1.69   -0.19 (VIOLATED)
ANTENNA__34072__S1/DIODE                1.50    1.69   -0.19 (VIOLATED)
_34042_/S1                              1.50    1.69   -0.19 (VIOLATED)
ANTENNA__34042__S1/DIODE                1.50    1.69   -0.19 (VIOLATED)
_34272_/S1                              1.50    1.69   -0.19 (VIOLATED)
ANTENNA__34272__S1/DIODE                1.50    1.69   -0.19 (VIOLATED)
ANTENNA__33932__S1/DIODE                1.50    1.68   -0.18 (VIOLATED)
_33932_/S1                              1.50    1.68   -0.18 (VIOLATED)
_39521_/Q                               1.51    1.69   -0.18 (VIOLATED)
_34227_/S1                              1.50    1.68   -0.18 (VIOLATED)
ANTENNA__34227__S1/DIODE                1.50    1.68   -0.18 (VIOLATED)
_34247_/S1                              1.50    1.68   -0.18 (VIOLATED)
_33638_/S                               1.50    1.68   -0.18 (VIOLATED)
ANTENNA__33638__S/DIODE                 1.50    1.68   -0.18 (VIOLATED)
ANTENNA__34247__S1/DIODE                1.50    1.68   -0.18 (VIOLATED)
_31747_/B2                              1.50    1.67   -0.17 (VIOLATED)
ANTENNA__31747__B2/DIODE                1.50    1.67   -0.17 (VIOLATED)
_31662_/A1                              1.50    1.67   -0.17 (VIOLATED)
ANTENNA__31662__A1/DIODE                1.50    1.67   -0.17 (VIOLATED)
ANTENNA__33642__S/DIODE                 1.50    1.67   -0.17 (VIOLATED)
ANTENNA__34112__S1/DIODE                1.50    1.67   -0.17 (VIOLATED)
_34112_/S1                              1.50    1.67   -0.17 (VIOLATED)
_33642_/S                               1.50    1.67   -0.17 (VIOLATED)
_34267_/S1                              1.50    1.67   -0.17 (VIOLATED)
ANTENNA__34267__S1/DIODE                1.50    1.67   -0.17 (VIOLATED)
_33646_/S                               1.50    1.65   -0.15 (VIOLATED)
ANTENNA__31214__B2/DIODE                1.50    1.65   -0.15 (VIOLATED)
_34422_/S1                              1.50    1.65   -0.15 (VIOLATED)
_34262_/S1                              1.50    1.65   -0.15 (VIOLATED)
_31214_/B2                              1.50    1.65   -0.15 (VIOLATED)
ANTENNA__33646__S/DIODE                 1.50    1.65   -0.15 (VIOLATED)
ANTENNA__34422__S1/DIODE                1.50    1.65   -0.15 (VIOLATED)
ANTENNA__34262__S1/DIODE                1.50    1.65   -0.15 (VIOLATED)
_31646_/A1                              1.50    1.65   -0.15 (VIOLATED)
ANTENNA__31646__A1/DIODE                1.50    1.65   -0.15 (VIOLATED)
_33887_/S1                              1.50    1.65   -0.15 (VIOLATED)
_33644_/S                               1.50    1.64   -0.14 (VIOLATED)
ANTENNA__33644__S/DIODE                 1.50    1.64   -0.14 (VIOLATED)
_31653_/B1                              1.50    1.64   -0.14 (VIOLATED)
ANTENNA__33887__S1/DIODE                1.50    1.64   -0.14 (VIOLATED)
ANTENNA__31653__B1/DIODE                1.50    1.64   -0.14 (VIOLATED)
_33907_/S1                              1.50    1.64   -0.14 (VIOLATED)
sky130_sram_2kbyte_1rw1r_32x512_8/wmask0[0]    0.04    0.18   -0.14 (VIOLATED)
ANTENNA__33907__S1/DIODE                1.50    1.64   -0.14 (VIOLATED)
_33927_/S1                              1.50    1.64   -0.14 (VIOLATED)
ANTENNA__33927__S1/DIODE                1.50    1.64   -0.14 (VIOLATED)
ANTENNA__34242__S1/DIODE                1.50    1.63   -0.13 (VIOLATED)
_34242_/S1                              1.50    1.63   -0.13 (VIOLATED)
_31637_/A1                              1.50    1.63   -0.13 (VIOLATED)
_33650_/S                               1.50    1.63   -0.13 (VIOLATED)
ANTENNA__33650__S/DIODE                 1.50    1.63   -0.13 (VIOLATED)
_31628_/A1                              1.50    1.63   -0.13 (VIOLATED)
ANTENNA__31637__A1/DIODE                1.50    1.63   -0.13 (VIOLATED)
_33648_/S                               1.50    1.63   -0.13 (VIOLATED)
ANTENNA__33648__S/DIODE                 1.50    1.63   -0.13 (VIOLATED)
ANTENNA__31628__A1/DIODE                1.50    1.63   -0.13 (VIOLATED)
_34222_/S1                              1.50    1.62   -0.12 (VIOLATED)
sky130_sram_2kbyte_1rw1r_32x512_8/wmask0[1]    0.04    0.16   -0.12 (VIOLATED)
ANTENNA__34222__S1/DIODE                1.50    1.62   -0.12 (VIOLATED)
_34102_/S1                              1.50    1.62   -0.12 (VIOLATED)
_32053_/A_N                             1.50    1.62   -0.12 (VIOLATED)
ANTENNA__32053__A_N/DIODE               1.50    1.62   -0.12 (VIOLATED)
_34362_/S1                              1.50    1.62   -0.12 (VIOLATED)
ANTENNA__34362__S1/DIODE                1.50    1.62   -0.12 (VIOLATED)
_34392_/S1                              1.50    1.62   -0.12 (VIOLATED)
ANTENNA__34392__S1/DIODE                1.50    1.62   -0.12 (VIOLATED)
ANTENNA__34102__S1/DIODE                1.50    1.62   -0.12 (VIOLATED)
_34252_/S1                              1.50    1.62   -0.12 (VIOLATED)
ANTENNA__34252__S1/DIODE                1.50    1.62   -0.12 (VIOLATED)
sky130_sram_2kbyte_1rw1r_32x512_8/addr0[4]    0.04    0.16   -0.12 (VIOLATED)
sky130_sram_2kbyte_1rw1r_32x512_8/addr0[3]    0.04    0.16   -0.12 (VIOLATED)
sky130_sram_2kbyte_1rw1r_32x512_8/addr0[0]    0.04    0.16   -0.12 (VIOLATED)
sky130_sram_2kbyte_1rw1r_32x512_8/addr0[2]    0.04    0.15   -0.11 (VIOLATED)
sky130_sram_2kbyte_1rw1r_32x512_8/addr0[1]    0.04    0.15   -0.11 (VIOLATED)
_25473_/A1                              1.50    1.61   -0.11 (VIOLATED)
ANTENNA__25473__A1/DIODE                1.50    1.61   -0.11 (VIOLATED)
_34217_/S1                              1.50    1.61   -0.11 (VIOLATED)
ANTENNA__34217__S1/DIODE                1.50    1.61   -0.11 (VIOLATED)
sky130_sram_2kbyte_1rw1r_32x512_8/addr0[5]    0.04    0.15   -0.11 (VIOLATED)
sky130_sram_2kbyte_1rw1r_32x512_8/addr0[6]    0.04    0.15   -0.11 (VIOLATED)
_33937_/S1                              1.50    1.61   -0.11 (VIOLATED)
sky130_sram_2kbyte_1rw1r_32x512_8/addr0[7]    0.04    0.15   -0.11 (VIOLATED)
_37435_/Q                               1.51    1.61   -0.10 (VIOLATED)
_34207_/S1                              1.50    1.60   -0.10 (VIOLATED)
_34192_/S1                              1.50    1.60   -0.10 (VIOLATED)
ANTENNA__34192__S1/DIODE                1.50    1.60   -0.10 (VIOLATED)
_34202_/S1                              1.50    1.60   -0.10 (VIOLATED)
ANTENNA__34202__S1/DIODE                1.50    1.60   -0.10 (VIOLATED)
_34197_/S1                              1.50    1.60   -0.10 (VIOLATED)
ANTENNA__34197__S1/DIODE                1.50    1.60   -0.10 (VIOLATED)
_33867_/S1                              1.50    1.60   -0.10 (VIOLATED)
ANTENNA__33867__S1/DIODE                1.50    1.60   -0.10 (VIOLATED)
ANTENNA__33862__S1/DIODE                1.50    1.60   -0.10 (VIOLATED)
_33862_/S1                              1.50    1.60   -0.10 (VIOLATED)
ANTENNA__33937__S1/DIODE                1.50    1.60   -0.10 (VIOLATED)
ANTENNA__34207__S1/DIODE                1.50    1.60   -0.10 (VIOLATED)
_34427_/S1                              1.50    1.60   -0.10 (VIOLATED)
ANTENNA__34427__S1/DIODE                1.50    1.60   -0.10 (VIOLATED)
_33922_/S1                              1.50    1.60   -0.10 (VIOLATED)
_34212_/S1                              1.50    1.60   -0.10 (VIOLATED)
ANTENNA__34212__S1/DIODE                1.50    1.60   -0.10 (VIOLATED)
ANTENNA__32302__A2/DIODE                1.50    1.60   -0.10 (VIOLATED)
_31811_/B                               1.50    1.60   -0.10 (VIOLATED)
ANTENNA__31811__B/DIODE                 1.50    1.60   -0.10 (VIOLATED)
_20710_/C                               1.50    1.60   -0.10 (VIOLATED)
_31819_/A2                              1.50    1.60   -0.10 (VIOLATED)
_20712_/C                               1.50    1.60   -0.10 (VIOLATED)
ANTENNA__20712__C/DIODE                 1.50    1.60   -0.10 (VIOLATED)
ANTENNA__31819__A2/DIODE                1.50    1.60   -0.10 (VIOLATED)
ANTENNA__20710__C/DIODE                 1.50    1.60   -0.10 (VIOLATED)
ANTENNA__33922__S1/DIODE                1.50    1.59   -0.09 (VIOLATED)
_32302_/A2                              1.50    1.59   -0.09 (VIOLATED)
_31837_/A2                              1.50    1.59   -0.09 (VIOLATED)
_20705_/C                               1.50    1.59   -0.09 (VIOLATED)
ANTENNA__20705__C/DIODE                 1.50    1.59   -0.09 (VIOLATED)
ANTENNA__31837__A2/DIODE                1.50    1.59   -0.09 (VIOLATED)
ANTENNA__20707__C/DIODE                 1.50    1.59   -0.09 (VIOLATED)
_20707_/C                               1.50    1.59   -0.09 (VIOLATED)
_31828_/A2                              1.50    1.59   -0.09 (VIOLATED)
ANTENNA__31828__A2/DIODE                1.50    1.59   -0.09 (VIOLATED)
_34187_/S1                              1.50    1.59   -0.09 (VIOLATED)
ANTENNA__34187__S1/DIODE                1.50    1.59   -0.09 (VIOLATED)
ANTENNA__34182__S1/DIODE                1.50    1.59   -0.09 (VIOLATED)
_34182_/S1                              1.50    1.59   -0.09 (VIOLATED)
_34257_/S1                              1.50    1.59   -0.09 (VIOLATED)
ANTENNA__34257__S1/DIODE                1.50    1.59   -0.09 (VIOLATED)
_31803_/A2                              1.50    1.59   -0.09 (VIOLATED)
ANTENNA__31803__A2/DIODE                1.50    1.59   -0.09 (VIOLATED)
_31793_/A2                              1.50    1.59   -0.09 (VIOLATED)
ANTENNA__31793__A2/DIODE                1.50    1.59   -0.09 (VIOLATED)
_20715_/C                               1.50    1.59   -0.09 (VIOLATED)
ANTENNA__20715__C/DIODE                 1.50    1.59   -0.09 (VIOLATED)
_20717_/C                               1.50    1.59   -0.09 (VIOLATED)
ANTENNA__20717__C/DIODE                 1.50    1.59   -0.09 (VIOLATED)
_33902_/S1                              1.50    1.59   -0.09 (VIOLATED)
ANTENNA__32153__A1/DIODE                1.50    1.59   -0.09 (VIOLATED)
ANTENNA__32051__A/DIODE                 1.50    1.59   -0.09 (VIOLATED)
_32051_/A                               1.50    1.59   -0.09 (VIOLATED)
_32153_/A1                              1.50    1.59   -0.09 (VIOLATED)
_31853_/A2                              1.50    1.59   -0.09 (VIOLATED)
ANTENNA__31853__A2/DIODE                1.50    1.59   -0.09 (VIOLATED)
_20700_/C                               1.50    1.59   -0.09 (VIOLATED)
ANTENNA__20700__C/DIODE                 1.50    1.59   -0.09 (VIOLATED)
_20016_/A2                              1.50    1.59   -0.09 (VIOLATED)
_20015_/A                               1.50    1.59   -0.09 (VIOLATED)
ANTENNA__20015__A/DIODE                 1.50    1.59   -0.09 (VIOLATED)
ANTENNA__20016__A2/DIODE                1.50    1.59   -0.09 (VIOLATED)
_20012_/B                               1.50    1.59   -0.09 (VIOLATED)
_20013_/A1                              1.50    1.59   -0.09 (VIOLATED)
ANTENNA__20012__B/DIODE                 1.50    1.59   -0.09 (VIOLATED)
ANTENNA__20013__A1/DIODE                1.50    1.58   -0.08 (VIOLATED)
ANTENNA__20010__A1/DIODE                1.50    1.58   -0.08 (VIOLATED)
ANTENNA__33902__S1/DIODE                1.50    1.58   -0.08 (VIOLATED)
_20010_/A1                              1.50    1.58   -0.08 (VIOLATED)
_20009_/B                               1.50    1.58   -0.08 (VIOLATED)
ANTENNA__20009__B/DIODE                 1.50    1.58   -0.08 (VIOLATED)
_31846_/A2                              1.50    1.58   -0.08 (VIOLATED)
ANTENNA__31846__A2/DIODE                1.50    1.58   -0.08 (VIOLATED)
_20702_/C                               1.50    1.58   -0.08 (VIOLATED)
_20006_/B                               1.50    1.58   -0.08 (VIOLATED)
_20007_/A1                              1.50    1.58   -0.08 (VIOLATED)
ANTENNA__20006__B/DIODE                 1.50    1.58   -0.08 (VIOLATED)
ANTENNA__20702__C/DIODE                 1.50    1.58   -0.08 (VIOLATED)
ANTENNA__20007__A1/DIODE                1.50    1.58   -0.08 (VIOLATED)
_20022_/B                               1.50    1.58   -0.08 (VIOLATED)
_20018_/B                               1.50    1.58   -0.08 (VIOLATED)
ANTENNA__20022__B/DIODE                 1.50    1.58   -0.08 (VIOLATED)
ANTENNA__20018__B/DIODE                 1.50    1.58   -0.08 (VIOLATED)
_20019_/A1                              1.50    1.58   -0.08 (VIOLATED)
ANTENNA__20019__A1/DIODE                1.50    1.58   -0.08 (VIOLATED)
ANTENNA__34237__S1/DIODE                1.50    1.58   -0.08 (VIOLATED)
ANTENNA__20696__C/DIODE                 1.50    1.58   -0.08 (VIOLATED)
_20696_/C                               1.50    1.58   -0.08 (VIOLATED)
_31784_/A2                              1.50    1.58   -0.08 (VIOLATED)
ANTENNA__31784__A2/DIODE                1.50    1.58   -0.08 (VIOLATED)
_20719_/C                               1.50    1.58   -0.08 (VIOLATED)
ANTENNA__20719__C/DIODE                 1.50    1.58   -0.08 (VIOLATED)
_33872_/S1                              1.50    1.58   -0.08 (VIOLATED)
ANTENNA__33872__S1/DIODE                1.50    1.58   -0.08 (VIOLATED)
_33877_/S1                              1.50    1.58   -0.08 (VIOLATED)
ANTENNA__33877__S1/DIODE                1.50    1.58   -0.08 (VIOLATED)
_31774_/A2                              1.50    1.58   -0.08 (VIOLATED)
ANTENNA__31774__A2/DIODE                1.50    1.58   -0.08 (VIOLATED)
_20721_/C                               1.50    1.58   -0.08 (VIOLATED)
ANTENNA__20721__C/DIODE                 1.50    1.58   -0.08 (VIOLATED)
_33897_/S1                              1.50    1.58   -0.08 (VIOLATED)
ANTENNA__33897__S1/DIODE                1.50    1.58   -0.08 (VIOLATED)
_31871_/A2                              1.50    1.58   -0.08 (VIOLATED)
_20003_/B                               1.50    1.58   -0.08 (VIOLATED)
_34237_/S1                              1.50    1.58   -0.08 (VIOLATED)
ANTENNA__31871__A2/DIODE                1.50    1.58   -0.08 (VIOLATED)
ANTENNA__20003__B/DIODE                 1.50    1.58   -0.08 (VIOLATED)
_20004_/A1                              1.50    1.58   -0.08 (VIOLATED)
ANTENNA__20004__A1/DIODE                1.50    1.58   -0.08 (VIOLATED)
_19995_/A1                              1.50    1.58   -0.08 (VIOLATED)
_19994_/B                               1.50    1.58   -0.08 (VIOLATED)
ANTENNA__19994__B/DIODE                 1.50    1.58   -0.08 (VIOLATED)
ANTENNA__19995__A1/DIODE                1.50    1.58   -0.08 (VIOLATED)
_20023_/A1                              1.50    1.58   -0.08 (VIOLATED)
ANTENNA__20023__A1/DIODE                1.50    1.58   -0.08 (VIOLATED)
_20025_/A1                              1.50    1.57   -0.07 (VIOLATED)
ANTENNA__20025__A1/DIODE                1.50    1.57   -0.07 (VIOLATED)
ANTENNA__20024__B_N/DIODE               1.50    1.57   -0.07 (VIOLATED)
_20024_/B_N                             1.50    1.57   -0.07 (VIOLATED)
_20698_/C                               1.50    1.57   -0.07 (VIOLATED)
ANTENNA__20698__C/DIODE                 1.50    1.57   -0.07 (VIOLATED)
ANTENNA__32973__S/DIODE                 1.50    1.57   -0.07 (VIOLATED)
_31862_/A2                              1.50    1.57   -0.07 (VIOLATED)
ANTENNA__31862__A2/DIODE                1.50    1.57   -0.07 (VIOLATED)
_32973_/S                               1.50    1.57   -0.07 (VIOLATED)
ANTENNA__34232__S1/DIODE                1.50    1.57   -0.07 (VIOLATED)
_34232_/S1                              1.50    1.57   -0.07 (VIOLATED)
ANTENNA__19997__B/DIODE                 1.50    1.57   -0.07 (VIOLATED)
_19997_/B                               1.50    1.57   -0.07 (VIOLATED)
_19998_/A1                              1.50    1.57   -0.07 (VIOLATED)
ANTENNA__19998__A1/DIODE                1.50    1.57   -0.07 (VIOLATED)
_20692_/C                               1.50    1.57   -0.07 (VIOLATED)
ANTENNA__20692__C/DIODE                 1.50    1.57   -0.07 (VIOLATED)
_31880_/A2                              1.50    1.57   -0.07 (VIOLATED)
_34747_/A3                              1.50    1.57   -0.07 (VIOLATED)
ANTENNA__34747__A3/DIODE                1.50    1.57   -0.07 (VIOLATED)
_32977_/S                               1.50    1.57   -0.07 (VIOLATED)
ANTENNA__32977__S/DIODE                 1.50    1.57   -0.07 (VIOLATED)
ANTENNA__31880__A2/DIODE                1.50    1.57   -0.07 (VIOLATED)
ANTENNA__20000__B/DIODE                 1.50    1.56   -0.06 (VIOLATED)
_20000_/B                               1.50    1.56   -0.06 (VIOLATED)
_20001_/A1                              1.50    1.56   -0.06 (VIOLATED)
_33892_/S1                              1.50    1.56   -0.06 (VIOLATED)
ANTENNA__33892__S1/DIODE                1.50    1.56   -0.06 (VIOLATED)
ANTENNA__20001__A1/DIODE                1.50    1.56   -0.06 (VIOLATED)
_31887_/A2                              1.50    1.56   -0.06 (VIOLATED)
_33505_/X                               1.51    1.57   -0.06 (VIOLATED)
ANTENNA__31887__A2/DIODE                1.50    1.56   -0.06 (VIOLATED)
_34107_/S1                              1.50    1.56   -0.06 (VIOLATED)
ANTENNA__34107__S1/DIODE                1.50    1.56   -0.06 (VIOLATED)
output672/A                             1.50    1.56   -0.06 (VIOLATED)
ANTENNA_output672_A/DIODE               1.50    1.56   -0.06 (VIOLATED)
_20690_/C                               1.50    1.56   -0.06 (VIOLATED)
ANTENNA__20690__C/DIODE                 1.50    1.55   -0.05 (VIOLATED)
ANTENNA__19990__B/DIODE                 1.50    1.55   -0.05 (VIOLATED)
_19990_/B                               1.50    1.55   -0.05 (VIOLATED)
_32975_/S                               1.50    1.55   -0.05 (VIOLATED)
_19982_/B                               1.50    1.55   -0.05 (VIOLATED)
ANTENNA__19982__B/DIODE                 1.50    1.55   -0.05 (VIOLATED)
ANTENNA__19983__A1/DIODE                1.50    1.55   -0.05 (VIOLATED)
_19983_/A1                              1.50    1.55   -0.05 (VIOLATED)
ANTENNA__19980__A1/DIODE                1.50    1.55   -0.05 (VIOLATED)
ANTENNA__19979__B_N/DIODE               1.50    1.55   -0.05 (VIOLATED)
_19979_/B_N                             1.50    1.55   -0.05 (VIOLATED)
_19980_/A1                              1.50    1.55   -0.05 (VIOLATED)
ANTENNA__19985__A1/DIODE                1.50    1.55   -0.05 (VIOLATED)
_19985_/A1                              1.50    1.55   -0.05 (VIOLATED)
ANTENNA__19984__B_N/DIODE               1.50    1.55   -0.05 (VIOLATED)
_19984_/B_N                             1.50    1.55   -0.05 (VIOLATED)
ANTENNA__32975__S/DIODE                 1.50    1.55   -0.05 (VIOLATED)
_19991_/A1                              1.50    1.55   -0.05 (VIOLATED)
ANTENNA__31895__B/DIODE                 1.50    1.55   -0.05 (VIOLATED)
_31895_/B                               1.50    1.55   -0.05 (VIOLATED)
ANTENNA__19988__A1/DIODE                1.50    1.55   -0.05 (VIOLATED)
ANTENNA__19987__B/DIODE                 1.50    1.55   -0.05 (VIOLATED)
_19987_/B                               1.50    1.55   -0.05 (VIOLATED)
_19988_/A1                              1.50    1.55   -0.05 (VIOLATED)
ANTENNA__19991__A1/DIODE                1.50    1.55   -0.05 (VIOLATED)
_20687_/C                               1.50    1.55   -0.05 (VIOLATED)
ANTENNA__20687__C/DIODE                 1.50    1.55   -0.05 (VIOLATED)
sky130_sram_2kbyte_1rw1r_32x512_8/addr0[8]    0.04    0.08   -0.04 (VIOLATED)
_32971_/S                               1.50    1.54   -0.04 (VIOLATED)
ANTENNA__32971__S/DIODE                 1.50    1.54   -0.04 (VIOLATED)
_31765_/A2                              1.50    1.54   -0.04 (VIOLATED)
ANTENNA__31765__A2/DIODE                1.50    1.54   -0.04 (VIOLATED)
_20724_/C                               1.50    1.54   -0.04 (VIOLATED)
ANTENNA__20724__C/DIODE                 1.50    1.54   -0.04 (VIOLATED)
ANTENNA__33917__S1/DIODE                1.50    1.54   -0.04 (VIOLATED)
_20030_/B                               1.50    1.53   -0.03 (VIOLATED)
_20027_/B                               1.50    1.53   -0.03 (VIOLATED)
ANTENNA__20027__B/DIODE                 1.50    1.53   -0.03 (VIOLATED)
ANTENNA__20030__B/DIODE                 1.50    1.53   -0.03 (VIOLATED)
ANTENNA__20031__A1/DIODE                1.50    1.53   -0.03 (VIOLATED)
_33917_/S1                              1.50    1.53   -0.03 (VIOLATED)
_20031_/A1                              1.50    1.53   -0.03 (VIOLATED)
_20028_/A1                              1.50    1.53   -0.03 (VIOLATED)
output648/A                             1.50    1.53   -0.03 (VIOLATED)
ANTENNA_output648_A/DIODE               1.50    1.53   -0.03 (VIOLATED)
ANTENNA__20028__A1/DIODE                1.50    1.53   -0.03 (VIOLATED)
_31758_/B                               1.50    1.53   -0.03 (VIOLATED)
_32969_/S                               1.50    1.53   -0.03 (VIOLATED)
ANTENNA__31758__B/DIODE                 1.50    1.53   -0.03 (VIOLATED)
_20726_/C                               1.50    1.53   -0.03 (VIOLATED)
ANTENNA__33062__A0/DIODE                1.50    1.53   -0.03 (VIOLATED)
_33062_/A0                              1.50    1.53   -0.03 (VIOLATED)
ANTENNA__32969__S/DIODE                 1.50    1.53   -0.03 (VIOLATED)
_34612_/A1                              1.50    1.53   -0.03 (VIOLATED)
ANTENNA__34612__A1/DIODE                1.50    1.53   -0.03 (VIOLATED)
ANTENNA__20726__C/DIODE                 1.50    1.53   -0.03 (VIOLATED)
ANTENNA__33912__S1/DIODE                1.50    1.53   -0.03 (VIOLATED)
_33912_/S1                              1.50    1.52   -0.02 (VIOLATED)
output649/A                             1.50    1.52   -0.02 (VIOLATED)
ANTENNA_output649_A/DIODE               1.50    1.52   -0.02 (VIOLATED)
_34609_/X                               1.50    1.52   -0.02 (VIOLATED)
_20685_/C                               1.50    1.52   -0.02 (VIOLATED)
_33495_/X                               1.51    1.52   -0.02 (VIOLATED)
ANTENNA__20685__C/DIODE                 1.50    1.51   -0.01 (VIOLATED)
_20033_/B                               1.50    1.51   -0.01 (VIOLATED)
ANTENNA__20033__B/DIODE                 1.50    1.51   -0.01 (VIOLATED)
_31902_/A2                              1.50    1.51   -0.01 (VIOLATED)
ANTENNA__31902__A2/DIODE                1.50    1.51   -0.01 (VIOLATED)
_31751_/A2                              1.50    1.51   -0.01 (VIOLATED)
_20729_/C                               1.50    1.51   -0.01 (VIOLATED)
ANTENNA__20729__C/DIODE                 1.50    1.51   -0.01 (VIOLATED)
ANTENNA__31751__A2/DIODE                1.50    1.51   -0.01 (VIOLATED)
output674/A                             1.50    1.50   -0.00 (VIOLATED)
ANTENNA_output674_A/DIODE               1.50    1.50   -0.00 (VIOLATED)
_32963_/S                               1.50    1.50   -0.00 (VIOLATED)
_26181_/A0                              1.50    1.50   -0.00 (VIOLATED)
ANTENNA__26181__A0/DIODE                1.50    1.50   -0.00 (VIOLATED)
_25317_/A0                              1.50    1.50   -0.00 (VIOLATED)
ANTENNA__25317__A0/DIODE                1.50    1.50   -0.00 (VIOLATED)
_32967_/S                               1.50    1.50   -0.00 (VIOLATED)
ANTENNA__32967__S/DIODE                 1.50    1.50   -0.00 (VIOLATED)

max capacitance

Pin                                    Limit     Cap   Slack
------------------------------------------------------------
_38214_/Q                               0.55    0.67   -0.12 (VIOLATED)
_39521_/Q                               0.55    0.61   -0.06 (VIOLATED)
_37435_/Q                               0.55    0.59   -0.05 (VIOLATED)
_33505_/X                               0.93    0.98   -0.04 (VIOLATED)
_33495_/X                               0.93    0.97   -0.04 (VIOLATED)
sky130_sram_2kbyte_1rw1r_32x512_8/dout0[16]    0.03    0.05   -0.02 (VIOLATED)
sky130_sram_2kbyte_1rw1r_32x512_8/dout0[14]    0.03    0.05   -0.02 (VIOLATED)
sky130_sram_2kbyte_1rw1r_32x512_8/dout1[15]    0.03    0.04   -0.02 (VIOLATED)
sky130_sram_2kbyte_1rw1r_32x512_8/dout0[15]    0.03    0.04   -0.02 (VIOLATED)
sky130_sram_2kbyte_1rw1r_32x512_8/dout0[27]    0.03    0.04   -0.02 (VIOLATED)
sky130_sram_2kbyte_1rw1r_32x512_8/dout1[17]    0.03    0.04   -0.01 (VIOLATED)
sky130_sram_2kbyte_1rw1r_32x512_8/dout0[29]    0.03    0.04   -0.01 (VIOLATED)
sky130_sram_2kbyte_1rw1r_32x512_8/dout0[5]    0.03    0.04   -0.01 (VIOLATED)
sky130_sram_2kbyte_1rw1r_32x512_8/dout1[16]    0.03    0.04   -0.01 (VIOLATED)
sky130_sram_2kbyte_1rw1r_32x512_8/dout1[18]    0.03    0.04   -0.01 (VIOLATED)
sky130_sram_2kbyte_1rw1r_32x512_8/dout0[13]    0.03    0.04   -0.01 (VIOLATED)
sky130_sram_2kbyte_1rw1r_32x512_8/dout1[19]    0.03    0.04   -0.01 (VIOLATED)
sky130_sram_2kbyte_1rw1r_32x512_8/dout1[21]    0.03    0.04   -0.01 (VIOLATED)
sky130_sram_2kbyte_1rw1r_32x512_8/dout1[20]    0.03    0.03   -0.01 (VIOLATED)
sky130_sram_2kbyte_1rw1r_32x512_8/dout0[31]    0.03    0.03   -0.01 (VIOLATED)
sky130_sram_2kbyte_1rw1r_32x512_8/dout1[24]    0.03    0.03   -0.01 (VIOLATED)
sky130_sram_2kbyte_1rw1r_32x512_8/dout1[22]    0.03    0.03   -0.01 (VIOLATED)
sky130_sram_2kbyte_1rw1r_32x512_8/dout1[23]    0.03    0.03   -0.01 (VIOLATED)
sky130_sram_2kbyte_1rw1r_32x512_8/dout1[0]    0.03    0.03   -0.01 (VIOLATED)
sky130_sram_2kbyte_1rw1r_32x512_8/dout1[25]    0.03    0.03   -0.00 (VIOLATED)
sky130_sram_2kbyte_1rw1r_32x512_8/dout0[26]    0.03    0.03   -0.00 (VIOLATED)
_34609_/X                               0.30    0.30   -0.00 (VIOLATED)
sky130_sram_2kbyte_1rw1r_32x512_8/dout1[26]    0.03    0.03   -0.00 (VIOLATED)
sky130_sram_2kbyte_1rw1r_32x512_8/dout1[27]    0.03    0.03   -0.00 (VIOLATED)
sky130_sram_2kbyte_1rw1r_32x512_8/dout1[1]    0.03    0.03   -0.00 (VIOLATED)
sky130_sram_2kbyte_1rw1r_32x512_8/dout1[28]    0.03    0.03   -0.00 (VIOLATED)


===========================================================================
max slew violation count 833
max fanout violation count 0
max cap violation count 31
============================================================================
