
===========================================================================
 report_clock_skew
============================================================================

======================== Slowest Corner ==================================

Clock core_clk
Latency      CRPR       Skew
_39522_/CLK ^
   7.13
_37883_/CLK ^
   5.74     -0.13       1.26


======================= Typical Corner ===================================

Clock core_clk
Latency      CRPR       Skew
_39522_/CLK ^
   3.98
_37883_/CLK ^
   3.23     -0.07       0.68


======================= Fastest Corner ===================================

Clock core_clk
Latency      CRPR       Skew
_39522_/CLK ^
   2.68
_37883_/CLK ^
   2.18     -0.05       0.45

