
===========================================================================
report_checks -path_delay max (Setup)
============================================================================
Startpoint: A[5] (input port clocked by CLK)
Endpoint: Do[31] (output port clocked by CLK)
Path Group: CLK
Path Type: max

Fanout     Cap    Slew   Delay    Time   Description
-----------------------------------------------------------------------------
                          0.00    0.00   clock CLK (rise edge)
                          0.00    0.00   clock network delay (propagated)
                          5.00    5.00 ^ input external delay
                  0.20    0.14    5.14 ^ A[5] (in)
     4    0.04                           A[5] (net)
                  0.20    0.00    5.14 ^ BLOCK[0].RAM128.ABUF[5]/A (sky130_fd_sc_hd__clkbuf_2)
                  0.62    0.54    5.68 ^ BLOCK[0].RAM128.ABUF[5]/X (sky130_fd_sc_hd__clkbuf_2)
    16    0.12                           BLOCK[0].RAM128.A_buf[5] (net)
                  0.63    0.05    5.73 ^ BLOCK[0].RAM128.DoMUX.SEL0BUF[3]/A (sky130_fd_sc_hd__clkbuf_2)
                  0.26    0.38    6.12 ^ BLOCK[0].RAM128.DoMUX.SEL0BUF[3]/X (sky130_fd_sc_hd__clkbuf_2)
     8    0.05                           BLOCK[0].RAM128.DoMUX.SEL0[3] (net)
                  0.26    0.02    6.13 ^ BLOCK[0].RAM128.DoMUX.M[3].MUX[7]/S0 (sky130_fd_sc_hd__mux4_1)
                  0.36    0.95    7.08 v BLOCK[0].RAM128.DoMUX.M[3].MUX[7]/X (sky130_fd_sc_hd__mux4_1)
     2    0.06                           BLOCK[0].RAM128.Do[31] (net)
                  0.36    0.01    7.09 v DoMUX.M[3].MUX[7]/A0 (sky130_fd_sc_hd__mux2_1)
                  0.37    0.72    7.81 v DoMUX.M[3].MUX[7]/X (sky130_fd_sc_hd__mux2_1)
     1    0.03                           Do[31] (net)
                  0.37    0.03    7.85 v Do[31] (out)
                                  7.85   data arrival time

                         12.00   12.00   clock CLK (rise edge)
                          0.00   12.00   clock network delay (propagated)
                          0.00   12.00   clock reconvergence pessimism
                         -2.40    9.60   output external delay
                                  9.60   data required time
-----------------------------------------------------------------------------
                                  9.60   data required time
                                 -7.85   data arrival time
-----------------------------------------------------------------------------
                                  1.75   slack (MET)


Startpoint: A[5] (input port clocked by CLK)
Endpoint: Do[30] (output port clocked by CLK)
Path Group: CLK
Path Type: max

Fanout     Cap    Slew   Delay    Time   Description
-----------------------------------------------------------------------------
                          0.00    0.00   clock CLK (rise edge)
                          0.00    0.00   clock network delay (propagated)
                          5.00    5.00 ^ input external delay
                  0.20    0.14    5.14 ^ A[5] (in)
     4    0.04                           A[5] (net)
                  0.20    0.00    5.14 ^ BLOCK[0].RAM128.ABUF[5]/A (sky130_fd_sc_hd__clkbuf_2)
                  0.62    0.54    5.68 ^ BLOCK[0].RAM128.ABUF[5]/X (sky130_fd_sc_hd__clkbuf_2)
    16    0.12                           BLOCK[0].RAM128.A_buf[5] (net)
                  0.63    0.05    5.73 ^ BLOCK[0].RAM128.DoMUX.SEL0BUF[3]/A (sky130_fd_sc_hd__clkbuf_2)
                  0.26    0.38    6.12 ^ BLOCK[0].RAM128.DoMUX.SEL0BUF[3]/X (sky130_fd_sc_hd__clkbuf_2)
     8    0.05                           BLOCK[0].RAM128.DoMUX.SEL0[3] (net)
                  0.26    0.02    6.14 ^ BLOCK[0].RAM128.DoMUX.M[3].MUX[6]/S0 (sky130_fd_sc_hd__mux4_1)
                  0.37    0.91    7.04 v BLOCK[0].RAM128.DoMUX.M[3].MUX[6]/X (sky130_fd_sc_hd__mux4_1)
     2    0.06                           BLOCK[0].RAM128.Do[30] (net)
                  0.38    0.04    7.08 v DoMUX.M[3].MUX[6]/A0 (sky130_fd_sc_hd__mux2_1)
                  0.37    0.71    7.79 v DoMUX.M[3].MUX[6]/X (sky130_fd_sc_hd__mux2_1)
     1    0.03                           Do[30] (net)
                  0.37    0.05    7.84 v Do[30] (out)
                                  7.84   data arrival time

                         12.00   12.00   clock CLK (rise edge)
                          0.00   12.00   clock network delay (propagated)
                          0.00   12.00   clock reconvergence pessimism
                         -2.40    9.60   output external delay
                                  9.60   data required time
-----------------------------------------------------------------------------
                                  9.60   data required time
                                 -7.84   data arrival time
-----------------------------------------------------------------------------
                                  1.76   slack (MET)


Startpoint: A[5] (input port clocked by CLK)
Endpoint: Do[29] (output port clocked by CLK)
Path Group: CLK
Path Type: max

Fanout     Cap    Slew   Delay    Time   Description
-----------------------------------------------------------------------------
                          0.00    0.00   clock CLK (rise edge)
                          0.00    0.00   clock network delay (propagated)
                          5.00    5.00 ^ input external delay
                  0.20    0.14    5.14 ^ A[5] (in)
     4    0.04                           A[5] (net)
                  0.20    0.00    5.14 ^ BLOCK[0].RAM128.ABUF[5]/A (sky130_fd_sc_hd__clkbuf_2)
                  0.62    0.54    5.68 ^ BLOCK[0].RAM128.ABUF[5]/X (sky130_fd_sc_hd__clkbuf_2)
    16    0.12                           BLOCK[0].RAM128.A_buf[5] (net)
                  0.63    0.05    5.73 ^ BLOCK[0].RAM128.DoMUX.SEL0BUF[3]/A (sky130_fd_sc_hd__clkbuf_2)
                  0.26    0.38    6.12 ^ BLOCK[0].RAM128.DoMUX.SEL0BUF[3]/X (sky130_fd_sc_hd__clkbuf_2)
     8    0.05                           BLOCK[0].RAM128.DoMUX.SEL0[3] (net)
                  0.26    0.02    6.14 ^ BLOCK[0].RAM128.DoMUX.M[3].MUX[5]/S0 (sky130_fd_sc_hd__mux4_1)
                  0.36    0.91    7.05 v BLOCK[0].RAM128.DoMUX.M[3].MUX[5]/X (sky130_fd_sc_hd__mux4_1)
     2    0.06                           BLOCK[0].RAM128.Do[29] (net)
                  0.37    0.04    7.09 v DoMUX.M[3].MUX[5]/A0 (sky130_fd_sc_hd__mux2_1)
                  0.35    0.72    7.81 v DoMUX.M[3].MUX[5]/X (sky130_fd_sc_hd__mux2_1)
     1    0.03                           Do[29] (net)
                  0.35    0.02    7.83 v Do[29] (out)
                                  7.83   data arrival time

                         12.00   12.00   clock CLK (rise edge)
                          0.00   12.00   clock network delay (propagated)
                          0.00   12.00   clock reconvergence pessimism
                         -2.40    9.60   output external delay
                                  9.60   data required time
-----------------------------------------------------------------------------
                                  9.60   data required time
                                 -7.83   data arrival time
-----------------------------------------------------------------------------
                                  1.77   slack (MET)


Startpoint: A[5] (input port clocked by CLK)
Endpoint: Do[8] (output port clocked by CLK)
Path Group: CLK
Path Type: max

Fanout     Cap    Slew   Delay    Time   Description
-----------------------------------------------------------------------------
                          0.00    0.00   clock CLK (rise edge)
                          0.00    0.00   clock network delay (propagated)
                          5.00    5.00 ^ input external delay
                  0.20    0.14    5.14 ^ A[5] (in)
     4    0.04                           A[5] (net)
                  0.20    0.00    5.14 ^ BLOCK[0].RAM128.ABUF[5]/A (sky130_fd_sc_hd__clkbuf_2)
                  0.62    0.54    5.68 ^ BLOCK[0].RAM128.ABUF[5]/X (sky130_fd_sc_hd__clkbuf_2)
    16    0.12                           BLOCK[0].RAM128.A_buf[5] (net)
                  0.63    0.05    5.74 ^ BLOCK[0].RAM128.DoMUX.SEL0BUF[1]/A (sky130_fd_sc_hd__clkbuf_2)
                  0.25    0.38    6.11 ^ BLOCK[0].RAM128.DoMUX.SEL0BUF[1]/X (sky130_fd_sc_hd__clkbuf_2)
     8    0.04                           BLOCK[0].RAM128.DoMUX.SEL0[1] (net)
                  0.25    0.02    6.13 ^ BLOCK[0].RAM128.DoMUX.M[1].MUX[0]/S0 (sky130_fd_sc_hd__mux4_1)
                  0.42    0.97    7.10 v BLOCK[0].RAM128.DoMUX.M[1].MUX[0]/X (sky130_fd_sc_hd__mux4_1)
     2    0.07                           BLOCK[0].RAM128.Do[8] (net)
                  0.42    0.04    7.13 v DoMUX.M[1].MUX[0]/A0 (sky130_fd_sc_hd__mux2_1)
                  0.27    0.67    7.80 v DoMUX.M[1].MUX[0]/X (sky130_fd_sc_hd__mux2_1)
     1    0.03                           Do[8] (net)
                  0.27    0.02    7.82 v Do[8] (out)
                                  7.82   data arrival time

                         12.00   12.00   clock CLK (rise edge)
                          0.00   12.00   clock network delay (propagated)
                          0.00   12.00   clock reconvergence pessimism
                         -2.40    9.60   output external delay
                                  9.60   data required time
-----------------------------------------------------------------------------
                                  9.60   data required time
                                 -7.82   data arrival time
-----------------------------------------------------------------------------
                                  1.78   slack (MET)


Startpoint: A[5] (input port clocked by CLK)
Endpoint: Do[9] (output port clocked by CLK)
Path Group: CLK
Path Type: max

Fanout     Cap    Slew   Delay    Time   Description
-----------------------------------------------------------------------------
                          0.00    0.00   clock CLK (rise edge)
                          0.00    0.00   clock network delay (propagated)
                          5.00    5.00 ^ input external delay
                  0.20    0.14    5.14 ^ A[5] (in)
     4    0.04                           A[5] (net)
                  0.20    0.00    5.14 ^ BLOCK[0].RAM128.ABUF[5]/A (sky130_fd_sc_hd__clkbuf_2)
                  0.62    0.54    5.68 ^ BLOCK[0].RAM128.ABUF[5]/X (sky130_fd_sc_hd__clkbuf_2)
    16    0.12                           BLOCK[0].RAM128.A_buf[5] (net)
                  0.63    0.05    5.74 ^ BLOCK[0].RAM128.DoMUX.SEL0BUF[1]/A (sky130_fd_sc_hd__clkbuf_2)
                  0.25    0.38    6.11 ^ BLOCK[0].RAM128.DoMUX.SEL0BUF[1]/X (sky130_fd_sc_hd__clkbuf_2)
     8    0.04                           BLOCK[0].RAM128.DoMUX.SEL0[1] (net)
                  0.25    0.01    6.13 ^ BLOCK[0].RAM128.DoMUX.M[1].MUX[1]/S0 (sky130_fd_sc_hd__mux4_1)
                  0.42    0.98    7.11 v BLOCK[0].RAM128.DoMUX.M[1].MUX[1]/X (sky130_fd_sc_hd__mux4_1)
     2    0.08                           BLOCK[0].RAM128.Do[9] (net)
                  0.42    0.03    7.14 v DoMUX.M[1].MUX[1]/A0 (sky130_fd_sc_hd__mux2_1)
                  0.26    0.66    7.79 v DoMUX.M[1].MUX[1]/X (sky130_fd_sc_hd__mux2_1)
     1    0.03                           Do[9] (net)
                  0.26    0.02    7.81 v Do[9] (out)
                                  7.81   data arrival time

                         12.00   12.00   clock CLK (rise edge)
                          0.00   12.00   clock network delay (propagated)
                          0.00   12.00   clock reconvergence pessimism
                         -2.40    9.60   output external delay
                                  9.60   data required time
-----------------------------------------------------------------------------
                                  9.60   data required time
                                 -7.81   data arrival time
-----------------------------------------------------------------------------
                                  1.79   slack (MET)


