
===========================================================================
report_checks -unconstrained
============================================================================
Startpoint: A[5] (input port clocked by CLK)
Endpoint: Do[8] (output port clocked by CLK)
Path Group: CLK
Path Type: max

Fanout     Cap    Slew   Delay    Time   Description
-----------------------------------------------------------------------------
                          0.00    0.00   clock CLK (rise edge)
                          0.00    0.00   clock network delay (propagated)
                          5.00    5.00 ^ input external delay
                  0.21    0.16    5.16 ^ A[5] (in)
     4    0.05                           A[5] (net)
                  0.21    0.00    5.16 ^ BLOCK[0].RAM128.ABUF[5]/A (sky130_fd_sc_hd__clkbuf_2)
                  0.65    0.60    5.76 ^ BLOCK[0].RAM128.ABUF[5]/X (sky130_fd_sc_hd__clkbuf_2)
    16    0.12                           BLOCK[0].RAM128.A_buf[5] (net)
                  0.65    0.02    5.77 ^ BLOCK[0].RAM128.DoMUX.SEL0BUF[1]/A (sky130_fd_sc_hd__clkbuf_2)
                  0.24    0.38    6.16 ^ BLOCK[0].RAM128.DoMUX.SEL0BUF[1]/X (sky130_fd_sc_hd__clkbuf_2)
     8    0.04                           BLOCK[0].RAM128.DoMUX.SEL0[1] (net)
                  0.24    0.00    6.16 ^ BLOCK[0].RAM128.DoMUX.M[1].MUX[0]/S0 (sky130_fd_sc_hd__mux4_1)
                  0.56    1.11    7.27 v BLOCK[0].RAM128.DoMUX.M[1].MUX[0]/X (sky130_fd_sc_hd__mux4_1)
     2    0.11                           BLOCK[0].RAM128.Do[8] (net)
                  0.56    0.01    7.28 v DoMUX.M[1].MUX[0]/A0 (sky130_fd_sc_hd__mux2_1)
                  0.28    0.75    8.03 v DoMUX.M[1].MUX[0]/X (sky130_fd_sc_hd__mux2_1)
     1    0.03                           Do[8] (net)
                  0.28    0.01    8.04 v Do[8] (out)
                                  8.04   data arrival time

                         12.00   12.00   clock CLK (rise edge)
                          0.00   12.00   clock network delay (propagated)
                          0.00   12.00   clock reconvergence pessimism
                         -2.40    9.60   output external delay
                                  9.60   data required time
-----------------------------------------------------------------------------
                                  9.60   data required time
                                 -8.04   data arrival time
-----------------------------------------------------------------------------
                                  1.56   slack (MET)



===========================================================================
report_checks --slack_max -0.01
============================================================================
No paths found.
