
===========================================================================
report_checks -path_delay min (Hold)
============================================================================
Startpoint: Di[17] (input port clocked by CLK)
Endpoint: BLOCK[1].RAM128.BLOCK[1].RAM32.SLICE[1].RAM8.WORD[3].W.BYTE[2].B.BIT[1].genblk1.FF
          (rising edge-triggered flip-flop clocked by CLK)
Path Group: CLK
Path Type: min

Fanout     Cap    Slew   Delay    Time   Description
-----------------------------------------------------------------------------
                          0.00    0.00   clock CLK (rise edge)
                          0.00    0.00   clock network delay (propagated)
                          5.00    5.00 v input external delay
                  0.11    0.08    5.08 v Di[17] (in)
     4    0.05                           Di[17] (net)
                  0.11    0.00    5.08 v BLOCK[1].RAM128.DIBUF[17]/A (sky130_fd_sc_hd__clkbuf_16)
                  0.12    0.23    5.31 v BLOCK[1].RAM128.DIBUF[17]/X (sky130_fd_sc_hd__clkbuf_16)
     8    0.18                           BLOCK[1].RAM128.BLOCK[0].RAM32.Di[17] (net)
                  0.12    0.01    5.32 v BLOCK[1].RAM128.BLOCK[1].RAM32.DIBUF[17]/A (sky130_fd_sc_hd__clkbuf_16)
                  0.13    0.24    5.56 v BLOCK[1].RAM128.BLOCK[1].RAM32.DIBUF[17]/X (sky130_fd_sc_hd__clkbuf_16)
    64    0.20                           BLOCK[1].RAM128.BLOCK[1].RAM32.Di_buf[17] (net)
                  0.14    0.01    5.57 v BLOCK[1].RAM128.BLOCK[1].RAM32.SLICE[1].RAM8.WORD[3].W.BYTE[2].B.BIT[1].genblk1.FF/D (sky130_fd_sc_hd__dfxtp_1)
                                  5.57   data arrival time

                          0.00    0.00   clock CLK (rise edge)
                          0.00    0.00   clock source latency
                  0.34    0.25    0.25 ^ CLK (in)
     4    0.08                           CLK (net)
                  0.34    0.00    0.25 ^ BLOCK[1].RAM128.CLKBUF/A (sky130_fd_sc_hd__clkbuf_4)
                  2.40    1.79    2.04 ^ BLOCK[1].RAM128.CLKBUF/X (sky130_fd_sc_hd__clkbuf_4)
   264    0.82                           BLOCK[1].RAM128.BLOCK[0].RAM32.CLK (net)
                  2.45    0.28    2.32 ^ BLOCK[1].RAM128.BLOCK[1].RAM32.CLKBUF/A (sky130_fd_sc_hd__clkbuf_2)
                  0.11    0.40    2.72 ^ BLOCK[1].RAM128.BLOCK[1].RAM32.CLKBUF/X (sky130_fd_sc_hd__clkbuf_2)
     4    0.01                           BLOCK[1].RAM128.BLOCK[1].RAM32.CLK_buf (net)
                  0.11    0.00    2.72 ^ BLOCK[1].RAM128.BLOCK[1].RAM32.SLICE[1].RAM8.CLKBUF/A (sky130_fd_sc_hd__clkbuf_2)
                  0.12    0.19    2.91 ^ BLOCK[1].RAM128.BLOCK[1].RAM32.SLICE[1].RAM8.CLKBUF/X (sky130_fd_sc_hd__clkbuf_2)
     8    0.02                           BLOCK[1].RAM128.BLOCK[1].RAM32.SLICE[1].RAM8.CLK_buf (net)
                  0.12    0.00    2.91 ^ BLOCK[1].RAM128.BLOCK[1].RAM32.SLICE[1].RAM8.WORD[3].W.CLKBUF/A (sky130_fd_sc_hd__clkbuf_1)
                  1.19    0.94    3.85 ^ BLOCK[1].RAM128.BLOCK[1].RAM32.SLICE[1].RAM8.WORD[3].W.CLKBUF/X (sky130_fd_sc_hd__clkbuf_1)
     8    0.10                           BLOCK[1].RAM128.BLOCK[1].RAM32.SLICE[1].RAM8.WORD[3].W.BYTE[0].B.CLK (net)
                  1.19    0.01    3.86 ^ BLOCK[1].RAM128.BLOCK[1].RAM32.SLICE[1].RAM8.WORD[3].W.BYTE[2].B.genblk1.CG/CLK (sky130_fd_sc_hd__dlclkp_1)
                  0.27    0.44    4.30 ^ BLOCK[1].RAM128.BLOCK[1].RAM32.SLICE[1].RAM8.WORD[3].W.BYTE[2].B.genblk1.CG/GCLK (sky130_fd_sc_hd__dlclkp_1)
     8    0.03                           BLOCK[1].RAM128.BLOCK[1].RAM32.SLICE[1].RAM8.WORD[3].W.BYTE[2].B.GCLK (net)
                  0.27    0.00    4.30 ^ BLOCK[1].RAM128.BLOCK[1].RAM32.SLICE[1].RAM8.WORD[3].W.BYTE[2].B.BIT[1].genblk1.FF/CLK (sky130_fd_sc_hd__dfxtp_1)
                          0.00    4.30   clock reconvergence pessimism
                         -0.04    4.26   library hold time
                                  4.26   data required time
-----------------------------------------------------------------------------
                                  4.26   data required time
                                 -5.57   data arrival time
-----------------------------------------------------------------------------
                                  1.31   slack (MET)


Startpoint: Di[16] (input port clocked by CLK)
Endpoint: BLOCK[1].RAM128.BLOCK[1].RAM32.SLICE[1].RAM8.WORD[3].W.BYTE[2].B.BIT[0].genblk1.FF
          (rising edge-triggered flip-flop clocked by CLK)
Path Group: CLK
Path Type: min

Fanout     Cap    Slew   Delay    Time   Description
-----------------------------------------------------------------------------
                          0.00    0.00   clock CLK (rise edge)
                          0.00    0.00   clock network delay (propagated)
                          5.00    5.00 v input external delay
                  0.11    0.08    5.08 v Di[16] (in)
     4    0.05                           Di[16] (net)
                  0.11    0.00    5.08 v BLOCK[1].RAM128.DIBUF[16]/A (sky130_fd_sc_hd__clkbuf_16)
                  0.12    0.23    5.31 v BLOCK[1].RAM128.DIBUF[16]/X (sky130_fd_sc_hd__clkbuf_16)
     8    0.18                           BLOCK[1].RAM128.BLOCK[0].RAM32.Di[16] (net)
                  0.13    0.02    5.33 v BLOCK[1].RAM128.BLOCK[1].RAM32.DIBUF[16]/A (sky130_fd_sc_hd__clkbuf_16)
                  0.13    0.25    5.58 v BLOCK[1].RAM128.BLOCK[1].RAM32.DIBUF[16]/X (sky130_fd_sc_hd__clkbuf_16)
    64    0.19                           BLOCK[1].RAM128.BLOCK[1].RAM32.Di_buf[16] (net)
                  0.13    0.01    5.58 v BLOCK[1].RAM128.BLOCK[1].RAM32.SLICE[1].RAM8.WORD[3].W.BYTE[2].B.BIT[0].genblk1.FF/D (sky130_fd_sc_hd__dfxtp_1)
                                  5.58   data arrival time

                          0.00    0.00   clock CLK (rise edge)
                          0.00    0.00   clock source latency
                  0.34    0.25    0.25 ^ CLK (in)
     4    0.08                           CLK (net)
                  0.34    0.00    0.25 ^ BLOCK[1].RAM128.CLKBUF/A (sky130_fd_sc_hd__clkbuf_4)
                  2.40    1.79    2.04 ^ BLOCK[1].RAM128.CLKBUF/X (sky130_fd_sc_hd__clkbuf_4)
   264    0.82                           BLOCK[1].RAM128.BLOCK[0].RAM32.CLK (net)
                  2.45    0.28    2.32 ^ BLOCK[1].RAM128.BLOCK[1].RAM32.CLKBUF/A (sky130_fd_sc_hd__clkbuf_2)
                  0.11    0.40    2.72 ^ BLOCK[1].RAM128.BLOCK[1].RAM32.CLKBUF/X (sky130_fd_sc_hd__clkbuf_2)
     4    0.01                           BLOCK[1].RAM128.BLOCK[1].RAM32.CLK_buf (net)
                  0.11    0.00    2.72 ^ BLOCK[1].RAM128.BLOCK[1].RAM32.SLICE[1].RAM8.CLKBUF/A (sky130_fd_sc_hd__clkbuf_2)
                  0.12    0.19    2.91 ^ BLOCK[1].RAM128.BLOCK[1].RAM32.SLICE[1].RAM8.CLKBUF/X (sky130_fd_sc_hd__clkbuf_2)
     8    0.02                           BLOCK[1].RAM128.BLOCK[1].RAM32.SLICE[1].RAM8.CLK_buf (net)
                  0.12    0.00    2.91 ^ BLOCK[1].RAM128.BLOCK[1].RAM32.SLICE[1].RAM8.WORD[3].W.CLKBUF/A (sky130_fd_sc_hd__clkbuf_1)
                  1.19    0.94    3.85 ^ BLOCK[1].RAM128.BLOCK[1].RAM32.SLICE[1].RAM8.WORD[3].W.CLKBUF/X (sky130_fd_sc_hd__clkbuf_1)
     8    0.10                           BLOCK[1].RAM128.BLOCK[1].RAM32.SLICE[1].RAM8.WORD[3].W.BYTE[0].B.CLK (net)
                  1.19    0.01    3.86 ^ BLOCK[1].RAM128.BLOCK[1].RAM32.SLICE[1].RAM8.WORD[3].W.BYTE[2].B.genblk1.CG/CLK (sky130_fd_sc_hd__dlclkp_1)
                  0.27    0.44    4.30 ^ BLOCK[1].RAM128.BLOCK[1].RAM32.SLICE[1].RAM8.WORD[3].W.BYTE[2].B.genblk1.CG/GCLK (sky130_fd_sc_hd__dlclkp_1)
     8    0.03                           BLOCK[1].RAM128.BLOCK[1].RAM32.SLICE[1].RAM8.WORD[3].W.BYTE[2].B.GCLK (net)
                  0.27    0.00    4.30 ^ BLOCK[1].RAM128.BLOCK[1].RAM32.SLICE[1].RAM8.WORD[3].W.BYTE[2].B.BIT[0].genblk1.FF/CLK (sky130_fd_sc_hd__dfxtp_1)
                          0.00    4.30   clock reconvergence pessimism
                         -0.04    4.26   library hold time
                                  4.26   data required time
-----------------------------------------------------------------------------
                                  4.26   data required time
                                 -5.58   data arrival time
-----------------------------------------------------------------------------
                                  1.33   slack (MET)


Startpoint: Di[22] (input port clocked by CLK)
Endpoint: BLOCK[1].RAM128.BLOCK[1].RAM32.SLICE[1].RAM8.WORD[3].W.BYTE[2].B.BIT[6].genblk1.FF
          (rising edge-triggered flip-flop clocked by CLK)
Path Group: CLK
Path Type: min

Fanout     Cap    Slew   Delay    Time   Description
-----------------------------------------------------------------------------
                          0.00    0.00   clock CLK (rise edge)
                          0.00    0.00   clock network delay (propagated)
                          5.00    5.00 v input external delay
                  0.11    0.08    5.08 v Di[22] (in)
     4    0.05                           Di[22] (net)
                  0.11    0.00    5.08 v BLOCK[1].RAM128.DIBUF[22]/A (sky130_fd_sc_hd__clkbuf_16)
                  0.12    0.22    5.30 v BLOCK[1].RAM128.DIBUF[22]/X (sky130_fd_sc_hd__clkbuf_16)
     8    0.17                           BLOCK[1].RAM128.BLOCK[0].RAM32.Di[22] (net)
                  0.14    0.03    5.33 v BLOCK[1].RAM128.BLOCK[1].RAM32.DIBUF[22]/A (sky130_fd_sc_hd__clkbuf_16)
                  0.14    0.25    5.58 v BLOCK[1].RAM128.BLOCK[1].RAM32.DIBUF[22]/X (sky130_fd_sc_hd__clkbuf_16)
    64    0.21                           BLOCK[1].RAM128.BLOCK[1].RAM32.Di_buf[22] (net)
                  0.14    0.01    5.59 v BLOCK[1].RAM128.BLOCK[1].RAM32.SLICE[1].RAM8.WORD[3].W.BYTE[2].B.BIT[6].genblk1.FF/D (sky130_fd_sc_hd__dfxtp_1)
                                  5.59   data arrival time

                          0.00    0.00   clock CLK (rise edge)
                          0.00    0.00   clock source latency
                  0.34    0.25    0.25 ^ CLK (in)
     4    0.08                           CLK (net)
                  0.34    0.00    0.25 ^ BLOCK[1].RAM128.CLKBUF/A (sky130_fd_sc_hd__clkbuf_4)
                  2.40    1.79    2.04 ^ BLOCK[1].RAM128.CLKBUF/X (sky130_fd_sc_hd__clkbuf_4)
   264    0.82                           BLOCK[1].RAM128.BLOCK[0].RAM32.CLK (net)
                  2.45    0.28    2.32 ^ BLOCK[1].RAM128.BLOCK[1].RAM32.CLKBUF/A (sky130_fd_sc_hd__clkbuf_2)
                  0.11    0.40    2.72 ^ BLOCK[1].RAM128.BLOCK[1].RAM32.CLKBUF/X (sky130_fd_sc_hd__clkbuf_2)
     4    0.01                           BLOCK[1].RAM128.BLOCK[1].RAM32.CLK_buf (net)
                  0.11    0.00    2.72 ^ BLOCK[1].RAM128.BLOCK[1].RAM32.SLICE[1].RAM8.CLKBUF/A (sky130_fd_sc_hd__clkbuf_2)
                  0.12    0.19    2.91 ^ BLOCK[1].RAM128.BLOCK[1].RAM32.SLICE[1].RAM8.CLKBUF/X (sky130_fd_sc_hd__clkbuf_2)
     8    0.02                           BLOCK[1].RAM128.BLOCK[1].RAM32.SLICE[1].RAM8.CLK_buf (net)
                  0.12    0.00    2.91 ^ BLOCK[1].RAM128.BLOCK[1].RAM32.SLICE[1].RAM8.WORD[3].W.CLKBUF/A (sky130_fd_sc_hd__clkbuf_1)
                  1.19    0.94    3.85 ^ BLOCK[1].RAM128.BLOCK[1].RAM32.SLICE[1].RAM8.WORD[3].W.CLKBUF/X (sky130_fd_sc_hd__clkbuf_1)
     8    0.10                           BLOCK[1].RAM128.BLOCK[1].RAM32.SLICE[1].RAM8.WORD[3].W.BYTE[0].B.CLK (net)
                  1.19    0.01    3.86 ^ BLOCK[1].RAM128.BLOCK[1].RAM32.SLICE[1].RAM8.WORD[3].W.BYTE[2].B.genblk1.CG/CLK (sky130_fd_sc_hd__dlclkp_1)
                  0.27    0.44    4.30 ^ BLOCK[1].RAM128.BLOCK[1].RAM32.SLICE[1].RAM8.WORD[3].W.BYTE[2].B.genblk1.CG/GCLK (sky130_fd_sc_hd__dlclkp_1)
     8    0.03                           BLOCK[1].RAM128.BLOCK[1].RAM32.SLICE[1].RAM8.WORD[3].W.BYTE[2].B.GCLK (net)
                  0.27    0.00    4.30 ^ BLOCK[1].RAM128.BLOCK[1].RAM32.SLICE[1].RAM8.WORD[3].W.BYTE[2].B.BIT[6].genblk1.FF/CLK (sky130_fd_sc_hd__dfxtp_1)
                          0.00    4.30   clock reconvergence pessimism
                         -0.04    4.26   library hold time
                                  4.26   data required time
-----------------------------------------------------------------------------
                                  4.26   data required time
                                 -5.59   data arrival time
-----------------------------------------------------------------------------
                                  1.33   slack (MET)


Startpoint: Di[19] (input port clocked by CLK)
Endpoint: BLOCK[1].RAM128.BLOCK[1].RAM32.SLICE[1].RAM8.WORD[3].W.BYTE[2].B.BIT[3].genblk1.FF
          (rising edge-triggered flip-flop clocked by CLK)
Path Group: CLK
Path Type: min

Fanout     Cap    Slew   Delay    Time   Description
-----------------------------------------------------------------------------
                          0.00    0.00   clock CLK (rise edge)
                          0.00    0.00   clock network delay (propagated)
                          5.00    5.00 v input external delay
                  0.15    0.11    5.11 v Di[19] (in)
     4    0.07                           Di[19] (net)
                  0.15    0.00    5.11 v BLOCK[1].RAM128.DIBUF[19]/A (sky130_fd_sc_hd__clkbuf_16)
                  0.11    0.25    5.36 v BLOCK[1].RAM128.DIBUF[19]/X (sky130_fd_sc_hd__clkbuf_16)
     8    0.15                           BLOCK[1].RAM128.BLOCK[0].RAM32.Di[19] (net)
                  0.11    0.01    5.37 v BLOCK[1].RAM128.BLOCK[1].RAM32.DIBUF[19]/A (sky130_fd_sc_hd__clkbuf_16)
                  0.13    0.23    5.60 v BLOCK[1].RAM128.BLOCK[1].RAM32.DIBUF[19]/X (sky130_fd_sc_hd__clkbuf_16)
    64    0.19                           BLOCK[1].RAM128.BLOCK[1].RAM32.Di_buf[19] (net)
                  0.13    0.01    5.60 v BLOCK[1].RAM128.BLOCK[1].RAM32.SLICE[1].RAM8.WORD[3].W.BYTE[2].B.BIT[3].genblk1.FF/D (sky130_fd_sc_hd__dfxtp_1)
                                  5.60   data arrival time

                          0.00    0.00   clock CLK (rise edge)
                          0.00    0.00   clock source latency
                  0.34    0.25    0.25 ^ CLK (in)
     4    0.08                           CLK (net)
                  0.34    0.00    0.25 ^ BLOCK[1].RAM128.CLKBUF/A (sky130_fd_sc_hd__clkbuf_4)
                  2.40    1.79    2.04 ^ BLOCK[1].RAM128.CLKBUF/X (sky130_fd_sc_hd__clkbuf_4)
   264    0.82                           BLOCK[1].RAM128.BLOCK[0].RAM32.CLK (net)
                  2.45    0.28    2.32 ^ BLOCK[1].RAM128.BLOCK[1].RAM32.CLKBUF/A (sky130_fd_sc_hd__clkbuf_2)
                  0.11    0.40    2.72 ^ BLOCK[1].RAM128.BLOCK[1].RAM32.CLKBUF/X (sky130_fd_sc_hd__clkbuf_2)
     4    0.01                           BLOCK[1].RAM128.BLOCK[1].RAM32.CLK_buf (net)
                  0.11    0.00    2.72 ^ BLOCK[1].RAM128.BLOCK[1].RAM32.SLICE[1].RAM8.CLKBUF/A (sky130_fd_sc_hd__clkbuf_2)
                  0.12    0.19    2.91 ^ BLOCK[1].RAM128.BLOCK[1].RAM32.SLICE[1].RAM8.CLKBUF/X (sky130_fd_sc_hd__clkbuf_2)
     8    0.02                           BLOCK[1].RAM128.BLOCK[1].RAM32.SLICE[1].RAM8.CLK_buf (net)
                  0.12    0.00    2.91 ^ BLOCK[1].RAM128.BLOCK[1].RAM32.SLICE[1].RAM8.WORD[3].W.CLKBUF/A (sky130_fd_sc_hd__clkbuf_1)
                  1.19    0.94    3.85 ^ BLOCK[1].RAM128.BLOCK[1].RAM32.SLICE[1].RAM8.WORD[3].W.CLKBUF/X (sky130_fd_sc_hd__clkbuf_1)
     8    0.10                           BLOCK[1].RAM128.BLOCK[1].RAM32.SLICE[1].RAM8.WORD[3].W.BYTE[0].B.CLK (net)
                  1.19    0.01    3.86 ^ BLOCK[1].RAM128.BLOCK[1].RAM32.SLICE[1].RAM8.WORD[3].W.BYTE[2].B.genblk1.CG/CLK (sky130_fd_sc_hd__dlclkp_1)
                  0.27    0.44    4.30 ^ BLOCK[1].RAM128.BLOCK[1].RAM32.SLICE[1].RAM8.WORD[3].W.BYTE[2].B.genblk1.CG/GCLK (sky130_fd_sc_hd__dlclkp_1)
     8    0.03                           BLOCK[1].RAM128.BLOCK[1].RAM32.SLICE[1].RAM8.WORD[3].W.BYTE[2].B.GCLK (net)
                  0.27    0.00    4.30 ^ BLOCK[1].RAM128.BLOCK[1].RAM32.SLICE[1].RAM8.WORD[3].W.BYTE[2].B.BIT[3].genblk1.FF/CLK (sky130_fd_sc_hd__dfxtp_1)
                          0.00    4.30   clock reconvergence pessimism
                         -0.04    4.26   library hold time
                                  4.26   data required time
-----------------------------------------------------------------------------
                                  4.26   data required time
                                 -5.60   data arrival time
-----------------------------------------------------------------------------
                                  1.34   slack (MET)


Startpoint: Di[20] (input port clocked by CLK)
Endpoint: BLOCK[1].RAM128.BLOCK[1].RAM32.SLICE[1].RAM8.WORD[3].W.BYTE[2].B.BIT[4].genblk1.FF
          (rising edge-triggered flip-flop clocked by CLK)
Path Group: CLK
Path Type: min

Fanout     Cap    Slew   Delay    Time   Description
-----------------------------------------------------------------------------
                          0.00    0.00   clock CLK (rise edge)
                          0.00    0.00   clock network delay (propagated)
                          5.00    5.00 v input external delay
                  0.15    0.11    5.11 v Di[20] (in)
     4    0.07                           Di[20] (net)
                  0.15    0.00    5.11 v BLOCK[1].RAM128.DIBUF[20]/A (sky130_fd_sc_hd__clkbuf_16)
                  0.10    0.24    5.35 v BLOCK[1].RAM128.DIBUF[20]/X (sky130_fd_sc_hd__clkbuf_16)
     8    0.14                           BLOCK[1].RAM128.BLOCK[0].RAM32.Di[20] (net)
                  0.10    0.00    5.36 v BLOCK[1].RAM128.BLOCK[1].RAM32.DIBUF[20]/A (sky130_fd_sc_hd__clkbuf_16)
                  0.14    0.24    5.59 v BLOCK[1].RAM128.BLOCK[1].RAM32.DIBUF[20]/X (sky130_fd_sc_hd__clkbuf_16)
    64    0.20                           BLOCK[1].RAM128.BLOCK[1].RAM32.Di_buf[20] (net)
                  0.14    0.01    5.60 v BLOCK[1].RAM128.BLOCK[1].RAM32.SLICE[1].RAM8.WORD[3].W.BYTE[2].B.BIT[4].genblk1.FF/D (sky130_fd_sc_hd__dfxtp_1)
                                  5.60   data arrival time

                          0.00    0.00   clock CLK (rise edge)
                          0.00    0.00   clock source latency
                  0.34    0.25    0.25 ^ CLK (in)
     4    0.08                           CLK (net)
                  0.34    0.00    0.25 ^ BLOCK[1].RAM128.CLKBUF/A (sky130_fd_sc_hd__clkbuf_4)
                  2.40    1.79    2.04 ^ BLOCK[1].RAM128.CLKBUF/X (sky130_fd_sc_hd__clkbuf_4)
   264    0.82                           BLOCK[1].RAM128.BLOCK[0].RAM32.CLK (net)
                  2.45    0.28    2.32 ^ BLOCK[1].RAM128.BLOCK[1].RAM32.CLKBUF/A (sky130_fd_sc_hd__clkbuf_2)
                  0.11    0.40    2.72 ^ BLOCK[1].RAM128.BLOCK[1].RAM32.CLKBUF/X (sky130_fd_sc_hd__clkbuf_2)
     4    0.01                           BLOCK[1].RAM128.BLOCK[1].RAM32.CLK_buf (net)
                  0.11    0.00    2.72 ^ BLOCK[1].RAM128.BLOCK[1].RAM32.SLICE[1].RAM8.CLKBUF/A (sky130_fd_sc_hd__clkbuf_2)
                  0.12    0.19    2.91 ^ BLOCK[1].RAM128.BLOCK[1].RAM32.SLICE[1].RAM8.CLKBUF/X (sky130_fd_sc_hd__clkbuf_2)
     8    0.02                           BLOCK[1].RAM128.BLOCK[1].RAM32.SLICE[1].RAM8.CLK_buf (net)
                  0.12    0.00    2.91 ^ BLOCK[1].RAM128.BLOCK[1].RAM32.SLICE[1].RAM8.WORD[3].W.CLKBUF/A (sky130_fd_sc_hd__clkbuf_1)
                  1.19    0.94    3.85 ^ BLOCK[1].RAM128.BLOCK[1].RAM32.SLICE[1].RAM8.WORD[3].W.CLKBUF/X (sky130_fd_sc_hd__clkbuf_1)
     8    0.10                           BLOCK[1].RAM128.BLOCK[1].RAM32.SLICE[1].RAM8.WORD[3].W.BYTE[0].B.CLK (net)
                  1.19    0.01    3.86 ^ BLOCK[1].RAM128.BLOCK[1].RAM32.SLICE[1].RAM8.WORD[3].W.BYTE[2].B.genblk1.CG/CLK (sky130_fd_sc_hd__dlclkp_1)
                  0.27    0.44    4.30 ^ BLOCK[1].RAM128.BLOCK[1].RAM32.SLICE[1].RAM8.WORD[3].W.BYTE[2].B.genblk1.CG/GCLK (sky130_fd_sc_hd__dlclkp_1)
     8    0.03                           BLOCK[1].RAM128.BLOCK[1].RAM32.SLICE[1].RAM8.WORD[3].W.BYTE[2].B.GCLK (net)
                  0.27    0.00    4.30 ^ BLOCK[1].RAM128.BLOCK[1].RAM32.SLICE[1].RAM8.WORD[3].W.BYTE[2].B.BIT[4].genblk1.FF/CLK (sky130_fd_sc_hd__dfxtp_1)
                          0.00    4.30   clock reconvergence pessimism
                         -0.04    4.26   library hold time
                                  4.26   data required time
-----------------------------------------------------------------------------
                                  4.26   data required time
                                 -5.60   data arrival time
-----------------------------------------------------------------------------
                                  1.35   slack (MET)


