
===========================================================================
 report_power
============================================================================


======================= Slowest Corner =================================

Group                  Internal  Switching    Leakage      Total
                          Power      Power      Power      Power
----------------------------------------------------------------
Sequential             2.28e-02   2.58e-04   1.24e-04   2.32e-02  42.7%
Combinational          4.60e-03   2.65e-02   8.32e-05   3.11e-02  57.3%
Macro                  0.00e+00   0.00e+00   0.00e+00   0.00e+00   0.0%
Pad                    0.00e+00   0.00e+00   0.00e+00   0.00e+00   0.0%
----------------------------------------------------------------
Total                  2.74e-02   2.67e-02   2.07e-04   5.43e-02 100.0%
                          50.4%      49.2%       0.4%

======================= Typical Corner ===================================

Group                  Internal  Switching    Leakage      Total
                          Power      Power      Power      Power
----------------------------------------------------------------
Sequential             2.96e-02   3.32e-04   7.13e-08   2.99e-02  42.7%
Combinational          5.75e-03   3.45e-02   6.36e-08   4.02e-02  57.3%
Macro                  0.00e+00   0.00e+00   0.00e+00   0.00e+00   0.0%
Pad                    0.00e+00   0.00e+00   0.00e+00   0.00e+00   0.0%
----------------------------------------------------------------
Total                  3.54e-02   3.48e-02   1.35e-07   7.01e-02 100.0%
                          50.4%      49.6%       0.0%


======================= Fastest Corner =================================

Group                  Internal  Switching    Leakage      Total
                          Power      Power      Power      Power
----------------------------------------------------------------
Sequential             3.48e-02   3.98e-04   1.23e-07   3.52e-02  41.6%
Combinational          8.42e-03   4.10e-02   1.60e-07   4.94e-02  58.4%
Macro                  0.00e+00   0.00e+00   0.00e+00   0.00e+00   0.0%
Pad                    0.00e+00   0.00e+00   0.00e+00   0.00e+00   0.0%
----------------------------------------------------------------
Total                  4.32e-02   4.14e-02   2.83e-07   8.46e-02 100.0%
                          51.1%      48.9%       0.0%
