OpenROAD b79f266fe41540eabc064bcaddfe19ed715ac5c2 
This program is licensed under the BSD-3 license. See the LICENSE file for details.
Components of this program may be licensed under more restrictive licenses which must be honored.
[INFO ODB-0222] Reading LEF file: /project/openlane/mgmt_core/runs/RUN_2021.11.23_18.34.59/tmp/merged_unpadded.lef
[WARNING ODB-0220] WARNING (LEFPARS-2036): SOURCE statement is obsolete in version 5.6 and later.
The LEF parser will ignore this statement.
To avoid this warning in the future, remove this statement from the LEF file with version 5.6 or later. See file /project/openlane/mgmt_core/runs/RUN_2021.11.23_18.34.59/tmp/merged_unpadded.lef at line 922.

[INFO ODB-0223]     Created 13 technology layers
[INFO ODB-0224]     Created 25 technology vias
[INFO ODB-0225]     Created 442 library cells
[INFO ODB-0226] Finished LEF file:  /project/openlane/mgmt_core/runs/RUN_2021.11.23_18.34.59/tmp/merged_unpadded.lef
[WARNING ORD-0033] -order_wires is deprecated.
[INFO ODB-0127] Reading DEF file: /project/openlane/mgmt_core/runs/RUN_2021.11.23_18.34.59/results/routing/21-mgmt_core.def
[INFO ODB-0128] Design: mgmt_core
[INFO ODB-0094] 		Created 100000 Insts
[INFO ODB-0130]     Created 818 pins.
[INFO ODB-0131]     Created 141219 components and 626663 component-terminals.
[INFO ODB-0132]     Created 2 special nets and 532724 connections.
[INFO ODB-0133]     Created 23402 nets and 93910 connections.
[INFO ODB-0134] Finished DEF file: /project/openlane/mgmt_core/runs/RUN_2021.11.23_18.34.59/results/routing/21-mgmt_core.def
[INFO]: Setting RC values...
[INFO RCX-0431] Defined process_corner X with ext_model_index 0
[INFO RCX-0029] Defined extraction corner X
[INFO RCX-0008] extracting parasitics of mgmt_core ...
Notice 0: Split top of 8498 T shapes.
[INFO RCX-0435] Reading extraction model file /ciic/pdks/sky130A/libs.tech/openlane/rcx_rules.info ...
[INFO RCX-0436] RC segment generation mgmt_core (max_merge_res 50.0) ...
[INFO RCX-0040] Final 149217 rc segments
[INFO RCX-0439] Coupling Cap extraction mgmt_core ...
[INFO RCX-0440] Coupling threshhold is 0.1000 fF, coupling capacitance less than 0.1000 fF will be grounded.
[INFO RCX-0043] 239914 wires to be extracted
[INFO RCX-0442] 52% completion -- 125604 wires have been extracted
[INFO RCX-0442] 58% completion -- 139199 wires have been extracted
[INFO RCX-0442] 68% completion -- 164858 wires have been extracted
[INFO RCX-0442] 84% completion -- 203117 wires have been extracted
[INFO RCX-0442] 100% completion -- 239914 wires have been extracted
[INFO RCX-0045] Extract 23402 nets, 172555 rsegs, 172555 caps, 292515 ccs
[INFO RCX-0015] Finished extracting mgmt_core.
[INFO RCX-0016] Writing SPEF ...
[INFO RCX-0443] 23402 nets finished
[INFO RCX-0017] Finished writing SPEF ...
