OpenROAD 4174c3ad802d2ac1d04d387d2c4b883903f6647e 
This program is licensed under the BSD-3 license. See the LICENSE file for details.
Components of this program may be licensed under more restrictive licenses which must be honored.
[INFO ODB-0222] Reading LEF file: /home/hosni/caravel_mgmt_soc_litex/openlane/RAM256/runs/RUN_2022.11.08_16.25.03/tmp/merged.min.lef
[WARNING ODB-0220] WARNING (LEFPARS-2036): SOURCE statement is obsolete in version 5.6 and later.
The LEF parser will ignore this statement.
To avoid this warning in the future, remove this statement from the LEF file with version 5.6 or later. See file /home/hosni/caravel_mgmt_soc_litex/openlane/RAM256/runs/RUN_2022.11.08_16.25.03/tmp/merged.min.lef at line 930.

[INFO ODB-0223]     Created 13 technology layers
[INFO ODB-0224]     Created 25 technology vias
[INFO ODB-0225]     Created 441 library cells
[INFO ODB-0226] Finished LEF file:  /home/hosni/caravel_mgmt_soc_litex/openlane/RAM256/runs/RUN_2022.11.08_16.25.03/tmp/merged.min.lef
[INFO ODB-0127] Reading DEF file: /home/hosni/caravel_mgmt_soc_litex/openlane/RAM256/runs/RUN_2022.11.08_16.25.03/results/routing/RAM256.def
[INFO ODB-0128] Design: RAM256
[INFO ODB-0130]     Created 80 pins.
[INFO ODB-0131]     Created 62604 components and 316805 component-terminals.
[INFO ODB-0132]     Created 2 special nets and 238460 connections.
[INFO ODB-0133]     Created 14598 nets and 78313 connections.
[INFO ODB-0134] Finished DEF file: /home/hosni/caravel_mgmt_soc_litex/openlane/RAM256/runs/RUN_2022.11.08_16.25.03/results/routing/RAM256.def
Using RCX ruleset '/home/hosni/soc_OpenLane/OpenLane/pdks/sky130A/libs.tech/openlane/rules.openrcx.sky130A.min.spef_extractor'...
[INFO RCX-0431] Defined process_corner X with ext_model_index 0
[INFO RCX-0029] Defined extraction corner X
[INFO RCX-0008] extracting parasitics of RAM256 ...
[INFO RCX-0435] Reading extraction model file /home/hosni/soc_OpenLane/OpenLane/pdks/sky130A/libs.tech/openlane/rules.openrcx.sky130A.min.spef_extractor ...
[INFO RCX-0436] RC segment generation RAM256 (max_merge_res 50.0) ...
[INFO RCX-0040] Final 114929 rc segments
[INFO RCX-0439] Coupling Cap extraction RAM256 ...
[INFO RCX-0440] Coupling threshhold is 0.1000 fF, coupling capacitance less than 0.1000 fF will be grounded.
[INFO RCX-0043] 193659 wires to be extracted
[INFO RCX-0442] 52% completion -- 100828 wires have been extracted
[INFO RCX-0442] 100% completion -- 193659 wires have been extracted
[INFO RCX-0045] Extract 14598 nets, 129527 rsegs, 129527 caps, 207229 ccs
[INFO RCX-0015] Finished extracting RAM256.
Writing result to /home/hosni/caravel_mgmt_soc_litex/openlane/RAM256/runs/RUN_2022.11.08_16.25.03/results/routing/process_corner_min/RAM256.spef...
Setting global connections for newly added cells...
[WARNING] Did not save OpenROAD database!
Writing extracted parasitics to /home/hosni/caravel_mgmt_soc_litex/openlane/RAM256/runs/RUN_2022.11.08_16.25.03/results/routing/process_corner_min/RAM256.spef...
[INFO RCX-0016] Writing SPEF ...
[INFO RCX-0443] 14598 nets finished
[INFO RCX-0017] Finished writing SPEF ...
