
Magic 8.3 revision 324 - Compiled on Thu Sep 15 11:38:02 UTC 2022.
Starting magic under Tcl interpreter
Using the terminal as the console.
Using NULL graphics device.
Processing system .magicrc file
Sourcing design .magicrc for technology sky130A ...
2 Magic internal units = 1 Lambda
Input style sky130(vendor): scaleFactor=2, multiplier=2
The following types are not handled by extraction and will be treated as non-electrical types:
    ubm 
Scaled tech values by 2 / 1 to match internal grid scaling
Loading sky130A Device Generator Menu ...
Using technology "sky130A", version 1.0.335-0-g8f6aff1
Reading LEF data from file /home/hosni/soc_OpenLane/OpenLane/pdks/sky130A/libs.ref/sky130_fd_sc_hd/techlef/sky130_fd_sc_hd__nom.tlef.
This action cannot be undone.
LEF read, Line 78 (Message): Unknown keyword "ANTENNAMODEL" in LEF file; ignoring.
LEF read, Line 79 (Message): Unknown keyword "ANTENNADIFFSIDEAREARATIO" in LEF file; ignoring.
LEF read, Line 112 (Message): Unknown keyword "MINENCLOSEDAREA" in LEF file; ignoring.
LEF read, Line 114 (Message): Unknown keyword "ANTENNAMODEL" in LEF file; ignoring.
LEF read, Line 115 (Message): Unknown keyword "ANTENNADIFFSIDEAREARATIO" in LEF file; ignoring.
LEF read, Line 121 (Message): Unknown keyword "MAXIMUMDENSITY" in LEF file; ignoring.
LEF read, Line 122 (Message): Unknown keyword "DENSITYCHECKWINDOW" in LEF file; ignoring.
LEF read, Line 123 (Message): Unknown keyword "DENSITYCHECKSTEP" in LEF file; ignoring.
LEF read, Line 156 (Message): Unknown keyword "MINENCLOSEDAREA" in LEF file; ignoring.
LEF read, Line 164 (Message): Unknown keyword "ANTENNAMODEL" in LEF file; ignoring.
LEF read, Line 165 (Message): Unknown keyword "ANTENNADIFFSIDEAREARATIO" in LEF file; ignoring.
LEF read, Line 167 (Message): Unknown keyword "MAXIMUMDENSITY" in LEF file; ignoring.
LEF read, Line 168 (Message): Unknown keyword "DENSITYCHECKWINDOW" in LEF file; ignoring.
LEF read, Line 169 (Message): Unknown keyword "DENSITYCHECKSTEP" in LEF file; ignoring.
LEF read, Line 206 (Message): Unknown keyword "ANTENNAMODEL" in LEF file; ignoring.
LEF read, Line 207 (Message): Unknown keyword "ANTENNADIFFSIDEAREARATIO" in LEF file; ignoring.
LEF read, Line 209 (Message): Unknown keyword "MAXIMUMDENSITY" in LEF file; ignoring.
LEF read, Line 210 (Message): Unknown keyword "DENSITYCHECKWINDOW" in LEF file; ignoring.
LEF read, Line 211 (Message): Unknown keyword "DENSITYCHECKSTEP" in LEF file; ignoring.
LEF read, Line 248 (Message): Unknown keyword "ANTENNAMODEL" in LEF file; ignoring.
LEF read, Line 249 (Message): Unknown keyword "ANTENNADIFFSIDEAREARATIO" in LEF file; ignoring.
LEF read, Line 251 (Message): Unknown keyword "MAXIMUMDENSITY" in LEF file; ignoring.
LEF read, Line 252 (Message): Unknown keyword "DENSITYCHECKWINDOW" in LEF file; ignoring.
LEF read, Line 253 (Message): Unknown keyword "DENSITYCHECKSTEP" in LEF file; ignoring.
LEF read, Line 290 (Message): Unknown keyword "ANTENNAMODEL" in LEF file; ignoring.
LEF read, Line 291 (Message): Unknown keyword "ANTENNADIFFSIDEAREARATIO" in LEF file; ignoring.
LEF read: Processed 797 lines.
RAM256: 10000 rects
RAM256: 20000 rects
RAM256: 30000 rects
RAM256: 40000 rects
RAM256: 50000 rects
RAM256: 60000 rects
RAM256: 70000 rects
RAM256: 80000 rects
RAM256: 90000 rects
RAM256: 100000 rects
RAM256: 110000 rects
RAM256: 120000 rects
RAM256: 130000 rects
RAM256: 140000 rects
RAM256: 150000 rects
RAM256: 160000 rects
RAM256: 170000 rects
RAM256: 180000 rects
RAM256: 190000 rects
RAM256: 200000 rects
RAM256: 210000 rects
RAM256: 220000 rects
RAM256: 230000 rects
RAM256: 240000 rects
RAM256: 250000 rects
RAM256: 260000 rects
RAM256: 270000 rects
RAM256: 280000 rects
RAM256: 290000 rects
RAM256: 300000 rects
RAM256: 310000 rects
RAM256: 320000 rects
RAM256: 330000 rects
RAM256: 340000 rects
RAM256: 350000 rects
RAM256: 360000 rects
RAM256: 370000 rects
RAM256: 380000 rects
RAM256: 390000 rects
RAM256: 400000 rects
RAM256: 410000 rects
RAM256: 420000 rects
RAM256: 430000 rects
RAM256: 440000 rects
RAM256: 450000 rects
RAM256: 460000 rects
RAM256: 470000 rects
RAM256: 480000 rects
RAM256: 490000 rects
RAM256: 500000 rects
RAM256: 510000 rects
RAM256: 520000 rects
RAM256: 530000 rects
RAM256: 540000 rects
RAM256: 550000 rects
RAM256: 560000 rects
RAM256: 570000 rects
RAM256: 580000 rects
RAM256: 590000 rects
RAM256: 600000 rects
RAM256: 610000 rects
RAM256: 620000 rects
RAM256: 630000 rects
RAM256: 640000 rects
RAM256: 650000 rects
RAM256: 660000 rects
RAM256: 670000 rects
RAM256: 680000 rects
RAM256: 690000 rects
RAM256: 700000 rects
RAM256: 710000 rects
RAM256: 720000 rects
RAM256: 730000 rects
RAM256: 740000 rects
RAM256: 750000 rects
RAM256: 760000 rects
RAM256: 770000 rects
RAM256: 780000 rects
RAM256: 790000 rects
RAM256: 800000 rects
RAM256: 810000 rects
RAM256: 820000 rects
RAM256: 830000 rects
RAM256: 840000 rects
RAM256: 850000 rects
RAM256: 860000 rects
RAM256: 870000 rects
RAM256: 880000 rects
RAM256: 890000 rects
RAM256: 900000 rects
RAM256: 910000 rects
RAM256: 920000 rects
RAM256: 930000 rects
RAM256: 940000 rects
RAM256: 950000 rects
RAM256: 960000 rects
RAM256: 970000 rects
RAM256: 980000 rects
RAM256: 990000 rects
RAM256: 1000000 rects
RAM256: 1010000 rects
RAM256: 1020000 rects
RAM256: 1030000 rects
RAM256: 1040000 rects
RAM256: 1050000 rects
RAM256: 1060000 rects
RAM256: 1070000 rects
RAM256: 1080000 rects
RAM256: 1090000 rects
RAM256: 1100000 rects
RAM256: 1110000 rects
RAM256: 1120000 rects
RAM256: 1130000 rects
RAM256: 1140000 rects
RAM256: 1150000 rects
RAM256: 1160000 rects
RAM256: 1170000 rects
RAM256: 1180000 rects
RAM256: 1190000 rects
RAM256: 1200000 rects
RAM256: 1210000 rects
RAM256: 1220000 rects
RAM256: 1230000 rects
RAM256: 1240000 rects
RAM256: 1250000 rects
RAM256: 1260000 rects
RAM256: 1270000 rects
RAM256: 1280000 rects
RAM256: 1290000 rects
RAM256: 1300000 rects
[INFO]: Writing abstract LEF
Generating LEF output /home/hosni/caravel_mgmt_soc_litex/openlane/RAM256/runs/RUN_2022.11.08_16.25.03/results/signoff/RAM256.lef for cell RAM256:
Diagnostic:  Write LEF header for cell RAM256
Diagnostic:  Writing LEF output for cell RAM256
Warning:  Parent cell lists instance of "sky130_ef_sc_hd__decap_12" at bad file path /home/hosni/caravel_mgmt_soc_litex/openlane/RAM256/runs/RUN_2022.11.08_16.25.03/results/signoff/sky130_ef_sc_hd__decap_12.mag.
The cell exists in the search paths at /home/hosni/soc_OpenLane/OpenLane/pdks/sky130A/libs.ref/sky130_fd_sc_hd/maglef/sky130_ef_sc_hd__decap_12.mag.
The discovered version will be used.
Warning:  Parent cell lists instance of "sky130_fd_sc_hd__decap_3" at bad file path /home/hosni/caravel_mgmt_soc_litex/openlane/RAM256/runs/RUN_2022.11.08_16.25.03/results/signoff/sky130_fd_sc_hd__decap_3.mag.
The cell exists in the search paths at /home/hosni/soc_OpenLane/OpenLane/pdks/sky130A/libs.ref/sky130_fd_sc_hd/maglef/sky130_fd_sc_hd__decap_3.mag.
The discovered version will be used.
Warning:  Parent cell lists instance of "sky130_fd_sc_hd__fill_1" at bad file path /home/hosni/caravel_mgmt_soc_litex/openlane/RAM256/runs/RUN_2022.11.08_16.25.03/results/signoff/sky130_fd_sc_hd__fill_1.mag.
The cell exists in the search paths at /home/hosni/soc_OpenLane/OpenLane/pdks/sky130A/libs.ref/sky130_fd_sc_hd/maglef/sky130_fd_sc_hd__fill_1.mag.
The discovered version will be used.
Warning:  Parent cell lists instance of "sky130_fd_sc_hd__tapvpwrvgnd_1" at bad file path /home/hosni/caravel_mgmt_soc_litex/openlane/RAM256/runs/RUN_2022.11.08_16.25.03/results/signoff/sky130_fd_sc_hd__tapvpwrvgnd_1.mag.
The cell exists in the search paths at /home/hosni/soc_OpenLane/OpenLane/pdks/sky130A/libs.ref/sky130_fd_sc_hd/maglef/sky130_fd_sc_hd__tapvpwrvgnd_1.mag.
The discovered version will be used.
Warning:  Parent cell lists instance of "sky130_fd_sc_hd__decap_4" at bad file path /home/hosni/caravel_mgmt_soc_litex/openlane/RAM256/runs/RUN_2022.11.08_16.25.03/results/signoff/sky130_fd_sc_hd__decap_4.mag.
The cell exists in the search paths at /home/hosni/soc_OpenLane/OpenLane/pdks/sky130A/libs.ref/sky130_fd_sc_hd/maglef/sky130_fd_sc_hd__decap_4.mag.
The discovered version will be used.
Warning:  Parent cell lists instance of "sky130_fd_sc_hd__decap_6" at bad file path /home/hosni/caravel_mgmt_soc_litex/openlane/RAM256/runs/RUN_2022.11.08_16.25.03/results/signoff/sky130_fd_sc_hd__decap_6.mag.
The cell exists in the search paths at /home/hosni/soc_OpenLane/OpenLane/pdks/sky130A/libs.ref/sky130_fd_sc_hd/maglef/sky130_fd_sc_hd__decap_6.mag.
The discovered version will be used.
Warning:  Parent cell lists instance of "sky130_fd_sc_hd__diode_2" at bad file path /home/hosni/caravel_mgmt_soc_litex/openlane/RAM256/runs/RUN_2022.11.08_16.25.03/results/signoff/sky130_fd_sc_hd__diode_2.mag.
The cell exists in the search paths at /home/hosni/soc_OpenLane/OpenLane/pdks/sky130A/libs.ref/sky130_fd_sc_hd/maglef/sky130_fd_sc_hd__diode_2.mag.
The discovered version will be used.
Warning:  Parent cell lists instance of "sky130_fd_sc_hd__dlxtp_1" at bad file path /home/hosni/caravel_mgmt_soc_litex/openlane/RAM256/runs/RUN_2022.11.08_16.25.03/results/signoff/sky130_fd_sc_hd__dlxtp_1.mag.
The cell exists in the search paths at /home/hosni/soc_OpenLane/OpenLane/pdks/sky130A/libs.ref/sky130_fd_sc_hd/maglef/sky130_fd_sc_hd__dlxtp_1.mag.
The discovered version will be used.
Warning:  Parent cell lists instance of "sky130_fd_sc_hd__ebufn_2" at bad file path /home/hosni/caravel_mgmt_soc_litex/openlane/RAM256/runs/RUN_2022.11.08_16.25.03/results/signoff/sky130_fd_sc_hd__ebufn_2.mag.
The cell exists in the search paths at /home/hosni/soc_OpenLane/OpenLane/pdks/sky130A/libs.ref/sky130_fd_sc_hd/maglef/sky130_fd_sc_hd__ebufn_2.mag.
The discovered version will be used.
Warning:  Parent cell lists instance of "sky130_fd_sc_hd__fill_2" at bad file path /home/hosni/caravel_mgmt_soc_litex/openlane/RAM256/runs/RUN_2022.11.08_16.25.03/results/signoff/sky130_fd_sc_hd__fill_2.mag.
The cell exists in the search paths at /home/hosni/soc_OpenLane/OpenLane/pdks/sky130A/libs.ref/sky130_fd_sc_hd/maglef/sky130_fd_sc_hd__fill_2.mag.
The discovered version will be used.
Warning:  Parent cell lists instance of "sky130_fd_sc_hd__decap_8" at bad file path /home/hosni/caravel_mgmt_soc_litex/openlane/RAM256/runs/RUN_2022.11.08_16.25.03/results/signoff/sky130_fd_sc_hd__decap_8.mag.
The cell exists in the search paths at /home/hosni/soc_OpenLane/OpenLane/pdks/sky130A/libs.ref/sky130_fd_sc_hd/maglef/sky130_fd_sc_hd__decap_8.mag.
The discovered version will be used.
Warning:  Parent cell lists instance of "sky130_fd_sc_hd__inv_1" at bad file path /home/hosni/caravel_mgmt_soc_litex/openlane/RAM256/runs/RUN_2022.11.08_16.25.03/results/signoff/sky130_fd_sc_hd__inv_1.mag.
The cell exists in the search paths at /home/hosni/soc_OpenLane/OpenLane/pdks/sky130A/libs.ref/sky130_fd_sc_hd/maglef/sky130_fd_sc_hd__inv_1.mag.
The discovered version will be used.
Warning:  Parent cell lists instance of "sky130_fd_sc_hd__and2_1" at bad file path /home/hosni/caravel_mgmt_soc_litex/openlane/RAM256/runs/RUN_2022.11.08_16.25.03/results/signoff/sky130_fd_sc_hd__and2_1.mag.
The cell exists in the search paths at /home/hosni/soc_OpenLane/OpenLane/pdks/sky130A/libs.ref/sky130_fd_sc_hd/maglef/sky130_fd_sc_hd__and2_1.mag.
The discovered version will be used.
Warning:  Parent cell lists instance of "sky130_fd_sc_hd__dlclkp_1" at bad file path /home/hosni/caravel_mgmt_soc_litex/openlane/RAM256/runs/RUN_2022.11.08_16.25.03/results/signoff/sky130_fd_sc_hd__dlclkp_1.mag.
The cell exists in the search paths at /home/hosni/soc_OpenLane/OpenLane/pdks/sky130A/libs.ref/sky130_fd_sc_hd/maglef/sky130_fd_sc_hd__dlclkp_1.mag.
The discovered version will be used.
Warning:  Parent cell lists instance of "sky130_fd_sc_hd__clkbuf_2" at bad file path /home/hosni/caravel_mgmt_soc_litex/openlane/RAM256/runs/RUN_2022.11.08_16.25.03/results/signoff/sky130_fd_sc_hd__clkbuf_2.mag.
The cell exists in the search paths at /home/hosni/soc_OpenLane/OpenLane/pdks/sky130A/libs.ref/sky130_fd_sc_hd/maglef/sky130_fd_sc_hd__clkbuf_2.mag.
The discovered version will be used.
Warning:  Parent cell lists instance of "sky130_fd_sc_hd__clkbuf_4" at bad file path /home/hosni/caravel_mgmt_soc_litex/openlane/RAM256/runs/RUN_2022.11.08_16.25.03/results/signoff/sky130_fd_sc_hd__clkbuf_4.mag.
The cell exists in the search paths at /home/hosni/soc_OpenLane/OpenLane/pdks/sky130A/libs.ref/sky130_fd_sc_hd/maglef/sky130_fd_sc_hd__clkbuf_4.mag.
The discovered version will be used.
Warning:  Parent cell lists instance of "sky130_fd_sc_hd__and4b_2" at bad file path /home/hosni/caravel_mgmt_soc_litex/openlane/RAM256/runs/RUN_2022.11.08_16.25.03/results/signoff/sky130_fd_sc_hd__and4b_2.mag.
The cell exists in the search paths at /home/hosni/soc_OpenLane/OpenLane/pdks/sky130A/libs.ref/sky130_fd_sc_hd/maglef/sky130_fd_sc_hd__and4b_2.mag.
The discovered version will be used.
Warning:  Parent cell lists instance of "sky130_fd_sc_hd__and4bb_2" at bad file path /home/hosni/caravel_mgmt_soc_litex/openlane/RAM256/runs/RUN_2022.11.08_16.25.03/results/signoff/sky130_fd_sc_hd__and4bb_2.mag.
The cell exists in the search paths at /home/hosni/soc_OpenLane/OpenLane/pdks/sky130A/libs.ref/sky130_fd_sc_hd/maglef/sky130_fd_sc_hd__and4bb_2.mag.
The discovered version will be used.
Warning:  Parent cell lists instance of "sky130_fd_sc_hd__nor4b_2" at bad file path /home/hosni/caravel_mgmt_soc_litex/openlane/RAM256/runs/RUN_2022.11.08_16.25.03/results/signoff/sky130_fd_sc_hd__nor4b_2.mag.
The cell exists in the search paths at /home/hosni/soc_OpenLane/OpenLane/pdks/sky130A/libs.ref/sky130_fd_sc_hd/maglef/sky130_fd_sc_hd__nor4b_2.mag.
The discovered version will be used.
Warning:  Parent cell lists instance of "sky130_fd_sc_hd__and4_2" at bad file path /home/hosni/caravel_mgmt_soc_litex/openlane/RAM256/runs/RUN_2022.11.08_16.25.03/results/signoff/sky130_fd_sc_hd__and4_2.mag.
The cell exists in the search paths at /home/hosni/soc_OpenLane/OpenLane/pdks/sky130A/libs.ref/sky130_fd_sc_hd/maglef/sky130_fd_sc_hd__and4_2.mag.
The discovered version will be used.
Warning:  Parent cell lists instance of "sky130_fd_sc_hd__and3b_2" at bad file path /home/hosni/caravel_mgmt_soc_litex/openlane/RAM256/runs/RUN_2022.11.08_16.25.03/results/signoff/sky130_fd_sc_hd__and3b_2.mag.
The cell exists in the search paths at /home/hosni/soc_OpenLane/OpenLane/pdks/sky130A/libs.ref/sky130_fd_sc_hd/maglef/sky130_fd_sc_hd__and3b_2.mag.
The discovered version will be used.
Warning:  Parent cell lists instance of "sky130_fd_sc_hd__nor3b_2" at bad file path /home/hosni/caravel_mgmt_soc_litex/openlane/RAM256/runs/RUN_2022.11.08_16.25.03/results/signoff/sky130_fd_sc_hd__nor3b_2.mag.
The cell exists in the search paths at /home/hosni/soc_OpenLane/OpenLane/pdks/sky130A/libs.ref/sky130_fd_sc_hd/maglef/sky130_fd_sc_hd__nor3b_2.mag.
The discovered version will be used.
Warning:  Parent cell lists instance of "sky130_fd_sc_hd__clkbuf_16" at bad file path /home/hosni/caravel_mgmt_soc_litex/openlane/RAM256/runs/RUN_2022.11.08_16.25.03/results/signoff/sky130_fd_sc_hd__clkbuf_16.mag.
The cell exists in the search paths at /home/hosni/soc_OpenLane/OpenLane/pdks/sky130A/libs.ref/sky130_fd_sc_hd/maglef/sky130_fd_sc_hd__clkbuf_16.mag.
The discovered version will be used.
Warning:  Parent cell lists instance of "sky130_fd_sc_hd__and3_2" at bad file path /home/hosni/caravel_mgmt_soc_litex/openlane/RAM256/runs/RUN_2022.11.08_16.25.03/results/signoff/sky130_fd_sc_hd__and3_2.mag.
The cell exists in the search paths at /home/hosni/soc_OpenLane/OpenLane/pdks/sky130A/libs.ref/sky130_fd_sc_hd/maglef/sky130_fd_sc_hd__and3_2.mag.
The discovered version will be used.
Warning:  Parent cell lists instance of "sky130_fd_sc_hd__conb_1" at bad file path /home/hosni/caravel_mgmt_soc_litex/openlane/RAM256/runs/RUN_2022.11.08_16.25.03/results/signoff/sky130_fd_sc_hd__conb_1.mag.
The cell exists in the search paths at /home/hosni/soc_OpenLane/OpenLane/pdks/sky130A/libs.ref/sky130_fd_sc_hd/maglef/sky130_fd_sc_hd__conb_1.mag.
The discovered version will be used.
Warning:  Parent cell lists instance of "sky130_fd_sc_hd__dfxtp_1" at bad file path /home/hosni/caravel_mgmt_soc_litex/openlane/RAM256/runs/RUN_2022.11.08_16.25.03/results/signoff/sky130_fd_sc_hd__dfxtp_1.mag.
The cell exists in the search paths at /home/hosni/soc_OpenLane/OpenLane/pdks/sky130A/libs.ref/sky130_fd_sc_hd/maglef/sky130_fd_sc_hd__dfxtp_1.mag.
The discovered version will be used.
Warning:  Parent cell lists instance of "sky130_fd_sc_hd__mux4_1" at bad file path /home/hosni/caravel_mgmt_soc_litex/openlane/RAM256/runs/RUN_2022.11.08_16.25.03/results/signoff/sky130_fd_sc_hd__mux4_1.mag.
The cell exists in the search paths at /home/hosni/soc_OpenLane/OpenLane/pdks/sky130A/libs.ref/sky130_fd_sc_hd/maglef/sky130_fd_sc_hd__mux4_1.mag.
The discovered version will be used.
Warning:  Parent cell lists instance of "sky130_fd_sc_hd__and2b_2" at bad file path /home/hosni/caravel_mgmt_soc_litex/openlane/RAM256/runs/RUN_2022.11.08_16.25.03/results/signoff/sky130_fd_sc_hd__and2b_2.mag.
The cell exists in the search paths at /home/hosni/soc_OpenLane/OpenLane/pdks/sky130A/libs.ref/sky130_fd_sc_hd/maglef/sky130_fd_sc_hd__and2b_2.mag.
The discovered version will be used.
Warning:  Parent cell lists instance of "sky130_fd_sc_hd__and2_2" at bad file path /home/hosni/caravel_mgmt_soc_litex/openlane/RAM256/runs/RUN_2022.11.08_16.25.03/results/signoff/sky130_fd_sc_hd__and2_2.mag.
The cell exists in the search paths at /home/hosni/soc_OpenLane/OpenLane/pdks/sky130A/libs.ref/sky130_fd_sc_hd/maglef/sky130_fd_sc_hd__and2_2.mag.
The discovered version will be used.
Warning:  Parent cell lists instance of "sky130_fd_sc_hd__mux2_1" at bad file path /home/hosni/caravel_mgmt_soc_litex/openlane/RAM256/runs/RUN_2022.11.08_16.25.03/results/signoff/sky130_fd_sc_hd__mux2_1.mag.
The cell exists in the search paths at /home/hosni/soc_OpenLane/OpenLane/pdks/sky130A/libs.ref/sky130_fd_sc_hd/maglef/sky130_fd_sc_hd__mux2_1.mag.
The discovered version will be used.
Diagnostic:  Scale value is 0.005000
[INFO]: LEF Write Complete
