Netgen 1.5.234 compiled on Sun Oct  9 10:24:01 UTC 2022
Warning: netgen command 'format' use fully-qualified name '::netgen::format'
Warning: netgen command 'global' use fully-qualified name '::netgen::global'
Generating JSON file result
Reading netlist file /home/hosni/caravel_mgmt_soc_litex/openlane/RAM256/runs/RUN_2022.11.08_16.25.03/results/signoff/RAM256.spice
Reading netlist file /home/hosni/caravel_mgmt_soc_litex/openlane/RAM256/runs/RUN_2022.11.08_16.25.03/tmp/signoff/25-RAM256.pnl.v
Warning:  A case-insensitive file has been read and so the	verilog file must be treated case-insensitive to match.
Creating placeholder cell definition for module sky130_fd_sc_hd__clkbuf_2.
Creating placeholder cell definition for module sky130_fd_sc_hd__ebufn_2.
Creating placeholder cell definition for module sky130_fd_sc_hd__clkbuf_4.
Creating placeholder cell definition for module sky130_fd_sc_hd__nor3b_2.
Creating placeholder cell definition for module sky130_fd_sc_hd__and3b_2.
Creating placeholder cell definition for module sky130_fd_sc_hd__and3_2.
Creating placeholder cell definition for module sky130_fd_sc_hd__clkbuf_16.
Creating placeholder cell definition for module sky130_fd_sc_hd__dfxtp_1.
Creating placeholder cell definition for module sky130_fd_sc_hd__nor4b_2.
Creating placeholder cell definition for module sky130_fd_sc_hd__and4bb_2.
Creating placeholder cell definition for module sky130_fd_sc_hd__and4b_2.
Creating placeholder cell definition for module sky130_fd_sc_hd__and4_2.
Creating placeholder cell definition for module sky130_fd_sc_hd__dlxtp_1.
Creating placeholder cell definition for module sky130_fd_sc_hd__and2_1.
Creating placeholder cell definition for module sky130_fd_sc_hd__inv_1.
Creating placeholder cell definition for module sky130_fd_sc_hd__dlclkp_1.
Creating placeholder cell definition for module sky130_fd_sc_hd__conb_1.
Creating placeholder cell definition for module sky130_fd_sc_hd__mux4_1.
Creating placeholder cell definition for module sky130_fd_sc_hd__and2b_2.
Creating placeholder cell definition for module sky130_fd_sc_hd__and2_2.
Creating placeholder cell definition for module sky130_fd_sc_hd__mux2_1.
Creating placeholder cell definition for module sky130_fd_sc_hd__decap_3.
Creating placeholder cell definition for module sky130_fd_sc_hd__tapvpwrvgnd_1.
Creating placeholder cell definition for module sky130_fd_sc_hd__diode_2.
Creating placeholder cell definition for module sky130_ef_sc_hd__decap_12.
Creating placeholder cell definition for module sky130_fd_sc_hd__fill_1.
Creating placeholder cell definition for module sky130_fd_sc_hd__decap_6.
Creating placeholder cell definition for module sky130_fd_sc_hd__decap_8.
Creating placeholder cell definition for module sky130_fd_sc_hd__decap_4.
Creating placeholder cell definition for module sky130_fd_sc_hd__fill_2.
Reading setup file /home/hosni/soc_OpenLane/OpenLane/pdks/sky130A/libs.tech/netgen/sky130A_setup.tcl
Comparison output logged to file /home/hosni/caravel_mgmt_soc_litex/openlane/RAM256/runs/RUN_2022.11.08_16.25.03/logs/signoff/28-RAM256.lef.log
Logging to file "/home/hosni/caravel_mgmt_soc_litex/openlane/RAM256/runs/RUN_2022.11.08_16.25.03/logs/signoff/28-RAM256.lef.log" enabled
Circuit sky130_fd_sc_hd__and2_1 contains no devices.
Circuit sky130_fd_sc_hd__dlxtp_1 contains no devices.
Circuit sky130_fd_sc_hd__diode_2 contains no devices.
Circuit sky130_fd_sc_hd__fill_1 contains no devices.
Circuit sky130_fd_sc_hd__ebufn_2 contains no devices.
Circuit sky130_fd_sc_hd__dlclkp_1 contains no devices.
Circuit sky130_fd_sc_hd__decap_3 contains no devices.
Circuit sky130_fd_sc_hd__decap_4 contains no devices.
Circuit sky130_fd_sc_hd__decap_8 contains no devices.
Circuit sky130_ef_sc_hd__decap_12 contains no devices.
Circuit sky130_fd_sc_hd__and4_2 contains no devices.
Circuit sky130_fd_sc_hd__decap_6 contains no devices.
Circuit sky130_fd_sc_hd__clkbuf_2 contains no devices.
Circuit sky130_fd_sc_hd__inv_1 contains no devices.
Circuit sky130_fd_sc_hd__fill_2 contains no devices.
Circuit sky130_fd_sc_hd__dfxtp_1 contains no devices.
Circuit sky130_fd_sc_hd__mux4_1 contains no devices.
Circuit sky130_fd_sc_hd__tapvpwrvgnd_1 contains no devices.
Circuit sky130_fd_sc_hd__clkbuf_4 contains no devices.
Circuit sky130_fd_sc_hd__and3b_2 contains no devices.
Circuit sky130_fd_sc_hd__and4bb_2 contains no devices.
Circuit sky130_fd_sc_hd__clkbuf_16 contains no devices.
Circuit sky130_fd_sc_hd__nor4b_2 contains no devices.
Circuit sky130_fd_sc_hd__and4b_2 contains no devices.
Circuit sky130_fd_sc_hd__and3_2 contains no devices.
Circuit sky130_fd_sc_hd__mux2_1 contains no devices.
Circuit sky130_fd_sc_hd__conb_1 contains no devices.
Circuit sky130_fd_sc_hd__nor3b_2 contains no devices.
Circuit sky130_fd_sc_hd__and2b_2 contains no devices.
Circuit sky130_fd_sc_hd__and2_2 contains no devices.

Contents of circuit 1:  Circuit: 'RAM256'
Circuit RAM256 contains 62604 device instances.
  Class: sky130_fd_sc_hd__clkbuf_16 instances: 320
  Class: sky130_fd_sc_hd__dfxtp_1 instances: 256
  Class: sky130_fd_sc_hd__and3b_2 instances:  20
  Class: sky130_fd_sc_hd__mux4_1 instances:  64
  Class: sky130_ef_sc_hd__decap_12 instances: 1973
  Class: sky130_fd_sc_hd__and4_2 instances:  32
  Class: sky130_fd_sc_hd__inv_1 instances: 2048
  Class: sky130_fd_sc_hd__clkbuf_2 instances: 700
  Class: sky130_fd_sc_hd__clkbuf_4 instances: 306
  Class: sky130_fd_sc_hd__dlxtp_1 instances: 8192
  Class: sky130_fd_sc_hd__and2b_2 instances:   1
  Class: sky130_fd_sc_hd__conb_1 instances:  32
  Class: sky130_fd_sc_hd__and3_2 instances:  10
  Class: sky130_fd_sc_hd__decap_3 instances: 2422
  Class: sky130_fd_sc_hd__decap_4 instances: 2907
  Class: sky130_fd_sc_hd__decap_6 instances: 2167
  Class: sky130_fd_sc_hd__decap_8 instances: 1824
  Class: sky130_fd_sc_hd__nor4b_2 instances:  32
  Class: sky130_fd_sc_hd__mux2_1 instances:  32
  Class: sky130_fd_sc_hd__and2_1 instances: 1024
  Class: sky130_fd_sc_hd__and2_2 instances:   1
  Class: sky130_fd_sc_hd__ebufn_2 instances: 8448
  Class: sky130_fd_sc_hd__dlclkp_1 instances: 1024
  Class: sky130_fd_sc_hd__nor3b_2 instances:  10
  Class: sky130_fd_sc_hd__diode_2 instances: 12679
  Class: sky130_fd_sc_hd__and4b_2 instances:  96
  Class: sky130_fd_sc_hd__tapvpwrvgnd_1 instances: 5978
  Class: sky130_fd_sc_hd__fill_1 instances: 7427
  Class: sky130_fd_sc_hd__fill_2 instances: 2483
  Class: sky130_fd_sc_hd__and4bb_2 instances:  96
Circuit contains 14632 nets.
Contents of circuit 2:  Circuit: 'RAM256'
Circuit RAM256 contains 62604 device instances.
  Class: sky130_fd_sc_hd__clkbuf_16 instances: 320
  Class: sky130_fd_sc_hd__dfxtp_1 instances: 256
  Class: sky130_fd_sc_hd__and3b_2 instances:  20
  Class: sky130_fd_sc_hd__mux4_1 instances:  64
  Class: sky130_ef_sc_hd__decap_12 instances: 1973
  Class: sky130_fd_sc_hd__and4_2 instances:  32
  Class: sky130_fd_sc_hd__inv_1 instances: 2048
  Class: sky130_fd_sc_hd__clkbuf_2 instances: 700
  Class: sky130_fd_sc_hd__clkbuf_4 instances: 306
  Class: sky130_fd_sc_hd__dlxtp_1 instances: 8192
  Class: sky130_fd_sc_hd__and2b_2 instances:   1
  Class: sky130_fd_sc_hd__conb_1 instances:  32
  Class: sky130_fd_sc_hd__and3_2 instances:  10
  Class: sky130_fd_sc_hd__decap_3 instances: 2422
  Class: sky130_fd_sc_hd__decap_4 instances: 2907
  Class: sky130_fd_sc_hd__decap_6 instances: 2167
  Class: sky130_fd_sc_hd__decap_8 instances: 1824
  Class: sky130_fd_sc_hd__nor4b_2 instances:  32
  Class: sky130_fd_sc_hd__mux2_1 instances:  32
  Class: sky130_fd_sc_hd__and2_1 instances: 1024
  Class: sky130_fd_sc_hd__and2_2 instances:   1
  Class: sky130_fd_sc_hd__ebufn_2 instances: 8448
  Class: sky130_fd_sc_hd__dlclkp_1 instances: 1024
  Class: sky130_fd_sc_hd__nor3b_2 instances:  10
  Class: sky130_fd_sc_hd__diode_2 instances: 12679
  Class: sky130_fd_sc_hd__and4b_2 instances:  96
  Class: sky130_fd_sc_hd__tapvpwrvgnd_1 instances: 5978
  Class: sky130_fd_sc_hd__fill_1 instances: 7427
  Class: sky130_fd_sc_hd__fill_2 instances: 2483
  Class: sky130_fd_sc_hd__and4bb_2 instances:  96
Circuit contains 14632 nets.

Circuit was modified by parallel/series device merging.
New circuit summary:

Contents of circuit 1:  Circuit: 'RAM256'
Circuit RAM256 contains 24031 device instances.
  Class: sky130_fd_sc_hd__clkbuf_16 instances: 320
  Class: sky130_fd_sc_hd__dfxtp_1 instances: 256
  Class: sky130_fd_sc_hd__and3b_2 instances:  20
  Class: sky130_fd_sc_hd__mux4_1 instances:  64
  Class: sky130_ef_sc_hd__decap_12 instances:   1
  Class: sky130_fd_sc_hd__and4_2 instances:  32
  Class: sky130_fd_sc_hd__inv_1 instances: 2048
  Class: sky130_fd_sc_hd__clkbuf_2 instances: 700
  Class: sky130_fd_sc_hd__clkbuf_4 instances: 306
  Class: sky130_fd_sc_hd__dlxtp_1 instances: 8192
  Class: sky130_fd_sc_hd__and2b_2 instances:   1
  Class: sky130_fd_sc_hd__conb_1 instances:  32
  Class: sky130_fd_sc_hd__and3_2 instances:  10
  Class: sky130_fd_sc_hd__decap_3 instances:   1
  Class: sky130_fd_sc_hd__decap_4 instances:   1
  Class: sky130_fd_sc_hd__decap_6 instances:   1
  Class: sky130_fd_sc_hd__decap_8 instances:   1
  Class: sky130_fd_sc_hd__nor4b_2 instances:  32
  Class: sky130_fd_sc_hd__mux2_1 instances:  32
  Class: sky130_fd_sc_hd__and2_1 instances: 1024
  Class: sky130_fd_sc_hd__and2_2 instances:   1
  Class: sky130_fd_sc_hd__ebufn_2 instances: 8448
  Class: sky130_fd_sc_hd__dlclkp_1 instances: 1024
  Class: sky130_fd_sc_hd__nor3b_2 instances:  10
  Class: sky130_fd_sc_hd__diode_2 instances: 1279
  Class: sky130_fd_sc_hd__and4b_2 instances:  96
  Class: sky130_fd_sc_hd__tapvpwrvgnd_1 instances:   1
  Class: sky130_fd_sc_hd__fill_1 instances:   1
  Class: sky130_fd_sc_hd__fill_2 instances:   1
  Class: sky130_fd_sc_hd__and4bb_2 instances:  96
Circuit contains 14632 nets.
Contents of circuit 2:  Circuit: 'RAM256'
Circuit RAM256 contains 24031 device instances.
  Class: sky130_fd_sc_hd__clkbuf_16 instances: 320
  Class: sky130_fd_sc_hd__dfxtp_1 instances: 256
  Class: sky130_fd_sc_hd__and3b_2 instances:  20
  Class: sky130_fd_sc_hd__mux4_1 instances:  64
  Class: sky130_ef_sc_hd__decap_12 instances:   1
  Class: sky130_fd_sc_hd__and4_2 instances:  32
  Class: sky130_fd_sc_hd__inv_1 instances: 2048
  Class: sky130_fd_sc_hd__clkbuf_2 instances: 700
  Class: sky130_fd_sc_hd__clkbuf_4 instances: 306
  Class: sky130_fd_sc_hd__dlxtp_1 instances: 8192
  Class: sky130_fd_sc_hd__and2b_2 instances:   1
  Class: sky130_fd_sc_hd__conb_1 instances:  32
  Class: sky130_fd_sc_hd__and3_2 instances:  10
  Class: sky130_fd_sc_hd__decap_3 instances:   1
  Class: sky130_fd_sc_hd__decap_4 instances:   1
  Class: sky130_fd_sc_hd__decap_6 instances:   1
  Class: sky130_fd_sc_hd__decap_8 instances:   1
  Class: sky130_fd_sc_hd__nor4b_2 instances:  32
  Class: sky130_fd_sc_hd__mux2_1 instances:  32
  Class: sky130_fd_sc_hd__and2_1 instances: 1024
  Class: sky130_fd_sc_hd__and2_2 instances:   1
  Class: sky130_fd_sc_hd__ebufn_2 instances: 8448
  Class: sky130_fd_sc_hd__dlclkp_1 instances: 1024
  Class: sky130_fd_sc_hd__nor3b_2 instances:  10
  Class: sky130_fd_sc_hd__diode_2 instances: 1279
  Class: sky130_fd_sc_hd__and4b_2 instances:  96
  Class: sky130_fd_sc_hd__tapvpwrvgnd_1 instances:   1
  Class: sky130_fd_sc_hd__fill_1 instances:   1
  Class: sky130_fd_sc_hd__fill_2 instances:   1
  Class: sky130_fd_sc_hd__and4bb_2 instances:  96
Circuit contains 14632 nets.

Circuit 1 contains 24031 devices, Circuit 2 contains 24031 devices.
Circuit 1 contains 14632 nets,    Circuit 2 contains 14632 nets.


Final result: 
Circuits match uniquely.
.
Logging to file "/home/hosni/caravel_mgmt_soc_litex/openlane/RAM256/runs/RUN_2022.11.08_16.25.03/logs/signoff/28-RAM256.lef.log" disabled
LVS Done.
