OpenROAD 4174c3ad802d2ac1d04d387d2c4b883903f6647e 
This program is licensed under the BSD-3 license. See the LICENSE file for details.
Components of this program may be licensed under more restrictive licenses which must be honored.
Net BANK128\[0\].RAM128.BLOCK\[0\].RAM32.SLICE\[1\].RAM8.WORD\[1\].W.BYTE\[0\].B.SEL0
  BANK128\[0\].RAM128.BLOCK\[0\].RAM32.SLICE\[1\].RAM8.WORD\[1\].W.BYTE\[2\].B.CGAND/A (sky130_fd_sc_hd__and2_1)
    met2
    PAR:   10.54  Ratio:    0.00 (Area)
    PAR:   53.96  Ratio: 4144.40 (S.Area)
    CAR:   23.16  Ratio:    0.00 (C.Area)
    CAR:  120.18  Ratio:    0.00 (C.S.Area)

    met1
    PAR:   12.62  Ratio:    0.00 (Area)
    PAR:   66.22  Ratio: 2773.88 (S.Area)
    CAR:   12.62  Ratio:    0.00 (C.Area)
    CAR:   66.22  Ratio:    0.00 (C.S.Area)

    li1
    PAR:    0.00  Ratio:    0.00 (Area)
    PAR:    0.00  Ratio:   75.00 (S.Area)
    CAR:    0.00  Ratio:    0.00 (C.Area)
    CAR:    0.00  Ratio:    0.00 (C.S.Area)

    M1M2_PR
    PAR:    0.18  Ratio:    6.00 (Area)
    CAR:    0.41  Ratio:    0.00 (C.Area)

    L1M1_PR
    PAR:    0.23  Ratio:    3.00 (Area)
    CAR:    0.23  Ratio:    0.00 (C.Area)

  BANK128\[0\].RAM128.BLOCK\[0\].RAM32.SLICE\[1\].RAM8.WORD\[1\].W.BYTE\[2\].B.SEL0INV/A (sky130_fd_sc_hd__inv_1)
    met2
    PAR:   10.54  Ratio:    0.00 (Area)
    PAR:   53.96  Ratio: 4144.40 (S.Area)
    CAR:   12.28  Ratio:    0.00 (C.Area)
    CAR:   63.05  Ratio:    0.00 (C.S.Area)

    met1
    PAR:    1.74  Ratio:    0.00 (Area)
    PAR:    9.09  Ratio:  400.00 (S.Area)
    CAR:    1.74  Ratio:    0.00 (C.Area)
    CAR:    9.09  Ratio:    0.00 (C.S.Area)

    li1
    PAR:    0.00  Ratio:    0.00 (Area)
    PAR:    0.00  Ratio:   75.00 (S.Area)
    CAR:    0.00  Ratio:    0.00 (C.Area)
    CAR:    0.00  Ratio:    0.00 (C.S.Area)

    M1M2_PR
    PAR:    0.09  Ratio:    6.00 (Area)
    CAR:    0.21  Ratio:    0.00 (C.Area)

    L1M1_PR
    PAR:    0.12  Ratio:    3.00 (Area)
    CAR:    0.12  Ratio:    0.00 (C.Area)

  BANK128\[0\].RAM128.BLOCK\[0\].RAM32.SLICE\[1\].RAM8.WORD\[1\].W.BYTE\[0\].B.CGAND/A (sky130_fd_sc_hd__and2_1)
    met2
    PAR:   10.54  Ratio:    0.00 (Area)
    PAR:   53.96  Ratio: 4144.40 (S.Area)
    CAR:   99.90  Ratio:    0.00 (C.Area)
    CAR:  513.96  Ratio:    0.00 (C.S.Area)

    met1
    PAR:    5.98  Ratio:    0.00 (Area)
    PAR:   33.00  Ratio: 2773.88 (S.Area)
    CAR:    5.98  Ratio:    0.00 (C.Area)
    CAR:   33.00  Ratio:    0.00 (C.S.Area)

    li1
    PAR:    0.00  Ratio:    0.00 (Area)
    PAR:    0.00  Ratio:   75.00 (S.Area)
    CAR:    0.00  Ratio:    0.00 (C.Area)
    CAR:    0.00  Ratio:    0.00 (C.S.Area)

    M1M2_PR
    PAR:    0.18  Ratio:    6.00 (Area)
    CAR:    0.41  Ratio:    0.00 (C.Area)

    L1M1_PR
    PAR:    0.23  Ratio:    3.00 (Area)
    CAR:    0.23  Ratio:    0.00 (C.Area)

  BANK128\[0\].RAM128.BLOCK\[0\].RAM32.SLICE\[1\].RAM8.WORD\[1\].W.BYTE\[0\].B.SEL0INV/A (sky130_fd_sc_hd__inv_1)
    met2
    PAR:   10.54  Ratio:    0.00 (Area)
    PAR:   53.96  Ratio: 4144.40 (S.Area)
    CAR:   97.13  Ratio:    0.00 (C.Area)
    CAR:  498.59  Ratio:    0.00 (C.S.Area)

    met1
    PAR:    3.21  Ratio:    0.00 (Area)
    PAR:   17.63  Ratio: 2773.88 (S.Area)
    CAR:    3.21  Ratio:    0.00 (C.Area)
    CAR:   17.63  Ratio:    0.00 (C.S.Area)

    li1
    PAR:    0.00  Ratio:    0.00 (Area)
    PAR:    0.00  Ratio:   75.00 (S.Area)
    CAR:    0.00  Ratio:    0.00 (C.Area)
    CAR:    0.00  Ratio:    0.00 (C.S.Area)

    M1M2_PR
    PAR:    0.09  Ratio:    6.00 (Area)
    CAR:    0.21  Ratio:    0.00 (C.Area)

    L1M1_PR
    PAR:    0.12  Ratio:    3.00 (Area)
    CAR:    0.12  Ratio:    0.00 (C.Area)

  BANK128\[0\].RAM128.BLOCK\[0\].RAM32.SLICE\[1\].RAM8.WORD\[1\].W.BYTE\[1\].B.CGAND/A (sky130_fd_sc_hd__and2_1)
    met2
    PAR:   10.54  Ratio:    0.00 (Area)
    PAR:   53.96  Ratio: 4144.40 (S.Area)
    CAR:   99.74  Ratio:    0.00 (C.Area)
    CAR:  512.40  Ratio:    0.00 (C.S.Area)

    met1
    PAR:    5.82  Ratio:    0.00 (Area)
    PAR:   31.44  Ratio: 2773.88 (S.Area)
    CAR:    5.82  Ratio:    0.00 (C.Area)
    CAR:   31.44  Ratio:    0.00 (C.S.Area)

    li1
    PAR:    0.00  Ratio:    0.00 (Area)
    PAR:    0.00  Ratio:   75.00 (S.Area)
    CAR:    0.00  Ratio:    0.00 (C.Area)
    CAR:    0.00  Ratio:    0.00 (C.S.Area)

    M1M2_PR
    PAR:    0.18  Ratio:    6.00 (Area)
    CAR:    0.41  Ratio:    0.00 (C.Area)

    L1M1_PR
    PAR:    0.23  Ratio:    3.00 (Area)
    CAR:    0.23  Ratio:    0.00 (C.Area)

  BANK128\[0\].RAM128.BLOCK\[0\].RAM32.SLICE\[1\].RAM8.WORD\[1\].W.BYTE\[1\].B.SEL0INV/A (sky130_fd_sc_hd__inv_1)
    met2
    PAR:   10.54  Ratio:    0.00 (Area)
    PAR:   53.96  Ratio: 4144.40 (S.Area)
    CAR:   94.10  Ratio:    0.00 (C.Area)
    CAR:  482.24  Ratio:    0.00 (C.S.Area)

    met1
    PAR:    0.18  Ratio:    0.00 (Area)
    PAR:    1.29  Ratio:  400.00 (S.Area)
    CAR:    0.18  Ratio:    0.00 (C.Area)
    CAR:    1.29  Ratio:    0.00 (C.S.Area)

    li1
    PAR:    0.00  Ratio:    0.00 (Area)
    PAR:    0.00  Ratio:   75.00 (S.Area)
    CAR:    0.00  Ratio:    0.00 (C.Area)
    CAR:    0.00  Ratio:    0.00 (C.S.Area)

    M1M2_PR
    PAR:    0.09  Ratio:    6.00 (Area)
    CAR:    0.21  Ratio:    0.00 (C.Area)

    L1M1_PR
    PAR:    0.12  Ratio:    3.00 (Area)
    CAR:    0.12  Ratio:    0.00 (C.Area)

  BANK128\[0\].RAM128.BLOCK\[0\].RAM32.SLICE\[1\].RAM8.WORD\[1\].W.BYTE\[3\].B.CGAND/A (sky130_fd_sc_hd__and2_1)
    met2
    PAR:   10.54  Ratio:    0.00 (Area)
    PAR:   53.96  Ratio: 4144.40 (S.Area)
    CAR:   93.92  Ratio:    0.00 (C.Area)
    CAR:  480.96  Ratio:    0.00 (C.S.Area)

    met1
    PAR:   83.38  Ratio:    0.00 (Area)
    PAR:  427.00* Ratio:  400.00 (S.Area)
    CAR:   83.38  Ratio:    0.00 (C.Area)
    CAR:  427.00  Ratio:    0.00 (C.S.Area)

    li1
    PAR:    0.00  Ratio:    0.00 (Area)
    PAR:    0.00  Ratio:   75.00 (S.Area)
    CAR:    0.00  Ratio:    0.00 (C.Area)
    CAR:    0.00  Ratio:    0.00 (C.S.Area)

    M1M2_PR
    PAR:    0.54  Ratio:    6.00 (Area)
    CAR:    0.77  Ratio:    0.00 (C.Area)

    L1M1_PR
    PAR:    0.23  Ratio:    3.00 (Area)
    CAR:    0.23  Ratio:    0.00 (C.Area)

  BANK128\[0\].RAM128.BLOCK\[0\].RAM32.SLICE\[1\].RAM8.WORD\[1\].W.BYTE\[3\].B.SEL0INV/A (sky130_fd_sc_hd__inv_1)
    met2
    PAR:   10.54  Ratio:    0.00 (Area)
    PAR:   53.96  Ratio: 4144.40 (S.Area)
    CAR:   10.72  Ratio:    0.00 (C.Area)
    CAR:   55.24  Ratio:    0.00 (C.S.Area)

    met1
    PAR:    0.18  Ratio:    0.00 (Area)
    PAR:    1.29  Ratio:  400.00 (S.Area)
    CAR:    0.18  Ratio:    0.00 (C.Area)
    CAR:    1.29  Ratio:    0.00 (C.S.Area)

    li1
    PAR:    0.00  Ratio:    0.00 (Area)
    PAR:    0.00  Ratio:   75.00 (S.Area)
    CAR:    0.00  Ratio:    0.00 (C.Area)
    CAR:    0.00  Ratio:    0.00 (C.S.Area)

    M1M2_PR
    PAR:    0.09  Ratio:    6.00 (Area)
    CAR:    0.21  Ratio:    0.00 (C.Area)

    L1M1_PR
    PAR:    0.12  Ratio:    3.00 (Area)
    CAR:    0.12  Ratio:    0.00 (C.Area)


[INFO ANT-0002] Found 1 net violations.
[INFO ANT-0001] Found 1 pin violations.
