CVC: Log output to /project/openlane/DFFRAM/runs/RUN_2021.12.26_22.11.38/reports/finishing/DFFRAM.rpt
CVC: Error output to /project/openlane/DFFRAM/runs/RUN_2021.12.26_22.11.38/reports/finishing/DFFRAM.rpt.error.gz
CVC: Debug output to /project/openlane/DFFRAM/runs/RUN_2021.12.26_22.11.38/reports/finishing/DFFRAM.rpt.debug.gz
CVC: Circuit Validation Check  Version 1.1.0
CVC: Start: Sun Dec 26 22:42:05 2021

Using the following parameters for CVC (Circuit Validation Check) from /openlane/scripts/cvc/sky130A/cvcrc.sky130A
CVC_TOP = 'DFFRAM'
CVC_NETLIST = '/project/openlane/DFFRAM/runs/RUN_2021.12.26_22.11.38/tmp/finishing/DFFRAM.cdl'
CVC_MODE = 'DFFRAM'
CVC_MODEL_FILE = '/openlane/scripts/cvc/sky130A/cvc.sky130A.models'
CVC_POWER_FILE = '/project/openlane/DFFRAM/runs/RUN_2021.12.26_22.11.38/tmp/finishing/DFFRAM.power'
CVC_FUSE_FILE = ''
CVC_REPORT_FILE = '/project/openlane/DFFRAM/runs/RUN_2021.12.26_22.11.38/reports/finishing/DFFRAM.rpt'
CVC_REPORT_TITLE = 'CVC $CVC_TOP'
CVC_CIRCUIT_ERROR_LIMIT = '100'
CVC_SEARCH_LIMIT = '100'
CVC_LEAK_LIMIT = '0.0002'
CVC_SOI = 'false'
CVC_SCRC = 'false'
CVC_VTH_GATES = 'false'
CVC_MIN_VTH_GATES = 'false'
CVC_IGNORE_VTH_FLOATING = 'false'
CVC_IGNORE_NO_LEAK_FLOATING = 'false'
CVC_LEAK_OVERVOLTAGE = 'true'
CVC_LOGIC_DIODES = 'false'
CVC_ANALOG_GATES = 'true'
CVC_BACKUP_RESULTS = 'false'
CVC_MOS_DIODE_ERROR_THRESHOLD = '0'
CVC_SHORT_ERROR_THRESHOLD = '0'
CVC_BIAS_ERROR_THRESHOLD = '0'
CVC_FORWARD_ERROR_THRESHOLD = '0'
CVC_FLOATING_ERROR_THRESHOLD = '0'
CVC_GATE_ERROR_THRESHOLD = '0'
CVC_LEAK?_ERROR_THRESHOLD = '0'
CVC_EXPECTED_ERROR_THRESHOLD = '0'
CVC_OVERVOLTAGE_ERROR_THRESHOLD = '0'
CVC_PARALLEL_CIRCUIT_PORT_LIMIT = '0'
CVC_CELL_ERROR_LIMIT_FILE = ''
CVC_CELL_CHECKSUM_FILE = ''
CVC_LARGE_CIRCUIT_SIZE = '10000000'
CVC_NET_CHECK_FILE = ''
CVC_MODEL_CHECK_FILE = ''
End of parameters

CVC: Reading device model settings...
CVC: Reading power settings...
CVC: Parsing netlist /project/openlane/DFFRAM/runs/RUN_2021.12.26_22.11.38/tmp/finishing/DFFRAM.cdl
Cdl fixed data size 4552850
Usage CDL: Time: 0  Memory: 43232  I/O: 16  Swap: 0
CVC: Counting and linking...
CVC: Assigning IDs ...
Usage DB: Time: 0  Memory: 48244  I/O: 16  Swap: 0
CVC: 50878(50878) instances, 156343(156343) nets, 316624(316624) devices.
CVC: Setting models ...
Setting model tolerances...
CVC: Shorting switches...
	Shorted 64 short
Setting instance power...

ModelList> filename /openlane/scripts/cvc/sky130A/cvc.sky130A.models
 Model> sky130_fd_pr__cap_mim_m3_1         0 C->capacitor  Parameters>
 Model> sky130_fd_pr__cap_mim_m3_2         0 C->capacitor  Parameters>
 Model> sky130_fd_pr__cap_var         0 C->capacitor  Parameters>
 Model> condiode           0 D->diode      Parameters> Diodes> 1-2
 Model> sky130_fd_pr__diode_pd2nw_05v5         0 D->diode      Parameters> Diodes> 1-2
 Model> sky130_fd_pr__diode_pw2nd_05v5         0 D->diode      Parameters> Diodes> 1-2
 Model> sky130_fd_pr__diode_pw2nd_11v0         0 D->diode      Parameters> Diodes> 1-2
 Model> sky130_fd_pr__model__parasitic__diode_ps2dn         0 D->diode      Parameters> Diodes> 1-2
 Model> sky130_fd_pr__model__parasitic__diode_ps2nw         0 D->diode      Parameters> Diodes> 1-2
 Model> sky130_fd_pr__model__parasitic__diode_pw2dn         0 D->diode      Parameters> Diodes> 1-2
 Model> nfet_01v8     158280 M->nmos       Parameters> Vth=0.2 Vds=1.8 Vgs=1.8 R=L/W*7000 Diodes> 4-1 4-3
 Model> pfet_01v8_hvt    158280 M->pmos       Parameters> Vth=-0.2 Vds=1.8 Vgs=1.8 R=L/W*7000 Diodes> 1-4 3-4
 Model> sky130_fd_bs_flash__special_sonosfet_star         0 M->nmos       Parameters> Vth=0.2 R=L/W*7000 Diodes> 4-1 4-3
 Model> sky130_fd_pr__esd_nfet_g5v0d10v5         0 M->nmos       Parameters> Vth=0.2 R=L/W*7000 Diodes> 4-1 4-3
 Model> sky130_fd_pr__nfet_01v8         0 M->nmos       Parameters> Vth=0.2 Vds=1.8 Vgs=1.8 R=L/W*7000 Diodes> 4-1 4-3
 Model> sky130_fd_pr__nfet_01v8_lvt         0 M->nmos       Parameters> Vth=0.1 Vds=1.8 Vgs=1.8 R=L/W*7000 Diodes> 4-1 4-3
 Model> sky130_fd_pr__nfet_03v3_nvt         0 M->nmos       Parameters> Vth=0.2 Vds=3.3 Vgs=3.3 R=L/W*7000 Diodes> 4-1 4-3
 Model> sky130_fd_pr__nfet_05v0_nvt         0 M->nmos       Parameters> Vth=0.2 R=L/W*7000 Diodes> 4-1 4-3
 Model> sky130_fd_pr__nfet_g5v0d10v5         0 M->nmos       Parameters> Vth=0.2 R=L/W*7000 Diodes> 4-1 4-3
 Model> sky130_fd_pr__pfet_01v8         0 M->pmos       Parameters> Vth=-0.2 Vds=1.8 Vgs=1.8 R=L/W*7000 Diodes> 1-4 3-4
 Model> sky130_fd_pr__pfet_01v8_hvt         0 M->pmos       Parameters> Vth=-0.3 Vds=1.8 Vgs=1.8 R=L/W*7000 Diodes> 1-4 3-4
 Model> sky130_fd_pr__pfet_01v8_lvt         0 M->pmos       Parameters> Vth=-0.1 Vds=1.8 Vgs=1.8 R=L/W*7000 Diodes> 1-4 3-4
 Model> sky130_fd_pr__pfet_g5v0d10v5         0 M->pmos       Parameters> Vth=-0.2 R=L/W*7000 Diodes> 1-4 3-4
 Model> sky130_fd_pr__special_nfet_latch         0 M->nmos       Parameters> Vth=0.2 Vds=1.8 Vgs=1.8 R=L/W*7000 Diodes> 4-1 4-3
 Model> sky130_fd_pr__special_pfet_pass         0 M->pmos       Parameters> Vth=-0.2 Vds=1.8 Vgs=1.8 R=L/W*7000 Diodes> 1-4 3-4
 Model> sky130_fd_pr__pnp_05v5         0 Q->bipolar    Parameters>
 Model> short             64 R->switch_on  Parameters>
 Model> sky130_fd_pr__res_generic_m1         0 R->resistor   Parameters> R=l/w
 Model> sky130_fd_pr__res_generic_m2         0 R->resistor   Parameters> R=l/w
 Model> sky130_fd_pr__res_generic_m3         0 R->resistor   Parameters> R=l/w
 Model> sky130_fd_pr__res_generic_m4         0 R->resistor   Parameters> R=l/w
 Model> sky130_fd_pr__res_generic_m5         0 R->resistor   Parameters> R=l/w
 Model> sky130_fd_pr__res_generic_nd         0 R->resistor   Parameters> R=l/w*120
 Model> sky130_fd_pr__res_generic_nd__hv         0 R->resistor   Parameters> R=l/w*114
 Model> sky130_fd_pr__res_generic_pd__hv         0 R->resistor   Parameters> R=l/w*191
 Model> sky130_fd_pr__res_generic_po         0 R->resistor   Parameters> R=l/w*48
 Model> sky130_fd_pr__res_high_po         0 R->resistor   Parameters> R=l/w*2000
 Model> sky130_fd_pr__res_xhigh_po         0 R->resistor   Parameters> R=l/w*2000
ModelList> end

Power List> filename /project/openlane/DFFRAM/runs/RUN_2021.12.26_22.11.38/tmp/finishing/DFFRAM.power
 VPWR power 1.8 -> 1.8 power
 VGND power 0.0 -> 0.0 power
 CLK~>std_input input std_input -> min@0.0 max@1.8 input family(std_input;)
 EN~>std_input input std_input -> min@0.0 max@1.8 input family(std_input;)
A[7:0]~>std_input input std_input
 ->A[0] input std_input -> min@0.0 max@1.8 input family(std_input;)
 ->A[1] input std_input -> min@0.0 max@1.8 input family(std_input;)
 ->A[2] input std_input -> min@0.0 max@1.8 input family(std_input;)
 ->A[3] input std_input -> min@0.0 max@1.8 input family(std_input;)
 ->A[4] input std_input -> min@0.0 max@1.8 input family(std_input;)
 ->A[5] input std_input -> min@0.0 max@1.8 input family(std_input;)
 ->A[6] input std_input -> min@0.0 max@1.8 input family(std_input;)
 ->A[7] input std_input -> min@0.0 max@1.8 input family(std_input;)
Di[31:0]~>std_input input std_input
 ->Di[0] input std_input -> min@0.0 max@1.8 input family(std_input;)
 ->Di[10] input std_input -> min@0.0 max@1.8 input family(std_input;)
 ->Di[11] input std_input -> min@0.0 max@1.8 input family(std_input;)
 ->Di[12] input std_input -> min@0.0 max@1.8 input family(std_input;)
 ->Di[13] input std_input -> min@0.0 max@1.8 input family(std_input;)
 ->Di[14] input std_input -> min@0.0 max@1.8 input family(std_input;)
 ->Di[15] input std_input -> min@0.0 max@1.8 input family(std_input;)
 ->Di[16] input std_input -> min@0.0 max@1.8 input family(std_input;)
 ->Di[17] input std_input -> min@0.0 max@1.8 input family(std_input;)
 ->Di[18] input std_input -> min@0.0 max@1.8 input family(std_input;)
 ->Di[19] input std_input -> min@0.0 max@1.8 input family(std_input;)
 ->Di[1] input std_input -> min@0.0 max@1.8 input family(std_input;)
 ->Di[20] input std_input -> min@0.0 max@1.8 input family(std_input;)
 ->Di[21] input std_input -> min@0.0 max@1.8 input family(std_input;)
 ->Di[22] input std_input -> min@0.0 max@1.8 input family(std_input;)
 ->Di[23] input std_input -> min@0.0 max@1.8 input family(std_input;)
 ->Di[24] input std_input -> min@0.0 max@1.8 input family(std_input;)
 ->Di[25] input std_input -> min@0.0 max@1.8 input family(std_input;)
 ->Di[26] input std_input -> min@0.0 max@1.8 input family(std_input;)
 ->Di[27] input std_input -> min@0.0 max@1.8 input family(std_input;)
 ->Di[28] input std_input -> min@0.0 max@1.8 input family(std_input;)
 ->Di[29] input std_input -> min@0.0 max@1.8 input family(std_input;)
 ->Di[2] input std_input -> min@0.0 max@1.8 input family(std_input;)
 ->Di[30] input std_input -> min@0.0 max@1.8 input family(std_input;)
 ->Di[31] input std_input -> min@0.0 max@1.8 input family(std_input;)
 ->Di[3] input std_input -> min@0.0 max@1.8 input family(std_input;)
 ->Di[4] input std_input -> min@0.0 max@1.8 input family(std_input;)
 ->Di[5] input std_input -> min@0.0 max@1.8 input family(std_input;)
 ->Di[6] input std_input -> min@0.0 max@1.8 input family(std_input;)
 ->Di[7] input std_input -> min@0.0 max@1.8 input family(std_input;)
 ->Di[8] input std_input -> min@0.0 max@1.8 input family(std_input;)
 ->Di[9] input std_input -> min@0.0 max@1.8 input family(std_input;)
WE[3:0]~>std_input input std_input
 ->WE[0] input std_input -> min@0.0 max@1.8 input family(std_input;)
 ->WE[1] input std_input -> min@0.0 max@1.8 input family(std_input;)
 ->WE[2] input std_input -> min@0.0 max@1.8 input family(std_input;)
 ->WE[3] input std_input -> min@0.0 max@1.8 input family(std_input;)
> expected values
> macros
 #define std_input min@VGND max@VPWR -> min@0.0 max@1.8
Power List> end

CVC: Linking devices...
Usage EQUIV: Time: 0  Memory: 83796  I/O: 32  Swap: 0
Power nets 53
Hash dump:parameter->resistance map
Contains 53 buckets, 35 elements
Element count 0, 23
Element count 1, 25
Element count 2, 5
Unused hash: 0.43, average depth 1.29
Hash dump:text->circuit map
Contains 337 buckets, 438 elements
Element count 0, 96
Element count 1, 121
Element count 2, 63
Element count 3, 40
Element count 4, 14
Element count 5, 3
Unused hash: 0.28, average depth 2.36
Hash dump:string->text map
Contains 53201 buckets, 65575 elements
Element count 0, 15485
Element count 1, 19166
Element count 2, 11644
Element count 3, 5026
Element count 4, 1462
Element count 5, 333
Element count 6, 68
Element count 7, 14
Element count 8, 3
Unused hash: 0.29, average depth 2.23
CVC: Shorting non conducting resistors...
CVC: Calculating resistor voltages...
Usage RES: Time: 0  Memory: 83796  I/O: 32  Swap: 0
Power nets 53
CVC: Calculating min/max voltages...
Processing trivial nets found 60267 trivial nets
CVC: Ignoring invalid calculations...
CVC:   Removed 0 calculations
Copying master nets
CVC: Ignoring non-conducting devices...
CVC:   Ignored 0 devices
Usage MIN/MAX1: Time: 1  Memory: 88344  I/O: 32  Swap: 0
Power nets 57823
! Checking forward bias diode errors: 

! Checking nmos source/drain vs bias errors: 

! Checking nmos gate vs source errors: 

! Checking pmos source/drain vs bias errors: 

! Checking pmos gate vs source errors: 

Usage ERROR: Time: 1  Memory: 88344  I/O: 32  Swap: 0
CVC: Propagating Simulation voltages 1...
Usage SIM1: Time: 1  Memory: 90984  I/O: 32  Swap: 0
Power nets 57823
CVC: Propagating Simulation voltages 3...
Usage SIM2: Time: 1  Memory: 92304  I/O: 32  Swap: 0
Power nets 57823
Added 0 latch voltages
CVC: Calculating min/max voltages...
Processing trivial nets found 60011 trivial nets
CVC: Ignoring invalid calculations...
CVC:   Removed 0 calculations
Copying master nets
CVC: Ignoring non-conducting devices...
CVC:   Ignored 0 devices
Usage MIN/MAX2: Time: 2  Memory: 96780  I/O: 32  Swap: 0
Power nets 115337
! Checking overvoltage errors

! Checking nmos possible leak errors: 

! Checking pmos possible leak errors: 

! Checking mos floating input errors:

! Checking expected values:

CVC: Error Counts
CVC: Fuse Problems:         0
CVC: Min Voltage Conflicts: 0
CVC: Max Voltage Conflicts: 0
CVC: Leaks:                 0
CVC: LDD drain->source:     0
CVC: HI-Z Inputs:           0
CVC: Forward Bias Diodes:   0
CVC: NMOS Source vs Bulk:   0
CVC: NMOS Gate vs Source:   0
CVC: NMOS Possible Leaks:   0
CVC: PMOS Source vs Bulk:   0
CVC: PMOS Gate vs Source:   0
CVC: PMOS Possible Leaks:   0
CVC: Overvoltage-VBG:       0
CVC: Overvoltage-VBS:       0
CVC: Overvoltage-VDS:       0
CVC: Overvoltage-VGS:       0
CVC: Model errors:          0
CVC: Unexpected voltage :   0
CVC: Total:                 0
Usage Total: Time: 2  Memory: 97300  I/O: 80  Swap: 0
Virtual net update/access 996886/34721398
CVC: Log output to /project/openlane/DFFRAM/runs/RUN_2021.12.26_22.11.38/reports/finishing/DFFRAM.rpt
CVC: End: Sun Dec 26 22:42:08 2021

