****************************************
Report : global_timing
	-format { narrow }
	-separate_all_groups
Design : mgmt_core_wrapper
Version: T-2022.03-SP3
Date   : Thu Nov 10 06:46:50 2022
****************************************

Setup violations for paths in core_clk
--------------------------------------------------------------
          Total   reg->reg    in->reg   reg->out    in->out
--------------------------------------------------------------
WNS     -9.2817    -9.2817     0.0000    -5.3647     0.0000
TNS  -6632.2506 -6590.5688     0.0000   -41.6819     0.0000
NUM        1606       1583          0         23          0
--------------------------------------------------------------

Setup violations for paths in **clock_gating_default**
-------------------------------------------------------------------
           Total    reg->reg     in->reg    reg->out     in->out
-------------------------------------------------------------------
WNS     -14.3389    -14.3389      0.0000      0.0000      0.0000
TNS  -17549.0269 -17549.0269      0.0000      0.0000      0.0000
NUM         1536        1536           0           0           0
-------------------------------------------------------------------


Hold violations for paths in core_clk
---------------------------------------------------------
         Total  reg->reg   in->reg  reg->out   in->out
---------------------------------------------------------
WNS    -4.9648    0.0000   -4.9648    0.0000    0.0000
TNS  -604.5875    0.0000 -604.5875    0.0000    0.0000
NUM        202         0       202         0         0
---------------------------------------------------------

1
