OpenROAD 4f4d3cd8c2cc3871d1c04ac2c8572e38cff43645 
This program is licensed under the BSD-3 license. See the LICENSE file for details.
Components of this program may be licensed under more restrictive licenses which must be honored.
[INFO ODB-0222] Reading LEF file: /project/openlane/mgmt_core/runs/mgmt_core/tmp/merged.lef
[WARNING ODB-0220] WARNING (LEFPARS-2036): SOURCE statement is obsolete in version 5.6 and later.
The LEF parser will ignore this statement.
To avoid this warning in the future, remove this statement from the LEF file with version 5.6 or later. See file /project/openlane/mgmt_core/runs/mgmt_core/tmp/merged.lef at line 922.

[INFO ODB-0223]     Created 13 technology layers
[INFO ODB-0224]     Created 25 technology vias
[INFO ODB-0225]     Created 442 library cells
[INFO ODB-0226] Finished LEF file:  /project/openlane/mgmt_core/runs/mgmt_core/tmp/merged.lef
[INFO ODB-0127] Reading DEF file: /project/openlane/mgmt_core/runs/mgmt_core/tmp/floorplan/3-initial_fp.def
[INFO ODB-0128] Design: mgmt_core
[INFO ODB-0130]     Created 817 pins.
[INFO ODB-0131]     Created 22601 components and 170134 component-terminals.
[INFO ODB-0133]     Created 22906 nets and 79697 connections.
[INFO ODB-0134] Finished DEF file: /project/openlane/mgmt_core/runs/mgmt_core/tmp/floorplan/3-initial_fp.def
Top-level design name: mgmt_core
Block boundaries: 0 0 2000000 740000
Writing /project/openlane/mgmt_core/runs/mgmt_core/tmp/floorplan/4-io.def...
