[INFO]: Current run directory is /project/openlane/DFFRAM/runs/RUN_2021.12.26_22.11.38
[INFO]: Storing configs into config.tcl ...
[INFO]: Preparing LEF Files
[INFO]: Extracting the number of available metal layers from /ciic/pdks/openlane/sky130A/libs.ref/sky130_fd_sc_hd/techlef/sky130_fd_sc_hd.tlef
[INFO]: The available metal layers (6) are li1  met1  met2  met3  met4  met5
[INFO]: Merging LEF Files...
[INFO]: Trimming Liberty...
[INFO]: Generating Exclude List...
[INFO]: Generating Exclude List...
[INFO]: Creating ::env(DONT_USE_CELLS)...
[INFO]: Preparation complete
[INFO]: Incremented step index to 0.
[INFO]: Running Synthesis...
[INFO]: Changing netlist from 0 to /project/openlane/DFFRAM/runs/RUN_2021.12.26_22.11.38/results/synthesis/DFFRAM.v
[INFO]: Incremented step index to 1.
[INFO]: Running Static Timing Analysis...
[INFO]: Synthesis was successful
[INFO]: Running Floorplanning...
[INFO]: Running Initial Floorplanning...
[INFO]: Incremented step index to 2.
[INFO]: Core area width: 529.76
[INFO]: Core area height: 718.24
[INFO]: Final Vertical PDN Offset: 16.32
[INFO]: Final Horizontal PDN Offset: 16.65
[INFO]: Final Vertical PDN Pitch: 153.6
[INFO]: Final Horizontal PDN Pitch: 153.18
[INFO]: Changing layout from 0 to /project/openlane/DFFRAM/runs/RUN_2021.12.26_22.11.38/tmp/floorplan/3-initial_fp.def
[INFO]: Incremented step index to 3.
[INFO]: Running IO Placement...
[INFO]: Changing layout from /project/openlane/DFFRAM/runs/RUN_2021.12.26_22.11.38/tmp/floorplan/3-initial_fp.def to /project/openlane/DFFRAM/runs/RUN_2021.12.26_22.11.38/tmp/floorplan/4-io.def
[INFO]: Incremented step index to 4.
[INFO]: Running Tap/Decap Insertion...
[INFO]: Changing layout from /project/openlane/DFFRAM/runs/RUN_2021.12.26_22.11.38/tmp/floorplan/4-io.def to /project/openlane/DFFRAM/runs/RUN_2021.12.26_22.11.38/results/floorplan/DFFRAM.def
[INFO]: Power planning the following nets
[INFO]: Power: VPWR
[INFO]: Ground: VGND
[INFO]: Incremented step index to 5.
[INFO]: Generating PDN...
[INFO]: PDN generation was successful.
[INFO]: Changing layout from /project/openlane/DFFRAM/runs/RUN_2021.12.26_22.11.38/results/floorplan/DFFRAM.def to /project/openlane/DFFRAM/runs/RUN_2021.12.26_22.11.38/tmp/floorplan/6-pdn.def
[INFO]: Running Placement...
[INFO]: Incremented step index to 6.
[INFO]: Running Global Placement...
[INFO]: Global placement was successful
[INFO]: Changing layout from /project/openlane/DFFRAM/runs/RUN_2021.12.26_22.11.38/tmp/floorplan/6-pdn.def to /project/openlane/DFFRAM/runs/RUN_2021.12.26_22.11.38/tmp/placement/7-global.def
[INFO]: Skipping Resizer Design Optimizations.
[INFO]: Incremented step index to 7.
[INFO]: Running Detailed Placement...
[INFO]: Changing layout from /project/openlane/DFFRAM/runs/RUN_2021.12.26_22.11.38/tmp/placement/7-global.def to /project/openlane/DFFRAM/runs/RUN_2021.12.26_22.11.38/results/placement/DFFRAM.def
[INFO]: Changing layout from /project/openlane/DFFRAM/runs/RUN_2021.12.26_22.11.38/results/placement/DFFRAM.def to /project/openlane/DFFRAM/runs/RUN_2021.12.26_22.11.38/results/placement/DFFRAM.def
[INFO]: Incremented step index to 8.
[INFO]: Running TritonCTS...
[INFO]: Trimming Liberty...
[INFO]: Generating Exclude List...
[INFO]: Clock Tree Synthesis was successful
[INFO]: Changing layout from /project/openlane/DFFRAM/runs/RUN_2021.12.26_22.11.38/results/placement/DFFRAM.def to /project/openlane/DFFRAM/runs/RUN_2021.12.26_22.11.38/results/cts/DFFRAM.def
[INFO]: Incremented step index to 9.
[INFO]: Writing Verilog...
[INFO]: Changing netlist from /project/openlane/DFFRAM/runs/RUN_2021.12.26_22.11.38/results/synthesis/DFFRAM.v to /project/openlane/DFFRAM/runs/RUN_2021.12.26_22.11.38/results/cts/DFFRAM.v
[INFO]: Incremented step index to 10.
[INFO]: Running Resizer Timing Optimizations...
[INFO]: Changing layout from /project/openlane/DFFRAM/runs/RUN_2021.12.26_22.11.38/results/cts/DFFRAM.def to /project/openlane/DFFRAM/runs/RUN_2021.12.26_22.11.38/tmp/cts/11-resizer_timing.def
[INFO]: Incremented step index to 11.
[INFO]: Writing Verilog...
[INFO]: Changing netlist from /project/openlane/DFFRAM/runs/RUN_2021.12.26_22.11.38/results/cts/DFFRAM.v to /project/openlane/DFFRAM/runs/RUN_2021.12.26_22.11.38/results/cts/DFFRAM.resized.v
[INFO]: Routing...
[INFO]: Incremented step index to 12.
[INFO]: Running Resizer Timing Optimizations...
[INFO]: Changing layout from /project/openlane/DFFRAM/runs/RUN_2021.12.26_22.11.38/tmp/cts/11-resizer_timing.def to /project/openlane/DFFRAM/runs/RUN_2021.12.26_22.11.38/tmp/routing/13-resizer_timing.def
[INFO]: Incremented step index to 13.
[INFO]: Writing Verilog...
[INFO]: Changing netlist from /project/openlane/DFFRAM/runs/RUN_2021.12.26_22.11.38/results/cts/DFFRAM.resized.v to /project/openlane/DFFRAM/runs/RUN_2021.12.26_22.11.38/results/routing/DFFRAM.resized.v
[INFO]: Incremented step index to 14.
[INFO]: Running Diode Insertion...
[INFO]: Changing layout from /project/openlane/DFFRAM/runs/RUN_2021.12.26_22.11.38/tmp/routing/13-resizer_timing.def to /project/openlane/DFFRAM/runs/RUN_2021.12.26_22.11.38/tmp/routing/15-diodes.def
[INFO]: Incremented step index to 15.
[INFO]: Running Detailed Placement...
[INFO]: Changing layout from /project/openlane/DFFRAM/runs/RUN_2021.12.26_22.11.38/tmp/routing/15-diodes.def to /project/openlane/DFFRAM/runs/RUN_2021.12.26_22.11.38/tmp/routing/15-diodes.def
[INFO]: Changing layout from /project/openlane/DFFRAM/runs/RUN_2021.12.26_22.11.38/tmp/routing/15-diodes.def to /project/openlane/DFFRAM/runs/RUN_2021.12.26_22.11.38/tmp/routing/15-diodes.def
[INFO]: Incremented step index to 16.
[INFO]: Writing Verilog...
[INFO]: Changing netlist from /project/openlane/DFFRAM/runs/RUN_2021.12.26_22.11.38/results/routing/DFFRAM.resized.v to /project/openlane/DFFRAM/runs/RUN_2021.12.26_22.11.38/results/synthesis/DFFRAM_diodes.v
[INFO]: Incremented step index to 17.
[INFO]: Running Fill Insertion...
[INFO]: Changing layout from /project/openlane/DFFRAM/runs/RUN_2021.12.26_22.11.38/tmp/routing/15-diodes.def to /project/openlane/DFFRAM/runs/RUN_2021.12.26_22.11.38/tmp/routing/18-fill.def
[INFO]: Incremented step index to 18.
[INFO]: Running Global Routing...
[INFO]: Changing layout from /project/openlane/DFFRAM/runs/RUN_2021.12.26_22.11.38/tmp/routing/18-fill.def to /project/openlane/DFFRAM/runs/RUN_2021.12.26_22.11.38/tmp/routing/19-global.def
[INFO]: Changing layout from 0 to /project/openlane/DFFRAM/runs/RUN_2021.12.26_22.11.38/tmp/routing/19-global.guide
[INFO]: Current Def is /project/openlane/DFFRAM/runs/RUN_2021.12.26_22.11.38/tmp/routing/19-global.def
[INFO]: Current Guide is /project/openlane/DFFRAM/runs/RUN_2021.12.26_22.11.38/tmp/routing/19-global.guide
[INFO]: Incremented step index to 19.
[INFO]: Writing Verilog...
[INFO]: Changing netlist from /project/openlane/DFFRAM/runs/RUN_2021.12.26_22.11.38/results/synthesis/DFFRAM_diodes.v to /project/openlane/DFFRAM/runs/RUN_2021.12.26_22.11.38/tmp/routing/19-global.v
[INFO]: Incremented step index to 20.
[INFO]: Running Detailed Routing...
[INFO]: No DRC violations after detailed routing.
[INFO]: Changing layout from /project/openlane/DFFRAM/runs/RUN_2021.12.26_22.11.38/tmp/routing/19-global.def to /project/openlane/DFFRAM/runs/RUN_2021.12.26_22.11.38/results/routing/DFFRAM.def
[INFO]: Incremented step index to 21.
[INFO]: Writing Verilog...
[INFO]: Changing netlist from /project/openlane/DFFRAM/runs/RUN_2021.12.26_22.11.38/tmp/routing/19-global.v to /project/openlane/DFFRAM/runs/RUN_2021.12.26_22.11.38/tmp/routing/21-detailed.v
[INFO]: Incremented step index to 22.
[INFO]: Running SPEF Extraction...
[INFO]: Incremented step index to 23.
[INFO]: Running SPEF Extraction...
[INFO]: Incremented step index to 24.
[INFO]: Running SPEF Extraction...
[INFO]: Incremented step index to 25.
[INFO]: Running Static Timing Analysis...
[INFO]: Incremented step index to 26.
[INFO]: Running Static Timing Analysis...
[INFO]: Incremented step index to 27.
[INFO]: Running Magic to generate various views...
[INFO]: Streaming out GDS II...
[INFO]: Incremented step index to 28.
[INFO]: Running XOR on the layouts using Klayout...
[WARNING]: /project/openlane/DFFRAM/runs/RUN_2021.12.26_22.11.38/results/finishing/DFFRAM.klayout.gds wasn't found. Skipping GDS XOR.
[INFO]: Incremented step index to 29.
[INFO]: Running Magic Spice Export from LEF...
[INFO]: No illegal overlaps detected during extraction.
[INFO]: Incremented step index to 30.
[INFO]: Writing Powered Verilog...
[INFO]: Incremented step index to 31.
[INFO]: Writing Verilog...
[INFO]: Yosys won't attempt to rewrite verilog, and the OpenROAD output will be used as is.
[INFO]: Changing netlist from /project/openlane/DFFRAM/runs/RUN_2021.12.26_22.11.38/tmp/routing/21-detailed.v to /project/openlane/DFFRAM/runs/RUN_2021.12.26_22.11.38/tmp/finishing/30-powered_netlist.v
[INFO]: Incremented step index to 32.
[INFO]: Running LEF LVS...
[INFO]: /project/openlane/DFFRAM/runs/RUN_2021.12.26_22.11.38/results/finishing/DFFRAM.spice against /project/openlane/DFFRAM/runs/RUN_2021.12.26_22.11.38/tmp/finishing/30-powered_netlist.v
[INFO]: No LVS mismatches.
[INFO]: Incremented step index to 33.
[INFO]: Running Magic DRC...
[INFO]: Converting Magic DRC Violations to Magic Readable Format...
[INFO]: Converting Magic DRC Violations to Klayout XML Database...
[INFO]: Converting DRC Violations to RDB Format...
[INFO]: Converted DRC Violations to RDB Format
[INFO]: No DRC violations after GDS streaming out.
[INFO]: Running Antenna Checks...
[INFO]: Incremented step index to 34.
[INFO]: Running OpenROAD Antenna Rule Checker...
[INFO]: Incremented step index to 35.
[INFO]: Running CVC
[INFO]: Saving Magic Views in /project/openlane/DFFRAM/runs/RUN_2021.12.26_22.11.38/results/final
[INFO]: Calculating Runtime From the Start...
[INFO]: Saving runtime environment...
[INFO]: Generating Final Summary Report...
[INFO]: Design Name: DFFRAM
Run Directory: /project/openlane/DFFRAM/runs/RUN_2021.12.26_22.11.38
----------------------------------------

Magic DRC Summary:
Source: /project/openlane/DFFRAM/runs/RUN_2021.12.26_22.11.38/reports/finishing/drc.rpt
Total Magic DRC violations is 0
----------------------------------------

LVS Summary:
Source: /project/openlane/DFFRAM/runs/RUN_2021.12.26_22.11.38/logs/finishing/33-DFFRAM.lvs.lef.log
LVS reports no net, device, pin, or property mismatches.
Total errors = 0
----------------------------------------

Antenna Summary:
Source: /project/openlane/DFFRAM/runs/RUN_2021.12.26_22.11.38/reports/finishing/antenna.rpt
Number of pins violated: 21
Number of nets violated: 21
[INFO]: check full report here: /project/openlane/DFFRAM/runs/RUN_2021.12.26_22.11.38/reports/final_summary_report.csv
[WARNING]: There are max slew violations in the design at the typical corner. Please refer to /project/openlane/DFFRAM/runs/RUN_2021.12.26_22.11.38/reports/routing/26-parasitics_sta.slew.rpt
[INFO]: There are no hold violations in the design at the typical corner.
[INFO]: There are no setup violations in the design at the typical corner.
[SUCCESS]: Flow complete.
