OpenROAD e9d88df58cd6e61dec17d0cd7d355f7d6ec25778 
This program is licensed under the BSD-3 license. See the LICENSE file for details.
Components of this program may be licensed under more restrictive licenses which must be honored.
[INFO ODB-0222] Reading LEF file: /project/openlane/DFFRAM/runs/RUN_2021.12.27_21.29.28/tmp/merged_unpadded.lef
[INFO ODB-0223]     Created 13 technology layers
[INFO ODB-0224]     Created 25 technology vias
[INFO ODB-0225]     Created 441 library cells
[INFO ODB-0226] Finished LEF file:  /project/openlane/DFFRAM/runs/RUN_2021.12.27_21.29.28/tmp/merged_unpadded.lef
[INFO ODB-0127] Reading DEF file: /project/openlane/DFFRAM/runs/RUN_2021.12.27_21.29.28/tmp/placement/7-global.def
[INFO ODB-0128] Design: DFFRAM
[INFO ODB-0130]     Created 80 pins.
[INFO ODB-0131]     Created 27528 components and 163010 component-terminals.
[INFO ODB-0132]     Created 2 special nets and 99472 connections.
[INFO ODB-0133]     Created 13534 nets and 63506 connections.
[INFO ODB-0134] Finished DEF file: /project/openlane/DFFRAM/runs/RUN_2021.12.27_21.29.28/tmp/placement/7-global.def
Placement Analysis
---------------------------------
total displacement      97268.3 u
average displacement        3.5 u
max displacement           98.6 u
original HPWL          399612.2 u
legalized HPWL         491633.7 u
delta HPWL                   23 %

[INFO DPL-0020] Mirrored 3965 instances
[INFO DPL-0021] HPWL before          491633.7 u
[INFO DPL-0022] HPWL after           482087.8 u
[INFO DPL-0023] HPWL delta               -1.9 %
