
36. Printing statistics.

=== mgmt_core ===

   Number of wires:              18669
   Number of wire bits:          19421
   Number of public wires:        4401
   Number of public wire bits:    5153
   Number of memories:               0
   Number of memory bits:            0
   Number of processes:              0
   Number of cells:              19109
     sky130_fd_sc_hd__a2111o_2      32
     sky130_fd_sc_hd__a211o_2       61
     sky130_fd_sc_hd__a211oi_2      10
     sky130_fd_sc_hd__a21bo_2       10
     sky130_fd_sc_hd__a21boi_2      30
     sky130_fd_sc_hd__a21o_2       130
     sky130_fd_sc_hd__a21oi_2      254
     sky130_fd_sc_hd__a221o_2      177
     sky130_fd_sc_hd__a221oi_2      14
     sky130_fd_sc_hd__a22o_2       284
     sky130_fd_sc_hd__a22oi_2       66
     sky130_fd_sc_hd__a2bb2o_2      15
     sky130_fd_sc_hd__a2bb2oi_2      1
     sky130_fd_sc_hd__a311o_2        7
     sky130_fd_sc_hd__a31o_2        97
     sky130_fd_sc_hd__a31oi_2       21
     sky130_fd_sc_hd__a32o_2        18
     sky130_fd_sc_hd__a32oi_2        1
     sky130_fd_sc_hd__a41o_2         8
     sky130_fd_sc_hd__a41oi_2        3
     sky130_fd_sc_hd__and2_2       301
     sky130_fd_sc_hd__and2b_2       28
     sky130_fd_sc_hd__and3_2       403
     sky130_fd_sc_hd__and3b_2       13
     sky130_fd_sc_hd__and4_2        44
     sky130_fd_sc_hd__and4b_2        3
     sky130_fd_sc_hd__buf_1       3181
     sky130_fd_sc_hd__buf_2        223
     sky130_fd_sc_hd__conb_1        27
     sky130_fd_sc_hd__dfxtp_2     3961
     sky130_fd_sc_hd__inv_2       1183
     sky130_fd_sc_hd__inv_4         98
     sky130_fd_sc_hd__mux2_1      1256
     sky130_fd_sc_hd__mux2_2      1744
     sky130_fd_sc_hd__mux4_1       782
     sky130_fd_sc_hd__nand2_2     1283
     sky130_fd_sc_hd__nand2b_2       3
     sky130_fd_sc_hd__nand3_2       81
     sky130_fd_sc_hd__nand3b_2      14
     sky130_fd_sc_hd__nor2_2       938
     sky130_fd_sc_hd__nor3_2        24
     sky130_fd_sc_hd__nor3b_2        4
     sky130_fd_sc_hd__o2111a_2     105
     sky130_fd_sc_hd__o2111ai_2     12
     sky130_fd_sc_hd__o211a_2      401
     sky130_fd_sc_hd__o211ai_2      11
     sky130_fd_sc_hd__o21a_2       113
     sky130_fd_sc_hd__o21ai_2      111
     sky130_fd_sc_hd__o21ba_2        7
     sky130_fd_sc_hd__o21bai_2      20
     sky130_fd_sc_hd__o221a_2      375
     sky130_fd_sc_hd__o221ai_2       7
     sky130_fd_sc_hd__o22a_2       197
     sky130_fd_sc_hd__o22ai_2        7
     sky130_fd_sc_hd__o2bb2a_2       7
     sky130_fd_sc_hd__o2bb2ai_2      4
     sky130_fd_sc_hd__o311a_2       15
     sky130_fd_sc_hd__o31a_2        56
     sky130_fd_sc_hd__o31ai_2       10
     sky130_fd_sc_hd__o32a_2         5
     sky130_fd_sc_hd__o41a_2        21
     sky130_fd_sc_hd__o41ai_2        1
     sky130_fd_sc_hd__or2_2        458
     sky130_fd_sc_hd__or2b_2       113
     sky130_fd_sc_hd__or3_2         84
     sky130_fd_sc_hd__or3b_2        22
     sky130_fd_sc_hd__or4_2         56
     sky130_fd_sc_hd__xnor2_2       21
     sky130_fd_sc_hd__xor2_2        36
     sky130_sram_2kbyte_1rw1r_32x512_8      1

   Area for cell type \sky130_sram_2kbyte_1rw1r_32x512_8 is unknown!

   Chip area for module '\mgmt_core': 212363.673600

