Tue Feb 07 17:13:22 UTC 2023 - Executing "openroad -exit -no_init -python /openlane/scripts/odbpy/lefutil.py get_metal_layers -o /mnt/dffram/build/128x32_DEFAULT/openlane/runs/RUN_2023.02.07_17.13.21/tmp/layers.list /Users/leithy/EDA/DFFRAM/pdks/sky130A/libs.ref/sky130_fd_sc_hd/techlef/sky130_fd_sc_hd__nom.tlef"

Tue Feb 07 17:13:22 UTC 2023 - Executing "/openlane/scripts/mergeLef.py -o /mnt/dffram/build/128x32_DEFAULT/openlane/runs/RUN_2023.02.07_17.13.21/tmp/merged.nom.lef -i /Users/leithy/EDA/DFFRAM/pdks/sky130A/libs.ref/sky130_fd_sc_hd/techlef/sky130_fd_sc_hd__nom.tlef /mnt/dffram/build/128x32_DEFAULT/openlane/cells.lef |& tee /dev/null"

Tue Feb 07 17:13:23 UTC 2023 - Executing "/openlane/scripts/mergeLef.py -o /mnt/dffram/build/128x32_DEFAULT/openlane/runs/RUN_2023.02.07_17.13.21/tmp/merged.min.lef -i /Users/leithy/EDA/DFFRAM/pdks/sky130A/libs.ref/sky130_fd_sc_hd/techlef/sky130_fd_sc_hd__min.tlef /mnt/dffram/build/128x32_DEFAULT/openlane/cells.lef |& tee /dev/null"

Tue Feb 07 17:13:23 UTC 2023 - Executing "/openlane/scripts/mergeLef.py -o /mnt/dffram/build/128x32_DEFAULT/openlane/runs/RUN_2023.02.07_17.13.21/tmp/merged.max.lef -i /Users/leithy/EDA/DFFRAM/pdks/sky130A/libs.ref/sky130_fd_sc_hd/techlef/sky130_fd_sc_hd__max.tlef /mnt/dffram/build/128x32_DEFAULT/openlane/cells.lef |& tee /dev/null"

Tue Feb 07 17:13:23 UTC 2023 - Executing "python3 /openlane/scripts/mergeLib.py --output /mnt/dffram/build/128x32_DEFAULT/openlane/runs/RUN_2023.02.07_17.13.21/tmp/synthesis/merged.lib --name sky130A_merged /Users/leithy/EDA/DFFRAM/pdks/sky130A/libs.ref/sky130_fd_sc_hd/lib/sky130_fd_sc_hd__tt_025C_1v80.lib"

Tue Feb 07 17:13:24 UTC 2023 - Executing "python3 /openlane/scripts/libtrim.py --cell-file /mnt/dffram/build/128x32_DEFAULT/openlane/runs/RUN_2023.02.07_17.13.21/tmp/synthesis/trimmed.lib.exclude.list --output /mnt/dffram/build/128x32_DEFAULT/openlane/runs/RUN_2023.02.07_17.13.21/tmp/synthesis/trimmed.lib /mnt/dffram/build/128x32_DEFAULT/openlane/runs/RUN_2023.02.07_17.13.21/tmp/synthesis/merged.lib"

Tue Feb 07 17:13:28 UTC 2023 - Executing "python3 /openlane/scripts/libtrim.py --cell-file /mnt/dffram/build/128x32_DEFAULT/openlane/runs/RUN_2023.02.07_17.13.21/tmp/cts/cts.lib.exclude.list --output /mnt/dffram/build/128x32_DEFAULT/openlane/runs/RUN_2023.02.07_17.13.21/tmp/cts/cts.lib /Users/leithy/EDA/DFFRAM/pdks/sky130A/libs.ref/sky130_fd_sc_hd/lib/sky130_fd_sc_hd__tt_025C_1v80.lib"

Tue Feb 07 17:13:30 UTC 2023 - Executing "python3 /openlane/scripts/new_tracks.py -i /Users/leithy/EDA/DFFRAM/pdks/sky130A/libs.tech/openlane/sky130_fd_sc_hd/tracks.info -o /mnt/dffram/build/128x32_DEFAULT/openlane/runs/RUN_2023.02.07_17.13.21/tmp/routing/config.tracks"

Tue Feb 07 17:13:30 UTC 2023 - Executing "echo {OpenLane 0b94d33d942814fceeab05ec4881c90b5bc386ac} > /mnt/dffram/build/128x32_DEFAULT/openlane/runs/RUN_2023.02.07_17.13.21/OPENLANE_VERSION"

Tue Feb 07 17:13:31 UTC 2023 - Executing "sed -E {s/^([[:space:]]+)pg_pin(.*)/\1pin\2\n\1    direction : "inout";/g} /Users/leithy/EDA/DFFRAM/pdks/sky130A/libs.ref/sky130_fd_sc_hd/lib/sky130_fd_sc_hd__tt_025C_1v80.lib > /mnt/dffram/build/128x32_DEFAULT/openlane/runs/RUN_2023.02.07_17.13.21/tmp/synthesis/0-sky130_fd_sc_hd__tt_025C_1v80.no_pg.lib"

Tue Feb 07 17:13:34 UTC 2023 - Executing "sed -i -e {s/\(set ::env(CURRENT_NETLIST)\).*/\1 \/mnt\/dffram\/build\/128x32_DEFAULT\/openlane\/RAM128.nl.v/} /mnt/dffram/build/128x32_DEFAULT/openlane/runs/RUN_2023.02.07_17.13.21/config.tcl"

Tue Feb 07 17:13:35 UTC 2023 - Executing "openroad -exit /openlane/scripts/openroad/pdn.tcl |& tee /dev/null /mnt/dffram/build/128x32_DEFAULT/openlane/runs/RUN_2023.02.07_17.13.21/logs/floorplan/1-pdn.log"

Tue Feb 07 17:13:42 UTC 2023 - Executing "openroad -exit /openlane/scripts/openroad/groute.tcl |& tee /dev/null /mnt/dffram/build/128x32_DEFAULT/openlane/runs/RUN_2023.02.07_17.13.21/logs/routing/2-global.log"

Tue Feb 07 17:13:56 UTC 2023 - Executing "openroad -exit /openlane/scripts/openroad/write_views.tcl |& tee /dev/null /mnt/dffram/build/128x32_DEFAULT/openlane/runs/RUN_2023.02.07_17.13.21/logs/routing/2-global_write_netlist.log"

Tue Feb 07 17:13:59 UTC 2023 - Executing "sed -i -e {s/\(set ::env(CURRENT_NETLIST)\).*/\1 \/mnt\/dffram\/build\/128x32_DEFAULT\/openlane\/runs\/RUN_2023.02.07_17.13.21\/tmp\/routing\/global.nl.v/} /mnt/dffram/build/128x32_DEFAULT/openlane/runs/RUN_2023.02.07_17.13.21/config.tcl"

Tue Feb 07 17:14:00 UTC 2023 - Executing "openroad -exit /openlane/scripts/openroad/droute.tcl |& tee /dev/null /mnt/dffram/build/128x32_DEFAULT/openlane/runs/RUN_2023.02.07_17.13.21/logs/routing/4-detailed.log"

Tue Feb 07 17:31:43 UTC 2023 - Executing "sed -i -e {s/\(set ::env(CURRENT_NETLIST)\).*/\1 \/mnt\/dffram\/build\/128x32_DEFAULT\/openlane\/runs\/RUN_2023.02.07_17.13.21\/results\/routing\/RAM128.nl.v/} /mnt/dffram/build/128x32_DEFAULT/openlane/runs/RUN_2023.02.07_17.13.21/config.tcl"

Tue Feb 07 17:31:43 UTC 2023 - Executing "python3 /openlane/scripts/drc_rosetta.py tr to_klayout -o /mnt/dffram/build/128x32_DEFAULT/openlane/runs/RUN_2023.02.07_17.13.21/reports/routing/drt.klayout.xml --design-name RAM128 /mnt/dffram/build/128x32_DEFAULT/openlane/runs/RUN_2023.02.07_17.13.21/reports/routing/drt.drc"

Tue Feb 07 17:31:44 UTC 2023 - Executing "openroad -exit /openlane/scripts/openroad/rcx.tcl |& tee /dev/null /mnt/dffram/build/128x32_DEFAULT/openlane/runs/RUN_2023.02.07_17.13.21/logs/signoff/5-parasitics_extraction.min.log"

Tue Feb 07 17:31:51 UTC 2023 - Executing "openroad -exit /openlane/scripts/openroad/sta_multi_corner.tcl |& tee /dev/null /mnt/dffram/build/128x32_DEFAULT/openlane/runs/RUN_2023.02.07_17.13.21/logs/signoff/6-rcx_mcsta.min.log"

Tue Feb 07 17:33:10 UTC 2023 - Executing "openroad -exit /openlane/scripts/openroad/rcx.tcl |& tee /dev/null /mnt/dffram/build/128x32_DEFAULT/openlane/runs/RUN_2023.02.07_17.13.21/logs/signoff/7-parasitics_extraction.max.log"

Tue Feb 07 17:33:17 UTC 2023 - Executing "openroad -exit /openlane/scripts/openroad/sta_multi_corner.tcl |& tee /dev/null /mnt/dffram/build/128x32_DEFAULT/openlane/runs/RUN_2023.02.07_17.13.21/logs/signoff/8-rcx_mcsta.max.log"

Tue Feb 07 17:34:42 UTC 2023 - Executing "openroad -exit /openlane/scripts/openroad/rcx.tcl |& tee /dev/null /mnt/dffram/build/128x32_DEFAULT/openlane/runs/RUN_2023.02.07_17.13.21/logs/signoff/9-parasitics_extraction.nom.log"

Tue Feb 07 17:34:49 UTC 2023 - Executing "openroad -exit /openlane/scripts/openroad/sta_multi_corner.tcl |& tee /dev/null /mnt/dffram/build/128x32_DEFAULT/openlane/runs/RUN_2023.02.07_17.13.21/logs/signoff/10-rcx_mcsta.nom.log"

Tue Feb 07 17:35:59 UTC 2023 - Executing "openroad -exit /openlane/scripts/openroad/sta.tcl |& tee /dev/null /mnt/dffram/build/128x32_DEFAULT/openlane/runs/RUN_2023.02.07_17.13.21/logs/signoff/11-rcx_sta.log"

Tue Feb 07 17:36:19 UTC 2023 - Executing "magic -noconsole -dnull -rcfile /Users/leithy/EDA/DFFRAM/pdks/sky130A/libs.tech/magic/sky130A.magicrc < /openlane/scripts/magic/def/mag_gds.tcl |& tee /dev/null /mnt/dffram/build/128x32_DEFAULT/openlane/runs/RUN_2023.02.07_17.13.21/logs/signoff/12-gdsii.log"

Tue Feb 07 17:36:37 UTC 2023 - Executing "magic -noconsole -dnull -rcfile /Users/leithy/EDA/DFFRAM/pdks/sky130A/libs.tech/magic/sky130A.magicrc < /openlane/scripts/magic/gds/mag_with_pointers.tcl |& tee /dev/null /mnt/dffram/build/128x32_DEFAULT/openlane/runs/RUN_2023.02.07_17.13.21/logs/signoff/12-gds_ptrs.log"

Tue Feb 07 17:36:45 UTC 2023 - Executing "sed -i -n {/^<< properties >>/,/^<< end >>/p} /mnt/dffram/build/128x32_DEFAULT/openlane/runs/RUN_2023.02.07_17.13.21/tmp/signoff/gds_ptrs.mag"

Tue Feb 07 17:36:46 UTC 2023 - Executing "magic -noconsole -dnull -rcfile /Users/leithy/EDA/DFFRAM/pdks/sky130A/libs.tech/magic/sky130A.magicrc < /openlane/scripts/magic/mag/lef.tcl |& tee /dev/null /mnt/dffram/build/128x32_DEFAULT/openlane/runs/RUN_2023.02.07_17.13.21/logs/signoff/12-lef.log"

Tue Feb 07 17:36:52 UTC 2023 - Executing "magic -noconsole -dnull -rcfile /Users/leithy/EDA/DFFRAM/pdks/sky130A/libs.tech/magic/sky130A.magicrc < /openlane/scripts/magic/lef/maglef.tcl |& tee /dev/null /mnt/dffram/build/128x32_DEFAULT/openlane/runs/RUN_2023.02.07_17.13.21/logs/signoff/12-maglef.log"

Tue Feb 07 17:36:53 UTC 2023 - Executing "magic -noconsole -dnull -rcfile /Users/leithy/EDA/DFFRAM/pdks/sky130A/libs.tech/magic/sky130A.magicrc < /openlane/scripts/magic/extract_spice.tcl |& tee /dev/null /mnt/dffram/build/128x32_DEFAULT/openlane/runs/RUN_2023.02.07_17.13.21/logs/signoff/13-spice.log"

Tue Feb 07 17:44:13 UTC 2023 - Executing "openroad -exit -no_init -python /openlane/scripts/odbpy/power_utils.py write_powered_def --output /mnt/dffram/build/128x32_DEFAULT/openlane/runs/RUN_2023.02.07_17.13.21/tmp/signoff/13-RAM128.p.def --input-lef /mnt/dffram/build/128x32_DEFAULT/openlane/runs/RUN_2023.02.07_17.13.21/tmp/merged.nom.lef --power-port VPWR --ground-port VGND --powered-netlist {} /mnt/dffram/build/128x32_DEFAULT/openlane/runs/RUN_2023.02.07_17.13.21/results/routing/RAM128.def |& tee /dev/null /mnt/dffram/build/128x32_DEFAULT/openlane/runs/RUN_2023.02.07_17.13.21/logs/signoff/14-write_powered_def.log"

Tue Feb 07 17:44:18 UTC 2023 - Executing "openroad -exit /openlane/scripts/openroad/write_views.tcl |& tee /dev/null /mnt/dffram/build/128x32_DEFAULT/openlane/runs/RUN_2023.02.07_17.13.21/logs/signoff/14-write_powered_verilog.log"

Tue Feb 07 17:44:22 UTC 2023 - Executing "sed -i -e {s/\(set ::env(CURRENT_NETLIST)\).*/\1 \/mnt\/dffram\/build\/128x32_DEFAULT\/openlane\/runs\/RUN_2023.02.07_17.13.21\/tmp\/signoff\/13-RAM128.nl.v/} /mnt/dffram/build/128x32_DEFAULT/openlane/runs/RUN_2023.02.07_17.13.21/config.tcl"

Tue Feb 07 17:44:24 UTC 2023 - Executing "netgen -batch source /mnt/dffram/build/128x32_DEFAULT/openlane/runs/RUN_2023.02.07_17.13.21/tmp/signoff/16-setup_file.lef.lvs |& tee /dev/null /mnt/dffram/build/128x32_DEFAULT/openlane/runs/RUN_2023.02.07_17.13.21/logs/signoff/16-lvs.lef.log"

Tue Feb 07 17:44:27 UTC 2023 - Executing "magic -noconsole -dnull -rcfile /Users/leithy/EDA/DFFRAM/pdks/sky130A/libs.tech/magic/sky130A.magicrc < /openlane/scripts/magic/drc.tcl |& tee /dev/null /mnt/dffram/build/128x32_DEFAULT/openlane/runs/RUN_2023.02.07_17.13.21/logs/signoff/17-drc.log"

Tue Feb 07 17:45:49 UTC 2023 - Executing "python3 /openlane/scripts/drc_rosetta.py magic to_tcl -o /mnt/dffram/build/128x32_DEFAULT/openlane/runs/RUN_2023.02.07_17.13.21/reports/signoff/drc.tcl /mnt/dffram/build/128x32_DEFAULT/openlane/runs/RUN_2023.02.07_17.13.21/reports/signoff/drc.rpt"

Tue Feb 07 17:45:49 UTC 2023 - Executing "python3 /openlane/scripts/drc_rosetta.py magic to_tr -o /mnt/dffram/build/128x32_DEFAULT/openlane/runs/RUN_2023.02.07_17.13.21/reports/signoff/drc.tr /mnt/dffram/build/128x32_DEFAULT/openlane/runs/RUN_2023.02.07_17.13.21/reports/signoff/drc.rpt"

Tue Feb 07 17:45:49 UTC 2023 - Executing "python3 /openlane/scripts/drc_rosetta.py tr to_klayout -o /mnt/dffram/build/128x32_DEFAULT/openlane/runs/RUN_2023.02.07_17.13.21/reports/signoff/drc.klayout.xml --design-name RAM128 /mnt/dffram/build/128x32_DEFAULT/openlane/runs/RUN_2023.02.07_17.13.21/reports/signoff/drc.tr"

Tue Feb 07 17:45:49 UTC 2023 - Executing "python3 /openlane/scripts/drc_rosetta.py magic to_rdb -o /mnt/dffram/build/128x32_DEFAULT/openlane/runs/RUN_2023.02.07_17.13.21/reports/signoff/drc.rdb /mnt/dffram/build/128x32_DEFAULT/openlane/runs/RUN_2023.02.07_17.13.21/reports/signoff/drc.rpt"

Tue Feb 07 17:45:50 UTC 2023 - Executing "openroad -exit /openlane/scripts/openroad/antenna_check.tcl |& tee /dev/null /mnt/dffram/build/128x32_DEFAULT/openlane/runs/RUN_2023.02.07_17.13.21/logs/signoff/18-antenna.log"

Tue Feb 07 17:45:52 UTC 2023 - Executing "python3 /openlane/scripts/extract_antenna_violators.py --output /mnt/dffram/build/128x32_DEFAULT/openlane/runs/RUN_2023.02.07_17.13.21/reports/signoff/18-antenna_violators.rpt /mnt/dffram/build/128x32_DEFAULT/openlane/runs/RUN_2023.02.07_17.13.21/logs/signoff/18-antenna.log"

Tue Feb 07 17:46:41 UTC 2023 - Executing "python3 /openlane/scripts/generate_reports.py -d /mnt/dffram/build/128x32_DEFAULT/openlane --design_name RAM128 --tag RUN_2023.02.07_17.13.21 --output_file /mnt/dffram/build/128x32_DEFAULT/openlane/runs/RUN_2023.02.07_17.13.21/reports/metrics.csv --man_report /mnt/dffram/build/128x32_DEFAULT/openlane/runs/RUN_2023.02.07_17.13.21/reports/manufacturability.rpt --run_path /mnt/dffram/build/128x32_DEFAULT/openlane/runs/RUN_2023.02.07_17.13.21"

