[INFO]: Run Directory: /mnt/dffram/build/128x32_DEFAULT/openlane/runs/RUN_2023.02.07_17.13.21
[INFO]: Preparing LEF files for the nom corner...
[INFO]: Preparing LEF files for the min corner...
[INFO]: Preparing LEF files for the max corner...
[INFO]: Power planning with power {VPWR} and ground {VGND}...
[INFO]: Generating PDN (log: build/128x32_DEFAULT/openlane/runs/RUN_2023.02.07_17.13.21/logs/floorplan/1-pdn.log)...
[INFO]: Running Global Routing (log: build/128x32_DEFAULT/openlane/runs/RUN_2023.02.07_17.13.21/logs/routing/2-global.log)...
[INFO]: Writing Verilog (log: build/128x32_DEFAULT/openlane/runs/RUN_2023.02.07_17.13.21/logs/routing/2-global_write_netlist.log)...
[INFO]: Running Detailed Routing (log: build/128x32_DEFAULT/openlane/runs/RUN_2023.02.07_17.13.21/logs/routing/4-detailed.log)...
[INFO]: No DRC violations after detailed routing.
[INFO]: Running SPEF Extraction at the min process corner (log: build/128x32_DEFAULT/openlane/runs/RUN_2023.02.07_17.13.21/logs/signoff/5-parasitics_extraction.min.log)...
[INFO]: Running Multi-Corner Static Timing Analysis at the min process corner (log: build/128x32_DEFAULT/openlane/runs/RUN_2023.02.07_17.13.21/logs/signoff/6-rcx_mcsta.min.log)...
[INFO]: Running SPEF Extraction at the max process corner (log: build/128x32_DEFAULT/openlane/runs/RUN_2023.02.07_17.13.21/logs/signoff/7-parasitics_extraction.max.log)...
[INFO]: Running Multi-Corner Static Timing Analysis at the max process corner (log: build/128x32_DEFAULT/openlane/runs/RUN_2023.02.07_17.13.21/logs/signoff/8-rcx_mcsta.max.log)...
[INFO]: Running SPEF Extraction at the nom process corner (log: build/128x32_DEFAULT/openlane/runs/RUN_2023.02.07_17.13.21/logs/signoff/9-parasitics_extraction.nom.log)...
[INFO]: Running Multi-Corner Static Timing Analysis at the nom process corner (log: build/128x32_DEFAULT/openlane/runs/RUN_2023.02.07_17.13.21/logs/signoff/10-rcx_mcsta.nom.log)...
[INFO]: Running Single-Corner Static Timing Analysis at the nom process corner (log: build/128x32_DEFAULT/openlane/runs/RUN_2023.02.07_17.13.21/logs/signoff/11-rcx_sta.log)...
[INFO]: Running Magic to generate various views...
[INFO]: Streaming out GDSII with Magic (log: build/128x32_DEFAULT/openlane/runs/RUN_2023.02.07_17.13.21/logs/signoff/12-gdsii.log)...
[INFO]: Generating MAGLEF views...
[INFO]: Running Magic Spice Export from LEF (log: build/128x32_DEFAULT/openlane/runs/RUN_2023.02.07_17.13.21/logs/signoff/13-spice.log)...
[INFO]: Writing Powered Verilog (logs: build/128x32_DEFAULT/openlane/runs/RUN_2023.02.07_17.13.21/logs/signoff/14-write_powered_def.log, build/128x32_DEFAULT/openlane/runs/RUN_2023.02.07_17.13.21/logs/signoff/14-write_powered_verilog.log)...
[INFO]: Writing Verilog (log: build/128x32_DEFAULT/openlane/runs/RUN_2023.02.07_17.13.21/logs/signoff/14-write_powered_verilog.log)...
[INFO]: Running LVS (log: build/128x32_DEFAULT/openlane/runs/RUN_2023.02.07_17.13.21/logs/signoff/16-lvs.lef.log)...
[INFO]: Running Magic DRC (log: build/128x32_DEFAULT/openlane/runs/RUN_2023.02.07_17.13.21/logs/signoff/17-drc.log)...
[INFO]: Converting Magic DRC database to various tool-readable formats...
[INFO]: No DRC violations after GDS streaming out.
[INFO]: Running OpenROAD Antenna Rule Checker (log: build/128x32_DEFAULT/openlane/runs/RUN_2023.02.07_17.13.21/logs/signoff/18-antenna.log)...
[INFO]: Saving current set of views in 'build/128x32_DEFAULT/products'...
[INFO]: Saving runtime environment...
[INFO]: Generating final set of reports...
[INFO]: Created manufacturability report at 'build/128x32_DEFAULT/openlane/runs/RUN_2023.02.07_17.13.21/reports/manufacturability.rpt'.
[INFO]: Created metrics report at 'build/128x32_DEFAULT/openlane/runs/RUN_2023.02.07_17.13.21/reports/metrics.csv'.
[WARNING]: There are max fanout violations in the design at the typical corner. Please refer to 'build/128x32_DEFAULT/openlane/runs/RUN_2023.02.07_17.13.21/reports/signoff/11-rcx_sta.slew.rpt'.
[INFO]: There are no hold violations in the design at the typical corner.
[INFO]: There are no setup violations in the design at the typical corner.
