OpenROAD b79f266fe41540eabc064bcaddfe19ed715ac5c2 
This program is licensed under the BSD-3 license. See the LICENSE file for details.
Components of this program may be licensed under more restrictive licenses which must be honored.
[INFO ODB-0222] Reading LEF file: /project/openlane/mgmt_core/runs/RUN_2021.11.23_18.34.59/tmp/merged.lef
[WARNING ODB-0220] WARNING (LEFPARS-2036): SOURCE statement is obsolete in version 5.6 and later.
The LEF parser will ignore this statement.
To avoid this warning in the future, remove this statement from the LEF file with version 5.6 or later. See file /project/openlane/mgmt_core/runs/RUN_2021.11.23_18.34.59/tmp/merged.lef at line 922.

[INFO ODB-0223]     Created 13 technology layers
[INFO ODB-0224]     Created 25 technology vias
[INFO ODB-0225]     Created 442 library cells
[INFO ODB-0226] Finished LEF file:  /project/openlane/mgmt_core/runs/RUN_2021.11.23_18.34.59/tmp/merged.lef
[INFO ODB-0127] Reading DEF file: /project/openlane/mgmt_core/runs/RUN_2021.11.23_18.34.59/tmp/floorplan/3-init_floorplan_openroad.def
[INFO ODB-0128] Design: mgmt_core
[INFO ODB-0130]     Created 816 pins.
[INFO ODB-0131]     Created 19109 components and 141722 component-terminals.
[INFO ODB-0133]     Created 19421 nets and 65261 connections.
[INFO ODB-0134] Finished DEF file: /project/openlane/mgmt_core/runs/RUN_2021.11.23_18.34.59/tmp/floorplan/3-init_floorplan_openroad.def
Top-level design name: mgmt_core
Warning: Some pins weren't matched by the config file
Those are: ['core_rst', 'debug_rx', 'debug_tx', 'flash_cs_n', 'mgmt_soc_dff_EN', 'serial_rx', 'serial_tx', 'spi_clk', 'spi_cs_n', 'spi_miso', 'spi_mosi', 'mgmt_soc_dff_A[0]', 'mgmt_soc_dff_Di[0]', 'mgmt_soc_dff_Do[0]', 'mgmt_soc_dff_WE[0]', 'user_irq[0]', 'mgmt_soc_dff_A[1]', 'mgmt_soc_dff_Di[1]', 'mgmt_soc_dff_Do[1]', 'mgmt_soc_dff_WE[1]', 'user_irq[1]', 'mgmt_soc_dff_A[2]', 'mgmt_soc_dff_Di[2]', 'mgmt_soc_dff_Do[2]', 'mgmt_soc_dff_WE[2]', 'user_irq[2]', 'mgmt_soc_dff_A[3]', 'mgmt_soc_dff_Di[3]', 'mgmt_soc_dff_Do[3]', 'mgmt_soc_dff_WE[3]', 'user_irq[3]', 'mgmt_soc_dff_A[4]', 'mgmt_soc_dff_Di[4]', 'mgmt_soc_dff_Do[4]', 'user_irq[4]', 'mgmt_soc_dff_A[5]', 'mgmt_soc_dff_Di[5]', 'mgmt_soc_dff_Do[5]', 'user_irq[5]', 'mgmt_soc_dff_A[6]', 'mgmt_soc_dff_Di[6]', 'mgmt_soc_dff_Do[6]', 'mgmt_soc_dff_A[7]', 'mgmt_soc_dff_Di[7]', 'mgmt_soc_dff_Do[7]', 'mgmt_soc_dff_Di[8]', 'mgmt_soc_dff_Do[8]', 'mgmt_soc_dff_Di[9]', 'mgmt_soc_dff_Do[9]', 'mgmt_soc_dff_Di[10]', 'mgmt_soc_dff_Do[10]', 'mgmt_soc_dff_Di[11]', 'mgmt_soc_dff_Do[11]', 'mgmt_soc_dff_Di[12]', 'mgmt_soc_dff_Do[12]', 'mgmt_soc_dff_Di[13]', 'mgmt_soc_dff_Do[13]', 'mgmt_soc_dff_Di[14]', 'mgmt_soc_dff_Do[14]', 'mgmt_soc_dff_Di[15]', 'mgmt_soc_dff_Do[15]', 'mgmt_soc_dff_Di[16]', 'mgmt_soc_dff_Do[16]', 'mgmt_soc_dff_Di[17]', 'mgmt_soc_dff_Do[17]', 'mgmt_soc_dff_Di[18]', 'mgmt_soc_dff_Do[18]', 'mgmt_soc_dff_Di[19]', 'mgmt_soc_dff_Do[19]', 'mgmt_soc_dff_Di[20]', 'mgmt_soc_dff_Do[20]', 'mgmt_soc_dff_Di[21]', 'mgmt_soc_dff_Do[21]', 'mgmt_soc_dff_Di[22]', 'mgmt_soc_dff_Do[22]', 'mgmt_soc_dff_Di[23]', 'mgmt_soc_dff_Do[23]', 'mgmt_soc_dff_Di[24]', 'mgmt_soc_dff_Do[24]', 'mgmt_soc_dff_Di[25]', 'mgmt_soc_dff_Do[25]', 'mgmt_soc_dff_Di[26]', 'mgmt_soc_dff_Do[26]', 'mgmt_soc_dff_Di[27]', 'mgmt_soc_dff_Do[27]', 'mgmt_soc_dff_Di[28]', 'mgmt_soc_dff_Do[28]', 'mgmt_soc_dff_Di[29]', 'mgmt_soc_dff_Do[29]', 'mgmt_soc_dff_Di[30]', 'mgmt_soc_dff_Do[30]', 'mgmt_soc_dff_Di[31]', 'mgmt_soc_dff_Do[31]']
Assigning random sides to the above pins
Block boundaries: 0 0 2000000 740000
Writing /project/openlane/mgmt_core/runs/RUN_2021.11.23_18.34.59/tmp/floorplan/4-ioPlacer.def...
