
gpio_mgmt.elf:     file format elf32-littleriscv


Disassembly of section .vectors:

00000000 <_vectors_start>:
   0:	0840006f          	j	84 <_vectors_end>
   4:	0800006f          	j	84 <_vectors_end>
   8:	07c0006f          	j	84 <_vectors_end>
   c:	0780006f          	j	84 <_vectors_end>
  10:	0740006f          	j	84 <_vectors_end>
  14:	0700006f          	j	84 <_vectors_end>
  18:	06c0006f          	j	84 <_vectors_end>
  1c:	06c0006f          	j	88 <timer_handler>
  20:	0640006f          	j	84 <_vectors_end>
  24:	0600006f          	j	84 <_vectors_end>
  28:	05c0006f          	j	84 <_vectors_end>
  2c:	0580006f          	j	84 <_vectors_end>
  30:	0540006f          	j	84 <_vectors_end>
  34:	0500006f          	j	84 <_vectors_end>
  38:	04c0006f          	j	84 <_vectors_end>
  3c:	0480006f          	j	84 <_vectors_end>
  40:	0440006f          	j	84 <_vectors_end>
  44:	0400006f          	j	84 <_vectors_end>
  48:	03c0006f          	j	84 <_vectors_end>
  4c:	0380006f          	j	84 <_vectors_end>
  50:	0340006f          	j	84 <_vectors_end>
  54:	0300006f          	j	84 <_vectors_end>
  58:	02c0006f          	j	84 <_vectors_end>
  5c:	0280006f          	j	84 <_vectors_end>
  60:	0240006f          	j	84 <_vectors_end>
  64:	0200006f          	j	84 <_vectors_end>
  68:	01c0006f          	j	84 <_vectors_end>
  6c:	0180006f          	j	84 <_vectors_end>
  70:	0140006f          	j	84 <_vectors_end>
  74:	0100006f          	j	84 <_vectors_end>
  78:	00c0006f          	j	84 <_vectors_end>
  7c:	0000                	unimp
  7e:	0000                	unimp
  80:	00c0006f          	j	8c <reset_handler>

Disassembly of section .text:

00000084 <default_exc_handler>:
  84:	2d00006f          	j	354 <simple_exc_handler>

00000088 <timer_handler>:
  88:	4900006f          	j	518 <simple_timer_handler>

0000008c <reset_handler>:
  8c:	00000093          	li	ra,0
  90:	8106                	mv	sp,ra
  92:	8186                	mv	gp,ra
  94:	8206                	mv	tp,ra
  96:	8286                	mv	t0,ra
  98:	8306                	mv	t1,ra
  9a:	8386                	mv	t2,ra
  9c:	8406                	mv	s0,ra
  9e:	8486                	mv	s1,ra
  a0:	8506                	mv	a0,ra
  a2:	8586                	mv	a1,ra
  a4:	8606                	mv	a2,ra
  a6:	8686                	mv	a3,ra
  a8:	8706                	mv	a4,ra
  aa:	8786                	mv	a5,ra
  ac:	8806                	mv	a6,ra
  ae:	8886                	mv	a7,ra
  b0:	8906                	mv	s2,ra
  b2:	8986                	mv	s3,ra
  b4:	8a06                	mv	s4,ra
  b6:	8a86                	mv	s5,ra
  b8:	8b06                	mv	s6,ra
  ba:	8b86                	mv	s7,ra
  bc:	8c06                	mv	s8,ra
  be:	8c86                	mv	s9,ra
  c0:	8d06                	mv	s10,ra
  c2:	8d86                	mv	s11,ra
  c4:	8e06                	mv	t3,ra
  c6:	8e86                	mv	t4,ra
  c8:	8f06                	mv	t5,ra
  ca:	8f86                	mv	t6,ra
  cc:	fff00113          	li	sp,-1

000000d0 <_start>:
  d0:	00000d13          	li	s10,0
  d4:	01000d93          	li	s11,16
  d8:	01bd5763          	bge	s10,s11,e6 <main_entry>

000000dc <zero_loop>:
  dc:	000d2023          	sw	zero,0(s10)
  e0:	0d11                	addi	s10,s10,4
  e2:	ffaddde3          	bge	s11,s10,dc <zero_loop>

000000e6 <main_entry>:
  e6:	00000513          	li	a0,0
  ea:	00000593          	li	a1,0
  ee:	4d0000ef          	jal	ra,5be <main>

000000f2 <sleep_loop>:
  f2:	10500073          	wfi
  f6:	bff5                	j	f2 <sleep_loop>

000000f8 <putchar>:
  f8:	1101                	addi	sp,sp,-32
  fa:	ce22                	sw	s0,28(sp)
  fc:	1000                	addi	s0,sp,32
  fe:	fea42623          	sw	a0,-20(s0)
 102:	fec42783          	lw	a5,-20(s0)
 106:	0ff7f713          	andi	a4,a5,255
 10a:	000207b7          	lui	a5,0x20
 10e:	c398                	sw	a4,0(a5)
 110:	fec42783          	lw	a5,-20(s0)
 114:	853e                	mv	a0,a5
 116:	4472                	lw	s0,28(sp)
 118:	6105                	addi	sp,sp,32
 11a:	8082                	ret

0000011c <puts>:
 11c:	1101                	addi	sp,sp,-32
 11e:	ce06                	sw	ra,28(sp)
 120:	cc22                	sw	s0,24(sp)
 122:	1000                	addi	s0,sp,32
 124:	fea42623          	sw	a0,-20(s0)
 128:	a819                	j	13e <puts+0x22>
 12a:	fec42783          	lw	a5,-20(s0)
 12e:	00178713          	addi	a4,a5,1 # 20001 <main+0x1fa43>
 132:	fee42623          	sw	a4,-20(s0)
 136:	0007c783          	lbu	a5,0(a5)
 13a:	853e                	mv	a0,a5
 13c:	3f75                	jal	f8 <putchar>
 13e:	fec42783          	lw	a5,-20(s0)
 142:	0007c783          	lbu	a5,0(a5)
 146:	f3f5                	bnez	a5,12a <puts+0xe>
 148:	4781                	li	a5,0
 14a:	853e                	mv	a0,a5
 14c:	40f2                	lw	ra,28(sp)
 14e:	4462                	lw	s0,24(sp)
 150:	6105                	addi	sp,sp,32
 152:	8082                	ret

00000154 <puthex>:
 154:	7179                	addi	sp,sp,-48
 156:	d606                	sw	ra,44(sp)
 158:	d422                	sw	s0,40(sp)
 15a:	1800                	addi	s0,sp,48
 15c:	fca42e23          	sw	a0,-36(s0)
 160:	fe042623          	sw	zero,-20(s0)
 164:	a091                	j	1a8 <puthex+0x54>
 166:	fdc42783          	lw	a5,-36(s0)
 16a:	83f1                	srli	a5,a5,0x1c
 16c:	fef42423          	sw	a5,-24(s0)
 170:	fe842703          	lw	a4,-24(s0)
 174:	47a5                	li	a5,9
 176:	00e7c963          	blt	a5,a4,188 <puthex+0x34>
 17a:	fe842783          	lw	a5,-24(s0)
 17e:	03078793          	addi	a5,a5,48
 182:	853e                	mv	a0,a5
 184:	3f95                	jal	f8 <putchar>
 186:	a039                	j	194 <puthex+0x40>
 188:	fe842783          	lw	a5,-24(s0)
 18c:	03778793          	addi	a5,a5,55
 190:	853e                	mv	a0,a5
 192:	379d                	jal	f8 <putchar>
 194:	fdc42783          	lw	a5,-36(s0)
 198:	0792                	slli	a5,a5,0x4
 19a:	fcf42e23          	sw	a5,-36(s0)
 19e:	fec42783          	lw	a5,-20(s0)
 1a2:	0785                	addi	a5,a5,1
 1a4:	fef42623          	sw	a5,-20(s0)
 1a8:	fec42703          	lw	a4,-20(s0)
 1ac:	479d                	li	a5,7
 1ae:	fae7dce3          	bge	a5,a4,166 <puthex+0x12>
 1b2:	0001                	nop
 1b4:	0001                	nop
 1b6:	50b2                	lw	ra,44(sp)
 1b8:	5422                	lw	s0,40(sp)
 1ba:	6145                	addi	sp,sp,48
 1bc:	8082                	ret

000001be <sim_halt>:
 1be:	1141                	addi	sp,sp,-16
 1c0:	c622                	sw	s0,12(sp)
 1c2:	0800                	addi	s0,sp,16
 1c4:	000207b7          	lui	a5,0x20
 1c8:	07a1                	addi	a5,a5,8
 1ca:	4705                	li	a4,1
 1cc:	c398                	sw	a4,0(a5)
 1ce:	0001                	nop
 1d0:	4432                	lw	s0,12(sp)
 1d2:	0141                	addi	sp,sp,16
 1d4:	8082                	ret

000001d6 <pcount_reset>:
 1d6:	1141                	addi	sp,sp,-16
 1d8:	c622                	sw	s0,12(sp)
 1da:	0800                	addi	s0,sp,16
 1dc:	b0201073          	csrw	minstret,zero
 1e0:	b0001073          	csrw	mcycle,zero
 1e4:	b0301073          	csrw	mhpmcounter3,zero
 1e8:	b0401073          	csrw	mhpmcounter4,zero
 1ec:	b0501073          	csrw	mhpmcounter5,zero
 1f0:	b0601073          	csrw	mhpmcounter6,zero
 1f4:	b0701073          	csrw	mhpmcounter7,zero
 1f8:	b0801073          	csrw	mhpmcounter8,zero
 1fc:	b0901073          	csrw	mhpmcounter9,zero
 200:	b0a01073          	csrw	mhpmcounter10,zero
 204:	b0b01073          	csrw	mhpmcounter11,zero
 208:	b0c01073          	csrw	mhpmcounter12,zero
 20c:	b0d01073          	csrw	mhpmcounter13,zero
 210:	b0e01073          	csrw	mhpmcounter14,zero
 214:	b0f01073          	csrw	mhpmcounter15,zero
 218:	b1001073          	csrw	mhpmcounter16,zero
 21c:	b1101073          	csrw	mhpmcounter17,zero
 220:	b1201073          	csrw	mhpmcounter18,zero
 224:	b1301073          	csrw	mhpmcounter19,zero
 228:	b1401073          	csrw	mhpmcounter20,zero
 22c:	b1501073          	csrw	mhpmcounter21,zero
 230:	b1601073          	csrw	mhpmcounter22,zero
 234:	b1701073          	csrw	mhpmcounter23,zero
 238:	b1801073          	csrw	mhpmcounter24,zero
 23c:	b1901073          	csrw	mhpmcounter25,zero
 240:	b1a01073          	csrw	mhpmcounter26,zero
 244:	b1b01073          	csrw	mhpmcounter27,zero
 248:	b1c01073          	csrw	mhpmcounter28,zero
 24c:	b1d01073          	csrw	mhpmcounter29,zero
 250:	b1e01073          	csrw	mhpmcounter30,zero
 254:	b1f01073          	csrw	mhpmcounter31,zero
 258:	b8201073          	csrw	minstreth,zero
 25c:	b8001073          	csrw	mcycleh,zero
 260:	b8301073          	csrw	mhpmcounter3h,zero
 264:	b8401073          	csrw	mhpmcounter4h,zero
 268:	b8501073          	csrw	mhpmcounter5h,zero
 26c:	b8601073          	csrw	mhpmcounter6h,zero
 270:	b8701073          	csrw	mhpmcounter7h,zero
 274:	b8801073          	csrw	mhpmcounter8h,zero
 278:	b8901073          	csrw	mhpmcounter9h,zero
 27c:	b8a01073          	csrw	mhpmcounter10h,zero
 280:	b8b01073          	csrw	mhpmcounter11h,zero
 284:	b8c01073          	csrw	mhpmcounter12h,zero
 288:	b8d01073          	csrw	mhpmcounter13h,zero
 28c:	b8e01073          	csrw	mhpmcounter14h,zero
 290:	b8f01073          	csrw	mhpmcounter15h,zero
 294:	b9001073          	csrw	mhpmcounter16h,zero
 298:	b9101073          	csrw	mhpmcounter17h,zero
 29c:	b9201073          	csrw	mhpmcounter18h,zero
 2a0:	b9301073          	csrw	mhpmcounter19h,zero
 2a4:	b9401073          	csrw	mhpmcounter20h,zero
 2a8:	b9501073          	csrw	mhpmcounter21h,zero
 2ac:	b9601073          	csrw	mhpmcounter22h,zero
 2b0:	b9701073          	csrw	mhpmcounter23h,zero
 2b4:	b9801073          	csrw	mhpmcounter24h,zero
 2b8:	b9901073          	csrw	mhpmcounter25h,zero
 2bc:	b9a01073          	csrw	mhpmcounter26h,zero
 2c0:	b9b01073          	csrw	mhpmcounter27h,zero
 2c4:	b9c01073          	csrw	mhpmcounter28h,zero
 2c8:	b9d01073          	csrw	mhpmcounter29h,zero
 2cc:	b9e01073          	csrw	mhpmcounter30h,zero
 2d0:	b9f01073          	csrw	mhpmcounter31h,zero
 2d4:	0001                	nop
 2d6:	4432                	lw	s0,12(sp)
 2d8:	0141                	addi	sp,sp,16
 2da:	8082                	ret

000002dc <pcount_enable>:
 2dc:	7179                	addi	sp,sp,-48
 2de:	d622                	sw	s0,44(sp)
 2e0:	1800                	addi	s0,sp,48
 2e2:	fca42e23          	sw	a0,-36(s0)
 2e6:	fdc42783          	lw	a5,-36(s0)
 2ea:	c399                	beqz	a5,2f0 <pcount_enable+0x14>
 2ec:	4781                	li	a5,0
 2ee:	a011                	j	2f2 <pcount_enable+0x16>
 2f0:	57fd                	li	a5,-1
 2f2:	fef42623          	sw	a5,-20(s0)
 2f6:	fec42783          	lw	a5,-20(s0)
 2fa:	32079073          	csrw	mucounteren,a5
 2fe:	0001                	nop
 300:	5432                	lw	s0,44(sp)
 302:	6145                	addi	sp,sp,48
 304:	8082                	ret

00000306 <get_mepc>:
 306:	1101                	addi	sp,sp,-32
 308:	ce22                	sw	s0,28(sp)
 30a:	1000                	addi	s0,sp,32
 30c:	341027f3          	csrr	a5,mepc
 310:	fef42623          	sw	a5,-20(s0)
 314:	fec42783          	lw	a5,-20(s0)
 318:	853e                	mv	a0,a5
 31a:	4472                	lw	s0,28(sp)
 31c:	6105                	addi	sp,sp,32
 31e:	8082                	ret

00000320 <get_mcause>:
 320:	1101                	addi	sp,sp,-32
 322:	ce22                	sw	s0,28(sp)
 324:	1000                	addi	s0,sp,32
 326:	342027f3          	csrr	a5,mcause
 32a:	fef42623          	sw	a5,-20(s0)
 32e:	fec42783          	lw	a5,-20(s0)
 332:	853e                	mv	a0,a5
 334:	4472                	lw	s0,28(sp)
 336:	6105                	addi	sp,sp,32
 338:	8082                	ret

0000033a <get_mtval>:
 33a:	1101                	addi	sp,sp,-32
 33c:	ce22                	sw	s0,28(sp)
 33e:	1000                	addi	s0,sp,32
 340:	343027f3          	csrr	a5,mtval
 344:	fef42623          	sw	a5,-20(s0)
 348:	fec42783          	lw	a5,-20(s0)
 34c:	853e                	mv	a0,a5
 34e:	4472                	lw	s0,28(sp)
 350:	6105                	addi	sp,sp,32
 352:	8082                	ret

00000354 <simple_exc_handler>:
 354:	1141                	addi	sp,sp,-16
 356:	c606                	sw	ra,12(sp)
 358:	c422                	sw	s0,8(sp)
 35a:	0800                	addi	s0,sp,16
 35c:	66c00513          	li	a0,1644
 360:	3b75                	jal	11c <puts>
 362:	67c00513          	li	a0,1660
 366:	3b5d                	jal	11c <puts>
 368:	68c00513          	li	a0,1676
 36c:	3b45                	jal	11c <puts>
 36e:	3f61                	jal	306 <get_mepc>
 370:	87aa                	mv	a5,a0
 372:	853e                	mv	a0,a5
 374:	33c5                	jal	154 <puthex>
 376:	69800513          	li	a0,1688
 37a:	334d                	jal	11c <puts>
 37c:	3755                	jal	320 <get_mcause>
 37e:	87aa                	mv	a5,a0
 380:	853e                	mv	a0,a5
 382:	3bc9                	jal	154 <puthex>
 384:	6a400513          	li	a0,1700
 388:	3b51                	jal	11c <puts>
 38a:	3f45                	jal	33a <get_mtval>
 38c:	87aa                	mv	a5,a0
 38e:	853e                	mv	a0,a5
 390:	33d1                	jal	154 <puthex>
 392:	4529                	li	a0,10
 394:	3395                	jal	f8 <putchar>
 396:	3525                	jal	1be <sim_halt>
 398:	a001                	j	398 <simple_exc_handler+0x44>

0000039a <increment_timecmp>:
 39a:	7179                	addi	sp,sp,-48
 39c:	d606                	sw	ra,44(sp)
 39e:	d422                	sw	s0,40(sp)
 3a0:	1800                	addi	s0,sp,48
 3a2:	fca42c23          	sw	a0,-40(s0)
 3a6:	fcb42e23          	sw	a1,-36(s0)
 3aa:	207d                	jal	458 <timer_read>
 3ac:	fea42423          	sw	a0,-24(s0)
 3b0:	feb42623          	sw	a1,-20(s0)
 3b4:	fe842603          	lw	a2,-24(s0)
 3b8:	fec42683          	lw	a3,-20(s0)
 3bc:	fd842503          	lw	a0,-40(s0)
 3c0:	fdc42583          	lw	a1,-36(s0)
 3c4:	00a60733          	add	a4,a2,a0
 3c8:	883a                	mv	a6,a4
 3ca:	00c83833          	sltu	a6,a6,a2
 3ce:	00b687b3          	add	a5,a3,a1
 3d2:	00f806b3          	add	a3,a6,a5
 3d6:	87b6                	mv	a5,a3
 3d8:	fee42423          	sw	a4,-24(s0)
 3dc:	fef42623          	sw	a5,-20(s0)
 3e0:	fe842503          	lw	a0,-24(s0)
 3e4:	fec42583          	lw	a1,-20(s0)
 3e8:	28e1                	jal	4c0 <timecmp_update>
 3ea:	0001                	nop
 3ec:	50b2                	lw	ra,44(sp)
 3ee:	5422                	lw	s0,40(sp)
 3f0:	6145                	addi	sp,sp,48
 3f2:	8082                	ret

000003f4 <timer_enable>:
 3f4:	1101                	addi	sp,sp,-32
 3f6:	ce06                	sw	ra,28(sp)
 3f8:	cc22                	sw	s0,24(sp)
 3fa:	1000                	addi	s0,sp,32
 3fc:	fea42423          	sw	a0,-24(s0)
 400:	feb42623          	sw	a1,-20(s0)
 404:	4681                	li	a3,0
 406:	4701                	li	a4,0
 408:	00d02023          	sw	a3,0(zero) # 0 <time_elapsed>
 40c:	00e02223          	sw	a4,4(zero) # 4 <time_elapsed+0x4>
 410:	fe842703          	lw	a4,-24(s0)
 414:	fec42783          	lw	a5,-20(s0)
 418:	00e02423          	sw	a4,8(zero) # 8 <time_increment>
 41c:	00f02623          	sw	a5,12(zero) # c <time_increment+0x4>
 420:	fe842503          	lw	a0,-24(s0)
 424:	fec42583          	lw	a1,-20(s0)
 428:	3f8d                	jal	39a <increment_timecmp>
 42a:	08000793          	li	a5,128
 42e:	3047a073          	csrs	mie,a5
 432:	47a1                	li	a5,8
 434:	3007a073          	csrs	mstatus,a5
 438:	0001                	nop
 43a:	40f2                	lw	ra,28(sp)
 43c:	4462                	lw	s0,24(sp)
 43e:	6105                	addi	sp,sp,32
 440:	8082                	ret

00000442 <timer_disable>:
 442:	1141                	addi	sp,sp,-16
 444:	c622                	sw	s0,12(sp)
 446:	0800                	addi	s0,sp,16
 448:	08000793          	li	a5,128
 44c:	3047b073          	csrc	mie,a5
 450:	0001                	nop
 452:	4432                	lw	s0,12(sp)
 454:	0141                	addi	sp,sp,16
 456:	8082                	ret

00000458 <timer_read>:
 458:	1101                	addi	sp,sp,-32
 45a:	ce22                	sw	s0,28(sp)
 45c:	1000                	addi	s0,sp,32
 45e:	00030837          	lui	a6,0x30
 462:	0811                	addi	a6,a6,4
 464:	00082803          	lw	a6,0(a6) # 30000 <tohost+0xfff8>
 468:	ff042623          	sw	a6,-20(s0)
 46c:	00030837          	lui	a6,0x30
 470:	00082803          	lw	a6,0(a6) # 30000 <tohost+0xfff8>
 474:	ff042423          	sw	a6,-24(s0)
 478:	00030837          	lui	a6,0x30
 47c:	0811                	addi	a6,a6,4
 47e:	00082803          	lw	a6,0(a6) # 30000 <tohost+0xfff8>
 482:	fec42883          	lw	a7,-20(s0)
 486:	fd089ce3          	bne	a7,a6,45e <timer_read+0x6>
 48a:	fec42803          	lw	a6,-20(s0)
 48e:	8542                	mv	a0,a6
 490:	4581                	li	a1,0
 492:	00051793          	slli	a5,a0,0x0
 496:	4701                	li	a4,0
 498:	fe842583          	lw	a1,-24(s0)
 49c:	862e                	mv	a2,a1
 49e:	4681                	li	a3,0
 4a0:	00c765b3          	or	a1,a4,a2
 4a4:	feb42023          	sw	a1,-32(s0)
 4a8:	8fd5                	or	a5,a5,a3
 4aa:	fef42223          	sw	a5,-28(s0)
 4ae:	fe042703          	lw	a4,-32(s0)
 4b2:	fe442783          	lw	a5,-28(s0)
 4b6:	853a                	mv	a0,a4
 4b8:	85be                	mv	a1,a5
 4ba:	4472                	lw	s0,28(sp)
 4bc:	6105                	addi	sp,sp,32
 4be:	8082                	ret

000004c0 <timecmp_update>:
 4c0:	1101                	addi	sp,sp,-32
 4c2:	ce22                	sw	s0,28(sp)
 4c4:	1000                	addi	s0,sp,32
 4c6:	fea42423          	sw	a0,-24(s0)
 4ca:	feb42623          	sw	a1,-20(s0)
 4ce:	000306b7          	lui	a3,0x30
 4d2:	06a1                	addi	a3,a3,8
 4d4:	567d                	li	a2,-1
 4d6:	c290                	sw	a2,0(a3)
 4d8:	fec42683          	lw	a3,-20(s0)
 4dc:	0006d713          	srli	a4,a3,0x0
 4e0:	4781                	li	a5,0
 4e2:	000306b7          	lui	a3,0x30
 4e6:	06b1                	addi	a3,a3,12
 4e8:	87ba                	mv	a5,a4
 4ea:	c29c                	sw	a5,0(a3)
 4ec:	000307b7          	lui	a5,0x30
 4f0:	07a1                	addi	a5,a5,8
 4f2:	fe842703          	lw	a4,-24(s0)
 4f6:	c398                	sw	a4,0(a5)
 4f8:	0001                	nop
 4fa:	4472                	lw	s0,28(sp)
 4fc:	6105                	addi	sp,sp,32
 4fe:	8082                	ret

00000500 <get_elapsed_time>:
 500:	1141                	addi	sp,sp,-16
 502:	c622                	sw	s0,12(sp)
 504:	0800                	addi	s0,sp,16
 506:	00002703          	lw	a4,0(zero) # 0 <time_elapsed>
 50a:	00402783          	lw	a5,4(zero) # 4 <time_elapsed+0x4>
 50e:	853a                	mv	a0,a4
 510:	85be                	mv	a1,a5
 512:	4432                	lw	s0,12(sp)
 514:	0141                	addi	sp,sp,16
 516:	8082                	ret

00000518 <simple_timer_handler>:
 518:	715d                	addi	sp,sp,-80
 51a:	c686                	sw	ra,76(sp)
 51c:	c496                	sw	t0,72(sp)
 51e:	c29a                	sw	t1,68(sp)
 520:	c09e                	sw	t2,64(sp)
 522:	de22                	sw	s0,60(sp)
 524:	dc2a                	sw	a0,56(sp)
 526:	da2e                	sw	a1,52(sp)
 528:	d832                	sw	a2,48(sp)
 52a:	d636                	sw	a3,44(sp)
 52c:	d43a                	sw	a4,40(sp)
 52e:	d23e                	sw	a5,36(sp)
 530:	d042                	sw	a6,32(sp)
 532:	ce46                	sw	a7,28(sp)
 534:	cc72                	sw	t3,24(sp)
 536:	ca76                	sw	t4,20(sp)
 538:	c87a                	sw	t5,16(sp)
 53a:	c67e                	sw	t6,12(sp)
 53c:	0880                	addi	s0,sp,80
 53e:	00802703          	lw	a4,8(zero) # 8 <time_increment>
 542:	00c02783          	lw	a5,12(zero) # c <time_increment+0x4>
 546:	853a                	mv	a0,a4
 548:	85be                	mv	a1,a5
 54a:	3d81                	jal	39a <increment_timecmp>
 54c:	00002703          	lw	a4,0(zero) # 0 <time_elapsed>
 550:	00402783          	lw	a5,4(zero) # 4 <time_elapsed+0x4>
 554:	4505                	li	a0,1
 556:	4581                	li	a1,0
 558:	00a70633          	add	a2,a4,a0
 55c:	8832                	mv	a6,a2
 55e:	00e83833          	sltu	a6,a6,a4
 562:	00b786b3          	add	a3,a5,a1
 566:	00d807b3          	add	a5,a6,a3
 56a:	86be                	mv	a3,a5
 56c:	8732                	mv	a4,a2
 56e:	87b6                	mv	a5,a3
 570:	00e02023          	sw	a4,0(zero) # 0 <time_elapsed>
 574:	00f02223          	sw	a5,4(zero) # 4 <time_elapsed+0x4>
 578:	0001                	nop
 57a:	40b6                	lw	ra,76(sp)
 57c:	42a6                	lw	t0,72(sp)
 57e:	4316                	lw	t1,68(sp)
 580:	4386                	lw	t2,64(sp)
 582:	5472                	lw	s0,60(sp)
 584:	5562                	lw	a0,56(sp)
 586:	55d2                	lw	a1,52(sp)
 588:	5642                	lw	a2,48(sp)
 58a:	56b2                	lw	a3,44(sp)
 58c:	5722                	lw	a4,40(sp)
 58e:	5792                	lw	a5,36(sp)
 590:	5802                	lw	a6,32(sp)
 592:	48f2                	lw	a7,28(sp)
 594:	4e62                	lw	t3,24(sp)
 596:	4ed2                	lw	t4,20(sp)
 598:	4f42                	lw	t5,16(sp)
 59a:	4fb2                	lw	t6,12(sp)
 59c:	6161                	addi	sp,sp,80
 59e:	30200073          	mret

000005a2 <flush_cpu_icache>:
 5a2:	1141                	addi	sp,sp,-16
 5a4:	c622                	sw	s0,12(sp)
 5a6:	0800                	addi	s0,sp,16
 5a8:	0001                	nop
 5aa:	4432                	lw	s0,12(sp)
 5ac:	0141                	addi	sp,sp,16
 5ae:	8082                	ret

000005b0 <flush_cpu_dcache>:
 5b0:	1141                	addi	sp,sp,-16
 5b2:	c622                	sw	s0,12(sp)
 5b4:	0800                	addi	s0,sp,16
 5b6:	0001                	nop
 5b8:	4432                	lw	s0,12(sp)
 5ba:	0141                	addi	sp,sp,16
 5bc:	8082                	ret

000005be <main>:
 5be:	1101                	addi	sp,sp,-32
 5c0:	ce22                	sw	s0,28(sp)
 5c2:	1000                	addi	s0,sp,32
 5c4:	820037b7          	lui	a5,0x82003
 5c8:	80078793          	addi	a5,a5,-2048 # 82002800 <_stack_start+0x82002801>
 5cc:	4705                	li	a4,1
 5ce:	c398                	sw	a4,0(a5)
 5d0:	820037b7          	lui	a5,0x82003
 5d4:	80478793          	addi	a5,a5,-2044 # 82002804 <_stack_start+0x82002805>
 5d8:	4705                	li	a4,1
 5da:	c398                	sw	a4,0(a5)
 5dc:	820037b7          	lui	a5,0x82003
 5e0:	80878793          	addi	a5,a5,-2040 # 82002808 <_stack_start+0x82002809>
 5e4:	4705                	li	a4,1
 5e6:	c398                	sw	a4,0(a5)
 5e8:	820037b7          	lui	a5,0x82003
 5ec:	80c78793          	addi	a5,a5,-2036 # 8200280c <_stack_start+0x8200280d>
 5f0:	4705                	li	a4,1
 5f2:	c398                	sw	a4,0(a5)
 5f4:	820037b7          	lui	a5,0x82003
 5f8:	81478793          	addi	a5,a5,-2028 # 82002814 <_stack_start+0x82002815>
 5fc:	4705                	li	a4,1
 5fe:	c398                	sw	a4,0(a5)
 600:	820037b7          	lui	a5,0x82003
 604:	81478793          	addi	a5,a5,-2028 # 82002814 <_stack_start+0x82002815>
 608:	0007a023          	sw	zero,0(a5)
 60c:	820037b7          	lui	a5,0x82003
 610:	81478793          	addi	a5,a5,-2028 # 82002814 <_stack_start+0x82002815>
 614:	0007a023          	sw	zero,0(a5)
 618:	820037b7          	lui	a5,0x82003
 61c:	80878793          	addi	a5,a5,-2040 # 82002808 <_stack_start+0x82002809>
 620:	4705                	li	a4,1
 622:	c398                	sw	a4,0(a5)
 624:	820037b7          	lui	a5,0x82003
 628:	80c78793          	addi	a5,a5,-2036 # 8200280c <_stack_start+0x8200280d>
 62c:	0007a023          	sw	zero,0(a5)
 630:	fe042623          	sw	zero,-20(s0)
 634:	a015                	j	658 <main+0x9a>
 636:	820037b7          	lui	a5,0x82003
 63a:	81478793          	addi	a5,a5,-2028 # 82002814 <_stack_start+0x82002815>
 63e:	4705                	li	a4,1
 640:	c398                	sw	a4,0(a5)
 642:	820037b7          	lui	a5,0x82003
 646:	81478793          	addi	a5,a5,-2028 # 82002814 <_stack_start+0x82002815>
 64a:	0007a023          	sw	zero,0(a5)
 64e:	fec42783          	lw	a5,-20(s0)
 652:	0785                	addi	a5,a5,1
 654:	fef42623          	sw	a5,-20(s0)
 658:	fec42703          	lw	a4,-20(s0)
 65c:	47a5                	li	a5,9
 65e:	fce7dce3          	bge	a5,a4,636 <main+0x78>
 662:	0001                	nop
 664:	0001                	nop
 666:	4472                	lw	s0,28(sp)
 668:	6105                	addi	sp,sp,32
 66a:	8082                	ret

Disassembly of section .rodata:

0000066c <.rodata>:
 66c:	5845                	li	a6,-15
 66e:	54504543          	0x54504543
 672:	4f49                	li	t5,18
 674:	214e                	fld	ft2,208(sp)
 676:	2121                	jal	a7e <main+0x4c0>
 678:	000a                	c.slli	zero,0x2
 67a:	0000                	unimp
 67c:	3d3d                	jal	4ba <timer_read+0x62>
 67e:	3d3d                	jal	4bc <timer_read+0x64>
 680:	3d3d                	jal	4be <timer_read+0x66>
 682:	3d3d                	jal	4c0 <timecmp_update>
 684:	3d3d                	jal	4c2 <timecmp_update+0x2>
 686:	3d3d                	jal	4c4 <timecmp_update+0x4>
 688:	000a                	c.slli	zero,0x2
 68a:	0000                	unimp
 68c:	454d                	li	a0,19
 68e:	4350                	lw	a2,4(a4)
 690:	203a                	fld	ft0,392(sp)
 692:	2020                	fld	fs0,64(s0)
 694:	7830                	flw	fa2,112(s0)
 696:	0000                	unimp
 698:	4d0a                	lw	s10,128(sp)
 69a:	53554143          	fmadd.d	ft2,fa0,fs5,fa0,rmm
 69e:	3a45                	jal	4e <_bss_end+0x3e>
 6a0:	3020                	fld	fs0,96(s0)
 6a2:	0078                	addi	a4,sp,12
 6a4:	4d0a                	lw	s10,128(sp)
 6a6:	5654                	lw	a3,44(a2)
 6a8:	4c41                	li	s8,16
 6aa:	203a                	fld	ft0,392(sp)
 6ac:	3020                	fld	fs0,96(s0)
 6ae:	0078                	addi	a4,sp,12

Disassembly of section .bss:

00000000 <time_elapsed>:
	...

00000008 <time_increment>:
	...

Disassembly of section .riscv.attributes:

00000000 <.riscv.attributes>:
   0:	2541                	jal	680 <main+0xc2>
   2:	0000                	unimp
   4:	7200                	flw	fs0,32(a2)
   6:	7369                	lui	t1,0xffffa
   8:	01007663          	bgeu	zero,a6,14 <_bss_end+0x4>
   c:	0000001b          	0x1b
  10:	1004                	addi	s1,sp,32
  12:	7205                	lui	tp,0xfffe1
  14:	3376                	fld	ft6,376(sp)
  16:	6932                	flw	fs2,12(sp)
  18:	7032                	flw	ft0,44(sp)
  1a:	5f30                	lw	a2,120(a4)
  1c:	326d                	jal	fffff9c6 <_stack_start+0xfffff9c7>
  1e:	3070                	fld	fa2,224(s0)
  20:	635f 7032 0030      	0x307032635f

Disassembly of section .comment:

00000000 <.comment>:
   0:	3a434347          	fmsub.d	ft6,ft6,ft4,ft7,rmm
   4:	2820                	fld	fs0,80(s0)
   6:	29554e47          	fmsub.s	ft8,fa0,fs5,ft5,rmm
   a:	3920                	fld	fs0,112(a0)
   c:	322e                	fld	ft4,232(sp)
   e:	302e                	fld	ft0,232(sp)
	...
