Tue Nov 23 18:34:59 UTC 2021 - Executing "openroad -python /openlane/scripts/extract_metal_layers.py -t /ciic/pdks/sky130A/libs.ref/sky130_fd_sc_hd/techlef/sky130_fd_sc_hd.tlef -o /project/openlane/mgmt_core/runs/RUN_2021.11.23_18.34.59/tmp/met_layers_list.txt"

Tue Nov 23 18:35:00 UTC 2021 - Executing "/openlane/scripts/mergeLef.py -i /ciic/pdks/sky130A/libs.ref/sky130_fd_sc_hd/techlef/sky130_fd_sc_hd.tlef /ciic/pdks/sky130A/libs.ref/sky130_fd_sc_hd/lef/sky130_fd_sc_hd.lef -o /project/openlane/mgmt_core/runs/RUN_2021.11.23_18.34.59/tmp/merged_unpadded.lef |& tee >&@stdout"

Tue Nov 23 18:35:00 UTC 2021 - Executing "/openlane/scripts/mergeLef.py -i /project/openlane/mgmt_core/runs/RUN_2021.11.23_18.34.59/tmp/merged_unpadded.lef /ciic/pdks/sky130A/libs.ref/sky130_sram_macros/lef/sky130_sram_2kbyte_1rw1r_32x512_8.lef -o /project/openlane/mgmt_core/runs/RUN_2021.11.23_18.34.59/tmp/merged_unpadded.lef |& tee >&@stdout"

Tue Nov 23 18:35:00 UTC 2021 - Executing "/openlane/scripts/libtrim.pl /ciic/pdks/sky130A/libs.ref/sky130_fd_sc_hd/lib/sky130_fd_sc_hd__tt_025C_1v80.lib /project/openlane/mgmt_core/runs/RUN_2021.11.23_18.34.59/tmp/trimmed.lib.exclude.list > /project/openlane/mgmt_core/runs/RUN_2021.11.23_18.34.59/tmp/trimmed.lib"

Tue Nov 23 18:35:00 UTC 2021 - Executing "openroad -python /openlane/scripts/new_tracks.py -i /ciic/pdks/sky130A/libs.tech/openlane/sky130_fd_sc_hd/tracks.info -o /project/openlane/mgmt_core/runs/RUN_2021.11.23_18.34.59/tmp/config.tracks"

Tue Nov 23 18:35:01 UTC 2021 - Executing "echo {openlane N/A} > /project/openlane/mgmt_core/runs/RUN_2021.11.23_18.34.59/OPENLANE_VERSION"

Tue Nov 23 18:35:01 UTC 2021 - Executing "sed -E {s/^([[:space:]]+)pg_pin(.*)/\1pin\2\n\1    direction : "inout";/g} /ciic/pdks/sky130A/libs.ref/sky130_fd_sc_hd/lib/sky130_fd_sc_hd__tt_025C_1v80.lib > /project/openlane/mgmt_core/runs/RUN_2021.11.23_18.34.59/tmp/sky130_fd_sc_hd__tt_025C_1v80.no_pg.lib"

Tue Nov 23 18:35:01 UTC 2021 - Executing "yosys -c /openlane/scripts/synth.tcl -l /project/openlane/mgmt_core/runs/RUN_2021.11.23_18.34.59/logs/synthesis/1-yosys.log |& tee >&@stdout"

Tue Nov 23 18:36:22 UTC 2021 - Executing "sed -i -e {s/\(set ::env(CURRENT_NETLIST)\).*/\1 \/project\/openlane\/mgmt_core\/runs\/RUN_2021.11.23_18.34.59\/results\/synthesis\/mgmt_core.synthesis.v/} /project/openlane/mgmt_core/runs/RUN_2021.11.23_18.34.59/config.tcl"

Tue Nov 23 18:36:22 UTC 2021 - Executing "sed -i -e {s/\(set ::env(PREV_NETLIST)\).*/\1 0/} /project/openlane/mgmt_core/runs/RUN_2021.11.23_18.34.59/config.tcl"

Tue Nov 23 18:36:22 UTC 2021 - Executing "sed -i /defparam/d /project/openlane/mgmt_core/runs/RUN_2021.11.23_18.34.59/results/synthesis/mgmt_core.synthesis.v"

Tue Nov 23 18:36:22 UTC 2021 - Executing "openroad -exit /openlane/scripts/openroad/sta.tcl |& tee >&@stdout /project/openlane/mgmt_core/runs/RUN_2021.11.23_18.34.59/logs/synthesis/1-opensta"

Tue Nov 23 18:36:25 UTC 2021 - Executing "openroad -exit /openlane/scripts/openroad/floorplan.tcl |& tee >&@stdout /project/openlane/mgmt_core/runs/RUN_2021.11.23_18.34.59/logs/floorplan/3-init_floorplan.openroad.log"

Tue Nov 23 18:36:27 UTC 2021 - Executing "openroad -python /openlane/scripts/io_place.py --input-lef /project/openlane/mgmt_core/runs/RUN_2021.11.23_18.34.59/tmp/merged.lef --input-def /project/openlane/mgmt_core/runs/RUN_2021.11.23_18.34.59/tmp/floorplan/3-init_floorplan_openroad.def --config /project/openlane/mgmt_core/pin_order.cfg --hor-layer 4 --ver-layer 3 --ver-width-mult 2 --hor-width-mult 2 --hor-extension -1 --ver-extension -1 --length 4 -o /project/openlane/mgmt_core/runs/RUN_2021.11.23_18.34.59/tmp/floorplan/4-ioPlacer.def |& tee /project/openlane/mgmt_core/runs/RUN_2021.11.23_18.34.59/logs/floorplan/4-place_io_ol.log >&@stdout"

Tue Nov 23 18:36:29 UTC 2021 - Executing "openroad -python /openlane/scripts/manual_macro_place.py -l /project/openlane/mgmt_core/runs/RUN_2021.11.23_18.34.59/tmp/merged.lef -id /project/openlane/mgmt_core/runs/RUN_2021.11.23_18.34.59/tmp/floorplan/4-ioPlacer.def -o /project/openlane/mgmt_core/runs/RUN_2021.11.23_18.34.59/tmp/floorplan/4-ioPlacer.macro_placement.def -c /project/openlane/mgmt_core/runs/RUN_2021.11.23_18.34.59/tmp/macro_placement.cfg -f |& tee >&@stdout /project/openlane/mgmt_core/runs/RUN_2021.11.23_18.34.59/logs/5-macro_placement.log"

Tue Nov 23 18:36:30 UTC 2021 - Executing "openroad -exit /openlane/scripts/openroad/tapcell.tcl |& tee >&@stdout /project/openlane/mgmt_core/runs/RUN_2021.11.23_18.34.59/logs/floorplan/6-tapcell.log"

Tue Nov 23 18:36:31 UTC 2021 - Executing "openroad -exit /openlane/scripts/openroad/pdn.tcl |& tee >&@stdout /project/openlane/mgmt_core/runs/RUN_2021.11.23_18.34.59/logs/floorplan/8-pdn.log"

Tue Nov 23 18:36:37 UTC 2021 - Executing "openroad -exit /openlane/scripts/openroad/replace.tcl |& tee >&@stdout /project/openlane/mgmt_core/runs/RUN_2021.11.23_18.34.59/logs/placement/9-replace.log"

Tue Nov 23 18:36:51 UTC 2021 - Executing "openroad -exit /openlane/scripts/openroad/resizer.tcl |& tee >&@stdout /project/openlane/mgmt_core/runs/RUN_2021.11.23_18.34.59/logs/placement/9-resizer_design_optimization.log"

Tue Nov 23 18:37:12 UTC 2021 - Executing "openroad -exit /openlane/scripts/openroad/write_verilog.tcl |& tee >&@stdout /project/openlane/mgmt_core/runs/RUN_2021.11.23_18.34.59/logs/10-write_verilog.log"

Tue Nov 23 18:37:13 UTC 2021 - Executing "sed -i -e {s/\(set ::env(CURRENT_NETLIST)\).*/\1 \/project\/openlane\/mgmt_core\/runs\/RUN_2021.11.23_18.34.59\/results\/resizer\/mgmt_core_optimized.v/} /project/openlane/mgmt_core/runs/RUN_2021.11.23_18.34.59/config.tcl"

Tue Nov 23 18:37:13 UTC 2021 - Executing "sed -i -e {s/\(set ::env(PREV_NETLIST)\).*/\1 \/project\/openlane\/mgmt_core\/runs\/RUN_2021.11.23_18.34.59\/results\/synthesis\/mgmt_core.synthesis.v/} /project/openlane/mgmt_core/runs/RUN_2021.11.23_18.34.59/config.tcl"

Tue Nov 23 18:37:13 UTC 2021 - Executing "openroad -exit /openlane/scripts/openroad/opendp.tcl |& tee >&@stdout /project/openlane/mgmt_core/runs/RUN_2021.11.23_18.34.59/logs/placement/11-opendp.log"

Tue Nov 23 18:37:18 UTC 2021 - Executing "/openlane/scripts/libtrim.pl /ciic/pdks/sky130A/libs.ref/sky130_fd_sc_hd/lib/sky130_fd_sc_hd__tt_025C_1v80.lib /project/openlane/mgmt_core/runs/RUN_2021.11.23_18.34.59/tmp/cts.lib.exclude.list > /project/openlane/mgmt_core/runs/RUN_2021.11.23_18.34.59/tmp/cts.lib"

Tue Nov 23 18:37:19 UTC 2021 - Executing "openroad -exit /openlane/scripts/openroad/cts.tcl |& tee >&@stdout /project/openlane/mgmt_core/runs/RUN_2021.11.23_18.34.59/logs/cts/12-cts.log"

Tue Nov 23 18:38:19 UTC 2021 - Executing "openroad -exit /openlane/scripts/openroad/write_verilog.tcl |& tee >&@stdout /project/openlane/mgmt_core/runs/RUN_2021.11.23_18.34.59/logs/13-write_verilog.log"

Tue Nov 23 18:38:21 UTC 2021 - Executing "sed -i -e {s/\(set ::env(CURRENT_NETLIST)\).*/\1 \/project\/openlane\/mgmt_core\/runs\/RUN_2021.11.23_18.34.59\/results\/cts\/mgmt_core.cts_resynth.v/} /project/openlane/mgmt_core/runs/RUN_2021.11.23_18.34.59/config.tcl"

Tue Nov 23 18:38:21 UTC 2021 - Executing "sed -i -e {s/\(set ::env(PREV_NETLIST)\).*/\1 \/project\/openlane\/mgmt_core\/runs\/RUN_2021.11.23_18.34.59\/results\/resizer\/mgmt_core_optimized.v/} /project/openlane/mgmt_core/runs/RUN_2021.11.23_18.34.59/config.tcl"

Tue Nov 23 18:38:21 UTC 2021 - Executing "openroad -exit /openlane/scripts/openroad/resizer_timing.tcl |& tee >&@stdout /project/openlane/mgmt_core/runs/RUN_2021.11.23_18.34.59/logs/placement/13-resizer_timing_optimization.log"

Tue Nov 23 18:38:37 UTC 2021 - Executing "openroad -exit /openlane/scripts/openroad/write_verilog.tcl |& tee >&@stdout /project/openlane/mgmt_core/runs/RUN_2021.11.23_18.34.59/logs/14-write_verilog.log"

Tue Nov 23 18:38:38 UTC 2021 - Executing "sed -i -e {s/\(set ::env(CURRENT_NETLIST)\).*/\1 \/project\/openlane\/mgmt_core\/runs\/RUN_2021.11.23_18.34.59\/results\/resizer\/mgmt_core_optimized.v/} /project/openlane/mgmt_core/runs/RUN_2021.11.23_18.34.59/config.tcl"

Tue Nov 23 18:38:38 UTC 2021 - Executing "sed -i -e {s/\(set ::env(PREV_NETLIST)\).*/\1 \/project\/openlane\/mgmt_core\/runs\/RUN_2021.11.23_18.34.59\/results\/cts\/mgmt_core.cts_resynth.v/} /project/openlane/mgmt_core/runs/RUN_2021.11.23_18.34.59/config.tcl"

Tue Nov 23 18:38:38 UTC 2021 - Executing "openroad -exit /openlane/scripts/openroad/resizer_routing_timing.tcl |& tee >&@stdout /project/openlane/mgmt_core/runs/RUN_2021.11.23_18.34.59/logs/routing/14-resizer_timing_optimization.log"

Tue Nov 23 18:38:58 UTC 2021 - Executing "openroad -exit /openlane/scripts/openroad/write_verilog.tcl |& tee >&@stdout /project/openlane/mgmt_core/runs/RUN_2021.11.23_18.34.59/logs/15-write_verilog.log"

Tue Nov 23 18:39:00 UTC 2021 - Executing "sed -i -e {s/\(set ::env(CURRENT_NETLIST)\).*/\1 \/project\/openlane\/mgmt_core\/runs\/RUN_2021.11.23_18.34.59\/results\/resizer\/mgmt_core_optimized.v/} /project/openlane/mgmt_core/runs/RUN_2021.11.23_18.34.59/config.tcl"

Tue Nov 23 18:39:00 UTC 2021 - Executing "sed -i -e {s/\(set ::env(PREV_NETLIST)\).*/\1 \/project\/openlane\/mgmt_core\/runs\/RUN_2021.11.23_18.34.59\/results\/resizer\/mgmt_core_optimized.v/} /project/openlane/mgmt_core/runs/RUN_2021.11.23_18.34.59/config.tcl"

Tue Nov 23 18:39:00 UTC 2021 - Executing "openroad -python /openlane/scripts/place_diodes.py -l /project/openlane/mgmt_core/runs/RUN_2021.11.23_18.34.59/tmp/merged.lef -id /project/openlane/mgmt_core/runs/RUN_2021.11.23_18.34.59/tmp/placement/14-resizer_timing.def -o /project/openlane/mgmt_core/runs/RUN_2021.11.23_18.34.59/tmp/placement/16-diodes.def --diode-cell sky130_fd_sc_hd__diode_2 --diode-pin DIODE --fake-diode-cell sky130_fd_sc_hd__diode_2 |& tee >&@stdout /project/openlane/mgmt_core/runs/RUN_2021.11.23_18.34.59/logs/placement/16-diodes.log"

Tue Nov 23 18:39:05 UTC 2021 - Executing "openroad -exit /openlane/scripts/openroad/opendp.tcl |& tee >&@stdout /project/openlane/mgmt_core/runs/RUN_2021.11.23_18.34.59/logs/placement/17-opendp.log"

Tue Nov 23 18:39:07 UTC 2021 - Executing "openroad -exit /openlane/scripts/openroad/write_verilog.tcl |& tee >&@stdout /project/openlane/mgmt_core/runs/RUN_2021.11.23_18.34.59/logs/18-write_verilog.log"

Tue Nov 23 18:39:09 UTC 2021 - Executing "sed -i -e {s/\(set ::env(CURRENT_NETLIST)\).*/\1 \/project\/openlane\/mgmt_core\/runs\/RUN_2021.11.23_18.34.59\/results\/synthesis\/mgmt_core.synthesis_diodes.v/} /project/openlane/mgmt_core/runs/RUN_2021.11.23_18.34.59/config.tcl"

Tue Nov 23 18:39:09 UTC 2021 - Executing "sed -i -e {s/\(set ::env(PREV_NETLIST)\).*/\1 \/project\/openlane\/mgmt_core\/runs\/RUN_2021.11.23_18.34.59\/results\/resizer\/mgmt_core_optimized.v/} /project/openlane/mgmt_core/runs/RUN_2021.11.23_18.34.59/config.tcl"

Tue Nov 23 18:39:09 UTC 2021 - Executing "openroad -python /openlane/scripts/add_def_obstructions.py --input-def /project/openlane/mgmt_core/runs/RUN_2021.11.23_18.34.59/results/placement/mgmt_core.placement.def --lef /project/openlane/mgmt_core/runs/RUN_2021.11.23_18.34.59/tmp/merged.lef --obstructions { li1 0 0 10.16500 740.00, li1 0 0 2000 10.74000, li1 0 728.20000 2000.06000 740, li1 1988.99000 0 2000 740, li1 89.61500 100.78500 793.48000 538.37000} --output /project/openlane/mgmt_core/runs/RUN_2021.11.23_18.34.59/results/placement/mgmt_core.placement.obs.def |& tee >&@stdout /project/openlane/mgmt_core/runs/RUN_2021.11.23_18.34.59/logs/obs.log"

Tue Nov 23 18:39:10 UTC 2021 - Executing "openroad -exit /openlane/scripts/openroad/fill.tcl |& tee >&@stdout /project/openlane/mgmt_core/runs/RUN_2021.11.23_18.34.59/logs/routing/19-addspacers.log"

Tue Nov 23 18:39:13 UTC 2021 - Executing "openroad -exit /openlane/scripts/openroad/groute.tcl |& tee >&@stdout /project/openlane/mgmt_core/runs/RUN_2021.11.23_18.34.59/logs/routing/20-fastroute.log"

Tue Nov 23 18:39:27 UTC 2021 - Executing "openroad -exit /openlane/scripts/openroad/write_verilog.tcl |& tee >&@stdout /project/openlane/mgmt_core/runs/RUN_2021.11.23_18.34.59/logs/21-write_verilog.log"

Tue Nov 23 18:39:29 UTC 2021 - Executing "sed -i -e {s/\(set ::env(CURRENT_NETLIST)\).*/\1 \/project\/openlane\/mgmt_core\/runs\/RUN_2021.11.23_18.34.59\/tmp\/routing\/fastroute_gr.v/} /project/openlane/mgmt_core/runs/RUN_2021.11.23_18.34.59/config.tcl"

Tue Nov 23 18:39:29 UTC 2021 - Executing "sed -i -e {s/\(set ::env(PREV_NETLIST)\).*/\1 \/project\/openlane\/mgmt_core\/runs\/RUN_2021.11.23_18.34.59\/results\/synthesis\/mgmt_core.synthesis_diodes.v/} /project/openlane/mgmt_core/runs/RUN_2021.11.23_18.34.59/config.tcl"

Tue Nov 23 18:39:29 UTC 2021 - Executing "openroad -exit /openlane/scripts/openroad/droute.tcl |& tee >&@stdout /project/openlane/mgmt_core/runs/RUN_2021.11.23_18.34.59/logs/routing/22-tritonRoute.log"

Tue Nov 23 18:58:18 UTC 2021 - Executing "openroad -python /openlane/scripts/tr2klayout.py -i /project/openlane/mgmt_core/runs/RUN_2021.11.23_18.34.59/reports/routing/22-tritonRoute.drc -o /project/openlane/mgmt_core/runs/RUN_2021.11.23_18.34.59/reports/routing/22-tritonRoute.klayout.xml --design-name mgmt_core"

Tue Nov 23 18:58:19 UTC 2021 - Executing "openroad -exit /openlane/scripts/openroad/rcx.tcl |& tee >&@stdout /project/openlane/mgmt_core/runs/RUN_2021.11.23_18.34.59/logs/routing/23-spef_extraction.log"

Tue Nov 23 18:58:35 UTC 2021 - Executing "openroad -exit /openlane/scripts/openroad/sta.tcl |& tee >&@stdout /project/openlane/mgmt_core/runs/RUN_2021.11.23_18.34.59/logs/routing/23-spef_extraction_sta"

Tue Nov 23 18:58:52 UTC 2021 - Executing "openroad -exit /openlane/scripts/openroad/rcx.tcl |& tee >&@stdout /project/openlane/mgmt_core/runs/RUN_2021.11.23_18.34.59/logs/routing/25-spef_extraction.log"

Tue Nov 23 18:59:08 UTC 2021 - Executing "openroad -exit /openlane/scripts/openroad/rcx.tcl |& tee >&@stdout /project/openlane/mgmt_core/runs/RUN_2021.11.23_18.34.59/logs/routing/26-spef_extraction.log"

Tue Nov 23 18:59:25 UTC 2021 - Executing "openroad -exit /openlane/scripts/openroad/sta_multi_corner.tcl |& tee >&@stdout /project/openlane/mgmt_core/runs/RUN_2021.11.23_18.34.59/logs/routing/26-spef_extraction_multi_corner_sta"

Tue Nov 23 19:00:02 UTC 2021 - Executing "openroad -python /openlane/scripts/write_powered_def.py -d /project/openlane/mgmt_core/runs/RUN_2021.11.23_18.34.59/results/routing/21-mgmt_core.def -l /project/openlane/mgmt_core/runs/RUN_2021.11.23_18.34.59/tmp/merged.lef --power-port VPWR --ground-port VGND --powered-netlist {} -o /project/openlane/mgmt_core/runs/RUN_2021.11.23_18.34.59/tmp/routing/28-mgmt_core.powered.def |& tee >&@stdout /project/openlane/mgmt_core/runs/RUN_2021.11.23_18.34.59/logs/lvs/28-write_powered_verilog.log"

Tue Nov 23 19:00:10 UTC 2021 - Executing "openroad -exit /openlane/scripts/openroad/write_verilog.tcl |& tee >&@stdout /project/openlane/mgmt_core/runs/RUN_2021.11.23_18.34.59/logs/29-write_verilog.log"

Tue Nov 23 19:00:13 UTC 2021 - Executing "sed -i -e {s/\(set ::env(CURRENT_NETLIST)\).*/\1 \/project\/openlane\/mgmt_core\/runs\/RUN_2021.11.23_18.34.59\/results\/lvs\/mgmt_core.lvs.powered.v/} /project/openlane/mgmt_core/runs/RUN_2021.11.23_18.34.59/config.tcl"

Tue Nov 23 19:00:13 UTC 2021 - Executing "sed -i -e {s/\(set ::env(PREV_NETLIST)\).*/\1 \/project\/openlane\/mgmt_core\/runs\/RUN_2021.11.23_18.34.59\/tmp\/routing\/fastroute_gr.v/} /project/openlane/mgmt_core/runs/RUN_2021.11.23_18.34.59/config.tcl"

Tue Nov 23 19:00:13 UTC 2021 - Executing "magic -noconsole -dnull -rcfile /ciic/pdks/sky130A/libs.tech/magic/sky130A.magicrc /openlane/scripts/magic/mag_gds.tcl </dev/null |& tee >&@stdout /project/openlane/mgmt_core/runs/RUN_2021.11.23_18.34.59/logs/magic/30-magic.log"

Tue Nov 23 19:01:24 UTC 2021 - Executing "magic -noconsole -dnull -rcfile /ciic/pdks/sky130A/libs.tech/magic/sky130A.magicrc /openlane/scripts/magic/gds_pointers.tcl </dev/null |& tee >&@stdout /project/openlane/mgmt_core/runs/RUN_2021.11.23_18.34.59/logs/magic/31-magic.mag.gds_ptrs.log"

Tue Nov 23 19:02:27 UTC 2021 - Executing "sed -i -n {/^<< properties >>/,/^<< end >>/p} /project/openlane/mgmt_core/runs/RUN_2021.11.23_18.34.59/tmp/magic/magic_gds_ptrs.mag"

Tue Nov 23 19:02:28 UTC 2021 - Executing "magic -noconsole -dnull -rcfile /ciic/pdks/sky130A/libs.tech/magic/sky130A.magicrc /openlane/scripts/magic/lef.tcl </dev/null |& tee >&@stdout /project/openlane/mgmt_core/runs/RUN_2021.11.23_18.34.59/logs/magic/32-magic.lef.log"

Tue Nov 23 19:03:17 UTC 2021 - Executing "magic -noconsole -dnull -rcfile /ciic/pdks/sky130A/libs.tech/magic/sky130A.magicrc /openlane/scripts/magic/maglef.tcl </dev/null |& tee >&@stdout /project/openlane/mgmt_core/runs/RUN_2021.11.23_18.34.59/logs/magic/33-magic.maglef.log"

Tue Nov 23 19:03:18 UTC 2021 - Executing "bash /openlane/scripts/klayout/def2gds.sh /ciic/pdks/sky130A/libs.tech/klayout/sky130A.lyt /project/openlane/mgmt_core/runs/RUN_2021.11.23_18.34.59/results/routing/21-mgmt_core.def mgmt_core /project/openlane/mgmt_core/runs/RUN_2021.11.23_18.34.59/results/klayout/mgmt_core.gds {/ciic/pdks/sky130A/libs.ref/sky130_fd_sc_hd/gds/sky130_fd_sc_hd.gds  /ciic/pdks/sky130A/libs.ref/sky130_sram_macros/gds/sky130_sram_2kbyte_1rw1r_32x512_8.gds} |& tee >&@stdout /project/openlane/mgmt_core/runs/RUN_2021.11.23_18.34.59/logs/klayout/34-klayout.log"

Tue Nov 23 19:03:28 UTC 2021 - Executing "bash /openlane/scripts/klayout/xor.sh /project/openlane/mgmt_core/runs/RUN_2021.11.23_18.34.59/results/magic/mgmt_core.gds /project/openlane/mgmt_core/runs/RUN_2021.11.23_18.34.59/results/klayout/mgmt_core.gds mgmt_core /project/openlane/mgmt_core/runs/RUN_2021.11.23_18.34.59/results/klayout/mgmt_core.xor.gds |& tee >&@stdout /project/openlane/mgmt_core/runs/RUN_2021.11.23_18.34.59/logs/klayout/35-klayout.xor.log"

Tue Nov 23 19:06:23 UTC 2021 - Executing "openroad -python /openlane/scripts/parse_klayout_xor_log.py -l /project/openlane/mgmt_core/runs/RUN_2021.11.23_18.34.59/logs/klayout/35-klayout.xor.log -o /project/openlane/mgmt_core/runs/RUN_2021.11.23_18.34.59/reports/klayout/35-klayout.xor.rpt"

Tue Nov 23 19:06:24 UTC 2021 - Executing "bash /openlane/scripts/klayout/xor.sh /project/openlane/mgmt_core/runs/RUN_2021.11.23_18.34.59/results/magic/mgmt_core.gds /project/openlane/mgmt_core/runs/RUN_2021.11.23_18.34.59/results/klayout/mgmt_core.gds mgmt_core /project/openlane/mgmt_core/runs/RUN_2021.11.23_18.34.59/results/klayout/mgmt_core.xor.xml |& tee >&@stdout /project/openlane/mgmt_core/runs/RUN_2021.11.23_18.34.59/logs/klayout/36-klayout.xor.log"

Tue Nov 23 19:09:37 UTC 2021 - Executing "openroad -python /openlane/scripts/parse_klayout_xor_log.py -l /project/openlane/mgmt_core/runs/RUN_2021.11.23_18.34.59/logs/klayout/36-klayout.xor.log -o /project/openlane/mgmt_core/runs/RUN_2021.11.23_18.34.59/reports/klayout/36-klayout.xor.rpt"

Tue Nov 23 19:09:38 UTC 2021 - Executing "magic -noconsole -dnull -rcfile /ciic/pdks/sky130A/libs.tech/magic/sky130A.magicrc /project/openlane/mgmt_core/runs/RUN_2021.11.23_18.34.59/tmp/magic_spice.tcl </dev/null |& tee >&@stdout /project/openlane/mgmt_core/runs/RUN_2021.11.23_18.34.59/logs/magic/37-magic_spice.log"

Tue Nov 23 19:11:38 UTC 2021 - Executing "netgen -batch source /project/openlane/mgmt_core/runs/RUN_2021.11.23_18.34.59/tmp/lvs/setup_file.lef.lvs |& tee >&@stdout /project/openlane/mgmt_core/runs/RUN_2021.11.23_18.34.59/logs/lvs/38-lvs.lef.log"

Tue Nov 23 19:12:56 UTC 2021 - Executing "openroad -python /openlane/scripts/generate_reports.py -d /project/openlane/mgmt_core --design_name mgmt_core --tag RUN_2021.11.23_18.34.59 --output_file /project/openlane/mgmt_core/runs/RUN_2021.11.23_18.34.59/reports/final_summary_report.csv --man_report /project/openlane/mgmt_core/runs/RUN_2021.11.23_18.34.59/reports/manufacturability_report.rpt --runtime_summary /project/openlane/mgmt_core/runs/RUN_2021.11.23_18.34.59/reports/runtime_summary_report.rpt --run_path /project/openlane/mgmt_core/runs/RUN_2021.11.23_18.34.59"

