
===========================================================================
report_checks -unconstrained
============================================================================
Startpoint: _29820_ (rising edge-triggered flip-flop clocked by core_clk)
Endpoint: core.RAM256 (positive level-sensitive latch clocked by core_clk)
Path Group: core_clk
Path Type: max

Fanout     Cap    Slew   Delay    Time   Description
-----------------------------------------------------------------------------
                          0.00    0.00   clock core_clk (rise edge)
                          0.00    0.00   clock source latency
                  0.00    0.00    0.00 ^ core_clk (in)
     2    0.08                           core_clk (net)
                  0.05    0.03    0.03 ^ clkbuf_0_core_clk/A (sky130_fd_sc_hd__clkbuf_16)
                  0.04    0.14    0.16 ^ clkbuf_0_core_clk/X (sky130_fd_sc_hd__clkbuf_16)
     2    0.02                           clknet_0_core_clk (net)
                  0.04    0.00    0.16 ^ clkbuf_1_1_0_core_clk/A (sky130_fd_sc_hd__clkbuf_8)
                  0.04    0.12    0.28 ^ clkbuf_1_1_0_core_clk/X (sky130_fd_sc_hd__clkbuf_8)
     1    0.01                           clknet_1_1_0_core_clk (net)
                  0.04    0.00    0.29 ^ clkbuf_1_1_1_core_clk/A (sky130_fd_sc_hd__clkbuf_8)
                  0.04    0.12    0.41 ^ clkbuf_1_1_1_core_clk/X (sky130_fd_sc_hd__clkbuf_8)
     1    0.01                           clknet_1_1_1_core_clk (net)
                  0.04    0.00    0.41 ^ clkbuf_1_1_2_core_clk/A (sky130_fd_sc_hd__clkbuf_8)
                  0.04    0.12    0.53 ^ clkbuf_1_1_2_core_clk/X (sky130_fd_sc_hd__clkbuf_8)
     1    0.01                           clknet_1_1_2_core_clk (net)
                  0.04    0.00    0.53 ^ clkbuf_1_1_3_core_clk/A (sky130_fd_sc_hd__clkbuf_8)
                  0.04    0.12    0.65 ^ clkbuf_1_1_3_core_clk/X (sky130_fd_sc_hd__clkbuf_8)
     1    0.01                           clknet_1_1_3_core_clk (net)
                  0.04    0.00    0.65 ^ clkbuf_1_1_4_core_clk/A (sky130_fd_sc_hd__clkbuf_8)
                  0.04    0.12    0.77 ^ clkbuf_1_1_4_core_clk/X (sky130_fd_sc_hd__clkbuf_8)
     1    0.01                           clknet_1_1_4_core_clk (net)
                  0.04    0.00    0.77 ^ clkbuf_1_1_5_core_clk/A (sky130_fd_sc_hd__clkbuf_8)
                  0.03    0.11    0.88 ^ clkbuf_1_1_5_core_clk/X (sky130_fd_sc_hd__clkbuf_8)
     1    0.01                           clknet_1_1_5_core_clk (net)
                  0.03    0.00    0.88 ^ clkbuf_1_1_6_core_clk/A (sky130_fd_sc_hd__clkbuf_8)
                  0.06    0.14    1.02 ^ clkbuf_1_1_6_core_clk/X (sky130_fd_sc_hd__clkbuf_8)
     2    0.02                           clknet_1_1_6_core_clk (net)
                  0.06    0.00    1.02 ^ clkbuf_2_3_0_core_clk/A (sky130_fd_sc_hd__clkbuf_8)
                  0.04    0.13    1.15 ^ clkbuf_2_3_0_core_clk/X (sky130_fd_sc_hd__clkbuf_8)
     1    0.01                           clknet_2_3_0_core_clk (net)
                  0.04    0.00    1.15 ^ clkbuf_2_3_1_core_clk/A (sky130_fd_sc_hd__clkbuf_8)
                  0.06    0.14    1.30 ^ clkbuf_2_3_1_core_clk/X (sky130_fd_sc_hd__clkbuf_8)
     2    0.03                           clknet_2_3_1_core_clk (net)
                  0.06    0.00    1.30 ^ clkbuf_3_7_0_core_clk/A (sky130_fd_sc_hd__clkbuf_8)
                  0.04    0.13    1.43 ^ clkbuf_3_7_0_core_clk/X (sky130_fd_sc_hd__clkbuf_8)
     1    0.01                           clknet_3_7_0_core_clk (net)
                  0.04    0.00    1.43 ^ clkbuf_3_7_1_core_clk/A (sky130_fd_sc_hd__clkbuf_8)
                  0.04    0.12    1.55 ^ clkbuf_3_7_1_core_clk/X (sky130_fd_sc_hd__clkbuf_8)
     1    0.01                           clknet_3_7_1_core_clk (net)
                  0.04    0.00    1.55 ^ clkbuf_3_7_2_core_clk/A (sky130_fd_sc_hd__clkbuf_8)
                  0.07    0.15    1.70 ^ clkbuf_3_7_2_core_clk/X (sky130_fd_sc_hd__clkbuf_8)
     2    0.03                           clknet_3_7_2_core_clk (net)
                  0.07    0.00    1.70 ^ clkbuf_4_14_0_core_clk/A (sky130_fd_sc_hd__clkbuf_8)
                  0.05    0.15    1.86 ^ clkbuf_4_14_0_core_clk/X (sky130_fd_sc_hd__clkbuf_8)
     2    0.02                           clknet_4_14_0_core_clk (net)
                  0.05    0.00    1.86 ^ clkbuf_5_29_0_core_clk/A (sky130_fd_sc_hd__clkbuf_8)
                  0.03    0.12    1.98 ^ clkbuf_5_29_0_core_clk/X (sky130_fd_sc_hd__clkbuf_8)
     1    0.01                           clknet_5_29_0_core_clk (net)
                  0.03    0.00    1.98 ^ clkbuf_5_29_1_core_clk/A (sky130_fd_sc_hd__clkbuf_8)
                  0.05    0.13    2.11 ^ clkbuf_5_29_1_core_clk/X (sky130_fd_sc_hd__clkbuf_8)
     2    0.02                           clknet_5_29_1_core_clk (net)
                  0.05    0.00    2.11 ^ clkbuf_6_59_0_core_clk/A (sky130_fd_sc_hd__clkbuf_8)
                  0.14    0.21    2.33 ^ clkbuf_6_59_0_core_clk/X (sky130_fd_sc_hd__clkbuf_8)
     7    0.08                           clknet_6_59_0_core_clk (net)
                  0.14    0.00    2.33 ^ clkbuf_leaf_245_core_clk/A (sky130_fd_sc_hd__clkbuf_16)
                  0.05    0.17    2.50 ^ clkbuf_leaf_245_core_clk/X (sky130_fd_sc_hd__clkbuf_16)
     7    0.03                           clknet_leaf_245_core_clk (net)
                  0.05    0.00    2.50 ^ _29820_/CLK (sky130_fd_sc_hd__dfxtp_1)
                  0.04    0.32    2.82 ^ _29820_/Q (sky130_fd_sc_hd__dfxtp_1)
     1    0.00                           core.grant[1] (net)
                  0.04    0.00    2.82 ^ fanout21139/A (sky130_fd_sc_hd__clkbuf_1)
                  0.08    0.11    2.93 ^ fanout21139/X (sky130_fd_sc_hd__clkbuf_1)
     2    0.01                           net21139 (net)
                  0.08    0.00    2.93 ^ wire21144/A (sky130_fd_sc_hd__clkbuf_1)
                  0.15    0.17    3.10 ^ wire21144/X (sky130_fd_sc_hd__clkbuf_1)
     2    0.01                           net21144 (net)
                  0.15    0.00    3.10 ^ fanout21132/A (sky130_fd_sc_hd__clkbuf_2)
                  0.06    0.16    3.26 ^ fanout21132/X (sky130_fd_sc_hd__clkbuf_2)
     3    0.01                           net21132 (net)
                  0.06    0.00    3.26 ^ wire21135/A (sky130_fd_sc_hd__clkbuf_4)
                  0.10    0.19    3.45 ^ wire21135/X (sky130_fd_sc_hd__clkbuf_4)
     7    0.03                           net21135 (net)
                  0.10    0.00    3.45 ^ max_length21134/A (sky130_fd_sc_hd__buf_4)
                  0.07    0.16    3.61 ^ max_length21134/X (sky130_fd_sc_hd__buf_4)
     4    0.02                           net21134 (net)
                  0.07    0.00    3.61 ^ _13579_/A (sky130_fd_sc_hd__nor2_2)
                  0.04    0.05    3.66 v _13579_/Y (sky130_fd_sc_hd__nor2_2)
     2    0.01                           _13078_ (net)
                  0.04    0.00    3.66 v fanout17186/A (sky130_fd_sc_hd__clkbuf_2)
                  0.04    0.11    3.78 v fanout17186/X (sky130_fd_sc_hd__clkbuf_2)
     2    0.01                           net17186 (net)
                  0.04    0.00    3.78 v max_length17190/A (sky130_fd_sc_hd__clkbuf_4)
                  0.05    0.17    3.94 v max_length17190/X (sky130_fd_sc_hd__clkbuf_4)
     4    0.02                           net17190 (net)
                  0.05    0.00    3.94 v wire17189/A (sky130_fd_sc_hd__clkbuf_2)
                  0.07    0.15    4.09 v wire17189/X (sky130_fd_sc_hd__clkbuf_2)
     4    0.02                           net17189 (net)
                  0.07    0.00    4.09 v wire17188/A (sky130_fd_sc_hd__clkbuf_2)
                  0.07    0.16    4.25 v wire17188/X (sky130_fd_sc_hd__clkbuf_2)
     4    0.02                           net17188 (net)
                  0.07    0.00    4.25 v max_length17187/A (sky130_fd_sc_hd__clkbuf_2)
                  0.05    0.14    4.39 v max_length17187/X (sky130_fd_sc_hd__clkbuf_2)
     3    0.01                           net17187 (net)
                  0.05    0.00    4.39 v _13691_/B (sky130_fd_sc_hd__and2_1)
                  0.06    0.19    4.58 v _13691_/X (sky130_fd_sc_hd__and2_1)
     1    0.01                           _13133_ (net)
                  0.06    0.00    4.58 v _13692_/C1 (sky130_fd_sc_hd__a221oi_4)
                  0.34    0.32    4.90 ^ _13692_/Y (sky130_fd_sc_hd__a221oi_4)
     2    0.02                           _13134_ (net)
                  0.34    0.00    4.90 ^ _13693_/A (sky130_fd_sc_hd__inv_6)
                  0.06    0.05    4.95 v _13693_/Y (sky130_fd_sc_hd__inv_6)
     2    0.01                           net636 (net)
                  0.06    0.00    4.95 v wire10945/A (sky130_fd_sc_hd__clkbuf_1)
                  0.06    0.12    5.07 v wire10945/X (sky130_fd_sc_hd__clkbuf_1)
     1    0.01                           net10945 (net)
                  0.06    0.00    5.07 v wire10944/A (sky130_fd_sc_hd__clkbuf_1)
                  0.05    0.12    5.19 v wire10944/X (sky130_fd_sc_hd__clkbuf_1)
     1    0.01                           net10944 (net)
                  0.05    0.00    5.19 v wire10943/A (sky130_fd_sc_hd__clkbuf_1)
                  0.05    0.12    5.31 v wire10943/X (sky130_fd_sc_hd__clkbuf_1)
     1    0.01                           net10943 (net)
                  0.05    0.00    5.31 v wire10942/A (sky130_fd_sc_hd__clkbuf_1)
                  0.05    0.12    5.44 v wire10942/X (sky130_fd_sc_hd__clkbuf_1)
     1    0.01                           net10942 (net)
                  0.05    0.00    5.44 v wire10941/A (sky130_fd_sc_hd__clkbuf_2)
                  0.05    0.13    5.57 v wire10941/X (sky130_fd_sc_hd__clkbuf_2)
     1    0.01                           net10941 (net)
                  0.05    0.00    5.57 v wire10940/A (sky130_fd_sc_hd__buf_6)
                  0.03    0.12    5.70 v wire10940/X (sky130_fd_sc_hd__buf_6)
     1    0.01                           net10940 (net)
                  0.03    0.00    5.70 v wire10939/A (sky130_fd_sc_hd__buf_6)
                  0.03    0.11    5.81 v wire10939/X (sky130_fd_sc_hd__buf_6)
     1    0.01                           net10939 (net)
                  0.03    0.00    5.81 v wire10938/A (sky130_fd_sc_hd__buf_6)
                  0.03    0.11    5.92 v wire10938/X (sky130_fd_sc_hd__buf_6)
     1    0.01                           net10938 (net)
                  0.03    0.00    5.92 v wire10937/A (sky130_fd_sc_hd__buf_6)
                  0.02    0.11    6.03 v wire10937/X (sky130_fd_sc_hd__buf_6)
     1    0.01                           net10937 (net)
                  0.02    0.00    6.04 v wire10936/A (sky130_fd_sc_hd__clkbuf_2)
                  0.05    0.12    6.15 v wire10936/X (sky130_fd_sc_hd__clkbuf_2)
     1    0.01                           net10936 (net)
                  0.05    0.00    6.15 v wire10935/A (sky130_fd_sc_hd__buf_6)
                  0.03    0.12    6.28 v wire10935/X (sky130_fd_sc_hd__buf_6)
     1    0.01                           net10935 (net)
                  0.03    0.00    6.28 v wire10934/A (sky130_fd_sc_hd__buf_6)
                  0.03    0.11    6.39 v wire10934/X (sky130_fd_sc_hd__buf_6)
     1    0.01                           net10934 (net)
                  0.03    0.00    6.39 v wire10933/A (sky130_fd_sc_hd__buf_6)
                  0.03    0.11    6.51 v wire10933/X (sky130_fd_sc_hd__buf_6)
     1    0.01                           net10933 (net)
                  0.03    0.00    6.51 v wire10932/A (sky130_fd_sc_hd__buf_6)
                  0.03    0.11    6.62 v wire10932/X (sky130_fd_sc_hd__buf_6)
     1    0.01                           net10932 (net)
                  0.03    0.00    6.62 v wire10931/A (sky130_fd_sc_hd__buf_6)
                  0.03    0.11    6.73 v wire10931/X (sky130_fd_sc_hd__buf_6)
     1    0.01                           net10931 (net)
                  0.03    0.00    6.73 v wire10930/A (sky130_fd_sc_hd__buf_6)
                  0.03    0.11    6.85 v wire10930/X (sky130_fd_sc_hd__buf_6)
     1    0.01                           net10930 (net)
                  0.03    0.00    6.85 v wire10929/A (sky130_fd_sc_hd__buf_6)
                  0.03    0.11    6.96 v wire10929/X (sky130_fd_sc_hd__buf_6)
     1    0.01                           net10929 (net)
                  0.03    0.00    6.96 v wire10928/A (sky130_fd_sc_hd__buf_6)
                  0.03    0.11    7.07 v wire10928/X (sky130_fd_sc_hd__buf_6)
     1    0.01                           net10928 (net)
                  0.03    0.00    7.07 v wire10927/A (sky130_fd_sc_hd__buf_6)
                  0.03    0.11    7.19 v wire10927/X (sky130_fd_sc_hd__buf_6)
     1    0.01                           net10927 (net)
                  0.03    0.00    7.19 v wire10926/A (sky130_fd_sc_hd__buf_6)
                  0.03    0.11    7.30 v wire10926/X (sky130_fd_sc_hd__buf_6)
     1    0.01                           net10926 (net)
                  0.03    0.00    7.30 v wire10925/A (sky130_fd_sc_hd__buf_6)
                  0.03    0.11    7.41 v wire10925/X (sky130_fd_sc_hd__buf_6)
     1    0.01                           net10925 (net)
                  0.03    0.00    7.41 v wire10924/A (sky130_fd_sc_hd__buf_6)
                  0.03    0.11    7.53 v wire10924/X (sky130_fd_sc_hd__buf_6)
     1    0.01                           net10924 (net)
                  0.03    0.00    7.53 v wire10923/A (sky130_fd_sc_hd__buf_6)
                  0.03    0.11    7.64 v wire10923/X (sky130_fd_sc_hd__buf_6)
     1    0.01                           net10923 (net)
                  0.03    0.00    7.64 v wire10922/A (sky130_fd_sc_hd__buf_6)
                  0.03    0.11    7.75 v wire10922/X (sky130_fd_sc_hd__buf_6)
     1    0.01                           net10922 (net)
                  0.03    0.00    7.75 v wire10921/A (sky130_fd_sc_hd__buf_6)
                  0.03    0.12    7.87 v wire10921/X (sky130_fd_sc_hd__buf_6)
     1    0.02                           net10921 (net)
                  0.03    0.00    7.87 v wire10920/A (sky130_fd_sc_hd__buf_12)
                  0.11    0.19    8.06 v wire10920/X (sky130_fd_sc_hd__buf_12)
     1    0.19                           net10920 (net)
                  0.11    0.02    8.07 v core.RAM256/A0[7] (RAM256)
                                  8.07   data arrival time

                          0.00    0.00   clock core_clk (rise edge)
                          0.00    0.00   clock source latency
                  0.00    0.00    0.00 ^ core_clk (in)
     2    0.08                           core_clk (net)
                  0.05    0.02    0.02 ^ clkbuf_0_core_clk/A (sky130_fd_sc_hd__clkbuf_16)
                  0.04    0.12    0.15 ^ clkbuf_0_core_clk/X (sky130_fd_sc_hd__clkbuf_16)
     2    0.02                           clknet_0_core_clk (net)
                  0.04    0.00    0.15 ^ clkbuf_1_0_0_core_clk/A (sky130_fd_sc_hd__clkbuf_8)
                  0.04    0.11    0.26 ^ clkbuf_1_0_0_core_clk/X (sky130_fd_sc_hd__clkbuf_8)
     1    0.01                           clknet_1_0_0_core_clk (net)
                  0.04    0.00    0.26 ^ clkbuf_1_0_1_core_clk/A (sky130_fd_sc_hd__clkbuf_8)
                  0.04    0.11    0.37 ^ clkbuf_1_0_1_core_clk/X (sky130_fd_sc_hd__clkbuf_8)
     1    0.01                           clknet_1_0_1_core_clk (net)
                  0.04    0.00    0.37 ^ clkbuf_1_0_2_core_clk/A (sky130_fd_sc_hd__clkbuf_8)
                  0.04    0.11    0.48 ^ clkbuf_1_0_2_core_clk/X (sky130_fd_sc_hd__clkbuf_8)
     1    0.01                           clknet_1_0_2_core_clk (net)
                  0.04    0.00    0.48 ^ clkbuf_1_0_3_core_clk/A (sky130_fd_sc_hd__clkbuf_8)
                  0.04    0.11    0.59 ^ clkbuf_1_0_3_core_clk/X (sky130_fd_sc_hd__clkbuf_8)
     1    0.01                           clknet_1_0_3_core_clk (net)
                  0.04    0.00    0.59 ^ clkbuf_1_0_4_core_clk/A (sky130_fd_sc_hd__clkbuf_8)
                  0.04    0.11    0.70 ^ clkbuf_1_0_4_core_clk/X (sky130_fd_sc_hd__clkbuf_8)
     1    0.01                           clknet_1_0_4_core_clk (net)
                  0.04    0.00    0.70 ^ clkbuf_1_0_5_core_clk/A (sky130_fd_sc_hd__clkbuf_8)
                  0.03    0.10    0.81 ^ clkbuf_1_0_5_core_clk/X (sky130_fd_sc_hd__clkbuf_8)
     1    0.01                           clknet_1_0_5_core_clk (net)
                  0.03    0.00    0.81 ^ clkbuf_1_0_6_core_clk/A (sky130_fd_sc_hd__clkbuf_8)
                  0.05    0.11    0.92 ^ clkbuf_1_0_6_core_clk/X (sky130_fd_sc_hd__clkbuf_8)
     2    0.02                           clknet_1_0_6_core_clk (net)
                  0.05    0.00    0.93 ^ clkbuf_2_1_0_core_clk/A (sky130_fd_sc_hd__clkbuf_8)
                  0.04    0.11    1.04 ^ clkbuf_2_1_0_core_clk/X (sky130_fd_sc_hd__clkbuf_8)
     1    0.01                           clknet_2_1_0_core_clk (net)
                  0.04    0.00    1.04 ^ clkbuf_2_1_1_core_clk/A (sky130_fd_sc_hd__clkbuf_8)
                  0.06    0.13    1.17 ^ clkbuf_2_1_1_core_clk/X (sky130_fd_sc_hd__clkbuf_8)
     2    0.03                           clknet_2_1_1_core_clk (net)
                  0.06    0.00    1.17 ^ clkbuf_3_2_0_core_clk/A (sky130_fd_sc_hd__clkbuf_8)
                  0.04    0.12    1.29 ^ clkbuf_3_2_0_core_clk/X (sky130_fd_sc_hd__clkbuf_8)
     1    0.01                           clknet_3_2_0_core_clk (net)
                  0.04    0.00    1.29 ^ clkbuf_3_2_1_core_clk/A (sky130_fd_sc_hd__clkbuf_8)
                  0.04    0.11    1.40 ^ clkbuf_3_2_1_core_clk/X (sky130_fd_sc_hd__clkbuf_8)
     1    0.01                           clknet_3_2_1_core_clk (net)
                  0.04    0.00    1.40 ^ clkbuf_3_2_2_core_clk/A (sky130_fd_sc_hd__clkbuf_8)
                  0.06    0.13    1.53 ^ clkbuf_3_2_2_core_clk/X (sky130_fd_sc_hd__clkbuf_8)
     2    0.03                           clknet_3_2_2_core_clk (net)
                  0.06    0.00    1.53 ^ clkbuf_4_4_0_core_clk/A (sky130_fd_sc_hd__clkbuf_8)
                  0.06    0.14    1.67 ^ clkbuf_4_4_0_core_clk/X (sky130_fd_sc_hd__clkbuf_8)
     2    0.02                           clknet_4_4_0_core_clk (net)
                  0.06    0.00    1.67 ^ clkbuf_5_8_0_core_clk/A (sky130_fd_sc_hd__clkbuf_8)
                  0.03    0.11    1.78 ^ clkbuf_5_8_0_core_clk/X (sky130_fd_sc_hd__clkbuf_8)
     1    0.01                           clknet_5_8_0_core_clk (net)
                  0.03    0.00    1.78 ^ clkbuf_5_8_1_core_clk/A (sky130_fd_sc_hd__clkbuf_8)
                  0.05    0.12    1.90 ^ clkbuf_5_8_1_core_clk/X (sky130_fd_sc_hd__clkbuf_8)
     2    0.02                           clknet_5_8_1_core_clk (net)
                  0.05    0.00    1.90 ^ clkbuf_6_17_0_core_clk/A (sky130_fd_sc_hd__clkbuf_8)
                  0.16    0.20    2.11 ^ clkbuf_6_17_0_core_clk/X (sky130_fd_sc_hd__clkbuf_8)
     7    0.09                           clknet_6_17_0_core_clk (net)
                  0.16    0.00    2.11 ^ clkbuf_leaf_48_core_clk/A (sky130_fd_sc_hd__clkbuf_16)
                  0.11    0.21    2.32 ^ clkbuf_leaf_48_core_clk/X (sky130_fd_sc_hd__clkbuf_16)
    11    0.10                           clknet_leaf_48_core_clk (net)
                  0.11    0.01    2.32 ^ core.RAM256/CLK (RAM256)
                         -0.12    2.20   clock uncertainty
                          0.02    2.22   clock reconvergence pessimism
                          5.86    8.07   time borrowed from endpoint
                                  8.07   data required time
-----------------------------------------------------------------------------
                                  8.07   data required time
                                 -8.07   data arrival time
-----------------------------------------------------------------------------
                                  0.00   slack (MET)

Time Borrowing Information
--------------------------------------------
core_clk nominal pulse width           12.50
clock latency difference                0.14
library setup time                     -3.13
--------------------------------------------
max time borrow                         9.51
--------------------------------------------
actual time borrow                      5.86
open edge uncertainty                  -0.12
open edge CRPR                          0.02
--------------------------------------------
time given to startpoint                5.75
--------------------------------------------



===========================================================================
report_checks --slack_max -0.01
============================================================================
No paths found.
