
===========================================================================
 report_check_types -max_slew -max_cap -max_fanout -violators
============================================================================
max slew

Pin                                    Limit    Slew   Slack
------------------------------------------------------------
ANTENNA_7/DIODE                         0.75    1.39   -0.64 (VIOLATED)
ANTENNA_8/DIODE                         0.75    1.39   -0.64 (VIOLATED)
core.RAM256/Do0[22]                     0.75    1.39   -0.64 (VIOLATED)
wire18536/A                             0.75    1.39   -0.64 (VIOLATED)
core.RAM256/Do0[29]                     0.75    1.38   -0.63 (VIOLATED)
wire18412/A                             0.75    1.38   -0.63 (VIOLATED)
core.RAM256/Do0[3]                      0.75    1.38   -0.63 (VIOLATED)
wire18327/A                             0.75    1.38   -0.63 (VIOLATED)
core.RAM256/Do0[11]                     0.75    1.38   -0.63 (VIOLATED)
wire18778/A                             0.75    1.38   -0.63 (VIOLATED)
core.RAM256/Do0[0]                      0.75    1.37   -0.62 (VIOLATED)
wire18825/A                             0.75    1.37   -0.62 (VIOLATED)
core.RAM256/Do0[4]                      0.75    1.37   -0.62 (VIOLATED)
wire18305/A                             0.75    1.37   -0.62 (VIOLATED)
core.RAM256/Do0[25]                     0.75    1.37   -0.62 (VIOLATED)
wire18484/A                             0.75    1.37   -0.62 (VIOLATED)
core.RAM256/Do0[21]                     0.75    1.37   -0.62 (VIOLATED)
wire18552/A                             0.75    1.37   -0.62 (VIOLATED)
core.RAM256/Do0[19]                     0.75    1.37   -0.62 (VIOLATED)
wire18616/A                             0.75    1.37   -0.62 (VIOLATED)
core.RAM256/Do0[24]                     0.75    1.37   -0.62 (VIOLATED)
wire18502/A                             0.75    1.37   -0.62 (VIOLATED)
core.RAM256/Do0[10]                     0.75    1.36   -0.61 (VIOLATED)
wire18800/A                             0.75    1.36   -0.61 (VIOLATED)
core.RAM256/Do0[30]                     0.75    1.36   -0.61 (VIOLATED)
wire18363/A                             0.75    1.36   -0.61 (VIOLATED)
core.RAM256/Do0[23]                     0.75    1.36   -0.61 (VIOLATED)
wire18520/A                             0.75    1.36   -0.61 (VIOLATED)
core.RAM256/Do0[7]                      0.75    1.36   -0.61 (VIOLATED)
wire18242/A                             0.75    1.36   -0.61 (VIOLATED)
core.RAM256/Do0[12]                     0.75    1.36   -0.61 (VIOLATED)
wire18757/A                             0.75    1.36   -0.61 (VIOLATED)
core.RAM256/Do0[14]                     0.75    1.36   -0.61 (VIOLATED)
wire18715/A                             0.75    1.36   -0.61 (VIOLATED)
core.RAM256/Do0[8]                      0.75    1.35   -0.60 (VIOLATED)
wire18223/A                             0.75    1.35   -0.60 (VIOLATED)
core.RAM256/Do0[1]                      0.75    1.35   -0.60 (VIOLATED)
wire18599/A                             0.75    1.35   -0.60 (VIOLATED)
core.RAM256/Do0[13]                     0.75    1.35   -0.60 (VIOLATED)
wire18736/A                             0.75    1.35   -0.60 (VIOLATED)
core.RAM256/Do0[28]                     0.75    1.35   -0.60 (VIOLATED)
wire18431/A                             0.75    1.35   -0.60 (VIOLATED)
core.RAM256/Do0[6]                      0.75    1.35   -0.60 (VIOLATED)
wire18262/A                             0.75    1.35   -0.60 (VIOLATED)
core.RAM256/Do0[17]                     0.75    1.35   -0.60 (VIOLATED)
wire18650/A                             0.75    1.35   -0.60 (VIOLATED)
core.RAM256/Do0[27]                     0.75    1.35   -0.60 (VIOLATED)
wire18447/A                             0.75    1.35   -0.60 (VIOLATED)
core.RAM256/Do0[15]                     0.75    1.35   -0.60 (VIOLATED)
wire18694/A                             0.75    1.35   -0.60 (VIOLATED)
core.RAM256/Do0[5]                      0.75    1.34   -0.59 (VIOLATED)
wire18282/A                             0.75    1.34   -0.59 (VIOLATED)
core.RAM256/Do0[20]                     0.75    1.34   -0.59 (VIOLATED)
wire18569/A                             0.75    1.34   -0.59 (VIOLATED)
core.RAM256/Do0[2]                      0.75    1.34   -0.59 (VIOLATED)
wire18393/A                             0.75    1.34   -0.59 (VIOLATED)
core.RAM256/Do0[16]                     0.75    1.34   -0.59 (VIOLATED)
wire18673/A                             0.75    1.34   -0.59 (VIOLATED)
core.RAM256/Do0[31]                     0.75    1.34   -0.59 (VIOLATED)
wire18344/A                             0.75    1.34   -0.59 (VIOLATED)
core.RAM256/Do0[9]                      0.75    1.33   -0.58 (VIOLATED)
wire18198/A                             0.75    1.33   -0.58 (VIOLATED)
core.RAM256/Do0[26]                     0.75    1.33   -0.58 (VIOLATED)
wire18466/A                             0.75    1.33   -0.58 (VIOLATED)
core.RAM256/Do0[18]                     0.75    1.33   -0.58 (VIOLATED)
wire18633/A                             0.75    1.33   -0.58 (VIOLATED)

max fanout

Pin                                   Limit Fanout  Slack
---------------------------------------------------------
clkbuf_leaf_309_core_clk/X               20     23     -3 (VIOLATED)
clkbuf_leaf_148_core_clk/X               20     22     -2 (VIOLATED)
clkbuf_leaf_337_core_clk/X               20     22     -2 (VIOLATED)


===========================================================================
max slew violation count 66
max fanout violation count 3
max cap violation count 0
============================================================================
