
===========================================================================
report_checks -unconstrained
============================================================================
Startpoint: _43766_ (rising edge-triggered flip-flop clocked by core_clk)
Endpoint: flash_io0_do (output port clocked by core_clk)
Path Group: core_clk
Path Type: max

Fanout     Cap    Slew   Delay    Time   Description
-----------------------------------------------------------------------------
                          0.00    0.00   clock core_clk (rise edge)
                          0.00    0.00   clock source latency
                  0.00    0.00    0.00 ^ core_clk (in)
     2    0.08                           core_clk (net)
                  0.01    0.00    0.00 ^ clkbuf_0_core_clk/A (sky130_fd_sc_hd__clkbuf_16)
                  0.05    0.12    0.13 ^ clkbuf_0_core_clk/X (sky130_fd_sc_hd__clkbuf_16)
     4    0.02                           clknet_0_core_clk (net)
                  0.05    0.00    0.13 ^ clkbuf_1_1_0_core_clk/A (sky130_fd_sc_hd__clkbuf_8)
                  0.04    0.12    0.25 ^ clkbuf_1_1_0_core_clk/X (sky130_fd_sc_hd__clkbuf_8)
     1    0.01                           clknet_1_1_0_core_clk (net)
                  0.04    0.00    0.25 ^ clkbuf_1_1_1_core_clk/A (sky130_fd_sc_hd__clkbuf_8)
                  0.04    0.12    0.37 ^ clkbuf_1_1_1_core_clk/X (sky130_fd_sc_hd__clkbuf_8)
     1    0.01                           clknet_1_1_1_core_clk (net)
                  0.04    0.00    0.38 ^ clkbuf_1_1_2_core_clk/A (sky130_fd_sc_hd__clkbuf_8)
                  0.04    0.12    0.50 ^ clkbuf_1_1_2_core_clk/X (sky130_fd_sc_hd__clkbuf_8)
     1    0.01                           clknet_1_1_2_core_clk (net)
                  0.04    0.00    0.50 ^ clkbuf_1_1_3_core_clk/A (sky130_fd_sc_hd__clkbuf_8)
                  0.04    0.12    0.62 ^ clkbuf_1_1_3_core_clk/X (sky130_fd_sc_hd__clkbuf_8)
     1    0.01                           clknet_1_1_3_core_clk (net)
                  0.04    0.00    0.62 ^ clkbuf_1_1_4_core_clk/A (sky130_fd_sc_hd__clkbuf_8)
                  0.04    0.12    0.74 ^ clkbuf_1_1_4_core_clk/X (sky130_fd_sc_hd__clkbuf_8)
     1    0.01                           clknet_1_1_4_core_clk (net)
                  0.04    0.00    0.74 ^ clkbuf_1_1_5_core_clk/A (sky130_fd_sc_hd__clkbuf_8)
                  0.03    0.11    0.86 ^ clkbuf_1_1_5_core_clk/X (sky130_fd_sc_hd__clkbuf_8)
     1    0.01                           clknet_1_1_5_core_clk (net)
                  0.03    0.00    0.86 ^ clkbuf_1_1_6_core_clk/A (sky130_fd_sc_hd__clkbuf_8)
                  0.07    0.15    1.00 ^ clkbuf_1_1_6_core_clk/X (sky130_fd_sc_hd__clkbuf_8)
     4    0.03                           clknet_1_1_6_core_clk (net)
                  0.07    0.00    1.01 ^ clkbuf_2_3_0_core_clk/A (sky130_fd_sc_hd__clkbuf_8)
                  0.04    0.13    1.14 ^ clkbuf_2_3_0_core_clk/X (sky130_fd_sc_hd__clkbuf_8)
     1    0.01                           clknet_2_3_0_core_clk (net)
                  0.04    0.00    1.14 ^ clkbuf_2_3_1_core_clk/A (sky130_fd_sc_hd__clkbuf_8)
                  0.07    0.15    1.29 ^ clkbuf_2_3_1_core_clk/X (sky130_fd_sc_hd__clkbuf_8)
     4    0.03                           clknet_2_3_1_core_clk (net)
                  0.07    0.00    1.29 ^ clkbuf_3_7_0_core_clk/A (sky130_fd_sc_hd__clkbuf_8)
                  0.04    0.13    1.43 ^ clkbuf_3_7_0_core_clk/X (sky130_fd_sc_hd__clkbuf_8)
     1    0.01                           clknet_3_7_0_core_clk (net)
                  0.04    0.00    1.43 ^ clkbuf_3_7_1_core_clk/A (sky130_fd_sc_hd__clkbuf_8)
                  0.04    0.12    1.55 ^ clkbuf_3_7_1_core_clk/X (sky130_fd_sc_hd__clkbuf_8)
     1    0.01                           clknet_3_7_1_core_clk (net)
                  0.04    0.00    1.55 ^ clkbuf_3_7_2_core_clk/A (sky130_fd_sc_hd__clkbuf_8)
                  0.06    0.15    1.69 ^ clkbuf_3_7_2_core_clk/X (sky130_fd_sc_hd__clkbuf_8)
     4    0.03                           clknet_3_7_2_core_clk (net)
                  0.06    0.00    1.70 ^ clkbuf_4_15_0_core_clk/A (sky130_fd_sc_hd__clkbuf_8)
                  0.06    0.15    1.85 ^ clkbuf_4_15_0_core_clk/X (sky130_fd_sc_hd__clkbuf_8)
     4    0.03                           clknet_4_15_0_core_clk (net)
                  0.06    0.00    1.85 ^ clkbuf_5_31_0_core_clk/A (sky130_fd_sc_hd__clkbuf_8)
                  0.03    0.13    1.98 ^ clkbuf_5_31_0_core_clk/X (sky130_fd_sc_hd__clkbuf_8)
     1    0.01                           clknet_5_31_0_core_clk (net)
                  0.03    0.00    1.98 ^ clkbuf_5_31_1_core_clk/A (sky130_fd_sc_hd__clkbuf_8)
                  0.29    0.31    2.28 ^ clkbuf_5_31_1_core_clk/X (sky130_fd_sc_hd__clkbuf_8)
    24    0.17                           clknet_5_31_1_core_clk (net)
                  0.29    0.01    2.30 ^ clkbuf_opt_44_0_core_clk/A (sky130_fd_sc_hd__clkbuf_16)
                  0.04    0.21    2.50 ^ clkbuf_opt_44_0_core_clk/X (sky130_fd_sc_hd__clkbuf_16)
     1    0.01                           clknet_opt_44_0_core_clk (net)
                  0.04    0.00    2.51 ^ clkbuf_opt_44_1_core_clk/A (sky130_fd_sc_hd__clkbuf_16)
                  0.04    0.12    2.63 ^ clkbuf_opt_44_1_core_clk/X (sky130_fd_sc_hd__clkbuf_16)
     1    0.01                           clknet_opt_44_1_core_clk (net)
                  0.04    0.00    2.63 ^ clkbuf_opt_44_2_core_clk/A (sky130_fd_sc_hd__clkbuf_16)
                  0.04    0.12    2.75 ^ clkbuf_opt_44_2_core_clk/X (sky130_fd_sc_hd__clkbuf_16)
     1    0.01                           clknet_opt_44_2_core_clk (net)
                  0.04    0.00    2.75 ^ clkbuf_leaf_202_core_clk/A (sky130_fd_sc_hd__clkbuf_16)
                  0.05    0.14    2.89 ^ clkbuf_leaf_202_core_clk/X (sky130_fd_sc_hd__clkbuf_16)
    10    0.03                           clknet_leaf_202_core_clk (net)
                  0.05    0.00    2.89 ^ _43766_/CLK (sky130_fd_sc_hd__dfxtp_1)
                  0.15    0.40    3.29 ^ _43766_/Q (sky130_fd_sc_hd__dfxtp_1)
     1    0.02                           net214 (net)
                  0.15    0.00    3.29 ^ output214/A (sky130_fd_sc_hd__buf_12)
                  0.18    0.24    3.54 ^ output214/X (sky130_fd_sc_hd__buf_12)
     1    0.15                           flash_io0_do (net)
                  0.18    0.00    3.54 ^ flash_io0_do (out)
                                  3.54   data arrival time

                         25.00   25.00   clock core_clk (rise edge)
                          0.00   25.00   clock network delay (propagated)
                         -0.18   24.82   clock uncertainty
                          0.00   24.82   clock reconvergence pessimism
                        -15.00    9.82   output external delay
                                  9.82   data required time
-----------------------------------------------------------------------------
                                  9.82   data required time
                                 -3.54   data arrival time
-----------------------------------------------------------------------------
                                  6.28   slack (MET)



===========================================================================
report_checks --slack_max -0.01
============================================================================
No paths found.
