
===========================================================================
 report_check_types -max_slew -max_cap -max_fanout -violators
============================================================================
max slew

Pin                                    Limit    Slew   Slack
------------------------------------------------------------
_32427_/A0                              0.75    0.80   -0.05 (VIOLATED)
ANTENNA__32427__A0/DIODE                0.75    0.80   -0.05 (VIOLATED)
_30330_/B1                              0.75    0.80   -0.05 (VIOLATED)
ANTENNA__30330__B1/DIODE                0.75    0.80   -0.05 (VIOLATED)
_30329_/Y                               0.75    0.80   -0.05 (VIOLATED)
_32684_/C                               0.75    0.80   -0.05 (VIOLATED)
ANTENNA__32684__C/DIODE                 0.75    0.80   -0.05 (VIOLATED)
_30353_/B                               0.75    0.80   -0.05 (VIOLATED)
_29815_/B                               0.75    0.80   -0.05 (VIOLATED)
ANTENNA__29815__B/DIODE                 0.75    0.80   -0.05 (VIOLATED)
ANTENNA__30353__B/DIODE                 0.75    0.80   -0.05 (VIOLATED)
_32688_/B1                              0.75    0.80   -0.05 (VIOLATED)
ANTENNA__32688__B1/DIODE                0.75    0.80   -0.05 (VIOLATED)
_29843_/B1                              0.75    0.80   -0.05 (VIOLATED)
ANTENNA__29843__B1/DIODE                0.75    0.80   -0.05 (VIOLATED)
_32689_/A                               0.75    0.80   -0.05 (VIOLATED)
ANTENNA__32689__A/DIODE                 0.75    0.80   -0.05 (VIOLATED)
_32693_/A1                              0.75    0.80   -0.05 (VIOLATED)
ANTENNA__32693__A1/DIODE                0.75    0.80   -0.05 (VIOLATED)
ANTENNA__29845__A/DIODE                 0.75    0.80   -0.05 (VIOLATED)
_29494_/X                               0.75    0.80   -0.05 (VIOLATED)
_29845_/A                               0.75    0.80   -0.05 (VIOLATED)
_38197_/S                               0.75    0.77   -0.02 (VIOLATED)
ANTENNA__38197__S/DIODE                 0.75    0.77   -0.02 (VIOLATED)
_38202_/A2                              0.75    0.77   -0.02 (VIOLATED)
ANTENNA__38202__A2/DIODE                0.75    0.77   -0.02 (VIOLATED)
ANTENNA__38200__A2/DIODE                0.75    0.77   -0.02 (VIOLATED)
_38200_/A2                              0.75    0.77   -0.02 (VIOLATED)
_38203_/A2                              0.75    0.77   -0.02 (VIOLATED)
ANTENNA__38203__A2/DIODE                0.75    0.77   -0.02 (VIOLATED)
_38196_/A2                              0.75    0.77   -0.02 (VIOLATED)
ANTENNA__38196__A2/DIODE                0.75    0.77   -0.02 (VIOLATED)
_38201_/A2                              0.75    0.77   -0.02 (VIOLATED)
ANTENNA__38201__A2/DIODE                0.75    0.77   -0.02 (VIOLATED)
_38195_/A2                              0.75    0.77   -0.02 (VIOLATED)
ANTENNA__38195__A2/DIODE                0.75    0.77   -0.02 (VIOLATED)
_38199_/A2                              0.75    0.77   -0.02 (VIOLATED)
ANTENNA__38199__A2/DIODE                0.75    0.77   -0.02 (VIOLATED)
_38194_/Y                               0.75    0.77   -0.02 (VIOLATED)
_37994_/S                               0.75    0.77   -0.02 (VIOLATED)
ANTENNA__37994__S/DIODE                 0.75    0.77   -0.02 (VIOLATED)
_38003_/A2                              0.75    0.77   -0.02 (VIOLATED)
_37999_/A2                              0.75    0.77   -0.02 (VIOLATED)
ANTENNA__38003__A2/DIODE                0.75    0.77   -0.02 (VIOLATED)
ANTENNA__37999__A2/DIODE                0.75    0.77   -0.02 (VIOLATED)
_38005_/A2                              0.75    0.77   -0.02 (VIOLATED)
ANTENNA__38005__A2/DIODE                0.75    0.77   -0.02 (VIOLATED)
_37993_/A2                              0.75    0.77   -0.02 (VIOLATED)
ANTENNA__37993__A2/DIODE                0.75    0.77   -0.02 (VIOLATED)
_37991_/A2                              0.75    0.77   -0.02 (VIOLATED)
ANTENNA__37991__A2/DIODE                0.75    0.77   -0.02 (VIOLATED)
ANTENNA__37997__A2/DIODE                0.75    0.77   -0.02 (VIOLATED)
_37997_/A2                              0.75    0.77   -0.02 (VIOLATED)
_38001_/A2                              0.75    0.77   -0.02 (VIOLATED)
ANTENNA__38001__A2/DIODE                0.75    0.77   -0.02 (VIOLATED)
_37989_/Y                               0.75    0.77   -0.02 (VIOLATED)
_31248_/C1                              0.75    0.76   -0.01 (VIOLATED)
_31241_/C1                              0.75    0.76   -0.01 (VIOLATED)
ANTENNA__31248__C1/DIODE                0.75    0.76   -0.01 (VIOLATED)
ANTENNA__31241__C1/DIODE                0.75    0.76   -0.01 (VIOLATED)
_31246_/C1                              0.75    0.76   -0.01 (VIOLATED)
ANTENNA__31246__C1/DIODE                0.75    0.76   -0.01 (VIOLATED)
_31222_/A                               0.75    0.76   -0.01 (VIOLATED)
_25785_/A                               0.75    0.76   -0.01 (VIOLATED)
ANTENNA__31222__A/DIODE                 0.75    0.76   -0.01 (VIOLATED)
ANTENNA__25785__A/DIODE                 0.75    0.76   -0.01 (VIOLATED)
_31250_/C1                              0.75    0.76   -0.01 (VIOLATED)
ANTENNA__31250__C1/DIODE                0.75    0.76   -0.01 (VIOLATED)
_31256_/C1                              0.75    0.76   -0.01 (VIOLATED)
ANTENNA__31256__C1/DIODE                0.75    0.76   -0.01 (VIOLATED)
_31254_/C1                              0.75    0.76   -0.01 (VIOLATED)
ANTENNA__31254__C1/DIODE                0.75    0.76   -0.01 (VIOLATED)
_25784_/Y                               0.75    0.76   -0.01 (VIOLATED)
_22883_/C1                              0.75    0.76   -0.01 (VIOLATED)
_21460_/A                               0.75    0.76   -0.01 (VIOLATED)
ANTENNA__22883__C1/DIODE                0.75    0.76   -0.01 (VIOLATED)
_22157_/A                               0.75    0.76   -0.01 (VIOLATED)
ANTENNA__22157__A/DIODE                 0.75    0.76   -0.01 (VIOLATED)
ANTENNA__21460__A/DIODE                 0.75    0.76   -0.01 (VIOLATED)
_21726_/A                               0.75    0.76   -0.01 (VIOLATED)
ANTENNA__21726__A/DIODE                 0.75    0.76   -0.01 (VIOLATED)
_21459_/Y                               0.75    0.76   -0.01 (VIOLATED)

max fanout

Pin                                   Limit Fanout  Slack
---------------------------------------------------------
clkbuf_leaf_54_core_clk/X                20     50    -30 (VIOLATED)
clkbuf_leaf_216_core_clk/X               20     48    -28 (VIOLATED)
clkbuf_leaf_130_core_clk/X               20     42    -22 (VIOLATED)
clkbuf_leaf_185_core_clk/X               20     42    -22 (VIOLATED)
clkbuf_leaf_270_core_clk/X               20     42    -22 (VIOLATED)
clkbuf_leaf_275_core_clk/X               20     42    -22 (VIOLATED)
clkbuf_leaf_415_core_clk/X               20     42    -22 (VIOLATED)
clkbuf_leaf_87_core_clk/X                20     42    -22 (VIOLATED)
clkbuf_leaf_113_core_clk/X               20     40    -20 (VIOLATED)
clkbuf_leaf_244_core_clk/X               20     40    -20 (VIOLATED)
clkbuf_leaf_269_core_clk/X               20     40    -20 (VIOLATED)
clkbuf_leaf_278_core_clk/X               20     40    -20 (VIOLATED)
clkbuf_leaf_377_core_clk/X               20     40    -20 (VIOLATED)
clkbuf_leaf_414_core_clk/X               20     40    -20 (VIOLATED)
clkbuf_5_24_1_core_clk/X                 20     38    -18 (VIOLATED)
clkbuf_5_27_1_core_clk/X                 20     38    -18 (VIOLATED)
clkbuf_5_29_1_core_clk/X                 20     38    -18 (VIOLATED)
clkbuf_leaf_167_core_clk/X               20     38    -18 (VIOLATED)
clkbuf_leaf_194_core_clk/X               20     38    -18 (VIOLATED)
clkbuf_leaf_198_core_clk/X               20     38    -18 (VIOLATED)
clkbuf_leaf_60_core_clk/X                20     38    -18 (VIOLATED)
clkbuf_leaf_73_core_clk/X                20     38    -18 (VIOLATED)
clkbuf_leaf_78_core_clk/X                20     38    -18 (VIOLATED)
clkbuf_5_17_1_core_clk/X                 20     36    -16 (VIOLATED)
clkbuf_5_30_1_core_clk/X                 20     36    -16 (VIOLATED)
clkbuf_leaf_107_core_clk/X               20     36    -16 (VIOLATED)
clkbuf_leaf_129_core_clk/X               20     36    -16 (VIOLATED)
clkbuf_leaf_139_core_clk/X               20     36    -16 (VIOLATED)
clkbuf_leaf_19_core_clk/X                20     36    -16 (VIOLATED)
clkbuf_leaf_33_core_clk/X                20     36    -16 (VIOLATED)
clkbuf_leaf_357_core_clk/X               20     36    -16 (VIOLATED)
clkbuf_leaf_35_core_clk/X                20     36    -16 (VIOLATED)
clkbuf_leaf_39_core_clk/X                20     36    -16 (VIOLATED)
clkbuf_leaf_421_core_clk/X               20     36    -16 (VIOLATED)
clkbuf_leaf_52_core_clk/X                20     36    -16 (VIOLATED)
clkbuf_leaf_59_core_clk/X                20     36    -16 (VIOLATED)
clkbuf_leaf_7_core_clk/X                 20     36    -16 (VIOLATED)
clkbuf_5_16_1_core_clk/X                 20     34    -14 (VIOLATED)
clkbuf_5_28_1_core_clk/X                 20     34    -14 (VIOLATED)
clkbuf_leaf_108_core_clk/X               20     34    -14 (VIOLATED)
clkbuf_leaf_112_core_clk/X               20     34    -14 (VIOLATED)
clkbuf_leaf_132_core_clk/X               20     34    -14 (VIOLATED)
clkbuf_leaf_173_core_clk/X               20     34    -14 (VIOLATED)
clkbuf_leaf_189_core_clk/X               20     34    -14 (VIOLATED)
clkbuf_leaf_22_core_clk/X                20     34    -14 (VIOLATED)
clkbuf_leaf_250_core_clk/X               20     34    -14 (VIOLATED)
clkbuf_leaf_32_core_clk/X                20     34    -14 (VIOLATED)
clkbuf_leaf_36_core_clk/X                20     34    -14 (VIOLATED)
clkbuf_leaf_53_core_clk/X                20     34    -14 (VIOLATED)
clkbuf_leaf_58_core_clk/X                20     34    -14 (VIOLATED)
clkbuf_leaf_93_core_clk/X                20     34    -14 (VIOLATED)
clkbuf_5_15_1_core_clk/X                 20     32    -12 (VIOLATED)
clkbuf_5_5_1_core_clk/X                  20     32    -12 (VIOLATED)
clkbuf_leaf_123_core_clk/X               20     32    -12 (VIOLATED)
clkbuf_leaf_138_core_clk/X               20     32    -12 (VIOLATED)
clkbuf_leaf_145_core_clk/X               20     32    -12 (VIOLATED)
clkbuf_leaf_164_core_clk/X               20     32    -12 (VIOLATED)
clkbuf_leaf_165_core_clk/X               20     32    -12 (VIOLATED)
clkbuf_leaf_166_core_clk/X               20     32    -12 (VIOLATED)
clkbuf_leaf_168_core_clk/X               20     32    -12 (VIOLATED)
clkbuf_leaf_218_core_clk/X               20     32    -12 (VIOLATED)
clkbuf_leaf_242_core_clk/X               20     32    -12 (VIOLATED)
clkbuf_leaf_255_core_clk/X               20     32    -12 (VIOLATED)
clkbuf_leaf_274_core_clk/X               20     32    -12 (VIOLATED)
clkbuf_leaf_277_core_clk/X               20     32    -12 (VIOLATED)
clkbuf_leaf_342_core_clk/X               20     32    -12 (VIOLATED)
clkbuf_leaf_364_core_clk/X               20     32    -12 (VIOLATED)
clkbuf_leaf_390_core_clk/X               20     32    -12 (VIOLATED)
clkbuf_leaf_394_core_clk/X               20     32    -12 (VIOLATED)
clkbuf_leaf_61_core_clk/X                20     32    -12 (VIOLATED)
clkbuf_5_25_1_core_clk/X                 20     30    -10 (VIOLATED)
clkbuf_leaf_117_core_clk/X               20     30    -10 (VIOLATED)
clkbuf_leaf_11_core_clk/X                20     30    -10 (VIOLATED)
clkbuf_leaf_121_core_clk/X               20     30    -10 (VIOLATED)
clkbuf_leaf_140_core_clk/X               20     30    -10 (VIOLATED)
clkbuf_leaf_148_core_clk/X               20     30    -10 (VIOLATED)
clkbuf_leaf_171_core_clk/X               20     30    -10 (VIOLATED)
clkbuf_leaf_199_core_clk/X               20     30    -10 (VIOLATED)
clkbuf_leaf_20_core_clk/X                20     30    -10 (VIOLATED)
clkbuf_leaf_219_core_clk/X               20     30    -10 (VIOLATED)
clkbuf_leaf_246_core_clk/X               20     30    -10 (VIOLATED)
clkbuf_leaf_254_core_clk/X               20     30    -10 (VIOLATED)
clkbuf_leaf_257_core_clk/X               20     30    -10 (VIOLATED)
clkbuf_leaf_266_core_clk/X               20     30    -10 (VIOLATED)
clkbuf_leaf_312_core_clk/X               20     30    -10 (VIOLATED)
clkbuf_leaf_322_core_clk/X               20     30    -10 (VIOLATED)
clkbuf_leaf_331_core_clk/X               20     30    -10 (VIOLATED)
clkbuf_leaf_356_core_clk/X               20     30    -10 (VIOLATED)
clkbuf_leaf_366_core_clk/X               20     30    -10 (VIOLATED)
clkbuf_leaf_367_core_clk/X               20     30    -10 (VIOLATED)
clkbuf_leaf_370_core_clk/X               20     30    -10 (VIOLATED)
clkbuf_leaf_404_core_clk/X               20     30    -10 (VIOLATED)
clkbuf_leaf_40_core_clk/X                20     30    -10 (VIOLATED)
clkbuf_leaf_42_core_clk/X                20     30    -10 (VIOLATED)
clkbuf_leaf_57_core_clk/X                20     30    -10 (VIOLATED)
clkbuf_leaf_8_core_clk/X                 20     30    -10 (VIOLATED)
clkbuf_leaf_94_core_clk/X                20     30    -10 (VIOLATED)
clkbuf_5_14_1_core_clk/X                 20     28     -8 (VIOLATED)
clkbuf_5_18_1_core_clk/X                 20     28     -8 (VIOLATED)
clkbuf_5_20_1_core_clk/X                 20     28     -8 (VIOLATED)
clkbuf_5_26_1_core_clk/X                 20     28     -8 (VIOLATED)
clkbuf_5_4_1_core_clk/X                  20     28     -8 (VIOLATED)
clkbuf_leaf_102_core_clk/X               20     28     -8 (VIOLATED)
clkbuf_leaf_136_core_clk/X               20     28     -8 (VIOLATED)
clkbuf_leaf_15_core_clk/X                20     28     -8 (VIOLATED)
clkbuf_leaf_17_core_clk/X                20     28     -8 (VIOLATED)
clkbuf_leaf_18_core_clk/X                20     28     -8 (VIOLATED)
clkbuf_leaf_197_core_clk/X               20     28     -8 (VIOLATED)
clkbuf_leaf_210_core_clk/X               20     28     -8 (VIOLATED)
clkbuf_leaf_217_core_clk/X               20     28     -8 (VIOLATED)
clkbuf_leaf_245_core_clk/X               20     28     -8 (VIOLATED)
clkbuf_leaf_276_core_clk/X               20     28     -8 (VIOLATED)
clkbuf_leaf_283_core_clk/X               20     28     -8 (VIOLATED)
clkbuf_leaf_339_core_clk/X               20     28     -8 (VIOLATED)
clkbuf_leaf_343_core_clk/X               20     28     -8 (VIOLATED)
clkbuf_leaf_351_core_clk/X               20     28     -8 (VIOLATED)
clkbuf_leaf_352_core_clk/X               20     28     -8 (VIOLATED)
clkbuf_leaf_37_core_clk/X                20     28     -8 (VIOLATED)
clkbuf_leaf_412_core_clk/X               20     28     -8 (VIOLATED)
clkbuf_leaf_422_core_clk/X               20     28     -8 (VIOLATED)
clkbuf_leaf_423_core_clk/X               20     28     -8 (VIOLATED)
clkbuf_leaf_429_core_clk/X               20     28     -8 (VIOLATED)
clkbuf_leaf_83_core_clk/X                20     28     -8 (VIOLATED)
clkbuf_5_11_1_core_clk/X                 20     26     -6 (VIOLATED)
clkbuf_5_22_1_core_clk/X                 20     26     -6 (VIOLATED)
clkbuf_5_3_1_core_clk/X                  20     26     -6 (VIOLATED)
clkbuf_5_7_1_core_clk/X                  20     26     -6 (VIOLATED)
clkbuf_leaf_109_core_clk/X               20     26     -6 (VIOLATED)
clkbuf_leaf_124_core_clk/X               20     26     -6 (VIOLATED)
clkbuf_leaf_127_core_clk/X               20     26     -6 (VIOLATED)
clkbuf_leaf_128_core_clk/X               20     26     -6 (VIOLATED)
clkbuf_leaf_12_core_clk/X                20     26     -6 (VIOLATED)
clkbuf_leaf_151_core_clk/X               20     26     -6 (VIOLATED)
clkbuf_leaf_153_core_clk/X               20     26     -6 (VIOLATED)
clkbuf_leaf_169_core_clk/X               20     26     -6 (VIOLATED)
clkbuf_leaf_172_core_clk/X               20     26     -6 (VIOLATED)
clkbuf_leaf_178_core_clk/X               20     26     -6 (VIOLATED)
clkbuf_leaf_182_core_clk/X               20     26     -6 (VIOLATED)
clkbuf_leaf_188_core_clk/X               20     26     -6 (VIOLATED)
clkbuf_leaf_227_core_clk/X               20     26     -6 (VIOLATED)
clkbuf_leaf_256_core_clk/X               20     26     -6 (VIOLATED)
clkbuf_leaf_260_core_clk/X               20     26     -6 (VIOLATED)
clkbuf_leaf_264_core_clk/X               20     26     -6 (VIOLATED)
clkbuf_leaf_268_core_clk/X               20     26     -6 (VIOLATED)
clkbuf_leaf_280_core_clk/X               20     26     -6 (VIOLATED)
clkbuf_leaf_284_core_clk/X               20     26     -6 (VIOLATED)
clkbuf_leaf_28_core_clk/X                20     26     -6 (VIOLATED)
clkbuf_leaf_299_core_clk/X               20     26     -6 (VIOLATED)
clkbuf_leaf_303_core_clk/X               20     26     -6 (VIOLATED)
clkbuf_leaf_306_core_clk/X               20     26     -6 (VIOLATED)
clkbuf_leaf_326_core_clk/X               20     26     -6 (VIOLATED)
clkbuf_leaf_332_core_clk/X               20     26     -6 (VIOLATED)
clkbuf_leaf_362_core_clk/X               20     26     -6 (VIOLATED)
clkbuf_leaf_369_core_clk/X               20     26     -6 (VIOLATED)
clkbuf_leaf_385_core_clk/X               20     26     -6 (VIOLATED)
clkbuf_leaf_393_core_clk/X               20     26     -6 (VIOLATED)
clkbuf_leaf_405_core_clk/X               20     26     -6 (VIOLATED)
clkbuf_leaf_413_core_clk/X               20     26     -6 (VIOLATED)
clkbuf_leaf_427_core_clk/X               20     26     -6 (VIOLATED)
clkbuf_leaf_48_core_clk/X                20     26     -6 (VIOLATED)
clkbuf_leaf_62_core_clk/X                20     26     -6 (VIOLATED)
clkbuf_leaf_64_core_clk/X                20     26     -6 (VIOLATED)
clkbuf_leaf_66_core_clk/X                20     26     -6 (VIOLATED)
clkbuf_leaf_68_core_clk/X                20     26     -6 (VIOLATED)
clkbuf_leaf_76_core_clk/X                20     26     -6 (VIOLATED)
clkbuf_leaf_80_core_clk/X                20     26     -6 (VIOLATED)
clkbuf_leaf_89_core_clk/X                20     26     -6 (VIOLATED)
clkbuf_leaf_95_core_clk/X                20     26     -6 (VIOLATED)
clkbuf_5_12_1_core_clk/X                 20     24     -4 (VIOLATED)
clkbuf_5_13_1_core_clk/X                 20     24     -4 (VIOLATED)
clkbuf_5_19_1_core_clk/X                 20     24     -4 (VIOLATED)
clkbuf_5_21_1_core_clk/X                 20     24     -4 (VIOLATED)
clkbuf_5_31_1_core_clk/X                 20     24     -4 (VIOLATED)
clkbuf_5_9_1_core_clk/X                  20     24     -4 (VIOLATED)
clkbuf_leaf_103_core_clk/X               20     24     -4 (VIOLATED)
clkbuf_leaf_104_core_clk/X               20     24     -4 (VIOLATED)
clkbuf_leaf_111_core_clk/X               20     24     -4 (VIOLATED)
clkbuf_leaf_122_core_clk/X               20     24     -4 (VIOLATED)
clkbuf_leaf_143_core_clk/X               20     24     -4 (VIOLATED)
clkbuf_leaf_147_core_clk/X               20     24     -4 (VIOLATED)
clkbuf_leaf_16_core_clk/X                20     24     -4 (VIOLATED)
clkbuf_leaf_170_core_clk/X               20     24     -4 (VIOLATED)
clkbuf_leaf_179_core_clk/X               20     24     -4 (VIOLATED)
clkbuf_leaf_183_core_clk/X               20     24     -4 (VIOLATED)
clkbuf_leaf_21_core_clk/X                20     24     -4 (VIOLATED)
clkbuf_leaf_23_core_clk/X                20     24     -4 (VIOLATED)
clkbuf_leaf_241_core_clk/X               20     24     -4 (VIOLATED)
clkbuf_leaf_252_core_clk/X               20     24     -4 (VIOLATED)
clkbuf_leaf_253_core_clk/X               20     24     -4 (VIOLATED)
clkbuf_leaf_259_core_clk/X               20     24     -4 (VIOLATED)
clkbuf_leaf_27_core_clk/X                20     24     -4 (VIOLATED)
clkbuf_leaf_297_core_clk/X               20     24     -4 (VIOLATED)
clkbuf_leaf_29_core_clk/X                20     24     -4 (VIOLATED)
clkbuf_leaf_300_core_clk/X               20     24     -4 (VIOLATED)
clkbuf_leaf_30_core_clk/X                20     24     -4 (VIOLATED)
clkbuf_leaf_314_core_clk/X               20     24     -4 (VIOLATED)
clkbuf_leaf_318_core_clk/X               20     24     -4 (VIOLATED)
clkbuf_leaf_334_core_clk/X               20     24     -4 (VIOLATED)
clkbuf_leaf_336_core_clk/X               20     24     -4 (VIOLATED)
clkbuf_leaf_348_core_clk/X               20     24     -4 (VIOLATED)
clkbuf_leaf_34_core_clk/X                20     24     -4 (VIOLATED)
clkbuf_leaf_350_core_clk/X               20     24     -4 (VIOLATED)
clkbuf_leaf_358_core_clk/X               20     24     -4 (VIOLATED)
clkbuf_leaf_363_core_clk/X               20     24     -4 (VIOLATED)
clkbuf_leaf_365_core_clk/X               20     24     -4 (VIOLATED)
clkbuf_leaf_371_core_clk/X               20     24     -4 (VIOLATED)
clkbuf_leaf_372_core_clk/X               20     24     -4 (VIOLATED)
clkbuf_leaf_380_core_clk/X               20     24     -4 (VIOLATED)
clkbuf_leaf_381_core_clk/X               20     24     -4 (VIOLATED)
clkbuf_leaf_386_core_clk/X               20     24     -4 (VIOLATED)
clkbuf_leaf_392_core_clk/X               20     24     -4 (VIOLATED)
clkbuf_leaf_395_core_clk/X               20     24     -4 (VIOLATED)
clkbuf_leaf_407_core_clk/X               20     24     -4 (VIOLATED)
clkbuf_leaf_409_core_clk/X               20     24     -4 (VIOLATED)
clkbuf_leaf_410_core_clk/X               20     24     -4 (VIOLATED)
clkbuf_leaf_424_core_clk/X               20     24     -4 (VIOLATED)
clkbuf_leaf_55_core_clk/X                20     24     -4 (VIOLATED)
clkbuf_leaf_56_core_clk/X                20     24     -4 (VIOLATED)
clkbuf_leaf_75_core_clk/X                20     24     -4 (VIOLATED)
clkbuf_5_6_1_core_clk/X                  20     22     -2 (VIOLATED)
clkbuf_leaf_118_core_clk/X               20     22     -2 (VIOLATED)
clkbuf_leaf_119_core_clk/X               20     22     -2 (VIOLATED)
clkbuf_leaf_142_core_clk/X               20     22     -2 (VIOLATED)
clkbuf_leaf_146_core_clk/X               20     22     -2 (VIOLATED)
clkbuf_leaf_152_core_clk/X               20     22     -2 (VIOLATED)
clkbuf_leaf_160_core_clk/X               20     22     -2 (VIOLATED)
clkbuf_leaf_161_core_clk/X               20     22     -2 (VIOLATED)
clkbuf_leaf_177_core_clk/X               20     22     -2 (VIOLATED)
clkbuf_leaf_181_core_clk/X               20     22     -2 (VIOLATED)
clkbuf_leaf_207_core_clk/X               20     22     -2 (VIOLATED)
clkbuf_leaf_229_core_clk/X               20     22     -2 (VIOLATED)
clkbuf_leaf_248_core_clk/X               20     22     -2 (VIOLATED)
clkbuf_leaf_251_core_clk/X               20     22     -2 (VIOLATED)
clkbuf_leaf_271_core_clk/X               20     22     -2 (VIOLATED)
clkbuf_leaf_272_core_clk/X               20     22     -2 (VIOLATED)
clkbuf_leaf_279_core_clk/X               20     22     -2 (VIOLATED)
clkbuf_leaf_281_core_clk/X               20     22     -2 (VIOLATED)
clkbuf_leaf_282_core_clk/X               20     22     -2 (VIOLATED)
clkbuf_leaf_305_core_clk/X               20     22     -2 (VIOLATED)
clkbuf_leaf_308_core_clk/X               20     22     -2 (VIOLATED)
clkbuf_leaf_315_core_clk/X               20     22     -2 (VIOLATED)
clkbuf_leaf_31_core_clk/X                20     22     -2 (VIOLATED)
clkbuf_leaf_325_core_clk/X               20     22     -2 (VIOLATED)
clkbuf_leaf_328_core_clk/X               20     22     -2 (VIOLATED)
clkbuf_leaf_345_core_clk/X               20     22     -2 (VIOLATED)
clkbuf_leaf_346_core_clk/X               20     22     -2 (VIOLATED)
clkbuf_leaf_373_core_clk/X               20     22     -2 (VIOLATED)
clkbuf_leaf_375_core_clk/X               20     22     -2 (VIOLATED)
clkbuf_leaf_398_core_clk/X               20     22     -2 (VIOLATED)
clkbuf_leaf_403_core_clk/X               20     22     -2 (VIOLATED)
clkbuf_leaf_70_core_clk/X                20     22     -2 (VIOLATED)
clkbuf_leaf_72_core_clk/X                20     22     -2 (VIOLATED)
clkbuf_leaf_84_core_clk/X                20     22     -2 (VIOLATED)
clkbuf_leaf_97_core_clk/X                20     22     -2 (VIOLATED)


===========================================================================
max slew violation count 82
max fanout violation count 254
max cap violation count 0
============================================================================
