
gpio_mgmt.elf:     file format elf32-littleriscv


Disassembly of section .text:

10000000 <start>:
10000000:	00000093          	li	ra,0
10000004:	00000193          	li	gp,0
10000008:	00000213          	li	tp,0
1000000c:	00000293          	li	t0,0
10000010:	00000313          	li	t1,0
10000014:	00000393          	li	t2,0
10000018:	00000413          	li	s0,0
1000001c:	00000493          	li	s1,0
10000020:	00000513          	li	a0,0
10000024:	00000593          	li	a1,0
10000028:	00000613          	li	a2,0
1000002c:	00000693          	li	a3,0
10000030:	00000713          	li	a4,0
10000034:	00000793          	li	a5,0
10000038:	00000813          	li	a6,0
1000003c:	00000893          	li	a7,0
10000040:	00000913          	li	s2,0
10000044:	00000993          	li	s3,0
10000048:	00000a13          	li	s4,0
1000004c:	00000a93          	li	s5,0
10000050:	00000b13          	li	s6,0
10000054:	00000b93          	li	s7,0
10000058:	00000c13          	li	s8,0
1000005c:	00000c93          	li	s9,0
10000060:	00000d13          	li	s10,0
10000064:	00000d93          	li	s11,0
10000068:	00000e13          	li	t3,0
1000006c:	00000e93          	li	t4,0
10000070:	00000f13          	li	t5,0
10000074:	00000f93          	li	t6,0
10000078:	00000517          	auipc	a0,0x0
1000007c:	22450513          	addi	a0,a0,548 # 1000029c <_etext>
10000080:	f1000597          	auipc	a1,0xf1000
10000084:	f8058593          	addi	a1,a1,-128 # 1000000 <_ebss>
10000088:	f1000617          	auipc	a2,0xf1000
1000008c:	f7860613          	addi	a2,a2,-136 # 1000000 <_ebss>
10000090:	00c5dc63          	bge	a1,a2,100000a8 <end_init_data>

10000094 <loop_init_data>:
10000094:	00052683          	lw	a3,0(a0)
10000098:	00d5a023          	sw	a3,0(a1)
1000009c:	00450513          	addi	a0,a0,4
100000a0:	00458593          	addi	a1,a1,4
100000a4:	fec5c8e3          	blt	a1,a2,10000094 <loop_init_data>

100000a8 <end_init_data>:
100000a8:	f1000517          	auipc	a0,0xf1000
100000ac:	f5850513          	addi	a0,a0,-168 # 1000000 <_ebss>
100000b0:	f1000597          	auipc	a1,0xf1000
100000b4:	f5058593          	addi	a1,a1,-176 # 1000000 <_ebss>
100000b8:	00b55863          	bge	a0,a1,100000c8 <end_init_bss>

100000bc <loop_init_bss>:
100000bc:	00052023          	sw	zero,0(a0)
100000c0:	00450513          	addi	a0,a0,4
100000c4:	feb54ce3          	blt	a0,a1,100000bc <loop_init_bss>

100000c8 <end_init_bss>:
100000c8:	f1000117          	auipc	sp,0xf1000
100000cc:	73810113          	addi	sp,sp,1848 # 1000800 <_fstack>
100000d0:	0ec000ef          	jal	ra,100001bc <main>

100000d4 <loop>:
100000d4:	0000006f          	j	100000d4 <loop>

100000d8 <flashio_worker_begin>:
100000d8:	280002b7          	lui	t0,0x28000
100000dc:	12000313          	li	t1,288
100000e0:	00629023          	sh	t1,0(t0) # 28000000 <_etext+0x17fffd64>
100000e4:	000281a3          	sb	zero,3(t0)
100000e8:	02060863          	beqz	a2,10000118 <flashio_worker_L1>
100000ec:	00800f13          	li	t5,8
100000f0:	0ff67393          	andi	t2,a2,255

100000f4 <flashio_worker_L4>:
100000f4:	0073de93          	srli	t4,t2,0x7
100000f8:	01d28023          	sb	t4,0(t0)
100000fc:	010eee93          	ori	t4,t4,16
10000100:	01d28023          	sb	t4,0(t0)
10000104:	00139393          	slli	t2,t2,0x1
10000108:	0ff3f393          	andi	t2,t2,255
1000010c:	ffff0f13          	addi	t5,t5,-1
10000110:	fe0f12e3          	bnez	t5,100000f4 <flashio_worker_L4>
10000114:	00628023          	sb	t1,0(t0)

10000118 <flashio_worker_L1>:
10000118:	06058063          	beqz	a1,10000178 <flashio_worker_L3>
1000011c:	02000f13          	li	t5,32
10000120:	00052383          	lw	t2,0(a0)

10000124 <flashio_worker_LY>:
10000124:	00800f93          	li	t6,8

10000128 <flashio_worker_L2>:
10000128:	01f3de93          	srli	t4,t2,0x1f
1000012c:	01d28023          	sb	t4,0(t0)
10000130:	010eee93          	ori	t4,t4,16
10000134:	01d28023          	sb	t4,0(t0)
10000138:	0002ce83          	lbu	t4,0(t0)
1000013c:	002efe93          	andi	t4,t4,2
10000140:	001ede93          	srli	t4,t4,0x1
10000144:	00139393          	slli	t2,t2,0x1
10000148:	01d3e3b3          	or	t2,t2,t4
1000014c:	ffff0f13          	addi	t5,t5,-1
10000150:	000f1863          	bnez	t5,10000160 <flashio_worker_LX>
10000154:	00752023          	sw	t2,0(a0)
10000158:	00450513          	addi	a0,a0,4
1000015c:	00052383          	lw	t2,0(a0)

10000160 <flashio_worker_LX>:
10000160:	ffff8f93          	addi	t6,t6,-1
10000164:	fc0f92e3          	bnez	t6,10000128 <flashio_worker_L2>
10000168:	fff58593          	addi	a1,a1,-1
1000016c:	fa059ce3          	bnez	a1,10000124 <flashio_worker_LY>
10000170:	000f0463          	beqz	t5,10000178 <flashio_worker_L3>
10000174:	00752023          	sw	t2,0(a0)

10000178 <flashio_worker_L3>:
10000178:	08000313          	li	t1,128
1000017c:	006281a3          	sb	t1,3(t0)
10000180:	00008067          	ret

10000184 <flush_cpu_icache>:
10000184:	ff010113          	addi	sp,sp,-16
10000188:	00812623          	sw	s0,12(sp)
1000018c:	01010413          	addi	s0,sp,16
10000190:	00000013          	nop
10000194:	00c12403          	lw	s0,12(sp)
10000198:	01010113          	addi	sp,sp,16
1000019c:	00008067          	ret

100001a0 <flush_cpu_dcache>:
100001a0:	ff010113          	addi	sp,sp,-16
100001a4:	00812623          	sw	s0,12(sp)
100001a8:	01010413          	addi	s0,sp,16
100001ac:	00000013          	nop
100001b0:	00c12403          	lw	s0,12(sp)
100001b4:	01010113          	addi	sp,sp,16
100001b8:	00008067          	ret

100001bc <main>:
100001bc:	fe010113          	addi	sp,sp,-32
100001c0:	00812e23          	sw	s0,28(sp)
100001c4:	02010413          	addi	s0,sp,32
100001c8:	f00037b7          	lui	a5,0xf0003
100001cc:	80078793          	addi	a5,a5,-2048 # f0002800 <_etext+0xe0002564>
100001d0:	00100713          	li	a4,1
100001d4:	00e7a023          	sw	a4,0(a5)
100001d8:	f00037b7          	lui	a5,0xf0003
100001dc:	80478793          	addi	a5,a5,-2044 # f0002804 <_etext+0xe0002568>
100001e0:	00100713          	li	a4,1
100001e4:	00e7a023          	sw	a4,0(a5)
100001e8:	f00037b7          	lui	a5,0xf0003
100001ec:	80878793          	addi	a5,a5,-2040 # f0002808 <_etext+0xe000256c>
100001f0:	00100713          	li	a4,1
100001f4:	00e7a023          	sw	a4,0(a5)
100001f8:	f00037b7          	lui	a5,0xf0003
100001fc:	80c78793          	addi	a5,a5,-2036 # f000280c <_etext+0xe0002570>
10000200:	00100713          	li	a4,1
10000204:	00e7a023          	sw	a4,0(a5)
10000208:	f00037b7          	lui	a5,0xf0003
1000020c:	81478793          	addi	a5,a5,-2028 # f0002814 <_etext+0xe0002578>
10000210:	00100713          	li	a4,1
10000214:	00e7a023          	sw	a4,0(a5)
10000218:	f00037b7          	lui	a5,0xf0003
1000021c:	81478793          	addi	a5,a5,-2028 # f0002814 <_etext+0xe0002578>
10000220:	0007a023          	sw	zero,0(a5)
10000224:	f00037b7          	lui	a5,0xf0003
10000228:	81478793          	addi	a5,a5,-2028 # f0002814 <_etext+0xe0002578>
1000022c:	0007a023          	sw	zero,0(a5)
10000230:	f00037b7          	lui	a5,0xf0003
10000234:	80878793          	addi	a5,a5,-2040 # f0002808 <_etext+0xe000256c>
10000238:	00100713          	li	a4,1
1000023c:	00e7a023          	sw	a4,0(a5)
10000240:	f00037b7          	lui	a5,0xf0003
10000244:	80c78793          	addi	a5,a5,-2036 # f000280c <_etext+0xe0002570>
10000248:	0007a023          	sw	zero,0(a5)
1000024c:	fe042623          	sw	zero,-20(s0)
10000250:	02c0006f          	j	1000027c <main+0xc0>
10000254:	f00037b7          	lui	a5,0xf0003
10000258:	81478793          	addi	a5,a5,-2028 # f0002814 <_etext+0xe0002578>
1000025c:	00100713          	li	a4,1
10000260:	00e7a023          	sw	a4,0(a5)
10000264:	f00037b7          	lui	a5,0xf0003
10000268:	81478793          	addi	a5,a5,-2028 # f0002814 <_etext+0xe0002578>
1000026c:	0007a023          	sw	zero,0(a5)
10000270:	fec42783          	lw	a5,-20(s0)
10000274:	00178793          	addi	a5,a5,1
10000278:	fef42623          	sw	a5,-20(s0)
1000027c:	fec42703          	lw	a4,-20(s0)
10000280:	00900793          	li	a5,9
10000284:	fce7d8e3          	bge	a5,a4,10000254 <main+0x98>
10000288:	00000013          	nop
1000028c:	00000013          	nop
10000290:	01c12403          	lw	s0,28(sp)
10000294:	02010113          	addi	sp,sp,32
10000298:	00008067          	ret

Disassembly of section .riscv.attributes:

00000000 <.riscv.attributes>:
   0:	2041                	jal	80 <_ebss-0xffff80>
   2:	0000                	unimp
   4:	7200                	flw	fs0,32(a2)
   6:	7369                	lui	t1,0xffffa
   8:	01007663          	bgeu	zero,a6,14 <_ebss-0xffffec>
   c:	0016                	c.slli	zero,0x5
   e:	0000                	unimp
  10:	1004                	addi	s1,sp,32
  12:	7205                	lui	tp,0xfffe1
  14:	3376                	fld	ft6,376(sp)
  16:	6932                	flw	fs2,12(sp)
  18:	7032                	flw	ft0,44(sp)
  1a:	5f30                	lw	a2,120(a4)
  1c:	326d                	jal	fffff9c6 <_etext+0xeffff72a>
  1e:	3070                	fld	fa2,224(s0)
	...

Disassembly of section .comment:

00000000 <.comment>:
   0:	3a434347          	fmsub.d	ft6,ft6,ft4,ft7,rmm
   4:	2820                	fld	fs0,80(s0)
   6:	29554e47          	fmsub.s	ft8,fa0,fs5,ft5,rmm
   a:	3920                	fld	fs0,112(a0)
   c:	322e                	fld	ft4,232(sp)
   e:	302e                	fld	ft0,232(sp)
	...
