[INFO]: Current run directory is /project/openlane/mgmt_core/runs/RUN_2021.11.23_18.34.59
[INFO]: Preparing LEF Files
[INFO]: Extracting the number of available metal layers from /ciic/pdks/sky130A/libs.ref/sky130_fd_sc_hd/techlef/sky130_fd_sc_hd.tlef
[INFO]: The number of available metal layers is 6
[INFO]: The available metal layers are li1 met1 met2 met3 met4 met5
[INFO]: Merging LEF Files...
[INFO]: Merging the following extra LEFs:  /ciic/pdks/sky130A/libs.ref/sky130_sram_macros/lef/sky130_sram_2kbyte_1rw1r_32x512_8.lef
[INFO]: Trimming Liberty...
[INFO]: Generating Exclude List...
[INFO]: Generating Exclude List...
[INFO]: Creating ::env(DONT_USE_CELLS)...
[INFO]: Storing configs into config.tcl ...
[INFO]: Preparation complete
[INFO]: Running Synthesis...
[INFO]: current step index: 1
[INFO]: Changing netlist from 0 to /project/openlane/mgmt_core/runs/RUN_2021.11.23_18.34.59/results/synthesis/mgmt_core.synthesis.v
[INFO]: Running Static Timing Analysis...
[INFO]: current step index: 2
[INFO]: Synthesis was successful
[INFO]: Running Floorplanning...
[INFO]: Running Initial Floorplanning...
[INFO]: current step index: 3
[INFO]: Core area width: 1979.7600000000002
[INFO]: Core area height: 718.24
[INFO]: Final Vertical PDN Offset: 16.32
[INFO]: Final Horizontal PDN Offset: 16.65
[INFO]: Final Vertical PDN Pitch: 50
[INFO]: Final Horizontal PDN Pitch: 130
[INFO]: Changing layout from 0 to /project/openlane/mgmt_core/runs/RUN_2021.11.23_18.34.59/tmp/floorplan/3-init_floorplan_openroad.def
[INFO]: current step index: 4
[INFO]: Changing layout from /project/openlane/mgmt_core/runs/RUN_2021.11.23_18.34.59/tmp/floorplan/3-init_floorplan_openroad.def to /project/openlane/mgmt_core/runs/RUN_2021.11.23_18.34.59/tmp/floorplan/4-ioPlacer.def
[INFO]:  Manual Macro Placement...
[INFO]: current step index: 5
[INFO]: Changing layout from /project/openlane/mgmt_core/runs/RUN_2021.11.23_18.34.59/tmp/floorplan/4-ioPlacer.def to /project/openlane/mgmt_core/runs/RUN_2021.11.23_18.34.59/tmp/floorplan/4-ioPlacer.macro_placement.def
[INFO]: Running Tap/Decap Insertion...
[INFO]: current step index: 6
[INFO]: Changing layout from /project/openlane/mgmt_core/runs/RUN_2021.11.23_18.34.59/tmp/floorplan/4-ioPlacer.macro_placement.def to /project/openlane/mgmt_core/runs/RUN_2021.11.23_18.34.59/results/floorplan/mgmt_core.floorplan.def
[INFO]: Power planning the following nets
[INFO]: Power: VPWR
[INFO]: Ground: VGND
[INFO]: Generating PDN...
[INFO]: current step index: 7
[INFO]: current step index: 8
[INFO]: PDN generation was successful.
[INFO]: Changing layout from /project/openlane/mgmt_core/runs/RUN_2021.11.23_18.34.59/results/floorplan/mgmt_core.floorplan.def to /project/openlane/mgmt_core/runs/RUN_2021.11.23_18.34.59/tmp/floorplan/7-pdn.def
[INFO]: Running Placement...
[INFO]: Running Global Placement...
[INFO]: current step index: 9
[INFO]: Global placement was successful
[INFO]: Changing layout from /project/openlane/mgmt_core/runs/RUN_2021.11.23_18.34.59/tmp/floorplan/7-pdn.def to /project/openlane/mgmt_core/runs/RUN_2021.11.23_18.34.59/tmp/placement/9-replace.def
[INFO]: Running Resizer Design Optimizations...
[INFO]: Changing layout from /project/openlane/mgmt_core/runs/RUN_2021.11.23_18.34.59/tmp/placement/9-replace.def to /project/openlane/mgmt_core/runs/RUN_2021.11.23_18.34.59/tmp/placement/9-resizer.def
[INFO]: Writing Verilog...
[INFO]: current step index: 10
[INFO]: Changing netlist from /project/openlane/mgmt_core/runs/RUN_2021.11.23_18.34.59/results/synthesis/mgmt_core.synthesis.v to /project/openlane/mgmt_core/runs/RUN_2021.11.23_18.34.59/results/resizer/mgmt_core_optimized.v
[INFO]: Running Detailed Placement...
[INFO]: current step index: 11
[INFO]: Changing layout from /project/openlane/mgmt_core/runs/RUN_2021.11.23_18.34.59/tmp/placement/9-resizer.def to /project/openlane/mgmt_core/runs/RUN_2021.11.23_18.34.59/results/placement/mgmt_core.placement.def
[INFO]: Changing layout from /project/openlane/mgmt_core/runs/RUN_2021.11.23_18.34.59/results/placement/mgmt_core.placement.def to /project/openlane/mgmt_core/runs/RUN_2021.11.23_18.34.59/results/placement/mgmt_core.placement.def
[INFO]: Running TritonCTS...
[INFO]: current step index: 12
[INFO]: Trimming Liberty...
[INFO]: Generating Exclude List...
[INFO]: Clock Tree Synthesis was successful
[INFO]: Changing layout from /project/openlane/mgmt_core/runs/RUN_2021.11.23_18.34.59/results/placement/mgmt_core.placement.def to /project/openlane/mgmt_core/runs/RUN_2021.11.23_18.34.59/results/cts/mgmt_core.cts.def
[INFO]: Writing Verilog...
[INFO]: current step index: 13
[INFO]: Changing netlist from /project/openlane/mgmt_core/runs/RUN_2021.11.23_18.34.59/results/resizer/mgmt_core_optimized.v to /project/openlane/mgmt_core/runs/RUN_2021.11.23_18.34.59/results/cts/mgmt_core.cts_resynth.v
[INFO]: Running Resizer Timing Optimizations...
[INFO]: Changing layout from /project/openlane/mgmt_core/runs/RUN_2021.11.23_18.34.59/results/cts/mgmt_core.cts.def to /project/openlane/mgmt_core/runs/RUN_2021.11.23_18.34.59/tmp/placement/13-resizer_timing.def
[INFO]: Writing Verilog...
[INFO]: current step index: 14
[INFO]: Changing netlist from /project/openlane/mgmt_core/runs/RUN_2021.11.23_18.34.59/results/cts/mgmt_core.cts_resynth.v to /project/openlane/mgmt_core/runs/RUN_2021.11.23_18.34.59/results/resizer/mgmt_core_optimized.v
[INFO]: Routing...
[INFO]: Running Resizer Timing Optimizations...
[INFO]: Changing layout from /project/openlane/mgmt_core/runs/RUN_2021.11.23_18.34.59/tmp/placement/13-resizer_timing.def to /project/openlane/mgmt_core/runs/RUN_2021.11.23_18.34.59/tmp/placement/14-resizer_timing.def
[INFO]: Writing Verilog...
[INFO]: current step index: 15
[INFO]: Changing netlist from /project/openlane/mgmt_core/runs/RUN_2021.11.23_18.34.59/results/resizer/mgmt_core_optimized.v to /project/openlane/mgmt_core/runs/RUN_2021.11.23_18.34.59/results/resizer/mgmt_core_optimized.v
[INFO]: Running Diode Insertion...
[INFO]: current step index: 16
[INFO]: Changing layout from /project/openlane/mgmt_core/runs/RUN_2021.11.23_18.34.59/tmp/placement/14-resizer_timing.def to /project/openlane/mgmt_core/runs/RUN_2021.11.23_18.34.59/tmp/placement/16-diodes.def
[INFO]: Running Detailed Placement...
[INFO]: current step index: 17
[INFO]: Changing layout from /project/openlane/mgmt_core/runs/RUN_2021.11.23_18.34.59/tmp/placement/16-diodes.def to /project/openlane/mgmt_core/runs/RUN_2021.11.23_18.34.59/results/placement/mgmt_core.placement.def
[INFO]: Changing layout from /project/openlane/mgmt_core/runs/RUN_2021.11.23_18.34.59/results/placement/mgmt_core.placement.def to /project/openlane/mgmt_core/runs/RUN_2021.11.23_18.34.59/results/placement/mgmt_core.placement.def
[INFO]: Writing Verilog...
[INFO]: current step index: 18
[INFO]: Changing netlist from /project/openlane/mgmt_core/runs/RUN_2021.11.23_18.34.59/results/resizer/mgmt_core_optimized.v to /project/openlane/mgmt_core/runs/RUN_2021.11.23_18.34.59/results/synthesis/mgmt_core.synthesis_diodes.v
[INFO]: Adding routing obstructions...
[WARNING]: Specifying a routing obstruction is now done using the coordinates
[WARNING]: of its bounding box instead of the now deprecated (x, y, size_x, size_y).
[INFO]: Obstructions added over  li1 0 0 10.16500 740.00, li1 0 0 2000 10.74000, li1 0 728.20000 2000.06000 740, li1 1988.99000 0 2000 740, li1 89.61500 100.78500 793.48000 538.37000
[INFO]: Changing layout from /project/openlane/mgmt_core/runs/RUN_2021.11.23_18.34.59/results/placement/mgmt_core.placement.def to /project/openlane/mgmt_core/runs/RUN_2021.11.23_18.34.59/results/placement/mgmt_core.placement.obs.def
[INFO]: Running Fill Insertion...
[INFO]: current step index: 19
[INFO]: Changing layout from /project/openlane/mgmt_core/runs/RUN_2021.11.23_18.34.59/results/placement/mgmt_core.placement.obs.def to /project/openlane/mgmt_core/runs/RUN_2021.11.23_18.34.59/tmp/routing/19-addspacers.def
[INFO]: Running Global Routing...
[INFO]: current step index: 20
[INFO]: Changing layout from /project/openlane/mgmt_core/runs/RUN_2021.11.23_18.34.59/tmp/routing/19-addspacers.def to /project/openlane/mgmt_core/runs/RUN_2021.11.23_18.34.59/tmp/routing/20-fastroute.def
[INFO]: Changing layout from 0 to /project/openlane/mgmt_core/runs/RUN_2021.11.23_18.34.59/tmp/routing/20-fastroute.guide
[INFO]: Current Def is /project/openlane/mgmt_core/runs/RUN_2021.11.23_18.34.59/tmp/routing/20-fastroute.def
[INFO]: Current Guide is /project/openlane/mgmt_core/runs/RUN_2021.11.23_18.34.59/tmp/routing/20-fastroute.guide
[INFO]: Writing Verilog...
[INFO]: current step index: 21
[INFO]: Changing netlist from /project/openlane/mgmt_core/runs/RUN_2021.11.23_18.34.59/results/synthesis/mgmt_core.synthesis_diodes.v to /project/openlane/mgmt_core/runs/RUN_2021.11.23_18.34.59/tmp/routing/fastroute_gr.v
[INFO]: Running Detailed Routing...
[INFO]: current step index: 22
[INFO]: Changing layout from /project/openlane/mgmt_core/runs/RUN_2021.11.23_18.34.59/tmp/routing/20-fastroute.def to /project/openlane/mgmt_core/runs/RUN_2021.11.23_18.34.59/results/routing/21-mgmt_core.def
[INFO]: Running SPEF Extraction...
[INFO]: current step index: 23
[INFO]: Running Static Timing Analysis...
[INFO]: current step index: 24
[INFO]: Running SPEF Extraction...
[INFO]: current step index: 25
[INFO]: Running SPEF Extraction...
[INFO]: current step index: 26
[INFO]: Running Static Timing Analysis...
[INFO]: current step index: 27
[INFO]: Calculating Runtime From the Start...
[INFO]: Routing completed for mgmt_core/2021.11.23_18.34.59 in 0h25m3s
[INFO]: Writing Powered Verilog...
[INFO]: current step index: 28
[INFO]: Writing Verilog...
[INFO]: current step index: 29
[INFO]: Yosys won't attempt to rewrite verilog, and the OpenROAD output will be used as is.
[INFO]: Changing netlist from /project/openlane/mgmt_core/runs/RUN_2021.11.23_18.34.59/tmp/routing/fastroute_gr.v to /project/openlane/mgmt_core/runs/RUN_2021.11.23_18.34.59/results/lvs/mgmt_core.lvs.powered.v
[INFO]: Running Magic to generate various views...
[INFO]: Streaming out GDS II...
[INFO]: current step index: 30
[INFO]: current step index: 31
[INFO]: current step index: 32
[INFO]: current step index: 33
[INFO]: Running Klayout to re-generate GDS-II...
[INFO]: Streaming out GDS II...
[INFO]: current step index: 34
[INFO]: Back-up GDS-II streamed out.
[INFO]: Running XOR on the layouts using Klayout...
[INFO]: current step index: 35
[INFO]: current step index: 36
[INFO]: Klayout XOR Complete
[INFO]: Running Magic Spice Export from LEF...
[INFO]: current step index: 37
[INFO]: No Illegal overlaps detected during extraction.
[INFO]: Running LEF LVS...
[INFO]: /project/openlane/mgmt_core/runs/RUN_2021.11.23_18.34.59/results/magic/mgmt_core.spice against /project/openlane/mgmt_core/runs/RUN_2021.11.23_18.34.59/results/lvs/mgmt_core.lvs.powered.v
[INFO]: current step index: 38
[ERROR]: during executing: "netgen -batch source /project/openlane/mgmt_core/runs/RUN_2021.11.23_18.34.59/tmp/lvs/setup_file.lef.lvs |& tee >&@stdout /project/openlane/mgmt_core/runs/RUN_2021.11.23_18.34.59/logs/lvs/38-lvs.lef.log"
[ERROR]: Exit code: 1
[ERROR]: Last 10 lines:
child killed: segmentation violation

[ERROR]: Please check netgen  log file
[ERROR]: Dumping to /project/openlane/mgmt_core/runs/RUN_2021.11.23_18.34.59/error.log
[INFO]: Calculating Runtime From the Start...
[INFO]: flow failed for mgmt_core/2021.11.23_18.34.59 in 0h37m57s
[INFO]: Generating Final Summary Report...
[INFO]: Design Name: mgmt_core
Run Directory: /project/openlane/mgmt_core/runs/RUN_2021.11.23_18.34.59
Source not found.
----------------------------------------

LVS Summary:
Source: /project/openlane/mgmt_core/runs/RUN_2021.11.23_18.34.59/results/lvs/mgmt_core.lvs_parsed.gds.log
Source not found.
----------------------------------------

Antenna Summary:
No antenna report found.
[INFO]: check full report here: /project/openlane/mgmt_core/runs/RUN_2021.11.23_18.34.59/reports/final_summary_report.csv
[INFO]: Saving Runtime Environment
[ERROR]: Flow Failed.
