
===========================================================================
report_checks -path_delay min (Hold)
============================================================================
Startpoint: Di[0] (input port clocked by CLK)
Endpoint: BLOCK[1].RAM128.BLOCK[1].RAM32.SLICE[1].RAM8.WORD[3].W.BYTE[0].B.BIT[0].genblk1.FF
          (rising edge-triggered flip-flop clocked by CLK)
Path Group: CLK
Path Type: min

Fanout     Cap    Slew   Delay    Time   Description
-----------------------------------------------------------------------------
                          0.00    0.00   clock CLK (rise edge)
                          0.00    0.00   clock network delay (propagated)
                          5.00    5.00 v input external delay
                  0.16    0.11    5.11 v Di[0] (in)
     4    0.07                           Di[0] (net)
                  0.16    0.00    5.11 v BLOCK[1].RAM128.DIBUF[0]/A (sky130_fd_sc_hd__clkbuf_16)
                  0.08    0.21    5.32 v BLOCK[1].RAM128.DIBUF[0]/X (sky130_fd_sc_hd__clkbuf_16)
     8    0.10                           BLOCK[1].RAM128.BLOCK[0].RAM32.Di[0] (net)
                  0.09    0.02    5.34 v BLOCK[1].RAM128.BLOCK[1].RAM32.DIBUF[0]/A (sky130_fd_sc_hd__clkbuf_16)
                  0.13    0.22    5.57 v BLOCK[1].RAM128.BLOCK[1].RAM32.DIBUF[0]/X (sky130_fd_sc_hd__clkbuf_16)
    64    0.19                           BLOCK[1].RAM128.BLOCK[1].RAM32.Di_buf[0] (net)
                  0.14    0.02    5.59 v BLOCK[1].RAM128.BLOCK[1].RAM32.SLICE[1].RAM8.WORD[3].W.BYTE[0].B.BIT[0].genblk1.FF/D (sky130_fd_sc_hd__dfxtp_1)
                                  5.59   data arrival time

                          0.00    0.00   clock CLK (rise edge)
                          0.00    0.00   clock source latency
                  0.28    0.21    0.21 ^ CLK (in)
     4    0.06                           CLK (net)
                  0.28    0.00    0.21 ^ BLOCK[1].RAM128.CLKBUF/A (sky130_fd_sc_hd__clkbuf_4)
                  2.49    1.66    1.86 ^ BLOCK[1].RAM128.CLKBUF/X (sky130_fd_sc_hd__clkbuf_4)
   264    0.85                           BLOCK[1].RAM128.BLOCK[0].RAM32.CLK (net)
                  2.61    0.44    2.31 ^ BLOCK[1].RAM128.BLOCK[1].RAM32.CLKBUF/A (sky130_fd_sc_hd__clkbuf_2)
                  0.12    0.43    2.73 ^ BLOCK[1].RAM128.BLOCK[1].RAM32.CLKBUF/X (sky130_fd_sc_hd__clkbuf_2)
     4    0.01                           BLOCK[1].RAM128.BLOCK[1].RAM32.CLK_buf (net)
                  0.12    0.01    2.74 ^ BLOCK[1].RAM128.BLOCK[1].RAM32.SLICE[1].RAM8.CLKBUF/A (sky130_fd_sc_hd__clkbuf_2)
                  0.14    0.20    2.94 ^ BLOCK[1].RAM128.BLOCK[1].RAM32.SLICE[1].RAM8.CLKBUF/X (sky130_fd_sc_hd__clkbuf_2)
     8    0.02                           BLOCK[1].RAM128.BLOCK[1].RAM32.SLICE[1].RAM8.CLK_buf (net)
                  0.14    0.01    2.95 ^ BLOCK[1].RAM128.BLOCK[1].RAM32.SLICE[1].RAM8.WORD[3].W.CLKBUF/A (sky130_fd_sc_hd__clkbuf_1)
                  0.98    0.77    3.72 ^ BLOCK[1].RAM128.BLOCK[1].RAM32.SLICE[1].RAM8.WORD[3].W.CLKBUF/X (sky130_fd_sc_hd__clkbuf_1)
     8    0.08                           BLOCK[1].RAM128.BLOCK[1].RAM32.SLICE[1].RAM8.WORD[3].W.BYTE[0].B.CLK (net)
                  0.98    0.03    3.75 ^ BLOCK[1].RAM128.BLOCK[1].RAM32.SLICE[1].RAM8.WORD[3].W.BYTE[0].B.genblk1.CG/CLK (sky130_fd_sc_hd__dlclkp_1)
                  0.26    0.42    4.16 ^ BLOCK[1].RAM128.BLOCK[1].RAM32.SLICE[1].RAM8.WORD[3].W.BYTE[0].B.genblk1.CG/GCLK (sky130_fd_sc_hd__dlclkp_1)
     8    0.03                           BLOCK[1].RAM128.BLOCK[1].RAM32.SLICE[1].RAM8.WORD[3].W.BYTE[0].B.GCLK (net)
                  0.26    0.00    4.17 ^ BLOCK[1].RAM128.BLOCK[1].RAM32.SLICE[1].RAM8.WORD[3].W.BYTE[0].B.BIT[0].genblk1.FF/CLK (sky130_fd_sc_hd__dfxtp_1)
                          0.00    4.17   clock reconvergence pessimism
                         -0.05    4.12   library hold time
                                  4.12   data required time
-----------------------------------------------------------------------------
                                  4.12   data required time
                                 -5.59   data arrival time
-----------------------------------------------------------------------------
                                  1.47   slack (MET)


Startpoint: Di[20] (input port clocked by CLK)
Endpoint: BLOCK[1].RAM128.BLOCK[1].RAM32.SLICE[1].RAM8.WORD[3].W.BYTE[2].B.BIT[4].genblk1.FF
          (rising edge-triggered flip-flop clocked by CLK)
Path Group: CLK
Path Type: min

Fanout     Cap    Slew   Delay    Time   Description
-----------------------------------------------------------------------------
                          0.00    0.00   clock CLK (rise edge)
                          0.00    0.00   clock network delay (propagated)
                          5.00    5.00 v input external delay
                  0.15    0.11    5.11 v Di[20] (in)
     4    0.07                           Di[20] (net)
                  0.15    0.00    5.11 v BLOCK[1].RAM128.DIBUF[20]/A (sky130_fd_sc_hd__clkbuf_16)
                  0.09    0.23    5.33 v BLOCK[1].RAM128.DIBUF[20]/X (sky130_fd_sc_hd__clkbuf_16)
     8    0.13                           BLOCK[1].RAM128.BLOCK[0].RAM32.Di[20] (net)
                  0.10    0.02    5.35 v BLOCK[1].RAM128.BLOCK[1].RAM32.DIBUF[20]/A (sky130_fd_sc_hd__clkbuf_16)
                  0.14    0.24    5.59 v BLOCK[1].RAM128.BLOCK[1].RAM32.DIBUF[20]/X (sky130_fd_sc_hd__clkbuf_16)
    64    0.21                           BLOCK[1].RAM128.BLOCK[1].RAM32.Di_buf[20] (net)
                  0.14    0.01    5.60 v BLOCK[1].RAM128.BLOCK[1].RAM32.SLICE[1].RAM8.WORD[3].W.BYTE[2].B.BIT[4].genblk1.FF/D (sky130_fd_sc_hd__dfxtp_1)
                                  5.60   data arrival time

                          0.00    0.00   clock CLK (rise edge)
                          0.00    0.00   clock source latency
                  0.28    0.21    0.21 ^ CLK (in)
     4    0.06                           CLK (net)
                  0.28    0.00    0.21 ^ BLOCK[1].RAM128.CLKBUF/A (sky130_fd_sc_hd__clkbuf_4)
                  2.49    1.66    1.86 ^ BLOCK[1].RAM128.CLKBUF/X (sky130_fd_sc_hd__clkbuf_4)
   264    0.85                           BLOCK[1].RAM128.BLOCK[0].RAM32.CLK (net)
                  2.61    0.44    2.31 ^ BLOCK[1].RAM128.BLOCK[1].RAM32.CLKBUF/A (sky130_fd_sc_hd__clkbuf_2)
                  0.12    0.43    2.73 ^ BLOCK[1].RAM128.BLOCK[1].RAM32.CLKBUF/X (sky130_fd_sc_hd__clkbuf_2)
     4    0.01                           BLOCK[1].RAM128.BLOCK[1].RAM32.CLK_buf (net)
                  0.12    0.01    2.74 ^ BLOCK[1].RAM128.BLOCK[1].RAM32.SLICE[1].RAM8.CLKBUF/A (sky130_fd_sc_hd__clkbuf_2)
                  0.14    0.20    2.94 ^ BLOCK[1].RAM128.BLOCK[1].RAM32.SLICE[1].RAM8.CLKBUF/X (sky130_fd_sc_hd__clkbuf_2)
     8    0.02                           BLOCK[1].RAM128.BLOCK[1].RAM32.SLICE[1].RAM8.CLK_buf (net)
                  0.14    0.01    2.95 ^ BLOCK[1].RAM128.BLOCK[1].RAM32.SLICE[1].RAM8.WORD[3].W.CLKBUF/A (sky130_fd_sc_hd__clkbuf_1)
                  0.98    0.77    3.72 ^ BLOCK[1].RAM128.BLOCK[1].RAM32.SLICE[1].RAM8.WORD[3].W.CLKBUF/X (sky130_fd_sc_hd__clkbuf_1)
     8    0.08                           BLOCK[1].RAM128.BLOCK[1].RAM32.SLICE[1].RAM8.WORD[3].W.BYTE[0].B.CLK (net)
                  0.98    0.03    3.75 ^ BLOCK[1].RAM128.BLOCK[1].RAM32.SLICE[1].RAM8.WORD[3].W.BYTE[2].B.genblk1.CG/CLK (sky130_fd_sc_hd__dlclkp_1)
                  0.26    0.42    4.17 ^ BLOCK[1].RAM128.BLOCK[1].RAM32.SLICE[1].RAM8.WORD[3].W.BYTE[2].B.genblk1.CG/GCLK (sky130_fd_sc_hd__dlclkp_1)
     8    0.03                           BLOCK[1].RAM128.BLOCK[1].RAM32.SLICE[1].RAM8.WORD[3].W.BYTE[2].B.GCLK (net)
                  0.26    0.01    4.17 ^ BLOCK[1].RAM128.BLOCK[1].RAM32.SLICE[1].RAM8.WORD[3].W.BYTE[2].B.BIT[4].genblk1.FF/CLK (sky130_fd_sc_hd__dfxtp_1)
                          0.00    4.17   clock reconvergence pessimism
                         -0.05    4.13   library hold time
                                  4.13   data required time
-----------------------------------------------------------------------------
                                  4.13   data required time
                                 -5.60   data arrival time
-----------------------------------------------------------------------------
                                  1.47   slack (MET)


Startpoint: Di[7] (input port clocked by CLK)
Endpoint: BLOCK[1].RAM128.BLOCK[1].RAM32.SLICE[1].RAM8.WORD[3].W.BYTE[0].B.BIT[7].genblk1.FF
          (rising edge-triggered flip-flop clocked by CLK)
Path Group: CLK
Path Type: min

Fanout     Cap    Slew   Delay    Time   Description
-----------------------------------------------------------------------------
                          0.00    0.00   clock CLK (rise edge)
                          0.00    0.00   clock network delay (propagated)
                          5.00    5.00 v input external delay
                  0.15    0.10    5.10 v Di[7] (in)
     4    0.07                           Di[7] (net)
                  0.15    0.00    5.10 v BLOCK[1].RAM128.DIBUF[7]/A (sky130_fd_sc_hd__clkbuf_16)
                  0.09    0.22    5.32 v BLOCK[1].RAM128.DIBUF[7]/X (sky130_fd_sc_hd__clkbuf_16)
     8    0.10                           BLOCK[1].RAM128.BLOCK[0].RAM32.Di[7] (net)
                  0.09    0.01    5.33 v BLOCK[1].RAM128.BLOCK[1].RAM32.DIBUF[7]/A (sky130_fd_sc_hd__clkbuf_16)
                  0.14    0.21    5.54 v BLOCK[1].RAM128.BLOCK[1].RAM32.DIBUF[7]/X (sky130_fd_sc_hd__clkbuf_16)
    64    0.21                           BLOCK[1].RAM128.BLOCK[1].RAM32.Di_buf[7] (net)
                  0.17    0.05    5.59 v BLOCK[1].RAM128.BLOCK[1].RAM32.SLICE[1].RAM8.WORD[3].W.BYTE[0].B.BIT[7].genblk1.FF/D (sky130_fd_sc_hd__dfxtp_1)
                                  5.59   data arrival time

                          0.00    0.00   clock CLK (rise edge)
                          0.00    0.00   clock source latency
                  0.28    0.21    0.21 ^ CLK (in)
     4    0.06                           CLK (net)
                  0.28    0.00    0.21 ^ BLOCK[1].RAM128.CLKBUF/A (sky130_fd_sc_hd__clkbuf_4)
                  2.49    1.66    1.86 ^ BLOCK[1].RAM128.CLKBUF/X (sky130_fd_sc_hd__clkbuf_4)
   264    0.85                           BLOCK[1].RAM128.BLOCK[0].RAM32.CLK (net)
                  2.61    0.44    2.31 ^ BLOCK[1].RAM128.BLOCK[1].RAM32.CLKBUF/A (sky130_fd_sc_hd__clkbuf_2)
                  0.12    0.43    2.73 ^ BLOCK[1].RAM128.BLOCK[1].RAM32.CLKBUF/X (sky130_fd_sc_hd__clkbuf_2)
     4    0.01                           BLOCK[1].RAM128.BLOCK[1].RAM32.CLK_buf (net)
                  0.12    0.01    2.74 ^ BLOCK[1].RAM128.BLOCK[1].RAM32.SLICE[1].RAM8.CLKBUF/A (sky130_fd_sc_hd__clkbuf_2)
                  0.14    0.20    2.94 ^ BLOCK[1].RAM128.BLOCK[1].RAM32.SLICE[1].RAM8.CLKBUF/X (sky130_fd_sc_hd__clkbuf_2)
     8    0.02                           BLOCK[1].RAM128.BLOCK[1].RAM32.SLICE[1].RAM8.CLK_buf (net)
                  0.14    0.01    2.95 ^ BLOCK[1].RAM128.BLOCK[1].RAM32.SLICE[1].RAM8.WORD[3].W.CLKBUF/A (sky130_fd_sc_hd__clkbuf_1)
                  0.98    0.77    3.72 ^ BLOCK[1].RAM128.BLOCK[1].RAM32.SLICE[1].RAM8.WORD[3].W.CLKBUF/X (sky130_fd_sc_hd__clkbuf_1)
     8    0.08                           BLOCK[1].RAM128.BLOCK[1].RAM32.SLICE[1].RAM8.WORD[3].W.BYTE[0].B.CLK (net)
                  0.98    0.03    3.75 ^ BLOCK[1].RAM128.BLOCK[1].RAM32.SLICE[1].RAM8.WORD[3].W.BYTE[0].B.genblk1.CG/CLK (sky130_fd_sc_hd__dlclkp_1)
                  0.26    0.42    4.16 ^ BLOCK[1].RAM128.BLOCK[1].RAM32.SLICE[1].RAM8.WORD[3].W.BYTE[0].B.genblk1.CG/GCLK (sky130_fd_sc_hd__dlclkp_1)
     8    0.03                           BLOCK[1].RAM128.BLOCK[1].RAM32.SLICE[1].RAM8.WORD[3].W.BYTE[0].B.GCLK (net)
                  0.26    0.00    4.17 ^ BLOCK[1].RAM128.BLOCK[1].RAM32.SLICE[1].RAM8.WORD[3].W.BYTE[0].B.BIT[7].genblk1.FF/CLK (sky130_fd_sc_hd__dfxtp_1)
                          0.00    4.17   clock reconvergence pessimism
                         -0.06    4.11   library hold time
                                  4.11   data required time
-----------------------------------------------------------------------------
                                  4.11   data required time
                                 -5.59   data arrival time
-----------------------------------------------------------------------------
                                  1.48   slack (MET)


Startpoint: Di[5] (input port clocked by CLK)
Endpoint: BLOCK[1].RAM128.BLOCK[1].RAM32.SLICE[1].RAM8.WORD[3].W.BYTE[0].B.BIT[5].genblk1.FF
          (rising edge-triggered flip-flop clocked by CLK)
Path Group: CLK
Path Type: min

Fanout     Cap    Slew   Delay    Time   Description
-----------------------------------------------------------------------------
                          0.00    0.00   clock CLK (rise edge)
                          0.00    0.00   clock network delay (propagated)
                          5.00    5.00 v input external delay
                  0.14    0.10    5.10 v Di[5] (in)
     4    0.06                           Di[5] (net)
                  0.14    0.00    5.10 v BLOCK[1].RAM128.DIBUF[5]/A (sky130_fd_sc_hd__clkbuf_16)
                  0.09    0.21    5.31 v BLOCK[1].RAM128.DIBUF[5]/X (sky130_fd_sc_hd__clkbuf_16)
     8    0.10                           BLOCK[1].RAM128.BLOCK[0].RAM32.Di[5] (net)
                  0.09    0.01    5.33 v BLOCK[1].RAM128.BLOCK[1].RAM32.DIBUF[5]/A (sky130_fd_sc_hd__clkbuf_16)
                  0.13    0.20    5.53 v BLOCK[1].RAM128.BLOCK[1].RAM32.DIBUF[5]/X (sky130_fd_sc_hd__clkbuf_16)
    64    0.20                           BLOCK[1].RAM128.BLOCK[1].RAM32.Di_buf[5] (net)
                  0.18    0.06    5.59 v BLOCK[1].RAM128.BLOCK[1].RAM32.SLICE[1].RAM8.WORD[3].W.BYTE[0].B.BIT[5].genblk1.FF/D (sky130_fd_sc_hd__dfxtp_1)
                                  5.59   data arrival time

                          0.00    0.00   clock CLK (rise edge)
                          0.00    0.00   clock source latency
                  0.28    0.21    0.21 ^ CLK (in)
     4    0.06                           CLK (net)
                  0.28    0.00    0.21 ^ BLOCK[1].RAM128.CLKBUF/A (sky130_fd_sc_hd__clkbuf_4)
                  2.49    1.66    1.86 ^ BLOCK[1].RAM128.CLKBUF/X (sky130_fd_sc_hd__clkbuf_4)
   264    0.85                           BLOCK[1].RAM128.BLOCK[0].RAM32.CLK (net)
                  2.61    0.44    2.31 ^ BLOCK[1].RAM128.BLOCK[1].RAM32.CLKBUF/A (sky130_fd_sc_hd__clkbuf_2)
                  0.12    0.43    2.73 ^ BLOCK[1].RAM128.BLOCK[1].RAM32.CLKBUF/X (sky130_fd_sc_hd__clkbuf_2)
     4    0.01                           BLOCK[1].RAM128.BLOCK[1].RAM32.CLK_buf (net)
                  0.12    0.01    2.74 ^ BLOCK[1].RAM128.BLOCK[1].RAM32.SLICE[1].RAM8.CLKBUF/A (sky130_fd_sc_hd__clkbuf_2)
                  0.14    0.20    2.94 ^ BLOCK[1].RAM128.BLOCK[1].RAM32.SLICE[1].RAM8.CLKBUF/X (sky130_fd_sc_hd__clkbuf_2)
     8    0.02                           BLOCK[1].RAM128.BLOCK[1].RAM32.SLICE[1].RAM8.CLK_buf (net)
                  0.14    0.01    2.95 ^ BLOCK[1].RAM128.BLOCK[1].RAM32.SLICE[1].RAM8.WORD[3].W.CLKBUF/A (sky130_fd_sc_hd__clkbuf_1)
                  0.98    0.77    3.72 ^ BLOCK[1].RAM128.BLOCK[1].RAM32.SLICE[1].RAM8.WORD[3].W.CLKBUF/X (sky130_fd_sc_hd__clkbuf_1)
     8    0.08                           BLOCK[1].RAM128.BLOCK[1].RAM32.SLICE[1].RAM8.WORD[3].W.BYTE[0].B.CLK (net)
                  0.98    0.03    3.75 ^ BLOCK[1].RAM128.BLOCK[1].RAM32.SLICE[1].RAM8.WORD[3].W.BYTE[0].B.genblk1.CG/CLK (sky130_fd_sc_hd__dlclkp_1)
                  0.26    0.42    4.16 ^ BLOCK[1].RAM128.BLOCK[1].RAM32.SLICE[1].RAM8.WORD[3].W.BYTE[0].B.genblk1.CG/GCLK (sky130_fd_sc_hd__dlclkp_1)
     8    0.03                           BLOCK[1].RAM128.BLOCK[1].RAM32.SLICE[1].RAM8.WORD[3].W.BYTE[0].B.GCLK (net)
                  0.26    0.00    4.17 ^ BLOCK[1].RAM128.BLOCK[1].RAM32.SLICE[1].RAM8.WORD[3].W.BYTE[0].B.BIT[5].genblk1.FF/CLK (sky130_fd_sc_hd__dfxtp_1)
                          0.00    4.17   clock reconvergence pessimism
                         -0.06    4.11   library hold time
                                  4.11   data required time
-----------------------------------------------------------------------------
                                  4.11   data required time
                                 -5.59   data arrival time
-----------------------------------------------------------------------------
                                  1.48   slack (MET)


Startpoint: Di[21] (input port clocked by CLK)
Endpoint: BLOCK[1].RAM128.BLOCK[1].RAM32.SLICE[1].RAM8.WORD[3].W.BYTE[2].B.BIT[5].genblk1.FF
          (rising edge-triggered flip-flop clocked by CLK)
Path Group: CLK
Path Type: min

Fanout     Cap    Slew   Delay    Time   Description
-----------------------------------------------------------------------------
                          0.00    0.00   clock CLK (rise edge)
                          0.00    0.00   clock network delay (propagated)
                          5.00    5.00 v input external delay
                  0.11    0.08    5.08 v Di[21] (in)
     4    0.05                           Di[21] (net)
                  0.12    0.00    5.08 v BLOCK[1].RAM128.DIBUF[21]/A (sky130_fd_sc_hd__clkbuf_16)
                  0.09    0.20    5.28 v BLOCK[1].RAM128.DIBUF[21]/X (sky130_fd_sc_hd__clkbuf_16)
     8    0.14                           BLOCK[1].RAM128.BLOCK[0].RAM32.Di[21] (net)
                  0.15    0.05    5.33 v BLOCK[1].RAM128.BLOCK[1].RAM32.DIBUF[21]/A (sky130_fd_sc_hd__clkbuf_16)
                  0.14    0.24    5.57 v BLOCK[1].RAM128.BLOCK[1].RAM32.DIBUF[21]/X (sky130_fd_sc_hd__clkbuf_16)
    64    0.21                           BLOCK[1].RAM128.BLOCK[1].RAM32.Di_buf[21] (net)
                  0.16    0.04    5.61 v BLOCK[1].RAM128.BLOCK[1].RAM32.SLICE[1].RAM8.WORD[3].W.BYTE[2].B.BIT[5].genblk1.FF/D (sky130_fd_sc_hd__dfxtp_1)
                                  5.61   data arrival time

                          0.00    0.00   clock CLK (rise edge)
                          0.00    0.00   clock source latency
                  0.28    0.21    0.21 ^ CLK (in)
     4    0.06                           CLK (net)
                  0.28    0.00    0.21 ^ BLOCK[1].RAM128.CLKBUF/A (sky130_fd_sc_hd__clkbuf_4)
                  2.49    1.66    1.86 ^ BLOCK[1].RAM128.CLKBUF/X (sky130_fd_sc_hd__clkbuf_4)
   264    0.85                           BLOCK[1].RAM128.BLOCK[0].RAM32.CLK (net)
                  2.61    0.44    2.31 ^ BLOCK[1].RAM128.BLOCK[1].RAM32.CLKBUF/A (sky130_fd_sc_hd__clkbuf_2)
                  0.12    0.43    2.73 ^ BLOCK[1].RAM128.BLOCK[1].RAM32.CLKBUF/X (sky130_fd_sc_hd__clkbuf_2)
     4    0.01                           BLOCK[1].RAM128.BLOCK[1].RAM32.CLK_buf (net)
                  0.12    0.01    2.74 ^ BLOCK[1].RAM128.BLOCK[1].RAM32.SLICE[1].RAM8.CLKBUF/A (sky130_fd_sc_hd__clkbuf_2)
                  0.14    0.20    2.94 ^ BLOCK[1].RAM128.BLOCK[1].RAM32.SLICE[1].RAM8.CLKBUF/X (sky130_fd_sc_hd__clkbuf_2)
     8    0.02                           BLOCK[1].RAM128.BLOCK[1].RAM32.SLICE[1].RAM8.CLK_buf (net)
                  0.14    0.01    2.95 ^ BLOCK[1].RAM128.BLOCK[1].RAM32.SLICE[1].RAM8.WORD[3].W.CLKBUF/A (sky130_fd_sc_hd__clkbuf_1)
                  0.98    0.77    3.72 ^ BLOCK[1].RAM128.BLOCK[1].RAM32.SLICE[1].RAM8.WORD[3].W.CLKBUF/X (sky130_fd_sc_hd__clkbuf_1)
     8    0.08                           BLOCK[1].RAM128.BLOCK[1].RAM32.SLICE[1].RAM8.WORD[3].W.BYTE[0].B.CLK (net)
                  0.98    0.03    3.75 ^ BLOCK[1].RAM128.BLOCK[1].RAM32.SLICE[1].RAM8.WORD[3].W.BYTE[2].B.genblk1.CG/CLK (sky130_fd_sc_hd__dlclkp_1)
                  0.26    0.42    4.17 ^ BLOCK[1].RAM128.BLOCK[1].RAM32.SLICE[1].RAM8.WORD[3].W.BYTE[2].B.genblk1.CG/GCLK (sky130_fd_sc_hd__dlclkp_1)
     8    0.03                           BLOCK[1].RAM128.BLOCK[1].RAM32.SLICE[1].RAM8.WORD[3].W.BYTE[2].B.GCLK (net)
                  0.26    0.01    4.17 ^ BLOCK[1].RAM128.BLOCK[1].RAM32.SLICE[1].RAM8.WORD[3].W.BYTE[2].B.BIT[5].genblk1.FF/CLK (sky130_fd_sc_hd__dfxtp_1)
                          0.00    4.17   clock reconvergence pessimism
                         -0.05    4.12   library hold time
                                  4.12   data required time
-----------------------------------------------------------------------------
                                  4.12   data required time
                                 -5.61   data arrival time
-----------------------------------------------------------------------------
                                  1.49   slack (MET)


