
===========================================================================
 report_power
============================================================================


======================= Slowest Corner =================================

Group                  Internal  Switching    Leakage      Total
                          Power      Power      Power      Power
----------------------------------------------------------------
Sequential             1.09e-02   1.24e-04   1.24e-04   1.12e-02  42.7%
Combinational          2.21e-03   1.27e-02   8.32e-05   1.50e-02  57.3%
Macro                  0.00e+00   0.00e+00   0.00e+00   0.00e+00   0.0%
Pad                    0.00e+00   0.00e+00   0.00e+00   0.00e+00   0.0%
----------------------------------------------------------------
Total                  1.31e-02   1.28e-02   2.07e-04   2.62e-02 100.0%
                          50.2%      49.0%       0.8%

======================= Typical Corner ===================================

Group                  Internal  Switching    Leakage      Total
                          Power      Power      Power      Power
----------------------------------------------------------------
Sequential             1.42e-02   1.59e-04   7.13e-08   1.44e-02  42.6%
Combinational          2.76e-03   1.66e-02   6.36e-08   1.93e-02  57.4%
Macro                  0.00e+00   0.00e+00   0.00e+00   0.00e+00   0.0%
Pad                    0.00e+00   0.00e+00   0.00e+00   0.00e+00   0.0%
----------------------------------------------------------------
Total                  1.70e-02   1.67e-02   1.35e-07   3.37e-02 100.0%
                          50.4%      49.6%       0.0%


======================= Fastest Corner =================================

Group                  Internal  Switching    Leakage      Total
                          Power      Power      Power      Power
----------------------------------------------------------------
Sequential             1.67e-02   1.91e-04   1.23e-07   1.69e-02  41.6%
Combinational          4.04e-03   1.97e-02   1.60e-07   2.37e-02  58.4%
Macro                  0.00e+00   0.00e+00   0.00e+00   0.00e+00   0.0%
Pad                    0.00e+00   0.00e+00   0.00e+00   0.00e+00   0.0%
----------------------------------------------------------------
Total                  2.07e-02   1.99e-02   2.83e-07   4.06e-02 100.0%
                          51.0%      49.0%       0.0%
