
===========================================================================
 report_clock_skew
============================================================================

======================== Slowest Corner ==================================

Clock CLK
Latency      CRPR       Skew
BLOCK[1].RAM128.BLOCK[1].RAM32.SLICE[1].RAM8.WORD[3].W.BYTE[2].B.BIT[0].genblk1.FF/CLK ^
   7.58
BLOCK[1].RAM128.BLOCK[1].RAM32.Do_FF[16]/CLK ^
   3.35     -0.33       3.90


======================= Typical Corner ===================================

Clock CLK
Latency      CRPR       Skew
BLOCK[1].RAM128.BLOCK[0].RAM32.SLICE[3].RAM8.WORD[3].W.BYTE[0].B.BIT[3].genblk1.FF/CLK ^
   4.13
BLOCK[1].RAM128.BLOCK[0].RAM32.Do_FF[3]/CLK ^
   1.88     -0.20       2.05


======================= Fastest Corner ===================================

Clock CLK
Latency      CRPR       Skew
BLOCK[1].RAM128.BLOCK[0].RAM32.SLICE[3].RAM8.WORD[3].W.BYTE[0].B.BIT[3].genblk1.FF/CLK ^
   2.74
BLOCK[1].RAM128.BLOCK[0].RAM32.Do_FF[3]/CLK ^
   1.34     -0.14       1.26

