
===========================================================================
report_checks -path_delay min (Hold)
============================================================================
Startpoint: _29494_ (rising edge-triggered flip-flop clocked by core_clk)
Endpoint: _29493_ (rising edge-triggered flip-flop clocked by core_clk)
Path Group: core_clk
Path Type: min

Fanout     Cap    Slew   Delay    Time   Description
-----------------------------------------------------------------------------
                          0.00    0.00   clock core_clk (rise edge)
                          0.00    0.00   clock source latency
                  0.00    0.00    0.00 ^ core_clk (in)
     1    0.07                           core_clk (net)
                  0.03    0.02    0.02 ^ clkbuf_0_core_clk/A (sky130_fd_sc_hd__clkbuf_16)
                  0.04    0.12    0.13 ^ clkbuf_0_core_clk/X (sky130_fd_sc_hd__clkbuf_16)
     2    0.02                           clknet_0_core_clk (net)
                  0.04    0.00    0.13 ^ clkbuf_1_0_0_core_clk/A (sky130_fd_sc_hd__clkbuf_8)
                  0.04    0.11    0.25 ^ clkbuf_1_0_0_core_clk/X (sky130_fd_sc_hd__clkbuf_8)
     1    0.01                           clknet_1_0_0_core_clk (net)
                  0.04    0.00    0.25 ^ clkbuf_1_0_1_core_clk/A (sky130_fd_sc_hd__clkbuf_8)
                  0.04    0.11    0.36 ^ clkbuf_1_0_1_core_clk/X (sky130_fd_sc_hd__clkbuf_8)
     1    0.01                           clknet_1_0_1_core_clk (net)
                  0.04    0.00    0.36 ^ clkbuf_1_0_2_core_clk/A (sky130_fd_sc_hd__clkbuf_8)
                  0.04    0.11    0.47 ^ clkbuf_1_0_2_core_clk/X (sky130_fd_sc_hd__clkbuf_8)
     1    0.01                           clknet_1_0_2_core_clk (net)
                  0.04    0.00    0.47 ^ clkbuf_1_0_3_core_clk/A (sky130_fd_sc_hd__clkbuf_8)
                  0.04    0.11    0.58 ^ clkbuf_1_0_3_core_clk/X (sky130_fd_sc_hd__clkbuf_8)
     1    0.01                           clknet_1_0_3_core_clk (net)
                  0.04    0.00    0.58 ^ clkbuf_1_0_4_core_clk/A (sky130_fd_sc_hd__clkbuf_8)
                  0.04    0.11    0.69 ^ clkbuf_1_0_4_core_clk/X (sky130_fd_sc_hd__clkbuf_8)
     1    0.01                           clknet_1_0_4_core_clk (net)
                  0.04    0.00    0.69 ^ clkbuf_1_0_5_core_clk/A (sky130_fd_sc_hd__clkbuf_8)
                  0.03    0.10    0.79 ^ clkbuf_1_0_5_core_clk/X (sky130_fd_sc_hd__clkbuf_8)
     1    0.01                           clknet_1_0_5_core_clk (net)
                  0.03    0.00    0.79 ^ clkbuf_1_0_6_core_clk/A (sky130_fd_sc_hd__clkbuf_8)
                  0.04    0.11    0.91 ^ clkbuf_1_0_6_core_clk/X (sky130_fd_sc_hd__clkbuf_8)
     2    0.02                           clknet_1_0_6_core_clk (net)
                  0.04    0.00    0.91 ^ clkbuf_2_1_0_core_clk/A (sky130_fd_sc_hd__clkbuf_8)
                  0.04    0.11    1.02 ^ clkbuf_2_1_0_core_clk/X (sky130_fd_sc_hd__clkbuf_8)
     1    0.01                           clknet_2_1_0_core_clk (net)
                  0.04    0.00    1.02 ^ clkbuf_2_1_1_core_clk/A (sky130_fd_sc_hd__clkbuf_8)
                  0.06    0.13    1.15 ^ clkbuf_2_1_1_core_clk/X (sky130_fd_sc_hd__clkbuf_8)
     2    0.03                           clknet_2_1_1_core_clk (net)
                  0.06    0.00    1.15 ^ clkbuf_3_2_0_core_clk/A (sky130_fd_sc_hd__clkbuf_8)
                  0.04    0.12    1.27 ^ clkbuf_3_2_0_core_clk/X (sky130_fd_sc_hd__clkbuf_8)
     1    0.01                           clknet_3_2_0_core_clk (net)
                  0.04    0.00    1.27 ^ clkbuf_3_2_1_core_clk/A (sky130_fd_sc_hd__clkbuf_8)
                  0.04    0.11    1.38 ^ clkbuf_3_2_1_core_clk/X (sky130_fd_sc_hd__clkbuf_8)
     1    0.01                           clknet_3_2_1_core_clk (net)
                  0.04    0.00    1.38 ^ clkbuf_3_2_2_core_clk/A (sky130_fd_sc_hd__clkbuf_8)
                  0.06    0.13    1.51 ^ clkbuf_3_2_2_core_clk/X (sky130_fd_sc_hd__clkbuf_8)
     2    0.03                           clknet_3_2_2_core_clk (net)
                  0.06    0.00    1.51 ^ clkbuf_4_4_0_core_clk/A (sky130_fd_sc_hd__clkbuf_8)
                  0.06    0.14    1.65 ^ clkbuf_4_4_0_core_clk/X (sky130_fd_sc_hd__clkbuf_8)
     2    0.03                           clknet_4_4_0_core_clk (net)
                  0.06    0.00    1.65 ^ clkbuf_5_9_0_core_clk/A (sky130_fd_sc_hd__clkbuf_8)
                  0.03    0.11    1.77 ^ clkbuf_5_9_0_core_clk/X (sky130_fd_sc_hd__clkbuf_8)
     1    0.01                           clknet_5_9_0_core_clk (net)
                  0.03    0.00    1.77 ^ clkbuf_5_9_1_core_clk/A (sky130_fd_sc_hd__clkbuf_8)
                  0.05    0.12    1.88 ^ clkbuf_5_9_1_core_clk/X (sky130_fd_sc_hd__clkbuf_8)
     2    0.02                           clknet_5_9_1_core_clk (net)
                  0.05    0.00    1.89 ^ clkbuf_6_19_0_core_clk/A (sky130_fd_sc_hd__clkbuf_8)
                  0.13    0.18    2.07 ^ clkbuf_6_19_0_core_clk/X (sky130_fd_sc_hd__clkbuf_8)
     6    0.07                           clknet_6_19_0_core_clk (net)
                  0.13    0.00    2.07 ^ clkbuf_leaf_77_core_clk/A (sky130_fd_sc_hd__clkbuf_16)
                  0.05    0.16    2.23 ^ clkbuf_leaf_77_core_clk/X (sky130_fd_sc_hd__clkbuf_16)
    10    0.03                           clknet_leaf_77_core_clk (net)
                  0.05    0.00    2.23 ^ _29494_/CLK (sky130_fd_sc_hd__dfxtp_1)
                  0.04    0.29    2.52 ^ _29494_/Q (sky130_fd_sc_hd__dfxtp_1)
     1    0.00                           core.multiregimpl33_regs0 (net)
                  0.04    0.00    2.52 ^ _29493_/D (sky130_fd_sc_hd__dfxtp_1)
                                  2.52   data arrival time

                          0.00    0.00   clock core_clk (rise edge)
                          0.00    0.00   clock source latency
                  0.00    0.00    0.00 ^ core_clk (in)
     1    0.07                           core_clk (net)
                  0.03    0.02    0.02 ^ clkbuf_0_core_clk/A (sky130_fd_sc_hd__clkbuf_16)
                  0.04    0.13    0.15 ^ clkbuf_0_core_clk/X (sky130_fd_sc_hd__clkbuf_16)
     2    0.02                           clknet_0_core_clk (net)
                  0.04    0.00    0.15 ^ clkbuf_1_0_0_core_clk/A (sky130_fd_sc_hd__clkbuf_8)
                  0.04    0.13    0.27 ^ clkbuf_1_0_0_core_clk/X (sky130_fd_sc_hd__clkbuf_8)
     1    0.01                           clknet_1_0_0_core_clk (net)
                  0.04    0.00    0.27 ^ clkbuf_1_0_1_core_clk/A (sky130_fd_sc_hd__clkbuf_8)
                  0.04    0.12    0.39 ^ clkbuf_1_0_1_core_clk/X (sky130_fd_sc_hd__clkbuf_8)
     1    0.01                           clknet_1_0_1_core_clk (net)
                  0.04    0.00    0.39 ^ clkbuf_1_0_2_core_clk/A (sky130_fd_sc_hd__clkbuf_8)
                  0.04    0.12    0.51 ^ clkbuf_1_0_2_core_clk/X (sky130_fd_sc_hd__clkbuf_8)
     1    0.01                           clknet_1_0_2_core_clk (net)
                  0.04    0.00    0.51 ^ clkbuf_1_0_3_core_clk/A (sky130_fd_sc_hd__clkbuf_8)
                  0.04    0.12    0.64 ^ clkbuf_1_0_3_core_clk/X (sky130_fd_sc_hd__clkbuf_8)
     1    0.01                           clknet_1_0_3_core_clk (net)
                  0.04    0.00    0.64 ^ clkbuf_1_0_4_core_clk/A (sky130_fd_sc_hd__clkbuf_8)
                  0.04    0.12    0.76 ^ clkbuf_1_0_4_core_clk/X (sky130_fd_sc_hd__clkbuf_8)
     1    0.01                           clknet_1_0_4_core_clk (net)
                  0.04    0.00    0.76 ^ clkbuf_1_0_5_core_clk/A (sky130_fd_sc_hd__clkbuf_8)
                  0.03    0.12    0.87 ^ clkbuf_1_0_5_core_clk/X (sky130_fd_sc_hd__clkbuf_8)
     1    0.01                           clknet_1_0_5_core_clk (net)
                  0.03    0.00    0.87 ^ clkbuf_1_0_6_core_clk/A (sky130_fd_sc_hd__clkbuf_8)
                  0.04    0.13    1.00 ^ clkbuf_1_0_6_core_clk/X (sky130_fd_sc_hd__clkbuf_8)
     2    0.02                           clknet_1_0_6_core_clk (net)
                  0.04    0.00    1.00 ^ clkbuf_2_1_0_core_clk/A (sky130_fd_sc_hd__clkbuf_8)
                  0.04    0.12    1.13 ^ clkbuf_2_1_0_core_clk/X (sky130_fd_sc_hd__clkbuf_8)
     1    0.01                           clknet_2_1_0_core_clk (net)
                  0.04    0.00    1.13 ^ clkbuf_2_1_1_core_clk/A (sky130_fd_sc_hd__clkbuf_8)
                  0.06    0.14    1.27 ^ clkbuf_2_1_1_core_clk/X (sky130_fd_sc_hd__clkbuf_8)
     2    0.03                           clknet_2_1_1_core_clk (net)
                  0.06    0.00    1.27 ^ clkbuf_3_2_0_core_clk/A (sky130_fd_sc_hd__clkbuf_8)
                  0.04    0.13    1.40 ^ clkbuf_3_2_0_core_clk/X (sky130_fd_sc_hd__clkbuf_8)
     1    0.01                           clknet_3_2_0_core_clk (net)
                  0.04    0.00    1.40 ^ clkbuf_3_2_1_core_clk/A (sky130_fd_sc_hd__clkbuf_8)
                  0.04    0.12    1.53 ^ clkbuf_3_2_1_core_clk/X (sky130_fd_sc_hd__clkbuf_8)
     1    0.01                           clknet_3_2_1_core_clk (net)
                  0.04    0.00    1.53 ^ clkbuf_3_2_2_core_clk/A (sky130_fd_sc_hd__clkbuf_8)
                  0.06    0.15    1.67 ^ clkbuf_3_2_2_core_clk/X (sky130_fd_sc_hd__clkbuf_8)
     2    0.03                           clknet_3_2_2_core_clk (net)
                  0.06    0.00    1.67 ^ clkbuf_4_4_0_core_clk/A (sky130_fd_sc_hd__clkbuf_8)
                  0.06    0.15    1.83 ^ clkbuf_4_4_0_core_clk/X (sky130_fd_sc_hd__clkbuf_8)
     2    0.03                           clknet_4_4_0_core_clk (net)
                  0.06    0.00    1.83 ^ clkbuf_5_9_0_core_clk/A (sky130_fd_sc_hd__clkbuf_8)
                  0.03    0.13    1.95 ^ clkbuf_5_9_0_core_clk/X (sky130_fd_sc_hd__clkbuf_8)
     1    0.01                           clknet_5_9_0_core_clk (net)
                  0.03    0.00    1.95 ^ clkbuf_5_9_1_core_clk/A (sky130_fd_sc_hd__clkbuf_8)
                  0.05    0.13    2.08 ^ clkbuf_5_9_1_core_clk/X (sky130_fd_sc_hd__clkbuf_8)
     2    0.02                           clknet_5_9_1_core_clk (net)
                  0.05    0.00    2.08 ^ clkbuf_6_19_0_core_clk/A (sky130_fd_sc_hd__clkbuf_8)
                  0.13    0.20    2.29 ^ clkbuf_6_19_0_core_clk/X (sky130_fd_sc_hd__clkbuf_8)
     6    0.07                           clknet_6_19_0_core_clk (net)
                  0.13    0.00    2.29 ^ clkbuf_leaf_77_core_clk/A (sky130_fd_sc_hd__clkbuf_16)
                  0.05    0.18    2.46 ^ clkbuf_leaf_77_core_clk/X (sky130_fd_sc_hd__clkbuf_16)
    10    0.03                           clknet_leaf_77_core_clk (net)
                  0.05    0.00    2.46 ^ _29493_/CLK (sky130_fd_sc_hd__dfxtp_1)
                          0.12    2.58   clock uncertainty
                         -0.23    2.35   clock reconvergence pessimism
                         -0.03    2.32   library hold time
                                  2.32   data required time
-----------------------------------------------------------------------------
                                  2.32   data required time
                                 -2.52   data arrival time
-----------------------------------------------------------------------------
                                  0.20   slack (MET)


Startpoint: _29356_ (rising edge-triggered flip-flop clocked by core_clk)
Endpoint: _29355_ (rising edge-triggered flip-flop clocked by core_clk)
Path Group: core_clk
Path Type: min

Fanout     Cap    Slew   Delay    Time   Description
-----------------------------------------------------------------------------
                          0.00    0.00   clock core_clk (rise edge)
                          0.00    0.00   clock source latency
                  0.00    0.00    0.00 ^ core_clk (in)
     1    0.07                           core_clk (net)
                  0.03    0.02    0.02 ^ clkbuf_0_core_clk/A (sky130_fd_sc_hd__clkbuf_16)
                  0.04    0.12    0.13 ^ clkbuf_0_core_clk/X (sky130_fd_sc_hd__clkbuf_16)
     2    0.02                           clknet_0_core_clk (net)
                  0.04    0.00    0.13 ^ clkbuf_1_1_0_core_clk/A (sky130_fd_sc_hd__clkbuf_8)
                  0.04    0.11    0.24 ^ clkbuf_1_1_0_core_clk/X (sky130_fd_sc_hd__clkbuf_8)
     1    0.01                           clknet_1_1_0_core_clk (net)
                  0.04    0.00    0.24 ^ clkbuf_1_1_1_core_clk/A (sky130_fd_sc_hd__clkbuf_8)
                  0.04    0.11    0.35 ^ clkbuf_1_1_1_core_clk/X (sky130_fd_sc_hd__clkbuf_8)
     1    0.01                           clknet_1_1_1_core_clk (net)
                  0.04    0.00    0.35 ^ clkbuf_1_1_2_core_clk/A (sky130_fd_sc_hd__clkbuf_8)
                  0.04    0.11    0.46 ^ clkbuf_1_1_2_core_clk/X (sky130_fd_sc_hd__clkbuf_8)
     1    0.01                           clknet_1_1_2_core_clk (net)
                  0.04    0.00    0.46 ^ clkbuf_1_1_3_core_clk/A (sky130_fd_sc_hd__clkbuf_8)
                  0.04    0.11    0.57 ^ clkbuf_1_1_3_core_clk/X (sky130_fd_sc_hd__clkbuf_8)
     1    0.01                           clknet_1_1_3_core_clk (net)
                  0.04    0.00    0.57 ^ clkbuf_1_1_4_core_clk/A (sky130_fd_sc_hd__clkbuf_8)
                  0.04    0.11    0.68 ^ clkbuf_1_1_4_core_clk/X (sky130_fd_sc_hd__clkbuf_8)
     1    0.01                           clknet_1_1_4_core_clk (net)
                  0.04    0.00    0.68 ^ clkbuf_1_1_5_core_clk/A (sky130_fd_sc_hd__clkbuf_8)
                  0.03    0.10    0.79 ^ clkbuf_1_1_5_core_clk/X (sky130_fd_sc_hd__clkbuf_8)
     1    0.01                           clknet_1_1_5_core_clk (net)
                  0.03    0.00    0.79 ^ clkbuf_1_1_6_core_clk/A (sky130_fd_sc_hd__clkbuf_8)
                  0.06    0.13    0.92 ^ clkbuf_1_1_6_core_clk/X (sky130_fd_sc_hd__clkbuf_8)
     2    0.03                           clknet_1_1_6_core_clk (net)
                  0.06    0.00    0.92 ^ clkbuf_2_3_0_core_clk/A (sky130_fd_sc_hd__clkbuf_8)
                  0.04    0.12    1.04 ^ clkbuf_2_3_0_core_clk/X (sky130_fd_sc_hd__clkbuf_8)
     1    0.01                           clknet_2_3_0_core_clk (net)
                  0.04    0.00    1.04 ^ clkbuf_2_3_1_core_clk/A (sky130_fd_sc_hd__clkbuf_8)
                  0.06    0.13    1.17 ^ clkbuf_2_3_1_core_clk/X (sky130_fd_sc_hd__clkbuf_8)
     2    0.03                           clknet_2_3_1_core_clk (net)
                  0.06    0.00    1.17 ^ clkbuf_3_6_0_core_clk/A (sky130_fd_sc_hd__clkbuf_8)
                  0.04    0.12    1.29 ^ clkbuf_3_6_0_core_clk/X (sky130_fd_sc_hd__clkbuf_8)
     1    0.01                           clknet_3_6_0_core_clk (net)
                  0.04    0.00    1.29 ^ clkbuf_3_6_1_core_clk/A (sky130_fd_sc_hd__clkbuf_8)
                  0.04    0.11    1.40 ^ clkbuf_3_6_1_core_clk/X (sky130_fd_sc_hd__clkbuf_8)
     1    0.01                           clknet_3_6_1_core_clk (net)
                  0.04    0.00    1.40 ^ clkbuf_3_6_2_core_clk/A (sky130_fd_sc_hd__clkbuf_8)
                  0.06    0.13    1.53 ^ clkbuf_3_6_2_core_clk/X (sky130_fd_sc_hd__clkbuf_8)
     2    0.03                           clknet_3_6_2_core_clk (net)
                  0.06    0.00    1.53 ^ clkbuf_4_13_0_core_clk/A (sky130_fd_sc_hd__clkbuf_8)
                  0.06    0.14    1.67 ^ clkbuf_4_13_0_core_clk/X (sky130_fd_sc_hd__clkbuf_8)
     2    0.03                           clknet_4_13_0_core_clk (net)
                  0.06    0.00    1.67 ^ clkbuf_5_27_0_core_clk/A (sky130_fd_sc_hd__clkbuf_8)
                  0.03    0.11    1.78 ^ clkbuf_5_27_0_core_clk/X (sky130_fd_sc_hd__clkbuf_8)
     1    0.01                           clknet_5_27_0_core_clk (net)
                  0.03    0.00    1.78 ^ clkbuf_5_27_1_core_clk/A (sky130_fd_sc_hd__clkbuf_8)
                  0.05    0.12    1.90 ^ clkbuf_5_27_1_core_clk/X (sky130_fd_sc_hd__clkbuf_8)
     2    0.02                           clknet_5_27_1_core_clk (net)
                  0.05    0.00    1.90 ^ clkbuf_6_55_0_core_clk/A (sky130_fd_sc_hd__clkbuf_8)
                  0.24    0.26    2.16 ^ clkbuf_6_55_0_core_clk/X (sky130_fd_sc_hd__clkbuf_8)
    10    0.14                           clknet_6_55_0_core_clk (net)
                  0.24    0.00    2.16 ^ clkbuf_leaf_178_core_clk/A (sky130_fd_sc_hd__clkbuf_16)
                  0.08    0.21    2.37 ^ clkbuf_leaf_178_core_clk/X (sky130_fd_sc_hd__clkbuf_16)
    18    0.06                           clknet_leaf_178_core_clk (net)
                  0.08    0.00    2.37 ^ _29356_/CLK (sky130_fd_sc_hd__dfxtp_1)
                  0.04    0.31    2.68 v _29356_/Q (sky130_fd_sc_hd__dfxtp_1)
     1    0.01                           core.multiregimpl102_regs0 (net)
                  0.04    0.00    2.68 v _29355_/D (sky130_fd_sc_hd__dfxtp_1)
                                  2.68   data arrival time

                          0.00    0.00   clock core_clk (rise edge)
                          0.00    0.00   clock source latency
                  0.00    0.00    0.00 ^ core_clk (in)
     1    0.07                           core_clk (net)
                  0.03    0.02    0.02 ^ clkbuf_0_core_clk/A (sky130_fd_sc_hd__clkbuf_16)
                  0.04    0.13    0.15 ^ clkbuf_0_core_clk/X (sky130_fd_sc_hd__clkbuf_16)
     2    0.02                           clknet_0_core_clk (net)
                  0.04    0.00    0.15 ^ clkbuf_1_1_0_core_clk/A (sky130_fd_sc_hd__clkbuf_8)
                  0.04    0.12    0.27 ^ clkbuf_1_1_0_core_clk/X (sky130_fd_sc_hd__clkbuf_8)
     1    0.01                           clknet_1_1_0_core_clk (net)
                  0.04    0.00    0.27 ^ clkbuf_1_1_1_core_clk/A (sky130_fd_sc_hd__clkbuf_8)
                  0.04    0.12    0.39 ^ clkbuf_1_1_1_core_clk/X (sky130_fd_sc_hd__clkbuf_8)
     1    0.01                           clknet_1_1_1_core_clk (net)
                  0.04    0.00    0.39 ^ clkbuf_1_1_2_core_clk/A (sky130_fd_sc_hd__clkbuf_8)
                  0.04    0.12    0.51 ^ clkbuf_1_1_2_core_clk/X (sky130_fd_sc_hd__clkbuf_8)
     1    0.01                           clknet_1_1_2_core_clk (net)
                  0.04    0.00    0.51 ^ clkbuf_1_1_3_core_clk/A (sky130_fd_sc_hd__clkbuf_8)
                  0.04    0.12    0.63 ^ clkbuf_1_1_3_core_clk/X (sky130_fd_sc_hd__clkbuf_8)
     1    0.01                           clknet_1_1_3_core_clk (net)
                  0.04    0.00    0.63 ^ clkbuf_1_1_4_core_clk/A (sky130_fd_sc_hd__clkbuf_8)
                  0.04    0.12    0.76 ^ clkbuf_1_1_4_core_clk/X (sky130_fd_sc_hd__clkbuf_8)
     1    0.01                           clknet_1_1_4_core_clk (net)
                  0.04    0.00    0.76 ^ clkbuf_1_1_5_core_clk/A (sky130_fd_sc_hd__clkbuf_8)
                  0.03    0.12    0.87 ^ clkbuf_1_1_5_core_clk/X (sky130_fd_sc_hd__clkbuf_8)
     1    0.01                           clknet_1_1_5_core_clk (net)
                  0.03    0.00    0.87 ^ clkbuf_1_1_6_core_clk/A (sky130_fd_sc_hd__clkbuf_8)
                  0.06    0.14    1.01 ^ clkbuf_1_1_6_core_clk/X (sky130_fd_sc_hd__clkbuf_8)
     2    0.03                           clknet_1_1_6_core_clk (net)
                  0.06    0.00    1.02 ^ clkbuf_2_3_0_core_clk/A (sky130_fd_sc_hd__clkbuf_8)
                  0.04    0.13    1.15 ^ clkbuf_2_3_0_core_clk/X (sky130_fd_sc_hd__clkbuf_8)
     1    0.01                           clknet_2_3_0_core_clk (net)
                  0.04    0.00    1.15 ^ clkbuf_2_3_1_core_clk/A (sky130_fd_sc_hd__clkbuf_8)
                  0.06    0.14    1.29 ^ clkbuf_2_3_1_core_clk/X (sky130_fd_sc_hd__clkbuf_8)
     2    0.03                           clknet_2_3_1_core_clk (net)
                  0.06    0.00    1.30 ^ clkbuf_3_6_0_core_clk/A (sky130_fd_sc_hd__clkbuf_8)
                  0.04    0.13    1.43 ^ clkbuf_3_6_0_core_clk/X (sky130_fd_sc_hd__clkbuf_8)
     1    0.01                           clknet_3_6_0_core_clk (net)
                  0.04    0.00    1.43 ^ clkbuf_3_6_1_core_clk/A (sky130_fd_sc_hd__clkbuf_8)
                  0.04    0.12    1.55 ^ clkbuf_3_6_1_core_clk/X (sky130_fd_sc_hd__clkbuf_8)
     1    0.01                           clknet_3_6_1_core_clk (net)
                  0.04    0.00    1.55 ^ clkbuf_3_6_2_core_clk/A (sky130_fd_sc_hd__clkbuf_8)
                  0.06    0.14    1.69 ^ clkbuf_3_6_2_core_clk/X (sky130_fd_sc_hd__clkbuf_8)
     2    0.03                           clknet_3_6_2_core_clk (net)
                  0.06    0.00    1.69 ^ clkbuf_4_13_0_core_clk/A (sky130_fd_sc_hd__clkbuf_8)
                  0.06    0.15    1.85 ^ clkbuf_4_13_0_core_clk/X (sky130_fd_sc_hd__clkbuf_8)
     2    0.03                           clknet_4_13_0_core_clk (net)
                  0.06    0.00    1.85 ^ clkbuf_5_27_0_core_clk/A (sky130_fd_sc_hd__clkbuf_8)
                  0.03    0.13    1.97 ^ clkbuf_5_27_0_core_clk/X (sky130_fd_sc_hd__clkbuf_8)
     1    0.01                           clknet_5_27_0_core_clk (net)
                  0.03    0.00    1.97 ^ clkbuf_5_27_1_core_clk/A (sky130_fd_sc_hd__clkbuf_8)
                  0.05    0.13    2.10 ^ clkbuf_5_27_1_core_clk/X (sky130_fd_sc_hd__clkbuf_8)
     2    0.02                           clknet_5_27_1_core_clk (net)
                  0.05    0.00    2.10 ^ clkbuf_6_55_0_core_clk/A (sky130_fd_sc_hd__clkbuf_8)
                  0.24    0.29    2.39 ^ clkbuf_6_55_0_core_clk/X (sky130_fd_sc_hd__clkbuf_8)
    10    0.14                           clknet_6_55_0_core_clk (net)
                  0.24    0.00    2.39 ^ clkbuf_leaf_177_core_clk/A (sky130_fd_sc_hd__clkbuf_16)
                  0.08    0.23    2.63 ^ clkbuf_leaf_177_core_clk/X (sky130_fd_sc_hd__clkbuf_16)
    19    0.06                           clknet_leaf_177_core_clk (net)
                  0.08    0.00    2.63 ^ _29355_/CLK (sky130_fd_sc_hd__dfxtp_1)
                          0.12    2.75   clock uncertainty
                         -0.23    2.52   clock reconvergence pessimism
                         -0.04    2.48   library hold time
                                  2.48   data required time
-----------------------------------------------------------------------------
                                  2.48   data required time
                                 -2.68   data arrival time
-----------------------------------------------------------------------------
                                  0.20   slack (MET)


Startpoint: _28466_ (rising edge-triggered flip-flop clocked by core_clk)
Endpoint: _28430_ (rising edge-triggered flip-flop clocked by core_clk)
Path Group: core_clk
Path Type: min

Fanout     Cap    Slew   Delay    Time   Description
-----------------------------------------------------------------------------
                          0.00    0.00   clock core_clk (rise edge)
                          0.00    0.00   clock source latency
                  0.00    0.00    0.00 ^ core_clk (in)
     1    0.07                           core_clk (net)
                  0.03    0.02    0.02 ^ clkbuf_0_core_clk/A (sky130_fd_sc_hd__clkbuf_16)
                  0.04    0.12    0.13 ^ clkbuf_0_core_clk/X (sky130_fd_sc_hd__clkbuf_16)
     2    0.02                           clknet_0_core_clk (net)
                  0.04    0.00    0.13 ^ clkbuf_1_0_0_core_clk/A (sky130_fd_sc_hd__clkbuf_8)
                  0.04    0.11    0.25 ^ clkbuf_1_0_0_core_clk/X (sky130_fd_sc_hd__clkbuf_8)
     1    0.01                           clknet_1_0_0_core_clk (net)
                  0.04    0.00    0.25 ^ clkbuf_1_0_1_core_clk/A (sky130_fd_sc_hd__clkbuf_8)
                  0.04    0.11    0.36 ^ clkbuf_1_0_1_core_clk/X (sky130_fd_sc_hd__clkbuf_8)
     1    0.01                           clknet_1_0_1_core_clk (net)
                  0.04    0.00    0.36 ^ clkbuf_1_0_2_core_clk/A (sky130_fd_sc_hd__clkbuf_8)
                  0.04    0.11    0.47 ^ clkbuf_1_0_2_core_clk/X (sky130_fd_sc_hd__clkbuf_8)
     1    0.01                           clknet_1_0_2_core_clk (net)
                  0.04    0.00    0.47 ^ clkbuf_1_0_3_core_clk/A (sky130_fd_sc_hd__clkbuf_8)
                  0.04    0.11    0.58 ^ clkbuf_1_0_3_core_clk/X (sky130_fd_sc_hd__clkbuf_8)
     1    0.01                           clknet_1_0_3_core_clk (net)
                  0.04    0.00    0.58 ^ clkbuf_1_0_4_core_clk/A (sky130_fd_sc_hd__clkbuf_8)
                  0.04    0.11    0.69 ^ clkbuf_1_0_4_core_clk/X (sky130_fd_sc_hd__clkbuf_8)
     1    0.01                           clknet_1_0_4_core_clk (net)
                  0.04    0.00    0.69 ^ clkbuf_1_0_5_core_clk/A (sky130_fd_sc_hd__clkbuf_8)
                  0.03    0.10    0.79 ^ clkbuf_1_0_5_core_clk/X (sky130_fd_sc_hd__clkbuf_8)
     1    0.01                           clknet_1_0_5_core_clk (net)
                  0.03    0.00    0.79 ^ clkbuf_1_0_6_core_clk/A (sky130_fd_sc_hd__clkbuf_8)
                  0.04    0.11    0.91 ^ clkbuf_1_0_6_core_clk/X (sky130_fd_sc_hd__clkbuf_8)
     2    0.02                           clknet_1_0_6_core_clk (net)
                  0.04    0.00    0.91 ^ clkbuf_2_0_0_core_clk/A (sky130_fd_sc_hd__clkbuf_8)
                  0.04    0.11    1.02 ^ clkbuf_2_0_0_core_clk/X (sky130_fd_sc_hd__clkbuf_8)
     1    0.01                           clknet_2_0_0_core_clk (net)
                  0.04    0.00    1.02 ^ clkbuf_2_0_1_core_clk/A (sky130_fd_sc_hd__clkbuf_8)
                  0.06    0.13    1.15 ^ clkbuf_2_0_1_core_clk/X (sky130_fd_sc_hd__clkbuf_8)
     2    0.03                           clknet_2_0_1_core_clk (net)
                  0.06    0.00    1.15 ^ clkbuf_3_1_0_core_clk/A (sky130_fd_sc_hd__clkbuf_8)
                  0.04    0.12    1.27 ^ clkbuf_3_1_0_core_clk/X (sky130_fd_sc_hd__clkbuf_8)
     1    0.01                           clknet_3_1_0_core_clk (net)
                  0.04    0.00    1.27 ^ clkbuf_3_1_1_core_clk/A (sky130_fd_sc_hd__clkbuf_8)
                  0.04    0.11    1.38 ^ clkbuf_3_1_1_core_clk/X (sky130_fd_sc_hd__clkbuf_8)
     1    0.01                           clknet_3_1_1_core_clk (net)
                  0.04    0.00    1.38 ^ clkbuf_3_1_2_core_clk/A (sky130_fd_sc_hd__clkbuf_8)
                  0.05    0.12    1.51 ^ clkbuf_3_1_2_core_clk/X (sky130_fd_sc_hd__clkbuf_8)
     2    0.02                           clknet_3_1_2_core_clk (net)
                  0.05    0.00    1.51 ^ clkbuf_4_3_0_core_clk/A (sky130_fd_sc_hd__clkbuf_8)
                  0.06    0.14    1.64 ^ clkbuf_4_3_0_core_clk/X (sky130_fd_sc_hd__clkbuf_8)
     2    0.03                           clknet_4_3_0_core_clk (net)
                  0.06    0.00    1.65 ^ clkbuf_5_6_0_core_clk/A (sky130_fd_sc_hd__clkbuf_8)
                  0.03    0.11    1.76 ^ clkbuf_5_6_0_core_clk/X (sky130_fd_sc_hd__clkbuf_8)
     1    0.01                           clknet_5_6_0_core_clk (net)
                  0.03    0.00    1.76 ^ clkbuf_5_6_1_core_clk/A (sky130_fd_sc_hd__clkbuf_8)
                  0.05    0.12    1.88 ^ clkbuf_5_6_1_core_clk/X (sky130_fd_sc_hd__clkbuf_8)
     2    0.02                           clknet_5_6_1_core_clk (net)
                  0.05    0.00    1.88 ^ clkbuf_6_13_0_core_clk/A (sky130_fd_sc_hd__clkbuf_8)
                  0.14    0.19    2.07 ^ clkbuf_6_13_0_core_clk/X (sky130_fd_sc_hd__clkbuf_8)
     6    0.07                           clknet_6_13_0_core_clk (net)
                  0.14    0.00    2.07 ^ clkbuf_leaf_23_core_clk/A (sky130_fd_sc_hd__clkbuf_16)
                  0.04    0.15    2.22 ^ clkbuf_leaf_23_core_clk/X (sky130_fd_sc_hd__clkbuf_16)
     4    0.02                           clknet_leaf_23_core_clk (net)
                  0.04    0.00    2.22 ^ _28466_/CLK (sky130_fd_sc_hd__dfxtp_1)
                  0.07    0.31    2.53 v _28466_/Q (sky130_fd_sc_hd__dfxtp_1)
     5    0.01                           core.VexRiscv.DBusSimplePlugin_memoryExceptionPort_payload_badAddr[21] (net)
                  0.07    0.00    2.53 v _28430_/D (sky130_fd_sc_hd__dfxtp_1)
                                  2.53   data arrival time

                          0.00    0.00   clock core_clk (rise edge)
                          0.00    0.00   clock source latency
                  0.00    0.00    0.00 ^ core_clk (in)
     1    0.07                           core_clk (net)
                  0.03    0.02    0.02 ^ clkbuf_0_core_clk/A (sky130_fd_sc_hd__clkbuf_16)
                  0.04    0.13    0.15 ^ clkbuf_0_core_clk/X (sky130_fd_sc_hd__clkbuf_16)
     2    0.02                           clknet_0_core_clk (net)
                  0.04    0.00    0.15 ^ clkbuf_1_0_0_core_clk/A (sky130_fd_sc_hd__clkbuf_8)
                  0.04    0.13    0.27 ^ clkbuf_1_0_0_core_clk/X (sky130_fd_sc_hd__clkbuf_8)
     1    0.01                           clknet_1_0_0_core_clk (net)
                  0.04    0.00    0.27 ^ clkbuf_1_0_1_core_clk/A (sky130_fd_sc_hd__clkbuf_8)
                  0.04    0.12    0.39 ^ clkbuf_1_0_1_core_clk/X (sky130_fd_sc_hd__clkbuf_8)
     1    0.01                           clknet_1_0_1_core_clk (net)
                  0.04    0.00    0.39 ^ clkbuf_1_0_2_core_clk/A (sky130_fd_sc_hd__clkbuf_8)
                  0.04    0.12    0.51 ^ clkbuf_1_0_2_core_clk/X (sky130_fd_sc_hd__clkbuf_8)
     1    0.01                           clknet_1_0_2_core_clk (net)
                  0.04    0.00    0.51 ^ clkbuf_1_0_3_core_clk/A (sky130_fd_sc_hd__clkbuf_8)
                  0.04    0.12    0.64 ^ clkbuf_1_0_3_core_clk/X (sky130_fd_sc_hd__clkbuf_8)
     1    0.01                           clknet_1_0_3_core_clk (net)
                  0.04    0.00    0.64 ^ clkbuf_1_0_4_core_clk/A (sky130_fd_sc_hd__clkbuf_8)
                  0.04    0.12    0.76 ^ clkbuf_1_0_4_core_clk/X (sky130_fd_sc_hd__clkbuf_8)
     1    0.01                           clknet_1_0_4_core_clk (net)
                  0.04    0.00    0.76 ^ clkbuf_1_0_5_core_clk/A (sky130_fd_sc_hd__clkbuf_8)
                  0.03    0.12    0.87 ^ clkbuf_1_0_5_core_clk/X (sky130_fd_sc_hd__clkbuf_8)
     1    0.01                           clknet_1_0_5_core_clk (net)
                  0.03    0.00    0.87 ^ clkbuf_1_0_6_core_clk/A (sky130_fd_sc_hd__clkbuf_8)
                  0.04    0.13    1.00 ^ clkbuf_1_0_6_core_clk/X (sky130_fd_sc_hd__clkbuf_8)
     2    0.02                           clknet_1_0_6_core_clk (net)
                  0.04    0.00    1.00 ^ clkbuf_2_0_0_core_clk/A (sky130_fd_sc_hd__clkbuf_8)
                  0.04    0.12    1.13 ^ clkbuf_2_0_0_core_clk/X (sky130_fd_sc_hd__clkbuf_8)
     1    0.01                           clknet_2_0_0_core_clk (net)
                  0.04    0.00    1.13 ^ clkbuf_2_0_1_core_clk/A (sky130_fd_sc_hd__clkbuf_8)
                  0.06    0.14    1.27 ^ clkbuf_2_0_1_core_clk/X (sky130_fd_sc_hd__clkbuf_8)
     2    0.03                           clknet_2_0_1_core_clk (net)
                  0.06    0.00    1.27 ^ clkbuf_3_1_0_core_clk/A (sky130_fd_sc_hd__clkbuf_8)
                  0.04    0.13    1.40 ^ clkbuf_3_1_0_core_clk/X (sky130_fd_sc_hd__clkbuf_8)
     1    0.01                           clknet_3_1_0_core_clk (net)
                  0.04    0.00    1.41 ^ clkbuf_3_1_1_core_clk/A (sky130_fd_sc_hd__clkbuf_8)
                  0.04    0.12    1.53 ^ clkbuf_3_1_1_core_clk/X (sky130_fd_sc_hd__clkbuf_8)
     1    0.01                           clknet_3_1_1_core_clk (net)
                  0.04    0.00    1.53 ^ clkbuf_3_1_2_core_clk/A (sky130_fd_sc_hd__clkbuf_8)
                  0.05    0.14    1.66 ^ clkbuf_3_1_2_core_clk/X (sky130_fd_sc_hd__clkbuf_8)
     2    0.02                           clknet_3_1_2_core_clk (net)
                  0.05    0.00    1.67 ^ clkbuf_4_3_0_core_clk/A (sky130_fd_sc_hd__clkbuf_8)
                  0.06    0.15    1.82 ^ clkbuf_4_3_0_core_clk/X (sky130_fd_sc_hd__clkbuf_8)
     2    0.03                           clknet_4_3_0_core_clk (net)
                  0.06    0.00    1.82 ^ clkbuf_5_6_0_core_clk/A (sky130_fd_sc_hd__clkbuf_8)
                  0.03    0.13    1.95 ^ clkbuf_5_6_0_core_clk/X (sky130_fd_sc_hd__clkbuf_8)
     1    0.01                           clknet_5_6_0_core_clk (net)
                  0.03    0.00    1.95 ^ clkbuf_5_6_1_core_clk/A (sky130_fd_sc_hd__clkbuf_8)
                  0.05    0.13    2.08 ^ clkbuf_5_6_1_core_clk/X (sky130_fd_sc_hd__clkbuf_8)
     2    0.02                           clknet_5_6_1_core_clk (net)
                  0.05    0.00    2.08 ^ clkbuf_6_13_0_core_clk/A (sky130_fd_sc_hd__clkbuf_8)
                  0.14    0.21    2.29 ^ clkbuf_6_13_0_core_clk/X (sky130_fd_sc_hd__clkbuf_8)
     6    0.07                           clknet_6_13_0_core_clk (net)
                  0.14    0.00    2.29 ^ clkbuf_leaf_14_core_clk/A (sky130_fd_sc_hd__clkbuf_16)
                  0.07    0.19    2.48 ^ clkbuf_leaf_14_core_clk/X (sky130_fd_sc_hd__clkbuf_16)
    15    0.05                           clknet_leaf_14_core_clk (net)
                  0.07    0.00    2.48 ^ _28430_/CLK (sky130_fd_sc_hd__dfxtp_1)
                          0.12    2.60   clock uncertainty
                         -0.22    2.38   clock reconvergence pessimism
                         -0.06    2.33   library hold time
                                  2.33   data required time
-----------------------------------------------------------------------------
                                  2.33   data required time
                                 -2.53   data arrival time
-----------------------------------------------------------------------------
                                  0.20   slack (MET)


Startpoint: _29522_ (rising edge-triggered flip-flop clocked by core_clk)
Endpoint: _29521_ (rising edge-triggered flip-flop clocked by core_clk)
Path Group: core_clk
Path Type: min

Fanout     Cap    Slew   Delay    Time   Description
-----------------------------------------------------------------------------
                          0.00    0.00   clock core_clk (rise edge)
                          0.00    0.00   clock source latency
                  0.00    0.00    0.00 ^ core_clk (in)
     1    0.07                           core_clk (net)
                  0.03    0.02    0.02 ^ clkbuf_0_core_clk/A (sky130_fd_sc_hd__clkbuf_16)
                  0.04    0.12    0.13 ^ clkbuf_0_core_clk/X (sky130_fd_sc_hd__clkbuf_16)
     2    0.02                           clknet_0_core_clk (net)
                  0.04    0.00    0.13 ^ clkbuf_1_0_0_core_clk/A (sky130_fd_sc_hd__clkbuf_8)
                  0.04    0.11    0.25 ^ clkbuf_1_0_0_core_clk/X (sky130_fd_sc_hd__clkbuf_8)
     1    0.01                           clknet_1_0_0_core_clk (net)
                  0.04    0.00    0.25 ^ clkbuf_1_0_1_core_clk/A (sky130_fd_sc_hd__clkbuf_8)
                  0.04    0.11    0.36 ^ clkbuf_1_0_1_core_clk/X (sky130_fd_sc_hd__clkbuf_8)
     1    0.01                           clknet_1_0_1_core_clk (net)
                  0.04    0.00    0.36 ^ clkbuf_1_0_2_core_clk/A (sky130_fd_sc_hd__clkbuf_8)
                  0.04    0.11    0.47 ^ clkbuf_1_0_2_core_clk/X (sky130_fd_sc_hd__clkbuf_8)
     1    0.01                           clknet_1_0_2_core_clk (net)
                  0.04    0.00    0.47 ^ clkbuf_1_0_3_core_clk/A (sky130_fd_sc_hd__clkbuf_8)
                  0.04    0.11    0.58 ^ clkbuf_1_0_3_core_clk/X (sky130_fd_sc_hd__clkbuf_8)
     1    0.01                           clknet_1_0_3_core_clk (net)
                  0.04    0.00    0.58 ^ clkbuf_1_0_4_core_clk/A (sky130_fd_sc_hd__clkbuf_8)
                  0.04    0.11    0.69 ^ clkbuf_1_0_4_core_clk/X (sky130_fd_sc_hd__clkbuf_8)
     1    0.01                           clknet_1_0_4_core_clk (net)
                  0.04    0.00    0.69 ^ clkbuf_1_0_5_core_clk/A (sky130_fd_sc_hd__clkbuf_8)
                  0.03    0.10    0.79 ^ clkbuf_1_0_5_core_clk/X (sky130_fd_sc_hd__clkbuf_8)
     1    0.01                           clknet_1_0_5_core_clk (net)
                  0.03    0.00    0.79 ^ clkbuf_1_0_6_core_clk/A (sky130_fd_sc_hd__clkbuf_8)
                  0.04    0.11    0.91 ^ clkbuf_1_0_6_core_clk/X (sky130_fd_sc_hd__clkbuf_8)
     2    0.02                           clknet_1_0_6_core_clk (net)
                  0.04    0.00    0.91 ^ clkbuf_2_1_0_core_clk/A (sky130_fd_sc_hd__clkbuf_8)
                  0.04    0.11    1.02 ^ clkbuf_2_1_0_core_clk/X (sky130_fd_sc_hd__clkbuf_8)
     1    0.01                           clknet_2_1_0_core_clk (net)
                  0.04    0.00    1.02 ^ clkbuf_2_1_1_core_clk/A (sky130_fd_sc_hd__clkbuf_8)
                  0.06    0.13    1.15 ^ clkbuf_2_1_1_core_clk/X (sky130_fd_sc_hd__clkbuf_8)
     2    0.03                           clknet_2_1_1_core_clk (net)
                  0.06    0.00    1.15 ^ clkbuf_3_2_0_core_clk/A (sky130_fd_sc_hd__clkbuf_8)
                  0.04    0.12    1.27 ^ clkbuf_3_2_0_core_clk/X (sky130_fd_sc_hd__clkbuf_8)
     1    0.01                           clknet_3_2_0_core_clk (net)
                  0.04    0.00    1.27 ^ clkbuf_3_2_1_core_clk/A (sky130_fd_sc_hd__clkbuf_8)
                  0.04    0.11    1.38 ^ clkbuf_3_2_1_core_clk/X (sky130_fd_sc_hd__clkbuf_8)
     1    0.01                           clknet_3_2_1_core_clk (net)
                  0.04    0.00    1.38 ^ clkbuf_3_2_2_core_clk/A (sky130_fd_sc_hd__clkbuf_8)
                  0.06    0.13    1.51 ^ clkbuf_3_2_2_core_clk/X (sky130_fd_sc_hd__clkbuf_8)
     2    0.03                           clknet_3_2_2_core_clk (net)
                  0.06    0.00    1.51 ^ clkbuf_4_5_0_core_clk/A (sky130_fd_sc_hd__clkbuf_8)
                  0.07    0.15    1.66 ^ clkbuf_4_5_0_core_clk/X (sky130_fd_sc_hd__clkbuf_8)
     2    0.03                           clknet_4_5_0_core_clk (net)
                  0.07    0.00    1.66 ^ clkbuf_5_10_0_core_clk/A (sky130_fd_sc_hd__clkbuf_8)
                  0.03    0.12    1.78 ^ clkbuf_5_10_0_core_clk/X (sky130_fd_sc_hd__clkbuf_8)
     1    0.01                           clknet_5_10_0_core_clk (net)
                  0.03    0.00    1.78 ^ clkbuf_5_10_1_core_clk/A (sky130_fd_sc_hd__clkbuf_8)
                  0.04    0.11    1.89 ^ clkbuf_5_10_1_core_clk/X (sky130_fd_sc_hd__clkbuf_8)
     2    0.01                           clknet_5_10_1_core_clk (net)
                  0.04    0.00    1.89 ^ clkbuf_6_21_0_core_clk/A (sky130_fd_sc_hd__clkbuf_8)
                  0.12    0.17    2.07 ^ clkbuf_6_21_0_core_clk/X (sky130_fd_sc_hd__clkbuf_8)
     6    0.07                           clknet_6_21_0_core_clk (net)
                  0.12    0.00    2.07 ^ clkbuf_leaf_59_core_clk/A (sky130_fd_sc_hd__clkbuf_16)
                  0.07    0.17    2.24 ^ clkbuf_leaf_59_core_clk/X (sky130_fd_sc_hd__clkbuf_16)
    18    0.05                           clknet_leaf_59_core_clk (net)
                  0.07    0.00    2.24 ^ _29522_/CLK (sky130_fd_sc_hd__dfxtp_1)
                  0.04    0.30    2.54 v _29522_/Q (sky130_fd_sc_hd__dfxtp_1)
     1    0.01                           core.multiregimpl19_regs0 (net)
                  0.04    0.00    2.54 v _29521_/D (sky130_fd_sc_hd__dfxtp_1)
                                  2.54   data arrival time

                          0.00    0.00   clock core_clk (rise edge)
                          0.00    0.00   clock source latency
                  0.00    0.00    0.00 ^ core_clk (in)
     1    0.07                           core_clk (net)
                  0.03    0.02    0.02 ^ clkbuf_0_core_clk/A (sky130_fd_sc_hd__clkbuf_16)
                  0.04    0.13    0.15 ^ clkbuf_0_core_clk/X (sky130_fd_sc_hd__clkbuf_16)
     2    0.02                           clknet_0_core_clk (net)
                  0.04    0.00    0.15 ^ clkbuf_1_0_0_core_clk/A (sky130_fd_sc_hd__clkbuf_8)
                  0.04    0.13    0.27 ^ clkbuf_1_0_0_core_clk/X (sky130_fd_sc_hd__clkbuf_8)
     1    0.01                           clknet_1_0_0_core_clk (net)
                  0.04    0.00    0.27 ^ clkbuf_1_0_1_core_clk/A (sky130_fd_sc_hd__clkbuf_8)
                  0.04    0.12    0.39 ^ clkbuf_1_0_1_core_clk/X (sky130_fd_sc_hd__clkbuf_8)
     1    0.01                           clknet_1_0_1_core_clk (net)
                  0.04    0.00    0.39 ^ clkbuf_1_0_2_core_clk/A (sky130_fd_sc_hd__clkbuf_8)
                  0.04    0.12    0.51 ^ clkbuf_1_0_2_core_clk/X (sky130_fd_sc_hd__clkbuf_8)
     1    0.01                           clknet_1_0_2_core_clk (net)
                  0.04    0.00    0.51 ^ clkbuf_1_0_3_core_clk/A (sky130_fd_sc_hd__clkbuf_8)
                  0.04    0.12    0.64 ^ clkbuf_1_0_3_core_clk/X (sky130_fd_sc_hd__clkbuf_8)
     1    0.01                           clknet_1_0_3_core_clk (net)
                  0.04    0.00    0.64 ^ clkbuf_1_0_4_core_clk/A (sky130_fd_sc_hd__clkbuf_8)
                  0.04    0.12    0.76 ^ clkbuf_1_0_4_core_clk/X (sky130_fd_sc_hd__clkbuf_8)
     1    0.01                           clknet_1_0_4_core_clk (net)
                  0.04    0.00    0.76 ^ clkbuf_1_0_5_core_clk/A (sky130_fd_sc_hd__clkbuf_8)
                  0.03    0.12    0.87 ^ clkbuf_1_0_5_core_clk/X (sky130_fd_sc_hd__clkbuf_8)
     1    0.01                           clknet_1_0_5_core_clk (net)
                  0.03    0.00    0.87 ^ clkbuf_1_0_6_core_clk/A (sky130_fd_sc_hd__clkbuf_8)
                  0.04    0.13    1.00 ^ clkbuf_1_0_6_core_clk/X (sky130_fd_sc_hd__clkbuf_8)
     2    0.02                           clknet_1_0_6_core_clk (net)
                  0.04    0.00    1.00 ^ clkbuf_2_1_0_core_clk/A (sky130_fd_sc_hd__clkbuf_8)
                  0.04    0.12    1.13 ^ clkbuf_2_1_0_core_clk/X (sky130_fd_sc_hd__clkbuf_8)
     1    0.01                           clknet_2_1_0_core_clk (net)
                  0.04    0.00    1.13 ^ clkbuf_2_1_1_core_clk/A (sky130_fd_sc_hd__clkbuf_8)
                  0.06    0.14    1.27 ^ clkbuf_2_1_1_core_clk/X (sky130_fd_sc_hd__clkbuf_8)
     2    0.03                           clknet_2_1_1_core_clk (net)
                  0.06    0.00    1.27 ^ clkbuf_3_2_0_core_clk/A (sky130_fd_sc_hd__clkbuf_8)
                  0.04    0.13    1.40 ^ clkbuf_3_2_0_core_clk/X (sky130_fd_sc_hd__clkbuf_8)
     1    0.01                           clknet_3_2_0_core_clk (net)
                  0.04    0.00    1.40 ^ clkbuf_3_2_1_core_clk/A (sky130_fd_sc_hd__clkbuf_8)
                  0.04    0.12    1.53 ^ clkbuf_3_2_1_core_clk/X (sky130_fd_sc_hd__clkbuf_8)
     1    0.01                           clknet_3_2_1_core_clk (net)
                  0.04    0.00    1.53 ^ clkbuf_3_2_2_core_clk/A (sky130_fd_sc_hd__clkbuf_8)
                  0.06    0.15    1.67 ^ clkbuf_3_2_2_core_clk/X (sky130_fd_sc_hd__clkbuf_8)
     2    0.03                           clknet_3_2_2_core_clk (net)
                  0.06    0.00    1.67 ^ clkbuf_4_5_0_core_clk/A (sky130_fd_sc_hd__clkbuf_8)
                  0.07    0.16    1.83 ^ clkbuf_4_5_0_core_clk/X (sky130_fd_sc_hd__clkbuf_8)
     2    0.03                           clknet_4_5_0_core_clk (net)
                  0.07    0.00    1.84 ^ clkbuf_5_10_0_core_clk/A (sky130_fd_sc_hd__clkbuf_8)
                  0.03    0.13    1.97 ^ clkbuf_5_10_0_core_clk/X (sky130_fd_sc_hd__clkbuf_8)
     1    0.01                           clknet_5_10_0_core_clk (net)
                  0.03    0.00    1.97 ^ clkbuf_5_10_1_core_clk/A (sky130_fd_sc_hd__clkbuf_8)
                  0.04    0.12    2.09 ^ clkbuf_5_10_1_core_clk/X (sky130_fd_sc_hd__clkbuf_8)
     2    0.01                           clknet_5_10_1_core_clk (net)
                  0.04    0.00    2.09 ^ clkbuf_6_20_0_core_clk/A (sky130_fd_sc_hd__clkbuf_8)
                  0.11    0.19    2.28 ^ clkbuf_6_20_0_core_clk/X (sky130_fd_sc_hd__clkbuf_8)
     4    0.06                           clknet_6_20_0_core_clk (net)
                  0.11    0.00    2.28 ^ clkbuf_leaf_61_core_clk/A (sky130_fd_sc_hd__clkbuf_16)
                  0.06    0.18    2.46 ^ clkbuf_leaf_61_core_clk/X (sky130_fd_sc_hd__clkbuf_16)
    14    0.04                           clknet_leaf_61_core_clk (net)
                  0.06    0.00    2.46 ^ _29521_/CLK (sky130_fd_sc_hd__dfxtp_1)
                          0.12    2.58   clock uncertainty
                         -0.20    2.38   clock reconvergence pessimism
                         -0.05    2.34   library hold time
                                  2.34   data required time
-----------------------------------------------------------------------------
                                  2.34   data required time
                                 -2.54   data arrival time
-----------------------------------------------------------------------------
                                  0.21   slack (MET)


Startpoint: _29498_ (rising edge-triggered flip-flop clocked by core_clk)
Endpoint: _29497_ (rising edge-triggered flip-flop clocked by core_clk)
Path Group: core_clk
Path Type: min

Fanout     Cap    Slew   Delay    Time   Description
-----------------------------------------------------------------------------
                          0.00    0.00   clock core_clk (rise edge)
                          0.00    0.00   clock source latency
                  0.00    0.00    0.00 ^ core_clk (in)
     1    0.07                           core_clk (net)
                  0.03    0.02    0.02 ^ clkbuf_0_core_clk/A (sky130_fd_sc_hd__clkbuf_16)
                  0.04    0.12    0.13 ^ clkbuf_0_core_clk/X (sky130_fd_sc_hd__clkbuf_16)
     2    0.02                           clknet_0_core_clk (net)
                  0.04    0.00    0.13 ^ clkbuf_1_0_0_core_clk/A (sky130_fd_sc_hd__clkbuf_8)
                  0.04    0.11    0.25 ^ clkbuf_1_0_0_core_clk/X (sky130_fd_sc_hd__clkbuf_8)
     1    0.01                           clknet_1_0_0_core_clk (net)
                  0.04    0.00    0.25 ^ clkbuf_1_0_1_core_clk/A (sky130_fd_sc_hd__clkbuf_8)
                  0.04    0.11    0.36 ^ clkbuf_1_0_1_core_clk/X (sky130_fd_sc_hd__clkbuf_8)
     1    0.01                           clknet_1_0_1_core_clk (net)
                  0.04    0.00    0.36 ^ clkbuf_1_0_2_core_clk/A (sky130_fd_sc_hd__clkbuf_8)
                  0.04    0.11    0.47 ^ clkbuf_1_0_2_core_clk/X (sky130_fd_sc_hd__clkbuf_8)
     1    0.01                           clknet_1_0_2_core_clk (net)
                  0.04    0.00    0.47 ^ clkbuf_1_0_3_core_clk/A (sky130_fd_sc_hd__clkbuf_8)
                  0.04    0.11    0.58 ^ clkbuf_1_0_3_core_clk/X (sky130_fd_sc_hd__clkbuf_8)
     1    0.01                           clknet_1_0_3_core_clk (net)
                  0.04    0.00    0.58 ^ clkbuf_1_0_4_core_clk/A (sky130_fd_sc_hd__clkbuf_8)
                  0.04    0.11    0.69 ^ clkbuf_1_0_4_core_clk/X (sky130_fd_sc_hd__clkbuf_8)
     1    0.01                           clknet_1_0_4_core_clk (net)
                  0.04    0.00    0.69 ^ clkbuf_1_0_5_core_clk/A (sky130_fd_sc_hd__clkbuf_8)
                  0.03    0.10    0.79 ^ clkbuf_1_0_5_core_clk/X (sky130_fd_sc_hd__clkbuf_8)
     1    0.01                           clknet_1_0_5_core_clk (net)
                  0.03    0.00    0.79 ^ clkbuf_1_0_6_core_clk/A (sky130_fd_sc_hd__clkbuf_8)
                  0.04    0.11    0.91 ^ clkbuf_1_0_6_core_clk/X (sky130_fd_sc_hd__clkbuf_8)
     2    0.02                           clknet_1_0_6_core_clk (net)
                  0.04    0.00    0.91 ^ clkbuf_2_1_0_core_clk/A (sky130_fd_sc_hd__clkbuf_8)
                  0.04    0.11    1.02 ^ clkbuf_2_1_0_core_clk/X (sky130_fd_sc_hd__clkbuf_8)
     1    0.01                           clknet_2_1_0_core_clk (net)
                  0.04    0.00    1.02 ^ clkbuf_2_1_1_core_clk/A (sky130_fd_sc_hd__clkbuf_8)
                  0.06    0.13    1.15 ^ clkbuf_2_1_1_core_clk/X (sky130_fd_sc_hd__clkbuf_8)
     2    0.03                           clknet_2_1_1_core_clk (net)
                  0.06    0.00    1.15 ^ clkbuf_3_2_0_core_clk/A (sky130_fd_sc_hd__clkbuf_8)
                  0.04    0.12    1.27 ^ clkbuf_3_2_0_core_clk/X (sky130_fd_sc_hd__clkbuf_8)
     1    0.01                           clknet_3_2_0_core_clk (net)
                  0.04    0.00    1.27 ^ clkbuf_3_2_1_core_clk/A (sky130_fd_sc_hd__clkbuf_8)
                  0.04    0.11    1.38 ^ clkbuf_3_2_1_core_clk/X (sky130_fd_sc_hd__clkbuf_8)
     1    0.01                           clknet_3_2_1_core_clk (net)
                  0.04    0.00    1.38 ^ clkbuf_3_2_2_core_clk/A (sky130_fd_sc_hd__clkbuf_8)
                  0.06    0.13    1.51 ^ clkbuf_3_2_2_core_clk/X (sky130_fd_sc_hd__clkbuf_8)
     2    0.03                           clknet_3_2_2_core_clk (net)
                  0.06    0.00    1.51 ^ clkbuf_4_5_0_core_clk/A (sky130_fd_sc_hd__clkbuf_8)
                  0.07    0.15    1.66 ^ clkbuf_4_5_0_core_clk/X (sky130_fd_sc_hd__clkbuf_8)
     2    0.03                           clknet_4_5_0_core_clk (net)
                  0.07    0.00    1.66 ^ clkbuf_5_11_0_core_clk/A (sky130_fd_sc_hd__clkbuf_8)
                  0.03    0.12    1.78 ^ clkbuf_5_11_0_core_clk/X (sky130_fd_sc_hd__clkbuf_8)
     1    0.01                           clknet_5_11_0_core_clk (net)
                  0.03    0.00    1.78 ^ clkbuf_5_11_1_core_clk/A (sky130_fd_sc_hd__clkbuf_8)
                  0.05    0.12    1.90 ^ clkbuf_5_11_1_core_clk/X (sky130_fd_sc_hd__clkbuf_8)
     2    0.02                           clknet_5_11_1_core_clk (net)
                  0.05    0.00    1.90 ^ clkbuf_6_23_0_core_clk/A (sky130_fd_sc_hd__clkbuf_8)
                  0.07    0.14    2.04 ^ clkbuf_6_23_0_core_clk/X (sky130_fd_sc_hd__clkbuf_8)
     3    0.03                           clknet_6_23_0_core_clk (net)
                  0.07    0.00    2.04 ^ clkbuf_leaf_65_core_clk/A (sky130_fd_sc_hd__clkbuf_16)
                  0.06    0.14    2.18 ^ clkbuf_leaf_65_core_clk/X (sky130_fd_sc_hd__clkbuf_16)
    11    0.04                           clknet_leaf_65_core_clk (net)
                  0.06    0.00    2.18 ^ _29498_/CLK (sky130_fd_sc_hd__dfxtp_1)
                  0.05    0.30    2.48 ^ _29498_/Q (sky130_fd_sc_hd__dfxtp_1)
     1    0.00                           core.multiregimpl31_regs0 (net)
                  0.05    0.00    2.48 ^ _29497_/D (sky130_fd_sc_hd__dfxtp_1)
                                  2.48   data arrival time

                          0.00    0.00   clock core_clk (rise edge)
                          0.00    0.00   clock source latency
                  0.00    0.00    0.00 ^ core_clk (in)
     1    0.07                           core_clk (net)
                  0.03    0.02    0.02 ^ clkbuf_0_core_clk/A (sky130_fd_sc_hd__clkbuf_16)
                  0.04    0.13    0.15 ^ clkbuf_0_core_clk/X (sky130_fd_sc_hd__clkbuf_16)
     2    0.02                           clknet_0_core_clk (net)
                  0.04    0.00    0.15 ^ clkbuf_1_0_0_core_clk/A (sky130_fd_sc_hd__clkbuf_8)
                  0.04    0.13    0.27 ^ clkbuf_1_0_0_core_clk/X (sky130_fd_sc_hd__clkbuf_8)
     1    0.01                           clknet_1_0_0_core_clk (net)
                  0.04    0.00    0.27 ^ clkbuf_1_0_1_core_clk/A (sky130_fd_sc_hd__clkbuf_8)
                  0.04    0.12    0.39 ^ clkbuf_1_0_1_core_clk/X (sky130_fd_sc_hd__clkbuf_8)
     1    0.01                           clknet_1_0_1_core_clk (net)
                  0.04    0.00    0.39 ^ clkbuf_1_0_2_core_clk/A (sky130_fd_sc_hd__clkbuf_8)
                  0.04    0.12    0.51 ^ clkbuf_1_0_2_core_clk/X (sky130_fd_sc_hd__clkbuf_8)
     1    0.01                           clknet_1_0_2_core_clk (net)
                  0.04    0.00    0.51 ^ clkbuf_1_0_3_core_clk/A (sky130_fd_sc_hd__clkbuf_8)
                  0.04    0.12    0.64 ^ clkbuf_1_0_3_core_clk/X (sky130_fd_sc_hd__clkbuf_8)
     1    0.01                           clknet_1_0_3_core_clk (net)
                  0.04    0.00    0.64 ^ clkbuf_1_0_4_core_clk/A (sky130_fd_sc_hd__clkbuf_8)
                  0.04    0.12    0.76 ^ clkbuf_1_0_4_core_clk/X (sky130_fd_sc_hd__clkbuf_8)
     1    0.01                           clknet_1_0_4_core_clk (net)
                  0.04    0.00    0.76 ^ clkbuf_1_0_5_core_clk/A (sky130_fd_sc_hd__clkbuf_8)
                  0.03    0.12    0.87 ^ clkbuf_1_0_5_core_clk/X (sky130_fd_sc_hd__clkbuf_8)
     1    0.01                           clknet_1_0_5_core_clk (net)
                  0.03    0.00    0.87 ^ clkbuf_1_0_6_core_clk/A (sky130_fd_sc_hd__clkbuf_8)
                  0.04    0.13    1.00 ^ clkbuf_1_0_6_core_clk/X (sky130_fd_sc_hd__clkbuf_8)
     2    0.02                           clknet_1_0_6_core_clk (net)
                  0.04    0.00    1.00 ^ clkbuf_2_1_0_core_clk/A (sky130_fd_sc_hd__clkbuf_8)
                  0.04    0.12    1.13 ^ clkbuf_2_1_0_core_clk/X (sky130_fd_sc_hd__clkbuf_8)
     1    0.01                           clknet_2_1_0_core_clk (net)
                  0.04    0.00    1.13 ^ clkbuf_2_1_1_core_clk/A (sky130_fd_sc_hd__clkbuf_8)
                  0.06    0.14    1.27 ^ clkbuf_2_1_1_core_clk/X (sky130_fd_sc_hd__clkbuf_8)
     2    0.03                           clknet_2_1_1_core_clk (net)
                  0.06    0.00    1.27 ^ clkbuf_3_2_0_core_clk/A (sky130_fd_sc_hd__clkbuf_8)
                  0.04    0.13    1.40 ^ clkbuf_3_2_0_core_clk/X (sky130_fd_sc_hd__clkbuf_8)
     1    0.01                           clknet_3_2_0_core_clk (net)
                  0.04    0.00    1.40 ^ clkbuf_3_2_1_core_clk/A (sky130_fd_sc_hd__clkbuf_8)
                  0.04    0.12    1.53 ^ clkbuf_3_2_1_core_clk/X (sky130_fd_sc_hd__clkbuf_8)
     1    0.01                           clknet_3_2_1_core_clk (net)
                  0.04    0.00    1.53 ^ clkbuf_3_2_2_core_clk/A (sky130_fd_sc_hd__clkbuf_8)
                  0.06    0.15    1.67 ^ clkbuf_3_2_2_core_clk/X (sky130_fd_sc_hd__clkbuf_8)
     2    0.03                           clknet_3_2_2_core_clk (net)
                  0.06    0.00    1.67 ^ clkbuf_4_5_0_core_clk/A (sky130_fd_sc_hd__clkbuf_8)
                  0.07    0.16    1.83 ^ clkbuf_4_5_0_core_clk/X (sky130_fd_sc_hd__clkbuf_8)
     2    0.03                           clknet_4_5_0_core_clk (net)
                  0.07    0.00    1.84 ^ clkbuf_5_11_0_core_clk/A (sky130_fd_sc_hd__clkbuf_8)
                  0.03    0.13    1.97 ^ clkbuf_5_11_0_core_clk/X (sky130_fd_sc_hd__clkbuf_8)
     1    0.01                           clknet_5_11_0_core_clk (net)
                  0.03    0.00    1.97 ^ clkbuf_5_11_1_core_clk/A (sky130_fd_sc_hd__clkbuf_8)
                  0.05    0.13    2.10 ^ clkbuf_5_11_1_core_clk/X (sky130_fd_sc_hd__clkbuf_8)
     2    0.02                           clknet_5_11_1_core_clk (net)
                  0.05    0.00    2.10 ^ clkbuf_6_23_0_core_clk/A (sky130_fd_sc_hd__clkbuf_8)
                  0.07    0.15    2.25 ^ clkbuf_6_23_0_core_clk/X (sky130_fd_sc_hd__clkbuf_8)
     3    0.03                           clknet_6_23_0_core_clk (net)
                  0.07    0.00    2.25 ^ clkbuf_leaf_65_core_clk/A (sky130_fd_sc_hd__clkbuf_16)
                  0.06    0.16    2.41 ^ clkbuf_leaf_65_core_clk/X (sky130_fd_sc_hd__clkbuf_16)
    11    0.04                           clknet_leaf_65_core_clk (net)
                  0.06    0.00    2.41 ^ _29497_/CLK (sky130_fd_sc_hd__dfxtp_1)
                          0.12    2.53   clock uncertainty
                         -0.23    2.30   clock reconvergence pessimism
                         -0.03    2.27   library hold time
                                  2.27   data required time
-----------------------------------------------------------------------------
                                  2.27   data required time
                                 -2.48   data arrival time
-----------------------------------------------------------------------------
                                  0.21   slack (MET)


