
===========================================================================
report_checks -unconstrained
============================================================================
Startpoint: _29820_ (rising edge-triggered flip-flop clocked by core_clk)
Endpoint: core.RAM256 (positive level-sensitive latch clocked by core_clk)
Path Group: core_clk
Path Type: max

Fanout     Cap    Slew   Delay    Time   Description
-----------------------------------------------------------------------------
                          0.00    0.00   clock core_clk (rise edge)
                          0.00    0.00   clock source latency
                  0.00    0.00    0.00 ^ core_clk (in)
     1    0.07                           core_clk (net)
                  0.03    0.02    0.02 ^ clkbuf_0_core_clk/A (sky130_fd_sc_hd__clkbuf_16)
                  0.04    0.13    0.15 ^ clkbuf_0_core_clk/X (sky130_fd_sc_hd__clkbuf_16)
     2    0.02                           clknet_0_core_clk (net)
                  0.04    0.00    0.15 ^ clkbuf_1_1_0_core_clk/A (sky130_fd_sc_hd__clkbuf_8)
                  0.04    0.12    0.27 ^ clkbuf_1_1_0_core_clk/X (sky130_fd_sc_hd__clkbuf_8)
     1    0.01                           clknet_1_1_0_core_clk (net)
                  0.04    0.00    0.27 ^ clkbuf_1_1_1_core_clk/A (sky130_fd_sc_hd__clkbuf_8)
                  0.04    0.12    0.39 ^ clkbuf_1_1_1_core_clk/X (sky130_fd_sc_hd__clkbuf_8)
     1    0.01                           clknet_1_1_1_core_clk (net)
                  0.04    0.00    0.39 ^ clkbuf_1_1_2_core_clk/A (sky130_fd_sc_hd__clkbuf_8)
                  0.04    0.12    0.51 ^ clkbuf_1_1_2_core_clk/X (sky130_fd_sc_hd__clkbuf_8)
     1    0.01                           clknet_1_1_2_core_clk (net)
                  0.04    0.00    0.51 ^ clkbuf_1_1_3_core_clk/A (sky130_fd_sc_hd__clkbuf_8)
                  0.04    0.12    0.63 ^ clkbuf_1_1_3_core_clk/X (sky130_fd_sc_hd__clkbuf_8)
     1    0.01                           clknet_1_1_3_core_clk (net)
                  0.04    0.00    0.63 ^ clkbuf_1_1_4_core_clk/A (sky130_fd_sc_hd__clkbuf_8)
                  0.04    0.12    0.76 ^ clkbuf_1_1_4_core_clk/X (sky130_fd_sc_hd__clkbuf_8)
     1    0.01                           clknet_1_1_4_core_clk (net)
                  0.04    0.00    0.76 ^ clkbuf_1_1_5_core_clk/A (sky130_fd_sc_hd__clkbuf_8)
                  0.03    0.12    0.87 ^ clkbuf_1_1_5_core_clk/X (sky130_fd_sc_hd__clkbuf_8)
     1    0.01                           clknet_1_1_5_core_clk (net)
                  0.03    0.00    0.87 ^ clkbuf_1_1_6_core_clk/A (sky130_fd_sc_hd__clkbuf_8)
                  0.06    0.14    1.01 ^ clkbuf_1_1_6_core_clk/X (sky130_fd_sc_hd__clkbuf_8)
     2    0.03                           clknet_1_1_6_core_clk (net)
                  0.06    0.00    1.02 ^ clkbuf_2_3_0_core_clk/A (sky130_fd_sc_hd__clkbuf_8)
                  0.04    0.13    1.15 ^ clkbuf_2_3_0_core_clk/X (sky130_fd_sc_hd__clkbuf_8)
     1    0.01                           clknet_2_3_0_core_clk (net)
                  0.04    0.00    1.15 ^ clkbuf_2_3_1_core_clk/A (sky130_fd_sc_hd__clkbuf_8)
                  0.06    0.14    1.29 ^ clkbuf_2_3_1_core_clk/X (sky130_fd_sc_hd__clkbuf_8)
     2    0.03                           clknet_2_3_1_core_clk (net)
                  0.06    0.00    1.30 ^ clkbuf_3_7_0_core_clk/A (sky130_fd_sc_hd__clkbuf_8)
                  0.04    0.13    1.43 ^ clkbuf_3_7_0_core_clk/X (sky130_fd_sc_hd__clkbuf_8)
     1    0.01                           clknet_3_7_0_core_clk (net)
                  0.04    0.00    1.43 ^ clkbuf_3_7_1_core_clk/A (sky130_fd_sc_hd__clkbuf_8)
                  0.04    0.12    1.55 ^ clkbuf_3_7_1_core_clk/X (sky130_fd_sc_hd__clkbuf_8)
     1    0.01                           clknet_3_7_1_core_clk (net)
                  0.04    0.00    1.55 ^ clkbuf_3_7_2_core_clk/A (sky130_fd_sc_hd__clkbuf_8)
                  0.06    0.15    1.69 ^ clkbuf_3_7_2_core_clk/X (sky130_fd_sc_hd__clkbuf_8)
     2    0.03                           clknet_3_7_2_core_clk (net)
                  0.06    0.00    1.70 ^ clkbuf_4_14_0_core_clk/A (sky130_fd_sc_hd__clkbuf_8)
                  0.05    0.15    1.84 ^ clkbuf_4_14_0_core_clk/X (sky130_fd_sc_hd__clkbuf_8)
     2    0.02                           clknet_4_14_0_core_clk (net)
                  0.05    0.00    1.84 ^ clkbuf_5_28_0_core_clk/A (sky130_fd_sc_hd__clkbuf_8)
                  0.03    0.12    1.97 ^ clkbuf_5_28_0_core_clk/X (sky130_fd_sc_hd__clkbuf_8)
     1    0.01                           clknet_5_28_0_core_clk (net)
                  0.03    0.00    1.97 ^ clkbuf_5_28_1_core_clk/A (sky130_fd_sc_hd__clkbuf_8)
                  0.04    0.13    2.10 ^ clkbuf_5_28_1_core_clk/X (sky130_fd_sc_hd__clkbuf_8)
     2    0.02                           clknet_5_28_1_core_clk (net)
                  0.04    0.00    2.10 ^ clkbuf_6_56_0_core_clk/A (sky130_fd_sc_hd__clkbuf_8)
                  0.16    0.23    2.32 ^ clkbuf_6_56_0_core_clk/X (sky130_fd_sc_hd__clkbuf_8)
     7    0.09                           clknet_6_56_0_core_clk (net)
                  0.16    0.00    2.33 ^ clkbuf_leaf_246_core_clk/A (sky130_fd_sc_hd__clkbuf_16)
                  0.05    0.19    2.51 ^ clkbuf_leaf_246_core_clk/X (sky130_fd_sc_hd__clkbuf_16)
     8    0.03                           clknet_leaf_246_core_clk (net)
                  0.05    0.00    2.51 ^ _29820_/CLK (sky130_fd_sc_hd__dfxtp_1)
                  0.07    0.34    2.85 ^ _29820_/Q (sky130_fd_sc_hd__dfxtp_1)
     1    0.01                           core.grant[1] (net)
                  0.07    0.00    2.85 ^ fanout26939/A (sky130_fd_sc_hd__buf_6)
                  0.05    0.12    2.97 ^ fanout26939/X (sky130_fd_sc_hd__buf_6)
     3    0.02                           net26939 (net)
                  0.05    0.00    2.97 ^ max_length26948/A (sky130_fd_sc_hd__clkbuf_1)
                  0.14    0.16    3.13 ^ max_length26948/X (sky130_fd_sc_hd__clkbuf_1)
     2    0.01                           net26948 (net)
                  0.14    0.00    3.13 ^ fanout26932/A (sky130_fd_sc_hd__buf_6)
                  0.04    0.13    3.26 ^ fanout26932/X (sky130_fd_sc_hd__buf_6)
     4    0.01                           net26932 (net)
                  0.04    0.00    3.26 ^ wire26935/A (sky130_fd_sc_hd__clkbuf_4)
                  0.08    0.17    3.42 ^ wire26935/X (sky130_fd_sc_hd__clkbuf_4)
     6    0.02                           net26935 (net)
                  0.08    0.00    3.43 ^ max_length26934/A (sky130_fd_sc_hd__buf_4)
                  0.07    0.15    3.58 ^ max_length26934/X (sky130_fd_sc_hd__buf_4)
     4    0.02                           net26934 (net)
                  0.07    0.00    3.58 ^ _13576_/A_N (sky130_fd_sc_hd__and2b_1)
                  0.04    0.20    3.78 v _13576_/X (sky130_fd_sc_hd__and2b_1)
     1    0.01                           _13075_ (net)
                  0.04    0.00    3.78 v fanout21897/A (sky130_fd_sc_hd__buf_6)
                  0.03    0.12    3.90 v fanout21897/X (sky130_fd_sc_hd__buf_6)
     2    0.01                           net21897 (net)
                  0.03    0.00    3.90 v max_length21906/A (sky130_fd_sc_hd__clkbuf_2)
                  0.07    0.14    4.04 v max_length21906/X (sky130_fd_sc_hd__clkbuf_2)
     3    0.02                           net21906 (net)
                  0.07    0.00    4.04 v max_length21905/A (sky130_fd_sc_hd__clkbuf_1)
                  0.07    0.14    4.18 v max_length21905/X (sky130_fd_sc_hd__clkbuf_1)
     3    0.01                           net21905 (net)
                  0.07    0.00    4.18 v wire21904/A (sky130_fd_sc_hd__clkbuf_1)
                  0.07    0.14    4.32 v wire21904/X (sky130_fd_sc_hd__clkbuf_1)
     2    0.01                           net21904 (net)
                  0.07    0.00    4.32 v wire21903/A (sky130_fd_sc_hd__clkbuf_2)
                  0.08    0.16    4.48 v wire21903/X (sky130_fd_sc_hd__clkbuf_2)
     4    0.02                           net21903 (net)
                  0.08    0.00    4.48 v wire21902/A (sky130_fd_sc_hd__clkbuf_2)
                  0.08    0.17    4.65 v wire21902/X (sky130_fd_sc_hd__clkbuf_2)
     2    0.02                           net21902 (net)
                  0.08    0.00    4.65 v _13692_/B2 (sky130_fd_sc_hd__a221oi_4)
                  0.30    0.36    5.01 ^ _13692_/Y (sky130_fd_sc_hd__a221oi_4)
     2    0.02                           _13134_ (net)
                  0.30    0.00    5.01 ^ _13693_/A (sky130_fd_sc_hd__clkinv_4)
                  0.07    0.09    5.10 v _13693_/Y (sky130_fd_sc_hd__clkinv_4)
     2    0.01                           net636 (net)
                  0.07    0.00    5.10 v max_length13828/A (sky130_fd_sc_hd__clkbuf_1)
                  0.04    0.11    5.21 v max_length13828/X (sky130_fd_sc_hd__clkbuf_1)
     1    0.00                           net13828 (net)
                  0.04    0.00    5.21 v wire13820/A (sky130_fd_sc_hd__clkbuf_1)
                  0.05    0.11    5.32 v wire13820/X (sky130_fd_sc_hd__clkbuf_1)
     1    0.01                           net13820 (net)
                  0.05    0.00    5.32 v wire13819/A (sky130_fd_sc_hd__clkbuf_1)
                  0.05    0.12    5.44 v wire13819/X (sky130_fd_sc_hd__clkbuf_1)
     1    0.01                           net13819 (net)
                  0.05    0.00    5.44 v wire13818/A (sky130_fd_sc_hd__clkbuf_1)
                  0.05    0.12    5.56 v wire13818/X (sky130_fd_sc_hd__clkbuf_1)
     1    0.01                           net13818 (net)
                  0.05    0.00    5.56 v wire13817/A (sky130_fd_sc_hd__clkbuf_1)
                  0.05    0.11    5.67 v wire13817/X (sky130_fd_sc_hd__clkbuf_1)
     1    0.01                           net13817 (net)
                  0.05    0.00    5.67 v wire13816/A (sky130_fd_sc_hd__clkbuf_1)
                  0.05    0.11    5.79 v wire13816/X (sky130_fd_sc_hd__clkbuf_1)
     1    0.01                           net13816 (net)
                  0.05    0.00    5.79 v wire13815/A (sky130_fd_sc_hd__clkbuf_1)
                  0.05    0.12    5.91 v wire13815/X (sky130_fd_sc_hd__clkbuf_1)
     1    0.01                           net13815 (net)
                  0.05    0.00    5.91 v wire13814/A (sky130_fd_sc_hd__clkbuf_2)
                  0.05    0.13    6.04 v wire13814/X (sky130_fd_sc_hd__clkbuf_2)
     1    0.01                           net13814 (net)
                  0.05    0.00    6.04 v wire13813/A (sky130_fd_sc_hd__buf_6)
                  0.02    0.12    6.16 v wire13813/X (sky130_fd_sc_hd__buf_6)
     1    0.01                           net13813 (net)
                  0.02    0.00    6.16 v wire13812/A (sky130_fd_sc_hd__buf_6)
                  0.02    0.11    6.27 v wire13812/X (sky130_fd_sc_hd__buf_6)
     1    0.01                           net13812 (net)
                  0.02    0.00    6.27 v wire13811/A (sky130_fd_sc_hd__buf_6)
                  0.02    0.11    6.38 v wire13811/X (sky130_fd_sc_hd__buf_6)
     1    0.01                           net13811 (net)
                  0.02    0.00    6.38 v wire13810/A (sky130_fd_sc_hd__clkbuf_2)
                  0.04    0.11    6.48 v wire13810/X (sky130_fd_sc_hd__clkbuf_2)
     1    0.01                           net13810 (net)
                  0.04    0.00    6.48 v wire13809/A (sky130_fd_sc_hd__clkbuf_2)
                  0.04    0.11    6.60 v wire13809/X (sky130_fd_sc_hd__clkbuf_2)
     1    0.01                           net13809 (net)
                  0.04    0.00    6.60 v wire13808/A (sky130_fd_sc_hd__clkbuf_2)
                  0.04    0.11    6.71 v wire13808/X (sky130_fd_sc_hd__clkbuf_2)
     1    0.01                           net13808 (net)
                  0.04    0.00    6.71 v wire13807/A (sky130_fd_sc_hd__clkbuf_1)
                  0.07    0.12    6.84 v wire13807/X (sky130_fd_sc_hd__clkbuf_1)
     1    0.01                           net13807 (net)
                  0.07    0.00    6.84 v wire13806/A (sky130_fd_sc_hd__buf_6)
                  0.03    0.13    6.97 v wire13806/X (sky130_fd_sc_hd__buf_6)
     1    0.01                           net13806 (net)
                  0.03    0.00    6.97 v wire13805/A (sky130_fd_sc_hd__buf_6)
                  0.02    0.11    7.08 v wire13805/X (sky130_fd_sc_hd__buf_6)
     1    0.01                           net13805 (net)
                  0.02    0.00    7.08 v wire13804/A (sky130_fd_sc_hd__buf_6)
                  0.03    0.11    7.19 v wire13804/X (sky130_fd_sc_hd__buf_6)
     1    0.01                           net13804 (net)
                  0.03    0.00    7.19 v wire13803/A (sky130_fd_sc_hd__buf_6)
                  0.03    0.11    7.30 v wire13803/X (sky130_fd_sc_hd__buf_6)
     1    0.01                           net13803 (net)
                  0.03    0.00    7.30 v wire13802/A (sky130_fd_sc_hd__buf_6)
                  0.03    0.11    7.41 v wire13802/X (sky130_fd_sc_hd__buf_6)
     1    0.01                           net13802 (net)
                  0.03    0.00    7.41 v wire13801/A (sky130_fd_sc_hd__buf_6)
                  0.03    0.11    7.53 v wire13801/X (sky130_fd_sc_hd__buf_6)
     1    0.01                           net13801 (net)
                  0.03    0.00    7.53 v wire13800/A (sky130_fd_sc_hd__buf_6)
                  0.02    0.11    7.64 v wire13800/X (sky130_fd_sc_hd__buf_6)
     1    0.01                           net13800 (net)
                  0.02    0.00    7.64 v wire13799/A (sky130_fd_sc_hd__buf_6)
                  0.03    0.11    7.75 v wire13799/X (sky130_fd_sc_hd__buf_6)
     1    0.01                           net13799 (net)
                  0.03    0.00    7.75 v wire13798/A (sky130_fd_sc_hd__buf_6)
                  0.02    0.11    7.86 v wire13798/X (sky130_fd_sc_hd__buf_6)
     1    0.01                           net13798 (net)
                  0.02    0.00    7.86 v wire13797/A (sky130_fd_sc_hd__buf_6)
                  0.03    0.11    7.97 v wire13797/X (sky130_fd_sc_hd__buf_6)
     1    0.01                           net13797 (net)
                  0.03    0.00    7.97 v wire13796/A (sky130_fd_sc_hd__buf_6)
                  0.03    0.11    8.08 v wire13796/X (sky130_fd_sc_hd__buf_6)
     1    0.01                           net13796 (net)
                  0.03    0.00    8.08 v wire13795/A (sky130_fd_sc_hd__buf_6)
                  0.03    0.11    8.19 v wire13795/X (sky130_fd_sc_hd__buf_6)
     1    0.01                           net13795 (net)
                  0.03    0.00    8.19 v wire13794/A (sky130_fd_sc_hd__buf_6)
                  0.03    0.11    8.31 v wire13794/X (sky130_fd_sc_hd__buf_6)
     1    0.01                           net13794 (net)
                  0.03    0.00    8.31 v wire13793/A (sky130_fd_sc_hd__buf_6)
                  0.02    0.11    8.42 v wire13793/X (sky130_fd_sc_hd__buf_6)
     1    0.01                           net13793 (net)
                  0.02    0.00    8.42 v wire13792/A (sky130_fd_sc_hd__buf_6)
                  0.03    0.11    8.53 v wire13792/X (sky130_fd_sc_hd__buf_6)
     1    0.01                           net13792 (net)
                  0.03    0.00    8.53 v wire13791/A (sky130_fd_sc_hd__buf_6)
                  0.02    0.11    8.64 v wire13791/X (sky130_fd_sc_hd__buf_6)
     1    0.01                           net13791 (net)
                  0.02    0.00    8.64 v wire13790/A (sky130_fd_sc_hd__buf_6)
                  0.02    0.11    8.75 v wire13790/X (sky130_fd_sc_hd__buf_6)
     1    0.01                           net13790 (net)
                  0.02    0.00    8.75 v wire13789/A (sky130_fd_sc_hd__buf_6)
                  0.03    0.12    8.87 v wire13789/X (sky130_fd_sc_hd__buf_6)
     1    0.01                           net13789 (net)
                  0.03    0.00    8.87 v wire13788/A (sky130_fd_sc_hd__buf_12)
                  0.10    0.19    9.06 v wire13788/X (sky130_fd_sc_hd__buf_12)
     1    0.19                           net13788 (net)
                  0.11    0.01    9.07 v core.RAM256/A0[7] (RAM256)
                                  9.07   data arrival time

                          0.00    0.00   clock core_clk (rise edge)
                          0.00    0.00   clock source latency
                  0.00    0.00    0.00 ^ core_clk (in)
     1    0.07                           core_clk (net)
                  0.03    0.02    0.02 ^ clkbuf_0_core_clk/A (sky130_fd_sc_hd__clkbuf_16)
                  0.04    0.12    0.13 ^ clkbuf_0_core_clk/X (sky130_fd_sc_hd__clkbuf_16)
     2    0.02                           clknet_0_core_clk (net)
                  0.04    0.00    0.13 ^ clkbuf_1_0_0_core_clk/A (sky130_fd_sc_hd__clkbuf_8)
                  0.04    0.11    0.25 ^ clkbuf_1_0_0_core_clk/X (sky130_fd_sc_hd__clkbuf_8)
     1    0.01                           clknet_1_0_0_core_clk (net)
                  0.04    0.00    0.25 ^ clkbuf_1_0_1_core_clk/A (sky130_fd_sc_hd__clkbuf_8)
                  0.04    0.11    0.36 ^ clkbuf_1_0_1_core_clk/X (sky130_fd_sc_hd__clkbuf_8)
     1    0.01                           clknet_1_0_1_core_clk (net)
                  0.04    0.00    0.36 ^ clkbuf_1_0_2_core_clk/A (sky130_fd_sc_hd__clkbuf_8)
                  0.04    0.11    0.47 ^ clkbuf_1_0_2_core_clk/X (sky130_fd_sc_hd__clkbuf_8)
     1    0.01                           clknet_1_0_2_core_clk (net)
                  0.04    0.00    0.47 ^ clkbuf_1_0_3_core_clk/A (sky130_fd_sc_hd__clkbuf_8)
                  0.04    0.11    0.58 ^ clkbuf_1_0_3_core_clk/X (sky130_fd_sc_hd__clkbuf_8)
     1    0.01                           clknet_1_0_3_core_clk (net)
                  0.04    0.00    0.58 ^ clkbuf_1_0_4_core_clk/A (sky130_fd_sc_hd__clkbuf_8)
                  0.04    0.11    0.69 ^ clkbuf_1_0_4_core_clk/X (sky130_fd_sc_hd__clkbuf_8)
     1    0.01                           clknet_1_0_4_core_clk (net)
                  0.04    0.00    0.69 ^ clkbuf_1_0_5_core_clk/A (sky130_fd_sc_hd__clkbuf_8)
                  0.03    0.10    0.79 ^ clkbuf_1_0_5_core_clk/X (sky130_fd_sc_hd__clkbuf_8)
     1    0.01                           clknet_1_0_5_core_clk (net)
                  0.03    0.00    0.79 ^ clkbuf_1_0_6_core_clk/A (sky130_fd_sc_hd__clkbuf_8)
                  0.04    0.11    0.91 ^ clkbuf_1_0_6_core_clk/X (sky130_fd_sc_hd__clkbuf_8)
     2    0.02                           clknet_1_0_6_core_clk (net)
                  0.04    0.00    0.91 ^ clkbuf_2_1_0_core_clk/A (sky130_fd_sc_hd__clkbuf_8)
                  0.04    0.11    1.02 ^ clkbuf_2_1_0_core_clk/X (sky130_fd_sc_hd__clkbuf_8)
     1    0.01                           clknet_2_1_0_core_clk (net)
                  0.04    0.00    1.02 ^ clkbuf_2_1_1_core_clk/A (sky130_fd_sc_hd__clkbuf_8)
                  0.06    0.13    1.15 ^ clkbuf_2_1_1_core_clk/X (sky130_fd_sc_hd__clkbuf_8)
     2    0.03                           clknet_2_1_1_core_clk (net)
                  0.06    0.00    1.15 ^ clkbuf_3_2_0_core_clk/A (sky130_fd_sc_hd__clkbuf_8)
                  0.04    0.12    1.27 ^ clkbuf_3_2_0_core_clk/X (sky130_fd_sc_hd__clkbuf_8)
     1    0.01                           clknet_3_2_0_core_clk (net)
                  0.04    0.00    1.27 ^ clkbuf_3_2_1_core_clk/A (sky130_fd_sc_hd__clkbuf_8)
                  0.04    0.11    1.38 ^ clkbuf_3_2_1_core_clk/X (sky130_fd_sc_hd__clkbuf_8)
     1    0.01                           clknet_3_2_1_core_clk (net)
                  0.04    0.00    1.38 ^ clkbuf_3_2_2_core_clk/A (sky130_fd_sc_hd__clkbuf_8)
                  0.06    0.13    1.51 ^ clkbuf_3_2_2_core_clk/X (sky130_fd_sc_hd__clkbuf_8)
     2    0.03                           clknet_3_2_2_core_clk (net)
                  0.06    0.00    1.51 ^ clkbuf_4_4_0_core_clk/A (sky130_fd_sc_hd__clkbuf_8)
                  0.06    0.14    1.65 ^ clkbuf_4_4_0_core_clk/X (sky130_fd_sc_hd__clkbuf_8)
     2    0.03                           clknet_4_4_0_core_clk (net)
                  0.06    0.00    1.65 ^ clkbuf_5_8_0_core_clk/A (sky130_fd_sc_hd__clkbuf_8)
                  0.04    0.12    1.77 ^ clkbuf_5_8_0_core_clk/X (sky130_fd_sc_hd__clkbuf_8)
     1    0.01                           clknet_5_8_0_core_clk (net)
                  0.04    0.00    1.77 ^ clkbuf_5_8_1_core_clk/A (sky130_fd_sc_hd__clkbuf_8)
                  0.05    0.12    1.89 ^ clkbuf_5_8_1_core_clk/X (sky130_fd_sc_hd__clkbuf_8)
     2    0.02                           clknet_5_8_1_core_clk (net)
                  0.05    0.00    1.89 ^ clkbuf_6_17_0_core_clk/A (sky130_fd_sc_hd__clkbuf_8)
                  0.16    0.21    2.09 ^ clkbuf_6_17_0_core_clk/X (sky130_fd_sc_hd__clkbuf_8)
     7    0.09                           clknet_6_17_0_core_clk (net)
                  0.16    0.00    2.10 ^ clkbuf_leaf_48_core_clk/A (sky130_fd_sc_hd__clkbuf_16)
                  0.12    0.21    2.31 ^ clkbuf_leaf_48_core_clk/X (sky130_fd_sc_hd__clkbuf_16)
    11    0.10                           clknet_leaf_48_core_clk (net)
                  0.12    0.00    2.31 ^ core.RAM256/CLK (RAM256)
                         -0.12    2.19   clock uncertainty
                          0.01    2.21   clock reconvergence pessimism
                          6.86    9.07   time borrowed from endpoint
                                  9.07   data required time
-----------------------------------------------------------------------------
                                  9.07   data required time
                                 -9.07   data arrival time
-----------------------------------------------------------------------------
                                  0.00   slack (MET)

Time Borrowing Information
--------------------------------------------
core_clk nominal pulse width           12.50
clock latency difference                0.13
library setup time                     -3.13
--------------------------------------------
max time borrow                         9.51
--------------------------------------------
actual time borrow                      6.86
open edge uncertainty                  -0.12
open edge CRPR                          0.01
--------------------------------------------
time given to startpoint                6.75
--------------------------------------------



===========================================================================
report_checks --slack_max -0.01
============================================================================
No paths found.
