
===========================================================================
 report_check_types -max_slew -max_cap -max_fanout -violators
============================================================================
max slew

Pin                                    Limit    Slew   Slack
------------------------------------------------------------
core.RAM256/Do0[26]                     0.75    1.38   -0.63 (VIOLATED)
wire23484/A                             0.75    1.38   -0.63 (VIOLATED)
core.RAM256/Do0[29]                     0.75    1.37   -0.62 (VIOLATED)
wire23417/A                             0.75    1.37   -0.62 (VIOLATED)
core.RAM256/Do0[16]                     0.75    1.37   -0.62 (VIOLATED)
wire23746/A                             0.75    1.37   -0.62 (VIOLATED)
core.RAM256/Do0[30]                     0.75    1.37   -0.62 (VIOLATED)
wire23356/A                             0.75    1.37   -0.62 (VIOLATED)
core.RAM256/Do0[13]                     0.75    1.37   -0.62 (VIOLATED)
wire23824/A                             0.75    1.37   -0.62 (VIOLATED)
core.RAM256/Do0[31]                     0.75    1.37   -0.62 (VIOLATED)
wire23332/A                             0.75    1.37   -0.62 (VIOLATED)
core.RAM256/Do0[8]                      0.75    1.37   -0.62 (VIOLATED)
wire23180/A                             0.75    1.37   -0.62 (VIOLATED)
core.RAM256/Do0[2]                      0.75    1.37   -0.62 (VIOLATED)
wire23393/A                             0.75    1.37   -0.62 (VIOLATED)
core.RAM256/Do0[14]                     0.75    1.37   -0.62 (VIOLATED)
wire23798/A                             0.75    1.37   -0.62 (VIOLATED)
core.RAM256/Do0[9]                      0.75    1.37   -0.62 (VIOLATED)
wire23149/A                             0.75    1.37   -0.62 (VIOLATED)
core.RAM256/Do0[4]                      0.75    1.36   -0.61 (VIOLATED)
wire23283/A                             0.75    1.36   -0.61 (VIOLATED)
core.RAM256/Do0[17]                     0.75    1.36   -0.61 (VIOLATED)
wire23718/A                             0.75    1.36   -0.61 (VIOLATED)
core.RAM256/Do0[3]                      0.75    1.36   -0.61 (VIOLATED)
wire23311/A                             0.75    1.36   -0.61 (VIOLATED)
core.RAM256/Do0[15]                     0.75    1.36   -0.61 (VIOLATED)
wire23772/A                             0.75    1.36   -0.61 (VIOLATED)
core.RAM256/Do0[7]                      0.75    1.36   -0.61 (VIOLATED)
wire23204/A                             0.75    1.36   -0.61 (VIOLATED)
core.RAM256/Do0[11]                     0.75    1.35   -0.60 (VIOLATED)
wire23878/A                             0.75    1.35   -0.60 (VIOLATED)
core.RAM256/Do0[18]                     0.75    1.35   -0.60 (VIOLATED)
wire23697/A                             0.75    1.35   -0.60 (VIOLATED)
core.RAM256/Do0[24]                     0.75    1.35   -0.60 (VIOLATED)
wire23530/A                             0.75    1.35   -0.60 (VIOLATED)
core.RAM256/Do0[28]                     0.75    1.35   -0.60 (VIOLATED)
wire23441/A                             0.75    1.35   -0.60 (VIOLATED)
core.RAM256/Do0[25]                     0.75    1.35   -0.60 (VIOLATED)
wire23507/A                             0.75    1.35   -0.60 (VIOLATED)
core.RAM256/Do0[20]                     0.75    1.35   -0.60 (VIOLATED)
wire23616/A                             0.75    1.35   -0.60 (VIOLATED)
core.RAM256/Do0[27]                     0.75    1.35   -0.60 (VIOLATED)
wire23461/A                             0.75    1.35   -0.60 (VIOLATED)
core.RAM256/Do0[6]                      0.75    1.35   -0.60 (VIOLATED)
wire23229/A                             0.75    1.35   -0.60 (VIOLATED)
core.RAM256/Do0[23]                     0.75    1.35   -0.60 (VIOLATED)
wire23553/A                             0.75    1.35   -0.60 (VIOLATED)
core.RAM256/Do0[0]                      0.75    1.35   -0.60 (VIOLATED)
wire23938/A                             0.75    1.35   -0.60 (VIOLATED)
core.RAM256/Do0[10]                     0.75    1.35   -0.60 (VIOLATED)
wire23906/A                             0.75    1.35   -0.60 (VIOLATED)
core.RAM256/Do0[5]                      0.75    1.34   -0.59 (VIOLATED)
wire23254/A                             0.75    1.34   -0.59 (VIOLATED)
core.RAM256/Do0[19]                     0.75    1.34   -0.59 (VIOLATED)
wire23676/A                             0.75    1.34   -0.59 (VIOLATED)
core.RAM256/Do0[12]                     0.75    1.34   -0.59 (VIOLATED)
wire23851/A                             0.75    1.34   -0.59 (VIOLATED)
core.RAM256/Do0[22]                     0.75    1.34   -0.59 (VIOLATED)
wire23574/A                             0.75    1.34   -0.59 (VIOLATED)
core.RAM256/Do0[1]                      0.75    1.33   -0.58 (VIOLATED)
wire23654/A                             0.75    1.33   -0.58 (VIOLATED)
core.RAM256/Do0[21]                     0.75    1.33   -0.58 (VIOLATED)
wire23595/A                             0.75    1.33   -0.58 (VIOLATED)

max fanout

Pin                                   Limit Fanout  Slack
---------------------------------------------------------
clkbuf_leaf_310_core_clk/X               20     23     -3 (VIOLATED)
clkbuf_leaf_148_core_clk/X               20     22     -2 (VIOLATED)
clkbuf_leaf_338_core_clk/X               20     21        (VIOLATED)


===========================================================================
max slew violation count 64
max fanout violation count 3
max cap violation count 0
============================================================================
