
===========================================================================
report_checks -path_delay min (Hold)
============================================================================
Startpoint: _29356_ (rising edge-triggered flip-flop clocked by core_clk)
Endpoint: _29355_ (rising edge-triggered flip-flop clocked by core_clk)
Path Group: core_clk
Path Type: min

Fanout     Cap    Slew   Delay    Time   Description
-----------------------------------------------------------------------------
                          0.00    0.00   clock core_clk (rise edge)
                          0.00    0.00   clock source latency
                  0.00    0.00    0.00 ^ core_clk (in)
     2    0.07                           core_clk (net)
                  0.04    0.02    0.02 ^ clkbuf_0_core_clk/A (sky130_fd_sc_hd__clkbuf_16)
                  0.04    0.12    0.14 ^ clkbuf_0_core_clk/X (sky130_fd_sc_hd__clkbuf_16)
     2    0.02                           clknet_0_core_clk (net)
                  0.04    0.00    0.14 ^ clkbuf_1_1_0_core_clk/A (sky130_fd_sc_hd__clkbuf_8)
                  0.04    0.11    0.25 ^ clkbuf_1_1_0_core_clk/X (sky130_fd_sc_hd__clkbuf_8)
     1    0.01                           clknet_1_1_0_core_clk (net)
                  0.04    0.00    0.25 ^ clkbuf_1_1_1_core_clk/A (sky130_fd_sc_hd__clkbuf_8)
                  0.04    0.11    0.36 ^ clkbuf_1_1_1_core_clk/X (sky130_fd_sc_hd__clkbuf_8)
     1    0.01                           clknet_1_1_1_core_clk (net)
                  0.04    0.00    0.36 ^ clkbuf_1_1_2_core_clk/A (sky130_fd_sc_hd__clkbuf_8)
                  0.04    0.11    0.47 ^ clkbuf_1_1_2_core_clk/X (sky130_fd_sc_hd__clkbuf_8)
     1    0.01                           clknet_1_1_2_core_clk (net)
                  0.04    0.00    0.47 ^ clkbuf_1_1_3_core_clk/A (sky130_fd_sc_hd__clkbuf_8)
                  0.04    0.11    0.58 ^ clkbuf_1_1_3_core_clk/X (sky130_fd_sc_hd__clkbuf_8)
     1    0.01                           clknet_1_1_3_core_clk (net)
                  0.04    0.00    0.58 ^ clkbuf_1_1_4_core_clk/A (sky130_fd_sc_hd__clkbuf_8)
                  0.04    0.11    0.69 ^ clkbuf_1_1_4_core_clk/X (sky130_fd_sc_hd__clkbuf_8)
     1    0.01                           clknet_1_1_4_core_clk (net)
                  0.04    0.00    0.69 ^ clkbuf_1_1_5_core_clk/A (sky130_fd_sc_hd__clkbuf_8)
                  0.03    0.10    0.80 ^ clkbuf_1_1_5_core_clk/X (sky130_fd_sc_hd__clkbuf_8)
     1    0.01                           clknet_1_1_5_core_clk (net)
                  0.03    0.00    0.80 ^ clkbuf_1_1_6_core_clk/A (sky130_fd_sc_hd__clkbuf_8)
                  0.06    0.13    0.93 ^ clkbuf_1_1_6_core_clk/X (sky130_fd_sc_hd__clkbuf_8)
     2    0.03                           clknet_1_1_6_core_clk (net)
                  0.06    0.00    0.93 ^ clkbuf_2_3_0_core_clk/A (sky130_fd_sc_hd__clkbuf_8)
                  0.04    0.12    1.05 ^ clkbuf_2_3_0_core_clk/X (sky130_fd_sc_hd__clkbuf_8)
     1    0.01                           clknet_2_3_0_core_clk (net)
                  0.04    0.00    1.05 ^ clkbuf_2_3_1_core_clk/A (sky130_fd_sc_hd__clkbuf_8)
                  0.06    0.13    1.18 ^ clkbuf_2_3_1_core_clk/X (sky130_fd_sc_hd__clkbuf_8)
     2    0.03                           clknet_2_3_1_core_clk (net)
                  0.06    0.00    1.18 ^ clkbuf_3_6_0_core_clk/A (sky130_fd_sc_hd__clkbuf_8)
                  0.04    0.12    1.30 ^ clkbuf_3_6_0_core_clk/X (sky130_fd_sc_hd__clkbuf_8)
     1    0.01                           clknet_3_6_0_core_clk (net)
                  0.04    0.00    1.30 ^ clkbuf_3_6_1_core_clk/A (sky130_fd_sc_hd__clkbuf_8)
                  0.04    0.11    1.41 ^ clkbuf_3_6_1_core_clk/X (sky130_fd_sc_hd__clkbuf_8)
     1    0.01                           clknet_3_6_1_core_clk (net)
                  0.04    0.00    1.41 ^ clkbuf_3_6_2_core_clk/A (sky130_fd_sc_hd__clkbuf_8)
                  0.06    0.13    1.54 ^ clkbuf_3_6_2_core_clk/X (sky130_fd_sc_hd__clkbuf_8)
     2    0.03                           clknet_3_6_2_core_clk (net)
                  0.06    0.00    1.55 ^ clkbuf_4_13_0_core_clk/A (sky130_fd_sc_hd__clkbuf_8)
                  0.06    0.14    1.68 ^ clkbuf_4_13_0_core_clk/X (sky130_fd_sc_hd__clkbuf_8)
     2    0.03                           clknet_4_13_0_core_clk (net)
                  0.06    0.00    1.69 ^ clkbuf_5_27_0_core_clk/A (sky130_fd_sc_hd__clkbuf_8)
                  0.03    0.12    1.80 ^ clkbuf_5_27_0_core_clk/X (sky130_fd_sc_hd__clkbuf_8)
     1    0.01                           clknet_5_27_0_core_clk (net)
                  0.03    0.00    1.80 ^ clkbuf_5_27_1_core_clk/A (sky130_fd_sc_hd__clkbuf_8)
                  0.05    0.12    1.92 ^ clkbuf_5_27_1_core_clk/X (sky130_fd_sc_hd__clkbuf_8)
     2    0.02                           clknet_5_27_1_core_clk (net)
                  0.05    0.00    1.92 ^ clkbuf_6_55_0_core_clk/A (sky130_fd_sc_hd__clkbuf_8)
                  0.23    0.25    2.17 ^ clkbuf_6_55_0_core_clk/X (sky130_fd_sc_hd__clkbuf_8)
    10    0.13                           clknet_6_55_0_core_clk (net)
                  0.23    0.00    2.17 ^ clkbuf_leaf_178_core_clk/A (sky130_fd_sc_hd__clkbuf_16)
                  0.08    0.21    2.38 ^ clkbuf_leaf_178_core_clk/X (sky130_fd_sc_hd__clkbuf_16)
    18    0.06                           clknet_leaf_178_core_clk (net)
                  0.08    0.00    2.38 ^ _29356_/CLK (sky130_fd_sc_hd__dfxtp_1)
                  0.04    0.30    2.68 v _29356_/Q (sky130_fd_sc_hd__dfxtp_1)
     1    0.01                           core.multiregimpl102_regs0 (net)
                  0.04    0.00    2.68 v _29355_/D (sky130_fd_sc_hd__dfxtp_1)
                                  2.68   data arrival time

                          0.00    0.00   clock core_clk (rise edge)
                          0.00    0.00   clock source latency
                  0.00    0.00    0.00 ^ core_clk (in)
     2    0.07                           core_clk (net)
                  0.04    0.02    0.02 ^ clkbuf_0_core_clk/A (sky130_fd_sc_hd__clkbuf_16)
                  0.04    0.13    0.15 ^ clkbuf_0_core_clk/X (sky130_fd_sc_hd__clkbuf_16)
     2    0.02                           clknet_0_core_clk (net)
                  0.04    0.00    0.16 ^ clkbuf_1_1_0_core_clk/A (sky130_fd_sc_hd__clkbuf_8)
                  0.04    0.12    0.28 ^ clkbuf_1_1_0_core_clk/X (sky130_fd_sc_hd__clkbuf_8)
     1    0.01                           clknet_1_1_0_core_clk (net)
                  0.04    0.00    0.28 ^ clkbuf_1_1_1_core_clk/A (sky130_fd_sc_hd__clkbuf_8)
                  0.04    0.12    0.40 ^ clkbuf_1_1_1_core_clk/X (sky130_fd_sc_hd__clkbuf_8)
     1    0.01                           clknet_1_1_1_core_clk (net)
                  0.04    0.00    0.40 ^ clkbuf_1_1_2_core_clk/A (sky130_fd_sc_hd__clkbuf_8)
                  0.04    0.12    0.52 ^ clkbuf_1_1_2_core_clk/X (sky130_fd_sc_hd__clkbuf_8)
     1    0.01                           clknet_1_1_2_core_clk (net)
                  0.04    0.00    0.52 ^ clkbuf_1_1_3_core_clk/A (sky130_fd_sc_hd__clkbuf_8)
                  0.04    0.12    0.64 ^ clkbuf_1_1_3_core_clk/X (sky130_fd_sc_hd__clkbuf_8)
     1    0.01                           clknet_1_1_3_core_clk (net)
                  0.04    0.00    0.64 ^ clkbuf_1_1_4_core_clk/A (sky130_fd_sc_hd__clkbuf_8)
                  0.04    0.12    0.77 ^ clkbuf_1_1_4_core_clk/X (sky130_fd_sc_hd__clkbuf_8)
     1    0.01                           clknet_1_1_4_core_clk (net)
                  0.04    0.00    0.77 ^ clkbuf_1_1_5_core_clk/A (sky130_fd_sc_hd__clkbuf_8)
                  0.03    0.12    0.88 ^ clkbuf_1_1_5_core_clk/X (sky130_fd_sc_hd__clkbuf_8)
     1    0.01                           clknet_1_1_5_core_clk (net)
                  0.03    0.00    0.88 ^ clkbuf_1_1_6_core_clk/A (sky130_fd_sc_hd__clkbuf_8)
                  0.06    0.14    1.02 ^ clkbuf_1_1_6_core_clk/X (sky130_fd_sc_hd__clkbuf_8)
     2    0.03                           clknet_1_1_6_core_clk (net)
                  0.06    0.00    1.03 ^ clkbuf_2_3_0_core_clk/A (sky130_fd_sc_hd__clkbuf_8)
                  0.04    0.13    1.16 ^ clkbuf_2_3_0_core_clk/X (sky130_fd_sc_hd__clkbuf_8)
     1    0.01                           clknet_2_3_0_core_clk (net)
                  0.04    0.00    1.16 ^ clkbuf_2_3_1_core_clk/A (sky130_fd_sc_hd__clkbuf_8)
                  0.06    0.15    1.30 ^ clkbuf_2_3_1_core_clk/X (sky130_fd_sc_hd__clkbuf_8)
     2    0.03                           clknet_2_3_1_core_clk (net)
                  0.06    0.00    1.31 ^ clkbuf_3_6_0_core_clk/A (sky130_fd_sc_hd__clkbuf_8)
                  0.04    0.13    1.44 ^ clkbuf_3_6_0_core_clk/X (sky130_fd_sc_hd__clkbuf_8)
     1    0.01                           clknet_3_6_0_core_clk (net)
                  0.04    0.00    1.44 ^ clkbuf_3_6_1_core_clk/A (sky130_fd_sc_hd__clkbuf_8)
                  0.04    0.12    1.56 ^ clkbuf_3_6_1_core_clk/X (sky130_fd_sc_hd__clkbuf_8)
     1    0.01                           clknet_3_6_1_core_clk (net)
                  0.04    0.00    1.56 ^ clkbuf_3_6_2_core_clk/A (sky130_fd_sc_hd__clkbuf_8)
                  0.06    0.14    1.71 ^ clkbuf_3_6_2_core_clk/X (sky130_fd_sc_hd__clkbuf_8)
     2    0.03                           clknet_3_6_2_core_clk (net)
                  0.06    0.00    1.71 ^ clkbuf_4_13_0_core_clk/A (sky130_fd_sc_hd__clkbuf_8)
                  0.06    0.15    1.86 ^ clkbuf_4_13_0_core_clk/X (sky130_fd_sc_hd__clkbuf_8)
     2    0.03                           clknet_4_13_0_core_clk (net)
                  0.06    0.00    1.86 ^ clkbuf_5_27_0_core_clk/A (sky130_fd_sc_hd__clkbuf_8)
                  0.03    0.13    1.99 ^ clkbuf_5_27_0_core_clk/X (sky130_fd_sc_hd__clkbuf_8)
     1    0.01                           clknet_5_27_0_core_clk (net)
                  0.03    0.00    1.99 ^ clkbuf_5_27_1_core_clk/A (sky130_fd_sc_hd__clkbuf_8)
                  0.05    0.13    2.12 ^ clkbuf_5_27_1_core_clk/X (sky130_fd_sc_hd__clkbuf_8)
     2    0.02                           clknet_5_27_1_core_clk (net)
                  0.05    0.00    2.12 ^ clkbuf_6_55_0_core_clk/A (sky130_fd_sc_hd__clkbuf_8)
                  0.23    0.28    2.40 ^ clkbuf_6_55_0_core_clk/X (sky130_fd_sc_hd__clkbuf_8)
    10    0.13                           clknet_6_55_0_core_clk (net)
                  0.23    0.00    2.40 ^ clkbuf_leaf_177_core_clk/A (sky130_fd_sc_hd__clkbuf_16)
                  0.08    0.23    2.63 ^ clkbuf_leaf_177_core_clk/X (sky130_fd_sc_hd__clkbuf_16)
    19    0.06                           clknet_leaf_177_core_clk (net)
                  0.08    0.00    2.63 ^ _29355_/CLK (sky130_fd_sc_hd__dfxtp_1)
                          0.12    2.75   clock uncertainty
                         -0.23    2.53   clock reconvergence pessimism
                         -0.04    2.48   library hold time
                                  2.48   data required time
-----------------------------------------------------------------------------
                                  2.48   data required time
                                 -2.68   data arrival time
-----------------------------------------------------------------------------
                                  0.20   slack (MET)


Startpoint: _29494_ (rising edge-triggered flip-flop clocked by core_clk)
Endpoint: _29493_ (rising edge-triggered flip-flop clocked by core_clk)
Path Group: core_clk
Path Type: min

Fanout     Cap    Slew   Delay    Time   Description
-----------------------------------------------------------------------------
                          0.00    0.00   clock core_clk (rise edge)
                          0.00    0.00   clock source latency
                  0.00    0.00    0.00 ^ core_clk (in)
     2    0.07                           core_clk (net)
                  0.04    0.02    0.02 ^ clkbuf_0_core_clk/A (sky130_fd_sc_hd__clkbuf_16)
                  0.04    0.12    0.14 ^ clkbuf_0_core_clk/X (sky130_fd_sc_hd__clkbuf_16)
     2    0.02                           clknet_0_core_clk (net)
                  0.04    0.00    0.14 ^ clkbuf_1_0_0_core_clk/A (sky130_fd_sc_hd__clkbuf_8)
                  0.04    0.11    0.25 ^ clkbuf_1_0_0_core_clk/X (sky130_fd_sc_hd__clkbuf_8)
     1    0.01                           clknet_1_0_0_core_clk (net)
                  0.04    0.00    0.25 ^ clkbuf_1_0_1_core_clk/A (sky130_fd_sc_hd__clkbuf_8)
                  0.04    0.11    0.36 ^ clkbuf_1_0_1_core_clk/X (sky130_fd_sc_hd__clkbuf_8)
     1    0.01                           clknet_1_0_1_core_clk (net)
                  0.04    0.00    0.37 ^ clkbuf_1_0_2_core_clk/A (sky130_fd_sc_hd__clkbuf_8)
                  0.04    0.11    0.48 ^ clkbuf_1_0_2_core_clk/X (sky130_fd_sc_hd__clkbuf_8)
     1    0.01                           clknet_1_0_2_core_clk (net)
                  0.04    0.00    0.48 ^ clkbuf_1_0_3_core_clk/A (sky130_fd_sc_hd__clkbuf_8)
                  0.04    0.11    0.59 ^ clkbuf_1_0_3_core_clk/X (sky130_fd_sc_hd__clkbuf_8)
     1    0.01                           clknet_1_0_3_core_clk (net)
                  0.04    0.00    0.59 ^ clkbuf_1_0_4_core_clk/A (sky130_fd_sc_hd__clkbuf_8)
                  0.04    0.11    0.70 ^ clkbuf_1_0_4_core_clk/X (sky130_fd_sc_hd__clkbuf_8)
     1    0.01                           clknet_1_0_4_core_clk (net)
                  0.04    0.00    0.70 ^ clkbuf_1_0_5_core_clk/A (sky130_fd_sc_hd__clkbuf_8)
                  0.03    0.10    0.80 ^ clkbuf_1_0_5_core_clk/X (sky130_fd_sc_hd__clkbuf_8)
     1    0.01                           clknet_1_0_5_core_clk (net)
                  0.03    0.00    0.80 ^ clkbuf_1_0_6_core_clk/A (sky130_fd_sc_hd__clkbuf_8)
                  0.04    0.11    0.92 ^ clkbuf_1_0_6_core_clk/X (sky130_fd_sc_hd__clkbuf_8)
     2    0.02                           clknet_1_0_6_core_clk (net)
                  0.04    0.00    0.92 ^ clkbuf_2_1_0_core_clk/A (sky130_fd_sc_hd__clkbuf_8)
                  0.04    0.11    1.03 ^ clkbuf_2_1_0_core_clk/X (sky130_fd_sc_hd__clkbuf_8)
     1    0.01                           clknet_2_1_0_core_clk (net)
                  0.04    0.00    1.03 ^ clkbuf_2_1_1_core_clk/A (sky130_fd_sc_hd__clkbuf_8)
                  0.06    0.13    1.16 ^ clkbuf_2_1_1_core_clk/X (sky130_fd_sc_hd__clkbuf_8)
     2    0.03                           clknet_2_1_1_core_clk (net)
                  0.06    0.00    1.16 ^ clkbuf_3_2_0_core_clk/A (sky130_fd_sc_hd__clkbuf_8)
                  0.04    0.12    1.28 ^ clkbuf_3_2_0_core_clk/X (sky130_fd_sc_hd__clkbuf_8)
     1    0.01                           clknet_3_2_0_core_clk (net)
                  0.04    0.00    1.28 ^ clkbuf_3_2_1_core_clk/A (sky130_fd_sc_hd__clkbuf_8)
                  0.04    0.11    1.39 ^ clkbuf_3_2_1_core_clk/X (sky130_fd_sc_hd__clkbuf_8)
     1    0.01                           clknet_3_2_1_core_clk (net)
                  0.04    0.00    1.40 ^ clkbuf_3_2_2_core_clk/A (sky130_fd_sc_hd__clkbuf_8)
                  0.06    0.13    1.53 ^ clkbuf_3_2_2_core_clk/X (sky130_fd_sc_hd__clkbuf_8)
     2    0.03                           clknet_3_2_2_core_clk (net)
                  0.06    0.00    1.53 ^ clkbuf_4_4_0_core_clk/A (sky130_fd_sc_hd__clkbuf_8)
                  0.06    0.14    1.67 ^ clkbuf_4_4_0_core_clk/X (sky130_fd_sc_hd__clkbuf_8)
     2    0.02                           clknet_4_4_0_core_clk (net)
                  0.06    0.00    1.67 ^ clkbuf_5_9_0_core_clk/A (sky130_fd_sc_hd__clkbuf_8)
                  0.03    0.11    1.78 ^ clkbuf_5_9_0_core_clk/X (sky130_fd_sc_hd__clkbuf_8)
     1    0.01                           clknet_5_9_0_core_clk (net)
                  0.03    0.00    1.78 ^ clkbuf_5_9_1_core_clk/A (sky130_fd_sc_hd__clkbuf_8)
                  0.05    0.12    1.90 ^ clkbuf_5_9_1_core_clk/X (sky130_fd_sc_hd__clkbuf_8)
     2    0.02                           clknet_5_9_1_core_clk (net)
                  0.05    0.00    1.90 ^ clkbuf_6_19_0_core_clk/A (sky130_fd_sc_hd__clkbuf_8)
                  0.13    0.18    2.08 ^ clkbuf_6_19_0_core_clk/X (sky130_fd_sc_hd__clkbuf_8)
     6    0.07                           clknet_6_19_0_core_clk (net)
                  0.13    0.00    2.08 ^ clkbuf_leaf_77_core_clk/A (sky130_fd_sc_hd__clkbuf_16)
                  0.06    0.16    2.24 ^ clkbuf_leaf_77_core_clk/X (sky130_fd_sc_hd__clkbuf_16)
    10    0.03                           clknet_leaf_77_core_clk (net)
                  0.06    0.00    2.24 ^ _29494_/CLK (sky130_fd_sc_hd__dfxtp_1)
                  0.05    0.29    2.53 ^ _29494_/Q (sky130_fd_sc_hd__dfxtp_1)
     1    0.00                           core.multiregimpl33_regs0 (net)
                  0.05    0.00    2.53 ^ _29493_/D (sky130_fd_sc_hd__dfxtp_1)
                                  2.53   data arrival time

                          0.00    0.00   clock core_clk (rise edge)
                          0.00    0.00   clock source latency
                  0.00    0.00    0.00 ^ core_clk (in)
     2    0.07                           core_clk (net)
                  0.04    0.02    0.02 ^ clkbuf_0_core_clk/A (sky130_fd_sc_hd__clkbuf_16)
                  0.04    0.13    0.15 ^ clkbuf_0_core_clk/X (sky130_fd_sc_hd__clkbuf_16)
     2    0.02                           clknet_0_core_clk (net)
                  0.04    0.00    0.16 ^ clkbuf_1_0_0_core_clk/A (sky130_fd_sc_hd__clkbuf_8)
                  0.04    0.12    0.28 ^ clkbuf_1_0_0_core_clk/X (sky130_fd_sc_hd__clkbuf_8)
     1    0.01                           clknet_1_0_0_core_clk (net)
                  0.04    0.00    0.28 ^ clkbuf_1_0_1_core_clk/A (sky130_fd_sc_hd__clkbuf_8)
                  0.04    0.12    0.40 ^ clkbuf_1_0_1_core_clk/X (sky130_fd_sc_hd__clkbuf_8)
     1    0.01                           clknet_1_0_1_core_clk (net)
                  0.04    0.00    0.40 ^ clkbuf_1_0_2_core_clk/A (sky130_fd_sc_hd__clkbuf_8)
                  0.04    0.12    0.53 ^ clkbuf_1_0_2_core_clk/X (sky130_fd_sc_hd__clkbuf_8)
     1    0.01                           clknet_1_0_2_core_clk (net)
                  0.04    0.00    0.53 ^ clkbuf_1_0_3_core_clk/A (sky130_fd_sc_hd__clkbuf_8)
                  0.04    0.12    0.65 ^ clkbuf_1_0_3_core_clk/X (sky130_fd_sc_hd__clkbuf_8)
     1    0.01                           clknet_1_0_3_core_clk (net)
                  0.04    0.00    0.65 ^ clkbuf_1_0_4_core_clk/A (sky130_fd_sc_hd__clkbuf_8)
                  0.04    0.12    0.77 ^ clkbuf_1_0_4_core_clk/X (sky130_fd_sc_hd__clkbuf_8)
     1    0.01                           clknet_1_0_4_core_clk (net)
                  0.04    0.00    0.77 ^ clkbuf_1_0_5_core_clk/A (sky130_fd_sc_hd__clkbuf_8)
                  0.03    0.12    0.89 ^ clkbuf_1_0_5_core_clk/X (sky130_fd_sc_hd__clkbuf_8)
     1    0.01                           clknet_1_0_5_core_clk (net)
                  0.03    0.00    0.89 ^ clkbuf_1_0_6_core_clk/A (sky130_fd_sc_hd__clkbuf_8)
                  0.04    0.13    1.02 ^ clkbuf_1_0_6_core_clk/X (sky130_fd_sc_hd__clkbuf_8)
     2    0.02                           clknet_1_0_6_core_clk (net)
                  0.04    0.00    1.02 ^ clkbuf_2_1_0_core_clk/A (sky130_fd_sc_hd__clkbuf_8)
                  0.04    0.12    1.14 ^ clkbuf_2_1_0_core_clk/X (sky130_fd_sc_hd__clkbuf_8)
     1    0.01                           clknet_2_1_0_core_clk (net)
                  0.04    0.00    1.14 ^ clkbuf_2_1_1_core_clk/A (sky130_fd_sc_hd__clkbuf_8)
                  0.06    0.14    1.29 ^ clkbuf_2_1_1_core_clk/X (sky130_fd_sc_hd__clkbuf_8)
     2    0.03                           clknet_2_1_1_core_clk (net)
                  0.06    0.00    1.29 ^ clkbuf_3_2_0_core_clk/A (sky130_fd_sc_hd__clkbuf_8)
                  0.04    0.13    1.42 ^ clkbuf_3_2_0_core_clk/X (sky130_fd_sc_hd__clkbuf_8)
     1    0.01                           clknet_3_2_0_core_clk (net)
                  0.04    0.00    1.42 ^ clkbuf_3_2_1_core_clk/A (sky130_fd_sc_hd__clkbuf_8)
                  0.04    0.12    1.54 ^ clkbuf_3_2_1_core_clk/X (sky130_fd_sc_hd__clkbuf_8)
     1    0.01                           clknet_3_2_1_core_clk (net)
                  0.04    0.00    1.54 ^ clkbuf_3_2_2_core_clk/A (sky130_fd_sc_hd__clkbuf_8)
                  0.06    0.15    1.69 ^ clkbuf_3_2_2_core_clk/X (sky130_fd_sc_hd__clkbuf_8)
     2    0.03                           clknet_3_2_2_core_clk (net)
                  0.06    0.00    1.69 ^ clkbuf_4_4_0_core_clk/A (sky130_fd_sc_hd__clkbuf_8)
                  0.06    0.15    1.84 ^ clkbuf_4_4_0_core_clk/X (sky130_fd_sc_hd__clkbuf_8)
     2    0.02                           clknet_4_4_0_core_clk (net)
                  0.06    0.00    1.84 ^ clkbuf_5_9_0_core_clk/A (sky130_fd_sc_hd__clkbuf_8)
                  0.03    0.12    1.97 ^ clkbuf_5_9_0_core_clk/X (sky130_fd_sc_hd__clkbuf_8)
     1    0.01                           clknet_5_9_0_core_clk (net)
                  0.03    0.00    1.97 ^ clkbuf_5_9_1_core_clk/A (sky130_fd_sc_hd__clkbuf_8)
                  0.05    0.13    2.10 ^ clkbuf_5_9_1_core_clk/X (sky130_fd_sc_hd__clkbuf_8)
     2    0.02                           clknet_5_9_1_core_clk (net)
                  0.05    0.00    2.10 ^ clkbuf_6_19_0_core_clk/A (sky130_fd_sc_hd__clkbuf_8)
                  0.13    0.20    2.30 ^ clkbuf_6_19_0_core_clk/X (sky130_fd_sc_hd__clkbuf_8)
     6    0.07                           clknet_6_19_0_core_clk (net)
                  0.13    0.00    2.30 ^ clkbuf_leaf_77_core_clk/A (sky130_fd_sc_hd__clkbuf_16)
                  0.06    0.18    2.48 ^ clkbuf_leaf_77_core_clk/X (sky130_fd_sc_hd__clkbuf_16)
    10    0.03                           clknet_leaf_77_core_clk (net)
                  0.06    0.00    2.48 ^ _29493_/CLK (sky130_fd_sc_hd__dfxtp_1)
                          0.12    2.60   clock uncertainty
                         -0.24    2.36   clock reconvergence pessimism
                         -0.03    2.33   library hold time
                                  2.33   data required time
-----------------------------------------------------------------------------
                                  2.33   data required time
                                 -2.53   data arrival time
-----------------------------------------------------------------------------
                                  0.20   slack (MET)


Startpoint: _28466_ (rising edge-triggered flip-flop clocked by core_clk)
Endpoint: _28430_ (rising edge-triggered flip-flop clocked by core_clk)
Path Group: core_clk
Path Type: min

Fanout     Cap    Slew   Delay    Time   Description
-----------------------------------------------------------------------------
                          0.00    0.00   clock core_clk (rise edge)
                          0.00    0.00   clock source latency
                  0.00    0.00    0.00 ^ core_clk (in)
     2    0.07                           core_clk (net)
                  0.04    0.02    0.02 ^ clkbuf_0_core_clk/A (sky130_fd_sc_hd__clkbuf_16)
                  0.04    0.12    0.14 ^ clkbuf_0_core_clk/X (sky130_fd_sc_hd__clkbuf_16)
     2    0.02                           clknet_0_core_clk (net)
                  0.04    0.00    0.14 ^ clkbuf_1_0_0_core_clk/A (sky130_fd_sc_hd__clkbuf_8)
                  0.04    0.11    0.25 ^ clkbuf_1_0_0_core_clk/X (sky130_fd_sc_hd__clkbuf_8)
     1    0.01                           clknet_1_0_0_core_clk (net)
                  0.04    0.00    0.25 ^ clkbuf_1_0_1_core_clk/A (sky130_fd_sc_hd__clkbuf_8)
                  0.04    0.11    0.36 ^ clkbuf_1_0_1_core_clk/X (sky130_fd_sc_hd__clkbuf_8)
     1    0.01                           clknet_1_0_1_core_clk (net)
                  0.04    0.00    0.37 ^ clkbuf_1_0_2_core_clk/A (sky130_fd_sc_hd__clkbuf_8)
                  0.04    0.11    0.48 ^ clkbuf_1_0_2_core_clk/X (sky130_fd_sc_hd__clkbuf_8)
     1    0.01                           clknet_1_0_2_core_clk (net)
                  0.04    0.00    0.48 ^ clkbuf_1_0_3_core_clk/A (sky130_fd_sc_hd__clkbuf_8)
                  0.04    0.11    0.59 ^ clkbuf_1_0_3_core_clk/X (sky130_fd_sc_hd__clkbuf_8)
     1    0.01                           clknet_1_0_3_core_clk (net)
                  0.04    0.00    0.59 ^ clkbuf_1_0_4_core_clk/A (sky130_fd_sc_hd__clkbuf_8)
                  0.04    0.11    0.70 ^ clkbuf_1_0_4_core_clk/X (sky130_fd_sc_hd__clkbuf_8)
     1    0.01                           clknet_1_0_4_core_clk (net)
                  0.04    0.00    0.70 ^ clkbuf_1_0_5_core_clk/A (sky130_fd_sc_hd__clkbuf_8)
                  0.03    0.10    0.80 ^ clkbuf_1_0_5_core_clk/X (sky130_fd_sc_hd__clkbuf_8)
     1    0.01                           clknet_1_0_5_core_clk (net)
                  0.03    0.00    0.80 ^ clkbuf_1_0_6_core_clk/A (sky130_fd_sc_hd__clkbuf_8)
                  0.04    0.11    0.92 ^ clkbuf_1_0_6_core_clk/X (sky130_fd_sc_hd__clkbuf_8)
     2    0.02                           clknet_1_0_6_core_clk (net)
                  0.04    0.00    0.92 ^ clkbuf_2_0_0_core_clk/A (sky130_fd_sc_hd__clkbuf_8)
                  0.04    0.11    1.03 ^ clkbuf_2_0_0_core_clk/X (sky130_fd_sc_hd__clkbuf_8)
     1    0.01                           clknet_2_0_0_core_clk (net)
                  0.04    0.00    1.03 ^ clkbuf_2_0_1_core_clk/A (sky130_fd_sc_hd__clkbuf_8)
                  0.06    0.13    1.16 ^ clkbuf_2_0_1_core_clk/X (sky130_fd_sc_hd__clkbuf_8)
     2    0.03                           clknet_2_0_1_core_clk (net)
                  0.06    0.00    1.16 ^ clkbuf_3_1_0_core_clk/A (sky130_fd_sc_hd__clkbuf_8)
                  0.04    0.12    1.28 ^ clkbuf_3_1_0_core_clk/X (sky130_fd_sc_hd__clkbuf_8)
     1    0.01                           clknet_3_1_0_core_clk (net)
                  0.04    0.00    1.28 ^ clkbuf_3_1_1_core_clk/A (sky130_fd_sc_hd__clkbuf_8)
                  0.04    0.11    1.39 ^ clkbuf_3_1_1_core_clk/X (sky130_fd_sc_hd__clkbuf_8)
     1    0.01                           clknet_3_1_1_core_clk (net)
                  0.04    0.00    1.39 ^ clkbuf_3_1_2_core_clk/A (sky130_fd_sc_hd__clkbuf_8)
                  0.05    0.12    1.52 ^ clkbuf_3_1_2_core_clk/X (sky130_fd_sc_hd__clkbuf_8)
     2    0.02                           clknet_3_1_2_core_clk (net)
                  0.05    0.00    1.52 ^ clkbuf_4_3_0_core_clk/A (sky130_fd_sc_hd__clkbuf_8)
                  0.06    0.14    1.66 ^ clkbuf_4_3_0_core_clk/X (sky130_fd_sc_hd__clkbuf_8)
     2    0.03                           clknet_4_3_0_core_clk (net)
                  0.06    0.00    1.66 ^ clkbuf_5_6_0_core_clk/A (sky130_fd_sc_hd__clkbuf_8)
                  0.04    0.12    1.78 ^ clkbuf_5_6_0_core_clk/X (sky130_fd_sc_hd__clkbuf_8)
     1    0.01                           clknet_5_6_0_core_clk (net)
                  0.04    0.00    1.78 ^ clkbuf_5_6_1_core_clk/A (sky130_fd_sc_hd__clkbuf_8)
                  0.05    0.12    1.90 ^ clkbuf_5_6_1_core_clk/X (sky130_fd_sc_hd__clkbuf_8)
     2    0.02                           clknet_5_6_1_core_clk (net)
                  0.05    0.00    1.90 ^ clkbuf_6_13_0_core_clk/A (sky130_fd_sc_hd__clkbuf_8)
                  0.14    0.19    2.09 ^ clkbuf_6_13_0_core_clk/X (sky130_fd_sc_hd__clkbuf_8)
     6    0.07                           clknet_6_13_0_core_clk (net)
                  0.14    0.00    2.09 ^ clkbuf_leaf_23_core_clk/A (sky130_fd_sc_hd__clkbuf_16)
                  0.04    0.15    2.23 ^ clkbuf_leaf_23_core_clk/X (sky130_fd_sc_hd__clkbuf_16)
     4    0.02                           clknet_leaf_23_core_clk (net)
                  0.04    0.00    2.24 ^ _28466_/CLK (sky130_fd_sc_hd__dfxtp_1)
                  0.07    0.31    2.55 v _28466_/Q (sky130_fd_sc_hd__dfxtp_1)
     5    0.01                           core.VexRiscv.DBusSimplePlugin_memoryExceptionPort_payload_badAddr[21] (net)
                  0.07    0.00    2.55 v _28430_/D (sky130_fd_sc_hd__dfxtp_1)
                                  2.55   data arrival time

                          0.00    0.00   clock core_clk (rise edge)
                          0.00    0.00   clock source latency
                  0.00    0.00    0.00 ^ core_clk (in)
     2    0.07                           core_clk (net)
                  0.04    0.02    0.02 ^ clkbuf_0_core_clk/A (sky130_fd_sc_hd__clkbuf_16)
                  0.04    0.13    0.15 ^ clkbuf_0_core_clk/X (sky130_fd_sc_hd__clkbuf_16)
     2    0.02                           clknet_0_core_clk (net)
                  0.04    0.00    0.16 ^ clkbuf_1_0_0_core_clk/A (sky130_fd_sc_hd__clkbuf_8)
                  0.04    0.12    0.28 ^ clkbuf_1_0_0_core_clk/X (sky130_fd_sc_hd__clkbuf_8)
     1    0.01                           clknet_1_0_0_core_clk (net)
                  0.04    0.00    0.28 ^ clkbuf_1_0_1_core_clk/A (sky130_fd_sc_hd__clkbuf_8)
                  0.04    0.12    0.40 ^ clkbuf_1_0_1_core_clk/X (sky130_fd_sc_hd__clkbuf_8)
     1    0.01                           clknet_1_0_1_core_clk (net)
                  0.04    0.00    0.40 ^ clkbuf_1_0_2_core_clk/A (sky130_fd_sc_hd__clkbuf_8)
                  0.04    0.12    0.53 ^ clkbuf_1_0_2_core_clk/X (sky130_fd_sc_hd__clkbuf_8)
     1    0.01                           clknet_1_0_2_core_clk (net)
                  0.04    0.00    0.53 ^ clkbuf_1_0_3_core_clk/A (sky130_fd_sc_hd__clkbuf_8)
                  0.04    0.12    0.65 ^ clkbuf_1_0_3_core_clk/X (sky130_fd_sc_hd__clkbuf_8)
     1    0.01                           clknet_1_0_3_core_clk (net)
                  0.04    0.00    0.65 ^ clkbuf_1_0_4_core_clk/A (sky130_fd_sc_hd__clkbuf_8)
                  0.04    0.12    0.77 ^ clkbuf_1_0_4_core_clk/X (sky130_fd_sc_hd__clkbuf_8)
     1    0.01                           clknet_1_0_4_core_clk (net)
                  0.04    0.00    0.77 ^ clkbuf_1_0_5_core_clk/A (sky130_fd_sc_hd__clkbuf_8)
                  0.03    0.12    0.89 ^ clkbuf_1_0_5_core_clk/X (sky130_fd_sc_hd__clkbuf_8)
     1    0.01                           clknet_1_0_5_core_clk (net)
                  0.03    0.00    0.89 ^ clkbuf_1_0_6_core_clk/A (sky130_fd_sc_hd__clkbuf_8)
                  0.04    0.13    1.02 ^ clkbuf_1_0_6_core_clk/X (sky130_fd_sc_hd__clkbuf_8)
     2    0.02                           clknet_1_0_6_core_clk (net)
                  0.04    0.00    1.02 ^ clkbuf_2_0_0_core_clk/A (sky130_fd_sc_hd__clkbuf_8)
                  0.04    0.12    1.14 ^ clkbuf_2_0_0_core_clk/X (sky130_fd_sc_hd__clkbuf_8)
     1    0.01                           clknet_2_0_0_core_clk (net)
                  0.04    0.00    1.14 ^ clkbuf_2_0_1_core_clk/A (sky130_fd_sc_hd__clkbuf_8)
                  0.06    0.14    1.29 ^ clkbuf_2_0_1_core_clk/X (sky130_fd_sc_hd__clkbuf_8)
     2    0.03                           clknet_2_0_1_core_clk (net)
                  0.06    0.00    1.29 ^ clkbuf_3_1_0_core_clk/A (sky130_fd_sc_hd__clkbuf_8)
                  0.04    0.13    1.42 ^ clkbuf_3_1_0_core_clk/X (sky130_fd_sc_hd__clkbuf_8)
     1    0.01                           clknet_3_1_0_core_clk (net)
                  0.04    0.00    1.42 ^ clkbuf_3_1_1_core_clk/A (sky130_fd_sc_hd__clkbuf_8)
                  0.04    0.12    1.54 ^ clkbuf_3_1_1_core_clk/X (sky130_fd_sc_hd__clkbuf_8)
     1    0.01                           clknet_3_1_1_core_clk (net)
                  0.04    0.00    1.54 ^ clkbuf_3_1_2_core_clk/A (sky130_fd_sc_hd__clkbuf_8)
                  0.05    0.14    1.68 ^ clkbuf_3_1_2_core_clk/X (sky130_fd_sc_hd__clkbuf_8)
     2    0.02                           clknet_3_1_2_core_clk (net)
                  0.05    0.00    1.68 ^ clkbuf_4_3_0_core_clk/A (sky130_fd_sc_hd__clkbuf_8)
                  0.06    0.15    1.83 ^ clkbuf_4_3_0_core_clk/X (sky130_fd_sc_hd__clkbuf_8)
     2    0.03                           clknet_4_3_0_core_clk (net)
                  0.06    0.00    1.83 ^ clkbuf_5_6_0_core_clk/A (sky130_fd_sc_hd__clkbuf_8)
                  0.04    0.13    1.96 ^ clkbuf_5_6_0_core_clk/X (sky130_fd_sc_hd__clkbuf_8)
     1    0.01                           clknet_5_6_0_core_clk (net)
                  0.04    0.00    1.96 ^ clkbuf_5_6_1_core_clk/A (sky130_fd_sc_hd__clkbuf_8)
                  0.05    0.13    2.10 ^ clkbuf_5_6_1_core_clk/X (sky130_fd_sc_hd__clkbuf_8)
     2    0.02                           clknet_5_6_1_core_clk (net)
                  0.05    0.00    2.10 ^ clkbuf_6_13_0_core_clk/A (sky130_fd_sc_hd__clkbuf_8)
                  0.14    0.21    2.31 ^ clkbuf_6_13_0_core_clk/X (sky130_fd_sc_hd__clkbuf_8)
     6    0.07                           clknet_6_13_0_core_clk (net)
                  0.14    0.00    2.31 ^ clkbuf_leaf_14_core_clk/A (sky130_fd_sc_hd__clkbuf_16)
                  0.07    0.19    2.50 ^ clkbuf_leaf_14_core_clk/X (sky130_fd_sc_hd__clkbuf_16)
    15    0.05                           clknet_leaf_14_core_clk (net)
                  0.07    0.00    2.50 ^ _28430_/CLK (sky130_fd_sc_hd__dfxtp_1)
                          0.12    2.62   clock uncertainty
                         -0.22    2.40   clock reconvergence pessimism
                         -0.06    2.34   library hold time
                                  2.34   data required time
-----------------------------------------------------------------------------
                                  2.34   data required time
                                 -2.55   data arrival time
-----------------------------------------------------------------------------
                                  0.20   slack (MET)


Startpoint: _29476_ (rising edge-triggered flip-flop clocked by core_clk)
Endpoint: _29475_ (rising edge-triggered flip-flop clocked by core_clk)
Path Group: core_clk
Path Type: min

Fanout     Cap    Slew   Delay    Time   Description
-----------------------------------------------------------------------------
                          0.00    0.00   clock core_clk (rise edge)
                          0.00    0.00   clock source latency
                  0.00    0.00    0.00 ^ core_clk (in)
     2    0.07                           core_clk (net)
                  0.04    0.02    0.02 ^ clkbuf_0_core_clk/A (sky130_fd_sc_hd__clkbuf_16)
                  0.04    0.12    0.14 ^ clkbuf_0_core_clk/X (sky130_fd_sc_hd__clkbuf_16)
     2    0.02                           clknet_0_core_clk (net)
                  0.04    0.00    0.14 ^ clkbuf_1_0_0_core_clk/A (sky130_fd_sc_hd__clkbuf_8)
                  0.04    0.11    0.25 ^ clkbuf_1_0_0_core_clk/X (sky130_fd_sc_hd__clkbuf_8)
     1    0.01                           clknet_1_0_0_core_clk (net)
                  0.04    0.00    0.25 ^ clkbuf_1_0_1_core_clk/A (sky130_fd_sc_hd__clkbuf_8)
                  0.04    0.11    0.36 ^ clkbuf_1_0_1_core_clk/X (sky130_fd_sc_hd__clkbuf_8)
     1    0.01                           clknet_1_0_1_core_clk (net)
                  0.04    0.00    0.37 ^ clkbuf_1_0_2_core_clk/A (sky130_fd_sc_hd__clkbuf_8)
                  0.04    0.11    0.48 ^ clkbuf_1_0_2_core_clk/X (sky130_fd_sc_hd__clkbuf_8)
     1    0.01                           clknet_1_0_2_core_clk (net)
                  0.04    0.00    0.48 ^ clkbuf_1_0_3_core_clk/A (sky130_fd_sc_hd__clkbuf_8)
                  0.04    0.11    0.59 ^ clkbuf_1_0_3_core_clk/X (sky130_fd_sc_hd__clkbuf_8)
     1    0.01                           clknet_1_0_3_core_clk (net)
                  0.04    0.00    0.59 ^ clkbuf_1_0_4_core_clk/A (sky130_fd_sc_hd__clkbuf_8)
                  0.04    0.11    0.70 ^ clkbuf_1_0_4_core_clk/X (sky130_fd_sc_hd__clkbuf_8)
     1    0.01                           clknet_1_0_4_core_clk (net)
                  0.04    0.00    0.70 ^ clkbuf_1_0_5_core_clk/A (sky130_fd_sc_hd__clkbuf_8)
                  0.03    0.10    0.80 ^ clkbuf_1_0_5_core_clk/X (sky130_fd_sc_hd__clkbuf_8)
     1    0.01                           clknet_1_0_5_core_clk (net)
                  0.03    0.00    0.80 ^ clkbuf_1_0_6_core_clk/A (sky130_fd_sc_hd__clkbuf_8)
                  0.04    0.11    0.92 ^ clkbuf_1_0_6_core_clk/X (sky130_fd_sc_hd__clkbuf_8)
     2    0.02                           clknet_1_0_6_core_clk (net)
                  0.04    0.00    0.92 ^ clkbuf_2_1_0_core_clk/A (sky130_fd_sc_hd__clkbuf_8)
                  0.04    0.11    1.03 ^ clkbuf_2_1_0_core_clk/X (sky130_fd_sc_hd__clkbuf_8)
     1    0.01                           clknet_2_1_0_core_clk (net)
                  0.04    0.00    1.03 ^ clkbuf_2_1_1_core_clk/A (sky130_fd_sc_hd__clkbuf_8)
                  0.06    0.13    1.16 ^ clkbuf_2_1_1_core_clk/X (sky130_fd_sc_hd__clkbuf_8)
     2    0.03                           clknet_2_1_1_core_clk (net)
                  0.06    0.00    1.16 ^ clkbuf_3_2_0_core_clk/A (sky130_fd_sc_hd__clkbuf_8)
                  0.04    0.12    1.28 ^ clkbuf_3_2_0_core_clk/X (sky130_fd_sc_hd__clkbuf_8)
     1    0.01                           clknet_3_2_0_core_clk (net)
                  0.04    0.00    1.28 ^ clkbuf_3_2_1_core_clk/A (sky130_fd_sc_hd__clkbuf_8)
                  0.04    0.11    1.39 ^ clkbuf_3_2_1_core_clk/X (sky130_fd_sc_hd__clkbuf_8)
     1    0.01                           clknet_3_2_1_core_clk (net)
                  0.04    0.00    1.40 ^ clkbuf_3_2_2_core_clk/A (sky130_fd_sc_hd__clkbuf_8)
                  0.06    0.13    1.53 ^ clkbuf_3_2_2_core_clk/X (sky130_fd_sc_hd__clkbuf_8)
     2    0.03                           clknet_3_2_2_core_clk (net)
                  0.06    0.00    1.53 ^ clkbuf_4_4_0_core_clk/A (sky130_fd_sc_hd__clkbuf_8)
                  0.06    0.14    1.67 ^ clkbuf_4_4_0_core_clk/X (sky130_fd_sc_hd__clkbuf_8)
     2    0.02                           clknet_4_4_0_core_clk (net)
                  0.06    0.00    1.67 ^ clkbuf_5_9_0_core_clk/A (sky130_fd_sc_hd__clkbuf_8)
                  0.03    0.11    1.78 ^ clkbuf_5_9_0_core_clk/X (sky130_fd_sc_hd__clkbuf_8)
     1    0.01                           clknet_5_9_0_core_clk (net)
                  0.03    0.00    1.78 ^ clkbuf_5_9_1_core_clk/A (sky130_fd_sc_hd__clkbuf_8)
                  0.05    0.12    1.90 ^ clkbuf_5_9_1_core_clk/X (sky130_fd_sc_hd__clkbuf_8)
     2    0.02                           clknet_5_9_1_core_clk (net)
                  0.05    0.00    1.90 ^ clkbuf_6_19_0_core_clk/A (sky130_fd_sc_hd__clkbuf_8)
                  0.13    0.18    2.08 ^ clkbuf_6_19_0_core_clk/X (sky130_fd_sc_hd__clkbuf_8)
     6    0.07                           clknet_6_19_0_core_clk (net)
                  0.13    0.00    2.08 ^ clkbuf_leaf_80_core_clk/A (sky130_fd_sc_hd__clkbuf_16)
                  0.06    0.16    2.24 ^ clkbuf_leaf_80_core_clk/X (sky130_fd_sc_hd__clkbuf_16)
    11    0.04                           clknet_leaf_80_core_clk (net)
                  0.06    0.00    2.24 ^ _29476_/CLK (sky130_fd_sc_hd__dfxtp_1)
                  0.05    0.30    2.54 ^ _29476_/Q (sky130_fd_sc_hd__dfxtp_1)
     1    0.00                           core.multiregimpl42_regs0 (net)
                  0.05    0.00    2.54 ^ _29475_/D (sky130_fd_sc_hd__dfxtp_1)
                                  2.54   data arrival time

                          0.00    0.00   clock core_clk (rise edge)
                          0.00    0.00   clock source latency
                  0.00    0.00    0.00 ^ core_clk (in)
     2    0.07                           core_clk (net)
                  0.04    0.02    0.02 ^ clkbuf_0_core_clk/A (sky130_fd_sc_hd__clkbuf_16)
                  0.04    0.13    0.15 ^ clkbuf_0_core_clk/X (sky130_fd_sc_hd__clkbuf_16)
     2    0.02                           clknet_0_core_clk (net)
                  0.04    0.00    0.16 ^ clkbuf_1_0_0_core_clk/A (sky130_fd_sc_hd__clkbuf_8)
                  0.04    0.12    0.28 ^ clkbuf_1_0_0_core_clk/X (sky130_fd_sc_hd__clkbuf_8)
     1    0.01                           clknet_1_0_0_core_clk (net)
                  0.04    0.00    0.28 ^ clkbuf_1_0_1_core_clk/A (sky130_fd_sc_hd__clkbuf_8)
                  0.04    0.12    0.40 ^ clkbuf_1_0_1_core_clk/X (sky130_fd_sc_hd__clkbuf_8)
     1    0.01                           clknet_1_0_1_core_clk (net)
                  0.04    0.00    0.40 ^ clkbuf_1_0_2_core_clk/A (sky130_fd_sc_hd__clkbuf_8)
                  0.04    0.12    0.53 ^ clkbuf_1_0_2_core_clk/X (sky130_fd_sc_hd__clkbuf_8)
     1    0.01                           clknet_1_0_2_core_clk (net)
                  0.04    0.00    0.53 ^ clkbuf_1_0_3_core_clk/A (sky130_fd_sc_hd__clkbuf_8)
                  0.04    0.12    0.65 ^ clkbuf_1_0_3_core_clk/X (sky130_fd_sc_hd__clkbuf_8)
     1    0.01                           clknet_1_0_3_core_clk (net)
                  0.04    0.00    0.65 ^ clkbuf_1_0_4_core_clk/A (sky130_fd_sc_hd__clkbuf_8)
                  0.04    0.12    0.77 ^ clkbuf_1_0_4_core_clk/X (sky130_fd_sc_hd__clkbuf_8)
     1    0.01                           clknet_1_0_4_core_clk (net)
                  0.04    0.00    0.77 ^ clkbuf_1_0_5_core_clk/A (sky130_fd_sc_hd__clkbuf_8)
                  0.03    0.12    0.89 ^ clkbuf_1_0_5_core_clk/X (sky130_fd_sc_hd__clkbuf_8)
     1    0.01                           clknet_1_0_5_core_clk (net)
                  0.03    0.00    0.89 ^ clkbuf_1_0_6_core_clk/A (sky130_fd_sc_hd__clkbuf_8)
                  0.04    0.13    1.02 ^ clkbuf_1_0_6_core_clk/X (sky130_fd_sc_hd__clkbuf_8)
     2    0.02                           clknet_1_0_6_core_clk (net)
                  0.04    0.00    1.02 ^ clkbuf_2_1_0_core_clk/A (sky130_fd_sc_hd__clkbuf_8)
                  0.04    0.12    1.14 ^ clkbuf_2_1_0_core_clk/X (sky130_fd_sc_hd__clkbuf_8)
     1    0.01                           clknet_2_1_0_core_clk (net)
                  0.04    0.00    1.14 ^ clkbuf_2_1_1_core_clk/A (sky130_fd_sc_hd__clkbuf_8)
                  0.06    0.14    1.29 ^ clkbuf_2_1_1_core_clk/X (sky130_fd_sc_hd__clkbuf_8)
     2    0.03                           clknet_2_1_1_core_clk (net)
                  0.06    0.00    1.29 ^ clkbuf_3_2_0_core_clk/A (sky130_fd_sc_hd__clkbuf_8)
                  0.04    0.13    1.42 ^ clkbuf_3_2_0_core_clk/X (sky130_fd_sc_hd__clkbuf_8)
     1    0.01                           clknet_3_2_0_core_clk (net)
                  0.04    0.00    1.42 ^ clkbuf_3_2_1_core_clk/A (sky130_fd_sc_hd__clkbuf_8)
                  0.04    0.12    1.54 ^ clkbuf_3_2_1_core_clk/X (sky130_fd_sc_hd__clkbuf_8)
     1    0.01                           clknet_3_2_1_core_clk (net)
                  0.04    0.00    1.54 ^ clkbuf_3_2_2_core_clk/A (sky130_fd_sc_hd__clkbuf_8)
                  0.06    0.15    1.69 ^ clkbuf_3_2_2_core_clk/X (sky130_fd_sc_hd__clkbuf_8)
     2    0.03                           clknet_3_2_2_core_clk (net)
                  0.06    0.00    1.69 ^ clkbuf_4_4_0_core_clk/A (sky130_fd_sc_hd__clkbuf_8)
                  0.06    0.15    1.84 ^ clkbuf_4_4_0_core_clk/X (sky130_fd_sc_hd__clkbuf_8)
     2    0.02                           clknet_4_4_0_core_clk (net)
                  0.06    0.00    1.84 ^ clkbuf_5_9_0_core_clk/A (sky130_fd_sc_hd__clkbuf_8)
                  0.03    0.12    1.97 ^ clkbuf_5_9_0_core_clk/X (sky130_fd_sc_hd__clkbuf_8)
     1    0.01                           clknet_5_9_0_core_clk (net)
                  0.03    0.00    1.97 ^ clkbuf_5_9_1_core_clk/A (sky130_fd_sc_hd__clkbuf_8)
                  0.05    0.13    2.10 ^ clkbuf_5_9_1_core_clk/X (sky130_fd_sc_hd__clkbuf_8)
     2    0.02                           clknet_5_9_1_core_clk (net)
                  0.05    0.00    2.10 ^ clkbuf_6_19_0_core_clk/A (sky130_fd_sc_hd__clkbuf_8)
                  0.13    0.20    2.30 ^ clkbuf_6_19_0_core_clk/X (sky130_fd_sc_hd__clkbuf_8)
     6    0.07                           clknet_6_19_0_core_clk (net)
                  0.13    0.00    2.30 ^ clkbuf_leaf_80_core_clk/A (sky130_fd_sc_hd__clkbuf_16)
                  0.06    0.18    2.48 ^ clkbuf_leaf_80_core_clk/X (sky130_fd_sc_hd__clkbuf_16)
    11    0.04                           clknet_leaf_80_core_clk (net)
                  0.06    0.00    2.48 ^ _29475_/CLK (sky130_fd_sc_hd__dfxtp_1)
                          0.12    2.60   clock uncertainty
                         -0.24    2.36   clock reconvergence pessimism
                         -0.03    2.33   library hold time
                                  2.33   data required time
-----------------------------------------------------------------------------
                                  2.33   data required time
                                 -2.54   data arrival time
-----------------------------------------------------------------------------
                                  0.21   slack (MET)


Startpoint: _29498_ (rising edge-triggered flip-flop clocked by core_clk)
Endpoint: _29497_ (rising edge-triggered flip-flop clocked by core_clk)
Path Group: core_clk
Path Type: min

Fanout     Cap    Slew   Delay    Time   Description
-----------------------------------------------------------------------------
                          0.00    0.00   clock core_clk (rise edge)
                          0.00    0.00   clock source latency
                  0.00    0.00    0.00 ^ core_clk (in)
     2    0.07                           core_clk (net)
                  0.04    0.02    0.02 ^ clkbuf_0_core_clk/A (sky130_fd_sc_hd__clkbuf_16)
                  0.04    0.12    0.14 ^ clkbuf_0_core_clk/X (sky130_fd_sc_hd__clkbuf_16)
     2    0.02                           clknet_0_core_clk (net)
                  0.04    0.00    0.14 ^ clkbuf_1_0_0_core_clk/A (sky130_fd_sc_hd__clkbuf_8)
                  0.04    0.11    0.25 ^ clkbuf_1_0_0_core_clk/X (sky130_fd_sc_hd__clkbuf_8)
     1    0.01                           clknet_1_0_0_core_clk (net)
                  0.04    0.00    0.25 ^ clkbuf_1_0_1_core_clk/A (sky130_fd_sc_hd__clkbuf_8)
                  0.04    0.11    0.36 ^ clkbuf_1_0_1_core_clk/X (sky130_fd_sc_hd__clkbuf_8)
     1    0.01                           clknet_1_0_1_core_clk (net)
                  0.04    0.00    0.37 ^ clkbuf_1_0_2_core_clk/A (sky130_fd_sc_hd__clkbuf_8)
                  0.04    0.11    0.48 ^ clkbuf_1_0_2_core_clk/X (sky130_fd_sc_hd__clkbuf_8)
     1    0.01                           clknet_1_0_2_core_clk (net)
                  0.04    0.00    0.48 ^ clkbuf_1_0_3_core_clk/A (sky130_fd_sc_hd__clkbuf_8)
                  0.04    0.11    0.59 ^ clkbuf_1_0_3_core_clk/X (sky130_fd_sc_hd__clkbuf_8)
     1    0.01                           clknet_1_0_3_core_clk (net)
                  0.04    0.00    0.59 ^ clkbuf_1_0_4_core_clk/A (sky130_fd_sc_hd__clkbuf_8)
                  0.04    0.11    0.70 ^ clkbuf_1_0_4_core_clk/X (sky130_fd_sc_hd__clkbuf_8)
     1    0.01                           clknet_1_0_4_core_clk (net)
                  0.04    0.00    0.70 ^ clkbuf_1_0_5_core_clk/A (sky130_fd_sc_hd__clkbuf_8)
                  0.03    0.10    0.80 ^ clkbuf_1_0_5_core_clk/X (sky130_fd_sc_hd__clkbuf_8)
     1    0.01                           clknet_1_0_5_core_clk (net)
                  0.03    0.00    0.80 ^ clkbuf_1_0_6_core_clk/A (sky130_fd_sc_hd__clkbuf_8)
                  0.04    0.11    0.92 ^ clkbuf_1_0_6_core_clk/X (sky130_fd_sc_hd__clkbuf_8)
     2    0.02                           clknet_1_0_6_core_clk (net)
                  0.04    0.00    0.92 ^ clkbuf_2_1_0_core_clk/A (sky130_fd_sc_hd__clkbuf_8)
                  0.04    0.11    1.03 ^ clkbuf_2_1_0_core_clk/X (sky130_fd_sc_hd__clkbuf_8)
     1    0.01                           clknet_2_1_0_core_clk (net)
                  0.04    0.00    1.03 ^ clkbuf_2_1_1_core_clk/A (sky130_fd_sc_hd__clkbuf_8)
                  0.06    0.13    1.16 ^ clkbuf_2_1_1_core_clk/X (sky130_fd_sc_hd__clkbuf_8)
     2    0.03                           clknet_2_1_1_core_clk (net)
                  0.06    0.00    1.16 ^ clkbuf_3_2_0_core_clk/A (sky130_fd_sc_hd__clkbuf_8)
                  0.04    0.12    1.28 ^ clkbuf_3_2_0_core_clk/X (sky130_fd_sc_hd__clkbuf_8)
     1    0.01                           clknet_3_2_0_core_clk (net)
                  0.04    0.00    1.28 ^ clkbuf_3_2_1_core_clk/A (sky130_fd_sc_hd__clkbuf_8)
                  0.04    0.11    1.39 ^ clkbuf_3_2_1_core_clk/X (sky130_fd_sc_hd__clkbuf_8)
     1    0.01                           clknet_3_2_1_core_clk (net)
                  0.04    0.00    1.40 ^ clkbuf_3_2_2_core_clk/A (sky130_fd_sc_hd__clkbuf_8)
                  0.06    0.13    1.53 ^ clkbuf_3_2_2_core_clk/X (sky130_fd_sc_hd__clkbuf_8)
     2    0.03                           clknet_3_2_2_core_clk (net)
                  0.06    0.00    1.53 ^ clkbuf_4_5_0_core_clk/A (sky130_fd_sc_hd__clkbuf_8)
                  0.07    0.15    1.68 ^ clkbuf_4_5_0_core_clk/X (sky130_fd_sc_hd__clkbuf_8)
     2    0.03                           clknet_4_5_0_core_clk (net)
                  0.07    0.00    1.68 ^ clkbuf_5_11_0_core_clk/A (sky130_fd_sc_hd__clkbuf_8)
                  0.03    0.12    1.80 ^ clkbuf_5_11_0_core_clk/X (sky130_fd_sc_hd__clkbuf_8)
     1    0.01                           clknet_5_11_0_core_clk (net)
                  0.03    0.00    1.80 ^ clkbuf_5_11_1_core_clk/A (sky130_fd_sc_hd__clkbuf_8)
                  0.05    0.12    1.91 ^ clkbuf_5_11_1_core_clk/X (sky130_fd_sc_hd__clkbuf_8)
     2    0.02                           clknet_5_11_1_core_clk (net)
                  0.05    0.00    1.91 ^ clkbuf_6_23_0_core_clk/A (sky130_fd_sc_hd__clkbuf_8)
                  0.07    0.14    2.05 ^ clkbuf_6_23_0_core_clk/X (sky130_fd_sc_hd__clkbuf_8)
     3    0.03                           clknet_6_23_0_core_clk (net)
                  0.07    0.00    2.05 ^ clkbuf_leaf_65_core_clk/A (sky130_fd_sc_hd__clkbuf_16)
                  0.06    0.14    2.20 ^ clkbuf_leaf_65_core_clk/X (sky130_fd_sc_hd__clkbuf_16)
    11    0.04                           clknet_leaf_65_core_clk (net)
                  0.06    0.00    2.20 ^ _29498_/CLK (sky130_fd_sc_hd__dfxtp_1)
                  0.05    0.30    2.50 ^ _29498_/Q (sky130_fd_sc_hd__dfxtp_1)
     1    0.00                           core.multiregimpl31_regs0 (net)
                  0.05    0.00    2.50 ^ _29497_/D (sky130_fd_sc_hd__dfxtp_1)
                                  2.50   data arrival time

                          0.00    0.00   clock core_clk (rise edge)
                          0.00    0.00   clock source latency
                  0.00    0.00    0.00 ^ core_clk (in)
     2    0.07                           core_clk (net)
                  0.04    0.02    0.02 ^ clkbuf_0_core_clk/A (sky130_fd_sc_hd__clkbuf_16)
                  0.04    0.13    0.15 ^ clkbuf_0_core_clk/X (sky130_fd_sc_hd__clkbuf_16)
     2    0.02                           clknet_0_core_clk (net)
                  0.04    0.00    0.16 ^ clkbuf_1_0_0_core_clk/A (sky130_fd_sc_hd__clkbuf_8)
                  0.04    0.12    0.28 ^ clkbuf_1_0_0_core_clk/X (sky130_fd_sc_hd__clkbuf_8)
     1    0.01                           clknet_1_0_0_core_clk (net)
                  0.04    0.00    0.28 ^ clkbuf_1_0_1_core_clk/A (sky130_fd_sc_hd__clkbuf_8)
                  0.04    0.12    0.40 ^ clkbuf_1_0_1_core_clk/X (sky130_fd_sc_hd__clkbuf_8)
     1    0.01                           clknet_1_0_1_core_clk (net)
                  0.04    0.00    0.40 ^ clkbuf_1_0_2_core_clk/A (sky130_fd_sc_hd__clkbuf_8)
                  0.04    0.12    0.53 ^ clkbuf_1_0_2_core_clk/X (sky130_fd_sc_hd__clkbuf_8)
     1    0.01                           clknet_1_0_2_core_clk (net)
                  0.04    0.00    0.53 ^ clkbuf_1_0_3_core_clk/A (sky130_fd_sc_hd__clkbuf_8)
                  0.04    0.12    0.65 ^ clkbuf_1_0_3_core_clk/X (sky130_fd_sc_hd__clkbuf_8)
     1    0.01                           clknet_1_0_3_core_clk (net)
                  0.04    0.00    0.65 ^ clkbuf_1_0_4_core_clk/A (sky130_fd_sc_hd__clkbuf_8)
                  0.04    0.12    0.77 ^ clkbuf_1_0_4_core_clk/X (sky130_fd_sc_hd__clkbuf_8)
     1    0.01                           clknet_1_0_4_core_clk (net)
                  0.04    0.00    0.77 ^ clkbuf_1_0_5_core_clk/A (sky130_fd_sc_hd__clkbuf_8)
                  0.03    0.12    0.89 ^ clkbuf_1_0_5_core_clk/X (sky130_fd_sc_hd__clkbuf_8)
     1    0.01                           clknet_1_0_5_core_clk (net)
                  0.03    0.00    0.89 ^ clkbuf_1_0_6_core_clk/A (sky130_fd_sc_hd__clkbuf_8)
                  0.04    0.13    1.02 ^ clkbuf_1_0_6_core_clk/X (sky130_fd_sc_hd__clkbuf_8)
     2    0.02                           clknet_1_0_6_core_clk (net)
                  0.04    0.00    1.02 ^ clkbuf_2_1_0_core_clk/A (sky130_fd_sc_hd__clkbuf_8)
                  0.04    0.12    1.14 ^ clkbuf_2_1_0_core_clk/X (sky130_fd_sc_hd__clkbuf_8)
     1    0.01                           clknet_2_1_0_core_clk (net)
                  0.04    0.00    1.14 ^ clkbuf_2_1_1_core_clk/A (sky130_fd_sc_hd__clkbuf_8)
                  0.06    0.14    1.29 ^ clkbuf_2_1_1_core_clk/X (sky130_fd_sc_hd__clkbuf_8)
     2    0.03                           clknet_2_1_1_core_clk (net)
                  0.06    0.00    1.29 ^ clkbuf_3_2_0_core_clk/A (sky130_fd_sc_hd__clkbuf_8)
                  0.04    0.13    1.42 ^ clkbuf_3_2_0_core_clk/X (sky130_fd_sc_hd__clkbuf_8)
     1    0.01                           clknet_3_2_0_core_clk (net)
                  0.04    0.00    1.42 ^ clkbuf_3_2_1_core_clk/A (sky130_fd_sc_hd__clkbuf_8)
                  0.04    0.12    1.54 ^ clkbuf_3_2_1_core_clk/X (sky130_fd_sc_hd__clkbuf_8)
     1    0.01                           clknet_3_2_1_core_clk (net)
                  0.04    0.00    1.54 ^ clkbuf_3_2_2_core_clk/A (sky130_fd_sc_hd__clkbuf_8)
                  0.06    0.15    1.69 ^ clkbuf_3_2_2_core_clk/X (sky130_fd_sc_hd__clkbuf_8)
     2    0.03                           clknet_3_2_2_core_clk (net)
                  0.06    0.00    1.69 ^ clkbuf_4_5_0_core_clk/A (sky130_fd_sc_hd__clkbuf_8)
                  0.07    0.16    1.85 ^ clkbuf_4_5_0_core_clk/X (sky130_fd_sc_hd__clkbuf_8)
     2    0.03                           clknet_4_5_0_core_clk (net)
                  0.07    0.00    1.85 ^ clkbuf_5_11_0_core_clk/A (sky130_fd_sc_hd__clkbuf_8)
                  0.03    0.13    1.98 ^ clkbuf_5_11_0_core_clk/X (sky130_fd_sc_hd__clkbuf_8)
     1    0.01                           clknet_5_11_0_core_clk (net)
                  0.03    0.00    1.99 ^ clkbuf_5_11_1_core_clk/A (sky130_fd_sc_hd__clkbuf_8)
                  0.05    0.13    2.11 ^ clkbuf_5_11_1_core_clk/X (sky130_fd_sc_hd__clkbuf_8)
     2    0.02                           clknet_5_11_1_core_clk (net)
                  0.05    0.00    2.12 ^ clkbuf_6_23_0_core_clk/A (sky130_fd_sc_hd__clkbuf_8)
                  0.07    0.15    2.27 ^ clkbuf_6_23_0_core_clk/X (sky130_fd_sc_hd__clkbuf_8)
     3    0.03                           clknet_6_23_0_core_clk (net)
                  0.07    0.00    2.27 ^ clkbuf_leaf_65_core_clk/A (sky130_fd_sc_hd__clkbuf_16)
                  0.06    0.16    2.43 ^ clkbuf_leaf_65_core_clk/X (sky130_fd_sc_hd__clkbuf_16)
    11    0.04                           clknet_leaf_65_core_clk (net)
                  0.06    0.00    2.43 ^ _29497_/CLK (sky130_fd_sc_hd__dfxtp_1)
                          0.12    2.55   clock uncertainty
                         -0.23    2.32   clock reconvergence pessimism
                         -0.03    2.29   library hold time
                                  2.29   data required time
-----------------------------------------------------------------------------
                                  2.29   data required time
                                 -2.50   data arrival time
-----------------------------------------------------------------------------
                                  0.21   slack (MET)


