OpenROAD 4174c3ad802d2ac1d04d387d2c4b883903f6647e 
This program is licensed under the BSD-3 license. See the LICENSE file for details.
Components of this program may be licensed under more restrictive licenses which must be honored.
[INFO ODB-0222] Reading LEF file: /home/hosni/My_forks/FINAL/caravel_mgmt_soc_litex/openlane/mgmt_core_wrapper/runs/RUN_2022.10.13_16.19.31/tmp/merged.nom.lef
[WARNING ODB-0220] WARNING (LEFPARS-2036): SOURCE statement is obsolete in version 5.6 and later.
The LEF parser will ignore this statement.
To avoid this warning in the future, remove this statement from the LEF file with version 5.6 or later. See file /home/hosni/My_forks/FINAL/caravel_mgmt_soc_litex/openlane/mgmt_core_wrapper/runs/RUN_2022.10.13_16.19.31/tmp/merged.nom.lef at line 930.

[INFO ODB-0223]     Created 13 technology layers
[INFO ODB-0224]     Created 25 technology vias
[INFO ODB-0225]     Created 443 library cells
[INFO ODB-0226] Finished LEF file:  /home/hosni/My_forks/FINAL/caravel_mgmt_soc_litex/openlane/mgmt_core_wrapper/runs/RUN_2022.10.13_16.19.31/tmp/merged.nom.lef
[INFO ODB-0127] Reading DEF file: /home/hosni/My_forks/FINAL/caravel_mgmt_soc_litex/openlane/mgmt_core_wrapper/runs/RUN_2022.10.13_16.19.31/results/routing/mgmt_core_wrapper.def
[INFO ODB-0128] Design: mgmt_core_wrapper
[INFO ODB-0094] 		Created 100000 Insts
[INFO ODB-0094] 		Created 200000 Insts
[INFO ODB-0130]     Created 704 pins.
[INFO ODB-0131]     Created 234411 components and 1019055 component-terminals.
[INFO ODB-0132]     Created 2 special nets and 893396 connections.
[INFO ODB-0133]     Created 25103 nets and 125648 connections.
[INFO ODB-0134] Finished DEF file: /home/hosni/My_forks/FINAL/caravel_mgmt_soc_litex/openlane/mgmt_core_wrapper/runs/RUN_2022.10.13_16.19.31/results/routing/mgmt_core_wrapper.def
Using RCX ruleset '/home/hosni/OL_LATEST/OpenLane/pdks/sky130A/libs.tech/openlane/rules.openrcx.sky130A.nom.calibre'...
[INFO RCX-0431] Defined process_corner X with ext_model_index 0
[INFO RCX-0029] Defined extraction corner X
[INFO RCX-0008] extracting parasitics of mgmt_core_wrapper ...
[INFO RCX-0435] Reading extraction model file /home/hosni/OL_LATEST/OpenLane/pdks/sky130A/libs.tech/openlane/rules.openrcx.sky130A.nom.calibre ...
[INFO RCX-0436] RC segment generation mgmt_core_wrapper (max_merge_res 50.0) ...
[INFO RCX-0040] Final 206087 rc segments
[INFO RCX-0439] Coupling Cap extraction mgmt_core_wrapper ...
[INFO RCX-0440] Coupling threshhold is 0.1000 fF, coupling capacitance less than 0.1000 fF will be grounded.
[INFO RCX-0043] 436245 wires to be extracted
[INFO RCX-0442] 54% completion -- 239807 wires have been extracted
[INFO RCX-0442] 74% completion -- 323393 wires have been extracted
[INFO RCX-0442] 89% completion -- 390267 wires have been extracted
[INFO RCX-0442] 100% completion -- 436245 wires have been extracted
[INFO RCX-0045] Extract 25103 nets, 231183 rsegs, 231183 caps, 560205 ccs
[INFO RCX-0015] Finished extracting mgmt_core_wrapper.
Writing result to /home/hosni/My_forks/FINAL/caravel_mgmt_soc_litex/openlane/mgmt_core_wrapper/runs/RUN_2022.10.13_16.19.31/results/routing/mca/process_corner_nom/mgmt_core_wrapper.spef...
Setting global connections for newly added cells...
[WARNING] Did not save OpenROAD database!
Writing extracted parasitics to /home/hosni/My_forks/FINAL/caravel_mgmt_soc_litex/openlane/mgmt_core_wrapper/runs/RUN_2022.10.13_16.19.31/results/routing/mca/process_corner_nom/mgmt_core_wrapper.spef...
[INFO RCX-0016] Writing SPEF ...
[INFO RCX-0443] 25103 nets finished
[INFO RCX-0017] Finished writing SPEF ...
