OpenROAD 4174c3ad802d2ac1d04d387d2c4b883903f6647e 
This program is licensed under the BSD-3 license. See the LICENSE file for details.
Components of this program may be licensed under more restrictive licenses which must be honored.
[INFO ODB-0222] Reading LEF file: /home/hosni/re/caravel_mgmt_soc_litex/openlane/mgmt_core_wrapper/runs/RUN_2022.10.16_22.45.55/tmp/merged.nom.lef
[WARNING ODB-0220] WARNING (LEFPARS-2036): SOURCE statement is obsolete in version 5.6 and later.
The LEF parser will ignore this statement.
To avoid this warning in the future, remove this statement from the LEF file with version 5.6 or later. See file /home/hosni/re/caravel_mgmt_soc_litex/openlane/mgmt_core_wrapper/runs/RUN_2022.10.16_22.45.55/tmp/merged.nom.lef at line 930.

[INFO ODB-0223]     Created 13 technology layers
[INFO ODB-0224]     Created 25 technology vias
[INFO ODB-0225]     Created 443 library cells
[INFO ODB-0226] Finished LEF file:  /home/hosni/re/caravel_mgmt_soc_litex/openlane/mgmt_core_wrapper/runs/RUN_2022.10.16_22.45.55/tmp/merged.nom.lef
[INFO ODB-0127] Reading DEF file: /home/hosni/re/caravel_mgmt_soc_litex/openlane/mgmt_core_wrapper/runs/RUN_2022.10.16_22.45.55/results/routing/mgmt_core_wrapper.def
[INFO ODB-0128] Design: mgmt_core_wrapper
[INFO ODB-0094] 		Created 100000 Insts
[INFO ODB-0094] 		Created 200000 Insts
[INFO ODB-0130]     Created 718 pins.
[INFO ODB-0131]     Created 235462 components and 1024239 component-terminals.
[INFO ODB-0132]     Created 2 special nets and 897600 connections.
[INFO ODB-0133]     Created 25033 nets and 126628 connections.
[INFO ODB-0134] Finished DEF file: /home/hosni/re/caravel_mgmt_soc_litex/openlane/mgmt_core_wrapper/runs/RUN_2022.10.16_22.45.55/results/routing/mgmt_core_wrapper.def
[INFO]: Setting RC values...
[INFO PSM-0002] Output voltage file is specified as: /home/hosni/re/caravel_mgmt_soc_litex/openlane/mgmt_core_wrapper/runs/RUN_2022.10.16_22.45.55/reports/signoff/28-irdrop.rpt.
[WARNING PSM-0016] Voltage pad location (VSRC) file not specified, defaulting pad location to checkerboard pattern on core area.
[WARNING PSM-0017] X direction bump pitch is not specified, defaulting to 140um.
[WARNING PSM-0018] Y direction bump pitch is not specified, defaulting to 140um.
[WARNING PSM-0019] Voltage on net VPWR is not explicitly set.
[WARNING PSM-0022] Using voltage 1.800V for VDD network.
[WARNING PSM-0065] VSRC location not specified, using default checkerboard pattern with one VDD every size bumps in x-direction and one in two bumps in the y-direction
[INFO PSM-0076] Setting metal node density to be standard cell height times 5.
[WARNING PSM-0030] VSRC location at (119.850um, 129.360um) and size 10.000um, is not located on an existing power stripe node. Moving to closest node at (126.440um, 130.250um).
[WARNING PSM-0030] VSRC location at (959.850um, 129.360um) and size 10.000um, is not located on an existing power stripe node. Moving to closest node at (976.440um, 130.250um).
[WARNING PSM-0030] VSRC location at (1799.850um, 129.360um) and size 10.000um, is not located on an existing power stripe node. Moving to closest node at (1776.440um, 130.250um).
[WARNING PSM-0030] VSRC location at (399.850um, 269.360um) and size 10.000um, is not located on an existing power stripe node. Moving to closest node at (376.490um, 280.250um).
[WARNING PSM-0030] VSRC location at (1239.850um, 269.360um) and size 10.000um, is not located on an existing power stripe node. Moving to closest node at (1226.440um, 280.250um).
[WARNING PSM-0030] VSRC location at (2079.850um, 269.360um) and size 10.000um, is not located on an existing power stripe node. Moving to closest node at (2076.440um, 280.250um).
[WARNING PSM-0030] VSRC location at (679.850um, 409.360um) and size 10.000um, is not located on an existing power stripe node. Moving to closest node at (683.690um, 430.250um).
[WARNING PSM-0030] VSRC location at (1519.850um, 409.360um) and size 10.000um, is not located on an existing power stripe node. Moving to closest node at (1526.440um, 430.250um).
[WARNING PSM-0030] VSRC location at (2359.850um, 409.360um) and size 10.000um, is not located on an existing power stripe node. Moving to closest node at (2371.020um, 430.250um).
[WARNING PSM-0030] VSRC location at (119.850um, 549.360um) and size 10.000um, is not located on an existing power stripe node. Moving to closest node at (69.290um, 530.250um).
[WARNING PSM-0030] VSRC location at (959.850um, 549.360um) and size 10.000um, is not located on an existing power stripe node. Moving to closest node at (976.440um, 530.250um).
[WARNING PSM-0030] VSRC location at (1799.850um, 549.360um) and size 10.000um, is not located on an existing power stripe node. Moving to closest node at (1776.440um, 530.250um).
[WARNING PSM-0030] VSRC location at (399.850um, 689.360um) and size 10.000um, is not located on an existing power stripe node. Moving to closest node at (376.440um, 680.250um).
[WARNING PSM-0030] VSRC location at (1239.850um, 689.360um) and size 10.000um, is not located on an existing power stripe node. Moving to closest node at (1226.440um, 680.250um).
[WARNING PSM-0030] VSRC location at (2079.850um, 689.360um) and size 10.000um, is not located on an existing power stripe node. Moving to closest node at (2076.440um, 680.250um).
[INFO PSM-0031] Number of PDN nodes on net VPWR = 65525.
[INFO PSM-0064] Number of voltage sources = 15.
[INFO PSM-0040] All PDN stripes on net VPWR are connected.
########## IR report #################
Worstcase voltage: 1.80e+00 V
Average IR drop  : 1.11e-08 V
Worstcase IR drop: 1.82e-08 V
######################################
