
Magic 8.3 revision 324 - Compiled on Thu Sep 15 11:38:02 UTC 2022.
Starting magic under Tcl interpreter
Using the terminal as the console.
Using NULL graphics device.
Processing system .magicrc file
Sourcing design .magicrc for technology sky130A ...
2 Magic internal units = 1 Lambda
Input style sky130(vendor): scaleFactor=2, multiplier=2
The following types are not handled by extraction and will be treated as non-electrical types:
    ubm 
Scaled tech values by 2 / 1 to match internal grid scaling
Loading sky130A Device Generator Menu ...
Using technology "sky130A", version 1.0.341-2-gde752ec
Reading LEF data from file /home/hosni/OL_LATEST/OpenLane/pdks/sky130A/libs.ref/sky130_fd_sc_hd/techlef/sky130_fd_sc_hd__nom.tlef.
This action cannot be undone.
LEF read, Line 78 (Message): Unknown keyword "ANTENNAMODEL" in LEF file; ignoring.
LEF read, Line 79 (Message): Unknown keyword "ANTENNADIFFSIDEAREARATIO" in LEF file; ignoring.
LEF read, Line 112 (Message): Unknown keyword "MINENCLOSEDAREA" in LEF file; ignoring.
LEF read, Line 114 (Message): Unknown keyword "ANTENNAMODEL" in LEF file; ignoring.
LEF read, Line 115 (Message): Unknown keyword "ANTENNADIFFSIDEAREARATIO" in LEF file; ignoring.
LEF read, Line 121 (Message): Unknown keyword "MAXIMUMDENSITY" in LEF file; ignoring.
LEF read, Line 122 (Message): Unknown keyword "DENSITYCHECKWINDOW" in LEF file; ignoring.
LEF read, Line 123 (Message): Unknown keyword "DENSITYCHECKSTEP" in LEF file; ignoring.
LEF read, Line 156 (Message): Unknown keyword "MINENCLOSEDAREA" in LEF file; ignoring.
LEF read, Line 164 (Message): Unknown keyword "ANTENNAMODEL" in LEF file; ignoring.
LEF read, Line 165 (Message): Unknown keyword "ANTENNADIFFSIDEAREARATIO" in LEF file; ignoring.
LEF read, Line 167 (Message): Unknown keyword "MAXIMUMDENSITY" in LEF file; ignoring.
LEF read, Line 168 (Message): Unknown keyword "DENSITYCHECKWINDOW" in LEF file; ignoring.
LEF read, Line 169 (Message): Unknown keyword "DENSITYCHECKSTEP" in LEF file; ignoring.
LEF read, Line 206 (Message): Unknown keyword "ANTENNAMODEL" in LEF file; ignoring.
LEF read, Line 207 (Message): Unknown keyword "ANTENNADIFFSIDEAREARATIO" in LEF file; ignoring.
LEF read, Line 209 (Message): Unknown keyword "MAXIMUMDENSITY" in LEF file; ignoring.
LEF read, Line 210 (Message): Unknown keyword "DENSITYCHECKWINDOW" in LEF file; ignoring.
LEF read, Line 211 (Message): Unknown keyword "DENSITYCHECKSTEP" in LEF file; ignoring.
LEF read, Line 248 (Message): Unknown keyword "ANTENNAMODEL" in LEF file; ignoring.
LEF read, Line 249 (Message): Unknown keyword "ANTENNADIFFSIDEAREARATIO" in LEF file; ignoring.
LEF read, Line 251 (Message): Unknown keyword "MAXIMUMDENSITY" in LEF file; ignoring.
LEF read, Line 252 (Message): Unknown keyword "DENSITYCHECKWINDOW" in LEF file; ignoring.
LEF read, Line 253 (Message): Unknown keyword "DENSITYCHECKSTEP" in LEF file; ignoring.
LEF read, Line 290 (Message): Unknown keyword "ANTENNAMODEL" in LEF file; ignoring.
LEF read, Line 291 (Message): Unknown keyword "ANTENNADIFFSIDEAREARATIO" in LEF file; ignoring.
LEF read: Processed 797 lines.
Reading LEF data from file /home/hosni/caravel_mgmt_soc_litex/openlane/mgmt_core_wrapper/../../lef/RAM128.lef.
This action cannot be undone.
LEF read: Processed 764 lines.
Reading LEF data from file /home/hosni/caravel_mgmt_soc_litex/openlane/mgmt_core_wrapper/../../lef/RAM256.lef.
This action cannot be undone.
LEF read: Processed 802 lines.
mgmt_core_wrapper: 10000 rects
mgmt_core_wrapper: 20000 rects
mgmt_core_wrapper: 30000 rects
mgmt_core_wrapper: 40000 rects
mgmt_core_wrapper: 50000 rects
mgmt_core_wrapper: 60000 rects
mgmt_core_wrapper: 70000 rects
mgmt_core_wrapper: 80000 rects
mgmt_core_wrapper: 90000 rects
mgmt_core_wrapper: 100000 rects
mgmt_core_wrapper: 110000 rects
mgmt_core_wrapper: 120000 rects
mgmt_core_wrapper: 130000 rects
mgmt_core_wrapper: 140000 rects
mgmt_core_wrapper: 150000 rects
mgmt_core_wrapper: 160000 rects
mgmt_core_wrapper: 170000 rects
mgmt_core_wrapper: 180000 rects
mgmt_core_wrapper: 190000 rects
mgmt_core_wrapper: 200000 rects
mgmt_core_wrapper: 210000 rects
mgmt_core_wrapper: 220000 rects
mgmt_core_wrapper: 230000 rects
mgmt_core_wrapper: 240000 rects
mgmt_core_wrapper: 250000 rects
mgmt_core_wrapper: 260000 rects
mgmt_core_wrapper: 270000 rects
mgmt_core_wrapper: 280000 rects
mgmt_core_wrapper: 290000 rects
mgmt_core_wrapper: 300000 rects
mgmt_core_wrapper: 310000 rects
mgmt_core_wrapper: 320000 rects
mgmt_core_wrapper: 330000 rects
mgmt_core_wrapper: 340000 rects
mgmt_core_wrapper: 350000 rects
mgmt_core_wrapper: 360000 rects
mgmt_core_wrapper: 370000 rects
mgmt_core_wrapper: 380000 rects
mgmt_core_wrapper: 390000 rects
mgmt_core_wrapper: 400000 rects
mgmt_core_wrapper: 410000 rects
mgmt_core_wrapper: 420000 rects
mgmt_core_wrapper: 430000 rects
mgmt_core_wrapper: 440000 rects
mgmt_core_wrapper: 450000 rects
mgmt_core_wrapper: 460000 rects
mgmt_core_wrapper: 470000 rects
mgmt_core_wrapper: 480000 rects
mgmt_core_wrapper: 490000 rects
mgmt_core_wrapper: 500000 rects
mgmt_core_wrapper: 510000 rects
mgmt_core_wrapper: 520000 rects
mgmt_core_wrapper: 530000 rects
mgmt_core_wrapper: 540000 rects
mgmt_core_wrapper: 550000 rects
mgmt_core_wrapper: 560000 rects
mgmt_core_wrapper: 570000 rects
mgmt_core_wrapper: 580000 rects
mgmt_core_wrapper: 590000 rects
mgmt_core_wrapper: 600000 rects
mgmt_core_wrapper: 610000 rects
mgmt_core_wrapper: 620000 rects
mgmt_core_wrapper: 630000 rects
mgmt_core_wrapper: 640000 rects
mgmt_core_wrapper: 650000 rects
mgmt_core_wrapper: 660000 rects
mgmt_core_wrapper: 670000 rects
mgmt_core_wrapper: 680000 rects
mgmt_core_wrapper: 690000 rects
mgmt_core_wrapper: 700000 rects
mgmt_core_wrapper: 710000 rects
mgmt_core_wrapper: 720000 rects
mgmt_core_wrapper: 730000 rects
mgmt_core_wrapper: 740000 rects
mgmt_core_wrapper: 750000 rects
mgmt_core_wrapper: 760000 rects
mgmt_core_wrapper: 770000 rects
mgmt_core_wrapper: 780000 rects
mgmt_core_wrapper: 790000 rects
mgmt_core_wrapper: 800000 rects
mgmt_core_wrapper: 810000 rects
mgmt_core_wrapper: 820000 rects
mgmt_core_wrapper: 830000 rects
mgmt_core_wrapper: 840000 rects
mgmt_core_wrapper: 850000 rects
mgmt_core_wrapper: 860000 rects
mgmt_core_wrapper: 870000 rects
mgmt_core_wrapper: 880000 rects
mgmt_core_wrapper: 890000 rects
mgmt_core_wrapper: 900000 rects
mgmt_core_wrapper: 910000 rects
mgmt_core_wrapper: 920000 rects
mgmt_core_wrapper: 930000 rects
mgmt_core_wrapper: 940000 rects
mgmt_core_wrapper: 950000 rects
mgmt_core_wrapper: 960000 rects
mgmt_core_wrapper: 970000 rects
mgmt_core_wrapper: 980000 rects
mgmt_core_wrapper: 990000 rects
mgmt_core_wrapper: 1000000 rects
mgmt_core_wrapper: 1010000 rects
mgmt_core_wrapper: 1020000 rects
mgmt_core_wrapper: 1030000 rects
mgmt_core_wrapper: 1040000 rects
mgmt_core_wrapper: 1050000 rects
mgmt_core_wrapper: 1060000 rects
mgmt_core_wrapper: 1070000 rects
mgmt_core_wrapper: 1080000 rects
mgmt_core_wrapper: 1090000 rects
mgmt_core_wrapper: 1100000 rects
mgmt_core_wrapper: 1110000 rects
mgmt_core_wrapper: 1120000 rects
mgmt_core_wrapper: 1130000 rects
mgmt_core_wrapper: 1140000 rects
mgmt_core_wrapper: 1150000 rects
mgmt_core_wrapper: 1160000 rects
mgmt_core_wrapper: 1170000 rects
mgmt_core_wrapper: 1180000 rects
mgmt_core_wrapper: 1190000 rects
mgmt_core_wrapper: 1200000 rects
mgmt_core_wrapper: 1210000 rects
mgmt_core_wrapper: 1220000 rects
mgmt_core_wrapper: 1230000 rects
mgmt_core_wrapper: 1240000 rects
mgmt_core_wrapper: 1250000 rects
mgmt_core_wrapper: 1260000 rects
mgmt_core_wrapper: 1270000 rects
mgmt_core_wrapper: 1280000 rects
mgmt_core_wrapper: 1290000 rects
mgmt_core_wrapper: 1300000 rects
mgmt_core_wrapper: 1310000 rects
mgmt_core_wrapper: 1320000 rects
mgmt_core_wrapper: 1330000 rects
mgmt_core_wrapper: 1340000 rects
mgmt_core_wrapper: 1350000 rects
mgmt_core_wrapper: 1360000 rects
mgmt_core_wrapper: 1370000 rects
mgmt_core_wrapper: 1380000 rects
mgmt_core_wrapper: 1390000 rects
mgmt_core_wrapper: 1400000 rects
mgmt_core_wrapper: 1410000 rects
mgmt_core_wrapper: 1420000 rects
mgmt_core_wrapper: 1430000 rects
mgmt_core_wrapper: 1440000 rects
mgmt_core_wrapper: 1450000 rects
mgmt_core_wrapper: 1460000 rects
mgmt_core_wrapper: 1470000 rects
mgmt_core_wrapper: 1480000 rects
mgmt_core_wrapper: 1490000 rects
mgmt_core_wrapper: 1500000 rects
mgmt_core_wrapper: 1510000 rects
mgmt_core_wrapper: 1520000 rects
mgmt_core_wrapper: 1530000 rects
mgmt_core_wrapper: 1540000 rects
mgmt_core_wrapper: 1550000 rects
mgmt_core_wrapper: 1560000 rects
mgmt_core_wrapper: 1570000 rects
mgmt_core_wrapper: 1580000 rects
mgmt_core_wrapper: 1590000 rects
mgmt_core_wrapper: 1600000 rects
mgmt_core_wrapper: 1610000 rects
mgmt_core_wrapper: 1620000 rects
mgmt_core_wrapper: 1630000 rects
mgmt_core_wrapper: 1640000 rects
mgmt_core_wrapper: 1650000 rects
mgmt_core_wrapper: 1660000 rects
mgmt_core_wrapper: 1670000 rects
mgmt_core_wrapper: 1680000 rects
mgmt_core_wrapper: 1690000 rects
mgmt_core_wrapper: 1700000 rects
mgmt_core_wrapper: 1710000 rects
mgmt_core_wrapper: 1720000 rects
mgmt_core_wrapper: 1730000 rects
mgmt_core_wrapper: 1740000 rects
mgmt_core_wrapper: 1750000 rects
mgmt_core_wrapper: 1760000 rects
mgmt_core_wrapper: 1770000 rects
mgmt_core_wrapper: 1780000 rects
mgmt_core_wrapper: 1790000 rects
mgmt_core_wrapper: 1800000 rects
mgmt_core_wrapper: 1810000 rects
mgmt_core_wrapper: 1820000 rects
mgmt_core_wrapper: 1830000 rects
mgmt_core_wrapper: 1840000 rects
mgmt_core_wrapper: 1850000 rects
mgmt_core_wrapper: 1860000 rects
mgmt_core_wrapper: 1870000 rects
mgmt_core_wrapper: 1880000 rects
mgmt_core_wrapper: 1890000 rects
mgmt_core_wrapper: 1900000 rects
mgmt_core_wrapper: 1910000 rects
mgmt_core_wrapper: 1920000 rects
mgmt_core_wrapper: 1930000 rects
mgmt_core_wrapper: 1940000 rects
mgmt_core_wrapper: 1950000 rects
mgmt_core_wrapper: 1960000 rects
mgmt_core_wrapper: 1970000 rects
mgmt_core_wrapper: 1980000 rects
mgmt_core_wrapper: 1990000 rects
mgmt_core_wrapper: 2000000 rects
mgmt_core_wrapper: 2010000 rects
mgmt_core_wrapper: 2020000 rects
mgmt_core_wrapper: 2030000 rects
mgmt_core_wrapper: 2040000 rects
mgmt_core_wrapper: 2050000 rects
mgmt_core_wrapper: 2060000 rects
mgmt_core_wrapper: 2070000 rects
mgmt_core_wrapper: 2080000 rects
mgmt_core_wrapper: 2090000 rects
mgmt_core_wrapper: 2100000 rects
mgmt_core_wrapper: 2110000 rects
mgmt_core_wrapper: 2120000 rects
mgmt_core_wrapper: 2130000 rects
mgmt_core_wrapper: 2140000 rects
mgmt_core_wrapper: 2150000 rects
mgmt_core_wrapper: 2160000 rects
mgmt_core_wrapper: 2170000 rects
mgmt_core_wrapper: 2180000 rects
mgmt_core_wrapper: 2190000 rects
mgmt_core_wrapper: 2200000 rects
mgmt_core_wrapper: 2210000 rects
mgmt_core_wrapper: 2220000 rects
mgmt_core_wrapper: 2230000 rects
mgmt_core_wrapper: 2240000 rects
mgmt_core_wrapper: 2250000 rects
mgmt_core_wrapper: 2260000 rects
mgmt_core_wrapper: 2270000 rects
mgmt_core_wrapper: 2280000 rects
mgmt_core_wrapper: 2290000 rects
mgmt_core_wrapper: 2300000 rects
mgmt_core_wrapper: 2310000 rects
mgmt_core_wrapper: 2320000 rects
mgmt_core_wrapper: 2330000 rects
mgmt_core_wrapper: 2340000 rects
mgmt_core_wrapper: 2350000 rects
mgmt_core_wrapper: 2360000 rects
mgmt_core_wrapper: 2370000 rects
mgmt_core_wrapper: 2380000 rects
mgmt_core_wrapper: 2390000 rects
mgmt_core_wrapper: 2400000 rects
mgmt_core_wrapper: 2410000 rects
mgmt_core_wrapper: 2420000 rects
mgmt_core_wrapper: 2430000 rects
mgmt_core_wrapper: 2440000 rects
mgmt_core_wrapper: 2450000 rects
mgmt_core_wrapper: 2460000 rects
mgmt_core_wrapper: 2470000 rects
mgmt_core_wrapper: 2480000 rects
mgmt_core_wrapper: 2490000 rects
mgmt_core_wrapper: 2500000 rects
mgmt_core_wrapper: 2510000 rects
mgmt_core_wrapper: 2520000 rects
mgmt_core_wrapper: 2530000 rects
mgmt_core_wrapper: 2540000 rects
mgmt_core_wrapper: 2550000 rects
mgmt_core_wrapper: 2560000 rects
mgmt_core_wrapper: 2570000 rects
mgmt_core_wrapper: 2580000 rects
mgmt_core_wrapper: 2590000 rects
mgmt_core_wrapper: 2600000 rects
mgmt_core_wrapper: 2610000 rects
mgmt_core_wrapper: 2620000 rects
mgmt_core_wrapper: 2630000 rects
mgmt_core_wrapper: 2640000 rects
mgmt_core_wrapper: 2650000 rects
mgmt_core_wrapper: 2660000 rects
mgmt_core_wrapper: 2670000 rects
mgmt_core_wrapper: 2680000 rects
mgmt_core_wrapper: 2690000 rects
mgmt_core_wrapper: 2700000 rects
mgmt_core_wrapper: 2710000 rects
mgmt_core_wrapper: 2720000 rects
mgmt_core_wrapper: 2730000 rects
mgmt_core_wrapper: 2740000 rects
mgmt_core_wrapper: 2750000 rects
mgmt_core_wrapper: 2760000 rects
mgmt_core_wrapper: 2770000 rects
mgmt_core_wrapper: 2780000 rects
mgmt_core_wrapper: 2790000 rects
mgmt_core_wrapper: 2800000 rects
mgmt_core_wrapper: 2810000 rects
mgmt_core_wrapper: 2820000 rects
mgmt_core_wrapper: 2830000 rects
mgmt_core_wrapper: 2840000 rects
mgmt_core_wrapper: 2850000 rects
mgmt_core_wrapper: 2860000 rects
mgmt_core_wrapper: 2870000 rects
mgmt_core_wrapper: 2880000 rects
mgmt_core_wrapper: 2890000 rects
mgmt_core_wrapper: 2900000 rects
mgmt_core_wrapper: 2910000 rects
mgmt_core_wrapper: 2920000 rects
mgmt_core_wrapper: 2930000 rects
mgmt_core_wrapper: 2940000 rects
mgmt_core_wrapper: 2950000 rects
mgmt_core_wrapper: 2960000 rects
mgmt_core_wrapper: 2970000 rects
mgmt_core_wrapper: 2980000 rects
mgmt_core_wrapper: 2990000 rects
mgmt_core_wrapper: 3000000 rects
mgmt_core_wrapper: 3010000 rects
mgmt_core_wrapper: 3020000 rects
mgmt_core_wrapper: 3030000 rects
mgmt_core_wrapper: 3040000 rects
mgmt_core_wrapper: 3050000 rects
mgmt_core_wrapper: 3060000 rects
mgmt_core_wrapper: 3070000 rects
mgmt_core_wrapper: 3080000 rects
mgmt_core_wrapper: 3090000 rects
mgmt_core_wrapper: 3100000 rects
mgmt_core_wrapper: 3110000 rects
mgmt_core_wrapper: 3120000 rects
mgmt_core_wrapper: 3130000 rects
mgmt_core_wrapper: 3140000 rects
mgmt_core_wrapper: 3150000 rects
Processing timestamp mismatches: RAM256, RAM128.
[INFO]: Writing abstract LEF
Generating LEF output /home/hosni/caravel_mgmt_soc_litex/openlane/mgmt_core_wrapper/runs/RUN_2022.10.15_19.50.29/results/signoff/mgmt_core_wrapper.lef for cell mgmt_core_wrapper:
Diagnostic:  Write LEF header for cell mgmt_core_wrapper
Diagnostic:  Writing LEF output for cell mgmt_core_wrapper
Warning:  Parent cell lists instance of "sky130_fd_sc_hd__buf_12" at bad file path /home/hosni/caravel_mgmt_soc_litex/openlane/mgmt_core_wrapper/runs/RUN_2022.10.15_19.50.29/results/signoff/sky130_fd_sc_hd__buf_12.mag.
The cell exists in the search paths at /home/hosni/OL_LATEST/OpenLane/pdks/sky130A/libs.ref/sky130_fd_sc_hd/maglef/sky130_fd_sc_hd__buf_12.mag.
The discovered version will be used.
Warning:  Parent cell lists instance of "sky130_fd_sc_hd__buf_8" at bad file path /home/hosni/caravel_mgmt_soc_litex/openlane/mgmt_core_wrapper/runs/RUN_2022.10.15_19.50.29/results/signoff/sky130_fd_sc_hd__buf_8.mag.
The cell exists in the search paths at /home/hosni/OL_LATEST/OpenLane/pdks/sky130A/libs.ref/sky130_fd_sc_hd/maglef/sky130_fd_sc_hd__buf_8.mag.
The discovered version will be used.
Warning:  Parent cell lists instance of "sky130_fd_sc_hd__clkbuf_8" at bad file path /home/hosni/caravel_mgmt_soc_litex/openlane/mgmt_core_wrapper/runs/RUN_2022.10.15_19.50.29/results/signoff/sky130_fd_sc_hd__clkbuf_8.mag.
The cell exists in the search paths at /home/hosni/OL_LATEST/OpenLane/pdks/sky130A/libs.ref/sky130_fd_sc_hd/maglef/sky130_fd_sc_hd__clkbuf_8.mag.
The discovered version will be used.
Warning:  Parent cell lists instance of "sky130_fd_sc_hd__buf_6" at bad file path /home/hosni/caravel_mgmt_soc_litex/openlane/mgmt_core_wrapper/runs/RUN_2022.10.15_19.50.29/results/signoff/sky130_fd_sc_hd__buf_6.mag.
The cell exists in the search paths at /home/hosni/OL_LATEST/OpenLane/pdks/sky130A/libs.ref/sky130_fd_sc_hd/maglef/sky130_fd_sc_hd__buf_6.mag.
The discovered version will be used.
Warning:  Parent cell lists instance of "sky130_fd_sc_hd__buf_4" at bad file path /home/hosni/caravel_mgmt_soc_litex/openlane/mgmt_core_wrapper/runs/RUN_2022.10.15_19.50.29/results/signoff/sky130_fd_sc_hd__buf_4.mag.
The cell exists in the search paths at /home/hosni/OL_LATEST/OpenLane/pdks/sky130A/libs.ref/sky130_fd_sc_hd/maglef/sky130_fd_sc_hd__buf_4.mag.
The discovered version will be used.
Warning:  Parent cell lists instance of "sky130_fd_sc_hd__clkbuf_16" at bad file path /home/hosni/caravel_mgmt_soc_litex/openlane/mgmt_core_wrapper/runs/RUN_2022.10.15_19.50.29/results/signoff/sky130_fd_sc_hd__clkbuf_16.mag.
The cell exists in the search paths at /home/hosni/OL_LATEST/OpenLane/pdks/sky130A/libs.ref/sky130_fd_sc_hd/maglef/sky130_fd_sc_hd__clkbuf_16.mag.
The discovered version will be used.
Warning:  Parent cell lists instance of "sky130_fd_sc_hd__buf_2" at bad file path /home/hosni/caravel_mgmt_soc_litex/openlane/mgmt_core_wrapper/runs/RUN_2022.10.15_19.50.29/results/signoff/sky130_fd_sc_hd__buf_2.mag.
The cell exists in the search paths at /home/hosni/OL_LATEST/OpenLane/pdks/sky130A/libs.ref/sky130_fd_sc_hd/maglef/sky130_fd_sc_hd__buf_2.mag.
The discovered version will be used.
Warning:  Parent cell lists instance of "sky130_fd_sc_hd__clkbuf_4" at bad file path /home/hosni/caravel_mgmt_soc_litex/openlane/mgmt_core_wrapper/runs/RUN_2022.10.15_19.50.29/results/signoff/sky130_fd_sc_hd__clkbuf_4.mag.
The cell exists in the search paths at /home/hosni/OL_LATEST/OpenLane/pdks/sky130A/libs.ref/sky130_fd_sc_hd/maglef/sky130_fd_sc_hd__clkbuf_4.mag.
The discovered version will be used.
Warning:  Parent cell lists instance of "sky130_fd_sc_hd__conb_1" at bad file path /home/hosni/caravel_mgmt_soc_litex/openlane/mgmt_core_wrapper/runs/RUN_2022.10.15_19.50.29/results/signoff/sky130_fd_sc_hd__conb_1.mag.
The cell exists in the search paths at /home/hosni/OL_LATEST/OpenLane/pdks/sky130A/libs.ref/sky130_fd_sc_hd/maglef/sky130_fd_sc_hd__conb_1.mag.
The discovered version will be used.
Warning:  Parent cell lists instance of "sky130_fd_sc_hd__clkbuf_2" at bad file path /home/hosni/caravel_mgmt_soc_litex/openlane/mgmt_core_wrapper/runs/RUN_2022.10.15_19.50.29/results/signoff/sky130_fd_sc_hd__clkbuf_2.mag.
The cell exists in the search paths at /home/hosni/OL_LATEST/OpenLane/pdks/sky130A/libs.ref/sky130_fd_sc_hd/maglef/sky130_fd_sc_hd__clkbuf_2.mag.
The discovered version will be used.
Warning:  Parent cell lists instance of "sky130_fd_sc_hd__clkbuf_1" at bad file path /home/hosni/caravel_mgmt_soc_litex/openlane/mgmt_core_wrapper/runs/RUN_2022.10.15_19.50.29/results/signoff/sky130_fd_sc_hd__clkbuf_1.mag.
The cell exists in the search paths at /home/hosni/OL_LATEST/OpenLane/pdks/sky130A/libs.ref/sky130_fd_sc_hd/maglef/sky130_fd_sc_hd__clkbuf_1.mag.
The discovered version will be used.
Warning:  Parent cell lists instance of "sky130_fd_sc_hd__dlymetal6s2s_1" at bad file path /home/hosni/caravel_mgmt_soc_litex/openlane/mgmt_core_wrapper/runs/RUN_2022.10.15_19.50.29/results/signoff/sky130_fd_sc_hd__dlymetal6s2s_1.mag.
The cell exists in the search paths at /home/hosni/OL_LATEST/OpenLane/pdks/sky130A/libs.ref/sky130_fd_sc_hd/maglef/sky130_fd_sc_hd__dlymetal6s2s_1.mag.
The discovered version will be used.
Warning:  Parent cell lists instance of "sky130_fd_sc_hd__dlygate4sd3_1" at bad file path /home/hosni/caravel_mgmt_soc_litex/openlane/mgmt_core_wrapper/runs/RUN_2022.10.15_19.50.29/results/signoff/sky130_fd_sc_hd__dlygate4sd3_1.mag.
The cell exists in the search paths at /home/hosni/OL_LATEST/OpenLane/pdks/sky130A/libs.ref/sky130_fd_sc_hd/maglef/sky130_fd_sc_hd__dlygate4sd3_1.mag.
The discovered version will be used.
Warning:  Parent cell lists instance of "sky130_fd_sc_hd__dfxtp_4" at bad file path /home/hosni/caravel_mgmt_soc_litex/openlane/mgmt_core_wrapper/runs/RUN_2022.10.15_19.50.29/results/signoff/sky130_fd_sc_hd__dfxtp_4.mag.
The cell exists in the search paths at /home/hosni/OL_LATEST/OpenLane/pdks/sky130A/libs.ref/sky130_fd_sc_hd/maglef/sky130_fd_sc_hd__dfxtp_4.mag.
The discovered version will be used.
Warning:  Parent cell lists instance of "sky130_fd_sc_hd__dfxtp_1" at bad file path /home/hosni/caravel_mgmt_soc_litex/openlane/mgmt_core_wrapper/runs/RUN_2022.10.15_19.50.29/results/signoff/sky130_fd_sc_hd__dfxtp_1.mag.
The cell exists in the search paths at /home/hosni/OL_LATEST/OpenLane/pdks/sky130A/libs.ref/sky130_fd_sc_hd/maglef/sky130_fd_sc_hd__dfxtp_1.mag.
The discovered version will be used.
Warning:  Parent cell lists instance of "sky130_fd_sc_hd__dfxtp_2" at bad file path /home/hosni/caravel_mgmt_soc_litex/openlane/mgmt_core_wrapper/runs/RUN_2022.10.15_19.50.29/results/signoff/sky130_fd_sc_hd__dfxtp_2.mag.
The cell exists in the search paths at /home/hosni/OL_LATEST/OpenLane/pdks/sky130A/libs.ref/sky130_fd_sc_hd/maglef/sky130_fd_sc_hd__dfxtp_2.mag.
The discovered version will be used.
Warning:  Parent cell lists instance of "sky130_fd_sc_hd__and2_1" at bad file path /home/hosni/caravel_mgmt_soc_litex/openlane/mgmt_core_wrapper/runs/RUN_2022.10.15_19.50.29/results/signoff/sky130_fd_sc_hd__and2_1.mag.
The cell exists in the search paths at /home/hosni/OL_LATEST/OpenLane/pdks/sky130A/libs.ref/sky130_fd_sc_hd/maglef/sky130_fd_sc_hd__and2_1.mag.
The discovered version will be used.
Warning:  Parent cell lists instance of "sky130_fd_sc_hd__xor2_1" at bad file path /home/hosni/caravel_mgmt_soc_litex/openlane/mgmt_core_wrapper/runs/RUN_2022.10.15_19.50.29/results/signoff/sky130_fd_sc_hd__xor2_1.mag.
The cell exists in the search paths at /home/hosni/OL_LATEST/OpenLane/pdks/sky130A/libs.ref/sky130_fd_sc_hd/maglef/sky130_fd_sc_hd__xor2_1.mag.
The discovered version will be used.
Warning:  Parent cell lists instance of "sky130_fd_sc_hd__o21a_1" at bad file path /home/hosni/caravel_mgmt_soc_litex/openlane/mgmt_core_wrapper/runs/RUN_2022.10.15_19.50.29/results/signoff/sky130_fd_sc_hd__o21a_1.mag.
The cell exists in the search paths at /home/hosni/OL_LATEST/OpenLane/pdks/sky130A/libs.ref/sky130_fd_sc_hd/maglef/sky130_fd_sc_hd__o21a_1.mag.
The discovered version will be used.
Warning:  Parent cell lists instance of "sky130_fd_sc_hd__and3b_1" at bad file path /home/hosni/caravel_mgmt_soc_litex/openlane/mgmt_core_wrapper/runs/RUN_2022.10.15_19.50.29/results/signoff/sky130_fd_sc_hd__and3b_1.mag.
The cell exists in the search paths at /home/hosni/OL_LATEST/OpenLane/pdks/sky130A/libs.ref/sky130_fd_sc_hd/maglef/sky130_fd_sc_hd__and3b_1.mag.
The discovered version will be used.
Warning:  Parent cell lists instance of "sky130_fd_sc_hd__a21boi_1" at bad file path /home/hosni/caravel_mgmt_soc_litex/openlane/mgmt_core_wrapper/runs/RUN_2022.10.15_19.50.29/results/signoff/sky130_fd_sc_hd__a21boi_1.mag.
The cell exists in the search paths at /home/hosni/OL_LATEST/OpenLane/pdks/sky130A/libs.ref/sky130_fd_sc_hd/maglef/sky130_fd_sc_hd__a21boi_1.mag.
The discovered version will be used.
Warning:  Parent cell lists instance of "sky130_fd_sc_hd__or2_1" at bad file path /home/hosni/caravel_mgmt_soc_litex/openlane/mgmt_core_wrapper/runs/RUN_2022.10.15_19.50.29/results/signoff/sky130_fd_sc_hd__or2_1.mag.
The cell exists in the search paths at /home/hosni/OL_LATEST/OpenLane/pdks/sky130A/libs.ref/sky130_fd_sc_hd/maglef/sky130_fd_sc_hd__or2_1.mag.
The discovered version will be used.
Warning:  Parent cell lists instance of "sky130_fd_sc_hd__nand3_1" at bad file path /home/hosni/caravel_mgmt_soc_litex/openlane/mgmt_core_wrapper/runs/RUN_2022.10.15_19.50.29/results/signoff/sky130_fd_sc_hd__nand3_1.mag.
The cell exists in the search paths at /home/hosni/OL_LATEST/OpenLane/pdks/sky130A/libs.ref/sky130_fd_sc_hd/maglef/sky130_fd_sc_hd__nand3_1.mag.
The discovered version will be used.
Warning:  Parent cell lists instance of "sky130_fd_sc_hd__o21ai_1" at bad file path /home/hosni/caravel_mgmt_soc_litex/openlane/mgmt_core_wrapper/runs/RUN_2022.10.15_19.50.29/results/signoff/sky130_fd_sc_hd__o21ai_1.mag.
The cell exists in the search paths at /home/hosni/OL_LATEST/OpenLane/pdks/sky130A/libs.ref/sky130_fd_sc_hd/maglef/sky130_fd_sc_hd__o21ai_1.mag.
The discovered version will be used.
Warning:  Parent cell lists instance of "sky130_fd_sc_hd__or3b_1" at bad file path /home/hosni/caravel_mgmt_soc_litex/openlane/mgmt_core_wrapper/runs/RUN_2022.10.15_19.50.29/results/signoff/sky130_fd_sc_hd__or3b_1.mag.
The cell exists in the search paths at /home/hosni/OL_LATEST/OpenLane/pdks/sky130A/libs.ref/sky130_fd_sc_hd/maglef/sky130_fd_sc_hd__or3b_1.mag.
The discovered version will be used.
Warning:  Parent cell lists instance of "sky130_fd_sc_hd__nand2_1" at bad file path /home/hosni/caravel_mgmt_soc_litex/openlane/mgmt_core_wrapper/runs/RUN_2022.10.15_19.50.29/results/signoff/sky130_fd_sc_hd__nand2_1.mag.
The cell exists in the search paths at /home/hosni/OL_LATEST/OpenLane/pdks/sky130A/libs.ref/sky130_fd_sc_hd/maglef/sky130_fd_sc_hd__nand2_1.mag.
The discovered version will be used.
Warning:  Parent cell lists instance of "sky130_fd_sc_hd__inv_2" at bad file path /home/hosni/caravel_mgmt_soc_litex/openlane/mgmt_core_wrapper/runs/RUN_2022.10.15_19.50.29/results/signoff/sky130_fd_sc_hd__inv_2.mag.
The cell exists in the search paths at /home/hosni/OL_LATEST/OpenLane/pdks/sky130A/libs.ref/sky130_fd_sc_hd/maglef/sky130_fd_sc_hd__inv_2.mag.
The discovered version will be used.
Warning:  Parent cell lists instance of "sky130_fd_sc_hd__xnor2_1" at bad file path /home/hosni/caravel_mgmt_soc_litex/openlane/mgmt_core_wrapper/runs/RUN_2022.10.15_19.50.29/results/signoff/sky130_fd_sc_hd__xnor2_1.mag.
The cell exists in the search paths at /home/hosni/OL_LATEST/OpenLane/pdks/sky130A/libs.ref/sky130_fd_sc_hd/maglef/sky130_fd_sc_hd__xnor2_1.mag.
The discovered version will be used.
Warning:  Parent cell lists instance of "sky130_fd_sc_hd__and3_1" at bad file path /home/hosni/caravel_mgmt_soc_litex/openlane/mgmt_core_wrapper/runs/RUN_2022.10.15_19.50.29/results/signoff/sky130_fd_sc_hd__and3_1.mag.
The cell exists in the search paths at /home/hosni/OL_LATEST/OpenLane/pdks/sky130A/libs.ref/sky130_fd_sc_hd/maglef/sky130_fd_sc_hd__and3_1.mag.
The discovered version will be used.
Warning:  Parent cell lists instance of "sky130_fd_sc_hd__a21bo_1" at bad file path /home/hosni/caravel_mgmt_soc_litex/openlane/mgmt_core_wrapper/runs/RUN_2022.10.15_19.50.29/results/signoff/sky130_fd_sc_hd__a21bo_1.mag.
The cell exists in the search paths at /home/hosni/OL_LATEST/OpenLane/pdks/sky130A/libs.ref/sky130_fd_sc_hd/maglef/sky130_fd_sc_hd__a21bo_1.mag.
The discovered version will be used.
Warning:  Parent cell lists instance of "sky130_fd_sc_hd__mux2_1" at bad file path /home/hosni/caravel_mgmt_soc_litex/openlane/mgmt_core_wrapper/runs/RUN_2022.10.15_19.50.29/results/signoff/sky130_fd_sc_hd__mux2_1.mag.
The cell exists in the search paths at /home/hosni/OL_LATEST/OpenLane/pdks/sky130A/libs.ref/sky130_fd_sc_hd/maglef/sky130_fd_sc_hd__mux2_1.mag.
The discovered version will be used.
Warning:  Parent cell lists instance of "sky130_fd_sc_hd__and2b_1" at bad file path /home/hosni/caravel_mgmt_soc_litex/openlane/mgmt_core_wrapper/runs/RUN_2022.10.15_19.50.29/results/signoff/sky130_fd_sc_hd__and2b_1.mag.
The cell exists in the search paths at /home/hosni/OL_LATEST/OpenLane/pdks/sky130A/libs.ref/sky130_fd_sc_hd/maglef/sky130_fd_sc_hd__and2b_1.mag.
The discovered version will be used.
Warning:  Parent cell lists instance of "sky130_fd_sc_hd__nand2_8" at bad file path /home/hosni/caravel_mgmt_soc_litex/openlane/mgmt_core_wrapper/runs/RUN_2022.10.15_19.50.29/results/signoff/sky130_fd_sc_hd__nand2_8.mag.
The cell exists in the search paths at /home/hosni/OL_LATEST/OpenLane/pdks/sky130A/libs.ref/sky130_fd_sc_hd/maglef/sky130_fd_sc_hd__nand2_8.mag.
The discovered version will be used.
Warning:  Parent cell lists instance of "sky130_fd_sc_hd__and3b_4" at bad file path /home/hosni/caravel_mgmt_soc_litex/openlane/mgmt_core_wrapper/runs/RUN_2022.10.15_19.50.29/results/signoff/sky130_fd_sc_hd__and3b_4.mag.
The cell exists in the search paths at /home/hosni/OL_LATEST/OpenLane/pdks/sky130A/libs.ref/sky130_fd_sc_hd/maglef/sky130_fd_sc_hd__and3b_4.mag.
The discovered version will be used.
Warning:  Parent cell lists instance of "sky130_fd_sc_hd__nor2_8" at bad file path /home/hosni/caravel_mgmt_soc_litex/openlane/mgmt_core_wrapper/runs/RUN_2022.10.15_19.50.29/results/signoff/sky130_fd_sc_hd__nor2_8.mag.
The cell exists in the search paths at /home/hosni/OL_LATEST/OpenLane/pdks/sky130A/libs.ref/sky130_fd_sc_hd/maglef/sky130_fd_sc_hd__nor2_8.mag.
The discovered version will be used.
Warning:  Parent cell lists instance of "sky130_fd_sc_hd__and2b_2" at bad file path /home/hosni/caravel_mgmt_soc_litex/openlane/mgmt_core_wrapper/runs/RUN_2022.10.15_19.50.29/results/signoff/sky130_fd_sc_hd__and2b_2.mag.
The cell exists in the search paths at /home/hosni/OL_LATEST/OpenLane/pdks/sky130A/libs.ref/sky130_fd_sc_hd/maglef/sky130_fd_sc_hd__and2b_2.mag.
The discovered version will be used.
Warning:  Parent cell lists instance of "sky130_fd_sc_hd__nor2_4" at bad file path /home/hosni/caravel_mgmt_soc_litex/openlane/mgmt_core_wrapper/runs/RUN_2022.10.15_19.50.29/results/signoff/sky130_fd_sc_hd__nor2_4.mag.
The cell exists in the search paths at /home/hosni/OL_LATEST/OpenLane/pdks/sky130A/libs.ref/sky130_fd_sc_hd/maglef/sky130_fd_sc_hd__nor2_4.mag.
The discovered version will be used.
Warning:  Parent cell lists instance of "sky130_fd_sc_hd__and2b_4" at bad file path /home/hosni/caravel_mgmt_soc_litex/openlane/mgmt_core_wrapper/runs/RUN_2022.10.15_19.50.29/results/signoff/sky130_fd_sc_hd__and2b_4.mag.
The cell exists in the search paths at /home/hosni/OL_LATEST/OpenLane/pdks/sky130A/libs.ref/sky130_fd_sc_hd/maglef/sky130_fd_sc_hd__and2b_4.mag.
The discovered version will be used.
Warning:  Parent cell lists instance of "sky130_fd_sc_hd__and3_4" at bad file path /home/hosni/caravel_mgmt_soc_litex/openlane/mgmt_core_wrapper/runs/RUN_2022.10.15_19.50.29/results/signoff/sky130_fd_sc_hd__and3_4.mag.
The cell exists in the search paths at /home/hosni/OL_LATEST/OpenLane/pdks/sky130A/libs.ref/sky130_fd_sc_hd/maglef/sky130_fd_sc_hd__and3_4.mag.
The discovered version will be used.
Warning:  Parent cell lists instance of "sky130_fd_sc_hd__mux4_1" at bad file path /home/hosni/caravel_mgmt_soc_litex/openlane/mgmt_core_wrapper/runs/RUN_2022.10.15_19.50.29/results/signoff/sky130_fd_sc_hd__mux4_1.mag.
The cell exists in the search paths at /home/hosni/OL_LATEST/OpenLane/pdks/sky130A/libs.ref/sky130_fd_sc_hd/maglef/sky130_fd_sc_hd__mux4_1.mag.
The discovered version will be used.
Warning:  Parent cell lists instance of "sky130_fd_sc_hd__mux4_2" at bad file path /home/hosni/caravel_mgmt_soc_litex/openlane/mgmt_core_wrapper/runs/RUN_2022.10.15_19.50.29/results/signoff/sky130_fd_sc_hd__mux4_2.mag.
The cell exists in the search paths at /home/hosni/OL_LATEST/OpenLane/pdks/sky130A/libs.ref/sky130_fd_sc_hd/maglef/sky130_fd_sc_hd__mux4_2.mag.
The discovered version will be used.
Warning:  Parent cell lists instance of "sky130_fd_sc_hd__or2_4" at bad file path /home/hosni/caravel_mgmt_soc_litex/openlane/mgmt_core_wrapper/runs/RUN_2022.10.15_19.50.29/results/signoff/sky130_fd_sc_hd__or2_4.mag.
The cell exists in the search paths at /home/hosni/OL_LATEST/OpenLane/pdks/sky130A/libs.ref/sky130_fd_sc_hd/maglef/sky130_fd_sc_hd__or2_4.mag.
The discovered version will be used.
Warning:  Parent cell lists instance of "sky130_fd_sc_hd__or3b_4" at bad file path /home/hosni/caravel_mgmt_soc_litex/openlane/mgmt_core_wrapper/runs/RUN_2022.10.15_19.50.29/results/signoff/sky130_fd_sc_hd__or3b_4.mag.
The cell exists in the search paths at /home/hosni/OL_LATEST/OpenLane/pdks/sky130A/libs.ref/sky130_fd_sc_hd/maglef/sky130_fd_sc_hd__or3b_4.mag.
The discovered version will be used.
Warning:  Parent cell lists instance of "sky130_fd_sc_hd__nand3_4" at bad file path /home/hosni/caravel_mgmt_soc_litex/openlane/mgmt_core_wrapper/runs/RUN_2022.10.15_19.50.29/results/signoff/sky130_fd_sc_hd__nand3_4.mag.
The cell exists in the search paths at /home/hosni/OL_LATEST/OpenLane/pdks/sky130A/libs.ref/sky130_fd_sc_hd/maglef/sky130_fd_sc_hd__nand3_4.mag.
The discovered version will be used.
Warning:  Parent cell lists instance of "sky130_fd_sc_hd__nand2b_4" at bad file path /home/hosni/caravel_mgmt_soc_litex/openlane/mgmt_core_wrapper/runs/RUN_2022.10.15_19.50.29/results/signoff/sky130_fd_sc_hd__nand2b_4.mag.
The cell exists in the search paths at /home/hosni/OL_LATEST/OpenLane/pdks/sky130A/libs.ref/sky130_fd_sc_hd/maglef/sky130_fd_sc_hd__nand2b_4.mag.
The discovered version will be used.
Warning:  Parent cell lists instance of "sky130_fd_sc_hd__a31o_1" at bad file path /home/hosni/caravel_mgmt_soc_litex/openlane/mgmt_core_wrapper/runs/RUN_2022.10.15_19.50.29/results/signoff/sky130_fd_sc_hd__a31o_1.mag.
The cell exists in the search paths at /home/hosni/OL_LATEST/OpenLane/pdks/sky130A/libs.ref/sky130_fd_sc_hd/maglef/sky130_fd_sc_hd__a31o_1.mag.
The discovered version will be used.
Warning:  Parent cell lists instance of "sky130_fd_sc_hd__o211a_4" at bad file path /home/hosni/caravel_mgmt_soc_litex/openlane/mgmt_core_wrapper/runs/RUN_2022.10.15_19.50.29/results/signoff/sky130_fd_sc_hd__o211a_4.mag.
The cell exists in the search paths at /home/hosni/OL_LATEST/OpenLane/pdks/sky130A/libs.ref/sky130_fd_sc_hd/maglef/sky130_fd_sc_hd__o211a_4.mag.
The discovered version will be used.
Warning:  Parent cell lists instance of "sky130_fd_sc_hd__nor2_1" at bad file path /home/hosni/caravel_mgmt_soc_litex/openlane/mgmt_core_wrapper/runs/RUN_2022.10.15_19.50.29/results/signoff/sky130_fd_sc_hd__nor2_1.mag.
The cell exists in the search paths at /home/hosni/OL_LATEST/OpenLane/pdks/sky130A/libs.ref/sky130_fd_sc_hd/maglef/sky130_fd_sc_hd__nor2_1.mag.
The discovered version will be used.
Warning:  Parent cell lists instance of "sky130_fd_sc_hd__a21oi_1" at bad file path /home/hosni/caravel_mgmt_soc_litex/openlane/mgmt_core_wrapper/runs/RUN_2022.10.15_19.50.29/results/signoff/sky130_fd_sc_hd__a21oi_1.mag.
The cell exists in the search paths at /home/hosni/OL_LATEST/OpenLane/pdks/sky130A/libs.ref/sky130_fd_sc_hd/maglef/sky130_fd_sc_hd__a21oi_1.mag.
The discovered version will be used.
Warning:  Parent cell lists instance of "sky130_fd_sc_hd__or2b_1" at bad file path /home/hosni/caravel_mgmt_soc_litex/openlane/mgmt_core_wrapper/runs/RUN_2022.10.15_19.50.29/results/signoff/sky130_fd_sc_hd__or2b_1.mag.
The cell exists in the search paths at /home/hosni/OL_LATEST/OpenLane/pdks/sky130A/libs.ref/sky130_fd_sc_hd/maglef/sky130_fd_sc_hd__or2b_1.mag.
The discovered version will be used.
Warning:  Parent cell lists instance of "sky130_fd_sc_hd__o21ai_2" at bad file path /home/hosni/caravel_mgmt_soc_litex/openlane/mgmt_core_wrapper/runs/RUN_2022.10.15_19.50.29/results/signoff/sky130_fd_sc_hd__o21ai_2.mag.
The cell exists in the search paths at /home/hosni/OL_LATEST/OpenLane/pdks/sky130A/libs.ref/sky130_fd_sc_hd/maglef/sky130_fd_sc_hd__o21ai_2.mag.
The discovered version will be used.
Warning:  Parent cell lists instance of "sky130_fd_sc_hd__nand2b_1" at bad file path /home/hosni/caravel_mgmt_soc_litex/openlane/mgmt_core_wrapper/runs/RUN_2022.10.15_19.50.29/results/signoff/sky130_fd_sc_hd__nand2b_1.mag.
The cell exists in the search paths at /home/hosni/OL_LATEST/OpenLane/pdks/sky130A/libs.ref/sky130_fd_sc_hd/maglef/sky130_fd_sc_hd__nand2b_1.mag.
The discovered version will be used.
Warning:  Parent cell lists instance of "sky130_fd_sc_hd__mux2_2" at bad file path /home/hosni/caravel_mgmt_soc_litex/openlane/mgmt_core_wrapper/runs/RUN_2022.10.15_19.50.29/results/signoff/sky130_fd_sc_hd__mux2_2.mag.
The cell exists in the search paths at /home/hosni/OL_LATEST/OpenLane/pdks/sky130A/libs.ref/sky130_fd_sc_hd/maglef/sky130_fd_sc_hd__mux2_2.mag.
The discovered version will be used.
Warning:  Parent cell lists instance of "sky130_fd_sc_hd__or4b_2" at bad file path /home/hosni/caravel_mgmt_soc_litex/openlane/mgmt_core_wrapper/runs/RUN_2022.10.15_19.50.29/results/signoff/sky130_fd_sc_hd__or4b_2.mag.
The cell exists in the search paths at /home/hosni/OL_LATEST/OpenLane/pdks/sky130A/libs.ref/sky130_fd_sc_hd/maglef/sky130_fd_sc_hd__or4b_2.mag.
The discovered version will be used.
Warning:  Parent cell lists instance of "sky130_fd_sc_hd__a211o_1" at bad file path /home/hosni/caravel_mgmt_soc_litex/openlane/mgmt_core_wrapper/runs/RUN_2022.10.15_19.50.29/results/signoff/sky130_fd_sc_hd__a211o_1.mag.
The cell exists in the search paths at /home/hosni/OL_LATEST/OpenLane/pdks/sky130A/libs.ref/sky130_fd_sc_hd/maglef/sky130_fd_sc_hd__a211o_1.mag.
The discovered version will be used.
Warning:  Parent cell lists instance of "sky130_fd_sc_hd__and4b_2" at bad file path /home/hosni/caravel_mgmt_soc_litex/openlane/mgmt_core_wrapper/runs/RUN_2022.10.15_19.50.29/results/signoff/sky130_fd_sc_hd__and4b_2.mag.
The cell exists in the search paths at /home/hosni/OL_LATEST/OpenLane/pdks/sky130A/libs.ref/sky130_fd_sc_hd/maglef/sky130_fd_sc_hd__and4b_2.mag.
The discovered version will be used.
Warning:  Parent cell lists instance of "sky130_fd_sc_hd__a21o_1" at bad file path /home/hosni/caravel_mgmt_soc_litex/openlane/mgmt_core_wrapper/runs/RUN_2022.10.15_19.50.29/results/signoff/sky130_fd_sc_hd__a21o_1.mag.
The cell exists in the search paths at /home/hosni/OL_LATEST/OpenLane/pdks/sky130A/libs.ref/sky130_fd_sc_hd/maglef/sky130_fd_sc_hd__a21o_1.mag.
The discovered version will be used.
Warning:  Parent cell lists instance of "sky130_fd_sc_hd__nand3b_1" at bad file path /home/hosni/caravel_mgmt_soc_litex/openlane/mgmt_core_wrapper/runs/RUN_2022.10.15_19.50.29/results/signoff/sky130_fd_sc_hd__nand3b_1.mag.
The cell exists in the search paths at /home/hosni/OL_LATEST/OpenLane/pdks/sky130A/libs.ref/sky130_fd_sc_hd/maglef/sky130_fd_sc_hd__nand3b_1.mag.
The discovered version will be used.
Warning:  Parent cell lists instance of "sky130_fd_sc_hd__a21oi_4" at bad file path /home/hosni/caravel_mgmt_soc_litex/openlane/mgmt_core_wrapper/runs/RUN_2022.10.15_19.50.29/results/signoff/sky130_fd_sc_hd__a21oi_4.mag.
The cell exists in the search paths at /home/hosni/OL_LATEST/OpenLane/pdks/sky130A/libs.ref/sky130_fd_sc_hd/maglef/sky130_fd_sc_hd__a21oi_4.mag.
The discovered version will be used.
Warning:  Parent cell lists instance of "sky130_fd_sc_hd__and4_2" at bad file path /home/hosni/caravel_mgmt_soc_litex/openlane/mgmt_core_wrapper/runs/RUN_2022.10.15_19.50.29/results/signoff/sky130_fd_sc_hd__and4_2.mag.
The cell exists in the search paths at /home/hosni/OL_LATEST/OpenLane/pdks/sky130A/libs.ref/sky130_fd_sc_hd/maglef/sky130_fd_sc_hd__and4_2.mag.
The discovered version will be used.
Warning:  Parent cell lists instance of "sky130_fd_sc_hd__and4_1" at bad file path /home/hosni/caravel_mgmt_soc_litex/openlane/mgmt_core_wrapper/runs/RUN_2022.10.15_19.50.29/results/signoff/sky130_fd_sc_hd__and4_1.mag.
The cell exists in the search paths at /home/hosni/OL_LATEST/OpenLane/pdks/sky130A/libs.ref/sky130_fd_sc_hd/maglef/sky130_fd_sc_hd__and4_1.mag.
The discovered version will be used.
Warning:  Parent cell lists instance of "sky130_fd_sc_hd__o211a_1" at bad file path /home/hosni/caravel_mgmt_soc_litex/openlane/mgmt_core_wrapper/runs/RUN_2022.10.15_19.50.29/results/signoff/sky130_fd_sc_hd__o211a_1.mag.
The cell exists in the search paths at /home/hosni/OL_LATEST/OpenLane/pdks/sky130A/libs.ref/sky130_fd_sc_hd/maglef/sky130_fd_sc_hd__o211a_1.mag.
The discovered version will be used.
Warning:  Parent cell lists instance of "sky130_fd_sc_hd__nor2_2" at bad file path /home/hosni/caravel_mgmt_soc_litex/openlane/mgmt_core_wrapper/runs/RUN_2022.10.15_19.50.29/results/signoff/sky130_fd_sc_hd__nor2_2.mag.
The cell exists in the search paths at /home/hosni/OL_LATEST/OpenLane/pdks/sky130A/libs.ref/sky130_fd_sc_hd/maglef/sky130_fd_sc_hd__nor2_2.mag.
The discovered version will be used.
Warning:  Parent cell lists instance of "sky130_fd_sc_hd__o2bb2a_1" at bad file path /home/hosni/caravel_mgmt_soc_litex/openlane/mgmt_core_wrapper/runs/RUN_2022.10.15_19.50.29/results/signoff/sky130_fd_sc_hd__o2bb2a_1.mag.
The cell exists in the search paths at /home/hosni/OL_LATEST/OpenLane/pdks/sky130A/libs.ref/sky130_fd_sc_hd/maglef/sky130_fd_sc_hd__o2bb2a_1.mag.
The discovered version will be used.
Warning:  Parent cell lists instance of "sky130_fd_sc_hd__or4b_1" at bad file path /home/hosni/caravel_mgmt_soc_litex/openlane/mgmt_core_wrapper/runs/RUN_2022.10.15_19.50.29/results/signoff/sky130_fd_sc_hd__or4b_1.mag.
The cell exists in the search paths at /home/hosni/OL_LATEST/OpenLane/pdks/sky130A/libs.ref/sky130_fd_sc_hd/maglef/sky130_fd_sc_hd__or4b_1.mag.
The discovered version will be used.
Warning:  Parent cell lists instance of "sky130_fd_sc_hd__o221a_1" at bad file path /home/hosni/caravel_mgmt_soc_litex/openlane/mgmt_core_wrapper/runs/RUN_2022.10.15_19.50.29/results/signoff/sky130_fd_sc_hd__o221a_1.mag.
The cell exists in the search paths at /home/hosni/OL_LATEST/OpenLane/pdks/sky130A/libs.ref/sky130_fd_sc_hd/maglef/sky130_fd_sc_hd__o221a_1.mag.
The discovered version will be used.
Warning:  Parent cell lists instance of "sky130_fd_sc_hd__o21ba_1" at bad file path /home/hosni/caravel_mgmt_soc_litex/openlane/mgmt_core_wrapper/runs/RUN_2022.10.15_19.50.29/results/signoff/sky130_fd_sc_hd__o21ba_1.mag.
The cell exists in the search paths at /home/hosni/OL_LATEST/OpenLane/pdks/sky130A/libs.ref/sky130_fd_sc_hd/maglef/sky130_fd_sc_hd__o21ba_1.mag.
The discovered version will be used.
Warning:  Parent cell lists instance of "sky130_fd_sc_hd__o31a_1" at bad file path /home/hosni/caravel_mgmt_soc_litex/openlane/mgmt_core_wrapper/runs/RUN_2022.10.15_19.50.29/results/signoff/sky130_fd_sc_hd__o31a_1.mag.
The cell exists in the search paths at /home/hosni/OL_LATEST/OpenLane/pdks/sky130A/libs.ref/sky130_fd_sc_hd/maglef/sky130_fd_sc_hd__o31a_1.mag.
The discovered version will be used.
Warning:  Parent cell lists instance of "sky130_fd_sc_hd__o311a_1" at bad file path /home/hosni/caravel_mgmt_soc_litex/openlane/mgmt_core_wrapper/runs/RUN_2022.10.15_19.50.29/results/signoff/sky130_fd_sc_hd__o311a_1.mag.
The cell exists in the search paths at /home/hosni/OL_LATEST/OpenLane/pdks/sky130A/libs.ref/sky130_fd_sc_hd/maglef/sky130_fd_sc_hd__o311a_1.mag.
The discovered version will be used.
Warning:  Parent cell lists instance of "sky130_fd_sc_hd__o41a_1" at bad file path /home/hosni/caravel_mgmt_soc_litex/openlane/mgmt_core_wrapper/runs/RUN_2022.10.15_19.50.29/results/signoff/sky130_fd_sc_hd__o41a_1.mag.
The cell exists in the search paths at /home/hosni/OL_LATEST/OpenLane/pdks/sky130A/libs.ref/sky130_fd_sc_hd/maglef/sky130_fd_sc_hd__o41a_1.mag.
The discovered version will be used.
Warning:  Parent cell lists instance of "sky130_fd_sc_hd__or2_2" at bad file path /home/hosni/caravel_mgmt_soc_litex/openlane/mgmt_core_wrapper/runs/RUN_2022.10.15_19.50.29/results/signoff/sky130_fd_sc_hd__or2_2.mag.
The cell exists in the search paths at /home/hosni/OL_LATEST/OpenLane/pdks/sky130A/libs.ref/sky130_fd_sc_hd/maglef/sky130_fd_sc_hd__or2_2.mag.
The discovered version will be used.
Warning:  Parent cell lists instance of "sky130_fd_sc_hd__o31ai_1" at bad file path /home/hosni/caravel_mgmt_soc_litex/openlane/mgmt_core_wrapper/runs/RUN_2022.10.15_19.50.29/results/signoff/sky130_fd_sc_hd__o31ai_1.mag.
The cell exists in the search paths at /home/hosni/OL_LATEST/OpenLane/pdks/sky130A/libs.ref/sky130_fd_sc_hd/maglef/sky130_fd_sc_hd__o31ai_1.mag.
The discovered version will be used.
Warning:  Parent cell lists instance of "sky130_fd_sc_hd__clkinv_4" at bad file path /home/hosni/caravel_mgmt_soc_litex/openlane/mgmt_core_wrapper/runs/RUN_2022.10.15_19.50.29/results/signoff/sky130_fd_sc_hd__clkinv_4.mag.
The cell exists in the search paths at /home/hosni/OL_LATEST/OpenLane/pdks/sky130A/libs.ref/sky130_fd_sc_hd/maglef/sky130_fd_sc_hd__clkinv_4.mag.
The discovered version will be used.
Warning:  Parent cell lists instance of "sky130_fd_sc_hd__and4bb_1" at bad file path /home/hosni/caravel_mgmt_soc_litex/openlane/mgmt_core_wrapper/runs/RUN_2022.10.15_19.50.29/results/signoff/sky130_fd_sc_hd__and4bb_1.mag.
The cell exists in the search paths at /home/hosni/OL_LATEST/OpenLane/pdks/sky130A/libs.ref/sky130_fd_sc_hd/maglef/sky130_fd_sc_hd__and4bb_1.mag.
The discovered version will be used.
Warning:  Parent cell lists instance of "sky130_fd_sc_hd__a2bb2o_1" at bad file path /home/hosni/caravel_mgmt_soc_litex/openlane/mgmt_core_wrapper/runs/RUN_2022.10.15_19.50.29/results/signoff/sky130_fd_sc_hd__a2bb2o_1.mag.
The cell exists in the search paths at /home/hosni/OL_LATEST/OpenLane/pdks/sky130A/libs.ref/sky130_fd_sc_hd/maglef/sky130_fd_sc_hd__a2bb2o_1.mag.
The discovered version will be used.
Warning:  Parent cell lists instance of "sky130_fd_sc_hd__nor3b_1" at bad file path /home/hosni/caravel_mgmt_soc_litex/openlane/mgmt_core_wrapper/runs/RUN_2022.10.15_19.50.29/results/signoff/sky130_fd_sc_hd__nor3b_1.mag.
The cell exists in the search paths at /home/hosni/OL_LATEST/OpenLane/pdks/sky130A/libs.ref/sky130_fd_sc_hd/maglef/sky130_fd_sc_hd__nor3b_1.mag.
The discovered version will be used.
Warning:  Parent cell lists instance of "sky130_fd_sc_hd__clkinv_2" at bad file path /home/hosni/caravel_mgmt_soc_litex/openlane/mgmt_core_wrapper/runs/RUN_2022.10.15_19.50.29/results/signoff/sky130_fd_sc_hd__clkinv_2.mag.
The cell exists in the search paths at /home/hosni/OL_LATEST/OpenLane/pdks/sky130A/libs.ref/sky130_fd_sc_hd/maglef/sky130_fd_sc_hd__clkinv_2.mag.
The discovered version will be used.
Warning:  Parent cell lists instance of "sky130_fd_sc_hd__a221o_1" at bad file path /home/hosni/caravel_mgmt_soc_litex/openlane/mgmt_core_wrapper/runs/RUN_2022.10.15_19.50.29/results/signoff/sky130_fd_sc_hd__a221o_1.mag.
The cell exists in the search paths at /home/hosni/OL_LATEST/OpenLane/pdks/sky130A/libs.ref/sky130_fd_sc_hd/maglef/sky130_fd_sc_hd__a221o_1.mag.
The discovered version will be used.
Warning:  Parent cell lists instance of "sky130_fd_sc_hd__nor4_1" at bad file path /home/hosni/caravel_mgmt_soc_litex/openlane/mgmt_core_wrapper/runs/RUN_2022.10.15_19.50.29/results/signoff/sky130_fd_sc_hd__nor4_1.mag.
The cell exists in the search paths at /home/hosni/OL_LATEST/OpenLane/pdks/sky130A/libs.ref/sky130_fd_sc_hd/maglef/sky130_fd_sc_hd__nor4_1.mag.
The discovered version will be used.
Warning:  Parent cell lists instance of "sky130_fd_sc_hd__o32a_1" at bad file path /home/hosni/caravel_mgmt_soc_litex/openlane/mgmt_core_wrapper/runs/RUN_2022.10.15_19.50.29/results/signoff/sky130_fd_sc_hd__o32a_1.mag.
The cell exists in the search paths at /home/hosni/OL_LATEST/OpenLane/pdks/sky130A/libs.ref/sky130_fd_sc_hd/maglef/sky130_fd_sc_hd__o32a_1.mag.
The discovered version will be used.
Warning:  Parent cell lists instance of "sky130_fd_sc_hd__a32o_1" at bad file path /home/hosni/caravel_mgmt_soc_litex/openlane/mgmt_core_wrapper/runs/RUN_2022.10.15_19.50.29/results/signoff/sky130_fd_sc_hd__a32o_1.mag.
The cell exists in the search paths at /home/hosni/OL_LATEST/OpenLane/pdks/sky130A/libs.ref/sky130_fd_sc_hd/maglef/sky130_fd_sc_hd__a32o_1.mag.
The discovered version will be used.
Warning:  Parent cell lists instance of "sky130_fd_sc_hd__o21bai_1" at bad file path /home/hosni/caravel_mgmt_soc_litex/openlane/mgmt_core_wrapper/runs/RUN_2022.10.15_19.50.29/results/signoff/sky130_fd_sc_hd__o21bai_1.mag.
The cell exists in the search paths at /home/hosni/OL_LATEST/OpenLane/pdks/sky130A/libs.ref/sky130_fd_sc_hd/maglef/sky130_fd_sc_hd__o21bai_1.mag.
The discovered version will be used.
Warning:  Parent cell lists instance of "sky130_fd_sc_hd__nor3_1" at bad file path /home/hosni/caravel_mgmt_soc_litex/openlane/mgmt_core_wrapper/runs/RUN_2022.10.15_19.50.29/results/signoff/sky130_fd_sc_hd__nor3_1.mag.
The cell exists in the search paths at /home/hosni/OL_LATEST/OpenLane/pdks/sky130A/libs.ref/sky130_fd_sc_hd/maglef/sky130_fd_sc_hd__nor3_1.mag.
The discovered version will be used.
Warning:  Parent cell lists instance of "sky130_fd_sc_hd__a211oi_1" at bad file path /home/hosni/caravel_mgmt_soc_litex/openlane/mgmt_core_wrapper/runs/RUN_2022.10.15_19.50.29/results/signoff/sky130_fd_sc_hd__a211oi_1.mag.
The cell exists in the search paths at /home/hosni/OL_LATEST/OpenLane/pdks/sky130A/libs.ref/sky130_fd_sc_hd/maglef/sky130_fd_sc_hd__a211oi_1.mag.
The discovered version will be used.
Warning:  Parent cell lists instance of "sky130_fd_sc_hd__a22o_1" at bad file path /home/hosni/caravel_mgmt_soc_litex/openlane/mgmt_core_wrapper/runs/RUN_2022.10.15_19.50.29/results/signoff/sky130_fd_sc_hd__a22o_1.mag.
The cell exists in the search paths at /home/hosni/OL_LATEST/OpenLane/pdks/sky130A/libs.ref/sky130_fd_sc_hd/maglef/sky130_fd_sc_hd__a22o_1.mag.
The discovered version will be used.
Warning:  Parent cell lists instance of "sky130_fd_sc_hd__nand2_2" at bad file path /home/hosni/caravel_mgmt_soc_litex/openlane/mgmt_core_wrapper/runs/RUN_2022.10.15_19.50.29/results/signoff/sky130_fd_sc_hd__nand2_2.mag.
The cell exists in the search paths at /home/hosni/OL_LATEST/OpenLane/pdks/sky130A/libs.ref/sky130_fd_sc_hd/maglef/sky130_fd_sc_hd__nand2_2.mag.
The discovered version will be used.
Warning:  Parent cell lists instance of "sky130_fd_sc_hd__and2_2" at bad file path /home/hosni/caravel_mgmt_soc_litex/openlane/mgmt_core_wrapper/runs/RUN_2022.10.15_19.50.29/results/signoff/sky130_fd_sc_hd__and2_2.mag.
The cell exists in the search paths at /home/hosni/OL_LATEST/OpenLane/pdks/sky130A/libs.ref/sky130_fd_sc_hd/maglef/sky130_fd_sc_hd__and2_2.mag.
The discovered version will be used.
Warning:  Parent cell lists instance of "sky130_fd_sc_hd__nand2_4" at bad file path /home/hosni/caravel_mgmt_soc_litex/openlane/mgmt_core_wrapper/runs/RUN_2022.10.15_19.50.29/results/signoff/sky130_fd_sc_hd__nand2_4.mag.
The cell exists in the search paths at /home/hosni/OL_LATEST/OpenLane/pdks/sky130A/libs.ref/sky130_fd_sc_hd/maglef/sky130_fd_sc_hd__nand2_4.mag.
The discovered version will be used.
Warning:  Parent cell lists instance of "sky130_fd_sc_hd__and4b_1" at bad file path /home/hosni/caravel_mgmt_soc_litex/openlane/mgmt_core_wrapper/runs/RUN_2022.10.15_19.50.29/results/signoff/sky130_fd_sc_hd__and4b_1.mag.
The cell exists in the search paths at /home/hosni/OL_LATEST/OpenLane/pdks/sky130A/libs.ref/sky130_fd_sc_hd/maglef/sky130_fd_sc_hd__and4b_1.mag.
The discovered version will be used.
Warning:  Parent cell lists instance of "sky130_fd_sc_hd__o211ai_1" at bad file path /home/hosni/caravel_mgmt_soc_litex/openlane/mgmt_core_wrapper/runs/RUN_2022.10.15_19.50.29/results/signoff/sky130_fd_sc_hd__o211ai_1.mag.
The cell exists in the search paths at /home/hosni/OL_LATEST/OpenLane/pdks/sky130A/libs.ref/sky130_fd_sc_hd/maglef/sky130_fd_sc_hd__o211ai_1.mag.
The discovered version will be used.
Warning:  Parent cell lists instance of "sky130_fd_sc_hd__a31oi_1" at bad file path /home/hosni/caravel_mgmt_soc_litex/openlane/mgmt_core_wrapper/runs/RUN_2022.10.15_19.50.29/results/signoff/sky130_fd_sc_hd__a31oi_1.mag.
The cell exists in the search paths at /home/hosni/OL_LATEST/OpenLane/pdks/sky130A/libs.ref/sky130_fd_sc_hd/maglef/sky130_fd_sc_hd__a31oi_1.mag.
The discovered version will be used.
Warning:  Parent cell lists instance of "sky130_fd_sc_hd__a41o_1" at bad file path /home/hosni/caravel_mgmt_soc_litex/openlane/mgmt_core_wrapper/runs/RUN_2022.10.15_19.50.29/results/signoff/sky130_fd_sc_hd__a41o_1.mag.
The cell exists in the search paths at /home/hosni/OL_LATEST/OpenLane/pdks/sky130A/libs.ref/sky130_fd_sc_hd/maglef/sky130_fd_sc_hd__a41o_1.mag.
The discovered version will be used.
Warning:  Parent cell lists instance of "sky130_fd_sc_hd__and3_2" at bad file path /home/hosni/caravel_mgmt_soc_litex/openlane/mgmt_core_wrapper/runs/RUN_2022.10.15_19.50.29/results/signoff/sky130_fd_sc_hd__and3_2.mag.
The cell exists in the search paths at /home/hosni/OL_LATEST/OpenLane/pdks/sky130A/libs.ref/sky130_fd_sc_hd/maglef/sky130_fd_sc_hd__and3_2.mag.
The discovered version will be used.
Warning:  Parent cell lists instance of "sky130_fd_sc_hd__o22a_1" at bad file path /home/hosni/caravel_mgmt_soc_litex/openlane/mgmt_core_wrapper/runs/RUN_2022.10.15_19.50.29/results/signoff/sky130_fd_sc_hd__o22a_1.mag.
The cell exists in the search paths at /home/hosni/OL_LATEST/OpenLane/pdks/sky130A/libs.ref/sky130_fd_sc_hd/maglef/sky130_fd_sc_hd__o22a_1.mag.
The discovered version will be used.
Warning:  Parent cell lists instance of "sky130_fd_sc_hd__or4bb_1" at bad file path /home/hosni/caravel_mgmt_soc_litex/openlane/mgmt_core_wrapper/runs/RUN_2022.10.15_19.50.29/results/signoff/sky130_fd_sc_hd__or4bb_1.mag.
The cell exists in the search paths at /home/hosni/OL_LATEST/OpenLane/pdks/sky130A/libs.ref/sky130_fd_sc_hd/maglef/sky130_fd_sc_hd__or4bb_1.mag.
The discovered version will be used.
Warning:  Parent cell lists instance of "sky130_fd_sc_hd__and4_4" at bad file path /home/hosni/caravel_mgmt_soc_litex/openlane/mgmt_core_wrapper/runs/RUN_2022.10.15_19.50.29/results/signoff/sky130_fd_sc_hd__and4_4.mag.
The cell exists in the search paths at /home/hosni/OL_LATEST/OpenLane/pdks/sky130A/libs.ref/sky130_fd_sc_hd/maglef/sky130_fd_sc_hd__and4_4.mag.
The discovered version will be used.
Warning:  Parent cell lists instance of "sky130_fd_sc_hd__o21ai_4" at bad file path /home/hosni/caravel_mgmt_soc_litex/openlane/mgmt_core_wrapper/runs/RUN_2022.10.15_19.50.29/results/signoff/sky130_fd_sc_hd__o21ai_4.mag.
The cell exists in the search paths at /home/hosni/OL_LATEST/OpenLane/pdks/sky130A/libs.ref/sky130_fd_sc_hd/maglef/sky130_fd_sc_hd__o21ai_4.mag.
The discovered version will be used.
Warning:  Parent cell lists instance of "sky130_fd_sc_hd__a2111o_1" at bad file path /home/hosni/caravel_mgmt_soc_litex/openlane/mgmt_core_wrapper/runs/RUN_2022.10.15_19.50.29/results/signoff/sky130_fd_sc_hd__a2111o_1.mag.
The cell exists in the search paths at /home/hosni/OL_LATEST/OpenLane/pdks/sky130A/libs.ref/sky130_fd_sc_hd/maglef/sky130_fd_sc_hd__a2111o_1.mag.
The discovered version will be used.
Warning:  Parent cell lists instance of "sky130_fd_sc_hd__a21oi_2" at bad file path /home/hosni/caravel_mgmt_soc_litex/openlane/mgmt_core_wrapper/runs/RUN_2022.10.15_19.50.29/results/signoff/sky130_fd_sc_hd__a21oi_2.mag.
The cell exists in the search paths at /home/hosni/OL_LATEST/OpenLane/pdks/sky130A/libs.ref/sky130_fd_sc_hd/maglef/sky130_fd_sc_hd__a21oi_2.mag.
The discovered version will be used.
Warning:  Parent cell lists instance of "sky130_fd_sc_hd__or2b_4" at bad file path /home/hosni/caravel_mgmt_soc_litex/openlane/mgmt_core_wrapper/runs/RUN_2022.10.15_19.50.29/results/signoff/sky130_fd_sc_hd__or2b_4.mag.
The cell exists in the search paths at /home/hosni/OL_LATEST/OpenLane/pdks/sky130A/libs.ref/sky130_fd_sc_hd/maglef/sky130_fd_sc_hd__or2b_4.mag.
The discovered version will be used.
Warning:  Parent cell lists instance of "sky130_fd_sc_hd__o31a_2" at bad file path /home/hosni/caravel_mgmt_soc_litex/openlane/mgmt_core_wrapper/runs/RUN_2022.10.15_19.50.29/results/signoff/sky130_fd_sc_hd__o31a_2.mag.
The cell exists in the search paths at /home/hosni/OL_LATEST/OpenLane/pdks/sky130A/libs.ref/sky130_fd_sc_hd/maglef/sky130_fd_sc_hd__o31a_2.mag.
The discovered version will be used.
Warning:  Parent cell lists instance of "sky130_fd_sc_hd__and2_4" at bad file path /home/hosni/caravel_mgmt_soc_litex/openlane/mgmt_core_wrapper/runs/RUN_2022.10.15_19.50.29/results/signoff/sky130_fd_sc_hd__and2_4.mag.
The cell exists in the search paths at /home/hosni/OL_LATEST/OpenLane/pdks/sky130A/libs.ref/sky130_fd_sc_hd/maglef/sky130_fd_sc_hd__and2_4.mag.
The discovered version will be used.
Warning:  Parent cell lists instance of "sky130_fd_sc_hd__a311oi_1" at bad file path /home/hosni/caravel_mgmt_soc_litex/openlane/mgmt_core_wrapper/runs/RUN_2022.10.15_19.50.29/results/signoff/sky130_fd_sc_hd__a311oi_1.mag.
The cell exists in the search paths at /home/hosni/OL_LATEST/OpenLane/pdks/sky130A/libs.ref/sky130_fd_sc_hd/maglef/sky130_fd_sc_hd__a311oi_1.mag.
The discovered version will be used.
Warning:  Parent cell lists instance of "sky130_fd_sc_hd__o2bb2a_2" at bad file path /home/hosni/caravel_mgmt_soc_litex/openlane/mgmt_core_wrapper/runs/RUN_2022.10.15_19.50.29/results/signoff/sky130_fd_sc_hd__o2bb2a_2.mag.
The cell exists in the search paths at /home/hosni/OL_LATEST/OpenLane/pdks/sky130A/libs.ref/sky130_fd_sc_hd/maglef/sky130_fd_sc_hd__o2bb2a_2.mag.
The discovered version will be used.
Warning:  Parent cell lists instance of "sky130_fd_sc_hd__a32o_2" at bad file path /home/hosni/caravel_mgmt_soc_litex/openlane/mgmt_core_wrapper/runs/RUN_2022.10.15_19.50.29/results/signoff/sky130_fd_sc_hd__a32o_2.mag.
The cell exists in the search paths at /home/hosni/OL_LATEST/OpenLane/pdks/sky130A/libs.ref/sky130_fd_sc_hd/maglef/sky130_fd_sc_hd__a32o_2.mag.
The discovered version will be used.
Warning:  Parent cell lists instance of "sky130_fd_sc_hd__or4b_4" at bad file path /home/hosni/caravel_mgmt_soc_litex/openlane/mgmt_core_wrapper/runs/RUN_2022.10.15_19.50.29/results/signoff/sky130_fd_sc_hd__or4b_4.mag.
The cell exists in the search paths at /home/hosni/OL_LATEST/OpenLane/pdks/sky130A/libs.ref/sky130_fd_sc_hd/maglef/sky130_fd_sc_hd__or4b_4.mag.
The discovered version will be used.
Warning:  Parent cell lists instance of "sky130_fd_sc_hd__nand4_2" at bad file path /home/hosni/caravel_mgmt_soc_litex/openlane/mgmt_core_wrapper/runs/RUN_2022.10.15_19.50.29/results/signoff/sky130_fd_sc_hd__nand4_2.mag.
The cell exists in the search paths at /home/hosni/OL_LATEST/OpenLane/pdks/sky130A/libs.ref/sky130_fd_sc_hd/maglef/sky130_fd_sc_hd__nand4_2.mag.
The discovered version will be used.
Warning:  Parent cell lists instance of "sky130_fd_sc_hd__or3b_2" at bad file path /home/hosni/caravel_mgmt_soc_litex/openlane/mgmt_core_wrapper/runs/RUN_2022.10.15_19.50.29/results/signoff/sky130_fd_sc_hd__or3b_2.mag.
The cell exists in the search paths at /home/hosni/OL_LATEST/OpenLane/pdks/sky130A/libs.ref/sky130_fd_sc_hd/maglef/sky130_fd_sc_hd__or3b_2.mag.
The discovered version will be used.
Warning:  Parent cell lists instance of "sky130_fd_sc_hd__o31a_4" at bad file path /home/hosni/caravel_mgmt_soc_litex/openlane/mgmt_core_wrapper/runs/RUN_2022.10.15_19.50.29/results/signoff/sky130_fd_sc_hd__o31a_4.mag.
The cell exists in the search paths at /home/hosni/OL_LATEST/OpenLane/pdks/sky130A/libs.ref/sky130_fd_sc_hd/maglef/sky130_fd_sc_hd__o31a_4.mag.
The discovered version will be used.
Warning:  Parent cell lists instance of "sky130_fd_sc_hd__o31ai_2" at bad file path /home/hosni/caravel_mgmt_soc_litex/openlane/mgmt_core_wrapper/runs/RUN_2022.10.15_19.50.29/results/signoff/sky130_fd_sc_hd__o31ai_2.mag.
The cell exists in the search paths at /home/hosni/OL_LATEST/OpenLane/pdks/sky130A/libs.ref/sky130_fd_sc_hd/maglef/sky130_fd_sc_hd__o31ai_2.mag.
The discovered version will be used.
Warning:  Parent cell lists instance of "sky130_fd_sc_hd__nor3_4" at bad file path /home/hosni/caravel_mgmt_soc_litex/openlane/mgmt_core_wrapper/runs/RUN_2022.10.15_19.50.29/results/signoff/sky130_fd_sc_hd__nor3_4.mag.
The cell exists in the search paths at /home/hosni/OL_LATEST/OpenLane/pdks/sky130A/libs.ref/sky130_fd_sc_hd/maglef/sky130_fd_sc_hd__nor3_4.mag.
The discovered version will be used.
Warning:  Parent cell lists instance of "sky130_fd_sc_hd__or4bb_4" at bad file path /home/hosni/caravel_mgmt_soc_litex/openlane/mgmt_core_wrapper/runs/RUN_2022.10.15_19.50.29/results/signoff/sky130_fd_sc_hd__or4bb_4.mag.
The cell exists in the search paths at /home/hosni/OL_LATEST/OpenLane/pdks/sky130A/libs.ref/sky130_fd_sc_hd/maglef/sky130_fd_sc_hd__or4bb_4.mag.
The discovered version will be used.
Warning:  Parent cell lists instance of "sky130_fd_sc_hd__nor4_4" at bad file path /home/hosni/caravel_mgmt_soc_litex/openlane/mgmt_core_wrapper/runs/RUN_2022.10.15_19.50.29/results/signoff/sky130_fd_sc_hd__nor4_4.mag.
The cell exists in the search paths at /home/hosni/OL_LATEST/OpenLane/pdks/sky130A/libs.ref/sky130_fd_sc_hd/maglef/sky130_fd_sc_hd__nor4_4.mag.
The discovered version will be used.
Warning:  Parent cell lists instance of "sky130_fd_sc_hd__or4bb_2" at bad file path /home/hosni/caravel_mgmt_soc_litex/openlane/mgmt_core_wrapper/runs/RUN_2022.10.15_19.50.29/results/signoff/sky130_fd_sc_hd__or4bb_2.mag.
The cell exists in the search paths at /home/hosni/OL_LATEST/OpenLane/pdks/sky130A/libs.ref/sky130_fd_sc_hd/maglef/sky130_fd_sc_hd__or4bb_2.mag.
The discovered version will be used.
Warning:  Parent cell lists instance of "sky130_fd_sc_hd__a2bb2o_4" at bad file path /home/hosni/caravel_mgmt_soc_litex/openlane/mgmt_core_wrapper/runs/RUN_2022.10.15_19.50.29/results/signoff/sky130_fd_sc_hd__a2bb2o_4.mag.
The cell exists in the search paths at /home/hosni/OL_LATEST/OpenLane/pdks/sky130A/libs.ref/sky130_fd_sc_hd/maglef/sky130_fd_sc_hd__a2bb2o_4.mag.
The discovered version will be used.
Warning:  Parent cell lists instance of "sky130_fd_sc_hd__nand3_2" at bad file path /home/hosni/caravel_mgmt_soc_litex/openlane/mgmt_core_wrapper/runs/RUN_2022.10.15_19.50.29/results/signoff/sky130_fd_sc_hd__nand3_2.mag.
The cell exists in the search paths at /home/hosni/OL_LATEST/OpenLane/pdks/sky130A/libs.ref/sky130_fd_sc_hd/maglef/sky130_fd_sc_hd__nand3_2.mag.
The discovered version will be used.
Warning:  Parent cell lists instance of "sky130_fd_sc_hd__a41o_2" at bad file path /home/hosni/caravel_mgmt_soc_litex/openlane/mgmt_core_wrapper/runs/RUN_2022.10.15_19.50.29/results/signoff/sky130_fd_sc_hd__a41o_2.mag.
The cell exists in the search paths at /home/hosni/OL_LATEST/OpenLane/pdks/sky130A/libs.ref/sky130_fd_sc_hd/maglef/sky130_fd_sc_hd__a41o_2.mag.
The discovered version will be used.
Warning:  Parent cell lists instance of "sky130_fd_sc_hd__o21bai_4" at bad file path /home/hosni/caravel_mgmt_soc_litex/openlane/mgmt_core_wrapper/runs/RUN_2022.10.15_19.50.29/results/signoff/sky130_fd_sc_hd__o21bai_4.mag.
The cell exists in the search paths at /home/hosni/OL_LATEST/OpenLane/pdks/sky130A/libs.ref/sky130_fd_sc_hd/maglef/sky130_fd_sc_hd__o21bai_4.mag.
The discovered version will be used.
Warning:  Parent cell lists instance of "sky130_fd_sc_hd__a22o_4" at bad file path /home/hosni/caravel_mgmt_soc_litex/openlane/mgmt_core_wrapper/runs/RUN_2022.10.15_19.50.29/results/signoff/sky130_fd_sc_hd__a22o_4.mag.
The cell exists in the search paths at /home/hosni/OL_LATEST/OpenLane/pdks/sky130A/libs.ref/sky130_fd_sc_hd/maglef/sky130_fd_sc_hd__a22o_4.mag.
The discovered version will be used.
Warning:  Parent cell lists instance of "sky130_fd_sc_hd__a221o_4" at bad file path /home/hosni/caravel_mgmt_soc_litex/openlane/mgmt_core_wrapper/runs/RUN_2022.10.15_19.50.29/results/signoff/sky130_fd_sc_hd__a221o_4.mag.
The cell exists in the search paths at /home/hosni/OL_LATEST/OpenLane/pdks/sky130A/libs.ref/sky130_fd_sc_hd/maglef/sky130_fd_sc_hd__a221o_4.mag.
The discovered version will be used.
Warning:  Parent cell lists instance of "sky130_fd_sc_hd__a22o_2" at bad file path /home/hosni/caravel_mgmt_soc_litex/openlane/mgmt_core_wrapper/runs/RUN_2022.10.15_19.50.29/results/signoff/sky130_fd_sc_hd__a22o_2.mag.
The cell exists in the search paths at /home/hosni/OL_LATEST/OpenLane/pdks/sky130A/libs.ref/sky130_fd_sc_hd/maglef/sky130_fd_sc_hd__a22o_2.mag.
The discovered version will be used.
Warning:  Parent cell lists instance of "sky130_fd_sc_hd__a221o_2" at bad file path /home/hosni/caravel_mgmt_soc_litex/openlane/mgmt_core_wrapper/runs/RUN_2022.10.15_19.50.29/results/signoff/sky130_fd_sc_hd__a221o_2.mag.
The cell exists in the search paths at /home/hosni/OL_LATEST/OpenLane/pdks/sky130A/libs.ref/sky130_fd_sc_hd/maglef/sky130_fd_sc_hd__a221o_2.mag.
The discovered version will be used.
Warning:  Parent cell lists instance of "sky130_fd_sc_hd__o21a_2" at bad file path /home/hosni/caravel_mgmt_soc_litex/openlane/mgmt_core_wrapper/runs/RUN_2022.10.15_19.50.29/results/signoff/sky130_fd_sc_hd__o21a_2.mag.
The cell exists in the search paths at /home/hosni/OL_LATEST/OpenLane/pdks/sky130A/libs.ref/sky130_fd_sc_hd/maglef/sky130_fd_sc_hd__o21a_2.mag.
The discovered version will be used.
Warning:  Parent cell lists instance of "sky130_fd_sc_hd__a22oi_1" at bad file path /home/hosni/caravel_mgmt_soc_litex/openlane/mgmt_core_wrapper/runs/RUN_2022.10.15_19.50.29/results/signoff/sky130_fd_sc_hd__a22oi_1.mag.
The cell exists in the search paths at /home/hosni/OL_LATEST/OpenLane/pdks/sky130A/libs.ref/sky130_fd_sc_hd/maglef/sky130_fd_sc_hd__a22oi_1.mag.
The discovered version will be used.
Warning:  Parent cell lists instance of "sky130_fd_sc_hd__o21a_4" at bad file path /home/hosni/caravel_mgmt_soc_litex/openlane/mgmt_core_wrapper/runs/RUN_2022.10.15_19.50.29/results/signoff/sky130_fd_sc_hd__o21a_4.mag.
The cell exists in the search paths at /home/hosni/OL_LATEST/OpenLane/pdks/sky130A/libs.ref/sky130_fd_sc_hd/maglef/sky130_fd_sc_hd__o21a_4.mag.
The discovered version will be used.
Warning:  Parent cell lists instance of "sky130_fd_sc_hd__a311o_1" at bad file path /home/hosni/caravel_mgmt_soc_litex/openlane/mgmt_core_wrapper/runs/RUN_2022.10.15_19.50.29/results/signoff/sky130_fd_sc_hd__a311o_1.mag.
The cell exists in the search paths at /home/hosni/OL_LATEST/OpenLane/pdks/sky130A/libs.ref/sky130_fd_sc_hd/maglef/sky130_fd_sc_hd__a311o_1.mag.
The discovered version will be used.
Warning:  Parent cell lists instance of "sky130_fd_sc_hd__a221oi_2" at bad file path /home/hosni/caravel_mgmt_soc_litex/openlane/mgmt_core_wrapper/runs/RUN_2022.10.15_19.50.29/results/signoff/sky130_fd_sc_hd__a221oi_2.mag.
The cell exists in the search paths at /home/hosni/OL_LATEST/OpenLane/pdks/sky130A/libs.ref/sky130_fd_sc_hd/maglef/sky130_fd_sc_hd__a221oi_2.mag.
The discovered version will be used.
Warning:  Parent cell lists instance of "sky130_fd_sc_hd__o2111a_1" at bad file path /home/hosni/caravel_mgmt_soc_litex/openlane/mgmt_core_wrapper/runs/RUN_2022.10.15_19.50.29/results/signoff/sky130_fd_sc_hd__o2111a_1.mag.
The cell exists in the search paths at /home/hosni/OL_LATEST/OpenLane/pdks/sky130A/libs.ref/sky130_fd_sc_hd/maglef/sky130_fd_sc_hd__o2111a_1.mag.
The discovered version will be used.
Warning:  Parent cell lists instance of "sky130_fd_sc_hd__nand4bb_4" at bad file path /home/hosni/caravel_mgmt_soc_litex/openlane/mgmt_core_wrapper/runs/RUN_2022.10.15_19.50.29/results/signoff/sky130_fd_sc_hd__nand4bb_4.mag.
The cell exists in the search paths at /home/hosni/OL_LATEST/OpenLane/pdks/sky130A/libs.ref/sky130_fd_sc_hd/maglef/sky130_fd_sc_hd__nand4bb_4.mag.
The discovered version will be used.
Warning:  Parent cell lists instance of "sky130_fd_sc_hd__and4b_4" at bad file path /home/hosni/caravel_mgmt_soc_litex/openlane/mgmt_core_wrapper/runs/RUN_2022.10.15_19.50.29/results/signoff/sky130_fd_sc_hd__and4b_4.mag.
The cell exists in the search paths at /home/hosni/OL_LATEST/OpenLane/pdks/sky130A/libs.ref/sky130_fd_sc_hd/maglef/sky130_fd_sc_hd__and4b_4.mag.
The discovered version will be used.
Warning:  Parent cell lists instance of "sky130_fd_sc_hd__o41a_2" at bad file path /home/hosni/caravel_mgmt_soc_litex/openlane/mgmt_core_wrapper/runs/RUN_2022.10.15_19.50.29/results/signoff/sky130_fd_sc_hd__o41a_2.mag.
The cell exists in the search paths at /home/hosni/OL_LATEST/OpenLane/pdks/sky130A/libs.ref/sky130_fd_sc_hd/maglef/sky130_fd_sc_hd__o41a_2.mag.
The discovered version will be used.
Warning:  Parent cell lists instance of "sky130_fd_sc_hd__xor2_2" at bad file path /home/hosni/caravel_mgmt_soc_litex/openlane/mgmt_core_wrapper/runs/RUN_2022.10.15_19.50.29/results/signoff/sky130_fd_sc_hd__xor2_2.mag.
The cell exists in the search paths at /home/hosni/OL_LATEST/OpenLane/pdks/sky130A/libs.ref/sky130_fd_sc_hd/maglef/sky130_fd_sc_hd__xor2_2.mag.
The discovered version will be used.
Warning:  Parent cell lists instance of "sky130_fd_sc_hd__xor2_4" at bad file path /home/hosni/caravel_mgmt_soc_litex/openlane/mgmt_core_wrapper/runs/RUN_2022.10.15_19.50.29/results/signoff/sky130_fd_sc_hd__xor2_4.mag.
The cell exists in the search paths at /home/hosni/OL_LATEST/OpenLane/pdks/sky130A/libs.ref/sky130_fd_sc_hd/maglef/sky130_fd_sc_hd__xor2_4.mag.
The discovered version will be used.
Warning:  Parent cell lists instance of "sky130_fd_sc_hd__a2111o_2" at bad file path /home/hosni/caravel_mgmt_soc_litex/openlane/mgmt_core_wrapper/runs/RUN_2022.10.15_19.50.29/results/signoff/sky130_fd_sc_hd__a2111o_2.mag.
The cell exists in the search paths at /home/hosni/OL_LATEST/OpenLane/pdks/sky130A/libs.ref/sky130_fd_sc_hd/maglef/sky130_fd_sc_hd__a2111o_2.mag.
The discovered version will be used.
Warning:  Parent cell lists instance of "sky130_fd_sc_hd__a21o_2" at bad file path /home/hosni/caravel_mgmt_soc_litex/openlane/mgmt_core_wrapper/runs/RUN_2022.10.15_19.50.29/results/signoff/sky130_fd_sc_hd__a21o_2.mag.
The cell exists in the search paths at /home/hosni/OL_LATEST/OpenLane/pdks/sky130A/libs.ref/sky130_fd_sc_hd/maglef/sky130_fd_sc_hd__a21o_2.mag.
The discovered version will be used.
Warning:  Parent cell lists instance of "sky130_fd_sc_hd__mux2_8" at bad file path /home/hosni/caravel_mgmt_soc_litex/openlane/mgmt_core_wrapper/runs/RUN_2022.10.15_19.50.29/results/signoff/sky130_fd_sc_hd__mux2_8.mag.
The cell exists in the search paths at /home/hosni/OL_LATEST/OpenLane/pdks/sky130A/libs.ref/sky130_fd_sc_hd/maglef/sky130_fd_sc_hd__mux2_8.mag.
The discovered version will be used.
Warning:  Parent cell lists instance of "sky130_fd_sc_hd__a21o_4" at bad file path /home/hosni/caravel_mgmt_soc_litex/openlane/mgmt_core_wrapper/runs/RUN_2022.10.15_19.50.29/results/signoff/sky130_fd_sc_hd__a21o_4.mag.
The cell exists in the search paths at /home/hosni/OL_LATEST/OpenLane/pdks/sky130A/libs.ref/sky130_fd_sc_hd/maglef/sky130_fd_sc_hd__a21o_4.mag.
The discovered version will be used.
Warning:  Parent cell lists instance of "sky130_fd_sc_hd__a31o_4" at bad file path /home/hosni/caravel_mgmt_soc_litex/openlane/mgmt_core_wrapper/runs/RUN_2022.10.15_19.50.29/results/signoff/sky130_fd_sc_hd__a31o_4.mag.
The cell exists in the search paths at /home/hosni/OL_LATEST/OpenLane/pdks/sky130A/libs.ref/sky130_fd_sc_hd/maglef/sky130_fd_sc_hd__a31o_4.mag.
The discovered version will be used.
Warning:  Parent cell lists instance of "sky130_fd_sc_hd__o221ai_1" at bad file path /home/hosni/caravel_mgmt_soc_litex/openlane/mgmt_core_wrapper/runs/RUN_2022.10.15_19.50.29/results/signoff/sky130_fd_sc_hd__o221ai_1.mag.
The cell exists in the search paths at /home/hosni/OL_LATEST/OpenLane/pdks/sky130A/libs.ref/sky130_fd_sc_hd/maglef/sky130_fd_sc_hd__o221ai_1.mag.
The discovered version will be used.
Warning:  Parent cell lists instance of "sky130_fd_sc_hd__inv_6" at bad file path /home/hosni/caravel_mgmt_soc_litex/openlane/mgmt_core_wrapper/runs/RUN_2022.10.15_19.50.29/results/signoff/sky130_fd_sc_hd__inv_6.mag.
The cell exists in the search paths at /home/hosni/OL_LATEST/OpenLane/pdks/sky130A/libs.ref/sky130_fd_sc_hd/maglef/sky130_fd_sc_hd__inv_6.mag.
The discovered version will be used.
Warning:  Parent cell lists instance of "sky130_fd_sc_hd__o221a_2" at bad file path /home/hosni/caravel_mgmt_soc_litex/openlane/mgmt_core_wrapper/runs/RUN_2022.10.15_19.50.29/results/signoff/sky130_fd_sc_hd__o221a_2.mag.
The cell exists in the search paths at /home/hosni/OL_LATEST/OpenLane/pdks/sky130A/libs.ref/sky130_fd_sc_hd/maglef/sky130_fd_sc_hd__o221a_2.mag.
The discovered version will be used.
Warning:  Parent cell lists instance of "sky130_fd_sc_hd__o211ai_2" at bad file path /home/hosni/caravel_mgmt_soc_litex/openlane/mgmt_core_wrapper/runs/RUN_2022.10.15_19.50.29/results/signoff/sky130_fd_sc_hd__o211ai_2.mag.
The cell exists in the search paths at /home/hosni/OL_LATEST/OpenLane/pdks/sky130A/libs.ref/sky130_fd_sc_hd/maglef/sky130_fd_sc_hd__o211ai_2.mag.
The discovered version will be used.
Warning:  Parent cell lists instance of "sky130_fd_sc_hd__xnor2_4" at bad file path /home/hosni/caravel_mgmt_soc_litex/openlane/mgmt_core_wrapper/runs/RUN_2022.10.15_19.50.29/results/signoff/sky130_fd_sc_hd__xnor2_4.mag.
The cell exists in the search paths at /home/hosni/OL_LATEST/OpenLane/pdks/sky130A/libs.ref/sky130_fd_sc_hd/maglef/sky130_fd_sc_hd__xnor2_4.mag.
The discovered version will be used.
Warning:  Parent cell lists instance of "sky130_fd_sc_hd__a32o_4" at bad file path /home/hosni/caravel_mgmt_soc_litex/openlane/mgmt_core_wrapper/runs/RUN_2022.10.15_19.50.29/results/signoff/sky130_fd_sc_hd__a32o_4.mag.
The cell exists in the search paths at /home/hosni/OL_LATEST/OpenLane/pdks/sky130A/libs.ref/sky130_fd_sc_hd/maglef/sky130_fd_sc_hd__a32o_4.mag.
The discovered version will be used.
Warning:  Parent cell lists instance of "sky130_fd_sc_hd__a211oi_4" at bad file path /home/hosni/caravel_mgmt_soc_litex/openlane/mgmt_core_wrapper/runs/RUN_2022.10.15_19.50.29/results/signoff/sky130_fd_sc_hd__a211oi_4.mag.
The cell exists in the search paths at /home/hosni/OL_LATEST/OpenLane/pdks/sky130A/libs.ref/sky130_fd_sc_hd/maglef/sky130_fd_sc_hd__a211oi_4.mag.
The discovered version will be used.
Warning:  Parent cell lists instance of "sky130_fd_sc_hd__o22a_2" at bad file path /home/hosni/caravel_mgmt_soc_litex/openlane/mgmt_core_wrapper/runs/RUN_2022.10.15_19.50.29/results/signoff/sky130_fd_sc_hd__o22a_2.mag.
The cell exists in the search paths at /home/hosni/OL_LATEST/OpenLane/pdks/sky130A/libs.ref/sky130_fd_sc_hd/maglef/sky130_fd_sc_hd__o22a_2.mag.
The discovered version will be used.
Warning:  Parent cell lists instance of "sky130_fd_sc_hd__a221oi_1" at bad file path /home/hosni/caravel_mgmt_soc_litex/openlane/mgmt_core_wrapper/runs/RUN_2022.10.15_19.50.29/results/signoff/sky130_fd_sc_hd__a221oi_1.mag.
The cell exists in the search paths at /home/hosni/OL_LATEST/OpenLane/pdks/sky130A/libs.ref/sky130_fd_sc_hd/maglef/sky130_fd_sc_hd__a221oi_1.mag.
The discovered version will be used.
Warning:  Parent cell lists instance of "sky130_fd_sc_hd__a221oi_4" at bad file path /home/hosni/caravel_mgmt_soc_litex/openlane/mgmt_core_wrapper/runs/RUN_2022.10.15_19.50.29/results/signoff/sky130_fd_sc_hd__a221oi_4.mag.
The cell exists in the search paths at /home/hosni/OL_LATEST/OpenLane/pdks/sky130A/libs.ref/sky130_fd_sc_hd/maglef/sky130_fd_sc_hd__a221oi_4.mag.
The discovered version will be used.
Warning:  Parent cell lists instance of "sky130_fd_sc_hd__o22ai_2" at bad file path /home/hosni/caravel_mgmt_soc_litex/openlane/mgmt_core_wrapper/runs/RUN_2022.10.15_19.50.29/results/signoff/sky130_fd_sc_hd__o22ai_2.mag.
The cell exists in the search paths at /home/hosni/OL_LATEST/OpenLane/pdks/sky130A/libs.ref/sky130_fd_sc_hd/maglef/sky130_fd_sc_hd__o22ai_2.mag.
The discovered version will be used.
Warning:  Parent cell lists instance of "sky130_fd_sc_hd__mux2_4" at bad file path /home/hosni/caravel_mgmt_soc_litex/openlane/mgmt_core_wrapper/runs/RUN_2022.10.15_19.50.29/results/signoff/sky130_fd_sc_hd__mux2_4.mag.
The cell exists in the search paths at /home/hosni/OL_LATEST/OpenLane/pdks/sky130A/libs.ref/sky130_fd_sc_hd/maglef/sky130_fd_sc_hd__mux2_4.mag.
The discovered version will be used.
Warning:  Parent cell lists instance of "sky130_fd_sc_hd__xnor2_2" at bad file path /home/hosni/caravel_mgmt_soc_litex/openlane/mgmt_core_wrapper/runs/RUN_2022.10.15_19.50.29/results/signoff/sky130_fd_sc_hd__xnor2_2.mag.
The cell exists in the search paths at /home/hosni/OL_LATEST/OpenLane/pdks/sky130A/libs.ref/sky130_fd_sc_hd/maglef/sky130_fd_sc_hd__xnor2_2.mag.
The discovered version will be used.
Warning:  Parent cell lists instance of "sky130_fd_sc_hd__o2111ai_4" at bad file path /home/hosni/caravel_mgmt_soc_litex/openlane/mgmt_core_wrapper/runs/RUN_2022.10.15_19.50.29/results/signoff/sky130_fd_sc_hd__o2111ai_4.mag.
The cell exists in the search paths at /home/hosni/OL_LATEST/OpenLane/pdks/sky130A/libs.ref/sky130_fd_sc_hd/maglef/sky130_fd_sc_hd__o2111ai_4.mag.
The discovered version will be used.
Warning:  Parent cell lists instance of "sky130_fd_sc_hd__a21boi_4" at bad file path /home/hosni/caravel_mgmt_soc_litex/openlane/mgmt_core_wrapper/runs/RUN_2022.10.15_19.50.29/results/signoff/sky130_fd_sc_hd__a21boi_4.mag.
The cell exists in the search paths at /home/hosni/OL_LATEST/OpenLane/pdks/sky130A/libs.ref/sky130_fd_sc_hd/maglef/sky130_fd_sc_hd__a21boi_4.mag.
The discovered version will be used.
Warning:  Parent cell lists instance of "sky130_fd_sc_hd__a31oi_2" at bad file path /home/hosni/caravel_mgmt_soc_litex/openlane/mgmt_core_wrapper/runs/RUN_2022.10.15_19.50.29/results/signoff/sky130_fd_sc_hd__a31oi_2.mag.
The cell exists in the search paths at /home/hosni/OL_LATEST/OpenLane/pdks/sky130A/libs.ref/sky130_fd_sc_hd/maglef/sky130_fd_sc_hd__a31oi_2.mag.
The discovered version will be used.
Warning:  Parent cell lists instance of "sky130_fd_sc_hd__o2111ai_2" at bad file path /home/hosni/caravel_mgmt_soc_litex/openlane/mgmt_core_wrapper/runs/RUN_2022.10.15_19.50.29/results/signoff/sky130_fd_sc_hd__o2111ai_2.mag.
The cell exists in the search paths at /home/hosni/OL_LATEST/OpenLane/pdks/sky130A/libs.ref/sky130_fd_sc_hd/maglef/sky130_fd_sc_hd__o2111ai_2.mag.
The discovered version will be used.
Warning:  Parent cell lists instance of "sky130_fd_sc_hd__a211o_2" at bad file path /home/hosni/caravel_mgmt_soc_litex/openlane/mgmt_core_wrapper/runs/RUN_2022.10.15_19.50.29/results/signoff/sky130_fd_sc_hd__a211o_2.mag.
The cell exists in the search paths at /home/hosni/OL_LATEST/OpenLane/pdks/sky130A/libs.ref/sky130_fd_sc_hd/maglef/sky130_fd_sc_hd__a211o_2.mag.
The discovered version will be used.
Warning:  Parent cell lists instance of "sky130_fd_sc_hd__a211o_4" at bad file path /home/hosni/caravel_mgmt_soc_litex/openlane/mgmt_core_wrapper/runs/RUN_2022.10.15_19.50.29/results/signoff/sky130_fd_sc_hd__a211o_4.mag.
The cell exists in the search paths at /home/hosni/OL_LATEST/OpenLane/pdks/sky130A/libs.ref/sky130_fd_sc_hd/maglef/sky130_fd_sc_hd__a211o_4.mag.
The discovered version will be used.
Warning:  Parent cell lists instance of "sky130_fd_sc_hd__nor3_2" at bad file path /home/hosni/caravel_mgmt_soc_litex/openlane/mgmt_core_wrapper/runs/RUN_2022.10.15_19.50.29/results/signoff/sky130_fd_sc_hd__nor3_2.mag.
The cell exists in the search paths at /home/hosni/OL_LATEST/OpenLane/pdks/sky130A/libs.ref/sky130_fd_sc_hd/maglef/sky130_fd_sc_hd__nor3_2.mag.
The discovered version will be used.
Warning:  Parent cell lists instance of "sky130_fd_sc_hd__or2b_2" at bad file path /home/hosni/caravel_mgmt_soc_litex/openlane/mgmt_core_wrapper/runs/RUN_2022.10.15_19.50.29/results/signoff/sky130_fd_sc_hd__or2b_2.mag.
The cell exists in the search paths at /home/hosni/OL_LATEST/OpenLane/pdks/sky130A/libs.ref/sky130_fd_sc_hd/maglef/sky130_fd_sc_hd__or2b_2.mag.
The discovered version will be used.
Warning:  Parent cell lists instance of "sky130_fd_sc_hd__a311oi_4" at bad file path /home/hosni/caravel_mgmt_soc_litex/openlane/mgmt_core_wrapper/runs/RUN_2022.10.15_19.50.29/results/signoff/sky130_fd_sc_hd__a311oi_4.mag.
The cell exists in the search paths at /home/hosni/OL_LATEST/OpenLane/pdks/sky130A/libs.ref/sky130_fd_sc_hd/maglef/sky130_fd_sc_hd__a311oi_4.mag.
The discovered version will be used.
Warning:  Parent cell lists instance of "sky130_fd_sc_hd__a31oi_4" at bad file path /home/hosni/caravel_mgmt_soc_litex/openlane/mgmt_core_wrapper/runs/RUN_2022.10.15_19.50.29/results/signoff/sky130_fd_sc_hd__a31oi_4.mag.
The cell exists in the search paths at /home/hosni/OL_LATEST/OpenLane/pdks/sky130A/libs.ref/sky130_fd_sc_hd/maglef/sky130_fd_sc_hd__a31oi_4.mag.
The discovered version will be used.
Warning:  Parent cell lists instance of "sky130_fd_sc_hd__o32ai_4" at bad file path /home/hosni/caravel_mgmt_soc_litex/openlane/mgmt_core_wrapper/runs/RUN_2022.10.15_19.50.29/results/signoff/sky130_fd_sc_hd__o32ai_4.mag.
The cell exists in the search paths at /home/hosni/OL_LATEST/OpenLane/pdks/sky130A/libs.ref/sky130_fd_sc_hd/maglef/sky130_fd_sc_hd__o32ai_4.mag.
The discovered version will be used.
Warning:  Parent cell lists instance of "sky130_fd_sc_hd__a211oi_2" at bad file path /home/hosni/caravel_mgmt_soc_litex/openlane/mgmt_core_wrapper/runs/RUN_2022.10.15_19.50.29/results/signoff/sky130_fd_sc_hd__a211oi_2.mag.
The cell exists in the search paths at /home/hosni/OL_LATEST/OpenLane/pdks/sky130A/libs.ref/sky130_fd_sc_hd/maglef/sky130_fd_sc_hd__a211oi_2.mag.
The discovered version will be used.
Warning:  Parent cell lists instance of "sky130_fd_sc_hd__a2111oi_4" at bad file path /home/hosni/caravel_mgmt_soc_litex/openlane/mgmt_core_wrapper/runs/RUN_2022.10.15_19.50.29/results/signoff/sky130_fd_sc_hd__a2111oi_4.mag.
The cell exists in the search paths at /home/hosni/OL_LATEST/OpenLane/pdks/sky130A/libs.ref/sky130_fd_sc_hd/maglef/sky130_fd_sc_hd__a2111oi_4.mag.
The discovered version will be used.
Warning:  Parent cell lists instance of "sky130_fd_sc_hd__o32a_2" at bad file path /home/hosni/caravel_mgmt_soc_litex/openlane/mgmt_core_wrapper/runs/RUN_2022.10.15_19.50.29/results/signoff/sky130_fd_sc_hd__o32a_2.mag.
The cell exists in the search paths at /home/hosni/OL_LATEST/OpenLane/pdks/sky130A/libs.ref/sky130_fd_sc_hd/maglef/sky130_fd_sc_hd__o32a_2.mag.
The discovered version will be used.
Warning:  Parent cell lists instance of "sky130_fd_sc_hd__o2111ai_1" at bad file path /home/hosni/caravel_mgmt_soc_litex/openlane/mgmt_core_wrapper/runs/RUN_2022.10.15_19.50.29/results/signoff/sky130_fd_sc_hd__o2111ai_1.mag.
The cell exists in the search paths at /home/hosni/OL_LATEST/OpenLane/pdks/sky130A/libs.ref/sky130_fd_sc_hd/maglef/sky130_fd_sc_hd__o2111ai_1.mag.
The discovered version will be used.
Warning:  Parent cell lists instance of "sky130_fd_sc_hd__a2111oi_1" at bad file path /home/hosni/caravel_mgmt_soc_litex/openlane/mgmt_core_wrapper/runs/RUN_2022.10.15_19.50.29/results/signoff/sky130_fd_sc_hd__a2111oi_1.mag.
The cell exists in the search paths at /home/hosni/OL_LATEST/OpenLane/pdks/sky130A/libs.ref/sky130_fd_sc_hd/maglef/sky130_fd_sc_hd__a2111oi_1.mag.
The discovered version will be used.
Warning:  Parent cell lists instance of "sky130_fd_sc_hd__and4bb_2" at bad file path /home/hosni/caravel_mgmt_soc_litex/openlane/mgmt_core_wrapper/runs/RUN_2022.10.15_19.50.29/results/signoff/sky130_fd_sc_hd__and4bb_2.mag.
The cell exists in the search paths at /home/hosni/OL_LATEST/OpenLane/pdks/sky130A/libs.ref/sky130_fd_sc_hd/maglef/sky130_fd_sc_hd__and4bb_2.mag.
The discovered version will be used.
Warning:  Parent cell lists instance of "sky130_fd_sc_hd__a2bb2o_2" at bad file path /home/hosni/caravel_mgmt_soc_litex/openlane/mgmt_core_wrapper/runs/RUN_2022.10.15_19.50.29/results/signoff/sky130_fd_sc_hd__a2bb2o_2.mag.
The cell exists in the search paths at /home/hosni/OL_LATEST/OpenLane/pdks/sky130A/libs.ref/sky130_fd_sc_hd/maglef/sky130_fd_sc_hd__a2bb2o_2.mag.
The discovered version will be used.
Warning:  Parent cell lists instance of "sky130_fd_sc_hd__a21bo_2" at bad file path /home/hosni/caravel_mgmt_soc_litex/openlane/mgmt_core_wrapper/runs/RUN_2022.10.15_19.50.29/results/signoff/sky130_fd_sc_hd__a21bo_2.mag.
The cell exists in the search paths at /home/hosni/OL_LATEST/OpenLane/pdks/sky130A/libs.ref/sky130_fd_sc_hd/maglef/sky130_fd_sc_hd__a21bo_2.mag.
The discovered version will be used.
Warning:  Parent cell lists instance of "sky130_fd_sc_hd__a22oi_4" at bad file path /home/hosni/caravel_mgmt_soc_litex/openlane/mgmt_core_wrapper/runs/RUN_2022.10.15_19.50.29/results/signoff/sky130_fd_sc_hd__a22oi_4.mag.
The cell exists in the search paths at /home/hosni/OL_LATEST/OpenLane/pdks/sky130A/libs.ref/sky130_fd_sc_hd/maglef/sky130_fd_sc_hd__a22oi_4.mag.
The discovered version will be used.
Warning:  Parent cell lists instance of "sky130_fd_sc_hd__nand2b_2" at bad file path /home/hosni/caravel_mgmt_soc_litex/openlane/mgmt_core_wrapper/runs/RUN_2022.10.15_19.50.29/results/signoff/sky130_fd_sc_hd__nand2b_2.mag.
The cell exists in the search paths at /home/hosni/OL_LATEST/OpenLane/pdks/sky130A/libs.ref/sky130_fd_sc_hd/maglef/sky130_fd_sc_hd__nand2b_2.mag.
The discovered version will be used.
Warning:  Parent cell lists instance of "sky130_fd_sc_hd__o221ai_4" at bad file path /home/hosni/caravel_mgmt_soc_litex/openlane/mgmt_core_wrapper/runs/RUN_2022.10.15_19.50.29/results/signoff/sky130_fd_sc_hd__o221ai_4.mag.
The cell exists in the search paths at /home/hosni/OL_LATEST/OpenLane/pdks/sky130A/libs.ref/sky130_fd_sc_hd/maglef/sky130_fd_sc_hd__o221ai_4.mag.
The discovered version will be used.
Warning:  Parent cell lists instance of "sky130_fd_sc_hd__clkinv_8" at bad file path /home/hosni/caravel_mgmt_soc_litex/openlane/mgmt_core_wrapper/runs/RUN_2022.10.15_19.50.29/results/signoff/sky130_fd_sc_hd__clkinv_8.mag.
The cell exists in the search paths at /home/hosni/OL_LATEST/OpenLane/pdks/sky130A/libs.ref/sky130_fd_sc_hd/maglef/sky130_fd_sc_hd__clkinv_8.mag.
The discovered version will be used.
Warning:  Parent cell lists instance of "sky130_fd_sc_hd__nor2b_4" at bad file path /home/hosni/caravel_mgmt_soc_litex/openlane/mgmt_core_wrapper/runs/RUN_2022.10.15_19.50.29/results/signoff/sky130_fd_sc_hd__nor2b_4.mag.
The cell exists in the search paths at /home/hosni/OL_LATEST/OpenLane/pdks/sky130A/libs.ref/sky130_fd_sc_hd/maglef/sky130_fd_sc_hd__nor2b_4.mag.
The discovered version will be used.
Warning:  Parent cell lists instance of "sky130_fd_sc_hd__nand4_4" at bad file path /home/hosni/caravel_mgmt_soc_litex/openlane/mgmt_core_wrapper/runs/RUN_2022.10.15_19.50.29/results/signoff/sky130_fd_sc_hd__nand4_4.mag.
The cell exists in the search paths at /home/hosni/OL_LATEST/OpenLane/pdks/sky130A/libs.ref/sky130_fd_sc_hd/maglef/sky130_fd_sc_hd__nand4_4.mag.
The discovered version will be used.
Warning:  Parent cell lists instance of "sky130_fd_sc_hd__and4bb_4" at bad file path /home/hosni/caravel_mgmt_soc_litex/openlane/mgmt_core_wrapper/runs/RUN_2022.10.15_19.50.29/results/signoff/sky130_fd_sc_hd__and4bb_4.mag.
The cell exists in the search paths at /home/hosni/OL_LATEST/OpenLane/pdks/sky130A/libs.ref/sky130_fd_sc_hd/maglef/sky130_fd_sc_hd__and4bb_4.mag.
The discovered version will be used.
Warning:  Parent cell lists instance of "sky130_fd_sc_hd__nor2b_2" at bad file path /home/hosni/caravel_mgmt_soc_litex/openlane/mgmt_core_wrapper/runs/RUN_2022.10.15_19.50.29/results/signoff/sky130_fd_sc_hd__nor2b_2.mag.
The cell exists in the search paths at /home/hosni/OL_LATEST/OpenLane/pdks/sky130A/libs.ref/sky130_fd_sc_hd/maglef/sky130_fd_sc_hd__nor2b_2.mag.
The discovered version will be used.
Warning:  Parent cell lists instance of "sky130_fd_sc_hd__nor2b_1" at bad file path /home/hosni/caravel_mgmt_soc_litex/openlane/mgmt_core_wrapper/runs/RUN_2022.10.15_19.50.29/results/signoff/sky130_fd_sc_hd__nor2b_1.mag.
The cell exists in the search paths at /home/hosni/OL_LATEST/OpenLane/pdks/sky130A/libs.ref/sky130_fd_sc_hd/maglef/sky130_fd_sc_hd__nor2b_1.mag.
The discovered version will be used.
Warning:  Parent cell lists instance of "sky130_fd_sc_hd__a311o_2" at bad file path /home/hosni/caravel_mgmt_soc_litex/openlane/mgmt_core_wrapper/runs/RUN_2022.10.15_19.50.29/results/signoff/sky130_fd_sc_hd__a311o_2.mag.
The cell exists in the search paths at /home/hosni/OL_LATEST/OpenLane/pdks/sky130A/libs.ref/sky130_fd_sc_hd/maglef/sky130_fd_sc_hd__a311o_2.mag.
The discovered version will be used.
Warning:  Parent cell lists instance of "sky130_fd_sc_hd__o311a_2" at bad file path /home/hosni/caravel_mgmt_soc_litex/openlane/mgmt_core_wrapper/runs/RUN_2022.10.15_19.50.29/results/signoff/sky130_fd_sc_hd__o311a_2.mag.
The cell exists in the search paths at /home/hosni/OL_LATEST/OpenLane/pdks/sky130A/libs.ref/sky130_fd_sc_hd/maglef/sky130_fd_sc_hd__o311a_2.mag.
The discovered version will be used.
Warning:  Parent cell lists instance of "sky130_fd_sc_hd__and3b_2" at bad file path /home/hosni/caravel_mgmt_soc_litex/openlane/mgmt_core_wrapper/runs/RUN_2022.10.15_19.50.29/results/signoff/sky130_fd_sc_hd__and3b_2.mag.
The cell exists in the search paths at /home/hosni/OL_LATEST/OpenLane/pdks/sky130A/libs.ref/sky130_fd_sc_hd/maglef/sky130_fd_sc_hd__and3b_2.mag.
The discovered version will be used.
Warning:  Parent cell lists instance of "sky130_fd_sc_hd__nor3b_4" at bad file path /home/hosni/caravel_mgmt_soc_litex/openlane/mgmt_core_wrapper/runs/RUN_2022.10.15_19.50.29/results/signoff/sky130_fd_sc_hd__nor3b_4.mag.
The cell exists in the search paths at /home/hosni/OL_LATEST/OpenLane/pdks/sky130A/libs.ref/sky130_fd_sc_hd/maglef/sky130_fd_sc_hd__nor3b_4.mag.
The discovered version will be used.
Warning:  Parent cell lists instance of "sky130_fd_sc_hd__o22a_4" at bad file path /home/hosni/caravel_mgmt_soc_litex/openlane/mgmt_core_wrapper/runs/RUN_2022.10.15_19.50.29/results/signoff/sky130_fd_sc_hd__o22a_4.mag.
The cell exists in the search paths at /home/hosni/OL_LATEST/OpenLane/pdks/sky130A/libs.ref/sky130_fd_sc_hd/maglef/sky130_fd_sc_hd__o22a_4.mag.
The discovered version will be used.
Warning:  Parent cell lists instance of "sky130_fd_sc_hd__inv_12" at bad file path /home/hosni/caravel_mgmt_soc_litex/openlane/mgmt_core_wrapper/runs/RUN_2022.10.15_19.50.29/results/signoff/sky130_fd_sc_hd__inv_12.mag.
The cell exists in the search paths at /home/hosni/OL_LATEST/OpenLane/pdks/sky130A/libs.ref/sky130_fd_sc_hd/maglef/sky130_fd_sc_hd__inv_12.mag.
The discovered version will be used.
Warning:  Parent cell lists instance of "sky130_fd_sc_hd__o22ai_1" at bad file path /home/hosni/caravel_mgmt_soc_litex/openlane/mgmt_core_wrapper/runs/RUN_2022.10.15_19.50.29/results/signoff/sky130_fd_sc_hd__o22ai_1.mag.
The cell exists in the search paths at /home/hosni/OL_LATEST/OpenLane/pdks/sky130A/libs.ref/sky130_fd_sc_hd/maglef/sky130_fd_sc_hd__o22ai_1.mag.
The discovered version will be used.
Warning:  Parent cell lists instance of "sky130_fd_sc_hd__nor4_2" at bad file path /home/hosni/caravel_mgmt_soc_litex/openlane/mgmt_core_wrapper/runs/RUN_2022.10.15_19.50.29/results/signoff/sky130_fd_sc_hd__nor4_2.mag.
The cell exists in the search paths at /home/hosni/OL_LATEST/OpenLane/pdks/sky130A/libs.ref/sky130_fd_sc_hd/maglef/sky130_fd_sc_hd__nor4_2.mag.
The discovered version will be used.
Warning:  Parent cell lists instance of "sky130_fd_sc_hd__o41a_4" at bad file path /home/hosni/caravel_mgmt_soc_litex/openlane/mgmt_core_wrapper/runs/RUN_2022.10.15_19.50.29/results/signoff/sky130_fd_sc_hd__o41a_4.mag.
The cell exists in the search paths at /home/hosni/OL_LATEST/OpenLane/pdks/sky130A/libs.ref/sky130_fd_sc_hd/maglef/sky130_fd_sc_hd__o41a_4.mag.
The discovered version will be used.
Warning:  Parent cell lists instance of "sky130_fd_sc_hd__a31o_2" at bad file path /home/hosni/caravel_mgmt_soc_litex/openlane/mgmt_core_wrapper/runs/RUN_2022.10.15_19.50.29/results/signoff/sky130_fd_sc_hd__a31o_2.mag.
The cell exists in the search paths at /home/hosni/OL_LATEST/OpenLane/pdks/sky130A/libs.ref/sky130_fd_sc_hd/maglef/sky130_fd_sc_hd__a31o_2.mag.
The discovered version will be used.
Warning:  Parent cell lists instance of "sky130_fd_sc_hd__o2bb2a_4" at bad file path /home/hosni/caravel_mgmt_soc_litex/openlane/mgmt_core_wrapper/runs/RUN_2022.10.15_19.50.29/results/signoff/sky130_fd_sc_hd__o2bb2a_4.mag.
The cell exists in the search paths at /home/hosni/OL_LATEST/OpenLane/pdks/sky130A/libs.ref/sky130_fd_sc_hd/maglef/sky130_fd_sc_hd__o2bb2a_4.mag.
The discovered version will be used.
Warning:  Parent cell lists instance of "sky130_fd_sc_hd__o31ai_4" at bad file path /home/hosni/caravel_mgmt_soc_litex/openlane/mgmt_core_wrapper/runs/RUN_2022.10.15_19.50.29/results/signoff/sky130_fd_sc_hd__o31ai_4.mag.
The cell exists in the search paths at /home/hosni/OL_LATEST/OpenLane/pdks/sky130A/libs.ref/sky130_fd_sc_hd/maglef/sky130_fd_sc_hd__o31ai_4.mag.
The discovered version will be used.
Warning:  Parent cell lists instance of "sky130_fd_sc_hd__a2111o_4" at bad file path /home/hosni/caravel_mgmt_soc_litex/openlane/mgmt_core_wrapper/runs/RUN_2022.10.15_19.50.29/results/signoff/sky130_fd_sc_hd__a2111o_4.mag.
The cell exists in the search paths at /home/hosni/OL_LATEST/OpenLane/pdks/sky130A/libs.ref/sky130_fd_sc_hd/maglef/sky130_fd_sc_hd__a2111o_4.mag.
The discovered version will be used.
Warning:  Parent cell lists instance of "sky130_fd_sc_hd__o41ai_4" at bad file path /home/hosni/caravel_mgmt_soc_litex/openlane/mgmt_core_wrapper/runs/RUN_2022.10.15_19.50.29/results/signoff/sky130_fd_sc_hd__o41ai_4.mag.
The cell exists in the search paths at /home/hosni/OL_LATEST/OpenLane/pdks/sky130A/libs.ref/sky130_fd_sc_hd/maglef/sky130_fd_sc_hd__o41ai_4.mag.
The discovered version will be used.
Warning:  Parent cell lists instance of "sky130_fd_sc_hd__o221a_4" at bad file path /home/hosni/caravel_mgmt_soc_litex/openlane/mgmt_core_wrapper/runs/RUN_2022.10.15_19.50.29/results/signoff/sky130_fd_sc_hd__o221a_4.mag.
The cell exists in the search paths at /home/hosni/OL_LATEST/OpenLane/pdks/sky130A/libs.ref/sky130_fd_sc_hd/maglef/sky130_fd_sc_hd__o221a_4.mag.
The discovered version will be used.
Warning:  Parent cell lists instance of "sky130_fd_sc_hd__clkinv_16" at bad file path /home/hosni/caravel_mgmt_soc_litex/openlane/mgmt_core_wrapper/runs/RUN_2022.10.15_19.50.29/results/signoff/sky130_fd_sc_hd__clkinv_16.mag.
The cell exists in the search paths at /home/hosni/OL_LATEST/OpenLane/pdks/sky130A/libs.ref/sky130_fd_sc_hd/maglef/sky130_fd_sc_hd__clkinv_16.mag.
The discovered version will be used.
Warning:  Parent cell lists instance of "sky130_fd_sc_hd__inv_4" at bad file path /home/hosni/caravel_mgmt_soc_litex/openlane/mgmt_core_wrapper/runs/RUN_2022.10.15_19.50.29/results/signoff/sky130_fd_sc_hd__inv_4.mag.
The cell exists in the search paths at /home/hosni/OL_LATEST/OpenLane/pdks/sky130A/libs.ref/sky130_fd_sc_hd/maglef/sky130_fd_sc_hd__inv_4.mag.
The discovered version will be used.
Warning:  Parent cell lists instance of "sky130_fd_sc_hd__tapvpwrvgnd_1" at bad file path /home/hosni/caravel_mgmt_soc_litex/openlane/mgmt_core_wrapper/runs/RUN_2022.10.15_19.50.29/results/signoff/sky130_fd_sc_hd__tapvpwrvgnd_1.mag.
The cell exists in the search paths at /home/hosni/OL_LATEST/OpenLane/pdks/sky130A/libs.ref/sky130_fd_sc_hd/maglef/sky130_fd_sc_hd__tapvpwrvgnd_1.mag.
The discovered version will be used.
Warning:  Parent cell lists instance of "sky130_fd_sc_hd__decap_3" at bad file path /home/hosni/caravel_mgmt_soc_litex/openlane/mgmt_core_wrapper/runs/RUN_2022.10.15_19.50.29/results/signoff/sky130_fd_sc_hd__decap_3.mag.
The cell exists in the search paths at /home/hosni/OL_LATEST/OpenLane/pdks/sky130A/libs.ref/sky130_fd_sc_hd/maglef/sky130_fd_sc_hd__decap_3.mag.
The discovered version will be used.
Warning:  Parent cell lists instance of "sky130_fd_sc_hd__fill_2" at bad file path /home/hosni/caravel_mgmt_soc_litex/openlane/mgmt_core_wrapper/runs/RUN_2022.10.15_19.50.29/results/signoff/sky130_fd_sc_hd__fill_2.mag.
The cell exists in the search paths at /home/hosni/OL_LATEST/OpenLane/pdks/sky130A/libs.ref/sky130_fd_sc_hd/maglef/sky130_fd_sc_hd__fill_2.mag.
The discovered version will be used.
Warning:  Parent cell lists instance of "sky130_fd_sc_hd__fill_1" at bad file path /home/hosni/caravel_mgmt_soc_litex/openlane/mgmt_core_wrapper/runs/RUN_2022.10.15_19.50.29/results/signoff/sky130_fd_sc_hd__fill_1.mag.
The cell exists in the search paths at /home/hosni/OL_LATEST/OpenLane/pdks/sky130A/libs.ref/sky130_fd_sc_hd/maglef/sky130_fd_sc_hd__fill_1.mag.
The discovered version will be used.
Warning:  Parent cell lists instance of "sky130_fd_sc_hd__decap_6" at bad file path /home/hosni/caravel_mgmt_soc_litex/openlane/mgmt_core_wrapper/runs/RUN_2022.10.15_19.50.29/results/signoff/sky130_fd_sc_hd__decap_6.mag.
The cell exists in the search paths at /home/hosni/OL_LATEST/OpenLane/pdks/sky130A/libs.ref/sky130_fd_sc_hd/maglef/sky130_fd_sc_hd__decap_6.mag.
The discovered version will be used.
Warning:  Parent cell lists instance of "sky130_fd_sc_hd__decap_4" at bad file path /home/hosni/caravel_mgmt_soc_litex/openlane/mgmt_core_wrapper/runs/RUN_2022.10.15_19.50.29/results/signoff/sky130_fd_sc_hd__decap_4.mag.
The cell exists in the search paths at /home/hosni/OL_LATEST/OpenLane/pdks/sky130A/libs.ref/sky130_fd_sc_hd/maglef/sky130_fd_sc_hd__decap_4.mag.
The discovered version will be used.
Warning:  Parent cell lists instance of "sky130_ef_sc_hd__decap_12" at bad file path /home/hosni/caravel_mgmt_soc_litex/openlane/mgmt_core_wrapper/runs/RUN_2022.10.15_19.50.29/results/signoff/sky130_ef_sc_hd__decap_12.mag.
The cell exists in the search paths at /home/hosni/OL_LATEST/OpenLane/pdks/sky130A/libs.ref/sky130_fd_sc_hd/maglef/sky130_ef_sc_hd__decap_12.mag.
The discovered version will be used.
Warning:  Parent cell lists instance of "sky130_fd_sc_hd__decap_8" at bad file path /home/hosni/caravel_mgmt_soc_litex/openlane/mgmt_core_wrapper/runs/RUN_2022.10.15_19.50.29/results/signoff/sky130_fd_sc_hd__decap_8.mag.
The cell exists in the search paths at /home/hosni/OL_LATEST/OpenLane/pdks/sky130A/libs.ref/sky130_fd_sc_hd/maglef/sky130_fd_sc_hd__decap_8.mag.
The discovered version will be used.
Warning:  Parent cell lists instance of "sky130_fd_sc_hd__diode_2" at bad file path /home/hosni/caravel_mgmt_soc_litex/openlane/mgmt_core_wrapper/runs/RUN_2022.10.15_19.50.29/results/signoff/sky130_fd_sc_hd__diode_2.mag.
The cell exists in the search paths at /home/hosni/OL_LATEST/OpenLane/pdks/sky130A/libs.ref/sky130_fd_sc_hd/maglef/sky130_fd_sc_hd__diode_2.mag.
The discovered version will be used.
Diagnostic:  Scale value is 0.005000
[INFO]: LEF Write Complete
