Netgen 1.5.234 compiled on Sun Oct  9 10:24:01 UTC 2022
Warning: netgen command 'format' use fully-qualified name '::netgen::format'
Warning: netgen command 'global' use fully-qualified name '::netgen::global'
Generating JSON file result
Reading netlist file /home/hosni/My_forks/FINAL/caravel_mgmt_soc_litex/openlane/mgmt_core_wrapper/runs/RUN_2022.10.13_16.19.31/results/signoff/mgmt_core_wrapper.spice
Reading netlist file /home/hosni/My_forks/FINAL/caravel_mgmt_soc_litex/openlane/mgmt_core_wrapper/runs/RUN_2022.10.13_16.19.31/tmp/signoff/29-mgmt_core_wrapper.pnl.v
Warning:  A case-insensitive file has been read and so the	verilog file must be treated case-insensitive to match.
Creating placeholder cell definition for module sky130_fd_sc_hd__inv_2.
Creating placeholder cell definition for module sky130_fd_sc_hd__clkinv_2.
Creating placeholder cell definition for module sky130_fd_sc_hd__inv_4.
Creating placeholder cell definition for module sky130_fd_sc_hd__clkinv_4.
Creating placeholder cell definition for module sky130_fd_sc_hd__clkinv_8.
Creating placeholder cell definition for module sky130_fd_sc_hd__inv_12.
Creating placeholder cell definition for module sky130_fd_sc_hd__inv_6.
Creating placeholder cell definition for module sky130_fd_sc_hd__inv_8.
Creating placeholder cell definition for module sky130_fd_sc_hd__inv_16.
Creating placeholder cell definition for module sky130_fd_sc_hd__and2b_1.
Creating placeholder cell definition for module sky130_fd_sc_hd__or2_2.
Creating placeholder cell definition for module sky130_fd_sc_hd__nor2_2.
Creating placeholder cell definition for module sky130_fd_sc_hd__a22o_1.
Creating placeholder cell definition for module sky130_fd_sc_hd__a21o_4.
Creating placeholder cell definition for module sky130_fd_sc_hd__and3b_1.
Creating placeholder cell definition for module sky130_fd_sc_hd__a221oi_1.
Creating placeholder cell definition for module sky130_fd_sc_hd__clkinv_16.
Creating placeholder cell definition for module sky130_fd_sc_hd__a221oi_4.
Creating placeholder cell definition for module sky130_fd_sc_hd__nand2b_1.
Creating placeholder cell definition for module sky130_fd_sc_hd__nor3_1.
Creating placeholder cell definition for module sky130_fd_sc_hd__or4b_1.
Creating placeholder cell definition for module sky130_fd_sc_hd__a21boi_2.
Creating placeholder cell definition for module sky130_fd_sc_hd__mux2_8.
Creating placeholder cell definition for module sky130_fd_sc_hd__mux2_2.
Creating placeholder cell definition for module sky130_fd_sc_hd__or3_1.
Creating placeholder cell definition for module sky130_fd_sc_hd__o21ai_4.
Creating placeholder cell definition for module sky130_fd_sc_hd__o21ai_1.
Creating placeholder cell definition for module sky130_fd_sc_hd__o21ai_2.
Creating placeholder cell definition for module sky130_fd_sc_hd__or2_1.
Creating placeholder cell definition for module sky130_fd_sc_hd__nor2_1.
Creating placeholder cell definition for module sky130_fd_sc_hd__a221oi_2.
Creating placeholder cell definition for module sky130_fd_sc_hd__a21oi_2.
Creating placeholder cell definition for module sky130_fd_sc_hd__and3b_2.
Creating placeholder cell definition for module sky130_fd_sc_hd__a22o_4.
Creating placeholder cell definition for module sky130_fd_sc_hd__a21oi_4.
Creating placeholder cell definition for module sky130_fd_sc_hd__nand2_2.
Creating placeholder cell definition for module sky130_fd_sc_hd__a22oi_4.
Creating placeholder cell definition for module sky130_fd_sc_hd__nand2_8.
Creating placeholder cell definition for module sky130_fd_sc_hd__and2b_4.
Creating placeholder cell definition for module sky130_fd_sc_hd__nand2b_4.
Creating placeholder cell definition for module sky130_fd_sc_hd__o211ai_4.
Creating placeholder cell definition for module sky130_fd_sc_hd__a211oi_1.
Creating placeholder cell definition for module sky130_fd_sc_hd__a21oi_1.
Creating placeholder cell definition for module sky130_fd_sc_hd__or4b_4.
Creating placeholder cell definition for module sky130_fd_sc_hd__o21ba_1.
Creating placeholder cell definition for module sky130_fd_sc_hd__a2111o_4.
Creating placeholder cell definition for module sky130_fd_sc_hd__and2_1.
Creating placeholder cell definition for module sky130_fd_sc_hd__a211o_1.
Creating placeholder cell definition for module sky130_fd_sc_hd__a221o_1.
Creating placeholder cell definition for module sky130_fd_sc_hd__and2b_2.
Creating placeholder cell definition for module sky130_fd_sc_hd__a21o_2.
Creating placeholder cell definition for module sky130_fd_sc_hd__or4_1.
Creating placeholder cell definition for module sky130_fd_sc_hd__nor2_4.
Creating placeholder cell definition for module sky130_fd_sc_hd__and3_2.
Creating placeholder cell definition for module sky130_fd_sc_hd__or2_4.
Creating placeholder cell definition for module sky130_fd_sc_hd__nor3b_2.
Creating placeholder cell definition for module sky130_fd_sc_hd__a31o_1.
Creating placeholder cell definition for module sky130_fd_sc_hd__nand3b_2.
Creating placeholder cell definition for module sky130_fd_sc_hd__nor2_8.
Creating placeholder cell definition for module sky130_fd_sc_hd__nand3b_4.
Creating placeholder cell definition for module sky130_fd_sc_hd__o22ai_4.
Creating placeholder cell definition for module sky130_fd_sc_hd__nand2_1.
Creating placeholder cell definition for module sky130_fd_sc_hd__o21a_1.
Creating placeholder cell definition for module sky130_fd_sc_hd__o21bai_2.
Creating placeholder cell definition for module sky130_fd_sc_hd__o21ba_4.
Creating placeholder cell definition for module sky130_fd_sc_hd__nand4b_4.
Creating placeholder cell definition for module sky130_fd_sc_hd__nor3b_1.
Creating placeholder cell definition for module sky130_fd_sc_hd__and3_1.
Creating placeholder cell definition for module sky130_fd_sc_hd__nand4_4.
Creating placeholder cell definition for module sky130_fd_sc_hd__o2111ai_4.
Creating placeholder cell definition for module sky130_fd_sc_hd__a41o_1.
Creating placeholder cell definition for module sky130_fd_sc_hd__nand4_2.
Creating placeholder cell definition for module sky130_fd_sc_hd__and2_4.
Creating placeholder cell definition for module sky130_fd_sc_hd__nand3_1.
Creating placeholder cell definition for module sky130_fd_sc_hd__a31oi_2.
Creating placeholder cell definition for module sky130_fd_sc_hd__nand2_4.
Creating placeholder cell definition for module sky130_fd_sc_hd__nor3_2.
Creating placeholder cell definition for module sky130_fd_sc_hd__or3_2.
Creating placeholder cell definition for module sky130_fd_sc_hd__and4b_1.
Creating placeholder cell definition for module sky130_fd_sc_hd__nor4_2.
Creating placeholder cell definition for module sky130_fd_sc_hd__and4b_2.
Creating placeholder cell definition for module sky130_fd_sc_hd__and3_4.
Creating placeholder cell definition for module sky130_fd_sc_hd__nor3_4.
Creating placeholder cell definition for module sky130_fd_sc_hd__or3b_4.
Creating placeholder cell definition for module sky130_fd_sc_hd__a311oi_4.
Creating placeholder cell definition for module sky130_fd_sc_hd__o2bb2a_4.
Creating placeholder cell definition for module sky130_fd_sc_hd__o211a_1.
Creating placeholder cell definition for module sky130_fd_sc_hd__nand3b_1.
Creating placeholder cell definition for module sky130_fd_sc_hd__o31ai_4.
Creating placeholder cell definition for module sky130_fd_sc_hd__o311a_4.
Creating placeholder cell definition for module sky130_fd_sc_hd__o31a_2.
Creating placeholder cell definition for module sky130_fd_sc_hd__nor3b_4.
Creating placeholder cell definition for module sky130_fd_sc_hd__o22a_1.
Creating placeholder cell definition for module sky130_fd_sc_hd__mux2_1.
Creating placeholder cell definition for module sky130_fd_sc_hd__a21o_1.
Creating placeholder cell definition for module sky130_fd_sc_hd__and4_1.
Creating placeholder cell definition for module sky130_fd_sc_hd__a211oi_4.
Creating placeholder cell definition for module sky130_fd_sc_hd__o31a_4.
Creating placeholder cell definition for module sky130_fd_sc_hd__and3b_4.
Creating placeholder cell definition for module sky130_fd_sc_hd__a2111o_1.
Creating placeholder cell definition for module sky130_fd_sc_hd__a31oi_4.
Creating placeholder cell definition for module sky130_fd_sc_hd__or3b_1.
Creating placeholder cell definition for module sky130_fd_sc_hd__o2bb2a_2.
Creating placeholder cell definition for module sky130_fd_sc_hd__o2bb2a_1.
Creating placeholder cell definition for module sky130_fd_sc_hd__o221a_1.
Creating placeholder cell definition for module sky130_fd_sc_hd__xnor2_1.
Creating placeholder cell definition for module sky130_fd_sc_hd__o2111a_1.
Creating placeholder cell definition for module sky130_fd_sc_hd__o211ai_1.
Creating placeholder cell definition for module sky130_fd_sc_hd__a41o_2.
Creating placeholder cell definition for module sky130_fd_sc_hd__a22oi_1.
Creating placeholder cell definition for module sky130_fd_sc_hd__o22ai_1.
Creating placeholder cell definition for module sky130_fd_sc_hd__o221ai_1.
Creating placeholder cell definition for module sky130_fd_sc_hd__o2111ai_1.
Creating placeholder cell definition for module sky130_fd_sc_hd__nand3_2.
Creating placeholder cell definition for module sky130_fd_sc_hd__or4_2.
Creating placeholder cell definition for module sky130_fd_sc_hd__o21a_4.
Creating placeholder cell definition for module sky130_fd_sc_hd__a31o_4.
Creating placeholder cell definition for module sky130_fd_sc_hd__o41a_4.
Creating placeholder cell definition for module sky130_fd_sc_hd__o41a_1.
Creating placeholder cell definition for module sky130_fd_sc_hd__o311a_1.
Creating placeholder cell definition for module sky130_fd_sc_hd__o311ai_1.
Creating placeholder cell definition for module sky130_fd_sc_hd__a32o_1.
Creating placeholder cell definition for module sky130_fd_sc_hd__o31ai_1.
Creating placeholder cell definition for module sky130_fd_sc_hd__o32a_2.
Creating placeholder cell definition for module sky130_fd_sc_hd__o31a_1.
Creating placeholder cell definition for module sky130_fd_sc_hd__o22a_4.
Creating placeholder cell definition for module sky130_fd_sc_hd__a311o_1.
Creating placeholder cell definition for module sky130_fd_sc_hd__a31oi_1.
Creating placeholder cell definition for module sky130_fd_sc_hd__a2bb2o_1.
Creating placeholder cell definition for module sky130_fd_sc_hd__a211o_2.
Creating placeholder cell definition for module sky130_fd_sc_hd__a32oi_1.
Creating placeholder cell definition for module sky130_fd_sc_hd__o32a_1.
Creating placeholder cell definition for module sky130_fd_sc_hd__o311a_2.
Creating placeholder cell definition for module sky130_fd_sc_hd__o311ai_4.
Creating placeholder cell definition for module sky130_fd_sc_hd__o311ai_2.
Creating placeholder cell definition for module sky130_fd_sc_hd__o31ai_2.
Creating placeholder cell definition for module sky130_fd_sc_hd__a2bb2oi_2.
Creating placeholder cell definition for module sky130_fd_sc_hd__o22a_2.
Creating placeholder cell definition for module sky130_fd_sc_hd__a311o_2.
Creating placeholder cell definition for module sky130_fd_sc_hd__a32oi_2.
Creating placeholder cell definition for module sky130_fd_sc_hd__o211ai_2.
Creating placeholder cell definition for module sky130_fd_sc_hd__a211oi_2.
Creating placeholder cell definition for module sky130_fd_sc_hd__a311oi_2.
Creating placeholder cell definition for module sky130_fd_sc_hd__a311oi_1.
Creating placeholder cell definition for module sky130_fd_sc_hd__o21bai_1.
Creating placeholder cell definition for module sky130_fd_sc_hd__and4_4.
Creating placeholder cell definition for module sky130_fd_sc_hd__nor4b_1.
Creating placeholder cell definition for module sky130_fd_sc_hd__a31o_2.
Creating placeholder cell definition for module sky130_fd_sc_hd__a32o_2.
Creating placeholder cell definition for module sky130_fd_sc_hd__or3b_2.
Creating placeholder cell definition for module sky130_fd_sc_hd__or3_4.
Creating placeholder cell definition for module sky130_fd_sc_hd__a22o_2.
Creating placeholder cell definition for module sky130_fd_sc_hd__or4_4.
Creating placeholder cell definition for module sky130_fd_sc_hd__o211a_4.
Creating placeholder cell definition for module sky130_fd_sc_hd__a221o_4.
Creating placeholder cell definition for module sky130_fd_sc_hd__a211o_4.
Creating placeholder cell definition for module sky130_fd_sc_hd__o211a_2.
Creating placeholder cell definition for module sky130_fd_sc_hd__o41a_2.
Creating placeholder cell definition for module sky130_fd_sc_hd__nor4_1.
Creating placeholder cell definition for module sky130_fd_sc_hd__and4bb_1.
Creating placeholder cell definition for module sky130_fd_sc_hd__and4_2.
Creating placeholder cell definition for module sky130_fd_sc_hd__and4bb_4.
Creating placeholder cell definition for module sky130_fd_sc_hd__a32o_4.
Creating placeholder cell definition for module sky130_fd_sc_hd__a221o_2.
Creating placeholder cell definition for module sky130_fd_sc_hd__and4b_4.
Creating placeholder cell definition for module sky130_fd_sc_hd__and2_2.
Creating placeholder cell definition for module sky130_fd_sc_hd__a21bo_1.
Creating placeholder cell definition for module sky130_fd_sc_hd__o21a_2.
Creating placeholder cell definition for module sky130_fd_sc_hd__a22oi_2.
Creating placeholder cell definition for module sky130_fd_sc_hd__or4b_2.
Creating placeholder cell definition for module sky130_fd_sc_hd__and4bb_2.
Creating placeholder cell definition for module sky130_fd_sc_hd__nor4_4.
Creating placeholder cell definition for module sky130_fd_sc_hd__o221ai_4.
Creating placeholder cell definition for module sky130_fd_sc_hd__a2bb2o_2.
Creating placeholder cell definition for module sky130_fd_sc_hd__a2bb2o_4.
Creating placeholder cell definition for module sky130_fd_sc_hd__nand3_4.
Creating placeholder cell definition for module sky130_fd_sc_hd__o221a_2.
Creating placeholder cell definition for module sky130_fd_sc_hd__xor2_1.
Creating placeholder cell definition for module sky130_fd_sc_hd__nand4_1.
Creating placeholder cell definition for module sky130_fd_sc_hd__a41oi_4.
Creating placeholder cell definition for module sky130_fd_sc_hd__or4bb_4.
Creating placeholder cell definition for module sky130_fd_sc_hd__a41o_4.
Creating placeholder cell definition for module sky130_fd_sc_hd__nor4b_2.
Creating placeholder cell definition for module sky130_fd_sc_hd__o2bb2ai_1.
Creating placeholder cell definition for module sky130_fd_sc_hd__or4bb_1.
Creating placeholder cell definition for module sky130_fd_sc_hd__o221a_4.
Creating placeholder cell definition for module sky130_fd_sc_hd__xor2_4.
Creating placeholder cell definition for module sky130_fd_sc_hd__xor2_2.
Creating placeholder cell definition for module sky130_fd_sc_hd__o2bb2ai_4.
Creating placeholder cell definition for module sky130_fd_sc_hd__o2111ai_2.
Creating placeholder cell definition for module sky130_fd_sc_hd__a41oi_2.
Creating placeholder cell definition for module sky130_fd_sc_hd__a32oi_4.
Creating placeholder cell definition for module sky130_fd_sc_hd__nand4b_1.
Creating placeholder cell definition for module sky130_fd_sc_hd__o21bai_4.
Creating placeholder cell definition for module sky130_fd_sc_hd__a21boi_4.
Creating placeholder cell definition for module sky130_fd_sc_hd__xnor2_2.
Creating placeholder cell definition for module sky130_fd_sc_hd__o2111a_2.
Creating placeholder cell definition for module sky130_fd_sc_hd__mux4_1.
Creating placeholder cell definition for module sky130_fd_sc_hd__a21boi_1.
Creating placeholder cell definition for module sky130_fd_sc_hd__mux2_4.
Creating placeholder cell definition for module sky130_fd_sc_hd__mux4_2.
Creating placeholder cell definition for module sky130_fd_sc_hd__o22ai_2.
Creating placeholder cell definition for module sky130_fd_sc_hd__a2111oi_1.
Creating placeholder cell definition for module sky130_fd_sc_hd__o32ai_4.
Creating placeholder cell definition for module sky130_fd_sc_hd__a2111oi_4.
Creating placeholder cell definition for module sky130_fd_sc_hd__a2111oi_2.
Creating placeholder cell definition for module sky130_fd_sc_hd__a41oi_1.
Creating placeholder cell definition for module sky130_fd_sc_hd__nor4b_4.
Creating placeholder cell definition for module sky130_fd_sc_hd__a2111o_2.
Creating placeholder cell definition for module sky130_fd_sc_hd__nand2b_2.
Creating placeholder cell definition for module sky130_fd_sc_hd__o41ai_1.
Creating placeholder cell definition for module sky130_fd_sc_hd__o2111a_4.
Creating placeholder cell definition for module sky130_fd_sc_hd__o32ai_1.
Creating placeholder cell definition for module sky130_fd_sc_hd__dfxtp_1.
Creating placeholder cell definition for module sky130_fd_sc_hd__dfxtp_4.
Creating placeholder cell definition for module sky130_fd_sc_hd__dfxtp_2.
Creating placeholder cell definition for module sky130_fd_sc_hd__conb_1.
Creating placeholder cell definition for module sky130_fd_sc_hd__clkbuf_16.
Note:  Implicit pin HI in instance mgmt_core_wrapper_2039 of sky130_fd_sc_hd__conb_1 in cell mgmt_core_wrapper
Note:  Implicit pin LO in instance mgmt_core_wrapper_2048 of sky130_fd_sc_hd__conb_1 in cell mgmt_core_wrapper
Note:  Implicit pin LO in instance mgmt_core_wrapper_2049 of sky130_fd_sc_hd__conb_1 in cell mgmt_core_wrapper
Note:  Implicit pin HI in instance mgmt_core_wrapper_2040 of sky130_fd_sc_hd__conb_1 in cell mgmt_core_wrapper
Note:  Implicit pin HI in instance mgmt_core_wrapper_2041 of sky130_fd_sc_hd__conb_1 in cell mgmt_core_wrapper
Note:  Implicit pin HI in instance mgmt_core_wrapper_2042 of sky130_fd_sc_hd__conb_1 in cell mgmt_core_wrapper
Note:  Implicit pin HI in instance mgmt_core_wrapper_2043 of sky130_fd_sc_hd__conb_1 in cell mgmt_core_wrapper
Note:  Implicit pin HI in instance mgmt_core_wrapper_2044 of sky130_fd_sc_hd__conb_1 in cell mgmt_core_wrapper
Note:  Implicit pin HI in instance mgmt_core_wrapper_2045 of sky130_fd_sc_hd__conb_1 in cell mgmt_core_wrapper
Note:  Implicit pin HI in instance mgmt_core_wrapper_2046 of sky130_fd_sc_hd__conb_1 in cell mgmt_core_wrapper
Note:  Implicit pin LO in instance mgmt_core_wrapper_2047 of sky130_fd_sc_hd__conb_1 in cell mgmt_core_wrapper
Creating placeholder cell definition for module sky130_fd_sc_hd__clkbuf_1.
Creating placeholder cell definition for module sky130_fd_sc_hd__clkbuf_2.
Creating placeholder cell definition for module RAM128.
Creating placeholder cell definition for module RAM256.
Creating placeholder cell definition for module sky130_fd_sc_hd__decap_3.
Creating placeholder cell definition for module sky130_fd_sc_hd__tapvpwrvgnd_1.
Creating placeholder cell definition for module sky130_fd_sc_hd__buf_8.
Creating placeholder cell definition for module sky130_fd_sc_hd__buf_4.
Creating placeholder cell definition for module sky130_fd_sc_hd__buf_6.
Creating placeholder cell definition for module sky130_fd_sc_hd__clkbuf_4.
Creating placeholder cell definition for module sky130_fd_sc_hd__clkbuf_8.
Creating placeholder cell definition for module sky130_fd_sc_hd__buf_12.
Creating placeholder cell definition for module sky130_fd_sc_hd__buf_2.
Creating placeholder cell definition for module sky130_fd_sc_hd__dlymetal6s2s_1.
Creating placeholder cell definition for module sky130_fd_sc_hd__dlygate4sd3_1.
Creating placeholder cell definition for module sky130_fd_sc_hd__diode_2.
Creating placeholder cell definition for module sky130_ef_sc_hd__decap_12.
Creating placeholder cell definition for module sky130_fd_sc_hd__fill_1.
Creating placeholder cell definition for module sky130_fd_sc_hd__decap_4.
Creating placeholder cell definition for module sky130_fd_sc_hd__fill_2.
Creating placeholder cell definition for module sky130_fd_sc_hd__decap_8.
Creating placeholder cell definition for module sky130_fd_sc_hd__decap_6.
Reading setup file /home/hosni/OL_LATEST/OpenLane/pdks/sky130A/libs.tech/netgen/sky130A_setup.tcl
Comparison output logged to file /home/hosni/My_forks/FINAL/caravel_mgmt_soc_litex/openlane/mgmt_core_wrapper/runs/RUN_2022.10.13_16.19.31/logs/signoff/32-mgmt_core_wrapper.lef.lvs.log
Logging to file "/home/hosni/My_forks/FINAL/caravel_mgmt_soc_litex/openlane/mgmt_core_wrapper/runs/RUN_2022.10.13_16.19.31/logs/signoff/32-mgmt_core_wrapper.lef.lvs.log" enabled
Circuit sky130_fd_sc_hd__fill_1 contains no devices.
Circuit sky130_fd_sc_hd__fill_2 contains no devices.
Circuit sky130_fd_sc_hd__decap_6 contains no devices.
Circuit sky130_fd_sc_hd__diode_2 contains no devices.
Circuit sky130_ef_sc_hd__decap_12 contains no devices.
Circuit sky130_fd_sc_hd__tapvpwrvgnd_1 contains no devices.
Circuit sky130_fd_sc_hd__decap_4 contains no devices.
Circuit sky130_fd_sc_hd__decap_3 contains no devices.
Circuit sky130_fd_sc_hd__or2_1 contains no devices.
Circuit sky130_fd_sc_hd__clkbuf_16 contains no devices.
Circuit sky130_fd_sc_hd__mux2_1 contains no devices.
Circuit sky130_fd_sc_hd__o211a_1 contains no devices.
Circuit sky130_fd_sc_hd__decap_8 contains no devices.
Circuit sky130_fd_sc_hd__a31o_1 contains no devices.
Circuit sky130_fd_sc_hd__o22a_1 contains no devices.
Circuit sky130_fd_sc_hd__dfxtp_1 contains no devices.
Circuit sky130_fd_sc_hd__or4_2 contains no devices.
Circuit sky130_fd_sc_hd__a41o_1 contains no devices.
Circuit sky130_fd_sc_hd__o21ai_1 contains no devices.
Circuit sky130_fd_sc_hd__a32o_1 contains no devices.
Circuit sky130_fd_sc_hd__o31ai_1 contains no devices.
Circuit sky130_fd_sc_hd__a2bb2o_1 contains no devices.
Circuit sky130_fd_sc_hd__o21bai_1 contains no devices.
Circuit sky130_fd_sc_hd__dlygate4sd3_1 contains no devices.
Circuit sky130_fd_sc_hd__buf_12 contains no devices.
Circuit sky130_fd_sc_hd__buf_6 contains no devices.
Circuit sky130_fd_sc_hd__dfxtp_4 contains no devices.
Circuit sky130_fd_sc_hd__and3_1 contains no devices.
Circuit sky130_fd_sc_hd__or4bb_1 contains no devices.
Circuit sky130_fd_sc_hd__and4_1 contains no devices.
Circuit sky130_fd_sc_hd__or3_1 contains no devices.
Circuit sky130_fd_sc_hd__o31a_2 contains no devices.
Circuit sky130_fd_sc_hd__a211oi_1 contains no devices.
Circuit sky130_fd_sc_hd__a21oi_1 contains no devices.
Circuit sky130_fd_sc_hd__a311o_1 contains no devices.
Circuit sky130_fd_sc_hd__nor2_1 contains no devices.
Circuit sky130_fd_sc_hd__o21a_1 contains no devices.
Circuit sky130_fd_sc_hd__and2_1 contains no devices.
Circuit sky130_fd_sc_hd__nand2_1 contains no devices.
Circuit sky130_fd_sc_hd__clkinv_2 contains no devices.
Circuit sky130_fd_sc_hd__a31o_2 contains no devices.
Circuit sky130_fd_sc_hd__dfxtp_2 contains no devices.
Circuit sky130_fd_sc_hd__nand2_4 contains no devices.
Circuit sky130_fd_sc_hd__o221a_1 contains no devices.
Circuit sky130_fd_sc_hd__a22o_1 contains no devices.
Circuit sky130_fd_sc_hd__a21o_1 contains no devices.
Circuit sky130_fd_sc_hd__a211o_2 contains no devices.
Circuit sky130_fd_sc_hd__nand2b_2 contains no devices.
Circuit sky130_fd_sc_hd__nand4_1 contains no devices.
Circuit sky130_fd_sc_hd__o31a_4 contains no devices.
Circuit sky130_fd_sc_hd__and4_4 contains no devices.
Circuit sky130_fd_sc_hd__nand2_2 contains no devices.
Circuit sky130_fd_sc_hd__a221o_1 contains no devices.
Circuit sky130_fd_sc_hd__and4b_1 contains no devices.
Circuit sky130_fd_sc_hd__xor2_2 contains no devices.
Circuit sky130_fd_sc_hd__buf_8 contains no devices.
Circuit sky130_fd_sc_hd__a311oi_1 contains no devices.
Circuit sky130_fd_sc_hd__inv_2 contains no devices.
Circuit sky130_fd_sc_hd__o31a_1 contains no devices.
Circuit sky130_fd_sc_hd__nand3_2 contains no devices.
Circuit sky130_fd_sc_hd__or2_4 contains no devices.
Circuit sky130_fd_sc_hd__o22ai_4 contains no devices.
Circuit sky130_fd_sc_hd__o32a_1 contains no devices.
Circuit sky130_fd_sc_hd__o311a_1 contains no devices.
Circuit sky130_fd_sc_hd__clkbuf_8 contains no devices.
Circuit sky130_fd_sc_hd__o211ai_1 contains no devices.
Circuit sky130_fd_sc_hd__or4_1 contains no devices.
Circuit sky130_fd_sc_hd__clkbuf_4 contains no devices.
Circuit sky130_fd_sc_hd__nand3_4 contains no devices.
Circuit sky130_fd_sc_hd__mux4_1 contains no devices.
Circuit sky130_fd_sc_hd__nand4b_1 contains no devices.
Circuit sky130_fd_sc_hd__o21ai_4 contains no devices.
Circuit sky130_fd_sc_hd__nand3b_1 contains no devices.
Circuit sky130_fd_sc_hd__a2bb2oi_2 contains no devices.
Circuit sky130_fd_sc_hd__a211o_1 contains no devices.
Circuit sky130_fd_sc_hd__or3b_4 contains no devices.
Circuit sky130_fd_sc_hd__a21o_2 contains no devices.
Circuit sky130_fd_sc_hd__and2b_1 contains no devices.
Circuit sky130_fd_sc_hd__o21ba_1 contains no devices.
Circuit sky130_fd_sc_hd__a21bo_1 contains no devices.
Circuit sky130_fd_sc_hd__o311ai_4 contains no devices.
Circuit sky130_fd_sc_hd__o31ai_4 contains no devices.
Circuit sky130_fd_sc_hd__nand2b_1 contains no devices.
Circuit sky130_fd_sc_hd__a221o_2 contains no devices.
Circuit sky130_fd_sc_hd__a21boi_1 contains no devices.
Circuit sky130_fd_sc_hd__a221oi_4 contains no devices.
Circuit sky130_fd_sc_hd__inv_4 contains no devices.
Circuit sky130_fd_sc_hd__buf_4 contains no devices.
Circuit sky130_fd_sc_hd__a21oi_4 contains no devices.
Circuit sky130_fd_sc_hd__and4b_2 contains no devices.
Circuit sky130_fd_sc_hd__or4_4 contains no devices.
Circuit sky130_fd_sc_hd__and4_2 contains no devices.
Circuit sky130_fd_sc_hd__a22oi_2 contains no devices.
Circuit sky130_fd_sc_hd__or3_4 contains no devices.
Circuit sky130_fd_sc_hd__mux2_8 contains no devices.
Circuit sky130_fd_sc_hd__inv_8 contains no devices.
Circuit sky130_fd_sc_hd__o2bb2a_1 contains no devices.
Circuit sky130_fd_sc_hd__o221ai_4 contains no devices.
Circuit sky130_fd_sc_hd__and3_2 contains no devices.
Circuit sky130_fd_sc_hd__o41a_1 contains no devices.
Circuit sky130_fd_sc_hd__nor3_1 contains no devices.
Circuit sky130_fd_sc_hd__o21bai_4 contains no devices.
Circuit sky130_fd_sc_hd__a2111o_1 contains no devices.
Circuit sky130_fd_sc_hd__a211o_4 contains no devices.
Circuit sky130_fd_sc_hd__a221oi_2 contains no devices.
Circuit sky130_fd_sc_hd__clkbuf_1 contains no devices.
Circuit sky130_fd_sc_hd__dlymetal6s2s_1 contains no devices.
Circuit sky130_fd_sc_hd__clkbuf_2 contains no devices.
Circuit sky130_fd_sc_hd__clkinv_4 contains no devices.
Circuit sky130_fd_sc_hd__o2bb2ai_1 contains no devices.
Circuit sky130_fd_sc_hd__a221o_4 contains no devices.
Circuit sky130_fd_sc_hd__a32o_4 contains no devices.
Circuit sky130_fd_sc_hd__xor2_1 contains no devices.
Circuit sky130_fd_sc_hd__a311oi_2 contains no devices.
Circuit sky130_fd_sc_hd__nand3_1 contains no devices.
Circuit sky130_fd_sc_hd__and3b_1 contains no devices.
Circuit sky130_fd_sc_hd__or4b_1 contains no devices.
Circuit sky130_fd_sc_hd__xor2_4 contains no devices.
Circuit sky130_fd_sc_hd__nor4_1 contains no devices.
Circuit sky130_fd_sc_hd__or3b_1 contains no devices.
Circuit sky130_fd_sc_hd__o311a_4 contains no devices.
Circuit sky130_fd_sc_hd__and3_4 contains no devices.
Circuit sky130_fd_sc_hd__a211oi_4 contains no devices.
Circuit sky130_fd_sc_hd__a22o_4 contains no devices.
Circuit sky130_fd_sc_hd__a221oi_1 contains no devices.
Circuit sky130_fd_sc_hd__and4bb_1 contains no devices.
Circuit sky130_fd_sc_hd__nor3_2 contains no devices.
Circuit sky130_fd_sc_hd__a41o_2 contains no devices.
Circuit sky130_fd_sc_hd__nand4_4 contains no devices.
Circuit sky130_fd_sc_hd__mux4_2 contains no devices.
Circuit sky130_fd_sc_hd__a21oi_2 contains no devices.
Circuit sky130_fd_sc_hd__xnor2_1 contains no devices.
Circuit sky130_fd_sc_hd__inv_6 contains no devices.
Circuit sky130_fd_sc_hd__o2bb2a_2 contains no devices.
Circuit sky130_fd_sc_hd__and2_4 contains no devices.
Circuit sky130_fd_sc_hd__or4b_2 contains no devices.
Circuit sky130_fd_sc_hd__mux2_2 contains no devices.
Circuit sky130_fd_sc_hd__clkinv_8 contains no devices.
Circuit sky130_fd_sc_hd__a31oi_1 contains no devices.
Circuit sky130_fd_sc_hd__a2111oi_4 contains no devices.
Circuit sky130_fd_sc_hd__a311o_2 contains no devices.
Circuit sky130_fd_sc_hd__a22oi_1 contains no devices.
Circuit sky130_fd_sc_hd__nor2_8 contains no devices.
Circuit sky130_fd_sc_hd__o311ai_2 contains no devices.
Circuit sky130_fd_sc_hd__a31oi_4 contains no devices.
Circuit sky130_fd_sc_hd__o211a_4 contains no devices.
Circuit sky130_fd_sc_hd__nor2_2 contains no devices.
Circuit sky130_fd_sc_hd__o21bai_2 contains no devices.
Circuit sky130_fd_sc_hd__and2b_2 contains no devices.
Circuit sky130_fd_sc_hd__nand3b_4 contains no devices.
Circuit sky130_fd_sc_hd__nor4_2 contains no devices.
Circuit sky130_fd_sc_hd__o21a_4 contains no devices.
Circuit sky130_fd_sc_hd__o2111ai_1 contains no devices.
Circuit sky130_fd_sc_hd__a211oi_2 contains no devices.
Circuit sky130_fd_sc_hd__or2_2 contains no devices.
Circuit sky130_fd_sc_hd__a41oi_4 contains no devices.
Circuit sky130_fd_sc_hd__buf_2 contains no devices.
Circuit sky130_fd_sc_hd__a32oi_1 contains no devices.
Circuit sky130_fd_sc_hd__a2bb2o_4 contains no devices.
Circuit sky130_fd_sc_hd__o211ai_4 contains no devices.
Circuit sky130_fd_sc_hd__nand2_8 contains no devices.
Circuit sky130_fd_sc_hd__and4bb_4 contains no devices.
Circuit sky130_fd_sc_hd__a32o_2 contains no devices.
Circuit sky130_fd_sc_hd__nor3b_4 contains no devices.
Circuit sky130_fd_sc_hd__nor2_4 contains no devices.
Circuit sky130_fd_sc_hd__and2b_4 contains no devices.
Circuit sky130_fd_sc_hd__and4bb_2 contains no devices.
Circuit sky130_fd_sc_hd__o2111a_4 contains no devices.
Circuit sky130_fd_sc_hd__a22o_2 contains no devices.
Circuit sky130_fd_sc_hd__a311oi_4 contains no devices.
Circuit sky130_fd_sc_hd__o211a_2 contains no devices.
Circuit sky130_fd_sc_hd__o41a_4 contains no devices.
Circuit sky130_fd_sc_hd__or4b_4 contains no devices.
Circuit sky130_fd_sc_hd__a22oi_4 contains no devices.
Circuit sky130_fd_sc_hd__o311a_2 contains no devices.
Circuit sky130_fd_sc_hd__o41ai_1 contains no devices.
Circuit sky130_fd_sc_hd__a2111o_2 contains no devices.
Circuit sky130_fd_sc_hd__nor3_4 contains no devices.
Circuit sky130_fd_sc_hd__and4b_4 contains no devices.
Circuit sky130_fd_sc_hd__nor3b_2 contains no devices.
Circuit sky130_fd_sc_hd__nand2b_4 contains no devices.
Circuit sky130_fd_sc_hd__o2111a_1 contains no devices.
Circuit sky130_fd_sc_hd__or3_2 contains no devices.
Circuit sky130_fd_sc_hd__a31oi_2 contains no devices.
Circuit sky130_fd_sc_hd__clkinv_16 contains no devices.
Circuit sky130_fd_sc_hd__o2bb2ai_4 contains no devices.
Circuit sky130_fd_sc_hd__and2_2 contains no devices.
Circuit sky130_fd_sc_hd__nand4_2 contains no devices.
Circuit sky130_fd_sc_hd__nor3b_1 contains no devices.
Circuit sky130_fd_sc_hd__nand3b_2 contains no devices.
Circuit sky130_fd_sc_hd__or4bb_4 contains no devices.
Circuit sky130_fd_sc_hd__and3b_4 contains no devices.
Circuit sky130_fd_sc_hd__o22ai_1 contains no devices.
Circuit sky130_fd_sc_hd__a31o_4 contains no devices.
Circuit sky130_fd_sc_hd__o21a_2 contains no devices.
Circuit sky130_fd_sc_hd__inv_12 contains no devices.
Circuit sky130_fd_sc_hd__o311ai_1 contains no devices.
Circuit sky130_fd_sc_hd__mux2_4 contains no devices.
Circuit sky130_fd_sc_hd__o21ai_2 contains no devices.
Circuit sky130_fd_sc_hd__o221ai_1 contains no devices.
Circuit sky130_fd_sc_hd__a2111o_4 contains no devices.
Circuit sky130_fd_sc_hd__nor4_4 contains no devices.
Circuit sky130_fd_sc_hd__o221a_4 contains no devices.
Circuit sky130_fd_sc_hd__o22a_4 contains no devices.
Circuit sky130_fd_sc_hd__o2111ai_4 contains no devices.
Circuit sky130_fd_sc_hd__o22ai_2 contains no devices.
Circuit sky130_fd_sc_hd__o2bb2a_4 contains no devices.
Circuit sky130_fd_sc_hd__nand4b_4 contains no devices.
Circuit sky130_fd_sc_hd__o31ai_2 contains no devices.
Circuit sky130_fd_sc_hd__o32ai_1 contains no devices.
Circuit sky130_fd_sc_hd__a21boi_4 contains no devices.
Circuit sky130_fd_sc_hd__or3b_2 contains no devices.
Circuit sky130_fd_sc_hd__a21boi_2 contains no devices.
Circuit RAM128 contains no devices.
Circuit sky130_fd_sc_hd__o21ba_4 contains no devices.
Circuit sky130_fd_sc_hd__xnor2_2 contains no devices.
Circuit sky130_fd_sc_hd__a2bb2o_2 contains no devices.
Circuit sky130_fd_sc_hd__and3b_2 contains no devices.
Circuit sky130_fd_sc_hd__a21o_4 contains no devices.
Circuit sky130_fd_sc_hd__o211ai_2 contains no devices.
Circuit sky130_fd_sc_hd__o2111ai_2 contains no devices.
Circuit sky130_fd_sc_hd__a41o_4 contains no devices.
Circuit sky130_fd_sc_hd__conb_1 contains no devices.
Circuit sky130_fd_sc_hd__a2111oi_2 contains no devices.
Circuit sky130_fd_sc_hd__a32oi_4 contains no devices.
Circuit sky130_fd_sc_hd__o32ai_4 contains no devices.
Circuit sky130_fd_sc_hd__a2111oi_1 contains no devices.
Circuit sky130_fd_sc_hd__a41oi_1 contains no devices.
Circuit sky130_fd_sc_hd__o221a_2 contains no devices.
Circuit sky130_fd_sc_hd__o22a_2 contains no devices.
Circuit RAM256 contains no devices.
Circuit sky130_fd_sc_hd__o41a_2 contains no devices.
Circuit sky130_fd_sc_hd__a32oi_2 contains no devices.
Circuit sky130_fd_sc_hd__o32a_2 contains no devices.
Circuit sky130_fd_sc_hd__nor4b_1 contains no devices.
Circuit sky130_fd_sc_hd__o2111a_2 contains no devices.
Circuit sky130_fd_sc_hd__inv_16 contains no devices.
Circuit sky130_fd_sc_hd__a41oi_2 contains no devices.
Circuit sky130_fd_sc_hd__nor4b_2 contains no devices.
Circuit sky130_fd_sc_hd__nor4b_4 contains no devices.

Contents of circuit 1:  Circuit: 'mgmt_core_wrapper'
Circuit mgmt_core_wrapper contains 234411 device instances.
  Class: sky130_fd_sc_hd__o2111ai_1 instances:  29
  Class: sky130_fd_sc_hd__o2111ai_2 instances:   3
  Class: sky130_fd_sc_hd__o2111ai_4 instances:   7
  Class: sky130_fd_sc_hd__a41o_1 instances: 156
  Class: sky130_fd_sc_hd__a41o_2 instances:   5
  Class: sky130_fd_sc_hd__a41o_4 instances:   2
  Class: sky130_fd_sc_hd__a31o_1 instances: 371
  Class: sky130_fd_sc_hd__a31o_2 instances:  17
  Class: sky130_fd_sc_hd__a31o_4 instances:  15
  Class: sky130_fd_sc_hd__a21o_1 instances: 260
  Class: sky130_fd_sc_hd__a21o_2 instances:   5
  Class: sky130_fd_sc_hd__a21o_4 instances:   5
  Class: sky130_fd_sc_hd__a2bb2oi_2 instances:   2
  Class: sky130_fd_sc_hd__o32ai_1 instances:   2
  Class: sky130_fd_sc_hd__o32ai_4 instances:   1
  Class: sky130_fd_sc_hd__clkbuf_16 instances: 550
  Class: sky130_fd_sc_hd__a32oi_1 instances:   5
  Class: sky130_fd_sc_hd__dfxtp_1 instances: 3796
  Class: sky130_fd_sc_hd__a32oi_2 instances:   2
  Class: sky130_fd_sc_hd__dfxtp_2 instances: 380
  Class: sky130_fd_sc_hd__a32oi_4 instances:   2
  Class: sky130_fd_sc_hd__dfxtp_4 instances: 551
  Class: sky130_fd_sc_hd__o31ai_1 instances:  21
  Class: sky130_fd_sc_hd__o31ai_2 instances:   4
  Class: sky130_fd_sc_hd__o31ai_4 instances:   9
  Class: sky130_fd_sc_hd__or4_1 instances: 102
  Class: sky130_fd_sc_hd__or4_2 instances:  27
  Class: sky130_fd_sc_hd__or4_4 instances:  23
  Class: sky130_fd_sc_hd__a31oi_1 instances:  54
  Class: sky130_fd_sc_hd__a31oi_2 instances:   6
  Class: sky130_fd_sc_hd__nand4_1 instances:  53
  Class: sky130_fd_sc_hd__nand4_2 instances:  12
  Class: sky130_fd_sc_hd__buf_2 instances:  20
  Class: sky130_fd_sc_hd__a31oi_4 instances:  14
  Class: sky130_fd_sc_hd__nand4_4 instances:  22
  Class: sky130_fd_sc_hd__buf_4 instances: 131
  Class: sky130_fd_sc_hd__buf_6 instances: 319
  Class: sky130_fd_sc_hd__buf_8 instances: 246
  Class: sky130_fd_sc_hd__a2bb2o_1 instances: 106
  Class: sky130_fd_sc_hd__a2bb2o_2 instances:   4
  Class: sky130_fd_sc_hd__a2bb2o_4 instances:   5
  Class: sky130_fd_sc_hd__and3b_1 instances:  73
  Class: sky130_fd_sc_hd__and3b_2 instances:   5
  Class: sky130_fd_sc_hd__and3b_4 instances:   9
  Class: sky130_fd_sc_hd__xor2_1 instances:  32
  Class: sky130_fd_sc_hd__xor2_2 instances:   7
  Class: sky130_fd_sc_hd__o221ai_1 instances:   5
  Class: sky130_fd_sc_hd__xor2_4 instances:   2
  Class: sky130_fd_sc_hd__mux4_1 instances:  84
  Class: sky130_fd_sc_hd__mux4_2 instances:   8
  Class: sky130_fd_sc_hd__o221ai_4 instances:  14
  Class: sky130_ef_sc_hd__decap_12 instances: 49886
  Class: sky130_fd_sc_hd__and4_1 instances: 117
  Class: sky130_fd_sc_hd__and4_2 instances:  30
  Class: sky130_fd_sc_hd__and4_4 instances:  29
  Class: sky130_fd_sc_hd__inv_2 instances: 317
  Class: sky130_fd_sc_hd__inv_4 instances:  11
  Class: sky130_fd_sc_hd__inv_6 instances:  18
  Class: sky130_fd_sc_hd__inv_8 instances:   6
  Class: sky130_fd_sc_hd__clkbuf_1 instances: 120
  Class: sky130_fd_sc_hd__clkbuf_2 instances:  18
  Class: sky130_fd_sc_hd__clkbuf_4 instances:  54
  Class: sky130_fd_sc_hd__clkbuf_8 instances: 163
  Class: sky130_fd_sc_hd__or3_1 instances: 278
  Class: sky130_fd_sc_hd__or3_2 instances:   7
  Class: sky130_fd_sc_hd__or3_4 instances:  16
  Class: sky130_fd_sc_hd__nand3_1 instances:  56
  Class: sky130_fd_sc_hd__nand3_2 instances:  18
  Class: sky130_fd_sc_hd__nand3_4 instances:   8
  Class: sky130_fd_sc_hd__o21ba_1 instances: 114
  Class: sky130_fd_sc_hd__o21ba_4 instances:   2
  Class: sky130_fd_sc_hd__and2b_1 instances:  17
  Class: sky130_fd_sc_hd__conb_1 instances:  11
  Class: sky130_fd_sc_hd__and2b_2 instances:   5
  Class: sky130_fd_sc_hd__and2b_4 instances:   6
  Class: sky130_fd_sc_hd__a21boi_1 instances:  19
  Class: sky130_fd_sc_hd__a21boi_2 instances:   5
  Class: sky130_fd_sc_hd__a21boi_4 instances:   2
  Class: sky130_fd_sc_hd__nand4b_1 instances:   4
  Class: sky130_fd_sc_hd__nand4b_4 instances:   6
  Class: sky130_fd_sc_hd__buf_12 instances: 1010
  Class: sky130_fd_sc_hd__a21bo_1 instances:  45
  Class: sky130_fd_sc_hd__a221oi_1 instances:   7
  Class: sky130_fd_sc_hd__a221oi_2 instances:   6
  Class: sky130_fd_sc_hd__a221oi_4 instances:  20
  Class: sky130_fd_sc_hd__clkinv_2 instances:  42
  Class: sky130_fd_sc_hd__clkinv_4 instances:  17
  Class: sky130_fd_sc_hd__clkinv_8 instances:  10
  Class: sky130_fd_sc_hd__and3_1 instances: 280
  Class: sky130_fd_sc_hd__and3_2 instances:  42
  Class: sky130_fd_sc_hd__and3_4 instances:  54
  Class: sky130_fd_sc_hd__a2111o_1 instances:  39
  Class: sky130_fd_sc_hd__a2111o_2 instances:   5
  Class: sky130_fd_sc_hd__a2111o_4 instances:   3
  Class: RAM256                instances:   1
  Class: sky130_fd_sc_hd__decap_3 instances: 8330
  Class: sky130_fd_sc_hd__decap_4 instances: 8579
  Class: sky130_fd_sc_hd__decap_6 instances: 11206
  Class: sky130_fd_sc_hd__decap_8 instances: 6191
  Class: sky130_fd_sc_hd__dlygate4sd3_1 instances: 3257
  Class: sky130_fd_sc_hd__or2_1 instances: 330
  Class: sky130_fd_sc_hd__or2_2 instances:  13
  Class: sky130_fd_sc_hd__a2111oi_1 instances:   2
  Class: sky130_fd_sc_hd__or2_4 instances:  23
  Class: sky130_fd_sc_hd__a2111oi_2 instances:   1
  Class: sky130_fd_sc_hd__a2111oi_4 instances:   2
  Class: sky130_fd_sc_hd__nand2_1 instances: 407
  Class: sky130_fd_sc_hd__nand2_2 instances:  24
  Class: sky130_fd_sc_hd__nand2_4 instances:  14
  Class: sky130_fd_sc_hd__nor4b_1 instances:   1
  Class: sky130_fd_sc_hd__nor4b_2 instances:   1
  Class: sky130_fd_sc_hd__nand2_8 instances:  14
  Class: sky130_fd_sc_hd__nor4b_4 instances:   1
  Class: sky130_fd_sc_hd__o311ai_1 instances:   9
  Class: sky130_fd_sc_hd__o311ai_2 instances:   5
  Class: sky130_fd_sc_hd__o311ai_4 instances:  11
  Class: sky130_fd_sc_hd__nand3b_1 instances:  15
  Class: sky130_fd_sc_hd__nand3b_2 instances:   9
  Class: sky130_fd_sc_hd__mux2_1 instances: 3070
  Class: sky130_fd_sc_hd__nand3b_4 instances:   7
  Class: sky130_fd_sc_hd__mux2_2 instances:  17
  Class: sky130_fd_sc_hd__mux2_4 instances:   2
  Class: sky130_fd_sc_hd__mux2_8 instances:  11
  Class: sky130_fd_sc_hd__o2bb2ai_1 instances:  12
  Class: sky130_fd_sc_hd__o2bb2ai_4 instances:   2
  Class: sky130_fd_sc_hd__and2_1 instances: 100
  Class: sky130_fd_sc_hd__a211oi_1 instances: 101
  Class: sky130_fd_sc_hd__and2_2 instances:   2
  Class: sky130_fd_sc_hd__a211oi_2 instances:  13
  Class: sky130_fd_sc_hd__and2_4 instances:  12
  Class: sky130_fd_sc_hd__a211oi_4 instances:   6
  Class: sky130_fd_sc_hd__or4b_1 instances:  57
  Class: sky130_fd_sc_hd__or4b_2 instances:   5
  Class: sky130_fd_sc_hd__or4b_4 instances:  20
  Class: sky130_fd_sc_hd__nor4_1 instances:  19
  Class: sky130_fd_sc_hd__nor4_2 instances:  13
  Class: sky130_fd_sc_hd__nor4_4 instances:  13
  Class: sky130_fd_sc_hd__inv_12 instances:   7
  Class: sky130_fd_sc_hd__inv_16 instances:   1
  Class: sky130_fd_sc_hd__o32a_1 instances:  30
  Class: sky130_fd_sc_hd__o32a_2 instances:   1
  Class: sky130_fd_sc_hd__o22a_1 instances:  84
  Class: sky130_fd_sc_hd__o22a_2 instances:   2
  Class: sky130_fd_sc_hd__o22a_4 instances:   4
  Class: sky130_fd_sc_hd__xnor2_1 instances:  43
  Class: sky130_fd_sc_hd__xnor2_2 instances:   5
  Class: sky130_fd_sc_hd__nor3b_1 instances:   9
  Class: sky130_fd_sc_hd__nor3b_2 instances:   5
  Class: sky130_fd_sc_hd__nor3b_4 instances:   3
  Class: sky130_fd_sc_hd__o221a_1 instances: 338
  Class: sky130_fd_sc_hd__o221a_2 instances:   2
  Class: sky130_fd_sc_hd__o221a_4 instances:   1
  Class: sky130_fd_sc_hd__o21bai_1 instances:  15
  Class: sky130_fd_sc_hd__o21bai_2 instances:   5
  Class: sky130_fd_sc_hd__o21bai_4 instances:   2
  Class: sky130_fd_sc_hd__o211a_1 instances: 1391
  Class: sky130_fd_sc_hd__o211a_2 instances:   8
  Class: sky130_fd_sc_hd__o211a_4 instances:  20
  Class: sky130_fd_sc_hd__nand2b_1 instances:  40
  Class: sky130_fd_sc_hd__nand2b_2 instances:   1
  Class: sky130_fd_sc_hd__nand2b_4 instances:  20
  Class: sky130_fd_sc_hd__a311oi_1 instances:  59
  Class: sky130_fd_sc_hd__diode_2 instances: 36810
  Class: sky130_fd_sc_hd__a311oi_2 instances:   3
  Class: sky130_fd_sc_hd__a311oi_4 instances:   8
  Class: sky130_fd_sc_hd__a221o_1 instances: 252
  Class: sky130_fd_sc_hd__a221o_2 instances:  25
  Class: sky130_fd_sc_hd__a221o_4 instances:  40
  Class: sky130_fd_sc_hd__a211o_1 instances: 422
  Class: sky130_fd_sc_hd__a211o_2 instances:  18
  Class: sky130_fd_sc_hd__a211o_4 instances:   9
  Class: sky130_fd_sc_hd__o2111a_1 instances:  32
  Class: sky130_fd_sc_hd__o2111a_2 instances:   1
  Class: sky130_fd_sc_hd__o2111a_4 instances:   1
  Class: sky130_fd_sc_hd__or3b_1 instances:  50
  Class: sky130_fd_sc_hd__or3b_2 instances:   4
  Class: sky130_fd_sc_hd__or3b_4 instances:  17
  Class: sky130_fd_sc_hd__dlymetal6s2s_1 instances:  12
  Class: sky130_fd_sc_hd__or4bb_1 instances:   4
  Class: sky130_fd_sc_hd__nor3_1 instances:  39
  Class: sky130_fd_sc_hd__nor3_2 instances:   5
  Class: sky130_fd_sc_hd__or4bb_4 instances:   4
  Class: sky130_fd_sc_hd__nor3_4 instances:   6
  Class: sky130_fd_sc_hd__a32o_1 instances: 142
  Class: sky130_fd_sc_hd__a32o_2 instances:  16
  Class: sky130_fd_sc_hd__a32o_4 instances:  30
  Class: RAM128                instances:   1
  Class: sky130_fd_sc_hd__o41a_1 instances:  21
  Class: sky130_fd_sc_hd__o41a_2 instances:   1
  Class: sky130_fd_sc_hd__o41a_4 instances:  10
  Class: sky130_fd_sc_hd__a22o_1 instances: 424
  Class: sky130_fd_sc_hd__a22o_2 instances:  31
  Class: sky130_fd_sc_hd__a22o_4 instances:  34
  Class: sky130_fd_sc_hd__o31a_1 instances: 111
  Class: sky130_fd_sc_hd__o31a_2 instances:   9
  Class: sky130_fd_sc_hd__o31a_4 instances:  10
  Class: sky130_fd_sc_hd__o2bb2a_1 instances:  67
  Class: sky130_fd_sc_hd__o2bb2a_2 instances:   6
  Class: sky130_fd_sc_hd__o2bb2a_4 instances:   9
  Class: sky130_fd_sc_hd__o21a_1 instances: 365
  Class: sky130_fd_sc_hd__o21a_2 instances:   2
  Class: sky130_fd_sc_hd__o41ai_1 instances:   3
  Class: sky130_fd_sc_hd__o21a_4 instances:   6
  Class: sky130_fd_sc_hd__a41oi_1 instances:   1
  Class: sky130_fd_sc_hd__a41oi_2 instances:   1
  Class: sky130_fd_sc_hd__a41oi_4 instances:   3
  Class: sky130_fd_sc_hd__o311a_1 instances: 205
  Class: sky130_fd_sc_hd__o311a_2 instances:  12
  Class: sky130_fd_sc_hd__o311a_4 instances:  12
  Class: sky130_fd_sc_hd__o22ai_1 instances:   3
  Class: sky130_fd_sc_hd__o22ai_2 instances:   3
  Class: sky130_fd_sc_hd__o22ai_4 instances:  10
  Class: sky130_fd_sc_hd__a22oi_1 instances:  50
  Class: sky130_fd_sc_hd__a22oi_2 instances:   9
  Class: sky130_fd_sc_hd__and4b_1 instances:  44
  Class: sky130_fd_sc_hd__a22oi_4 instances:  25
  Class: sky130_fd_sc_hd__and4b_2 instances:   8
  Class: sky130_fd_sc_hd__o21ai_1 instances: 541
  Class: sky130_fd_sc_hd__o21ai_2 instances:  26
  Class: sky130_fd_sc_hd__tapvpwrvgnd_1 instances: 22122
  Class: sky130_fd_sc_hd__and4b_4 instances:  24
  Class: sky130_fd_sc_hd__o21ai_4 instances:  43
  Class: sky130_fd_sc_hd__a21oi_1 instances: 437
  Class: sky130_fd_sc_hd__a21oi_2 instances:  29
  Class: sky130_fd_sc_hd__a21oi_4 instances:  41
  Class: sky130_fd_sc_hd__a311o_1 instances: 264
  Class: sky130_fd_sc_hd__a311o_2 instances:   6
  Class: sky130_fd_sc_hd__fill_1 instances: 24536
  Class: sky130_fd_sc_hd__fill_2 instances: 41922
  Class: sky130_fd_sc_hd__o211ai_1 instances:  48
  Class: sky130_fd_sc_hd__o211ai_2 instances:   9
  Class: sky130_fd_sc_hd__o211ai_4 instances:  12
  Class: sky130_fd_sc_hd__clkinv_16 instances:  26
  Class: sky130_fd_sc_hd__and4bb_1 instances:  23
  Class: sky130_fd_sc_hd__and4bb_2 instances:   5
  Class: sky130_fd_sc_hd__and4bb_4 instances:  12
  Class: sky130_fd_sc_hd__nor2_1 instances: 247
  Class: sky130_fd_sc_hd__nor2_2 instances:  18
  Class: sky130_fd_sc_hd__nor2_4 instances:  12
  Class: sky130_fd_sc_hd__nor2_8 instances:  32
Circuit contains 25113 nets, and 3 disconnected pins.
Contents of circuit 2:  Circuit: 'mgmt_core_wrapper'
Circuit mgmt_core_wrapper contains 234411 device instances.
  Class: sky130_fd_sc_hd__o2111ai_1 instances:  29
  Class: sky130_fd_sc_hd__o2111ai_2 instances:   3
  Class: sky130_fd_sc_hd__a41o_1 instances: 156
  Class: sky130_fd_sc_hd__o2111ai_4 instances:   7
  Class: sky130_fd_sc_hd__a41o_2 instances:   5
  Class: sky130_fd_sc_hd__a41o_4 instances:   2
  Class: sky130_fd_sc_hd__a31o_1 instances: 371
  Class: sky130_fd_sc_hd__a31o_2 instances:  17
  Class: sky130_fd_sc_hd__a31o_4 instances:  15
  Class: sky130_fd_sc_hd__a21o_1 instances: 260
  Class: sky130_fd_sc_hd__a21o_2 instances:   5
  Class: sky130_fd_sc_hd__a21o_4 instances:   5
  Class: sky130_fd_sc_hd__a2bb2oi_2 instances:   2
  Class: sky130_fd_sc_hd__o32ai_1 instances:   2
  Class: sky130_fd_sc_hd__clkbuf_16 instances: 550
  Class: sky130_fd_sc_hd__o32ai_4 instances:   1
  Class: sky130_fd_sc_hd__dfxtp_1 instances: 3796
  Class: sky130_fd_sc_hd__a32oi_1 instances:   5
  Class: sky130_fd_sc_hd__dfxtp_2 instances: 380
  Class: sky130_fd_sc_hd__a32oi_2 instances:   2
  Class: sky130_fd_sc_hd__dfxtp_4 instances: 551
  Class: sky130_fd_sc_hd__a32oi_4 instances:   2
  Class: sky130_fd_sc_hd__o31ai_1 instances:  21
  Class: sky130_fd_sc_hd__o31ai_2 instances:   4
  Class: sky130_fd_sc_hd__o31ai_4 instances:   9
  Class: sky130_fd_sc_hd__or4_1 instances: 102
  Class: sky130_fd_sc_hd__or4_2 instances:  27
  Class: sky130_fd_sc_hd__or4_4 instances:  23
  Class: sky130_fd_sc_hd__a31oi_1 instances:  54
  Class: sky130_fd_sc_hd__a31oi_2 instances:   6
  Class: sky130_fd_sc_hd__nand4_1 instances:  53
  Class: sky130_fd_sc_hd__buf_2 instances:  20
  Class: sky130_fd_sc_hd__a31oi_4 instances:  14
  Class: sky130_fd_sc_hd__nand4_2 instances:  12
  Class: sky130_fd_sc_hd__buf_4 instances: 131
  Class: sky130_fd_sc_hd__nand4_4 instances:  22
  Class: sky130_fd_sc_hd__buf_6 instances: 319
  Class: sky130_fd_sc_hd__buf_8 instances: 246
  Class: sky130_fd_sc_hd__a2bb2o_1 instances: 106
  Class: sky130_fd_sc_hd__a2bb2o_2 instances:   4
  Class: sky130_fd_sc_hd__a2bb2o_4 instances:   5
  Class: sky130_fd_sc_hd__and3b_1 instances:  73
  Class: sky130_fd_sc_hd__and3b_2 instances:   5
  Class: sky130_fd_sc_hd__and3b_4 instances:   9
  Class: sky130_fd_sc_hd__xor2_1 instances:  32
  Class: sky130_fd_sc_hd__xor2_2 instances:   7
  Class: sky130_fd_sc_hd__xor2_4 instances:   2
  Class: sky130_fd_sc_hd__o221ai_1 instances:   5
  Class: sky130_fd_sc_hd__mux4_1 instances:  84
  Class: sky130_fd_sc_hd__mux4_2 instances:   8
  Class: sky130_fd_sc_hd__o221ai_4 instances:  14
  Class: sky130_ef_sc_hd__decap_12 instances: 49886
  Class: sky130_fd_sc_hd__and4_1 instances: 117
  Class: sky130_fd_sc_hd__and4_2 instances:  30
  Class: sky130_fd_sc_hd__and4_4 instances:  29
  Class: sky130_fd_sc_hd__inv_2 instances: 317
  Class: sky130_fd_sc_hd__inv_4 instances:  11
  Class: sky130_fd_sc_hd__inv_6 instances:  18
  Class: sky130_fd_sc_hd__inv_8 instances:   6
  Class: sky130_fd_sc_hd__clkbuf_1 instances: 120
  Class: sky130_fd_sc_hd__clkbuf_2 instances:  18
  Class: sky130_fd_sc_hd__clkbuf_4 instances:  54
  Class: sky130_fd_sc_hd__clkbuf_8 instances: 163
  Class: sky130_fd_sc_hd__or3_1 instances: 278
  Class: sky130_fd_sc_hd__or3_2 instances:   7
  Class: sky130_fd_sc_hd__or3_4 instances:  16
  Class: sky130_fd_sc_hd__nand3_1 instances:  56
  Class: sky130_fd_sc_hd__nand3_2 instances:  18
  Class: sky130_fd_sc_hd__nand3_4 instances:   8
  Class: sky130_fd_sc_hd__o21ba_1 instances: 114
  Class: sky130_fd_sc_hd__o21ba_4 instances:   2
  Class: sky130_fd_sc_hd__and2b_1 instances:  17
  Class: sky130_fd_sc_hd__conb_1 instances:  11
  Class: sky130_fd_sc_hd__and2b_2 instances:   5
  Class: sky130_fd_sc_hd__and2b_4 instances:   6
  Class: sky130_fd_sc_hd__a21boi_1 instances:  19
  Class: sky130_fd_sc_hd__a21boi_2 instances:   5
  Class: sky130_fd_sc_hd__a21boi_4 instances:   2
  Class: sky130_fd_sc_hd__nand4b_1 instances:   4
  Class: sky130_fd_sc_hd__nand4b_4 instances:   6
  Class: sky130_fd_sc_hd__buf_12 instances: 1010
  Class: sky130_fd_sc_hd__a21bo_1 instances:  45
  Class: sky130_fd_sc_hd__a221oi_1 instances:   7
  Class: sky130_fd_sc_hd__a221oi_2 instances:   6
  Class: sky130_fd_sc_hd__a221oi_4 instances:  20
  Class: sky130_fd_sc_hd__clkinv_2 instances:  42
  Class: sky130_fd_sc_hd__clkinv_4 instances:  17
  Class: sky130_fd_sc_hd__clkinv_8 instances:  10
  Class: sky130_fd_sc_hd__and3_1 instances: 280
  Class: sky130_fd_sc_hd__and3_2 instances:  42
  Class: sky130_fd_sc_hd__and3_4 instances:  54
  Class: sky130_fd_sc_hd__a2111o_1 instances:  39
  Class: sky130_fd_sc_hd__a2111o_2 instances:   5
  Class: sky130_fd_sc_hd__a2111o_4 instances:   3
  Class: RAM256                instances:   1
  Class: sky130_fd_sc_hd__decap_3 instances: 8330
  Class: sky130_fd_sc_hd__decap_4 instances: 8579
  Class: sky130_fd_sc_hd__decap_6 instances: 11206
  Class: sky130_fd_sc_hd__decap_8 instances: 6191
  Class: sky130_fd_sc_hd__dlygate4sd3_1 instances: 3257
  Class: sky130_fd_sc_hd__or2_1 instances: 330
  Class: sky130_fd_sc_hd__or2_2 instances:  13
  Class: sky130_fd_sc_hd__a2111oi_1 instances:   2
  Class: sky130_fd_sc_hd__or2_4 instances:  23
  Class: sky130_fd_sc_hd__a2111oi_2 instances:   1
  Class: sky130_fd_sc_hd__a2111oi_4 instances:   2
  Class: sky130_fd_sc_hd__nand2_1 instances: 407
  Class: sky130_fd_sc_hd__nand2_2 instances:  24
  Class: sky130_fd_sc_hd__nand2_4 instances:  14
  Class: sky130_fd_sc_hd__nor4b_1 instances:   1
  Class: sky130_fd_sc_hd__nor4b_2 instances:   1
  Class: sky130_fd_sc_hd__nand2_8 instances:  14
  Class: sky130_fd_sc_hd__nor4b_4 instances:   1
  Class: sky130_fd_sc_hd__o311ai_1 instances:   9
  Class: sky130_fd_sc_hd__o311ai_2 instances:   5
  Class: sky130_fd_sc_hd__o311ai_4 instances:  11
  Class: sky130_fd_sc_hd__nand3b_1 instances:  15
  Class: sky130_fd_sc_hd__nand3b_2 instances:   9
  Class: sky130_fd_sc_hd__mux2_1 instances: 3070
  Class: sky130_fd_sc_hd__nand3b_4 instances:   7
  Class: sky130_fd_sc_hd__mux2_2 instances:  17
  Class: sky130_fd_sc_hd__mux2_4 instances:   2
  Class: sky130_fd_sc_hd__mux2_8 instances:  11
  Class: sky130_fd_sc_hd__o2bb2ai_1 instances:  12
  Class: sky130_fd_sc_hd__o2bb2ai_4 instances:   2
  Class: sky130_fd_sc_hd__and2_1 instances: 100
  Class: sky130_fd_sc_hd__a211oi_1 instances: 101
  Class: sky130_fd_sc_hd__and2_2 instances:   2
  Class: sky130_fd_sc_hd__a211oi_2 instances:  13
  Class: sky130_fd_sc_hd__a211oi_4 instances:   6
  Class: sky130_fd_sc_hd__and2_4 instances:  12
  Class: sky130_fd_sc_hd__or4b_1 instances:  57
  Class: sky130_fd_sc_hd__or4b_2 instances:   5
  Class: sky130_fd_sc_hd__or4b_4 instances:  20
  Class: sky130_fd_sc_hd__nor4_1 instances:  19
  Class: sky130_fd_sc_hd__nor4_2 instances:  13
  Class: sky130_fd_sc_hd__nor4_4 instances:  13
  Class: sky130_fd_sc_hd__inv_12 instances:   7
  Class: sky130_fd_sc_hd__inv_16 instances:   1
  Class: sky130_fd_sc_hd__o32a_1 instances:  30
  Class: sky130_fd_sc_hd__o32a_2 instances:   1
  Class: sky130_fd_sc_hd__o22a_1 instances:  84
  Class: sky130_fd_sc_hd__o22a_2 instances:   2
  Class: sky130_fd_sc_hd__o22a_4 instances:   4
  Class: sky130_fd_sc_hd__xnor2_1 instances:  43
  Class: sky130_fd_sc_hd__xnor2_2 instances:   5
  Class: sky130_fd_sc_hd__nor3b_1 instances:   9
  Class: sky130_fd_sc_hd__nor3b_2 instances:   5
  Class: sky130_fd_sc_hd__nor3b_4 instances:   3
  Class: sky130_fd_sc_hd__o221a_1 instances: 338
  Class: sky130_fd_sc_hd__o221a_2 instances:   2
  Class: sky130_fd_sc_hd__o221a_4 instances:   1
  Class: sky130_fd_sc_hd__o21bai_1 instances:  15
  Class: sky130_fd_sc_hd__o21bai_2 instances:   5
  Class: sky130_fd_sc_hd__o21bai_4 instances:   2
  Class: sky130_fd_sc_hd__o211a_1 instances: 1391
  Class: sky130_fd_sc_hd__o211a_2 instances:   8
  Class: sky130_fd_sc_hd__o211a_4 instances:  20
  Class: sky130_fd_sc_hd__nand2b_1 instances:  40
  Class: sky130_fd_sc_hd__nand2b_2 instances:   1
  Class: sky130_fd_sc_hd__diode_2 instances: 36810
  Class: sky130_fd_sc_hd__a311oi_1 instances:  59
  Class: sky130_fd_sc_hd__nand2b_4 instances:  20
  Class: sky130_fd_sc_hd__a311oi_2 instances:   3
  Class: sky130_fd_sc_hd__a311oi_4 instances:   8
  Class: sky130_fd_sc_hd__a221o_1 instances: 252
  Class: sky130_fd_sc_hd__a221o_2 instances:  25
  Class: sky130_fd_sc_hd__a221o_4 instances:  40
  Class: sky130_fd_sc_hd__a211o_1 instances: 422
  Class: sky130_fd_sc_hd__a211o_2 instances:  18
  Class: sky130_fd_sc_hd__a211o_4 instances:   9
  Class: sky130_fd_sc_hd__o2111a_1 instances:  32
  Class: sky130_fd_sc_hd__o2111a_2 instances:   1
  Class: sky130_fd_sc_hd__o2111a_4 instances:   1
  Class: sky130_fd_sc_hd__or3b_1 instances:  50
  Class: sky130_fd_sc_hd__or3b_2 instances:   4
  Class: sky130_fd_sc_hd__or3b_4 instances:  17
  Class: sky130_fd_sc_hd__dlymetal6s2s_1 instances:  12
  Class: sky130_fd_sc_hd__or4bb_1 instances:   4
  Class: sky130_fd_sc_hd__nor3_1 instances:  39
  Class: sky130_fd_sc_hd__nor3_2 instances:   5
  Class: sky130_fd_sc_hd__or4bb_4 instances:   4
  Class: sky130_fd_sc_hd__nor3_4 instances:   6
  Class: sky130_fd_sc_hd__a32o_1 instances: 142
  Class: sky130_fd_sc_hd__a32o_2 instances:  16
  Class: sky130_fd_sc_hd__a32o_4 instances:  30
  Class: RAM128                instances:   1
  Class: sky130_fd_sc_hd__o41a_1 instances:  21
  Class: sky130_fd_sc_hd__o41a_2 instances:   1
  Class: sky130_fd_sc_hd__o41a_4 instances:  10
  Class: sky130_fd_sc_hd__a22o_1 instances: 424
  Class: sky130_fd_sc_hd__a22o_2 instances:  31
  Class: sky130_fd_sc_hd__a22o_4 instances:  34
  Class: sky130_fd_sc_hd__o31a_1 instances: 111
  Class: sky130_fd_sc_hd__o31a_2 instances:   9
  Class: sky130_fd_sc_hd__o31a_4 instances:  10
  Class: sky130_fd_sc_hd__o2bb2a_1 instances:  67
  Class: sky130_fd_sc_hd__o2bb2a_2 instances:   6
  Class: sky130_fd_sc_hd__o2bb2a_4 instances:   9
  Class: sky130_fd_sc_hd__o21a_1 instances: 365
  Class: sky130_fd_sc_hd__o41ai_1 instances:   3
  Class: sky130_fd_sc_hd__o21a_2 instances:   2
  Class: sky130_fd_sc_hd__o21a_4 instances:   6
  Class: sky130_fd_sc_hd__a41oi_1 instances:   1
  Class: sky130_fd_sc_hd__a41oi_2 instances:   1
  Class: sky130_fd_sc_hd__a41oi_4 instances:   3
  Class: sky130_fd_sc_hd__o311a_1 instances: 205
  Class: sky130_fd_sc_hd__o311a_2 instances:  12
  Class: sky130_fd_sc_hd__o311a_4 instances:  12
  Class: sky130_fd_sc_hd__o22ai_1 instances:   3
  Class: sky130_fd_sc_hd__o22ai_2 instances:   3
  Class: sky130_fd_sc_hd__o22ai_4 instances:  10
  Class: sky130_fd_sc_hd__a22oi_1 instances:  50
  Class: sky130_fd_sc_hd__a22oi_2 instances:   9
  Class: sky130_fd_sc_hd__and4b_1 instances:  44
  Class: sky130_fd_sc_hd__and4b_2 instances:   8
  Class: sky130_fd_sc_hd__a22oi_4 instances:  25
  Class: sky130_fd_sc_hd__o21ai_1 instances: 541
  Class: sky130_fd_sc_hd__tapvpwrvgnd_1 instances: 22122
  Class: sky130_fd_sc_hd__o21ai_2 instances:  26
  Class: sky130_fd_sc_hd__and4b_4 instances:  24
  Class: sky130_fd_sc_hd__o21ai_4 instances:  43
  Class: sky130_fd_sc_hd__a21oi_1 instances: 437
  Class: sky130_fd_sc_hd__a21oi_2 instances:  29
  Class: sky130_fd_sc_hd__a311o_1 instances: 264
  Class: sky130_fd_sc_hd__a21oi_4 instances:  41
  Class: sky130_fd_sc_hd__a311o_2 instances:   6
  Class: sky130_fd_sc_hd__fill_1 instances: 24536
  Class: sky130_fd_sc_hd__fill_2 instances: 41922
  Class: sky130_fd_sc_hd__o211ai_1 instances:  48
  Class: sky130_fd_sc_hd__o211ai_2 instances:   9
  Class: sky130_fd_sc_hd__o211ai_4 instances:  12
  Class: sky130_fd_sc_hd__clkinv_16 instances:  26
  Class: sky130_fd_sc_hd__and4bb_1 instances:  23
  Class: sky130_fd_sc_hd__and4bb_2 instances:   5
  Class: sky130_fd_sc_hd__and4bb_4 instances:  12
  Class: sky130_fd_sc_hd__nor2_1 instances: 247
  Class: sky130_fd_sc_hd__nor2_2 instances:  18
  Class: sky130_fd_sc_hd__nor2_4 instances:  12
  Class: sky130_fd_sc_hd__nor2_8 instances:  32
Circuit contains 25113 nets, and 3 disconnected pins.

Circuit was modified by parallel/series device merging.
New circuit summary:

Contents of circuit 1:  Circuit: 'mgmt_core_wrapper'
Circuit mgmt_core_wrapper contains 29678 device instances.
  Class: sky130_fd_sc_hd__o2111ai_1 instances:  29
  Class: sky130_fd_sc_hd__o2111ai_2 instances:   3
  Class: sky130_fd_sc_hd__o2111ai_4 instances:   7
  Class: sky130_fd_sc_hd__a41o_1 instances: 156
  Class: sky130_fd_sc_hd__a41o_2 instances:   5
  Class: sky130_fd_sc_hd__a41o_4 instances:   2
  Class: sky130_fd_sc_hd__a31o_1 instances: 371
  Class: sky130_fd_sc_hd__a31o_2 instances:  17
  Class: sky130_fd_sc_hd__a31o_4 instances:  15
  Class: sky130_fd_sc_hd__a21o_1 instances: 260
  Class: sky130_fd_sc_hd__a21o_2 instances:   5
  Class: sky130_fd_sc_hd__a21o_4 instances:   5
  Class: sky130_fd_sc_hd__a2bb2oi_2 instances:   2
  Class: sky130_fd_sc_hd__o32ai_1 instances:   2
  Class: sky130_fd_sc_hd__o32ai_4 instances:   1
  Class: sky130_fd_sc_hd__clkbuf_16 instances: 550
  Class: sky130_fd_sc_hd__a32oi_1 instances:   5
  Class: sky130_fd_sc_hd__dfxtp_1 instances: 3796
  Class: sky130_fd_sc_hd__a32oi_2 instances:   2
  Class: sky130_fd_sc_hd__dfxtp_2 instances: 380
  Class: sky130_fd_sc_hd__a32oi_4 instances:   2
  Class: sky130_fd_sc_hd__dfxtp_4 instances: 551
  Class: sky130_fd_sc_hd__o31ai_1 instances:  21
  Class: sky130_fd_sc_hd__o31ai_2 instances:   4
  Class: sky130_fd_sc_hd__o31ai_4 instances:   9
  Class: sky130_fd_sc_hd__or4_1 instances: 102
  Class: sky130_fd_sc_hd__or4_2 instances:  27
  Class: sky130_fd_sc_hd__or4_4 instances:  23
  Class: sky130_fd_sc_hd__a31oi_1 instances:  54
  Class: sky130_fd_sc_hd__a31oi_2 instances:   6
  Class: sky130_fd_sc_hd__nand4_1 instances:  53
  Class: sky130_fd_sc_hd__nand4_2 instances:  12
  Class: sky130_fd_sc_hd__buf_2 instances:  20
  Class: sky130_fd_sc_hd__a31oi_4 instances:  14
  Class: sky130_fd_sc_hd__nand4_4 instances:  22
  Class: sky130_fd_sc_hd__buf_4 instances: 131
  Class: sky130_fd_sc_hd__buf_6 instances: 319
  Class: sky130_fd_sc_hd__buf_8 instances: 246
  Class: sky130_fd_sc_hd__a2bb2o_1 instances: 106
  Class: sky130_fd_sc_hd__a2bb2o_2 instances:   4
  Class: sky130_fd_sc_hd__a2bb2o_4 instances:   5
  Class: sky130_fd_sc_hd__and3b_1 instances:  73
  Class: sky130_fd_sc_hd__and3b_2 instances:   5
  Class: sky130_fd_sc_hd__and3b_4 instances:   9
  Class: sky130_fd_sc_hd__xor2_1 instances:  32
  Class: sky130_fd_sc_hd__xor2_2 instances:   7
  Class: sky130_fd_sc_hd__o221ai_1 instances:   5
  Class: sky130_fd_sc_hd__xor2_4 instances:   2
  Class: sky130_fd_sc_hd__mux4_1 instances:  84
  Class: sky130_fd_sc_hd__mux4_2 instances:   8
  Class: sky130_fd_sc_hd__o221ai_4 instances:  14
  Class: sky130_ef_sc_hd__decap_12 instances:   1
  Class: sky130_fd_sc_hd__and4_1 instances: 117
  Class: sky130_fd_sc_hd__and4_2 instances:  30
  Class: sky130_fd_sc_hd__and4_4 instances:  29
  Class: sky130_fd_sc_hd__inv_2 instances: 317
  Class: sky130_fd_sc_hd__inv_4 instances:  11
  Class: sky130_fd_sc_hd__inv_6 instances:  18
  Class: sky130_fd_sc_hd__inv_8 instances:   6
  Class: sky130_fd_sc_hd__clkbuf_1 instances: 120
  Class: sky130_fd_sc_hd__clkbuf_2 instances:  18
  Class: sky130_fd_sc_hd__clkbuf_4 instances:  54
  Class: sky130_fd_sc_hd__clkbuf_8 instances: 163
  Class: sky130_fd_sc_hd__or3_1 instances: 278
  Class: sky130_fd_sc_hd__or3_2 instances:   7
  Class: sky130_fd_sc_hd__or3_4 instances:  16
  Class: sky130_fd_sc_hd__nand3_1 instances:  56
  Class: sky130_fd_sc_hd__nand3_2 instances:  18
  Class: sky130_fd_sc_hd__nand3_4 instances:   8
  Class: sky130_fd_sc_hd__o21ba_1 instances: 114
  Class: sky130_fd_sc_hd__o21ba_4 instances:   2
  Class: sky130_fd_sc_hd__and2b_1 instances:  17
  Class: sky130_fd_sc_hd__conb_1 instances:  11
  Class: sky130_fd_sc_hd__and2b_2 instances:   5
  Class: sky130_fd_sc_hd__and2b_4 instances:   6
  Class: sky130_fd_sc_hd__a21boi_1 instances:  19
  Class: sky130_fd_sc_hd__a21boi_2 instances:   5
  Class: sky130_fd_sc_hd__a21boi_4 instances:   2
  Class: sky130_fd_sc_hd__nand4b_1 instances:   4
  Class: sky130_fd_sc_hd__nand4b_4 instances:   6
  Class: sky130_fd_sc_hd__buf_12 instances: 1010
  Class: sky130_fd_sc_hd__a21bo_1 instances:  45
  Class: sky130_fd_sc_hd__a221oi_1 instances:   7
  Class: sky130_fd_sc_hd__a221oi_2 instances:   6
  Class: sky130_fd_sc_hd__a221oi_4 instances:  20
  Class: sky130_fd_sc_hd__clkinv_2 instances:  42
  Class: sky130_fd_sc_hd__clkinv_4 instances:  17
  Class: sky130_fd_sc_hd__clkinv_8 instances:  10
  Class: sky130_fd_sc_hd__and3_1 instances: 280
  Class: sky130_fd_sc_hd__and3_2 instances:  42
  Class: sky130_fd_sc_hd__and3_4 instances:  54
  Class: sky130_fd_sc_hd__a2111o_1 instances:  39
  Class: sky130_fd_sc_hd__a2111o_2 instances:   5
  Class: sky130_fd_sc_hd__a2111o_4 instances:   3
  Class: RAM256                instances:   1
  Class: sky130_fd_sc_hd__decap_3 instances:   1
  Class: sky130_fd_sc_hd__decap_4 instances:   1
  Class: sky130_fd_sc_hd__decap_6 instances:   1
  Class: sky130_fd_sc_hd__decap_8 instances:   1
  Class: sky130_fd_sc_hd__dlygate4sd3_1 instances: 3257
  Class: sky130_fd_sc_hd__or2_1 instances: 330
  Class: sky130_fd_sc_hd__or2_2 instances:  13
  Class: sky130_fd_sc_hd__a2111oi_1 instances:   2
  Class: sky130_fd_sc_hd__or2_4 instances:  23
  Class: sky130_fd_sc_hd__a2111oi_2 instances:   1
  Class: sky130_fd_sc_hd__a2111oi_4 instances:   2
  Class: sky130_fd_sc_hd__nand2_1 instances: 407
  Class: sky130_fd_sc_hd__nand2_2 instances:  24
  Class: sky130_fd_sc_hd__nand2_4 instances:  14
  Class: sky130_fd_sc_hd__nor4b_1 instances:   1
  Class: sky130_fd_sc_hd__nor4b_2 instances:   1
  Class: sky130_fd_sc_hd__nand2_8 instances:  14
  Class: sky130_fd_sc_hd__nor4b_4 instances:   1
  Class: sky130_fd_sc_hd__o311ai_1 instances:   9
  Class: sky130_fd_sc_hd__o311ai_2 instances:   5
  Class: sky130_fd_sc_hd__o311ai_4 instances:  11
  Class: sky130_fd_sc_hd__nand3b_1 instances:  15
  Class: sky130_fd_sc_hd__nand3b_2 instances:   9
  Class: sky130_fd_sc_hd__mux2_1 instances: 3070
  Class: sky130_fd_sc_hd__nand3b_4 instances:   7
  Class: sky130_fd_sc_hd__mux2_2 instances:  17
  Class: sky130_fd_sc_hd__mux2_4 instances:   2
  Class: sky130_fd_sc_hd__mux2_8 instances:  11
  Class: sky130_fd_sc_hd__o2bb2ai_1 instances:  12
  Class: sky130_fd_sc_hd__o2bb2ai_4 instances:   2
  Class: sky130_fd_sc_hd__and2_1 instances: 100
  Class: sky130_fd_sc_hd__a211oi_1 instances: 101
  Class: sky130_fd_sc_hd__and2_2 instances:   2
  Class: sky130_fd_sc_hd__a211oi_2 instances:  13
  Class: sky130_fd_sc_hd__and2_4 instances:  12
  Class: sky130_fd_sc_hd__a211oi_4 instances:   6
  Class: sky130_fd_sc_hd__or4b_1 instances:  57
  Class: sky130_fd_sc_hd__or4b_2 instances:   5
  Class: sky130_fd_sc_hd__or4b_4 instances:  20
  Class: sky130_fd_sc_hd__nor4_1 instances:  19
  Class: sky130_fd_sc_hd__nor4_2 instances:  13
  Class: sky130_fd_sc_hd__nor4_4 instances:  13
  Class: sky130_fd_sc_hd__inv_12 instances:   7
  Class: sky130_fd_sc_hd__inv_16 instances:   1
  Class: sky130_fd_sc_hd__o32a_1 instances:  30
  Class: sky130_fd_sc_hd__o32a_2 instances:   1
  Class: sky130_fd_sc_hd__o22a_1 instances:  84
  Class: sky130_fd_sc_hd__o22a_2 instances:   2
  Class: sky130_fd_sc_hd__o22a_4 instances:   4
  Class: sky130_fd_sc_hd__xnor2_1 instances:  43
  Class: sky130_fd_sc_hd__xnor2_2 instances:   5
  Class: sky130_fd_sc_hd__nor3b_1 instances:   9
  Class: sky130_fd_sc_hd__nor3b_2 instances:   5
  Class: sky130_fd_sc_hd__nor3b_4 instances:   3
  Class: sky130_fd_sc_hd__o221a_1 instances: 338
  Class: sky130_fd_sc_hd__o221a_2 instances:   2
  Class: sky130_fd_sc_hd__o221a_4 instances:   1
  Class: sky130_fd_sc_hd__o21bai_1 instances:  15
  Class: sky130_fd_sc_hd__o21bai_2 instances:   5
  Class: sky130_fd_sc_hd__o21bai_4 instances:   2
  Class: sky130_fd_sc_hd__o211a_1 instances: 1391
  Class: sky130_fd_sc_hd__o211a_2 instances:   8
  Class: sky130_fd_sc_hd__o211a_4 instances:  20
  Class: sky130_fd_sc_hd__nand2b_1 instances:  40
  Class: sky130_fd_sc_hd__nand2b_2 instances:   1
  Class: sky130_fd_sc_hd__nand2b_4 instances:  20
  Class: sky130_fd_sc_hd__a311oi_1 instances:  59
  Class: sky130_fd_sc_hd__diode_2 instances: 4841
  Class: sky130_fd_sc_hd__a311oi_2 instances:   3
  Class: sky130_fd_sc_hd__a311oi_4 instances:   8
  Class: sky130_fd_sc_hd__a221o_1 instances: 252
  Class: sky130_fd_sc_hd__a221o_2 instances:  25
  Class: sky130_fd_sc_hd__a221o_4 instances:  40
  Class: sky130_fd_sc_hd__a211o_1 instances: 422
  Class: sky130_fd_sc_hd__a211o_2 instances:  18
  Class: sky130_fd_sc_hd__a211o_4 instances:   9
  Class: sky130_fd_sc_hd__o2111a_1 instances:  32
  Class: sky130_fd_sc_hd__o2111a_2 instances:   1
  Class: sky130_fd_sc_hd__o2111a_4 instances:   1
  Class: sky130_fd_sc_hd__or3b_1 instances:  50
  Class: sky130_fd_sc_hd__or3b_2 instances:   4
  Class: sky130_fd_sc_hd__or3b_4 instances:  17
  Class: sky130_fd_sc_hd__dlymetal6s2s_1 instances:  12
  Class: sky130_fd_sc_hd__or4bb_1 instances:   4
  Class: sky130_fd_sc_hd__nor3_1 instances:  39
  Class: sky130_fd_sc_hd__nor3_2 instances:   5
  Class: sky130_fd_sc_hd__or4bb_4 instances:   4
  Class: sky130_fd_sc_hd__nor3_4 instances:   6
  Class: sky130_fd_sc_hd__a32o_1 instances: 142
  Class: sky130_fd_sc_hd__a32o_2 instances:  16
  Class: sky130_fd_sc_hd__a32o_4 instances:  30
  Class: RAM128                instances:   1
  Class: sky130_fd_sc_hd__o41a_1 instances:  21
  Class: sky130_fd_sc_hd__o41a_2 instances:   1
  Class: sky130_fd_sc_hd__o41a_4 instances:  10
  Class: sky130_fd_sc_hd__a22o_1 instances: 424
  Class: sky130_fd_sc_hd__a22o_2 instances:  31
  Class: sky130_fd_sc_hd__a22o_4 instances:  34
  Class: sky130_fd_sc_hd__o31a_1 instances: 111
  Class: sky130_fd_sc_hd__o31a_2 instances:   9
  Class: sky130_fd_sc_hd__o31a_4 instances:  10
  Class: sky130_fd_sc_hd__o2bb2a_1 instances:  67
  Class: sky130_fd_sc_hd__o2bb2a_2 instances:   6
  Class: sky130_fd_sc_hd__o2bb2a_4 instances:   9
  Class: sky130_fd_sc_hd__o21a_1 instances: 365
  Class: sky130_fd_sc_hd__o21a_2 instances:   2
  Class: sky130_fd_sc_hd__o41ai_1 instances:   3
  Class: sky130_fd_sc_hd__o21a_4 instances:   6
  Class: sky130_fd_sc_hd__a41oi_1 instances:   1
  Class: sky130_fd_sc_hd__a41oi_2 instances:   1
  Class: sky130_fd_sc_hd__a41oi_4 instances:   3
  Class: sky130_fd_sc_hd__o311a_1 instances: 205
  Class: sky130_fd_sc_hd__o311a_2 instances:  12
  Class: sky130_fd_sc_hd__o311a_4 instances:  12
  Class: sky130_fd_sc_hd__o22ai_1 instances:   3
  Class: sky130_fd_sc_hd__o22ai_2 instances:   3
  Class: sky130_fd_sc_hd__o22ai_4 instances:  10
  Class: sky130_fd_sc_hd__a22oi_1 instances:  50
  Class: sky130_fd_sc_hd__a22oi_2 instances:   9
  Class: sky130_fd_sc_hd__and4b_1 instances:  44
  Class: sky130_fd_sc_hd__a22oi_4 instances:  25
  Class: sky130_fd_sc_hd__and4b_2 instances:   8
  Class: sky130_fd_sc_hd__o21ai_1 instances: 541
  Class: sky130_fd_sc_hd__o21ai_2 instances:  26
  Class: sky130_fd_sc_hd__tapvpwrvgnd_1 instances:   1
  Class: sky130_fd_sc_hd__and4b_4 instances:  24
  Class: sky130_fd_sc_hd__o21ai_4 instances:  43
  Class: sky130_fd_sc_hd__a21oi_1 instances: 437
  Class: sky130_fd_sc_hd__a21oi_2 instances:  29
  Class: sky130_fd_sc_hd__a21oi_4 instances:  41
  Class: sky130_fd_sc_hd__a311o_1 instances: 264
  Class: sky130_fd_sc_hd__a311o_2 instances:   6
  Class: sky130_fd_sc_hd__fill_1 instances:   1
  Class: sky130_fd_sc_hd__fill_2 instances:   1
  Class: sky130_fd_sc_hd__o211ai_1 instances:  48
  Class: sky130_fd_sc_hd__o211ai_2 instances:   9
  Class: sky130_fd_sc_hd__o211ai_4 instances:  12
  Class: sky130_fd_sc_hd__clkinv_16 instances:  26
  Class: sky130_fd_sc_hd__and4bb_1 instances:  23
  Class: sky130_fd_sc_hd__and4bb_2 instances:   5
  Class: sky130_fd_sc_hd__and4bb_4 instances:  12
  Class: sky130_fd_sc_hd__nor2_1 instances: 247
  Class: sky130_fd_sc_hd__nor2_2 instances:  18
  Class: sky130_fd_sc_hd__nor2_4 instances:  12
  Class: sky130_fd_sc_hd__nor2_8 instances:  32
Circuit contains 25113 nets, and 3 disconnected pins.
Contents of circuit 2:  Circuit: 'mgmt_core_wrapper'
Circuit mgmt_core_wrapper contains 29678 device instances.
  Class: sky130_fd_sc_hd__o2111ai_1 instances:  29
  Class: sky130_fd_sc_hd__o2111ai_2 instances:   3
  Class: sky130_fd_sc_hd__a41o_1 instances: 156
  Class: sky130_fd_sc_hd__o2111ai_4 instances:   7
  Class: sky130_fd_sc_hd__a41o_2 instances:   5
  Class: sky130_fd_sc_hd__a41o_4 instances:   2
  Class: sky130_fd_sc_hd__a31o_1 instances: 371
  Class: sky130_fd_sc_hd__a31o_2 instances:  17
  Class: sky130_fd_sc_hd__a31o_4 instances:  15
  Class: sky130_fd_sc_hd__a21o_1 instances: 260
  Class: sky130_fd_sc_hd__a21o_2 instances:   5
  Class: sky130_fd_sc_hd__a21o_4 instances:   5
  Class: sky130_fd_sc_hd__a2bb2oi_2 instances:   2
  Class: sky130_fd_sc_hd__o32ai_1 instances:   2
  Class: sky130_fd_sc_hd__clkbuf_16 instances: 550
  Class: sky130_fd_sc_hd__o32ai_4 instances:   1
  Class: sky130_fd_sc_hd__dfxtp_1 instances: 3796
  Class: sky130_fd_sc_hd__a32oi_1 instances:   5
  Class: sky130_fd_sc_hd__dfxtp_2 instances: 380
  Class: sky130_fd_sc_hd__a32oi_2 instances:   2
  Class: sky130_fd_sc_hd__dfxtp_4 instances: 551
  Class: sky130_fd_sc_hd__a32oi_4 instances:   2
  Class: sky130_fd_sc_hd__o31ai_1 instances:  21
  Class: sky130_fd_sc_hd__o31ai_2 instances:   4
  Class: sky130_fd_sc_hd__o31ai_4 instances:   9
  Class: sky130_fd_sc_hd__or4_1 instances: 102
  Class: sky130_fd_sc_hd__or4_2 instances:  27
  Class: sky130_fd_sc_hd__or4_4 instances:  23
  Class: sky130_fd_sc_hd__a31oi_1 instances:  54
  Class: sky130_fd_sc_hd__a31oi_2 instances:   6
  Class: sky130_fd_sc_hd__nand4_1 instances:  53
  Class: sky130_fd_sc_hd__buf_2 instances:  20
  Class: sky130_fd_sc_hd__a31oi_4 instances:  14
  Class: sky130_fd_sc_hd__nand4_2 instances:  12
  Class: sky130_fd_sc_hd__buf_4 instances: 131
  Class: sky130_fd_sc_hd__nand4_4 instances:  22
  Class: sky130_fd_sc_hd__buf_6 instances: 319
  Class: sky130_fd_sc_hd__buf_8 instances: 246
  Class: sky130_fd_sc_hd__a2bb2o_1 instances: 106
  Class: sky130_fd_sc_hd__a2bb2o_2 instances:   4
  Class: sky130_fd_sc_hd__a2bb2o_4 instances:   5
  Class: sky130_fd_sc_hd__and3b_1 instances:  73
  Class: sky130_fd_sc_hd__and3b_2 instances:   5
  Class: sky130_fd_sc_hd__and3b_4 instances:   9
  Class: sky130_fd_sc_hd__xor2_1 instances:  32
  Class: sky130_fd_sc_hd__xor2_2 instances:   7
  Class: sky130_fd_sc_hd__xor2_4 instances:   2
  Class: sky130_fd_sc_hd__o221ai_1 instances:   5
  Class: sky130_fd_sc_hd__mux4_1 instances:  84
  Class: sky130_fd_sc_hd__mux4_2 instances:   8
  Class: sky130_fd_sc_hd__o221ai_4 instances:  14
  Class: sky130_ef_sc_hd__decap_12 instances:   1
  Class: sky130_fd_sc_hd__and4_1 instances: 117
  Class: sky130_fd_sc_hd__and4_2 instances:  30
  Class: sky130_fd_sc_hd__and4_4 instances:  29
  Class: sky130_fd_sc_hd__inv_2 instances: 317
  Class: sky130_fd_sc_hd__inv_4 instances:  11
  Class: sky130_fd_sc_hd__inv_6 instances:  18
  Class: sky130_fd_sc_hd__inv_8 instances:   6
  Class: sky130_fd_sc_hd__clkbuf_1 instances: 120
  Class: sky130_fd_sc_hd__clkbuf_2 instances:  18
  Class: sky130_fd_sc_hd__clkbuf_4 instances:  54
  Class: sky130_fd_sc_hd__clkbuf_8 instances: 163
  Class: sky130_fd_sc_hd__or3_1 instances: 278
  Class: sky130_fd_sc_hd__or3_2 instances:   7
  Class: sky130_fd_sc_hd__or3_4 instances:  16
  Class: sky130_fd_sc_hd__nand3_1 instances:  56
  Class: sky130_fd_sc_hd__nand3_2 instances:  18
  Class: sky130_fd_sc_hd__nand3_4 instances:   8
  Class: sky130_fd_sc_hd__o21ba_1 instances: 114
  Class: sky130_fd_sc_hd__o21ba_4 instances:   2
  Class: sky130_fd_sc_hd__and2b_1 instances:  17
  Class: sky130_fd_sc_hd__conb_1 instances:  11
  Class: sky130_fd_sc_hd__and2b_2 instances:   5
  Class: sky130_fd_sc_hd__and2b_4 instances:   6
  Class: sky130_fd_sc_hd__a21boi_1 instances:  19
  Class: sky130_fd_sc_hd__a21boi_2 instances:   5
  Class: sky130_fd_sc_hd__a21boi_4 instances:   2
  Class: sky130_fd_sc_hd__nand4b_1 instances:   4
  Class: sky130_fd_sc_hd__nand4b_4 instances:   6
  Class: sky130_fd_sc_hd__buf_12 instances: 1010
  Class: sky130_fd_sc_hd__a21bo_1 instances:  45
  Class: sky130_fd_sc_hd__a221oi_1 instances:   7
  Class: sky130_fd_sc_hd__a221oi_2 instances:   6
  Class: sky130_fd_sc_hd__a221oi_4 instances:  20
  Class: sky130_fd_sc_hd__clkinv_2 instances:  42
  Class: sky130_fd_sc_hd__clkinv_4 instances:  17
  Class: sky130_fd_sc_hd__clkinv_8 instances:  10
  Class: sky130_fd_sc_hd__and3_1 instances: 280
  Class: sky130_fd_sc_hd__and3_2 instances:  42
  Class: sky130_fd_sc_hd__and3_4 instances:  54
  Class: sky130_fd_sc_hd__a2111o_1 instances:  39
  Class: sky130_fd_sc_hd__a2111o_2 instances:   5
  Class: sky130_fd_sc_hd__a2111o_4 instances:   3
  Class: RAM256                instances:   1
  Class: sky130_fd_sc_hd__decap_3 instances:   1
  Class: sky130_fd_sc_hd__decap_4 instances:   1
  Class: sky130_fd_sc_hd__decap_6 instances:   1
  Class: sky130_fd_sc_hd__decap_8 instances:   1
  Class: sky130_fd_sc_hd__dlygate4sd3_1 instances: 3257
  Class: sky130_fd_sc_hd__or2_1 instances: 330
  Class: sky130_fd_sc_hd__or2_2 instances:  13
  Class: sky130_fd_sc_hd__a2111oi_1 instances:   2
  Class: sky130_fd_sc_hd__or2_4 instances:  23
  Class: sky130_fd_sc_hd__a2111oi_2 instances:   1
  Class: sky130_fd_sc_hd__a2111oi_4 instances:   2
  Class: sky130_fd_sc_hd__nand2_1 instances: 407
  Class: sky130_fd_sc_hd__nand2_2 instances:  24
  Class: sky130_fd_sc_hd__nand2_4 instances:  14
  Class: sky130_fd_sc_hd__nor4b_1 instances:   1
  Class: sky130_fd_sc_hd__nor4b_2 instances:   1
  Class: sky130_fd_sc_hd__nand2_8 instances:  14
  Class: sky130_fd_sc_hd__nor4b_4 instances:   1
  Class: sky130_fd_sc_hd__o311ai_1 instances:   9
  Class: sky130_fd_sc_hd__o311ai_2 instances:   5
  Class: sky130_fd_sc_hd__o311ai_4 instances:  11
  Class: sky130_fd_sc_hd__nand3b_1 instances:  15
  Class: sky130_fd_sc_hd__nand3b_2 instances:   9
  Class: sky130_fd_sc_hd__mux2_1 instances: 3070
  Class: sky130_fd_sc_hd__nand3b_4 instances:   7
  Class: sky130_fd_sc_hd__mux2_2 instances:  17
  Class: sky130_fd_sc_hd__mux2_4 instances:   2
  Class: sky130_fd_sc_hd__mux2_8 instances:  11
  Class: sky130_fd_sc_hd__o2bb2ai_1 instances:  12
  Class: sky130_fd_sc_hd__o2bb2ai_4 instances:   2
  Class: sky130_fd_sc_hd__and2_1 instances: 100
  Class: sky130_fd_sc_hd__a211oi_1 instances: 101
  Class: sky130_fd_sc_hd__and2_2 instances:   2
  Class: sky130_fd_sc_hd__a211oi_2 instances:  13
  Class: sky130_fd_sc_hd__a211oi_4 instances:   6
  Class: sky130_fd_sc_hd__and2_4 instances:  12
  Class: sky130_fd_sc_hd__or4b_1 instances:  57
  Class: sky130_fd_sc_hd__or4b_2 instances:   5
  Class: sky130_fd_sc_hd__or4b_4 instances:  20
  Class: sky130_fd_sc_hd__nor4_1 instances:  19
  Class: sky130_fd_sc_hd__nor4_2 instances:  13
  Class: sky130_fd_sc_hd__nor4_4 instances:  13
  Class: sky130_fd_sc_hd__inv_12 instances:   7
  Class: sky130_fd_sc_hd__inv_16 instances:   1
  Class: sky130_fd_sc_hd__o32a_1 instances:  30
  Class: sky130_fd_sc_hd__o32a_2 instances:   1
  Class: sky130_fd_sc_hd__o22a_1 instances:  84
  Class: sky130_fd_sc_hd__o22a_2 instances:   2
  Class: sky130_fd_sc_hd__o22a_4 instances:   4
  Class: sky130_fd_sc_hd__xnor2_1 instances:  43
  Class: sky130_fd_sc_hd__xnor2_2 instances:   5
  Class: sky130_fd_sc_hd__nor3b_1 instances:   9
  Class: sky130_fd_sc_hd__nor3b_2 instances:   5
  Class: sky130_fd_sc_hd__nor3b_4 instances:   3
  Class: sky130_fd_sc_hd__o221a_1 instances: 338
  Class: sky130_fd_sc_hd__o221a_2 instances:   2
  Class: sky130_fd_sc_hd__o221a_4 instances:   1
  Class: sky130_fd_sc_hd__o21bai_1 instances:  15
  Class: sky130_fd_sc_hd__o21bai_2 instances:   5
  Class: sky130_fd_sc_hd__o21bai_4 instances:   2
  Class: sky130_fd_sc_hd__o211a_1 instances: 1391
  Class: sky130_fd_sc_hd__o211a_2 instances:   8
  Class: sky130_fd_sc_hd__o211a_4 instances:  20
  Class: sky130_fd_sc_hd__nand2b_1 instances:  40
  Class: sky130_fd_sc_hd__nand2b_2 instances:   1
  Class: sky130_fd_sc_hd__diode_2 instances: 4841
  Class: sky130_fd_sc_hd__a311oi_1 instances:  59
  Class: sky130_fd_sc_hd__nand2b_4 instances:  20
  Class: sky130_fd_sc_hd__a311oi_2 instances:   3
  Class: sky130_fd_sc_hd__a311oi_4 instances:   8
  Class: sky130_fd_sc_hd__a221o_1 instances: 252
  Class: sky130_fd_sc_hd__a221o_2 instances:  25
  Class: sky130_fd_sc_hd__a221o_4 instances:  40
  Class: sky130_fd_sc_hd__a211o_1 instances: 422
  Class: sky130_fd_sc_hd__a211o_2 instances:  18
  Class: sky130_fd_sc_hd__a211o_4 instances:   9
  Class: sky130_fd_sc_hd__o2111a_1 instances:  32
  Class: sky130_fd_sc_hd__o2111a_2 instances:   1
  Class: sky130_fd_sc_hd__o2111a_4 instances:   1
  Class: sky130_fd_sc_hd__or3b_1 instances:  50
  Class: sky130_fd_sc_hd__or3b_2 instances:   4
  Class: sky130_fd_sc_hd__or3b_4 instances:  17
  Class: sky130_fd_sc_hd__dlymetal6s2s_1 instances:  12
  Class: sky130_fd_sc_hd__or4bb_1 instances:   4
  Class: sky130_fd_sc_hd__nor3_1 instances:  39
  Class: sky130_fd_sc_hd__nor3_2 instances:   5
  Class: sky130_fd_sc_hd__or4bb_4 instances:   4
  Class: sky130_fd_sc_hd__nor3_4 instances:   6
  Class: sky130_fd_sc_hd__a32o_1 instances: 142
  Class: sky130_fd_sc_hd__a32o_2 instances:  16
  Class: sky130_fd_sc_hd__a32o_4 instances:  30
  Class: RAM128                instances:   1
  Class: sky130_fd_sc_hd__o41a_1 instances:  21
  Class: sky130_fd_sc_hd__o41a_2 instances:   1
  Class: sky130_fd_sc_hd__o41a_4 instances:  10
  Class: sky130_fd_sc_hd__a22o_1 instances: 424
  Class: sky130_fd_sc_hd__a22o_2 instances:  31
  Class: sky130_fd_sc_hd__a22o_4 instances:  34
  Class: sky130_fd_sc_hd__o31a_1 instances: 111
  Class: sky130_fd_sc_hd__o31a_2 instances:   9
  Class: sky130_fd_sc_hd__o31a_4 instances:  10
  Class: sky130_fd_sc_hd__o2bb2a_1 instances:  67
  Class: sky130_fd_sc_hd__o2bb2a_2 instances:   6
  Class: sky130_fd_sc_hd__o2bb2a_4 instances:   9
  Class: sky130_fd_sc_hd__o21a_1 instances: 365
  Class: sky130_fd_sc_hd__o41ai_1 instances:   3
  Class: sky130_fd_sc_hd__o21a_2 instances:   2
  Class: sky130_fd_sc_hd__o21a_4 instances:   6
  Class: sky130_fd_sc_hd__a41oi_1 instances:   1
  Class: sky130_fd_sc_hd__a41oi_2 instances:   1
  Class: sky130_fd_sc_hd__a41oi_4 instances:   3
  Class: sky130_fd_sc_hd__o311a_1 instances: 205
  Class: sky130_fd_sc_hd__o311a_2 instances:  12
  Class: sky130_fd_sc_hd__o311a_4 instances:  12
  Class: sky130_fd_sc_hd__o22ai_1 instances:   3
  Class: sky130_fd_sc_hd__o22ai_2 instances:   3
  Class: sky130_fd_sc_hd__o22ai_4 instances:  10
  Class: sky130_fd_sc_hd__a22oi_1 instances:  50
  Class: sky130_fd_sc_hd__a22oi_2 instances:   9
  Class: sky130_fd_sc_hd__and4b_1 instances:  44
  Class: sky130_fd_sc_hd__and4b_2 instances:   8
  Class: sky130_fd_sc_hd__a22oi_4 instances:  25
  Class: sky130_fd_sc_hd__o21ai_1 instances: 541
  Class: sky130_fd_sc_hd__tapvpwrvgnd_1 instances:   1
  Class: sky130_fd_sc_hd__o21ai_2 instances:  26
  Class: sky130_fd_sc_hd__and4b_4 instances:  24
  Class: sky130_fd_sc_hd__o21ai_4 instances:  43
  Class: sky130_fd_sc_hd__a21oi_1 instances: 437
  Class: sky130_fd_sc_hd__a21oi_2 instances:  29
  Class: sky130_fd_sc_hd__a311o_1 instances: 264
  Class: sky130_fd_sc_hd__a21oi_4 instances:  41
  Class: sky130_fd_sc_hd__a311o_2 instances:   6
  Class: sky130_fd_sc_hd__fill_1 instances:   1
  Class: sky130_fd_sc_hd__fill_2 instances:   1
  Class: sky130_fd_sc_hd__o211ai_1 instances:  48
  Class: sky130_fd_sc_hd__o211ai_2 instances:   9
  Class: sky130_fd_sc_hd__o211ai_4 instances:  12
  Class: sky130_fd_sc_hd__clkinv_16 instances:  26
  Class: sky130_fd_sc_hd__and4bb_1 instances:  23
  Class: sky130_fd_sc_hd__and4bb_2 instances:   5
  Class: sky130_fd_sc_hd__and4bb_4 instances:  12
  Class: sky130_fd_sc_hd__nor2_1 instances: 247
  Class: sky130_fd_sc_hd__nor2_2 instances:  18
  Class: sky130_fd_sc_hd__nor2_4 instances:  12
  Class: sky130_fd_sc_hd__nor2_8 instances:  32
Circuit contains 25113 nets, and 3 disconnected pins.

Circuit 1 contains 29678 devices, Circuit 2 contains 29678 devices.
Circuit 1 contains 25113 nets,    Circuit 2 contains 25113 nets.


Final result: 
Circuits match uniquely.
.
Logging to file "/home/hosni/My_forks/FINAL/caravel_mgmt_soc_litex/openlane/mgmt_core_wrapper/runs/RUN_2022.10.13_16.19.31/logs/signoff/32-mgmt_core_wrapper.lef.lvs.log" disabled
LVS Done.
