Netgen 1.5.234 compiled on Sun Oct  9 10:24:01 UTC 2022
Warning: netgen command 'format' use fully-qualified name '::netgen::format'
Warning: netgen command 'global' use fully-qualified name '::netgen::global'
Generating JSON file result
Reading netlist file /home/hosni/re/caravel_mgmt_soc_litex/openlane/mgmt_core_wrapper/runs/RUN_2022.10.16_22.45.55/results/signoff/mgmt_core_wrapper.spice
Reading netlist file /home/hosni/re/caravel_mgmt_soc_litex/openlane/mgmt_core_wrapper/runs/RUN_2022.10.16_22.45.55/tmp/signoff/30-mgmt_core_wrapper.pnl.v
Warning:  A case-insensitive file has been read and so the	verilog file must be treated case-insensitive to match.
Creating placeholder cell definition for module sky130_fd_sc_hd__inv_2.
Creating placeholder cell definition for module sky130_fd_sc_hd__clkinv_2.
Creating placeholder cell definition for module sky130_fd_sc_hd__inv_4.
Creating placeholder cell definition for module sky130_fd_sc_hd__inv_8.
Creating placeholder cell definition for module sky130_fd_sc_hd__clkinv_4.
Creating placeholder cell definition for module sky130_fd_sc_hd__inv_6.
Creating placeholder cell definition for module sky130_fd_sc_hd__clkinv_8.
Creating placeholder cell definition for module sky130_fd_sc_hd__clkinv_16.
Creating placeholder cell definition for module sky130_fd_sc_hd__inv_12.
Creating placeholder cell definition for module sky130_fd_sc_hd__and2_4.
Creating placeholder cell definition for module sky130_fd_sc_hd__nand2_1.
Creating placeholder cell definition for module sky130_fd_sc_hd__nor2_4.
Creating placeholder cell definition for module sky130_fd_sc_hd__a22o_1.
Creating placeholder cell definition for module sky130_fd_sc_hd__a31o_4.
Creating placeholder cell definition for module sky130_fd_sc_hd__and3_1.
Creating placeholder cell definition for module sky130_fd_sc_hd__a221oi_4.
Creating placeholder cell definition for module sky130_fd_sc_hd__and2b_1.
Creating placeholder cell definition for module sky130_fd_sc_hd__nor4_1.
Creating placeholder cell definition for module sky130_fd_sc_hd__o41a_1.
Creating placeholder cell definition for module sky130_fd_sc_hd__o41ai_1.
Creating placeholder cell definition for module sky130_fd_sc_hd__and2_2.
Creating placeholder cell definition for module sky130_fd_sc_hd__mux2_8.
Creating placeholder cell definition for module sky130_fd_sc_hd__mux2_2.
Creating placeholder cell definition for module sky130_fd_sc_hd__mux2_4.
Creating placeholder cell definition for module sky130_fd_sc_hd__a21o_1.
Creating placeholder cell definition for module sky130_fd_sc_hd__o21ai_4.
Creating placeholder cell definition for module sky130_fd_sc_hd__o21ai_1.
Creating placeholder cell definition for module sky130_fd_sc_hd__nor4_4.
Creating placeholder cell definition for module sky130_fd_sc_hd__a221oi_2.
Creating placeholder cell definition for module sky130_fd_sc_hd__and3b_1.
Creating placeholder cell definition for module sky130_fd_sc_hd__a22oi_4.
Creating placeholder cell definition for module sky130_fd_sc_hd__o21a_4.
Creating placeholder cell definition for module sky130_fd_sc_hd__or3b_1.
Creating placeholder cell definition for module sky130_fd_sc_hd__a22oi_2.
Creating placeholder cell definition for module sky130_fd_sc_hd__a22o_4.
Creating placeholder cell definition for module sky130_fd_sc_hd__a221o_4.
Creating placeholder cell definition for module sky130_fd_sc_hd__or2_4.
Creating placeholder cell definition for module sky130_fd_sc_hd__nor2_1.
Creating placeholder cell definition for module sky130_fd_sc_hd__a22o_2.
Creating placeholder cell definition for module sky130_fd_sc_hd__nor3_2.
Creating placeholder cell definition for module sky130_fd_sc_hd__o2111ai_4.
Creating placeholder cell definition for module sky130_fd_sc_hd__a2111o_4.
Creating placeholder cell definition for module sky130_fd_sc_hd__a21oi_1.
Creating placeholder cell definition for module sky130_fd_sc_hd__a211o_1.
Creating placeholder cell definition for module sky130_fd_sc_hd__a21oi_4.
Creating placeholder cell definition for module sky130_fd_sc_hd__and2b_4.
Creating placeholder cell definition for module sky130_fd_sc_hd__nor3_1.
Creating placeholder cell definition for module sky130_fd_sc_hd__or4b_1.
Creating placeholder cell definition for module sky130_fd_sc_hd__and3_2.
Creating placeholder cell definition for module sky130_fd_sc_hd__nor2_8.
Creating placeholder cell definition for module sky130_fd_sc_hd__nor3b_4.
Creating placeholder cell definition for module sky130_fd_sc_hd__a31o_1.
Creating placeholder cell definition for module sky130_fd_sc_hd__or2_1.
Creating placeholder cell definition for module sky130_fd_sc_hd__nor3b_1.
Creating placeholder cell definition for module sky130_fd_sc_hd__nand3b_1.
Creating placeholder cell definition for module sky130_fd_sc_hd__nand3b_2.
Creating placeholder cell definition for module sky130_fd_sc_hd__nand3_1.
Creating placeholder cell definition for module sky130_fd_sc_hd__o22ai_4.
Creating placeholder cell definition for module sky130_fd_sc_hd__a311o_1.
Creating placeholder cell definition for module sky130_fd_sc_hd__o21a_1.
Creating placeholder cell definition for module sky130_fd_sc_hd__nand4_1.
Creating placeholder cell definition for module sky130_fd_sc_hd__o311a_1.
Creating placeholder cell definition for module sky130_fd_sc_hd__o21bai_4.
Creating placeholder cell definition for module sky130_fd_sc_hd__nand4_4.
Creating placeholder cell definition for module sky130_fd_sc_hd__a22oi_1.
Creating placeholder cell definition for module sky130_fd_sc_hd__o2111ai_1.
Creating placeholder cell definition for module sky130_fd_sc_hd__a41o_1.
Creating placeholder cell definition for module sky130_fd_sc_hd__o21ai_2.
Creating placeholder cell definition for module sky130_fd_sc_hd__nand4_2.
Creating placeholder cell definition for module sky130_fd_sc_hd__a31oi_4.
Creating placeholder cell definition for module sky130_fd_sc_hd__nand2_8.
Creating placeholder cell definition for module sky130_fd_sc_hd__nor2_2.
Creating placeholder cell definition for module sky130_fd_sc_hd__and2_1.
Creating placeholder cell definition for module sky130_fd_sc_hd__o211ai_4.
Creating placeholder cell definition for module sky130_fd_sc_hd__or2_2.
Creating placeholder cell definition for module sky130_fd_sc_hd__nand2_2.
Creating placeholder cell definition for module sky130_fd_sc_hd__or4bb_1.
Creating placeholder cell definition for module sky130_fd_sc_hd__or4b_2.
Creating placeholder cell definition for module sky130_fd_sc_hd__and3_4.
Creating placeholder cell definition for module sky130_fd_sc_hd__nor4_2.
Creating placeholder cell definition for module sky130_fd_sc_hd__and4b_4.
Creating placeholder cell definition for module sky130_fd_sc_hd__or3b_4.
Creating placeholder cell definition for module sky130_fd_sc_hd__a311oi_4.
Creating placeholder cell definition for module sky130_fd_sc_hd__a311o_4.
Creating placeholder cell definition for module sky130_fd_sc_hd__nand3b_4.
Creating placeholder cell definition for module sky130_fd_sc_hd__and4b_1.
Creating placeholder cell definition for module sky130_fd_sc_hd__o22a_4.
Creating placeholder cell definition for module sky130_fd_sc_hd__o211a_1.
Creating placeholder cell definition for module sky130_fd_sc_hd__mux4_1.
Creating placeholder cell definition for module sky130_fd_sc_hd__o31a_2.
Creating placeholder cell definition for module sky130_fd_sc_hd__nor3b_2.
Creating placeholder cell definition for module sky130_fd_sc_hd__o21a_2.
Creating placeholder cell definition for module sky130_fd_sc_hd__o2bb2ai_4.
Creating placeholder cell definition for module sky130_fd_sc_hd__a211oi_4.
Creating placeholder cell definition for module sky130_fd_sc_hd__nand2b_1.
Creating placeholder cell definition for module sky130_fd_sc_hd__o221a_1.
Creating placeholder cell definition for module sky130_fd_sc_hd__nand3_2.
Creating placeholder cell definition for module sky130_fd_sc_hd__xnor2_1.
Creating placeholder cell definition for module sky130_fd_sc_hd__o2111a_1.
Creating placeholder cell definition for module sky130_fd_sc_hd__xor2_1.
Creating placeholder cell definition for module sky130_fd_sc_hd__o211ai_2.
Creating placeholder cell definition for module sky130_fd_sc_hd__o221ai_4.
Creating placeholder cell definition for module sky130_fd_sc_hd__and3b_4.
Creating placeholder cell definition for module sky130_fd_sc_hd__o31ai_4.
Creating placeholder cell definition for module sky130_fd_sc_hd__a2bb2o_1.
Creating placeholder cell definition for module sky130_fd_sc_hd__o2bb2a_1.
Creating placeholder cell definition for module sky130_fd_sc_hd__o22a_1.
Creating placeholder cell definition for module sky130_fd_sc_hd__a21oi_2.
Creating placeholder cell definition for module sky130_fd_sc_hd__a211o_4.
Creating placeholder cell definition for module sky130_fd_sc_hd__o22ai_2.
Creating placeholder cell definition for module sky130_fd_sc_hd__a2111oi_2.
Creating placeholder cell definition for module sky130_fd_sc_hd__o211a_4.
Creating placeholder cell definition for module sky130_fd_sc_hd__a21o_2.
Creating placeholder cell definition for module sky130_fd_sc_hd__and4_4.
Creating placeholder cell definition for module sky130_fd_sc_hd__mux2_1.
Creating placeholder cell definition for module sky130_fd_sc_hd__o31a_1.
Creating placeholder cell definition for module sky130_fd_sc_hd__or3b_2.
Creating placeholder cell definition for module sky130_fd_sc_hd__o211ai_1.
Creating placeholder cell definition for module sky130_fd_sc_hd__o21ba_1.
Creating placeholder cell definition for module sky130_fd_sc_hd__a211oi_1.
Creating placeholder cell definition for module sky130_fd_sc_hd__a31oi_1.
Creating placeholder cell definition for module sky130_fd_sc_hd__a2bb2oi_2.
Creating placeholder cell definition for module sky130_fd_sc_hd__o311a_2.
Creating placeholder cell definition for module sky130_fd_sc_hd__o221ai_1.
Creating placeholder cell definition for module sky130_fd_sc_hd__o311ai_1.
Creating placeholder cell definition for module sky130_fd_sc_hd__a21o_4.
Creating placeholder cell definition for module sky130_fd_sc_hd__a32o_4.
Creating placeholder cell definition for module sky130_fd_sc_hd__a31oi_2.
Creating placeholder cell definition for module sky130_fd_sc_hd__a311oi_1.
Creating placeholder cell definition for module sky130_fd_sc_hd__a211o_2.
Creating placeholder cell definition for module sky130_fd_sc_hd__o311ai_4.
Creating placeholder cell definition for module sky130_fd_sc_hd__o32a_1.
Creating placeholder cell definition for module sky130_fd_sc_hd__a32o_1.
Creating placeholder cell definition for module sky130_fd_sc_hd__o31ai_2.
Creating placeholder cell definition for module sky130_fd_sc_hd__a2bb2oi_4.
Creating placeholder cell definition for module sky130_fd_sc_hd__o22a_2.
Creating placeholder cell definition for module sky130_fd_sc_hd__a2bb2oi_1.
Creating placeholder cell definition for module sky130_fd_sc_hd__o21bai_1.
Creating placeholder cell definition for module sky130_fd_sc_hd__o311ai_2.
Creating placeholder cell definition for module sky130_fd_sc_hd__a211oi_2.
Creating placeholder cell definition for module sky130_fd_sc_hd__a221o_1.
Creating placeholder cell definition for module sky130_fd_sc_hd__a311oi_2.
Creating placeholder cell definition for module sky130_fd_sc_hd__o211a_2.
Creating placeholder cell definition for module sky130_fd_sc_hd__a221oi_1.
Creating placeholder cell definition for module sky130_fd_sc_hd__a32oi_1.
Creating placeholder cell definition for module sky130_fd_sc_hd__a32o_2.
Creating placeholder cell definition for module sky130_fd_sc_hd__o31ai_1.
Creating placeholder cell definition for module sky130_fd_sc_hd__a32oi_4.
Creating placeholder cell definition for module sky130_fd_sc_hd__a32oi_2.
Creating placeholder cell definition for module sky130_fd_sc_hd__o2bb2a_4.
Creating placeholder cell definition for module sky130_fd_sc_hd__or4b_4.
Creating placeholder cell definition for module sky130_fd_sc_hd__nand2b_4.
Creating placeholder cell definition for module sky130_fd_sc_hd__o2111a_2.
Creating placeholder cell definition for module sky130_fd_sc_hd__a31o_2.
Creating placeholder cell definition for module sky130_fd_sc_hd__a221o_2.
Creating placeholder cell definition for module sky130_fd_sc_hd__o2bb2a_2.
Creating placeholder cell definition for module sky130_fd_sc_hd__or4bb_4.
Creating placeholder cell definition for module sky130_fd_sc_hd__o41a_4.
Creating placeholder cell definition for module sky130_fd_sc_hd__a2111o_1.
Creating placeholder cell definition for module sky130_fd_sc_hd__o41a_2.
Creating placeholder cell definition for module sky130_fd_sc_hd__a311o_2.
Creating placeholder cell definition for module sky130_fd_sc_hd__a2111o_2.
Creating placeholder cell definition for module sky130_fd_sc_hd__nand2_4.
Creating placeholder cell definition for module sky130_fd_sc_hd__a2bb2o_4.
Creating placeholder cell definition for module sky130_fd_sc_hd__and4bb_4.
Creating placeholder cell definition for module sky130_fd_sc_hd__and4bb_1.
Creating placeholder cell definition for module sky130_fd_sc_hd__and2b_2.
Creating placeholder cell definition for module sky130_fd_sc_hd__a21boi_1.
Creating placeholder cell definition for module sky130_fd_sc_hd__a21bo_1.
Creating placeholder cell definition for module sky130_fd_sc_hd__o21ba_2.
Creating placeholder cell definition for module sky130_fd_sc_hd__and4_1.
Creating placeholder cell definition for module sky130_fd_sc_hd__and4bb_2.
Creating placeholder cell definition for module sky130_fd_sc_hd__nand3_4.
Creating placeholder cell definition for module sky130_fd_sc_hd__and4b_2.
Creating placeholder cell definition for module sky130_fd_sc_hd__a2bb2o_2.
Creating placeholder cell definition for module sky130_fd_sc_hd__and4_2.
Creating placeholder cell definition for module sky130_fd_sc_hd__o22ai_1.
Creating placeholder cell definition for module sky130_fd_sc_hd__o311a_4.
Creating placeholder cell definition for module sky130_fd_sc_hd__a41oi_2.
Creating placeholder cell definition for module sky130_fd_sc_hd__nand4b_4.
Creating placeholder cell definition for module sky130_fd_sc_hd__nand2b_2.
Creating placeholder cell definition for module sky130_fd_sc_hd__and3b_2.
Creating placeholder cell definition for module sky130_fd_sc_hd__nor4b_2.
Creating placeholder cell definition for module sky130_fd_sc_hd__o2bb2ai_1.
Creating placeholder cell definition for module sky130_fd_sc_hd__nor4b_4.
Creating placeholder cell definition for module sky130_fd_sc_hd__nor3_4.
Creating placeholder cell definition for module sky130_fd_sc_hd__xor2_4.
Creating placeholder cell definition for module sky130_fd_sc_hd__xnor2_2.
Creating placeholder cell definition for module sky130_fd_sc_hd__xor2_2.
Creating placeholder cell definition for module sky130_fd_sc_hd__o2bb2ai_2.
Creating placeholder cell definition for module sky130_fd_sc_hd__o2111ai_2.
Creating placeholder cell definition for module sky130_fd_sc_hd__mux4_2.
Creating placeholder cell definition for module sky130_fd_sc_hd__o31a_4.
Creating placeholder cell definition for module sky130_fd_sc_hd__a41o_4.
Creating placeholder cell definition for module sky130_fd_sc_hd__a41oi_1.
Creating placeholder cell definition for module sky130_fd_sc_hd__o2111a_4.
Creating placeholder cell definition for module sky130_fd_sc_hd__nand4b_2.
Creating placeholder cell definition for module sky130_fd_sc_hd__a2111oi_1.
Creating placeholder cell definition for module sky130_fd_sc_hd__o32ai_4.
Creating placeholder cell definition for module sky130_fd_sc_hd__a2111oi_4.
Creating placeholder cell definition for module sky130_fd_sc_hd__nand4b_1.
Creating placeholder cell definition for module sky130_fd_sc_hd__o221a_2.
Creating placeholder cell definition for module sky130_fd_sc_hd__a41o_2.
Creating placeholder cell definition for module sky130_fd_sc_hd__xnor2_4.
Creating placeholder cell definition for module sky130_fd_sc_hd__nor4b_1.
Creating placeholder cell definition for module sky130_fd_sc_hd__a21boi_2.
Creating placeholder cell definition for module sky130_fd_sc_hd__o21bai_2.
Creating placeholder cell definition for module sky130_fd_sc_hd__o41ai_2.
Creating placeholder cell definition for module sky130_fd_sc_hd__o32ai_1.
Creating placeholder cell definition for module sky130_fd_sc_hd__a41oi_4.
Creating placeholder cell definition for module sky130_fd_sc_hd__dfxtp_1.
Creating placeholder cell definition for module sky130_fd_sc_hd__dfxtp_2.
Creating placeholder cell definition for module sky130_fd_sc_hd__dfxtp_4.
Creating placeholder cell definition for module sky130_fd_sc_hd__conb_1.
Creating placeholder cell definition for module sky130_fd_sc_hd__clkbuf_16.
Note:  Implicit pin HI in instance mgmt_core_wrapper_2095 of sky130_fd_sc_hd__conb_1 in cell mgmt_core_wrapper
Note:  Implicit pin LO in instance mgmt_core_wrapper_2104 of sky130_fd_sc_hd__conb_1 in cell mgmt_core_wrapper
Note:  Implicit pin LO in instance mgmt_core_wrapper_2105 of sky130_fd_sc_hd__conb_1 in cell mgmt_core_wrapper
Note:  Implicit pin HI in instance mgmt_core_wrapper_2096 of sky130_fd_sc_hd__conb_1 in cell mgmt_core_wrapper
Note:  Implicit pin HI in instance mgmt_core_wrapper_2097 of sky130_fd_sc_hd__conb_1 in cell mgmt_core_wrapper
Note:  Implicit pin HI in instance mgmt_core_wrapper_2098 of sky130_fd_sc_hd__conb_1 in cell mgmt_core_wrapper
Note:  Implicit pin HI in instance mgmt_core_wrapper_2099 of sky130_fd_sc_hd__conb_1 in cell mgmt_core_wrapper
Note:  Implicit pin HI in instance mgmt_core_wrapper_2100 of sky130_fd_sc_hd__conb_1 in cell mgmt_core_wrapper
Note:  Implicit pin HI in instance mgmt_core_wrapper_2101 of sky130_fd_sc_hd__conb_1 in cell mgmt_core_wrapper
Note:  Implicit pin HI in instance mgmt_core_wrapper_2102 of sky130_fd_sc_hd__conb_1 in cell mgmt_core_wrapper
Note:  Implicit pin LO in instance mgmt_core_wrapper_2103 of sky130_fd_sc_hd__conb_1 in cell mgmt_core_wrapper
Creating placeholder cell definition for module sky130_fd_sc_hd__clkbuf_1.
Creating placeholder cell definition for module sky130_fd_sc_hd__clkbuf_2.
Creating placeholder cell definition for module sky130_fd_sc_hd__buf_12.
Creating placeholder cell definition for module sky130_fd_sc_hd__buf_6.
Creating placeholder cell definition for module RAM128.
Creating placeholder cell definition for module RAM256.
Creating placeholder cell definition for module sky130_fd_sc_hd__decap_3.
Creating placeholder cell definition for module sky130_fd_sc_hd__tapvpwrvgnd_1.
Creating placeholder cell definition for module sky130_fd_sc_hd__clkbuf_4.
Creating placeholder cell definition for module sky130_fd_sc_hd__buf_4.
Creating placeholder cell definition for module sky130_fd_sc_hd__buf_8.
Creating placeholder cell definition for module sky130_fd_sc_hd__clkbuf_8.
Creating placeholder cell definition for module sky130_fd_sc_hd__buf_2.
Creating placeholder cell definition for module sky130_fd_sc_hd__dlymetal6s2s_1.
Creating placeholder cell definition for module sky130_fd_sc_hd__dlygate4sd3_1.
Creating placeholder cell definition for module sky130_fd_sc_hd__diode_2.
Creating placeholder cell definition for module sky130_ef_sc_hd__decap_12.
Creating placeholder cell definition for module sky130_fd_sc_hd__fill_1.
Creating placeholder cell definition for module sky130_fd_sc_hd__fill_2.
Creating placeholder cell definition for module sky130_fd_sc_hd__decap_6.
Creating placeholder cell definition for module sky130_fd_sc_hd__decap_4.
Creating placeholder cell definition for module sky130_fd_sc_hd__decap_8.
Reading setup file /home/hosni/OL_LATEST/OpenLane/pdks/sky130A/libs.tech/netgen/sky130A_setup.tcl
Comparison output logged to file /home/hosni/re/caravel_mgmt_soc_litex/openlane/mgmt_core_wrapper/runs/RUN_2022.10.16_22.45.55/logs/signoff/33-mgmt_core_wrapper.lef.lvs.log
Logging to file "/home/hosni/re/caravel_mgmt_soc_litex/openlane/mgmt_core_wrapper/runs/RUN_2022.10.16_22.45.55/logs/signoff/33-mgmt_core_wrapper.lef.lvs.log" enabled
Circuit sky130_fd_sc_hd__fill_1 contains no devices.
Circuit sky130_fd_sc_hd__decap_6 contains no devices.
Circuit sky130_fd_sc_hd__fill_2 contains no devices.
Circuit sky130_ef_sc_hd__decap_12 contains no devices.
Circuit sky130_fd_sc_hd__tapvpwrvgnd_1 contains no devices.
Circuit sky130_fd_sc_hd__diode_2 contains no devices.
Circuit sky130_fd_sc_hd__clkbuf_16 contains no devices.
Circuit sky130_fd_sc_hd__decap_4 contains no devices.
Circuit sky130_fd_sc_hd__decap_3 contains no devices.
Circuit sky130_fd_sc_hd__decap_8 contains no devices.
Circuit sky130_fd_sc_hd__a211o_1 contains no devices.
Circuit sky130_fd_sc_hd__mux2_1 contains no devices.
Circuit sky130_fd_sc_hd__a211oi_2 contains no devices.
Circuit sky130_fd_sc_hd__o211a_1 contains no devices.
Circuit sky130_fd_sc_hd__and4b_1 contains no devices.
Circuit sky130_fd_sc_hd__o41a_1 contains no devices.
Circuit sky130_fd_sc_hd__a221o_1 contains no devices.
Circuit sky130_fd_sc_hd__a32o_1 contains no devices.
Circuit sky130_fd_sc_hd__nor2_1 contains no devices.
Circuit sky130_fd_sc_hd__o31a_1 contains no devices.
Circuit sky130_fd_sc_hd__dfxtp_1 contains no devices.
Circuit sky130_fd_sc_hd__dlygate4sd3_1 contains no devices.
Circuit sky130_fd_sc_hd__dfxtp_4 contains no devices.
Circuit sky130_fd_sc_hd__buf_6 contains no devices.
Circuit sky130_fd_sc_hd__buf_12 contains no devices.
Circuit sky130_fd_sc_hd__or4b_4 contains no devices.
Circuit sky130_fd_sc_hd__buf_8 contains no devices.
Circuit sky130_fd_sc_hd__nand2_1 contains no devices.
Circuit sky130_fd_sc_hd__buf_4 contains no devices.
Circuit sky130_fd_sc_hd__a31o_1 contains no devices.
Circuit sky130_fd_sc_hd__a21bo_1 contains no devices.
Circuit sky130_fd_sc_hd__o21a_1 contains no devices.
Circuit sky130_fd_sc_hd__a31o_4 contains no devices.
Circuit sky130_fd_sc_hd__and3_4 contains no devices.
Circuit sky130_fd_sc_hd__a211oi_4 contains no devices.
Circuit sky130_fd_sc_hd__o221a_1 contains no devices.
Circuit sky130_fd_sc_hd__o311a_1 contains no devices.
Circuit sky130_fd_sc_hd__a41o_1 contains no devices.
Circuit sky130_fd_sc_hd__a21o_1 contains no devices.
Circuit sky130_fd_sc_hd__a31oi_1 contains no devices.
Circuit sky130_fd_sc_hd__a22o_1 contains no devices.
Circuit sky130_fd_sc_hd__or3b_1 contains no devices.
Circuit sky130_fd_sc_hd__and3_1 contains no devices.
Circuit sky130_fd_sc_hd__o22a_1 contains no devices.
Circuit sky130_fd_sc_hd__a22o_2 contains no devices.
Circuit sky130_fd_sc_hd__a22o_4 contains no devices.
Circuit sky130_fd_sc_hd__and2b_1 contains no devices.
Circuit sky130_fd_sc_hd__dfxtp_2 contains no devices.
Circuit sky130_fd_sc_hd__and2_1 contains no devices.
Circuit sky130_fd_sc_hd__o21ai_1 contains no devices.
Circuit sky130_fd_sc_hd__and4_1 contains no devices.
Circuit sky130_fd_sc_hd__a311oi_4 contains no devices.
Circuit sky130_fd_sc_hd__a221o_4 contains no devices.
Circuit sky130_fd_sc_hd__inv_2 contains no devices.
Circuit sky130_fd_sc_hd__a311o_1 contains no devices.
Circuit sky130_fd_sc_hd__mux4_2 contains no devices.
Circuit sky130_fd_sc_hd__and3b_4 contains no devices.
Circuit sky130_fd_sc_hd__a2111o_1 contains no devices.
Circuit sky130_fd_sc_hd__nor4_1 contains no devices.
Circuit sky130_fd_sc_hd__o21ai_4 contains no devices.
Circuit sky130_fd_sc_hd__o21ba_1 contains no devices.
Circuit sky130_fd_sc_hd__clkbuf_8 contains no devices.
Circuit sky130_fd_sc_hd__a31oi_4 contains no devices.
Circuit sky130_fd_sc_hd__nand4_1 contains no devices.
Circuit sky130_fd_sc_hd__or4b_1 contains no devices.
Circuit sky130_fd_sc_hd__mux4_1 contains no devices.
Circuit sky130_fd_sc_hd__nor3_1 contains no devices.
Circuit sky130_fd_sc_hd__nor2_2 contains no devices.
Circuit sky130_fd_sc_hd__or2_1 contains no devices.
Circuit sky130_fd_sc_hd__nand2_8 contains no devices.
Circuit sky130_fd_sc_hd__a311oi_1 contains no devices.
Circuit sky130_fd_sc_hd__clkinv_16 contains no devices.
Circuit sky130_fd_sc_hd__nand3_1 contains no devices.
Circuit sky130_fd_sc_hd__a221o_2 contains no devices.
Circuit sky130_fd_sc_hd__a21o_4 contains no devices.
Circuit sky130_fd_sc_hd__a2bb2o_1 contains no devices.
Circuit sky130_fd_sc_hd__a21boi_1 contains no devices.
Circuit sky130_fd_sc_hd__nand2_2 contains no devices.
Circuit sky130_fd_sc_hd__a21oi_2 contains no devices.
Circuit sky130_fd_sc_hd__o21bai_1 contains no devices.
Circuit sky130_fd_sc_hd__and3_2 contains no devices.
Circuit sky130_fd_sc_hd__a21oi_1 contains no devices.
Circuit sky130_fd_sc_hd__or4bb_1 contains no devices.
Circuit sky130_fd_sc_hd__a221oi_4 contains no devices.
Circuit sky130_fd_sc_hd__mux2_4 contains no devices.
Circuit sky130_fd_sc_hd__clkinv_4 contains no devices.
Circuit sky130_fd_sc_hd__clkbuf_4 contains no devices.
Circuit sky130_fd_sc_hd__o211ai_1 contains no devices.
Circuit sky130_fd_sc_hd__nor2_4 contains no devices.
Circuit sky130_fd_sc_hd__a21oi_4 contains no devices.
Circuit sky130_fd_sc_hd__o2111ai_1 contains no devices.
Circuit sky130_fd_sc_hd__nand2b_1 contains no devices.
Circuit sky130_fd_sc_hd__or4bb_4 contains no devices.
Circuit sky130_fd_sc_hd__and2_2 contains no devices.
Circuit sky130_fd_sc_hd__and4b_4 contains no devices.
Circuit sky130_fd_sc_hd__o2111a_1 contains no devices.
Circuit sky130_fd_sc_hd__a2bb2o_4 contains no devices.
Circuit sky130_fd_sc_hd__and4bb_1 contains no devices.
Circuit sky130_fd_sc_hd__xnor2_1 contains no devices.
Circuit sky130_fd_sc_hd__and4_2 contains no devices.
Circuit sky130_fd_sc_hd__nand4_2 contains no devices.
Circuit sky130_fd_sc_hd__clkbuf_1 contains no devices.
Circuit sky130_fd_sc_hd__o22a_4 contains no devices.
Circuit sky130_fd_sc_hd__clkbuf_2 contains no devices.
Circuit sky130_fd_sc_hd__dlymetal6s2s_1 contains no devices.
Circuit sky130_fd_sc_hd__buf_2 contains no devices.
Circuit sky130_fd_sc_hd__xor2_1 contains no devices.
Circuit sky130_fd_sc_hd__and4_4 contains no devices.
Circuit sky130_fd_sc_hd__o32a_1 contains no devices.
Circuit sky130_fd_sc_hd__or4b_2 contains no devices.
Circuit sky130_fd_sc_hd__a22oi_2 contains no devices.
Circuit sky130_fd_sc_hd__and2_4 contains no devices.
Circuit sky130_fd_sc_hd__nand4_4 contains no devices.
Circuit sky130_fd_sc_hd__a2111o_2 contains no devices.
Circuit sky130_fd_sc_hd__o2bb2a_1 contains no devices.
Circuit sky130_fd_sc_hd__and4b_2 contains no devices.
Circuit sky130_fd_sc_hd__and3b_1 contains no devices.
Circuit sky130_fd_sc_hd__a2111oi_1 contains no devices.
Circuit sky130_fd_sc_hd__o2111ai_4 contains no devices.
Circuit sky130_fd_sc_hd__o22ai_4 contains no devices.
Circuit sky130_fd_sc_hd__a211o_2 contains no devices.
Circuit sky130_fd_sc_hd__a32oi_4 contains no devices.
Circuit sky130_fd_sc_hd__and2b_4 contains no devices.
Circuit sky130_fd_sc_hd__clkinv_2 contains no devices.
Circuit sky130_fd_sc_hd__conb_1 contains no devices.
Circuit sky130_fd_sc_hd__o2bb2ai_2 contains no devices.
Circuit sky130_fd_sc_hd__or3b_2 contains no devices.
Circuit sky130_fd_sc_hd__or3b_4 contains no devices.
Circuit sky130_fd_sc_hd__a22oi_1 contains no devices.
Circuit sky130_fd_sc_hd__o31a_2 contains no devices.
Circuit sky130_fd_sc_hd__or2_4 contains no devices.
Circuit sky130_fd_sc_hd__a21o_2 contains no devices.
Circuit sky130_fd_sc_hd__a31o_2 contains no devices.
Circuit sky130_fd_sc_hd__and4bb_4 contains no devices.
Circuit sky130_fd_sc_hd__o41ai_1 contains no devices.
Circuit sky130_fd_sc_hd__o21ba_2 contains no devices.
Circuit sky130_fd_sc_hd__nor3_2 contains no devices.
Circuit sky130_fd_sc_hd__a32o_2 contains no devices.
Circuit sky130_fd_sc_hd__a32o_4 contains no devices.
Circuit sky130_fd_sc_hd__o21ai_2 contains no devices.
Circuit sky130_fd_sc_hd__or2_2 contains no devices.
Circuit sky130_fd_sc_hd__nand3_2 contains no devices.
Circuit sky130_fd_sc_hd__o211ai_4 contains no devices.
Circuit sky130_fd_sc_hd__o311ai_1 contains no devices.
Circuit sky130_fd_sc_hd__nor4b_1 contains no devices.
Circuit sky130_fd_sc_hd__o31ai_1 contains no devices.
Circuit sky130_fd_sc_hd__nor4_2 contains no devices.
Circuit sky130_fd_sc_hd__o22ai_1 contains no devices.
Circuit sky130_fd_sc_hd__nand2_4 contains no devices.
Circuit sky130_fd_sc_hd__o21bai_4 contains no devices.
Circuit sky130_fd_sc_hd__a211oi_1 contains no devices.
Circuit sky130_fd_sc_hd__inv_4 contains no devices.
Circuit sky130_fd_sc_hd__mux2_8 contains no devices.
Circuit sky130_fd_sc_hd__inv_6 contains no devices.
Circuit sky130_fd_sc_hd__a22oi_4 contains no devices.
Circuit sky130_fd_sc_hd__nor2_8 contains no devices.
Circuit sky130_fd_sc_hd__nor4_4 contains no devices.
Circuit sky130_fd_sc_hd__a41o_2 contains no devices.
Circuit sky130_fd_sc_hd__mux2_2 contains no devices.
Circuit sky130_fd_sc_hd__nand2b_2 contains no devices.
Circuit sky130_fd_sc_hd__o221ai_4 contains no devices.
Circuit sky130_fd_sc_hd__a211o_4 contains no devices.
Circuit sky130_fd_sc_hd__o2bb2a_2 contains no devices.
Circuit sky130_fd_sc_hd__nand2b_4 contains no devices.
Circuit sky130_fd_sc_hd__o21a_2 contains no devices.
Circuit sky130_fd_sc_hd__o2111ai_2 contains no devices.
Circuit sky130_fd_sc_hd__a311o_2 contains no devices.
Circuit sky130_fd_sc_hd__a221oi_1 contains no devices.
Circuit sky130_fd_sc_hd__o41a_4 contains no devices.
Circuit sky130_fd_sc_hd__nand4b_2 contains no devices.
Circuit sky130_fd_sc_hd__o2bb2ai_1 contains no devices.
Circuit sky130_fd_sc_hd__o31a_4 contains no devices.
Circuit sky130_fd_sc_hd__xor2_4 contains no devices.
Circuit sky130_fd_sc_hd__a2bb2o_2 contains no devices.
Circuit sky130_fd_sc_hd__nor3_4 contains no devices.
Circuit sky130_fd_sc_hd__o211ai_2 contains no devices.
Circuit sky130_fd_sc_hd__o311ai_4 contains no devices.
Circuit sky130_fd_sc_hd__o211a_2 contains no devices.
Circuit sky130_fd_sc_hd__nand3b_1 contains no devices.
Circuit sky130_fd_sc_hd__o22a_2 contains no devices.
Circuit sky130_fd_sc_hd__a2bb2oi_4 contains no devices.
Circuit sky130_fd_sc_hd__and2b_2 contains no devices.
Circuit sky130_fd_sc_hd__o21a_4 contains no devices.
Circuit sky130_fd_sc_hd__a2bb2oi_2 contains no devices.
Circuit sky130_fd_sc_hd__o311a_2 contains no devices.
Circuit sky130_fd_sc_hd__o221ai_1 contains no devices.
Circuit sky130_fd_sc_hd__and4bb_2 contains no devices.
Circuit sky130_fd_sc_hd__inv_12 contains no devices.
Circuit sky130_fd_sc_hd__o211a_4 contains no devices.
Circuit sky130_fd_sc_hd__o311a_4 contains no devices.
Circuit sky130_fd_sc_hd__a41oi_2 contains no devices.
Circuit sky130_fd_sc_hd__nand4b_4 contains no devices.
Circuit sky130_fd_sc_hd__xor2_2 contains no devices.
Circuit sky130_fd_sc_hd__a2111o_4 contains no devices.
Circuit sky130_fd_sc_hd__o41a_2 contains no devices.
Circuit sky130_fd_sc_hd__o221a_2 contains no devices.
Circuit sky130_fd_sc_hd__and3b_2 contains no devices.
Circuit sky130_fd_sc_hd__a2bb2oi_1 contains no devices.
Circuit sky130_fd_sc_hd__nor4b_4 contains no devices.
Circuit sky130_fd_sc_hd__nor3b_2 contains no devices.
Circuit sky130_fd_sc_hd__o32ai_1 contains no devices.
Circuit sky130_fd_sc_hd__inv_8 contains no devices.
Circuit sky130_fd_sc_hd__nand3b_4 contains no devices.
Circuit sky130_fd_sc_hd__nor3b_4 contains no devices.
Circuit RAM128 contains no devices.
Circuit sky130_fd_sc_hd__nand3_4 contains no devices.
Circuit sky130_fd_sc_hd__xnor2_4 contains no devices.
Circuit sky130_fd_sc_hd__a2111oi_4 contains no devices.
Circuit sky130_fd_sc_hd__a311o_4 contains no devices.
Circuit sky130_fd_sc_hd__a221oi_2 contains no devices.
Circuit sky130_fd_sc_hd__o22ai_2 contains no devices.
Circuit sky130_fd_sc_hd__a31oi_2 contains no devices.
Circuit sky130_fd_sc_hd__o2111a_2 contains no devices.
Circuit sky130_fd_sc_hd__clkinv_8 contains no devices.
Circuit sky130_fd_sc_hd__xnor2_2 contains no devices.
Circuit sky130_fd_sc_hd__o41ai_2 contains no devices.
Circuit sky130_fd_sc_hd__o31ai_4 contains no devices.
Circuit sky130_fd_sc_hd__nor4b_2 contains no devices.
Circuit sky130_fd_sc_hd__o31ai_2 contains no devices.
Circuit sky130_fd_sc_hd__o2111a_4 contains no devices.
Circuit sky130_fd_sc_hd__o2bb2a_4 contains no devices.
Circuit sky130_fd_sc_hd__a41o_4 contains no devices.
Circuit sky130_fd_sc_hd__a32oi_2 contains no devices.
Circuit sky130_fd_sc_hd__a32oi_1 contains no devices.
Circuit sky130_fd_sc_hd__a21boi_2 contains no devices.
Circuit sky130_fd_sc_hd__nand3b_2 contains no devices.
Circuit RAM256 contains no devices.
Circuit sky130_fd_sc_hd__o21bai_2 contains no devices.
Circuit sky130_fd_sc_hd__o2bb2ai_4 contains no devices.
Circuit sky130_fd_sc_hd__o311ai_2 contains no devices.
Circuit sky130_fd_sc_hd__a2111oi_2 contains no devices.
Circuit sky130_fd_sc_hd__nand4b_1 contains no devices.
Circuit sky130_fd_sc_hd__nor3b_1 contains no devices.
Circuit sky130_fd_sc_hd__a41oi_1 contains no devices.
Circuit sky130_fd_sc_hd__a311oi_2 contains no devices.
Circuit sky130_fd_sc_hd__o32ai_4 contains no devices.
Circuit sky130_fd_sc_hd__a41oi_4 contains no devices.

Contents of circuit 1:  Circuit: 'mgmt_core_wrapper'
Circuit mgmt_core_wrapper contains 235462 device instances.
  Class: sky130_fd_sc_hd__o2111ai_1 instances:  29
  Class: sky130_fd_sc_hd__o2111ai_2 instances:   3
  Class: sky130_fd_sc_hd__o2111ai_4 instances:  10
  Class: sky130_fd_sc_hd__a41o_1 instances: 181
  Class: sky130_fd_sc_hd__a41o_2 instances:   6
  Class: sky130_fd_sc_hd__a41o_4 instances:   2
  Class: sky130_fd_sc_hd__a31o_1 instances: 460
  Class: sky130_fd_sc_hd__a31o_2 instances:  14
  Class: sky130_fd_sc_hd__a31o_4 instances:  25
  Class: sky130_fd_sc_hd__a21o_1 instances: 746
  Class: sky130_fd_sc_hd__a21o_2 instances:   6
  Class: sky130_fd_sc_hd__a21o_4 instances:   7
  Class: sky130_fd_sc_hd__a2bb2oi_1 instances:   3
  Class: sky130_fd_sc_hd__a2bb2oi_2 instances:   1
  Class: sky130_fd_sc_hd__a2bb2oi_4 instances:   1
  Class: sky130_fd_sc_hd__o32ai_1 instances:   2
  Class: sky130_fd_sc_hd__o32ai_4 instances:   1
  Class: sky130_fd_sc_hd__clkbuf_16 instances: 578
  Class: sky130_fd_sc_hd__a32oi_1 instances:   2
  Class: sky130_fd_sc_hd__dfxtp_1 instances: 3755
  Class: sky130_fd_sc_hd__a32oi_2 instances:   1
  Class: sky130_fd_sc_hd__dfxtp_2 instances: 389
  Class: sky130_fd_sc_hd__o31ai_1 instances:  16
  Class: sky130_fd_sc_hd__a32oi_4 instances:   4
  Class: sky130_fd_sc_hd__dfxtp_4 instances: 583
  Class: sky130_fd_sc_hd__o31ai_2 instances:   4
  Class: sky130_fd_sc_hd__o31ai_4 instances:   5
  Class: sky130_fd_sc_hd__a31oi_1 instances:  46
  Class: sky130_fd_sc_hd__a31oi_2 instances:   4
  Class: sky130_fd_sc_hd__nand4_1 instances:  53
  Class: sky130_fd_sc_hd__buf_2 instances:  13
  Class: sky130_fd_sc_hd__nand4_2 instances:  14
  Class: sky130_fd_sc_hd__a31oi_4 instances:  16
  Class: sky130_fd_sc_hd__nand4_4 instances:  21
  Class: sky130_fd_sc_hd__buf_4 instances: 110
  Class: sky130_fd_sc_hd__buf_6 instances: 298
  Class: sky130_fd_sc_hd__buf_8 instances: 237
  Class: sky130_fd_sc_hd__a2bb2o_1 instances:  77
  Class: sky130_fd_sc_hd__a2bb2o_2 instances:   5
  Class: sky130_fd_sc_hd__a2bb2o_4 instances:   7
  Class: sky130_fd_sc_hd__and3b_1 instances:  67
  Class: sky130_fd_sc_hd__and3b_2 instances:   2
  Class: sky130_fd_sc_hd__and3b_4 instances:   6
  Class: sky130_fd_sc_hd__xor2_1 instances:  39
  Class: sky130_fd_sc_hd__xor2_2 instances:   7
  Class: sky130_fd_sc_hd__o221ai_1 instances:   8
  Class: sky130_fd_sc_hd__xor2_4 instances:   9
  Class: sky130_fd_sc_hd__mux4_1 instances:  80
  Class: sky130_fd_sc_hd__o221ai_4 instances:  12
  Class: sky130_fd_sc_hd__mux4_2 instances:  14
  Class: sky130_ef_sc_hd__decap_12 instances: 48747
  Class: sky130_fd_sc_hd__and4_1 instances: 150
  Class: sky130_fd_sc_hd__and4_2 instances:  22
  Class: sky130_fd_sc_hd__and4_4 instances:  45
  Class: sky130_fd_sc_hd__inv_2 instances: 339
  Class: sky130_fd_sc_hd__inv_4 instances:  13
  Class: sky130_fd_sc_hd__inv_6 instances:   9
  Class: sky130_fd_sc_hd__inv_8 instances:   4
  Class: sky130_fd_sc_hd__clkbuf_1 instances: 134
  Class: sky130_fd_sc_hd__clkbuf_2 instances:  26
  Class: sky130_fd_sc_hd__clkbuf_4 instances:  48
  Class: sky130_fd_sc_hd__clkbuf_8 instances: 147
  Class: sky130_fd_sc_hd__nand3_1 instances:  34
  Class: sky130_fd_sc_hd__nand3_2 instances:  11
  Class: sky130_fd_sc_hd__nand3_4 instances:   5
  Class: sky130_fd_sc_hd__o21ba_1 instances: 146
  Class: sky130_fd_sc_hd__o21ba_2 instances:   3
  Class: sky130_fd_sc_hd__and2b_1 instances:  23
  Class: sky130_fd_sc_hd__and2b_2 instances:   3
  Class: sky130_fd_sc_hd__conb_1 instances:  11
  Class: sky130_fd_sc_hd__and2b_4 instances:  11
  Class: sky130_fd_sc_hd__a21boi_1 instances:  18
  Class: sky130_fd_sc_hd__a21boi_2 instances:   1
  Class: sky130_fd_sc_hd__nand4b_1 instances:   1
  Class: sky130_fd_sc_hd__nand4b_2 instances:   1
  Class: sky130_fd_sc_hd__nand4b_4 instances:   3
  Class: sky130_fd_sc_hd__buf_12 instances: 1138
  Class: sky130_fd_sc_hd__a21bo_1 instances:  48
  Class: sky130_fd_sc_hd__a221oi_1 instances:   7
  Class: sky130_fd_sc_hd__a221oi_2 instances:   6
  Class: sky130_fd_sc_hd__a221oi_4 instances:  17
  Class: sky130_fd_sc_hd__clkinv_2 instances:  28
  Class: sky130_fd_sc_hd__clkinv_4 instances:  27
  Class: sky130_fd_sc_hd__clkinv_8 instances:   6
  Class: sky130_fd_sc_hd__and3_1 instances: 315
  Class: sky130_fd_sc_hd__and3_2 instances:  38
  Class: sky130_fd_sc_hd__and3_4 instances:  56
  Class: sky130_fd_sc_hd__a2111o_1 instances:  15
  Class: sky130_fd_sc_hd__a2111o_2 instances:   4
  Class: sky130_fd_sc_hd__a2111o_4 instances:   4
  Class: RAM256                instances:   1
  Class: sky130_fd_sc_hd__decap_3 instances: 8721
  Class: sky130_fd_sc_hd__decap_4 instances: 9275
  Class: sky130_fd_sc_hd__decap_6 instances: 10271
  Class: sky130_fd_sc_hd__decap_8 instances: 7562
  Class: sky130_fd_sc_hd__dlygate4sd3_1 instances: 3154
  Class: sky130_fd_sc_hd__or2_1 instances: 215
  Class: sky130_fd_sc_hd__or2_2 instances:   7
  Class: sky130_fd_sc_hd__or2_4 instances:  27
  Class: sky130_fd_sc_hd__a2111oi_1 instances:   7
  Class: sky130_fd_sc_hd__a2111oi_2 instances:   3
  Class: sky130_fd_sc_hd__a2111oi_4 instances:   1
  Class: sky130_fd_sc_hd__nand2_1 instances: 341
  Class: sky130_fd_sc_hd__nand2_2 instances:  27
  Class: sky130_fd_sc_hd__nand2_4 instances:  16
  Class: sky130_fd_sc_hd__nor4b_1 instances:   2
  Class: sky130_fd_sc_hd__nor4b_2 instances:   1
  Class: sky130_fd_sc_hd__nand2_8 instances:  27
  Class: sky130_fd_sc_hd__nor4b_4 instances:   4
  Class: sky130_fd_sc_hd__o311ai_1 instances:   4
  Class: sky130_fd_sc_hd__o311ai_2 instances:   3
  Class: sky130_fd_sc_hd__o311ai_4 instances:   5
  Class: sky130_fd_sc_hd__nand3b_1 instances:  16
  Class: sky130_fd_sc_hd__nand3b_2 instances:   7
  Class: sky130_fd_sc_hd__mux2_1 instances: 3182
  Class: sky130_fd_sc_hd__nand3b_4 instances:   5
  Class: sky130_fd_sc_hd__mux2_2 instances:  18
  Class: sky130_fd_sc_hd__mux2_4 instances:  11
  Class: sky130_fd_sc_hd__mux2_8 instances:   7
  Class: sky130_fd_sc_hd__o2bb2ai_1 instances:  13
  Class: sky130_fd_sc_hd__o2bb2ai_2 instances:   2
  Class: sky130_fd_sc_hd__o2bb2ai_4 instances:   1
  Class: sky130_fd_sc_hd__a211oi_1 instances:  49
  Class: sky130_fd_sc_hd__and2_1 instances: 107
  Class: sky130_fd_sc_hd__and2_2 instances:   8
  Class: sky130_fd_sc_hd__a211oi_2 instances:   5
  Class: sky130_fd_sc_hd__and2_4 instances:  15
  Class: sky130_fd_sc_hd__a211oi_4 instances:   5
  Class: sky130_fd_sc_hd__or4b_1 instances: 178
  Class: sky130_fd_sc_hd__or4b_2 instances:  16
  Class: sky130_fd_sc_hd__or4b_4 instances:  30
  Class: sky130_fd_sc_hd__nor4_1 instances:  34
  Class: sky130_fd_sc_hd__nor4_2 instances:  14
  Class: sky130_fd_sc_hd__nor4_4 instances:  13
  Class: sky130_fd_sc_hd__inv_12 instances:   2
  Class: sky130_fd_sc_hd__o32a_1 instances:  27
  Class: sky130_fd_sc_hd__o22a_1 instances:  60
  Class: sky130_fd_sc_hd__o22a_2 instances:   5
  Class: sky130_fd_sc_hd__o22a_4 instances:   5
  Class: sky130_fd_sc_hd__xnor2_1 instances:  33
  Class: sky130_fd_sc_hd__xnor2_2 instances:   3
  Class: sky130_fd_sc_hd__xnor2_4 instances:   2
  Class: sky130_fd_sc_hd__nor3b_1 instances:   4
  Class: sky130_fd_sc_hd__nor3b_2 instances:   3
  Class: sky130_fd_sc_hd__nor3b_4 instances:   2
  Class: sky130_fd_sc_hd__o221a_1 instances: 293
  Class: sky130_fd_sc_hd__o221a_2 instances:   1
  Class: sky130_fd_sc_hd__o21bai_1 instances:  11
  Class: sky130_fd_sc_hd__o21bai_2 instances:   1
  Class: sky130_fd_sc_hd__o21bai_4 instances:   2
  Class: sky130_fd_sc_hd__o211a_1 instances: 1019
  Class: sky130_fd_sc_hd__o211a_2 instances:  13
  Class: sky130_fd_sc_hd__o211a_4 instances:   9
  Class: sky130_fd_sc_hd__nand2b_1 instances:  66
  Class: sky130_fd_sc_hd__nand2b_2 instances:   4
  Class: sky130_fd_sc_hd__nand2b_4 instances:  17
  Class: sky130_fd_sc_hd__a311oi_1 instances:  44
  Class: sky130_fd_sc_hd__diode_2 instances: 37950
  Class: sky130_fd_sc_hd__a311oi_2 instances:   1
  Class: sky130_fd_sc_hd__a311oi_4 instances:  18
  Class: sky130_fd_sc_hd__a221o_1 instances: 265
  Class: sky130_fd_sc_hd__a221o_2 instances:  38
  Class: sky130_fd_sc_hd__a221o_4 instances:  60
  Class: sky130_fd_sc_hd__a211o_1 instances: 540
  Class: sky130_fd_sc_hd__a211o_2 instances:  17
  Class: sky130_fd_sc_hd__a211o_4 instances:  12
  Class: sky130_fd_sc_hd__o2111a_1 instances:  85
  Class: sky130_fd_sc_hd__o2111a_2 instances:   2
  Class: sky130_fd_sc_hd__o2111a_4 instances:   3
  Class: sky130_fd_sc_hd__or3b_1 instances: 155
  Class: sky130_fd_sc_hd__or3b_2 instances:   8
  Class: sky130_fd_sc_hd__or3b_4 instances:  28
  Class: sky130_fd_sc_hd__dlymetal6s2s_1 instances:   5
  Class: sky130_fd_sc_hd__or4bb_1 instances:   9
  Class: sky130_fd_sc_hd__nor3_1 instances:  46
  Class: sky130_fd_sc_hd__nor3_2 instances:  10
  Class: sky130_fd_sc_hd__or4bb_4 instances:  11
  Class: sky130_fd_sc_hd__nor3_4 instances:  10
  Class: sky130_fd_sc_hd__a32o_1 instances: 171
  Class: sky130_fd_sc_hd__a32o_2 instances:   7
  Class: sky130_fd_sc_hd__a32o_4 instances:   9
  Class: RAM128                instances:   1
  Class: sky130_fd_sc_hd__o41a_1 instances:  27
  Class: sky130_fd_sc_hd__o41a_2 instances:   6
  Class: sky130_fd_sc_hd__o41a_4 instances:  14
  Class: sky130_fd_sc_hd__a22o_1 instances: 428
  Class: sky130_fd_sc_hd__a22o_2 instances:  52
  Class: sky130_fd_sc_hd__a22o_4 instances:  60
  Class: sky130_fd_sc_hd__o31a_1 instances: 254
  Class: sky130_fd_sc_hd__o31a_2 instances:  14
  Class: sky130_fd_sc_hd__o31a_4 instances:   8
  Class: sky130_fd_sc_hd__o2bb2a_1 instances:  53
  Class: sky130_fd_sc_hd__o2bb2a_2 instances:   8
  Class: sky130_fd_sc_hd__o2bb2a_4 instances:   3
  Class: sky130_fd_sc_hd__o21a_1 instances: 314
  Class: sky130_fd_sc_hd__o21a_2 instances:   5
  Class: sky130_fd_sc_hd__o41ai_1 instances:   6
  Class: sky130_fd_sc_hd__o41ai_2 instances:   1
  Class: sky130_fd_sc_hd__o21a_4 instances:  14
  Class: sky130_fd_sc_hd__a41oi_1 instances:   1
  Class: sky130_fd_sc_hd__a41oi_2 instances:   1
  Class: sky130_fd_sc_hd__a41oi_4 instances:   1
  Class: sky130_fd_sc_hd__o311a_1 instances: 302
  Class: sky130_fd_sc_hd__o311a_2 instances:   5
  Class: sky130_fd_sc_hd__o311a_4 instances:   1
  Class: sky130_fd_sc_hd__o22ai_1 instances:   6
  Class: sky130_fd_sc_hd__o22ai_2 instances:   2
  Class: sky130_fd_sc_hd__o22ai_4 instances:   7
  Class: sky130_fd_sc_hd__a22oi_1 instances:  20
  Class: sky130_fd_sc_hd__a22oi_2 instances:  13
  Class: sky130_fd_sc_hd__and4b_1 instances:  42
  Class: sky130_fd_sc_hd__a22oi_4 instances:  21
  Class: sky130_fd_sc_hd__and4b_2 instances:   8
  Class: sky130_fd_sc_hd__o21ai_1 instances: 384
  Class: sky130_fd_sc_hd__o21ai_2 instances:  33
  Class: sky130_fd_sc_hd__tapvpwrvgnd_1 instances: 22122
  Class: sky130_fd_sc_hd__and4b_4 instances:  37
  Class: sky130_fd_sc_hd__o21ai_4 instances:  51
  Class: sky130_fd_sc_hd__a21oi_1 instances: 305
  Class: sky130_fd_sc_hd__a21oi_2 instances:  18
  Class: sky130_fd_sc_hd__a21oi_4 instances:  36
  Class: sky130_fd_sc_hd__a311o_1 instances: 165
  Class: sky130_fd_sc_hd__a311o_2 instances:   8
  Class: sky130_fd_sc_hd__a311o_4 instances:   3
  Class: sky130_fd_sc_hd__fill_1 instances: 24506
  Class: sky130_fd_sc_hd__fill_2 instances: 41556
  Class: sky130_fd_sc_hd__o211ai_1 instances:  20
  Class: sky130_fd_sc_hd__o211ai_2 instances:   5
  Class: sky130_fd_sc_hd__o211ai_4 instances:  12
  Class: sky130_fd_sc_hd__clkinv_16 instances:  26
  Class: sky130_fd_sc_hd__and4bb_1 instances:  22
  Class: sky130_fd_sc_hd__and4bb_2 instances:   4
  Class: sky130_fd_sc_hd__and4bb_4 instances:  20
  Class: sky130_fd_sc_hd__nor2_1 instances: 215
  Class: sky130_fd_sc_hd__nor2_2 instances:  27
  Class: sky130_fd_sc_hd__nor2_4 instances:  16
  Class: sky130_fd_sc_hd__nor2_8 instances:  34
Circuit contains 25043 nets, and 3 disconnected pins.
Contents of circuit 2:  Circuit: 'mgmt_core_wrapper'
Circuit mgmt_core_wrapper contains 235462 device instances.
  Class: sky130_fd_sc_hd__o2111ai_1 instances:  29
  Class: sky130_fd_sc_hd__o2111ai_2 instances:   3
  Class: sky130_fd_sc_hd__a41o_1 instances: 181
  Class: sky130_fd_sc_hd__o2111ai_4 instances:  10
  Class: sky130_fd_sc_hd__a41o_2 instances:   6
  Class: sky130_fd_sc_hd__a41o_4 instances:   2
  Class: sky130_fd_sc_hd__a31o_1 instances: 460
  Class: sky130_fd_sc_hd__a31o_2 instances:  14
  Class: sky130_fd_sc_hd__a31o_4 instances:  25
  Class: sky130_fd_sc_hd__a21o_1 instances: 746
  Class: sky130_fd_sc_hd__a21o_2 instances:   6
  Class: sky130_fd_sc_hd__a21o_4 instances:   7
  Class: sky130_fd_sc_hd__a2bb2oi_1 instances:   3
  Class: sky130_fd_sc_hd__a2bb2oi_2 instances:   1
  Class: sky130_fd_sc_hd__a2bb2oi_4 instances:   1
  Class: sky130_fd_sc_hd__o32ai_1 instances:   2
  Class: sky130_fd_sc_hd__clkbuf_16 instances: 578
  Class: sky130_fd_sc_hd__o32ai_4 instances:   1
  Class: sky130_fd_sc_hd__dfxtp_1 instances: 3755
  Class: sky130_fd_sc_hd__a32oi_1 instances:   2
  Class: sky130_fd_sc_hd__dfxtp_2 instances: 389
  Class: sky130_fd_sc_hd__a32oi_2 instances:   1
  Class: sky130_fd_sc_hd__dfxtp_4 instances: 583
  Class: sky130_fd_sc_hd__a32oi_4 instances:   4
  Class: sky130_fd_sc_hd__o31ai_1 instances:  16
  Class: sky130_fd_sc_hd__o31ai_2 instances:   4
  Class: sky130_fd_sc_hd__o31ai_4 instances:   5
  Class: sky130_fd_sc_hd__a31oi_1 instances:  46
  Class: sky130_fd_sc_hd__a31oi_2 instances:   4
  Class: sky130_fd_sc_hd__nand4_1 instances:  53
  Class: sky130_fd_sc_hd__buf_2 instances:  13
  Class: sky130_fd_sc_hd__a31oi_4 instances:  16
  Class: sky130_fd_sc_hd__nand4_2 instances:  14
  Class: sky130_fd_sc_hd__buf_4 instances: 110
  Class: sky130_fd_sc_hd__nand4_4 instances:  21
  Class: sky130_fd_sc_hd__buf_6 instances: 298
  Class: sky130_fd_sc_hd__buf_8 instances: 237
  Class: sky130_fd_sc_hd__a2bb2o_1 instances:  77
  Class: sky130_fd_sc_hd__a2bb2o_2 instances:   5
  Class: sky130_fd_sc_hd__a2bb2o_4 instances:   7
  Class: sky130_fd_sc_hd__and3b_1 instances:  67
  Class: sky130_fd_sc_hd__and3b_2 instances:   2
  Class: sky130_fd_sc_hd__and3b_4 instances:   6
  Class: sky130_fd_sc_hd__xor2_1 instances:  39
  Class: sky130_fd_sc_hd__xor2_2 instances:   7
  Class: sky130_fd_sc_hd__xor2_4 instances:   9
  Class: sky130_fd_sc_hd__o221ai_1 instances:   8
  Class: sky130_fd_sc_hd__mux4_1 instances:  80
  Class: sky130_fd_sc_hd__mux4_2 instances:  14
  Class: sky130_fd_sc_hd__o221ai_4 instances:  12
  Class: sky130_ef_sc_hd__decap_12 instances: 48747
  Class: sky130_fd_sc_hd__and4_1 instances: 150
  Class: sky130_fd_sc_hd__and4_2 instances:  22
  Class: sky130_fd_sc_hd__and4_4 instances:  45
  Class: sky130_fd_sc_hd__inv_2 instances: 339
  Class: sky130_fd_sc_hd__inv_4 instances:  13
  Class: sky130_fd_sc_hd__inv_6 instances:   9
  Class: sky130_fd_sc_hd__inv_8 instances:   4
  Class: sky130_fd_sc_hd__clkbuf_1 instances: 134
  Class: sky130_fd_sc_hd__clkbuf_2 instances:  26
  Class: sky130_fd_sc_hd__clkbuf_4 instances:  48
  Class: sky130_fd_sc_hd__clkbuf_8 instances: 147
  Class: sky130_fd_sc_hd__nand3_1 instances:  34
  Class: sky130_fd_sc_hd__nand3_2 instances:  11
  Class: sky130_fd_sc_hd__nand3_4 instances:   5
  Class: sky130_fd_sc_hd__o21ba_1 instances: 146
  Class: sky130_fd_sc_hd__o21ba_2 instances:   3
  Class: sky130_fd_sc_hd__and2b_1 instances:  23
  Class: sky130_fd_sc_hd__conb_1 instances:  11
  Class: sky130_fd_sc_hd__and2b_2 instances:   3
  Class: sky130_fd_sc_hd__and2b_4 instances:  11
  Class: sky130_fd_sc_hd__a21boi_1 instances:  18
  Class: sky130_fd_sc_hd__a21boi_2 instances:   1
  Class: sky130_fd_sc_hd__nand4b_1 instances:   1
  Class: sky130_fd_sc_hd__nand4b_2 instances:   1
  Class: sky130_fd_sc_hd__nand4b_4 instances:   3
  Class: sky130_fd_sc_hd__buf_12 instances: 1138
  Class: sky130_fd_sc_hd__a21bo_1 instances:  48
  Class: sky130_fd_sc_hd__a221oi_1 instances:   7
  Class: sky130_fd_sc_hd__a221oi_2 instances:   6
  Class: sky130_fd_sc_hd__a221oi_4 instances:  17
  Class: sky130_fd_sc_hd__clkinv_2 instances:  28
  Class: sky130_fd_sc_hd__clkinv_4 instances:  27
  Class: sky130_fd_sc_hd__clkinv_8 instances:   6
  Class: sky130_fd_sc_hd__and3_1 instances: 315
  Class: sky130_fd_sc_hd__and3_2 instances:  38
  Class: sky130_fd_sc_hd__and3_4 instances:  56
  Class: sky130_fd_sc_hd__a2111o_1 instances:  15
  Class: sky130_fd_sc_hd__a2111o_2 instances:   4
  Class: sky130_fd_sc_hd__a2111o_4 instances:   4
  Class: RAM256                instances:   1
  Class: sky130_fd_sc_hd__decap_3 instances: 8721
  Class: sky130_fd_sc_hd__decap_4 instances: 9275
  Class: sky130_fd_sc_hd__decap_6 instances: 10271
  Class: sky130_fd_sc_hd__decap_8 instances: 7562
  Class: sky130_fd_sc_hd__dlygate4sd3_1 instances: 3154
  Class: sky130_fd_sc_hd__or2_1 instances: 215
  Class: sky130_fd_sc_hd__or2_2 instances:   7
  Class: sky130_fd_sc_hd__a2111oi_1 instances:   7
  Class: sky130_fd_sc_hd__or2_4 instances:  27
  Class: sky130_fd_sc_hd__a2111oi_2 instances:   3
  Class: sky130_fd_sc_hd__a2111oi_4 instances:   1
  Class: sky130_fd_sc_hd__nand2_1 instances: 341
  Class: sky130_fd_sc_hd__nand2_2 instances:  27
  Class: sky130_fd_sc_hd__nand2_4 instances:  16
  Class: sky130_fd_sc_hd__nor4b_1 instances:   2
  Class: sky130_fd_sc_hd__nor4b_2 instances:   1
  Class: sky130_fd_sc_hd__nand2_8 instances:  27
  Class: sky130_fd_sc_hd__nor4b_4 instances:   4
  Class: sky130_fd_sc_hd__o311ai_1 instances:   4
  Class: sky130_fd_sc_hd__o311ai_2 instances:   3
  Class: sky130_fd_sc_hd__o311ai_4 instances:   5
  Class: sky130_fd_sc_hd__nand3b_1 instances:  16
  Class: sky130_fd_sc_hd__nand3b_2 instances:   7
  Class: sky130_fd_sc_hd__mux2_1 instances: 3182
  Class: sky130_fd_sc_hd__nand3b_4 instances:   5
  Class: sky130_fd_sc_hd__mux2_2 instances:  18
  Class: sky130_fd_sc_hd__mux2_4 instances:  11
  Class: sky130_fd_sc_hd__mux2_8 instances:   7
  Class: sky130_fd_sc_hd__o2bb2ai_1 instances:  13
  Class: sky130_fd_sc_hd__o2bb2ai_2 instances:   2
  Class: sky130_fd_sc_hd__o2bb2ai_4 instances:   1
  Class: sky130_fd_sc_hd__a211oi_1 instances:  49
  Class: sky130_fd_sc_hd__and2_1 instances: 107
  Class: sky130_fd_sc_hd__a211oi_2 instances:   5
  Class: sky130_fd_sc_hd__and2_2 instances:   8
  Class: sky130_fd_sc_hd__a211oi_4 instances:   5
  Class: sky130_fd_sc_hd__and2_4 instances:  15
  Class: sky130_fd_sc_hd__or4b_1 instances: 178
  Class: sky130_fd_sc_hd__or4b_2 instances:  16
  Class: sky130_fd_sc_hd__or4b_4 instances:  30
  Class: sky130_fd_sc_hd__nor4_1 instances:  34
  Class: sky130_fd_sc_hd__nor4_2 instances:  14
  Class: sky130_fd_sc_hd__nor4_4 instances:  13
  Class: sky130_fd_sc_hd__inv_12 instances:   2
  Class: sky130_fd_sc_hd__o32a_1 instances:  27
  Class: sky130_fd_sc_hd__o22a_1 instances:  60
  Class: sky130_fd_sc_hd__o22a_2 instances:   5
  Class: sky130_fd_sc_hd__o22a_4 instances:   5
  Class: sky130_fd_sc_hd__xnor2_1 instances:  33
  Class: sky130_fd_sc_hd__xnor2_2 instances:   3
  Class: sky130_fd_sc_hd__xnor2_4 instances:   2
  Class: sky130_fd_sc_hd__nor3b_1 instances:   4
  Class: sky130_fd_sc_hd__nor3b_2 instances:   3
  Class: sky130_fd_sc_hd__nor3b_4 instances:   2
  Class: sky130_fd_sc_hd__o221a_1 instances: 293
  Class: sky130_fd_sc_hd__o221a_2 instances:   1
  Class: sky130_fd_sc_hd__o21bai_1 instances:  11
  Class: sky130_fd_sc_hd__o21bai_2 instances:   1
  Class: sky130_fd_sc_hd__o21bai_4 instances:   2
  Class: sky130_fd_sc_hd__o211a_1 instances: 1019
  Class: sky130_fd_sc_hd__o211a_2 instances:  13
  Class: sky130_fd_sc_hd__o211a_4 instances:   9
  Class: sky130_fd_sc_hd__nand2b_1 instances:  66
  Class: sky130_fd_sc_hd__nand2b_2 instances:   4
  Class: sky130_fd_sc_hd__diode_2 instances: 37950
  Class: sky130_fd_sc_hd__nand2b_4 instances:  17
  Class: sky130_fd_sc_hd__a311oi_1 instances:  44
  Class: sky130_fd_sc_hd__a311oi_2 instances:   1
  Class: sky130_fd_sc_hd__a311oi_4 instances:  18
  Class: sky130_fd_sc_hd__a221o_1 instances: 265
  Class: sky130_fd_sc_hd__a221o_2 instances:  38
  Class: sky130_fd_sc_hd__a221o_4 instances:  60
  Class: sky130_fd_sc_hd__a211o_1 instances: 540
  Class: sky130_fd_sc_hd__a211o_2 instances:  17
  Class: sky130_fd_sc_hd__a211o_4 instances:  12
  Class: sky130_fd_sc_hd__o2111a_1 instances:  85
  Class: sky130_fd_sc_hd__o2111a_2 instances:   2
  Class: sky130_fd_sc_hd__o2111a_4 instances:   3
  Class: sky130_fd_sc_hd__or3b_1 instances: 155
  Class: sky130_fd_sc_hd__or3b_2 instances:   8
  Class: sky130_fd_sc_hd__or3b_4 instances:  28
  Class: sky130_fd_sc_hd__dlymetal6s2s_1 instances:   5
  Class: sky130_fd_sc_hd__or4bb_1 instances:   9
  Class: sky130_fd_sc_hd__nor3_1 instances:  46
  Class: sky130_fd_sc_hd__nor3_2 instances:  10
  Class: sky130_fd_sc_hd__or4bb_4 instances:  11
  Class: sky130_fd_sc_hd__nor3_4 instances:  10
  Class: sky130_fd_sc_hd__a32o_1 instances: 171
  Class: sky130_fd_sc_hd__a32o_2 instances:   7
  Class: sky130_fd_sc_hd__a32o_4 instances:   9
  Class: RAM128                instances:   1
  Class: sky130_fd_sc_hd__o41a_1 instances:  27
  Class: sky130_fd_sc_hd__o41a_2 instances:   6
  Class: sky130_fd_sc_hd__o41a_4 instances:  14
  Class: sky130_fd_sc_hd__a22o_1 instances: 428
  Class: sky130_fd_sc_hd__a22o_2 instances:  52
  Class: sky130_fd_sc_hd__a22o_4 instances:  60
  Class: sky130_fd_sc_hd__o31a_1 instances: 254
  Class: sky130_fd_sc_hd__o31a_2 instances:  14
  Class: sky130_fd_sc_hd__o31a_4 instances:   8
  Class: sky130_fd_sc_hd__o2bb2a_1 instances:  53
  Class: sky130_fd_sc_hd__o2bb2a_2 instances:   8
  Class: sky130_fd_sc_hd__o2bb2a_4 instances:   3
  Class: sky130_fd_sc_hd__o21a_1 instances: 314
  Class: sky130_fd_sc_hd__o21a_2 instances:   5
  Class: sky130_fd_sc_hd__o41ai_1 instances:   6
  Class: sky130_fd_sc_hd__o41ai_2 instances:   1
  Class: sky130_fd_sc_hd__o21a_4 instances:  14
  Class: sky130_fd_sc_hd__a41oi_1 instances:   1
  Class: sky130_fd_sc_hd__a41oi_2 instances:   1
  Class: sky130_fd_sc_hd__a41oi_4 instances:   1
  Class: sky130_fd_sc_hd__o311a_1 instances: 302
  Class: sky130_fd_sc_hd__o311a_2 instances:   5
  Class: sky130_fd_sc_hd__o311a_4 instances:   1
  Class: sky130_fd_sc_hd__o22ai_1 instances:   6
  Class: sky130_fd_sc_hd__o22ai_2 instances:   2
  Class: sky130_fd_sc_hd__o22ai_4 instances:   7
  Class: sky130_fd_sc_hd__a22oi_1 instances:  20
  Class: sky130_fd_sc_hd__a22oi_2 instances:  13
  Class: sky130_fd_sc_hd__and4b_1 instances:  42
  Class: sky130_fd_sc_hd__and4b_2 instances:   8
  Class: sky130_fd_sc_hd__a22oi_4 instances:  21
  Class: sky130_fd_sc_hd__o21ai_1 instances: 384
  Class: sky130_fd_sc_hd__tapvpwrvgnd_1 instances: 22122
  Class: sky130_fd_sc_hd__o21ai_2 instances:  33
  Class: sky130_fd_sc_hd__and4b_4 instances:  37
  Class: sky130_fd_sc_hd__o21ai_4 instances:  51
  Class: sky130_fd_sc_hd__a21oi_1 instances: 305
  Class: sky130_fd_sc_hd__a21oi_2 instances:  18
  Class: sky130_fd_sc_hd__a311o_1 instances: 165
  Class: sky130_fd_sc_hd__a21oi_4 instances:  36
  Class: sky130_fd_sc_hd__a311o_2 instances:   8
  Class: sky130_fd_sc_hd__a311o_4 instances:   3
  Class: sky130_fd_sc_hd__fill_1 instances: 24506
  Class: sky130_fd_sc_hd__fill_2 instances: 41556
  Class: sky130_fd_sc_hd__o211ai_1 instances:  20
  Class: sky130_fd_sc_hd__o211ai_2 instances:   5
  Class: sky130_fd_sc_hd__o211ai_4 instances:  12
  Class: sky130_fd_sc_hd__clkinv_16 instances:  26
  Class: sky130_fd_sc_hd__and4bb_1 instances:  22
  Class: sky130_fd_sc_hd__and4bb_2 instances:   4
  Class: sky130_fd_sc_hd__and4bb_4 instances:  20
  Class: sky130_fd_sc_hd__nor2_1 instances: 215
  Class: sky130_fd_sc_hd__nor2_2 instances:  27
  Class: sky130_fd_sc_hd__nor2_4 instances:  16
  Class: sky130_fd_sc_hd__nor2_8 instances:  34
Circuit contains 25043 nets, and 3 disconnected pins.

Circuit was modified by parallel/series device merging.
New circuit summary:

Contents of circuit 1:  Circuit: 'mgmt_core_wrapper'
Circuit mgmt_core_wrapper contains 29800 device instances.
  Class: sky130_fd_sc_hd__o2111ai_1 instances:  29
  Class: sky130_fd_sc_hd__o2111ai_2 instances:   3
  Class: sky130_fd_sc_hd__o2111ai_4 instances:  10
  Class: sky130_fd_sc_hd__a41o_1 instances: 181
  Class: sky130_fd_sc_hd__a41o_2 instances:   6
  Class: sky130_fd_sc_hd__a41o_4 instances:   2
  Class: sky130_fd_sc_hd__a31o_1 instances: 460
  Class: sky130_fd_sc_hd__a31o_2 instances:  14
  Class: sky130_fd_sc_hd__a31o_4 instances:  25
  Class: sky130_fd_sc_hd__a21o_1 instances: 746
  Class: sky130_fd_sc_hd__a21o_2 instances:   6
  Class: sky130_fd_sc_hd__a21o_4 instances:   7
  Class: sky130_fd_sc_hd__a2bb2oi_1 instances:   3
  Class: sky130_fd_sc_hd__a2bb2oi_2 instances:   1
  Class: sky130_fd_sc_hd__a2bb2oi_4 instances:   1
  Class: sky130_fd_sc_hd__o32ai_1 instances:   2
  Class: sky130_fd_sc_hd__o32ai_4 instances:   1
  Class: sky130_fd_sc_hd__clkbuf_16 instances: 578
  Class: sky130_fd_sc_hd__a32oi_1 instances:   2
  Class: sky130_fd_sc_hd__dfxtp_1 instances: 3755
  Class: sky130_fd_sc_hd__a32oi_2 instances:   1
  Class: sky130_fd_sc_hd__dfxtp_2 instances: 389
  Class: sky130_fd_sc_hd__o31ai_1 instances:  16
  Class: sky130_fd_sc_hd__a32oi_4 instances:   4
  Class: sky130_fd_sc_hd__dfxtp_4 instances: 583
  Class: sky130_fd_sc_hd__o31ai_2 instances:   4
  Class: sky130_fd_sc_hd__o31ai_4 instances:   5
  Class: sky130_fd_sc_hd__a31oi_1 instances:  46
  Class: sky130_fd_sc_hd__a31oi_2 instances:   4
  Class: sky130_fd_sc_hd__nand4_1 instances:  53
  Class: sky130_fd_sc_hd__buf_2 instances:  13
  Class: sky130_fd_sc_hd__nand4_2 instances:  14
  Class: sky130_fd_sc_hd__a31oi_4 instances:  16
  Class: sky130_fd_sc_hd__nand4_4 instances:  21
  Class: sky130_fd_sc_hd__buf_4 instances: 110
  Class: sky130_fd_sc_hd__buf_6 instances: 298
  Class: sky130_fd_sc_hd__buf_8 instances: 237
  Class: sky130_fd_sc_hd__a2bb2o_1 instances:  77
  Class: sky130_fd_sc_hd__a2bb2o_2 instances:   5
  Class: sky130_fd_sc_hd__a2bb2o_4 instances:   7
  Class: sky130_fd_sc_hd__and3b_1 instances:  67
  Class: sky130_fd_sc_hd__and3b_2 instances:   2
  Class: sky130_fd_sc_hd__and3b_4 instances:   6
  Class: sky130_fd_sc_hd__xor2_1 instances:  39
  Class: sky130_fd_sc_hd__xor2_2 instances:   7
  Class: sky130_fd_sc_hd__o221ai_1 instances:   8
  Class: sky130_fd_sc_hd__xor2_4 instances:   9
  Class: sky130_fd_sc_hd__mux4_1 instances:  80
  Class: sky130_fd_sc_hd__o221ai_4 instances:  12
  Class: sky130_fd_sc_hd__mux4_2 instances:  14
  Class: sky130_ef_sc_hd__decap_12 instances:   1
  Class: sky130_fd_sc_hd__and4_1 instances: 150
  Class: sky130_fd_sc_hd__and4_2 instances:  22
  Class: sky130_fd_sc_hd__and4_4 instances:  45
  Class: sky130_fd_sc_hd__inv_2 instances: 339
  Class: sky130_fd_sc_hd__inv_4 instances:  13
  Class: sky130_fd_sc_hd__inv_6 instances:   9
  Class: sky130_fd_sc_hd__inv_8 instances:   4
  Class: sky130_fd_sc_hd__clkbuf_1 instances: 134
  Class: sky130_fd_sc_hd__clkbuf_2 instances:  26
  Class: sky130_fd_sc_hd__clkbuf_4 instances:  48
  Class: sky130_fd_sc_hd__clkbuf_8 instances: 147
  Class: sky130_fd_sc_hd__nand3_1 instances:  34
  Class: sky130_fd_sc_hd__nand3_2 instances:  11
  Class: sky130_fd_sc_hd__nand3_4 instances:   5
  Class: sky130_fd_sc_hd__o21ba_1 instances: 146
  Class: sky130_fd_sc_hd__o21ba_2 instances:   3
  Class: sky130_fd_sc_hd__and2b_1 instances:  23
  Class: sky130_fd_sc_hd__and2b_2 instances:   3
  Class: sky130_fd_sc_hd__conb_1 instances:  11
  Class: sky130_fd_sc_hd__and2b_4 instances:  11
  Class: sky130_fd_sc_hd__a21boi_1 instances:  18
  Class: sky130_fd_sc_hd__a21boi_2 instances:   1
  Class: sky130_fd_sc_hd__nand4b_1 instances:   1
  Class: sky130_fd_sc_hd__nand4b_2 instances:   1
  Class: sky130_fd_sc_hd__nand4b_4 instances:   3
  Class: sky130_fd_sc_hd__buf_12 instances: 1138
  Class: sky130_fd_sc_hd__a21bo_1 instances:  48
  Class: sky130_fd_sc_hd__a221oi_1 instances:   7
  Class: sky130_fd_sc_hd__a221oi_2 instances:   6
  Class: sky130_fd_sc_hd__a221oi_4 instances:  17
  Class: sky130_fd_sc_hd__clkinv_2 instances:  28
  Class: sky130_fd_sc_hd__clkinv_4 instances:  27
  Class: sky130_fd_sc_hd__clkinv_8 instances:   6
  Class: sky130_fd_sc_hd__and3_1 instances: 315
  Class: sky130_fd_sc_hd__and3_2 instances:  38
  Class: sky130_fd_sc_hd__and3_4 instances:  56
  Class: sky130_fd_sc_hd__a2111o_1 instances:  15
  Class: sky130_fd_sc_hd__a2111o_2 instances:   4
  Class: sky130_fd_sc_hd__a2111o_4 instances:   4
  Class: RAM256                instances:   1
  Class: sky130_fd_sc_hd__decap_3 instances:   1
  Class: sky130_fd_sc_hd__decap_4 instances:   1
  Class: sky130_fd_sc_hd__decap_6 instances:   1
  Class: sky130_fd_sc_hd__decap_8 instances:   1
  Class: sky130_fd_sc_hd__dlygate4sd3_1 instances: 3154
  Class: sky130_fd_sc_hd__or2_1 instances: 215
  Class: sky130_fd_sc_hd__or2_2 instances:   7
  Class: sky130_fd_sc_hd__or2_4 instances:  27
  Class: sky130_fd_sc_hd__a2111oi_1 instances:   7
  Class: sky130_fd_sc_hd__a2111oi_2 instances:   3
  Class: sky130_fd_sc_hd__a2111oi_4 instances:   1
  Class: sky130_fd_sc_hd__nand2_1 instances: 341
  Class: sky130_fd_sc_hd__nand2_2 instances:  27
  Class: sky130_fd_sc_hd__nand2_4 instances:  16
  Class: sky130_fd_sc_hd__nor4b_1 instances:   2
  Class: sky130_fd_sc_hd__nor4b_2 instances:   1
  Class: sky130_fd_sc_hd__nand2_8 instances:  27
  Class: sky130_fd_sc_hd__nor4b_4 instances:   4
  Class: sky130_fd_sc_hd__o311ai_1 instances:   4
  Class: sky130_fd_sc_hd__o311ai_2 instances:   3
  Class: sky130_fd_sc_hd__o311ai_4 instances:   5
  Class: sky130_fd_sc_hd__nand3b_1 instances:  16
  Class: sky130_fd_sc_hd__nand3b_2 instances:   7
  Class: sky130_fd_sc_hd__mux2_1 instances: 3182
  Class: sky130_fd_sc_hd__nand3b_4 instances:   5
  Class: sky130_fd_sc_hd__mux2_2 instances:  18
  Class: sky130_fd_sc_hd__mux2_4 instances:  11
  Class: sky130_fd_sc_hd__mux2_8 instances:   7
  Class: sky130_fd_sc_hd__o2bb2ai_1 instances:  13
  Class: sky130_fd_sc_hd__o2bb2ai_2 instances:   2
  Class: sky130_fd_sc_hd__o2bb2ai_4 instances:   1
  Class: sky130_fd_sc_hd__a211oi_1 instances:  49
  Class: sky130_fd_sc_hd__and2_1 instances: 107
  Class: sky130_fd_sc_hd__and2_2 instances:   8
  Class: sky130_fd_sc_hd__a211oi_2 instances:   5
  Class: sky130_fd_sc_hd__and2_4 instances:  15
  Class: sky130_fd_sc_hd__a211oi_4 instances:   5
  Class: sky130_fd_sc_hd__or4b_1 instances: 178
  Class: sky130_fd_sc_hd__or4b_2 instances:  16
  Class: sky130_fd_sc_hd__or4b_4 instances:  30
  Class: sky130_fd_sc_hd__nor4_1 instances:  34
  Class: sky130_fd_sc_hd__nor4_2 instances:  14
  Class: sky130_fd_sc_hd__nor4_4 instances:  13
  Class: sky130_fd_sc_hd__inv_12 instances:   2
  Class: sky130_fd_sc_hd__o32a_1 instances:  27
  Class: sky130_fd_sc_hd__o22a_1 instances:  60
  Class: sky130_fd_sc_hd__o22a_2 instances:   5
  Class: sky130_fd_sc_hd__o22a_4 instances:   5
  Class: sky130_fd_sc_hd__xnor2_1 instances:  33
  Class: sky130_fd_sc_hd__xnor2_2 instances:   3
  Class: sky130_fd_sc_hd__xnor2_4 instances:   2
  Class: sky130_fd_sc_hd__nor3b_1 instances:   4
  Class: sky130_fd_sc_hd__nor3b_2 instances:   3
  Class: sky130_fd_sc_hd__nor3b_4 instances:   2
  Class: sky130_fd_sc_hd__o221a_1 instances: 293
  Class: sky130_fd_sc_hd__o221a_2 instances:   1
  Class: sky130_fd_sc_hd__o21bai_1 instances:  11
  Class: sky130_fd_sc_hd__o21bai_2 instances:   1
  Class: sky130_fd_sc_hd__o21bai_4 instances:   2
  Class: sky130_fd_sc_hd__o211a_1 instances: 1019
  Class: sky130_fd_sc_hd__o211a_2 instances:  13
  Class: sky130_fd_sc_hd__o211a_4 instances:   9
  Class: sky130_fd_sc_hd__nand2b_1 instances:  66
  Class: sky130_fd_sc_hd__nand2b_2 instances:   4
  Class: sky130_fd_sc_hd__nand2b_4 instances:  17
  Class: sky130_fd_sc_hd__a311oi_1 instances:  44
  Class: sky130_fd_sc_hd__diode_2 instances: 5040
  Class: sky130_fd_sc_hd__a311oi_2 instances:   1
  Class: sky130_fd_sc_hd__a311oi_4 instances:  18
  Class: sky130_fd_sc_hd__a221o_1 instances: 265
  Class: sky130_fd_sc_hd__a221o_2 instances:  38
  Class: sky130_fd_sc_hd__a221o_4 instances:  60
  Class: sky130_fd_sc_hd__a211o_1 instances: 540
  Class: sky130_fd_sc_hd__a211o_2 instances:  17
  Class: sky130_fd_sc_hd__a211o_4 instances:  12
  Class: sky130_fd_sc_hd__o2111a_1 instances:  85
  Class: sky130_fd_sc_hd__o2111a_2 instances:   2
  Class: sky130_fd_sc_hd__o2111a_4 instances:   3
  Class: sky130_fd_sc_hd__or3b_1 instances: 155
  Class: sky130_fd_sc_hd__or3b_2 instances:   8
  Class: sky130_fd_sc_hd__or3b_4 instances:  28
  Class: sky130_fd_sc_hd__dlymetal6s2s_1 instances:   5
  Class: sky130_fd_sc_hd__or4bb_1 instances:   9
  Class: sky130_fd_sc_hd__nor3_1 instances:  46
  Class: sky130_fd_sc_hd__nor3_2 instances:  10
  Class: sky130_fd_sc_hd__or4bb_4 instances:  11
  Class: sky130_fd_sc_hd__nor3_4 instances:  10
  Class: sky130_fd_sc_hd__a32o_1 instances: 171
  Class: sky130_fd_sc_hd__a32o_2 instances:   7
  Class: sky130_fd_sc_hd__a32o_4 instances:   9
  Class: RAM128                instances:   1
  Class: sky130_fd_sc_hd__o41a_1 instances:  27
  Class: sky130_fd_sc_hd__o41a_2 instances:   6
  Class: sky130_fd_sc_hd__o41a_4 instances:  14
  Class: sky130_fd_sc_hd__a22o_1 instances: 428
  Class: sky130_fd_sc_hd__a22o_2 instances:  52
  Class: sky130_fd_sc_hd__a22o_4 instances:  60
  Class: sky130_fd_sc_hd__o31a_1 instances: 254
  Class: sky130_fd_sc_hd__o31a_2 instances:  14
  Class: sky130_fd_sc_hd__o31a_4 instances:   8
  Class: sky130_fd_sc_hd__o2bb2a_1 instances:  53
  Class: sky130_fd_sc_hd__o2bb2a_2 instances:   8
  Class: sky130_fd_sc_hd__o2bb2a_4 instances:   3
  Class: sky130_fd_sc_hd__o21a_1 instances: 314
  Class: sky130_fd_sc_hd__o21a_2 instances:   5
  Class: sky130_fd_sc_hd__o41ai_1 instances:   6
  Class: sky130_fd_sc_hd__o41ai_2 instances:   1
  Class: sky130_fd_sc_hd__o21a_4 instances:  14
  Class: sky130_fd_sc_hd__a41oi_1 instances:   1
  Class: sky130_fd_sc_hd__a41oi_2 instances:   1
  Class: sky130_fd_sc_hd__a41oi_4 instances:   1
  Class: sky130_fd_sc_hd__o311a_1 instances: 302
  Class: sky130_fd_sc_hd__o311a_2 instances:   5
  Class: sky130_fd_sc_hd__o311a_4 instances:   1
  Class: sky130_fd_sc_hd__o22ai_1 instances:   6
  Class: sky130_fd_sc_hd__o22ai_2 instances:   2
  Class: sky130_fd_sc_hd__o22ai_4 instances:   7
  Class: sky130_fd_sc_hd__a22oi_1 instances:  20
  Class: sky130_fd_sc_hd__a22oi_2 instances:  13
  Class: sky130_fd_sc_hd__and4b_1 instances:  42
  Class: sky130_fd_sc_hd__a22oi_4 instances:  21
  Class: sky130_fd_sc_hd__and4b_2 instances:   8
  Class: sky130_fd_sc_hd__o21ai_1 instances: 384
  Class: sky130_fd_sc_hd__o21ai_2 instances:  33
  Class: sky130_fd_sc_hd__tapvpwrvgnd_1 instances:   1
  Class: sky130_fd_sc_hd__and4b_4 instances:  37
  Class: sky130_fd_sc_hd__o21ai_4 instances:  51
  Class: sky130_fd_sc_hd__a21oi_1 instances: 305
  Class: sky130_fd_sc_hd__a21oi_2 instances:  18
  Class: sky130_fd_sc_hd__a21oi_4 instances:  36
  Class: sky130_fd_sc_hd__a311o_1 instances: 165
  Class: sky130_fd_sc_hd__a311o_2 instances:   8
  Class: sky130_fd_sc_hd__a311o_4 instances:   3
  Class: sky130_fd_sc_hd__fill_1 instances:   1
  Class: sky130_fd_sc_hd__fill_2 instances:   1
  Class: sky130_fd_sc_hd__o211ai_1 instances:  20
  Class: sky130_fd_sc_hd__o211ai_2 instances:   5
  Class: sky130_fd_sc_hd__o211ai_4 instances:  12
  Class: sky130_fd_sc_hd__clkinv_16 instances:  26
  Class: sky130_fd_sc_hd__and4bb_1 instances:  22
  Class: sky130_fd_sc_hd__and4bb_2 instances:   4
  Class: sky130_fd_sc_hd__and4bb_4 instances:  20
  Class: sky130_fd_sc_hd__nor2_1 instances: 215
  Class: sky130_fd_sc_hd__nor2_2 instances:  27
  Class: sky130_fd_sc_hd__nor2_4 instances:  16
  Class: sky130_fd_sc_hd__nor2_8 instances:  34
Circuit contains 25043 nets, and 3 disconnected pins.
Contents of circuit 2:  Circuit: 'mgmt_core_wrapper'
Circuit mgmt_core_wrapper contains 29800 device instances.
  Class: sky130_fd_sc_hd__o2111ai_1 instances:  29
  Class: sky130_fd_sc_hd__o2111ai_2 instances:   3
  Class: sky130_fd_sc_hd__a41o_1 instances: 181
  Class: sky130_fd_sc_hd__o2111ai_4 instances:  10
  Class: sky130_fd_sc_hd__a41o_2 instances:   6
  Class: sky130_fd_sc_hd__a41o_4 instances:   2
  Class: sky130_fd_sc_hd__a31o_1 instances: 460
  Class: sky130_fd_sc_hd__a31o_2 instances:  14
  Class: sky130_fd_sc_hd__a31o_4 instances:  25
  Class: sky130_fd_sc_hd__a21o_1 instances: 746
  Class: sky130_fd_sc_hd__a21o_2 instances:   6
  Class: sky130_fd_sc_hd__a21o_4 instances:   7
  Class: sky130_fd_sc_hd__a2bb2oi_1 instances:   3
  Class: sky130_fd_sc_hd__a2bb2oi_2 instances:   1
  Class: sky130_fd_sc_hd__a2bb2oi_4 instances:   1
  Class: sky130_fd_sc_hd__o32ai_1 instances:   2
  Class: sky130_fd_sc_hd__clkbuf_16 instances: 578
  Class: sky130_fd_sc_hd__o32ai_4 instances:   1
  Class: sky130_fd_sc_hd__dfxtp_1 instances: 3755
  Class: sky130_fd_sc_hd__a32oi_1 instances:   2
  Class: sky130_fd_sc_hd__dfxtp_2 instances: 389
  Class: sky130_fd_sc_hd__a32oi_2 instances:   1
  Class: sky130_fd_sc_hd__dfxtp_4 instances: 583
  Class: sky130_fd_sc_hd__a32oi_4 instances:   4
  Class: sky130_fd_sc_hd__o31ai_1 instances:  16
  Class: sky130_fd_sc_hd__o31ai_2 instances:   4
  Class: sky130_fd_sc_hd__o31ai_4 instances:   5
  Class: sky130_fd_sc_hd__a31oi_1 instances:  46
  Class: sky130_fd_sc_hd__a31oi_2 instances:   4
  Class: sky130_fd_sc_hd__nand4_1 instances:  53
  Class: sky130_fd_sc_hd__buf_2 instances:  13
  Class: sky130_fd_sc_hd__a31oi_4 instances:  16
  Class: sky130_fd_sc_hd__nand4_2 instances:  14
  Class: sky130_fd_sc_hd__buf_4 instances: 110
  Class: sky130_fd_sc_hd__nand4_4 instances:  21
  Class: sky130_fd_sc_hd__buf_6 instances: 298
  Class: sky130_fd_sc_hd__buf_8 instances: 237
  Class: sky130_fd_sc_hd__a2bb2o_1 instances:  77
  Class: sky130_fd_sc_hd__a2bb2o_2 instances:   5
  Class: sky130_fd_sc_hd__a2bb2o_4 instances:   7
  Class: sky130_fd_sc_hd__and3b_1 instances:  67
  Class: sky130_fd_sc_hd__and3b_2 instances:   2
  Class: sky130_fd_sc_hd__and3b_4 instances:   6
  Class: sky130_fd_sc_hd__xor2_1 instances:  39
  Class: sky130_fd_sc_hd__xor2_2 instances:   7
  Class: sky130_fd_sc_hd__xor2_4 instances:   9
  Class: sky130_fd_sc_hd__o221ai_1 instances:   8
  Class: sky130_fd_sc_hd__mux4_1 instances:  80
  Class: sky130_fd_sc_hd__mux4_2 instances:  14
  Class: sky130_fd_sc_hd__o221ai_4 instances:  12
  Class: sky130_ef_sc_hd__decap_12 instances:   1
  Class: sky130_fd_sc_hd__and4_1 instances: 150
  Class: sky130_fd_sc_hd__and4_2 instances:  22
  Class: sky130_fd_sc_hd__and4_4 instances:  45
  Class: sky130_fd_sc_hd__inv_2 instances: 339
  Class: sky130_fd_sc_hd__inv_4 instances:  13
  Class: sky130_fd_sc_hd__inv_6 instances:   9
  Class: sky130_fd_sc_hd__inv_8 instances:   4
  Class: sky130_fd_sc_hd__clkbuf_1 instances: 134
  Class: sky130_fd_sc_hd__clkbuf_2 instances:  26
  Class: sky130_fd_sc_hd__clkbuf_4 instances:  48
  Class: sky130_fd_sc_hd__clkbuf_8 instances: 147
  Class: sky130_fd_sc_hd__nand3_1 instances:  34
  Class: sky130_fd_sc_hd__nand3_2 instances:  11
  Class: sky130_fd_sc_hd__nand3_4 instances:   5
  Class: sky130_fd_sc_hd__o21ba_1 instances: 146
  Class: sky130_fd_sc_hd__o21ba_2 instances:   3
  Class: sky130_fd_sc_hd__and2b_1 instances:  23
  Class: sky130_fd_sc_hd__conb_1 instances:  11
  Class: sky130_fd_sc_hd__and2b_2 instances:   3
  Class: sky130_fd_sc_hd__and2b_4 instances:  11
  Class: sky130_fd_sc_hd__a21boi_1 instances:  18
  Class: sky130_fd_sc_hd__a21boi_2 instances:   1
  Class: sky130_fd_sc_hd__nand4b_1 instances:   1
  Class: sky130_fd_sc_hd__nand4b_2 instances:   1
  Class: sky130_fd_sc_hd__nand4b_4 instances:   3
  Class: sky130_fd_sc_hd__buf_12 instances: 1138
  Class: sky130_fd_sc_hd__a21bo_1 instances:  48
  Class: sky130_fd_sc_hd__a221oi_1 instances:   7
  Class: sky130_fd_sc_hd__a221oi_2 instances:   6
  Class: sky130_fd_sc_hd__a221oi_4 instances:  17
  Class: sky130_fd_sc_hd__clkinv_2 instances:  28
  Class: sky130_fd_sc_hd__clkinv_4 instances:  27
  Class: sky130_fd_sc_hd__clkinv_8 instances:   6
  Class: sky130_fd_sc_hd__and3_1 instances: 315
  Class: sky130_fd_sc_hd__and3_2 instances:  38
  Class: sky130_fd_sc_hd__and3_4 instances:  56
  Class: sky130_fd_sc_hd__a2111o_1 instances:  15
  Class: sky130_fd_sc_hd__a2111o_2 instances:   4
  Class: sky130_fd_sc_hd__a2111o_4 instances:   4
  Class: RAM256                instances:   1
  Class: sky130_fd_sc_hd__decap_3 instances:   1
  Class: sky130_fd_sc_hd__decap_4 instances:   1
  Class: sky130_fd_sc_hd__decap_6 instances:   1
  Class: sky130_fd_sc_hd__decap_8 instances:   1
  Class: sky130_fd_sc_hd__dlygate4sd3_1 instances: 3154
  Class: sky130_fd_sc_hd__or2_1 instances: 215
  Class: sky130_fd_sc_hd__or2_2 instances:   7
  Class: sky130_fd_sc_hd__a2111oi_1 instances:   7
  Class: sky130_fd_sc_hd__or2_4 instances:  27
  Class: sky130_fd_sc_hd__a2111oi_2 instances:   3
  Class: sky130_fd_sc_hd__a2111oi_4 instances:   1
  Class: sky130_fd_sc_hd__nand2_1 instances: 341
  Class: sky130_fd_sc_hd__nand2_2 instances:  27
  Class: sky130_fd_sc_hd__nand2_4 instances:  16
  Class: sky130_fd_sc_hd__nor4b_1 instances:   2
  Class: sky130_fd_sc_hd__nor4b_2 instances:   1
  Class: sky130_fd_sc_hd__nand2_8 instances:  27
  Class: sky130_fd_sc_hd__nor4b_4 instances:   4
  Class: sky130_fd_sc_hd__o311ai_1 instances:   4
  Class: sky130_fd_sc_hd__o311ai_2 instances:   3
  Class: sky130_fd_sc_hd__o311ai_4 instances:   5
  Class: sky130_fd_sc_hd__nand3b_1 instances:  16
  Class: sky130_fd_sc_hd__nand3b_2 instances:   7
  Class: sky130_fd_sc_hd__mux2_1 instances: 3182
  Class: sky130_fd_sc_hd__nand3b_4 instances:   5
  Class: sky130_fd_sc_hd__mux2_2 instances:  18
  Class: sky130_fd_sc_hd__mux2_4 instances:  11
  Class: sky130_fd_sc_hd__mux2_8 instances:   7
  Class: sky130_fd_sc_hd__o2bb2ai_1 instances:  13
  Class: sky130_fd_sc_hd__o2bb2ai_2 instances:   2
  Class: sky130_fd_sc_hd__o2bb2ai_4 instances:   1
  Class: sky130_fd_sc_hd__a211oi_1 instances:  49
  Class: sky130_fd_sc_hd__and2_1 instances: 107
  Class: sky130_fd_sc_hd__a211oi_2 instances:   5
  Class: sky130_fd_sc_hd__and2_2 instances:   8
  Class: sky130_fd_sc_hd__a211oi_4 instances:   5
  Class: sky130_fd_sc_hd__and2_4 instances:  15
  Class: sky130_fd_sc_hd__or4b_1 instances: 178
  Class: sky130_fd_sc_hd__or4b_2 instances:  16
  Class: sky130_fd_sc_hd__or4b_4 instances:  30
  Class: sky130_fd_sc_hd__nor4_1 instances:  34
  Class: sky130_fd_sc_hd__nor4_2 instances:  14
  Class: sky130_fd_sc_hd__nor4_4 instances:  13
  Class: sky130_fd_sc_hd__inv_12 instances:   2
  Class: sky130_fd_sc_hd__o32a_1 instances:  27
  Class: sky130_fd_sc_hd__o22a_1 instances:  60
  Class: sky130_fd_sc_hd__o22a_2 instances:   5
  Class: sky130_fd_sc_hd__o22a_4 instances:   5
  Class: sky130_fd_sc_hd__xnor2_1 instances:  33
  Class: sky130_fd_sc_hd__xnor2_2 instances:   3
  Class: sky130_fd_sc_hd__xnor2_4 instances:   2
  Class: sky130_fd_sc_hd__nor3b_1 instances:   4
  Class: sky130_fd_sc_hd__nor3b_2 instances:   3
  Class: sky130_fd_sc_hd__nor3b_4 instances:   2
  Class: sky130_fd_sc_hd__o221a_1 instances: 293
  Class: sky130_fd_sc_hd__o221a_2 instances:   1
  Class: sky130_fd_sc_hd__o21bai_1 instances:  11
  Class: sky130_fd_sc_hd__o21bai_2 instances:   1
  Class: sky130_fd_sc_hd__o21bai_4 instances:   2
  Class: sky130_fd_sc_hd__o211a_1 instances: 1019
  Class: sky130_fd_sc_hd__o211a_2 instances:  13
  Class: sky130_fd_sc_hd__o211a_4 instances:   9
  Class: sky130_fd_sc_hd__nand2b_1 instances:  66
  Class: sky130_fd_sc_hd__nand2b_2 instances:   4
  Class: sky130_fd_sc_hd__diode_2 instances: 5040
  Class: sky130_fd_sc_hd__nand2b_4 instances:  17
  Class: sky130_fd_sc_hd__a311oi_1 instances:  44
  Class: sky130_fd_sc_hd__a311oi_2 instances:   1
  Class: sky130_fd_sc_hd__a311oi_4 instances:  18
  Class: sky130_fd_sc_hd__a221o_1 instances: 265
  Class: sky130_fd_sc_hd__a221o_2 instances:  38
  Class: sky130_fd_sc_hd__a221o_4 instances:  60
  Class: sky130_fd_sc_hd__a211o_1 instances: 540
  Class: sky130_fd_sc_hd__a211o_2 instances:  17
  Class: sky130_fd_sc_hd__a211o_4 instances:  12
  Class: sky130_fd_sc_hd__o2111a_1 instances:  85
  Class: sky130_fd_sc_hd__o2111a_2 instances:   2
  Class: sky130_fd_sc_hd__o2111a_4 instances:   3
  Class: sky130_fd_sc_hd__or3b_1 instances: 155
  Class: sky130_fd_sc_hd__or3b_2 instances:   8
  Class: sky130_fd_sc_hd__or3b_4 instances:  28
  Class: sky130_fd_sc_hd__dlymetal6s2s_1 instances:   5
  Class: sky130_fd_sc_hd__or4bb_1 instances:   9
  Class: sky130_fd_sc_hd__nor3_1 instances:  46
  Class: sky130_fd_sc_hd__nor3_2 instances:  10
  Class: sky130_fd_sc_hd__or4bb_4 instances:  11
  Class: sky130_fd_sc_hd__nor3_4 instances:  10
  Class: sky130_fd_sc_hd__a32o_1 instances: 171
  Class: sky130_fd_sc_hd__a32o_2 instances:   7
  Class: sky130_fd_sc_hd__a32o_4 instances:   9
  Class: RAM128                instances:   1
  Class: sky130_fd_sc_hd__o41a_1 instances:  27
  Class: sky130_fd_sc_hd__o41a_2 instances:   6
  Class: sky130_fd_sc_hd__o41a_4 instances:  14
  Class: sky130_fd_sc_hd__a22o_1 instances: 428
  Class: sky130_fd_sc_hd__a22o_2 instances:  52
  Class: sky130_fd_sc_hd__a22o_4 instances:  60
  Class: sky130_fd_sc_hd__o31a_1 instances: 254
  Class: sky130_fd_sc_hd__o31a_2 instances:  14
  Class: sky130_fd_sc_hd__o31a_4 instances:   8
  Class: sky130_fd_sc_hd__o2bb2a_1 instances:  53
  Class: sky130_fd_sc_hd__o2bb2a_2 instances:   8
  Class: sky130_fd_sc_hd__o2bb2a_4 instances:   3
  Class: sky130_fd_sc_hd__o21a_1 instances: 314
  Class: sky130_fd_sc_hd__o21a_2 instances:   5
  Class: sky130_fd_sc_hd__o41ai_1 instances:   6
  Class: sky130_fd_sc_hd__o41ai_2 instances:   1
  Class: sky130_fd_sc_hd__o21a_4 instances:  14
  Class: sky130_fd_sc_hd__a41oi_1 instances:   1
  Class: sky130_fd_sc_hd__a41oi_2 instances:   1
  Class: sky130_fd_sc_hd__a41oi_4 instances:   1
  Class: sky130_fd_sc_hd__o311a_1 instances: 302
  Class: sky130_fd_sc_hd__o311a_2 instances:   5
  Class: sky130_fd_sc_hd__o311a_4 instances:   1
  Class: sky130_fd_sc_hd__o22ai_1 instances:   6
  Class: sky130_fd_sc_hd__o22ai_2 instances:   2
  Class: sky130_fd_sc_hd__o22ai_4 instances:   7
  Class: sky130_fd_sc_hd__a22oi_1 instances:  20
  Class: sky130_fd_sc_hd__a22oi_2 instances:  13
  Class: sky130_fd_sc_hd__and4b_1 instances:  42
  Class: sky130_fd_sc_hd__and4b_2 instances:   8
  Class: sky130_fd_sc_hd__a22oi_4 instances:  21
  Class: sky130_fd_sc_hd__o21ai_1 instances: 384
  Class: sky130_fd_sc_hd__tapvpwrvgnd_1 instances:   1
  Class: sky130_fd_sc_hd__o21ai_2 instances:  33
  Class: sky130_fd_sc_hd__and4b_4 instances:  37
  Class: sky130_fd_sc_hd__o21ai_4 instances:  51
  Class: sky130_fd_sc_hd__a21oi_1 instances: 305
  Class: sky130_fd_sc_hd__a21oi_2 instances:  18
  Class: sky130_fd_sc_hd__a311o_1 instances: 165
  Class: sky130_fd_sc_hd__a21oi_4 instances:  36
  Class: sky130_fd_sc_hd__a311o_2 instances:   8
  Class: sky130_fd_sc_hd__a311o_4 instances:   3
  Class: sky130_fd_sc_hd__fill_1 instances:   1
  Class: sky130_fd_sc_hd__fill_2 instances:   1
  Class: sky130_fd_sc_hd__o211ai_1 instances:  20
  Class: sky130_fd_sc_hd__o211ai_2 instances:   5
  Class: sky130_fd_sc_hd__o211ai_4 instances:  12
  Class: sky130_fd_sc_hd__clkinv_16 instances:  26
  Class: sky130_fd_sc_hd__and4bb_1 instances:  22
  Class: sky130_fd_sc_hd__and4bb_2 instances:   4
  Class: sky130_fd_sc_hd__and4bb_4 instances:  20
  Class: sky130_fd_sc_hd__nor2_1 instances: 215
  Class: sky130_fd_sc_hd__nor2_2 instances:  27
  Class: sky130_fd_sc_hd__nor2_4 instances:  16
  Class: sky130_fd_sc_hd__nor2_8 instances:  34
Circuit contains 25043 nets, and 3 disconnected pins.

Circuit 1 contains 29800 devices, Circuit 2 contains 29800 devices.
Circuit 1 contains 25043 nets,    Circuit 2 contains 25043 nets.


Final result: 
Circuits match uniquely.
.
Logging to file "/home/hosni/re/caravel_mgmt_soc_litex/openlane/mgmt_core_wrapper/runs/RUN_2022.10.16_22.45.55/logs/signoff/33-mgmt_core_wrapper.lef.lvs.log" disabled
LVS Done.
