tech-files/sky130A_mr.drc:48: warning: already initialized constant DRC::DRCEngine::FEOL
tech-files/sky130A_mr.drc:40: warning: previous definition of FEOL was here
tech-files/sky130A_mr.drc:54: warning: already initialized constant DRC::DRCEngine::BEOL
tech-files/sky130A_mr.drc:41: warning: previous definition of BEOL was here
tech-files/sky130A_mr.drc:62: warning: already initialized constant DRC::DRCEngine::OFFGRID
tech-files/sky130A_mr.drc:42: warning: previous definition of OFFGRID was here
tech-files/sky130A_mr.drc:66: warning: already initialized constant DRC::DRCEngine::SEAL
tech-files/sky130A_mr.drc:43: warning: previous definition of SEAL was here
tech-files/sky130A_mr.drc:74: warning: already initialized constant DRC::DRCEngine::FLOATING_MET
tech-files/sky130A_mr.drc:44: warning: previous definition of FLOATING_MET was here
"input" in: sky130A_mr.drc:124
    Polygons (raw): 62642 (flat)  83 (hierarchical)
    Elapsed: 0.030s  Memory: 427.00M
"polygons" in: sky130A_mr.drc:125
    Polygons (raw): 5724 (flat)  2 (hierarchical)
    Elapsed: 0.020s  Memory: 427.00M
"polygons" in: sky130A_mr.drc:126
    Polygons (raw): 27410 (flat)  27 (hierarchical)
    Elapsed: 0.020s  Memory: 427.00M
"polygons" in: sky130A_mr.drc:127
    Polygons (raw): 0 (flat)  0 (hierarchical)
    Elapsed: 0.010s  Memory: 427.00M
"polygons" in: sky130A_mr.drc:128
    Polygons (raw): 0 (flat)  0 (hierarchical)
    Elapsed: 0.010s  Memory: 427.00M
"polygons" in: sky130A_mr.drc:129
    Polygons (raw): 0 (flat)  0 (hierarchical)
    Elapsed: 0.010s  Memory: 427.00M
"polygons" in: sky130A_mr.drc:130
    Polygons (raw): 0 (flat)  0 (hierarchical)
    Elapsed: 0.010s  Memory: 427.00M
"polygons" in: sky130A_mr.drc:131
    Polygons (raw): 0 (flat)  0 (hierarchical)
    Elapsed: 0.010s  Memory: 427.00M
"polygons" in: sky130A_mr.drc:132
    Polygons (raw): 28106 (flat)  29 (hierarchical)
    Elapsed: 0.010s  Memory: 427.00M
"polygons" in: sky130A_mr.drc:133
    Polygons (raw): 0 (flat)  0 (hierarchical)
    Elapsed: 0.010s  Memory: 427.00M
"polygons" in: sky130A_mr.drc:134
    Polygons (raw): 0 (flat)  0 (hierarchical)
    Elapsed: 0.010s  Memory: 427.00M
"polygons" in: sky130A_mr.drc:135
    Polygons (raw): 0 (flat)  0 (hierarchical)
    Elapsed: 0.010s  Memory: 427.00M
"polygons" in: sky130A_mr.drc:136
    Polygons (raw): 0 (flat)  0 (hierarchical)
    Elapsed: 0.010s  Memory: 427.00M
"polygons" in: sky130A_mr.drc:137
    Polygons (raw): 136753 (flat)  168 (hierarchical)
    Elapsed: 0.020s  Memory: 427.00M
"polygons" in: sky130A_mr.drc:138
    Polygons (raw): 0 (flat)  0 (hierarchical)
    Elapsed: 0.010s  Memory: 427.00M
"polygons" in: sky130A_mr.drc:139
    Polygons (raw): 30272 (flat)  28 (hierarchical)
    Elapsed: 0.020s  Memory: 427.00M
"polygons" in: sky130A_mr.drc:140
    Polygons (raw): 30272 (flat)  28 (hierarchical)
    Elapsed: 0.010s  Memory: 427.00M
"polygons" in: sky130A_mr.drc:141
    Polygons (raw): 0 (flat)  0 (hierarchical)
    Elapsed: 0.010s  Memory: 427.00M
"polygons" in: sky130A_mr.drc:142
    Polygons (raw): 0 (flat)  0 (hierarchical)
    Elapsed: 0.010s  Memory: 427.00M
"polygons" in: sky130A_mr.drc:143
    Polygons (raw): 18903 (flat)  31 (hierarchical)
    Elapsed: 0.010s  Memory: 427.00M
"polygons" in: sky130A_mr.drc:144
    Polygons (raw): 442463 (flat)  596 (hierarchical)
    Elapsed: 0.020s  Memory: 427.00M
"polygons" in: sky130A_mr.drc:146
    Polygons (raw): 261522 (flat)  39106 (hierarchical)
    Elapsed: 0.030s  Memory: 428.00M
"polygons" in: sky130A_mr.drc:147
    Polygons (raw): 386954 (flat)  39281 (hierarchical)
    Elapsed: 0.030s  Memory: 429.00M
"polygons" in: sky130A_mr.drc:149
    Polygons (raw): 280045 (flat)  203502 (hierarchical)
    Elapsed: 0.130s  Memory: 436.00M
"polygons" in: sky130A_mr.drc:150
    Polygons (raw): 49683 (flat)  49683 (hierarchical)
    Elapsed: 0.030s  Memory: 436.00M
"polygons" in: sky130A_mr.drc:152
    Polygons (raw): 93331 (flat)  93331 (hierarchical)
    Elapsed: 0.050s  Memory: 437.00M
"polygons" in: sky130A_mr.drc:153
    Polygons (raw): 7542 (flat)  7542 (hierarchical)
    Elapsed: 0.020s  Memory: 437.00M
"polygons" in: sky130A_mr.drc:155
    Polygons (raw): 15563 (flat)  15563 (hierarchical)
    Elapsed: 0.020s  Memory: 437.00M
"polygons" in: sky130A_mr.drc:156
    Polygons (raw): 2277 (flat)  2277 (hierarchical)
    Elapsed: 0.020s  Memory: 437.00M
"polygons" in: sky130A_mr.drc:158
    Polygons (raw): 599 (flat)  599 (hierarchical)
    Elapsed: 0.020s  Memory: 437.00M
"polygons" in: sky130A_mr.drc:159
    Polygons (raw): 0 (flat)  0 (hierarchical)
    Elapsed: 0.010s  Memory: 437.00M
"polygons" in: sky130A_mr.drc:161
    Polygons (raw): 0 (flat)  0 (hierarchical)
    Elapsed: 0.010s  Memory: 437.00M
"polygons" in: sky130A_mr.drc:163
    Polygons (raw): 0 (flat)  0 (hierarchical)
    Elapsed: 0.010s  Memory: 437.00M
"polygons" in: sky130A_mr.drc:164
    Polygons (raw): 0 (flat)  0 (hierarchical)
    Elapsed: 0.020s  Memory: 437.00M
"polygons" in: sky130A_mr.drc:165
    Polygons (raw): 0 (flat)  0 (hierarchical)
    Elapsed: 0.010s  Memory: 437.00M
"polygons" in: sky130A_mr.drc:166
    Polygons (raw): 0 (flat)  0 (hierarchical)
    Elapsed: 0.010s  Memory: 437.00M
"polygons" in: sky130A_mr.drc:167
    Polygons (raw): 0 (flat)  0 (hierarchical)
    Elapsed: 0.010s  Memory: 437.00M
"polygons" in: sky130A_mr.drc:168
    Polygons (raw): 0 (flat)  0 (hierarchical)
    Elapsed: 0.010s  Memory: 437.00M
"polygons" in: sky130A_mr.drc:169
    Polygons (raw): 0 (flat)  0 (hierarchical)
    Elapsed: 0.010s  Memory: 437.00M
"polygons" in: sky130A_mr.drc:170
    Polygons (raw): 0 (flat)  0 (hierarchical)
    Elapsed: 0.010s  Memory: 437.00M
"polygons" in: sky130A_mr.drc:171
    Polygons (raw): 0 (flat)  0 (hierarchical)
    Elapsed: 0.010s  Memory: 437.00M
"polygons" in: sky130A_mr.drc:172
    Polygons (raw): 0 (flat)  0 (hierarchical)
    Elapsed: 0.010s  Memory: 437.00M
"polygons" in: sky130A_mr.drc:173
    Polygons (raw): 0 (flat)  0 (hierarchical)
    Elapsed: 0.010s  Memory: 437.00M
"polygons" in: sky130A_mr.drc:174
    Polygons (raw): 0 (flat)  0 (hierarchical)
    Elapsed: 0.010s  Memory: 437.00M
"polygons" in: sky130A_mr.drc:175
    Polygons (raw): 0 (flat)  0 (hierarchical)
    Elapsed: 0.010s  Memory: 437.00M
"polygons" in: sky130A_mr.drc:176
    Polygons (raw): 0 (flat)  0 (hierarchical)
    Elapsed: 0.010s  Memory: 437.00M
"polygons" in: sky130A_mr.drc:177
    Polygons (raw): 0 (flat)  0 (hierarchical)
    Elapsed: 0.020s  Memory: 437.00M
"polygons" in: sky130A_mr.drc:178
    Polygons (raw): 0 (flat)  0 (hierarchical)
    Elapsed: 0.010s  Memory: 437.00M
"polygons" in: sky130A_mr.drc:179
    Polygons (raw): 0 (flat)  0 (hierarchical)
    Elapsed: 0.010s  Memory: 437.00M
"polygons" in: sky130A_mr.drc:180
    Polygons (raw): 27410 (flat)  27 (hierarchical)
    Elapsed: 0.020s  Memory: 437.00M
"polygons" in: sky130A_mr.drc:181
    Polygons (raw): 0 (flat)  0 (hierarchical)
    Elapsed: 0.010s  Memory: 437.00M
"polygons" in: sky130A_mr.drc:182
    Polygons (raw): 0 (flat)  0 (hierarchical)
    Elapsed: 0.010s  Memory: 437.00M
"polygons" in: sky130A_mr.drc:183
    Polygons (raw): 0 (flat)  0 (hierarchical)
    Elapsed: 0.020s  Memory: 437.00M
"polygons" in: sky130A_mr.drc:184
    Polygons (raw): 0 (flat)  0 (hierarchical)
    Elapsed: 0.010s  Memory: 437.00M
"polygons" in: sky130A_mr.drc:185
    Polygons (raw): 0 (flat)  0 (hierarchical)
    Elapsed: 0.010s  Memory: 437.00M
"polygons" in: sky130A_mr.drc:186
    Polygons (raw): 0 (flat)  0 (hierarchical)
    Elapsed: 0.020s  Memory: 437.00M
"polygons" in: sky130A_mr.drc:187
    Polygons (raw): 0 (flat)  0 (hierarchical)
    Elapsed: 0.010s  Memory: 437.00M
"polygons" in: sky130A_mr.drc:188
    Polygons (raw): 0 (flat)  0 (hierarchical)
    Elapsed: 0.010s  Memory: 437.00M
"polygons" in: sky130A_mr.drc:189
    Polygons (raw): 0 (flat)  0 (hierarchical)
    Elapsed: 0.010s  Memory: 437.00M
"polygons" in: sky130A_mr.drc:190
    Polygons (raw): 0 (flat)  0 (hierarchical)
    Elapsed: 0.010s  Memory: 437.00M
"polygons" in: sky130A_mr.drc:191
    Polygons (raw): 0 (flat)  0 (hierarchical)
    Elapsed: 0.010s  Memory: 437.00M
"polygons" in: sky130A_mr.drc:192
    Polygons (raw): 0 (flat)  0 (hierarchical)
    Elapsed: 0.010s  Memory: 437.00M
"polygons" in: sky130A_mr.drc:193
    Polygons (raw): 6586 (flat)  1 (hierarchical)
    Elapsed: 0.010s  Memory: 437.00M
"polygons" in: sky130A_mr.drc:194
    Polygons (raw): 0 (flat)  0 (hierarchical)
    Elapsed: 0.010s  Memory: 437.00M
"polygons" in: sky130A_mr.drc:195
    Polygons (raw): 0 (flat)  0 (hierarchical)
    Elapsed: 0.010s  Memory: 437.00M
"polygons" in: sky130A_mr.drc:196
    Polygons (raw): 0 (flat)  0 (hierarchical)
    Elapsed: 0.010s  Memory: 437.00M
"polygons" in: sky130A_mr.drc:197
    Polygons (raw): 0 (flat)  0 (hierarchical)
    Elapsed: 0.010s  Memory: 437.00M
"polygons" in: sky130A_mr.drc:198
    Polygons (raw): 0 (flat)  0 (hierarchical)
    Elapsed: 0.010s  Memory: 437.00M
"polygons" in: sky130A_mr.drc:199
    Polygons (raw): 0 (flat)  0 (hierarchical)
    Elapsed: 0.010s  Memory: 437.00M
"polygons" in: sky130A_mr.drc:200
    Polygons (raw): 0 (flat)  0 (hierarchical)
    Elapsed: 0.010s  Memory: 437.00M
"polygons" in: sky130A_mr.drc:201
    Polygons (raw): 0 (flat)  0 (hierarchical)
    Elapsed: 0.010s  Memory: 437.00M
"polygons" in: sky130A_mr.drc:202
    Polygons (raw): 0 (flat)  0 (hierarchical)
    Elapsed: 0.010s  Memory: 437.00M
"polygons" in: sky130A_mr.drc:203
    Polygons (raw): 0 (flat)  0 (hierarchical)
    Elapsed: 0.010s  Memory: 437.00M
"polygons" in: sky130A_mr.drc:204
    Polygons (raw): 0 (flat)  0 (hierarchical)
    Elapsed: 0.010s  Memory: 437.00M
"polygons" in: sky130A_mr.drc:205
    Polygons (raw): 0 (flat)  0 (hierarchical)
    Elapsed: 0.020s  Memory: 437.00M
"polygons" in: sky130A_mr.drc:206
    Polygons (raw): 0 (flat)  0 (hierarchical)
    Elapsed: 0.010s  Memory: 437.00M
"polygons" in: sky130A_mr.drc:207
    Polygons (raw): 0 (flat)  0 (hierarchical)
    Elapsed: 0.010s  Memory: 437.00M
"polygons" in: sky130A_mr.drc:208
    Polygons (raw): 0 (flat)  0 (hierarchical)
    Elapsed: 0.010s  Memory: 437.00M
"polygons" in: sky130A_mr.drc:209
    Polygons (raw): 0 (flat)  0 (hierarchical)
    Elapsed: 0.010s  Memory: 437.00M
"polygons" in: sky130A_mr.drc:210
    Polygons (raw): 0 (flat)  0 (hierarchical)
    Elapsed: 0.020s  Memory: 437.00M
"polygons" in: sky130A_mr.drc:211
    Polygons (raw): 0 (flat)  0 (hierarchical)
    Elapsed: 0.010s  Memory: 437.00M
"polygons" in: sky130A_mr.drc:212
    Polygons (raw): 0 (flat)  0 (hierarchical)
    Elapsed: 0.010s  Memory: 437.00M
"polygons" in: sky130A_mr.drc:213
    Polygons (raw): 0 (flat)  0 (hierarchical)
    Elapsed: 0.020s  Memory: 437.00M
"polygons" in: sky130A_mr.drc:214
    Polygons (raw): 0 (flat)  0 (hierarchical)
    Elapsed: 0.010s  Memory: 437.00M
"polygons" in: sky130A_mr.drc:215
    Polygons (raw): 0 (flat)  0 (hierarchical)
    Elapsed: 0.010s  Memory: 437.00M
DRC section
FEOL section
START: 64/18 (dnwell)
"width" in: sky130A_mr.drc:241
    Edge pairs: 0 (flat)  0 (hierarchical)
    Elapsed: 0.020s  Memory: 437.00M
"output" in: sky130A_mr.drc:241
    Edge pairs: 0 (flat)  0 (hierarchical)
    Elapsed: 0.020s  Memory: 437.00M
END: 64/18 (dnwell)
"input" in: sky130A_mr.drc:245
    Polygons (raw): 30272 (flat)  28 (hierarchical)
    Elapsed: 0.020s  Memory: 437.00M
"input" in: sky130A_mr.drc:246
    Polygons (raw): 30272 (flat)  28 (hierarchical)
    Elapsed: 0.020s  Memory: 437.00M
"input" in: sky130A_mr.drc:247
    Polygons (raw): 27410 (flat)  27 (hierarchical)
    Elapsed: 0.020s  Memory: 437.00M
"input" in: sky130A_mr.drc:252
    Polygons (raw): 27410 (flat)  27 (hierarchical)
    Elapsed: 0.020s  Memory: 437.00M
START: 64/20 (nwell)
"width" in: sky130A_mr.drc:256
    Edge pairs: 0 (flat)  0 (hierarchical)
    Elapsed: 0.370s  Memory: 445.00M
"output" in: sky130A_mr.drc:256
    Edge pairs: 0 (flat)  0 (hierarchical)
    Elapsed: 0.010s  Memory: 445.00M
"space" in: sky130A_mr.drc:257
    Edge pairs: 0 (flat)  0 (hierarchical)
    Elapsed: 0.020s  Memory: 989.00M
"output" in: sky130A_mr.drc:257
    Edge pairs: 0 (flat)  0 (hierarchical)
    Elapsed: 0.020s  Memory: 989.00M
"and" in: sky130A_mr.drc:258
    Polygons (raw): 27410 (flat)  27 (hierarchical)
    Elapsed: 1.090s  Memory: 997.00M
"merge" in: sky130A_mr.drc:258
    Polygons (raw): 79 (flat)  79 (hierarchical)
    Elapsed: 0.370s  Memory: 990.00M
"holes" in: sky130A_mr.drc:259
    Polygons (raw): 0 (flat)  0 (hierarchical)
    Elapsed: 0.010s  Memory: 990.00M
"enclosing" in: sky130A_mr.drc:259
    Edge pairs: 0 (flat)  0 (hierarchical)
    Elapsed: 0.010s  Memory: 990.00M
"output" in: sky130A_mr.drc:259
    Edge pairs: 0 (flat)  0 (hierarchical)
    Elapsed: 0.010s  Memory: 990.00M
END: 64/20 (nwell)
START: 78/44 (hvtp)
"width" in: sky130A_mr.drc:264
    Edge pairs: 0 (flat)  0 (hierarchical)
    Elapsed: 0.330s  Memory: 990.00M
"output" in: sky130A_mr.drc:264
    Edge pairs: 0 (flat)  0 (hierarchical)
    Elapsed: 0.020s  Memory: 990.00M
"space" in: sky130A_mr.drc:265
    Edge pairs: 0 (flat)  0 (hierarchical)
    Elapsed: 0.020s  Memory: 990.00M
"output" in: sky130A_mr.drc:265
    Edge pairs: 0 (flat)  0 (hierarchical)
    Elapsed: 0.020s  Memory: 990.00M
END: 78/44 (hvtp)
START: 18/20 (htvr)
"width" in: sky130A_mr.drc:270
    Edge pairs: 0 (flat)  0 (hierarchical)
    Elapsed: 0.020s  Memory: 990.00M
"output" in: sky130A_mr.drc:270
    Edge pairs: 0 (flat)  0 (hierarchical)
    Elapsed: 0.020s  Memory: 990.00M
"separation" in: sky130A_mr.drc:271
    Edge pairs: 0 (flat)  0 (hierarchical)
    Elapsed: 0.020s  Memory: 990.00M
"output" in: sky130A_mr.drc:271
    Edge pairs: 0 (flat)  0 (hierarchical)
    Elapsed: 0.020s  Memory: 990.00M
"and" in: sky130A_mr.drc:272
    Polygons (raw): 0 (flat)  0 (hierarchical)
    Elapsed: 0.010s  Memory: 990.00M
"output" in: sky130A_mr.drc:272
    Polygons (raw): 0 (flat)  0 (hierarchical)
    Elapsed: 0.010s  Memory: 990.00M
END: 18/20 (htvr)
START: 25/44 (lvtn)
"width" in: sky130A_mr.drc:277
    Edge pairs: 0 (flat)  0 (hierarchical)
    Elapsed: 0.020s  Memory: 990.00M
"output" in: sky130A_mr.drc:277
    Edge pairs: 0 (flat)  0 (hierarchical)
    Elapsed: 0.020s  Memory: 990.00M
"space" in: sky130A_mr.drc:278
    Edge pairs: 0 (flat)  0 (hierarchical)
    Elapsed: 0.020s  Memory: 990.00M
"output" in: sky130A_mr.drc:278
    Edge pairs: 0 (flat)  0 (hierarchical)
    Elapsed: 0.020s  Memory: 990.00M
END: 25/44 (lvtn)
START: 92/44 (ncm)
"width" in: sky130A_mr.drc:283
    Edge pairs: 0 (flat)  0 (hierarchical)
    Elapsed: 0.020s  Memory: 990.00M
"output" in: sky130A_mr.drc:283
    Edge pairs: 0 (flat)  0 (hierarchical)
    Elapsed: 0.010s  Memory: 990.00M
"space" in: sky130A_mr.drc:284
    Edge pairs: 0 (flat)  0 (hierarchical)
    Elapsed: 0.020s  Memory: 990.00M
"output" in: sky130A_mr.drc:284
    Edge pairs: 0 (flat)  0 (hierarchical)
    Elapsed: 0.020s  Memory: 990.00M
END: 92/44 (ncm)
START: 65/20 (diff)
"or" in: sky130A_mr.drc:289
    Polygons (raw): 68366 (flat)  85 (hierarchical)
    Elapsed: 0.090s  Memory: 990.00M
"rectangles" in: sky130A_mr.drc:290
    Polygons (raw): 46388 (flat)  54 (hierarchical)
    Elapsed: 0.070s  Memory: 990.00M
"width" in: sky130A_mr.drc:290
    Edge pairs: 0 (flat)  0 (hierarchical)
    Elapsed: 0.010s  Memory: 990.00M
"polygons" in: sky130A_mr.drc:290
    Polygons (raw): 0 (flat)  0 (hierarchical)
    Elapsed: 0.010s  Memory: 990.00M
"edges" in: sky130A_mr.drc:291
    Edges: 0 (flat)  0 (hierarchical)
    Elapsed: 0.010s  Memory: 990.00M
"outside_part" in: sky130A_mr.drc:291
    Edges: 0 (flat)  0 (hierarchical)
    Elapsed: 0.010s  Memory: 990.00M
"outside" in: sky130A_mr.drc:291
    Polygons (raw): 0 (flat)  0 (hierarchical)
    Elapsed: 0.030s  Memory: 990.00M
"edges" in: sky130A_mr.drc:291
    Edges: 0 (flat)  0 (hierarchical)
    Elapsed: 0.020s  Memory: 990.00M
"not" in: sky130A_mr.drc:291
    Edges: 0 (flat)  0 (hierarchical)
    Elapsed: 0.010s  Memory: 990.00M
"output" in: sky130A_mr.drc:292
    Edges: 0 (flat)  0 (hierarchical)
    Elapsed: 0.010s  Memory: 990.00M
"outside" in: sky130A_mr.drc:293
    Polygons (raw): 62642 (flat)  83 (hierarchical)
    Elapsed: 0.040s  Memory: 990.00M
"width" in: sky130A_mr.drc:293
    Edge pairs: 0 (flat)  0 (hierarchical)
    Elapsed: 0.070s  Memory: 990.00M
"output" in: sky130A_mr.drc:293
    Edge pairs: 0 (flat)  0 (hierarchical)
    Elapsed: 0.010s  Memory: 990.00M
END: 65/20 (diff)
START: 65/44 (tap)
"rectangles" in: sky130A_mr.drc:297
    Polygons (raw): 5724 (flat)  2 (hierarchical)
    Elapsed: 0.020s  Memory: 990.00M
"width" in: sky130A_mr.drc:297
    Edge pairs: 0 (flat)  0 (hierarchical)
    Elapsed: 0.010s  Memory: 990.00M
"polygons" in: sky130A_mr.drc:297
    Polygons (raw): 0 (flat)  0 (hierarchical)
    Elapsed: 0.010s  Memory: 990.00M
"edges" in: sky130A_mr.drc:298
    Edges: 0 (flat)  0 (hierarchical)
    Elapsed: 0.020s  Memory: 990.00M
"outside_part" in: sky130A_mr.drc:298
    Edges: 0 (flat)  0 (hierarchical)
    Elapsed: 0.010s  Memory: 990.00M
"outside" in: sky130A_mr.drc:298
    Polygons (raw): 0 (flat)  0 (hierarchical)
    Elapsed: 0.020s  Memory: 990.00M
"edges" in: sky130A_mr.drc:298
    Edges: 0 (flat)  0 (hierarchical)
    Elapsed: 0.010s  Memory: 990.00M
"not" in: sky130A_mr.drc:298
    Edges: 0 (flat)  0 (hierarchical)
    Elapsed: 0.010s  Memory: 990.00M
"output" in: sky130A_mr.drc:299
    Edges: 0 (flat)  0 (hierarchical)
    Elapsed: 0.020s  Memory: 990.00M
"not" in: sky130A_mr.drc:300
    Polygons (raw): 5724 (flat)  2 (hierarchical)
    Elapsed: 0.010s  Memory: 990.00M
"width" in: sky130A_mr.drc:300
    Edge pairs: 0 (flat)  0 (hierarchical)
    Elapsed: 0.010s  Memory: 990.00M
"output" in: sky130A_mr.drc:300
    Edge pairs: 0 (flat)  0 (hierarchical)
    Elapsed: 0.010s  Memory: 990.00M
END: 65/44 (tap)
"space" in: sky130A_mr.drc:303
    Edge pairs: 0 (flat)  0 (hierarchical)
    Elapsed: 0.150s  Memory: 990.00M
"output" in: sky130A_mr.drc:303
    Edge pairs: 0 (flat)  0 (hierarchical)
    Elapsed: 0.010s  Memory: 990.00M
START: 80/20 (tunm)
"width" in: sky130A_mr.drc:307
    Edge pairs: 0 (flat)  0 (hierarchical)
    Elapsed: 0.020s  Memory: 990.00M
"output" in: sky130A_mr.drc:307
    Edge pairs: 0 (flat)  0 (hierarchical)
    Elapsed: 0.020s  Memory: 990.00M
"space" in: sky130A_mr.drc:308
    Edge pairs: 0 (flat)  0 (hierarchical)
    Elapsed: 0.020s  Memory: 990.00M
"output" in: sky130A_mr.drc:308
    Edge pairs: 0 (flat)  0 (hierarchical)
    Elapsed: 0.010s  Memory: 990.00M
END: 80/20 (tunm)
START: 66/20 (poly)
"width" in: sky130A_mr.drc:313
    Edge pairs: 0 (flat)  0 (hierarchical)
    Elapsed: 0.060s  Memory: 990.00M
"output" in: sky130A_mr.drc:313
    Edge pairs: 0 (flat)  0 (hierarchical)
    Elapsed: 0.020s  Memory: 990.00M
"not" in: sky130A_mr.drc:314
    Polygons (raw): 136753 (flat)  168 (hierarchical)
    Elapsed: 0.020s  Memory: 990.00M
"space" in: sky130A_mr.drc:314
    Edge pairs: 0 (flat)  0 (hierarchical)
    Elapsed: 0.090s  Memory: 990.00M
"output" in: sky130A_mr.drc:314
    Edge pairs: 0 (flat)  0 (hierarchical)
    Elapsed: 0.030s  Memory: 990.00M
START: 86/20 (rpm)
"width" in: sky130A_mr.drc:319
    Edge pairs: 0 (flat)  0 (hierarchical)
    Elapsed: 0.020s  Memory: 990.00M
"output" in: sky130A_mr.drc:319
    Edge pairs: 0 (flat)  0 (hierarchical)
    Elapsed: 0.020s  Memory: 990.00M
"space" in: sky130A_mr.drc:320
    Edge pairs: 0 (flat)  0 (hierarchical)
    Elapsed: 0.010s  Memory: 990.00M
"output" in: sky130A_mr.drc:320
    Edge pairs: 0 (flat)  0 (hierarchical)
    Elapsed: 0.010s  Memory: 990.00M
END: 86/20 (rpm)
START: 79/20 (urpm)
"width" in: sky130A_mr.drc:325
    Edge pairs: 0 (flat)  0 (hierarchical)
    Elapsed: 0.020s  Memory: 990.00M
"output" in: sky130A_mr.drc:325
    Edge pairs: 0 (flat)  0 (hierarchical)
    Elapsed: 0.020s  Memory: 990.00M
"space" in: sky130A_mr.drc:326
    Edge pairs: 0 (flat)  0 (hierarchical)
    Elapsed: 0.020s  Memory: 990.00M
"output" in: sky130A_mr.drc:326
    Edge pairs: 0 (flat)  0 (hierarchical)
    Elapsed: 0.020s  Memory: 990.00M
END: 79/20 (urpm)
START: 95/20 (npc)
"width" in: sky130A_mr.drc:331
    Edge pairs: 0 (flat)  0 (hierarchical)
    Elapsed: 0.190s  Memory: 990.00M
"output" in: sky130A_mr.drc:331
    Edge pairs: 0 (flat)  0 (hierarchical)
    Elapsed: 0.020s  Memory: 990.00M
"space" in: sky130A_mr.drc:332
    Edge pairs: 0 (flat)  0 (hierarchical)
    Elapsed: 0.060s  Memory: 990.00M
"output" in: sky130A_mr.drc:332
    Edge pairs: 0 (flat)  0 (hierarchical)
    Elapsed: 0.020s  Memory: 990.00M
END: 95/20 (npc)
START: 93/44 (nsdm)
"outside" in: sky130A_mr.drc:337
    Polygons (raw): 2941 (flat)  80 (hierarchical)
    Elapsed: 0.380s  Memory: 990.00M
"width" in: sky130A_mr.drc:337
    Edge pairs: 0 (flat)  0 (hierarchical)
    Elapsed: 0.040s  Memory: 990.00M
"output" in: sky130A_mr.drc:337
    Edge pairs: 0 (flat)  0 (hierarchical)
    Elapsed: 0.010s  Memory: 990.00M
"not" in: sky130A_mr.drc:338
    Polygons (raw): 30272 (flat)  28 (hierarchical)
    Elapsed: 0.010s  Memory: 990.00M
"space" in: sky130A_mr.drc:338
    Edge pairs: 0 (flat)  0 (hierarchical)
    Elapsed: 0.120s  Memory: 990.00M
"output" in: sky130A_mr.drc:338
    Edge pairs: 0 (flat)  0 (hierarchical)
    Elapsed: 0.010s  Memory: 990.00M
END: 93/44 (nsdm)
START: 94/20 (psdm)
"outside" in: sky130A_mr.drc:343
    Polygons (raw): 2941 (flat)  80 (hierarchical)
    Elapsed: 0.470s  Memory: 990.00M
"width" in: sky130A_mr.drc:343
    Edge pairs: 0 (flat)  0 (hierarchical)
    Elapsed: 0.110s  Memory: 990.00M
"output" in: sky130A_mr.drc:343
    Edge pairs: 0 (flat)  0 (hierarchical)
    Elapsed: 0.010s  Memory: 990.00M
"not" in: sky130A_mr.drc:344
    Polygons (raw): 30272 (flat)  28 (hierarchical)
    Elapsed: 0.010s  Memory: 990.00M
"space" in: sky130A_mr.drc:344
    Edge pairs: 0 (flat)  0 (hierarchical)
    Elapsed: 0.090s  Memory: 990.00M
"output" in: sky130A_mr.drc:344
    Edge pairs: 0 (flat)  0 (hierarchical)
    Elapsed: 0.010s  Memory: 990.00M
END: 94/20 (psdm)
START: 66/44 (licon)
"drc" in: sky130A_mr.drc:350
    Polygons (raw): 0 (flat)  0 (hierarchical)
    Elapsed: 0.250s  Memory: 990.00M
"not" in: sky130A_mr.drc:351
    Polygons (raw): 442463 (flat)  596 (hierarchical)
    Elapsed: 0.010s  Memory: 990.00M
"not" in: sky130A_mr.drc:355
    Polygons (raw): 263422 (flat)  363 (hierarchical)
    Elapsed: 0.140s  Memory: 990.00M
"and" in: sky130A_mr.drc:356
    Polygons (raw): 348663 (flat)  457 (hierarchical)
    Elapsed: 0.170s  Memory: 990.00M
"interacting" in: sky130A_mr.drc:356
    Polygons (raw): 348663 (flat)  457 (hierarchical)
    Elapsed: 0.160s  Memory: 990.00M
"not" in: sky130A_mr.drc:357
    Polygons (raw): 348663 (flat)  457 (hierarchical)
    Elapsed: 0.020s  Memory: 990.00M
"non_rectangles" in: sky130A_mr.drc:358
    Polygons (raw): 0 (flat)  0 (hierarchical)
    Elapsed: 0.020s  Memory: 990.00M
"output" in: sky130A_mr.drc:358
    Polygons (raw): 0 (flat)  0 (hierarchical)
    Elapsed: 0.010s  Memory: 990.00M
"or" in: sky130A_mr.drc:359
    Polygons (raw): 0 (flat)  0 (hierarchical)
    Elapsed: 0.010s  Memory: 990.00M
"not" in: sky130A_mr.drc:359
    Polygons (raw): 442463 (flat)  596 (hierarchical)
    Elapsed: 0.020s  Memory: 990.00M
"edges" in: sky130A_mr.drc:359
    Edges: 1769852 (flat)  2384 (hierarchical)
    Elapsed: 0.170s  Memory: 990.00M
"without_length" in: sky130A_mr.drc:359
    Edges: 0 (flat)  0 (hierarchical)
    Elapsed: 0.100s  Memory: 990.00M
"output" in: sky130A_mr.drc:359
    Edges: 0 (flat)  0 (hierarchical)
    Elapsed: 0.020s  Memory: 990.00M
"separation" in: sky130A_mr.drc:360
    Edge pairs: 0 (flat)  0 (hierarchical)
    Elapsed: 0.200s  Memory: 990.00M
"output" in: sky130A_mr.drc:360
    Edge pairs: 0 (flat)  0 (hierarchical)
    Elapsed: 0.020s  Memory: 990.00M
"and" in: sky130A_mr.drc:361
    Polygons (raw): 0 (flat)  0 (hierarchical)
    Elapsed: 0.130s  Memory: 990.00M
"output" in: sky130A_mr.drc:361
    Polygons (raw): 0 (flat)  0 (hierarchical)
    Elapsed: 0.010s  Memory: 990.00M
"interacting" in: sky130A_mr.drc:362
    Polygons (raw): 93800 (flat)  139 (hierarchical)
    Elapsed: 0.130s  Memory: 990.00M
"interacting" in: sky130A_mr.drc:362
    Polygons (raw): 348663 (flat)  457 (hierarchical)
    Elapsed: 0.180s  Memory: 990.00M
"and" in: sky130A_mr.drc:362
    Polygons (raw): 0 (flat)  0 (hierarchical)
    Elapsed: 0.120s  Memory: 990.00M
"output" in: sky130A_mr.drc:362
    Polygons (raw): 0 (flat)  0 (hierarchical)
    Elapsed: 0.020s  Memory: 990.00M
END: 66/44 (licon)
START: 89/44 (capm)
"width" in: sky130A_mr.drc:367
    Edge pairs: 0 (flat)  0 (hierarchical)
    Elapsed: 0.020s  Memory: 990.00M
"output" in: sky130A_mr.drc:367
    Edge pairs: 0 (flat)  0 (hierarchical)
    Elapsed: 0.010s  Memory: 990.00M
"space" in: sky130A_mr.drc:368
    Edge pairs: 0 (flat)  0 (hierarchical)
    Elapsed: 0.020s  Memory: 990.00M
"output" in: sky130A_mr.drc:368
    Edge pairs: 0 (flat)  0 (hierarchical)
    Elapsed: 0.030s  Memory: 990.00M
"interacting" in: sky130A_mr.drc:369
    Polygons (raw): 0 (flat)  0 (hierarchical)
    Elapsed: 0.100s  Memory: 990.00M
"isolated" in: sky130A_mr.drc:369
    Edge pairs: 0 (flat)  0 (hierarchical)
    Elapsed: 0.020s  Memory: 990.00M
"output" in: sky130A_mr.drc:369
    Edge pairs: 0 (flat)  0 (hierarchical)
    Elapsed: 0.020s  Memory: 990.00M
"interacting" in: sky130A_mr.drc:370
    Polygons (raw): 0 (flat)  0 (hierarchical)
    Elapsed: 0.020s  Memory: 990.00M
"isolated" in: sky130A_mr.drc:370
    Edge pairs: 0 (flat)  0 (hierarchical)
    Elapsed: 0.030s  Memory: 990.00M
"output" in: sky130A_mr.drc:370
    Edge pairs: 0 (flat)  0 (hierarchical)
    Elapsed: 0.020s  Memory: 990.00M
"and" in: sky130A_mr.drc:371
    Polygons (raw): 0 (flat)  0 (hierarchical)
    Elapsed: 0.010s  Memory: 990.00M
"enclosing" in: sky130A_mr.drc:371
    Edge pairs: 0 (flat)  0 (hierarchical)
    Elapsed: 0.020s  Memory: 990.00M
"output" in: sky130A_mr.drc:371
    Edge pairs: 0 (flat)  0 (hierarchical)
    Elapsed: 0.020s  Memory: 990.00M
"enclosing" in: sky130A_mr.drc:372
    Edge pairs: 0 (flat)  0 (hierarchical)
    Elapsed: 0.020s  Memory: 990.00M
"output" in: sky130A_mr.drc:372
    Edge pairs: 0 (flat)  0 (hierarchical)
    Elapsed: 0.010s  Memory: 990.00M
"enclosing" in: sky130A_mr.drc:373
    Edge pairs: 0 (flat)  0 (hierarchical)
    Elapsed: 0.010s  Memory: 990.00M
"output" in: sky130A_mr.drc:373
    Edge pairs: 0 (flat)  0 (hierarchical)
    Elapsed: 0.010s  Memory: 990.00M
"separation" in: sky130A_mr.drc:374
    Edge pairs: 0 (flat)  0 (hierarchical)
    Elapsed: 0.020s  Memory: 990.00M
"output" in: sky130A_mr.drc:374
    Edge pairs: 0 (flat)  0 (hierarchical)
    Elapsed: 0.020s  Memory: 990.00M
"not_interacting" in: sky130A_mr.drc:375
    Polygons (raw): 3150 (flat)  3150 (hierarchical)
    Elapsed: 0.040s  Memory: 990.00M
"separation" in: sky130A_mr.drc:375
    Edge pairs: 0 (flat)  0 (hierarchical)
    Elapsed: 0.060s  Memory: 991.00M
"output" in: sky130A_mr.drc:375
    Edge pairs: 0 (flat)  0 (hierarchical)
    Elapsed: 0.010s  Memory: 991.00M
END: 89/44 (capm)
START: 97/44 (cap2m)
"width" in: sky130A_mr.drc:380
    Edge pairs: 0 (flat)  0 (hierarchical)
    Elapsed: 0.010s  Memory: 991.00M
"output" in: sky130A_mr.drc:380
    Edge pairs: 0 (flat)  0 (hierarchical)
    Elapsed: 0.010s  Memory: 991.00M
"space" in: sky130A_mr.drc:381
    Edge pairs: 0 (flat)  0 (hierarchical)
    Elapsed: 0.020s  Memory: 991.00M
"output" in: sky130A_mr.drc:381
    Edge pairs: 0 (flat)  0 (hierarchical)
    Elapsed: 0.020s  Memory: 991.00M
"interacting" in: sky130A_mr.drc:382
    Polygons (raw): 0 (flat)  0 (hierarchical)
    Elapsed: 0.030s  Memory: 991.00M
"isolated" in: sky130A_mr.drc:382
    Edge pairs: 0 (flat)  0 (hierarchical)
    Elapsed: 0.030s  Memory: 991.00M
"output" in: sky130A_mr.drc:382
    Edge pairs: 0 (flat)  0 (hierarchical)
    Elapsed: 0.020s  Memory: 991.00M
"interacting" in: sky130A_mr.drc:383
    Polygons (raw): 0 (flat)  0 (hierarchical)
    Elapsed: 0.030s  Memory: 991.00M
"isolated" in: sky130A_mr.drc:383
    Edge pairs: 0 (flat)  0 (hierarchical)
    Elapsed: 0.020s  Memory: 991.00M
"output" in: sky130A_mr.drc:383
    Edge pairs: 0 (flat)  0 (hierarchical)
    Elapsed: 0.020s  Memory: 991.00M
"and" in: sky130A_mr.drc:384
    Polygons (raw): 0 (flat)  0 (hierarchical)
    Elapsed: 0.020s  Memory: 991.00M
"enclosing" in: sky130A_mr.drc:384
    Edge pairs: 0 (flat)  0 (hierarchical)
    Elapsed: 0.020s  Memory: 991.00M
"output" in: sky130A_mr.drc:384
    Edge pairs: 0 (flat)  0 (hierarchical)
    Elapsed: 0.020s  Memory: 991.00M
"enclosing" in: sky130A_mr.drc:385
    Edge pairs: 0 (flat)  0 (hierarchical)
    Elapsed: 0.020s  Memory: 991.00M
"output" in: sky130A_mr.drc:385
    Edge pairs: 0 (flat)  0 (hierarchical)
    Elapsed: 0.020s  Memory: 991.00M
"enclosing" in: sky130A_mr.drc:386
    Edge pairs: 0 (flat)  0 (hierarchical)
    Elapsed: 0.020s  Memory: 991.00M
"output" in: sky130A_mr.drc:386
    Edge pairs: 0 (flat)  0 (hierarchical)
    Elapsed: 0.010s  Memory: 991.00M
"separation" in: sky130A_mr.drc:387
    Edge pairs: 0 (flat)  0 (hierarchical)
    Elapsed: 0.020s  Memory: 991.00M
"output" in: sky130A_mr.drc:387
    Edge pairs: 0 (flat)  0 (hierarchical)
    Elapsed: 0.020s  Memory: 991.00M
"not_interacting" in: sky130A_mr.drc:388
    Polygons (raw): 181 (flat)  181 (hierarchical)
    Elapsed: 0.020s  Memory: 991.00M
"separation" in: sky130A_mr.drc:388
    Edge pairs: 0 (flat)  0 (hierarchical)
    Elapsed: 0.030s  Memory: 991.00M
"output" in: sky130A_mr.drc:388
    Edge pairs: 0 (flat)  0 (hierarchical)
    Elapsed: 0.020s  Memory: 991.00M
END: 97/44 (cap2m)
BEOL section
START: 67/20 (li)
"interacting" in: sky130A_mr.drc:397
    Polygons (raw): 0 (flat)  0 (hierarchical)
    Elapsed: 1.740s  Memory: 1025.00M
"not" in: sky130A_mr.drc:397
    Polygons (raw): 261522 (flat)  39106 (hierarchical)
    Elapsed: 0.010s  Memory: 1025.00M
"width" in: sky130A_mr.drc:398
    Edge pairs: 0 (flat)  0 (hierarchical)
    Elapsed: 0.300s  Memory: 1025.00M
"output" in: sky130A_mr.drc:398
    Edge pairs: 0 (flat)  0 (hierarchical)
    Elapsed: 0.010s  Memory: 1025.00M
"edges" in: sky130A_mr.drc:400
    Edges: 1424866 (flat)  166226 (hierarchical)
    Elapsed: 13.450s  Memory: 1025.00M
"space" in: sky130A_mr.drc:400
    Edge pairs: 0 (flat)  0 (hierarchical)
    Elapsed: 4.400s  Memory: 1101.00M
"output" in: sky130A_mr.drc:400
    Edge pairs: 0 (flat)  0 (hierarchical)
    Elapsed: 0.020s  Memory: 1101.00M
"not" in: sky130A_mr.drc:401
    Polygons (raw): 442463 (flat)  596 (hierarchical)
    Elapsed: 0.020s  Memory: 1101.00M
"enclosing" in: sky130A_mr.drc:402
    Edge pairs: 560482 (flat)  225276 (hierarchical)
    Elapsed: 12.500s  Memory: 1165.00M
"second_edges" in: sky130A_mr.drc:402
    Edges: 560482 (flat)  225276 (hierarchical)
    Elapsed: 0.040s  Memory: 1165.00M
"width" in: sky130A_mr.drc:403
    Edge pairs: 0 (flat)  0 (hierarchical)
    Elapsed: 1.450s  Memory: 1188.00M
"polygons" in: sky130A_mr.drc:404
    Polygons (raw): 0 (flat)  0 (hierarchical)
    Elapsed: 0.010s  Memory: 1188.00M
"interacting" in: sky130A_mr.drc:404
    Polygons (raw): 0 (flat)  0 (hierarchical)
    Elapsed: 0.040s  Memory: 1188.00M
"output" in: sky130A_mr.drc:405
    Polygons (raw): 0 (flat)  0 (hierarchical)
    Elapsed: 0.030s  Memory: 1188.00M
"with_area" in: sky130A_mr.drc:406
    Polygons (raw): 0 (flat)  0 (hierarchical)
    Elapsed: 0.090s  Memory: 1188.00M
"output" in: sky130A_mr.drc:406
    Polygons (raw): 0 (flat)  0 (hierarchical)
    Elapsed: 0.030s  Memory: 1188.00M
END: 67/20 (li)
START: 67/44 (mcon)
"not" in: sky130A_mr.drc:411
    Polygons (raw): 386954 (flat)  39281 (hierarchical)
    Elapsed: 0.020s  Memory: 1188.00M
"drc" in: sky130A_mr.drc:413
    Polygons (raw): 0 (flat)  0 (hierarchical)
    Elapsed: 3.540s  Memory: 1124.00M
"not" in: sky130A_mr.drc:414
    Polygons (raw): 386954 (flat)  39281 (hierarchical)
    Elapsed: 0.030s  Memory: 1124.00M
"not" in: sky130A_mr.drc:418
    Polygons (raw): 386954 (flat)  39281 (hierarchical)
    Elapsed: 0.030s  Memory: 1124.00M
"non_rectangles" in: sky130A_mr.drc:419
    Polygons (raw): 0 (flat)  0 (hierarchical)
    Elapsed: 0.080s  Memory: 1124.00M
"output" in: sky130A_mr.drc:419
    Polygons (raw): 0 (flat)  0 (hierarchical)
    Elapsed: 0.010s  Memory: 1124.00M
"drc" in: sky130A_mr.drc:421
    Edge pairs: 0 (flat)  0 (hierarchical)
    Elapsed: 0.630s  Memory: 1124.00M
"output" in: sky130A_mr.drc:421
    Edge pairs: 0 (flat)  0 (hierarchical)
    Elapsed: 0.020s  Memory: 1124.00M
"drc" in: sky130A_mr.drc:422
    Edges: 0 (flat)  0 (hierarchical)
    Elapsed: 0.870s  Memory: 1124.00M
"output" in: sky130A_mr.drc:422
    Edges: 0 (flat)  0 (hierarchical)
    Elapsed: 0.020s  Memory: 1124.00M
"space" in: sky130A_mr.drc:423
    Edge pairs: 0 (flat)  0 (hierarchical)
    Elapsed: 0.940s  Memory: 1124.00M
"output" in: sky130A_mr.drc:423
    Edge pairs: 0 (flat)  0 (hierarchical)
    Elapsed: 0.020s  Memory: 1124.00M
"width" in: sky130A_mr.drc:425
    Edge pairs: 0 (flat)  0 (hierarchical)
    Elapsed: 0.020s  Memory: 1124.00M
"output" in: sky130A_mr.drc:425
    Edge pairs: 0 (flat)  0 (hierarchical)
    Elapsed: 0.020s  Memory: 1124.00M
"drc" in: sky130A_mr.drc:426
    Edge pairs: 0 (flat)  0 (hierarchical)
    Elapsed: 0.010s  Memory: 1124.00M
"output" in: sky130A_mr.drc:426
    Edge pairs: 0 (flat)  0 (hierarchical)
    Elapsed: 0.010s  Memory: 1124.00M
"not" in: sky130A_mr.drc:427
    Polygons (raw): 0 (flat)  0 (hierarchical)
    Elapsed: 0.010s  Memory: 1124.00M
"output" in: sky130A_mr.drc:427
    Polygons (raw): 0 (flat)  0 (hierarchical)
    Elapsed: 0.010s  Memory: 1124.00M
"not" in: sky130A_mr.drc:429
    Polygons (raw): 0 (flat)  0 (hierarchical)
    Elapsed: 4.340s  Memory: 1124.00M
"output" in: sky130A_mr.drc:429
    Polygons (raw): 0 (flat)  0 (hierarchical)
    Elapsed: 0.010s  Memory: 1124.00M
END: 67/44 (mcon)
START: 68/20 (m1)
"width" in: sky130A_mr.drc:434
    Edge pairs: 0 (flat)  0 (hierarchical)
    Elapsed: 2.070s  Memory: 1124.00M
"output" in: sky130A_mr.drc:434
    Edge pairs: 0 (flat)  0 (hierarchical)
    Elapsed: 0.020s  Memory: 1124.00M
"sized" in: sky130A_mr.drc:435
    Polygons (raw): 0 (flat)  0 (hierarchical)
    Elapsed: 0.880s  Memory: 1124.00M
"sized" in: sky130A_mr.drc:435
    Polygons (raw): 0 (flat)  0 (hierarchical)
    Elapsed: 0.010s  Memory: 1124.00M
"snap" in: sky130A_mr.drc:435
    Polygons (raw): 0 (flat)  0 (hierarchical)
    Elapsed: 0.030s  Memory: 1124.00M
"&" in: sky130A_mr.drc:435
    Polygons (raw): 0 (flat)  0 (hierarchical)
    Elapsed: 0.010s  Memory: 1124.00M
"edges" in: sky130A_mr.drc:436
    Edges: 968591 (flat)  684607 (hierarchical)
    Elapsed: 7.130s  Memory: 1188.00M
"-" in: sky130A_mr.drc:436
    Edges: 968591 (flat)  684607 (hierarchical)
    Elapsed: 0.050s  Memory: 1206.00M
"edges" in: sky130A_mr.drc:437
    Edges: 0 (flat)  0 (hierarchical)
    Elapsed: 0.040s  Memory: 1206.00M
"merged" in: sky130A_mr.drc:437
    Polygons (raw): 49625 (flat)  36857 (hierarchical)
    Elapsed: 0.010s  Memory: 1206.00M
"outside_part" in: sky130A_mr.drc:437
    Edges: 0 (flat)  0 (hierarchical)
    Elapsed: 0.010s  Memory: 1206.00M
"space" in: sky130A_mr.drc:439
    Edge pairs: 0 (flat)  0 (hierarchical)
    Elapsed: 8.520s  Memory: 1449.00M
"output" in: sky130A_mr.drc:439
    Edge pairs: 0 (flat)  0 (hierarchical)
    Elapsed: 0.030s  Memory: 1449.00M
"separation" in: sky130A_mr.drc:441
    Edge pairs: 0 (flat)  0 (hierarchical)
    Elapsed: 0.060s  Memory: 1449.00M
"space" in: sky130A_mr.drc:441
    Edge pairs: 0 (flat)  0 (hierarchical)
    Elapsed: 0.020s  Memory: 1449.00M
"+" in: sky130A_mr.drc:441
    Edge pairs: 0 (flat)  0 (hierarchical)
    Elapsed: 0.020s  Memory: 1449.00M
"output" in: sky130A_mr.drc:441
    Edge pairs: 0 (flat)  0 (hierarchical)
    Elapsed: 0.030s  Memory: 1449.00M
"input" in: sky130A_mr.drc:445
    Polygons (raw): 280045 (flat)  203668 (hierarchical)
    Elapsed: 0.170s  Memory: 1449.00M
"enclosing" in: sky130A_mr.drc:447
    Edge pairs: 0 (flat)  0 (hierarchical)
    Elapsed: 5.370s  Memory: 1449.00M
"output" in: sky130A_mr.drc:447
    Edge pairs: 0 (flat)  0 (hierarchical)
    Elapsed: 0.030s  Memory: 1449.00M
"not" in: sky130A_mr.drc:448
    Polygons (raw): 0 (flat)  0 (hierarchical)
    Elapsed: 4.770s  Memory: 1337.00M
"output" in: sky130A_mr.drc:448
    Polygons (raw): 0 (flat)  0 (hierarchical)
    Elapsed: 0.040s  Memory: 1321.00M
"input" in: sky130A_mr.drc:450
    Polygons (raw): 0 (flat)  0 (hierarchical)
    Elapsed: 0.020s  Memory: 1321.00M
"enclosing" in: sky130A_mr.drc:451
    Edge pairs: 0 (flat)  0 (hierarchical)
    Elapsed: 0.030s  Memory: 1321.00M
"output" in: sky130A_mr.drc:451
    Edge pairs: 0 (flat)  0 (hierarchical)
    Elapsed: 0.020s  Memory: 1321.00M
"not" in: sky130A_mr.drc:453
    Polygons (raw): 0 (flat)  0 (hierarchical)
    Elapsed: 0.020s  Memory: 1321.00M
"output" in: sky130A_mr.drc:453
    Polygons (raw): 0 (flat)  0 (hierarchical)
    Elapsed: 0.010s  Memory: 1321.00M
"with_area" in: sky130A_mr.drc:455
    Polygons (raw): 0 (flat)  0 (hierarchical)
    Elapsed: 0.060s  Memory: 1321.00M
"output" in: sky130A_mr.drc:455
    Polygons (raw): 0 (flat)  0 (hierarchical)
    Elapsed: 0.020s  Memory: 1321.00M
"holes" in: sky130A_mr.drc:457
    Polygons (raw): 0 (flat)  0 (hierarchical)
    Elapsed: 0.030s  Memory: 1321.00M
"with_area" in: sky130A_mr.drc:457
    Polygons (raw): 0 (flat)  0 (hierarchical)
    Elapsed: 0.020s  Memory: 1321.00M
"output" in: sky130A_mr.drc:457
    Polygons (raw): 0 (flat)  0 (hierarchical)
    Elapsed: 0.020s  Memory: 1321.00M
"enclosing" in: sky130A_mr.drc:464
    Edge pairs: 138722 (flat)  87096 (hierarchical)
    Elapsed: 3.450s  Memory: 1321.00M
"second_edges" in: sky130A_mr.drc:464
    Edges: 138722 (flat)  87096 (hierarchical)
    Elapsed: 0.020s  Memory: 1321.00M
"width" in: sky130A_mr.drc:465
    Edge pairs: 0 (flat)  0 (hierarchical)
    Elapsed: 0.470s  Memory: 1321.00M
"polygons" in: sky130A_mr.drc:466
    Polygons (raw): 0 (flat)  0 (hierarchical)
    Elapsed: 0.010s  Memory: 1321.00M
"interacting" in: sky130A_mr.drc:466
    Polygons (raw): 0 (flat)  0 (hierarchical)
    Elapsed: 2.920s  Memory: 1321.00M
"output" in: sky130A_mr.drc:467
    Polygons (raw): 0 (flat)  0 (hierarchical)
    Elapsed: 0.010s  Memory: 1321.00M
END: 68/20 (m1)
START: 68/44 (via)
"drc" in: sky130A_mr.drc:475
    Polygons (raw): 0 (flat)  0 (hierarchical)
    Elapsed: 0.350s  Memory: 1321.00M
"not" in: sky130A_mr.drc:476
    Polygons (raw): 49683 (flat)  49683 (hierarchical)
    Elapsed: 0.030s  Memory: 1321.00M
"not" in: sky130A_mr.drc:481
    Polygons (raw): 49683 (flat)  49683 (hierarchical)
    Elapsed: 0.030s  Memory: 1321.00M
"non_rectangles" in: sky130A_mr.drc:483
    Polygons (raw): 0 (flat)  0 (hierarchical)
    Elapsed: 0.040s  Memory: 1321.00M
"output" in: sky130A_mr.drc:483
    Polygons (raw): 0 (flat)  0 (hierarchical)
    Elapsed: 0.020s  Memory: 1321.00M
"width" in: sky130A_mr.drc:484
    Edge pairs: 0 (flat)  0 (hierarchical)
    Elapsed: 0.030s  Memory: 1321.00M
"output" in: sky130A_mr.drc:484
    Edge pairs: 0 (flat)  0 (hierarchical)
    Elapsed: 0.010s  Memory: 1321.00M
"drc" in: sky130A_mr.drc:486
    Edges: 0 (flat)  0 (hierarchical)
    Elapsed: 0.150s  Memory: 1321.00M
"output" in: sky130A_mr.drc:486
    Edges: 0 (flat)  0 (hierarchical)
    Elapsed: 0.020s  Memory: 1321.00M
"space" in: sky130A_mr.drc:488
    Edge pairs: 0 (flat)  0 (hierarchical)
    Elapsed: 0.190s  Memory: 1321.00M
"output" in: sky130A_mr.drc:488
    Edge pairs: 0 (flat)  0 (hierarchical)
    Elapsed: 0.030s  Memory: 1321.00M
"width" in: sky130A_mr.drc:491
    Edge pairs: 0 (flat)  0 (hierarchical)
    Elapsed: 0.030s  Memory: 1321.00M
"output" in: sky130A_mr.drc:491
    Edge pairs: 0 (flat)  0 (hierarchical)
    Elapsed: 0.020s  Memory: 1321.00M
"drc" in: sky130A_mr.drc:492
    Edge pairs: 0 (flat)  0 (hierarchical)
    Elapsed: 0.020s  Memory: 1321.00M
"output" in: sky130A_mr.drc:492
    Edge pairs: 0 (flat)  0 (hierarchical)
    Elapsed: 0.010s  Memory: 1321.00M
"not" in: sky130A_mr.drc:493
    Polygons (raw): 0 (flat)  0 (hierarchical)
    Elapsed: 0.010s  Memory: 1321.00M
"output" in: sky130A_mr.drc:493
    Polygons (raw): 0 (flat)  0 (hierarchical)
    Elapsed: 0.030s  Memory: 1321.00M
"edges" in: sky130A_mr.drc:496
    Edges: 968591 (flat)  684607 (hierarchical)
    Elapsed: 7.700s  Memory: 1321.00M
"drc" in: sky130A_mr.drc:496
    Edges: 198732 (flat)  198732 (hierarchical)
    Elapsed: 0.570s  Memory: 1321.00M
"enclosing" in: sky130A_mr.drc:496
    Edge pairs: 0 (flat)  0 (hierarchical)
    Elapsed: 5.530s  Memory: 1373.00M
"output" in: sky130A_mr.drc:496
    Edge pairs: 0 (flat)  0 (hierarchical)
    Elapsed: 0.020s  Memory: 1373.00M
"squares" in: sky130A_mr.drc:497
    Polygons (raw): 49683 (flat)  49683 (hierarchical)
    Elapsed: 0.030s  Memory: 1373.00M
"drc" in: sky130A_mr.drc:497
    Edges: 198732 (flat)  198732 (hierarchical)
    Elapsed: 0.480s  Memory: 1373.00M
"not" in: sky130A_mr.drc:497
    Edges: 0 (flat)  0 (hierarchical)
    Elapsed: 1.700s  Memory: 1373.00M
"output" in: sky130A_mr.drc:497
    Edges: 0 (flat)  0 (hierarchical)
    Elapsed: 0.020s  Memory: 1373.00M
"edges" in: sky130A_mr.drc:499
    Edges: 968591 (flat)  684607 (hierarchical)
    Elapsed: 7.060s  Memory: 1437.00M
"drc" in: sky130A_mr.drc:499
    Edges: 198732 (flat)  198732 (hierarchical)
    Elapsed: 0.540s  Memory: 1437.00M
"enclosing" in: sky130A_mr.drc:499
    Edge pairs: 96848 (flat)  96848 (hierarchical)
    Elapsed: 6.550s  Memory: 1472.00M
"second_edges" in: sky130A_mr.drc:499
    Edges: 96848 (flat)  96848 (hierarchical)
    Elapsed: 0.020s  Memory: 1472.00M
"width" in: sky130A_mr.drc:500
    Edge pairs: 0 (flat)  0 (hierarchical)
    Elapsed: 0.310s  Memory: 1494.00M
"polygons" in: sky130A_mr.drc:501
    Polygons (raw): 0 (flat)  0 (hierarchical)
    Elapsed: 0.010s  Memory: 1494.00M
"interacting" in: sky130A_mr.drc:501
    Polygons (raw): 0 (flat)  0 (hierarchical)
    Elapsed: 0.030s  Memory: 1494.00M
"output" in: sky130A_mr.drc:502
    Polygons (raw): 0 (flat)  0 (hierarchical)
    Elapsed: 0.020s  Memory: 1494.00M
END: 68/44 (via)
START: 69/20 (m2)
"width" in: sky130A_mr.drc:509
    Edge pairs: 0 (flat)  0 (hierarchical)
    Elapsed: 0.440s  Memory: 1494.00M
"output" in: sky130A_mr.drc:509
    Edge pairs: 0 (flat)  0 (hierarchical)
    Elapsed: 0.020s  Memory: 1494.00M
"sized" in: sky130A_mr.drc:511
    Polygons (raw): 0 (flat)  0 (hierarchical)
    Elapsed: 0.390s  Memory: 1494.00M
"sized" in: sky130A_mr.drc:511
    Polygons (raw): 0 (flat)  0 (hierarchical)
    Elapsed: 0.010s  Memory: 1494.00M
"snap" in: sky130A_mr.drc:511
    Polygons (raw): 0 (flat)  0 (hierarchical)
    Elapsed: 0.010s  Memory: 1494.00M
"&" in: sky130A_mr.drc:511
    Polygons (raw): 0 (flat)  0 (hierarchical)
    Elapsed: 0.020s  Memory: 1494.00M
"edges" in: sky130A_mr.drc:512
    Edges: 361273 (flat)  361273 (hierarchical)
    Elapsed: 1.350s  Memory: 1494.00M
"-" in: sky130A_mr.drc:512
    Edges: 361273 (flat)  361273 (hierarchical)
    Elapsed: 0.020s  Memory: 1494.00M
"edges" in: sky130A_mr.drc:513
    Edges: 0 (flat)  0 (hierarchical)
    Elapsed: 0.030s  Memory: 1494.00M
"merged" in: sky130A_mr.drc:513
    Polygons (raw): 21596 (flat)  21596 (hierarchical)
    Elapsed: 0.030s  Memory: 1494.00M
"outside_part" in: sky130A_mr.drc:513
    Edges: 0 (flat)  0 (hierarchical)
    Elapsed: 0.010s  Memory: 1494.00M
"not" in: sky130A_mr.drc:514
    Polygons (raw): 49683 (flat)  49683 (hierarchical)
    Elapsed: 0.020s  Memory: 1494.00M
"space" in: sky130A_mr.drc:516
    Edge pairs: 0 (flat)  0 (hierarchical)
    Elapsed: 2.510s  Memory: 1558.00M
"output" in: sky130A_mr.drc:516
    Edge pairs: 0 (flat)  0 (hierarchical)
    Elapsed: 0.020s  Memory: 1558.00M
"separation" in: sky130A_mr.drc:518
    Edge pairs: 0 (flat)  0 (hierarchical)
    Elapsed: 0.040s  Memory: 1558.00M
"space" in: sky130A_mr.drc:518
    Edge pairs: 0 (flat)  0 (hierarchical)
    Elapsed: 0.020s  Memory: 1558.00M
"+" in: sky130A_mr.drc:518
    Edge pairs: 0 (flat)  0 (hierarchical)
    Elapsed: 0.020s  Memory: 1558.00M
"output" in: sky130A_mr.drc:518
    Edge pairs: 0 (flat)  0 (hierarchical)
    Elapsed: 0.020s  Memory: 1558.00M
"with_area" in: sky130A_mr.drc:520
    Polygons (raw): 0 (flat)  0 (hierarchical)
    Elapsed: 0.040s  Memory: 1558.00M
"output" in: sky130A_mr.drc:520
    Polygons (raw): 0 (flat)  0 (hierarchical)
    Elapsed: 0.010s  Memory: 1558.00M
"holes" in: sky130A_mr.drc:521
    Polygons (raw): 0 (flat)  0 (hierarchical)
    Elapsed: 0.020s  Memory: 1558.00M
"with_area" in: sky130A_mr.drc:521
    Polygons (raw): 0 (flat)  0 (hierarchical)
    Elapsed: 0.020s  Memory: 1558.00M
"output" in: sky130A_mr.drc:521
    Polygons (raw): 0 (flat)  0 (hierarchical)
    Elapsed: 0.010s  Memory: 1558.00M
"enclosing" in: sky130A_mr.drc:526
    Edge pairs: 0 (flat)  0 (hierarchical)
    Elapsed: 0.420s  Memory: 1494.00M
"output" in: sky130A_mr.drc:526
    Edge pairs: 0 (flat)  0 (hierarchical)
    Elapsed: 0.030s  Memory: 1494.00M
"not" in: sky130A_mr.drc:527
    Polygons (raw): 0 (flat)  0 (hierarchical)
    Elapsed: 0.360s  Memory: 1494.00M
"output" in: sky130A_mr.drc:527
    Polygons (raw): 0 (flat)  0 (hierarchical)
    Elapsed: 0.030s  Memory: 1494.00M
"enclosing" in: sky130A_mr.drc:528
    Edge pairs: 100283 (flat)  100283 (hierarchical)
    Elapsed: 0.810s  Memory: 1494.00M
"second_edges" in: sky130A_mr.drc:528
    Edges: 100283 (flat)  100283 (hierarchical)
    Elapsed: 0.020s  Memory: 1494.00M
"width" in: sky130A_mr.drc:529
    Edge pairs: 0 (flat)  0 (hierarchical)
    Elapsed: 0.290s  Memory: 1494.00M
"polygons" in: sky130A_mr.drc:530
    Polygons (raw): 0 (flat)  0 (hierarchical)
    Elapsed: 0.020s  Memory: 1494.00M
"interacting" in: sky130A_mr.drc:530
    Polygons (raw): 0 (flat)  0 (hierarchical)
    Elapsed: 0.020s  Memory: 1494.00M
"output" in: sky130A_mr.drc:531
    Polygons (raw): 0 (flat)  0 (hierarchical)
    Elapsed: 0.020s  Memory: 1494.00M
END: 69/20 (m2)
START: 69/44 (via2)
"drc" in: sky130A_mr.drc:540
    Polygons (raw): 0 (flat)  0 (hierarchical)
    Elapsed: 0.080s  Memory: 1494.00M
"not" in: sky130A_mr.drc:541
    Polygons (raw): 7542 (flat)  7542 (hierarchical)
    Elapsed: 0.020s  Memory: 1494.00M
"not" in: sky130A_mr.drc:546
    Polygons (raw): 7542 (flat)  7542 (hierarchical)
    Elapsed: 0.020s  Memory: 1494.00M
"non_rectangles" in: sky130A_mr.drc:547
    Polygons (raw): 0 (flat)  0 (hierarchical)
    Elapsed: 0.010s  Memory: 1494.00M
"output" in: sky130A_mr.drc:547
    Polygons (raw): 0 (flat)  0 (hierarchical)
    Elapsed: 0.020s  Memory: 1494.00M
"width" in: sky130A_mr.drc:548
    Edge pairs: 0 (flat)  0 (hierarchical)
    Elapsed: 0.020s  Memory: 1494.00M
"output" in: sky130A_mr.drc:548
    Edge pairs: 0 (flat)  0 (hierarchical)
    Elapsed: 0.020s  Memory: 1494.00M
"edges" in: sky130A_mr.drc:549
    Edges: 30168 (flat)  30168 (hierarchical)
    Elapsed: 0.060s  Memory: 1494.00M
"without_length" in: sky130A_mr.drc:549
    Edges: 0 (flat)  0 (hierarchical)
    Elapsed: 0.120s  Memory: 1494.00M
"output" in: sky130A_mr.drc:549
    Edges: 0 (flat)  0 (hierarchical)
    Elapsed: 0.020s  Memory: 1494.00M
"space" in: sky130A_mr.drc:550
    Edge pairs: 0 (flat)  0 (hierarchical)
    Elapsed: 0.040s  Memory: 1494.00M
"output" in: sky130A_mr.drc:550
    Edge pairs: 0 (flat)  0 (hierarchical)
    Elapsed: 0.020s  Memory: 1494.00M
"width" in: sky130A_mr.drc:553
    Edge pairs: 0 (flat)  0 (hierarchical)
    Elapsed: 0.020s  Memory: 1494.00M
"output" in: sky130A_mr.drc:553
    Edge pairs: 0 (flat)  0 (hierarchical)
    Elapsed: 0.020s  Memory: 1494.00M
"drc" in: sky130A_mr.drc:554
    Edge pairs: 0 (flat)  0 (hierarchical)
    Elapsed: 0.020s  Memory: 1494.00M
"output" in: sky130A_mr.drc:554
    Edge pairs: 0 (flat)  0 (hierarchical)
    Elapsed: 0.020s  Memory: 1494.00M
"not" in: sky130A_mr.drc:555
    Polygons (raw): 0 (flat)  0 (hierarchical)
    Elapsed: 0.020s  Memory: 1494.00M
"output" in: sky130A_mr.drc:555
    Polygons (raw): 0 (flat)  0 (hierarchical)
    Elapsed: 0.020s  Memory: 1494.00M
"enclosing" in: sky130A_mr.drc:558
    Edge pairs: 0 (flat)  0 (hierarchical)
    Elapsed: 0.100s  Memory: 1494.00M
"output" in: sky130A_mr.drc:558
    Edge pairs: 0 (flat)  0 (hierarchical)
    Elapsed: 0.010s  Memory: 1494.00M
"not" in: sky130A_mr.drc:559
    Polygons (raw): 0 (flat)  0 (hierarchical)
    Elapsed: 0.120s  Memory: 1494.00M
"output" in: sky130A_mr.drc:559
    Polygons (raw): 0 (flat)  0 (hierarchical)
    Elapsed: 0.030s  Memory: 1494.00M
"enclosing" in: sky130A_mr.drc:561
    Edge pairs: 12343 (flat)  12343 (hierarchical)
    Elapsed: 0.140s  Memory: 1494.00M
"second_edges" in: sky130A_mr.drc:561
    Edges: 12343 (flat)  12343 (hierarchical)
    Elapsed: 0.020s  Memory: 1494.00M
"width" in: sky130A_mr.drc:562
    Edge pairs: 0 (flat)  0 (hierarchical)
    Elapsed: 0.070s  Memory: 1494.00M
"polygons" in: sky130A_mr.drc:563
    Polygons (raw): 0 (flat)  0 (hierarchical)
    Elapsed: 0.020s  Memory: 1494.00M
"interacting" in: sky130A_mr.drc:563
    Polygons (raw): 0 (flat)  0 (hierarchical)
    Elapsed: 0.030s  Memory: 1494.00M
"output" in: sky130A_mr.drc:564
    Polygons (raw): 0 (flat)  0 (hierarchical)
    Elapsed: 0.020s  Memory: 1494.00M
END: 69/44 (via2)
START: 70/20 (m3)
"width" in: sky130A_mr.drc:570
    Edge pairs: 0 (flat)  0 (hierarchical)
    Elapsed: 0.020s  Memory: 1494.00M
"output" in: sky130A_mr.drc:570
    Edge pairs: 0 (flat)  0 (hierarchical)
    Elapsed: 0.010s  Memory: 1494.00M
"sized" in: sky130A_mr.drc:572
    Polygons (raw): 0 (flat)  0 (hierarchical)
    Elapsed: 0.050s  Memory: 1494.00M
"sized" in: sky130A_mr.drc:572
    Polygons (raw): 0 (flat)  0 (hierarchical)
    Elapsed: 0.010s  Memory: 1494.00M
"snap" in: sky130A_mr.drc:572
    Polygons (raw): 0 (flat)  0 (hierarchical)
    Elapsed: 0.010s  Memory: 1494.00M
"&" in: sky130A_mr.drc:572
    Polygons (raw): 0 (flat)  0 (hierarchical)
    Elapsed: 0.020s  Memory: 1494.00M
"edges" in: sky130A_mr.drc:573
    Edges: 51242 (flat)  51242 (hierarchical)
    Elapsed: 0.260s  Memory: 1494.00M
"-" in: sky130A_mr.drc:573
    Edges: 51242 (flat)  51242 (hierarchical)
    Elapsed: 0.030s  Memory: 1494.00M
"edges" in: sky130A_mr.drc:574
    Edges: 0 (flat)  0 (hierarchical)
    Elapsed: 0.020s  Memory: 1494.00M
"merged" in: sky130A_mr.drc:574
    Polygons (raw): 3150 (flat)  3150 (hierarchical)
    Elapsed: 0.010s  Memory: 1494.00M
"outside_part" in: sky130A_mr.drc:574
    Edges: 0 (flat)  0 (hierarchical)
    Elapsed: 0.020s  Memory: 1494.00M
"space" in: sky130A_mr.drc:576
    Edge pairs: 0 (flat)  0 (hierarchical)
    Elapsed: 0.310s  Memory: 1494.00M
"output" in: sky130A_mr.drc:576
    Edge pairs: 0 (flat)  0 (hierarchical)
    Elapsed: 0.020s  Memory: 1494.00M
"separation" in: sky130A_mr.drc:578
    Edge pairs: 0 (flat)  0 (hierarchical)
    Elapsed: 0.030s  Memory: 1494.00M
"space" in: sky130A_mr.drc:578
    Edge pairs: 0 (flat)  0 (hierarchical)
    Elapsed: 0.020s  Memory: 1494.00M
"+" in: sky130A_mr.drc:578
    Edge pairs: 0 (flat)  0 (hierarchical)
    Elapsed: 0.020s  Memory: 1494.00M
"output" in: sky130A_mr.drc:578
    Edge pairs: 0 (flat)  0 (hierarchical)
    Elapsed: 0.020s  Memory: 1494.00M
"enclosing" in: sky130A_mr.drc:583
    Edge pairs: 0 (flat)  0 (hierarchical)
    Elapsed: 0.060s  Memory: 1494.00M
"output" in: sky130A_mr.drc:583
    Edge pairs: 0 (flat)  0 (hierarchical)
    Elapsed: 0.020s  Memory: 1494.00M
"not" in: sky130A_mr.drc:584
    Polygons (raw): 0 (flat)  0 (hierarchical)
    Elapsed: 0.040s  Memory: 1494.00M
"output" in: sky130A_mr.drc:584
    Polygons (raw): 0 (flat)  0 (hierarchical)
    Elapsed: 0.010s  Memory: 1494.00M
END: 70/20 (m3)
START: 70/44 (via3)
"drc" in: sky130A_mr.drc:592
    Polygons (raw): 0 (flat)  0 (hierarchical)
    Elapsed: 0.050s  Memory: 1430.00M
"not" in: sky130A_mr.drc:593
    Polygons (raw): 2277 (flat)  2277 (hierarchical)
    Elapsed: 0.020s  Memory: 1430.00M
"not" in: sky130A_mr.drc:598
    Polygons (raw): 2277 (flat)  2277 (hierarchical)
    Elapsed: 0.010s  Memory: 1430.00M
"non_rectangles" in: sky130A_mr.drc:599
    Polygons (raw): 0 (flat)  0 (hierarchical)
    Elapsed: 0.010s  Memory: 1430.00M
"output" in: sky130A_mr.drc:599
    Polygons (raw): 0 (flat)  0 (hierarchical)
    Elapsed: 0.020s  Memory: 1430.00M
"width" in: sky130A_mr.drc:600
    Edge pairs: 0 (flat)  0 (hierarchical)
    Elapsed: 0.020s  Memory: 1430.00M
"output" in: sky130A_mr.drc:600
    Edge pairs: 0 (flat)  0 (hierarchical)
    Elapsed: 0.020s  Memory: 1430.00M
"edges" in: sky130A_mr.drc:601
    Edges: 9108 (flat)  9108 (hierarchical)
    Elapsed: 0.040s  Memory: 1430.00M
"without_length" in: sky130A_mr.drc:601
    Edges: 0 (flat)  0 (hierarchical)
    Elapsed: 0.060s  Memory: 1430.00M
"output" in: sky130A_mr.drc:601
    Edges: 0 (flat)  0 (hierarchical)
    Elapsed: 0.020s  Memory: 1430.00M
"space" in: sky130A_mr.drc:603
    Edge pairs: 0 (flat)  0 (hierarchical)
    Elapsed: 0.030s  Memory: 1430.00M
"output" in: sky130A_mr.drc:603
    Edge pairs: 0 (flat)  0 (hierarchical)
    Elapsed: 0.010s  Memory: 1430.00M
"enclosing" in: sky130A_mr.drc:604
    Edge pairs: 0 (flat)  0 (hierarchical)
    Elapsed: 0.030s  Memory: 1430.00M
"output" in: sky130A_mr.drc:604
    Edge pairs: 0 (flat)  0 (hierarchical)
    Elapsed: 0.010s  Memory: 1430.00M
"not" in: sky130A_mr.drc:605
    Polygons (raw): 0 (flat)  0 (hierarchical)
    Elapsed: 0.040s  Memory: 1430.00M
"output" in: sky130A_mr.drc:605
    Polygons (raw): 0 (flat)  0 (hierarchical)
    Elapsed: 0.020s  Memory: 1430.00M
"enclosing" in: sky130A_mr.drc:607
    Edge pairs: 4773 (flat)  4773 (hierarchical)
    Elapsed: 0.070s  Memory: 1430.00M
"second_edges" in: sky130A_mr.drc:607
    Edges: 4773 (flat)  4773 (hierarchical)
    Elapsed: 0.010s  Memory: 1430.00M
"width" in: sky130A_mr.drc:608
    Edge pairs: 0 (flat)  0 (hierarchical)
    Elapsed: 0.050s  Memory: 1430.00M
"polygons" in: sky130A_mr.drc:609
    Polygons (raw): 0 (flat)  0 (hierarchical)
    Elapsed: 0.010s  Memory: 1430.00M
"interacting" in: sky130A_mr.drc:609
    Polygons (raw): 0 (flat)  0 (hierarchical)
    Elapsed: 0.030s  Memory: 1430.00M
"output" in: sky130A_mr.drc:610
    Polygons (raw): 0 (flat)  0 (hierarchical)
    Elapsed: 0.020s  Memory: 1430.00M
END: 70/44 (via3)
START: 71/20 (m4)
"width" in: sky130A_mr.drc:616
    Edge pairs: 0 (flat)  0 (hierarchical)
    Elapsed: 0.020s  Memory: 1430.00M
"output" in: sky130A_mr.drc:616
    Edge pairs: 0 (flat)  0 (hierarchical)
    Elapsed: 0.020s  Memory: 1430.00M
"sized" in: sky130A_mr.drc:618
    Polygons (raw): 0 (flat)  0 (hierarchical)
    Elapsed: 0.010s  Memory: 1430.00M
"sized" in: sky130A_mr.drc:618
    Polygons (raw): 0 (flat)  0 (hierarchical)
    Elapsed: 0.020s  Memory: 1430.00M
"snap" in: sky130A_mr.drc:618
    Polygons (raw): 0 (flat)  0 (hierarchical)
    Elapsed: 0.020s  Memory: 1430.00M
"&" in: sky130A_mr.drc:618
    Polygons (raw): 0 (flat)  0 (hierarchical)
    Elapsed: 0.020s  Memory: 1430.00M
"edges" in: sky130A_mr.drc:619
    Edges: 2389 (flat)  2389 (hierarchical)
    Elapsed: 0.040s  Memory: 1430.00M
"-" in: sky130A_mr.drc:619
    Edges: 2389 (flat)  2389 (hierarchical)
    Elapsed: 0.020s  Memory: 1430.00M
"edges" in: sky130A_mr.drc:620
    Edges: 0 (flat)  0 (hierarchical)
    Elapsed: 0.020s  Memory: 1430.00M
"merged" in: sky130A_mr.drc:620
    Polygons (raw): 181 (flat)  181 (hierarchical)
    Elapsed: 0.020s  Memory: 1430.00M
"outside_part" in: sky130A_mr.drc:620
    Edges: 0 (flat)  0 (hierarchical)
    Elapsed: 0.020s  Memory: 1430.00M
"space" in: sky130A_mr.drc:622
    Edge pairs: 0 (flat)  0 (hierarchical)
    Elapsed: 0.070s  Memory: 1430.00M
"output" in: sky130A_mr.drc:622
    Edge pairs: 0 (flat)  0 (hierarchical)
    Elapsed: 0.020s  Memory: 1430.00M
"with_area" in: sky130A_mr.drc:624
    Polygons (raw): 0 (flat)  0 (hierarchical)
    Elapsed: 0.030s  Memory: 1430.00M
"output" in: sky130A_mr.drc:624
    Polygons (raw): 0 (flat)  0 (hierarchical)
    Elapsed: 0.020s  Memory: 1430.00M
"separation" in: sky130A_mr.drc:626
    Edge pairs: 0 (flat)  0 (hierarchical)
    Elapsed: 0.030s  Memory: 1430.00M
"space" in: sky130A_mr.drc:626
    Edge pairs: 0 (flat)  0 (hierarchical)
    Elapsed: 0.030s  Memory: 1430.00M
"+" in: sky130A_mr.drc:626
    Edge pairs: 0 (flat)  0 (hierarchical)
    Elapsed: 0.010s  Memory: 1430.00M
"output" in: sky130A_mr.drc:626
    Edge pairs: 0 (flat)  0 (hierarchical)
    Elapsed: 0.010s  Memory: 1430.00M
"enclosing" in: sky130A_mr.drc:631
    Edge pairs: 0 (flat)  0 (hierarchical)
    Elapsed: 0.040s  Memory: 1430.00M
"output" in: sky130A_mr.drc:631
    Edge pairs: 0 (flat)  0 (hierarchical)
    Elapsed: 0.020s  Memory: 1430.00M
"not" in: sky130A_mr.drc:632
    Polygons (raw): 0 (flat)  0 (hierarchical)
    Elapsed: 0.030s  Memory: 1430.00M
"output" in: sky130A_mr.drc:632
    Polygons (raw): 0 (flat)  0 (hierarchical)
    Elapsed: 0.020s  Memory: 1430.00M
END: 71/20 (m4)
START: 71/44 (via4)
"drc" in: sky130A_mr.drc:639
    Polygons (raw): 0 (flat)  0 (hierarchical)
    Elapsed: 0.050s  Memory: 1430.00M
"not" in: sky130A_mr.drc:640
    Polygons (raw): 0 (flat)  0 (hierarchical)
    Elapsed: 0.030s  Memory: 1430.00M
"not" in: sky130A_mr.drc:645
    Polygons (raw): 0 (flat)  0 (hierarchical)
    Elapsed: 0.020s  Memory: 1430.00M
"non_rectangles" in: sky130A_mr.drc:646
    Polygons (raw): 0 (flat)  0 (hierarchical)
    Elapsed: 0.010s  Memory: 1430.00M
"output" in: sky130A_mr.drc:646
    Polygons (raw): 0 (flat)  0 (hierarchical)
    Elapsed: 0.020s  Memory: 1430.00M
"width" in: sky130A_mr.drc:647
    Edge pairs: 0 (flat)  0 (hierarchical)
    Elapsed: 0.010s  Memory: 1430.00M
"output" in: sky130A_mr.drc:647
    Edge pairs: 0 (flat)  0 (hierarchical)
    Elapsed: 0.010s  Memory: 1430.00M
"drc" in: sky130A_mr.drc:648
    Edges: 0 (flat)  0 (hierarchical)
    Elapsed: 0.020s  Memory: 1430.00M
"output" in: sky130A_mr.drc:648
    Edges: 0 (flat)  0 (hierarchical)
    Elapsed: 0.010s  Memory: 1430.00M
"space" in: sky130A_mr.drc:650
    Edge pairs: 0 (flat)  0 (hierarchical)
    Elapsed: 0.020s  Memory: 1430.00M
"polygons" in: sky130A_mr.drc:650
    Polygons (raw): 0 (flat)  0 (hierarchical)
    Elapsed: 0.010s  Memory: 1430.00M
"output" in: sky130A_mr.drc:650
    Polygons (raw): 0 (flat)  0 (hierarchical)
    Elapsed: 0.010s  Memory: 1430.00M
"width" in: sky130A_mr.drc:653
    Edge pairs: 0 (flat)  0 (hierarchical)
    Elapsed: 0.010s  Memory: 1430.00M
"output" in: sky130A_mr.drc:653
    Edge pairs: 0 (flat)  0 (hierarchical)
    Elapsed: 0.010s  Memory: 1430.00M
"drc" in: sky130A_mr.drc:654
    Edge pairs: 0 (flat)  0 (hierarchical)
    Elapsed: 0.010s  Memory: 1430.00M
"output" in: sky130A_mr.drc:654
    Edge pairs: 0 (flat)  0 (hierarchical)
    Elapsed: 0.010s  Memory: 1430.00M
"not" in: sky130A_mr.drc:655
    Polygons (raw): 0 (flat)  0 (hierarchical)
    Elapsed: 0.010s  Memory: 1430.00M
"output" in: sky130A_mr.drc:655
    Polygons (raw): 0 (flat)  0 (hierarchical)
    Elapsed: 0.020s  Memory: 1430.00M
"enclosing" in: sky130A_mr.drc:658
    Edge pairs: 0 (flat)  0 (hierarchical)
    Elapsed: 0.020s  Memory: 1430.00M
"output" in: sky130A_mr.drc:658
    Edge pairs: 0 (flat)  0 (hierarchical)
    Elapsed: 0.020s  Memory: 1430.00M
"not" in: sky130A_mr.drc:659
    Polygons (raw): 0 (flat)  0 (hierarchical)
    Elapsed: 0.030s  Memory: 1430.00M
"output" in: sky130A_mr.drc:659
    Polygons (raw): 0 (flat)  0 (hierarchical)
    Elapsed: 0.030s  Memory: 1430.00M
END: 71/44 (via4)
START: 72/20 (m5)
"width" in: sky130A_mr.drc:664
    Edge pairs: 0 (flat)  0 (hierarchical)
    Elapsed: 0.040s  Memory: 1430.00M
"output" in: sky130A_mr.drc:664
    Edge pairs: 0 (flat)  0 (hierarchical)
    Elapsed: 0.030s  Memory: 1430.00M
"space" in: sky130A_mr.drc:666
    Edge pairs: 0 (flat)  0 (hierarchical)
    Elapsed: 0.020s  Memory: 1430.00M
"output" in: sky130A_mr.drc:666
    Edge pairs: 0 (flat)  0 (hierarchical)
    Elapsed: 0.020s  Memory: 1430.00M
"enclosing" in: sky130A_mr.drc:668
    Edge pairs: 0 (flat)  0 (hierarchical)
    Elapsed: 0.030s  Memory: 1430.00M
"output" in: sky130A_mr.drc:668
    Edge pairs: 0 (flat)  0 (hierarchical)
    Elapsed: 0.010s  Memory: 1430.00M
"not" in: sky130A_mr.drc:669
    Polygons (raw): 0 (flat)  0 (hierarchical)
    Elapsed: 0.010s  Memory: 1430.00M
"output" in: sky130A_mr.drc:669
    Polygons (raw): 0 (flat)  0 (hierarchical)
    Elapsed: 0.010s  Memory: 1430.00M
"with_area" in: sky130A_mr.drc:673
    Polygons (raw): 0 (flat)  0 (hierarchical)
    Elapsed: 0.010s  Memory: 1430.00M
"output" in: sky130A_mr.drc:673
    Polygons (raw): 0 (flat)  0 (hierarchical)
    Elapsed: 0.020s  Memory: 1430.00M
END: 72/20 (m5)
START: 76/20 (pad)
"space" in: sky130A_mr.drc:678
    Edge pairs: 0 (flat)  0 (hierarchical)
    Elapsed: 0.030s  Memory: 1430.00M
"output" in: sky130A_mr.drc:678
    Edge pairs: 0 (flat)  0 (hierarchical)
    Elapsed: 0.020s  Memory: 1430.00M
END: 76/20 (pad)
FEOL section
START: 75/20 (hvi)
"not" in: sky130A_mr.drc:688
    Polygons (raw): 0 (flat)  0 (hierarchical)
    Elapsed: 0.020s  Memory: 1430.00M
"width" in: sky130A_mr.drc:689
    Edge pairs: 0 (flat)  0 (hierarchical)
    Elapsed: 0.020s  Memory: 1430.00M
"output" in: sky130A_mr.drc:689
    Edge pairs: 0 (flat)  0 (hierarchical)
    Elapsed: 0.020s  Memory: 1430.00M
"space" in: sky130A_mr.drc:690
    Edge pairs: 0 (flat)  0 (hierarchical)
    Elapsed: 0.020s  Memory: 1430.00M
"output" in: sky130A_mr.drc:690
    Edge pairs: 0 (flat)  0 (hierarchical)
    Elapsed: 0.010s  Memory: 1430.00M
END: 75/20 (hvi)
START: 125/20 (hvntm)
"not" in: sky130A_mr.drc:695
    Polygons (raw): 0 (flat)  0 (hierarchical)
    Elapsed: 0.010s  Memory: 1430.00M
"width" in: sky130A_mr.drc:696
    Edge pairs: 0 (flat)  0 (hierarchical)
    Elapsed: 0.020s  Memory: 1430.00M
"output" in: sky130A_mr.drc:696
    Edge pairs: 0 (flat)  0 (hierarchical)
    Elapsed: 0.020s  Memory: 1430.00M
"space" in: sky130A_mr.drc:697
    Edge pairs: 0 (flat)  0 (hierarchical)
    Elapsed: 0.020s  Memory: 1430.00M
"output" in: sky130A_mr.drc:697
    Edge pairs: 0 (flat)  0 (hierarchical)
    Elapsed: 0.020s  Memory: 1430.00M
END: 125/20 (hvntm)
Writing report database: /home/passant/caravel_mgmt_soc_litex/signoff/RAM128/standalone_pvr/RAM128_klayout_drc.xml ..
Total elapsed: 136.290s  Memory: 1348.00M
 
Cell exclusion list:
   rule    | cell
   nwell.6 | sky130_fd_io__gpiov2_amux, sky130_fd_io__simple_pad_and_busses, sram
   nsd.1   | sram
   nsd.2   | sram
   psd.1   | sram
   psd.2   | sram
 
release 2022.6.30_01.07
