OpenROAD e9d88df58cd6e61dec17d0cd7d355f7d6ec25778 
This program is licensed under the BSD-3 license. See the LICENSE file for details.
Components of this program may be licensed under more restrictive licenses which must be honored.
[INFO ODB-0222] Reading LEF file: /project/openlane/mgmt_core_wrapper/runs/RUN_2021.12.26_22.44.57/tmp/merged.lef
[INFO ODB-0223]     Created 13 technology layers
[INFO ODB-0224]     Created 25 technology vias
[INFO ODB-0225]     Created 443 library cells
[INFO ODB-0226] Finished LEF file:  /project/openlane/mgmt_core_wrapper/runs/RUN_2021.12.26_22.44.57/tmp/merged.lef
[INFO ODB-0127] Reading DEF file: /project/openlane/mgmt_core_wrapper/runs/RUN_2021.12.26_22.44.57/results/routing/mgmt_core_wrapper.def
[INFO ODB-0128] Design: mgmt_core_wrapper
[INFO ODB-0130]     Created 742 pins.
[INFO ODB-0131]     Created 2 components and 899 component-terminals.
[INFO ODB-0132]     Created 2 special nets and 4 connections.
[INFO ODB-0133]     Created 817 nets and 895 connections.
[INFO ODB-0134] Finished DEF file: /project/openlane/mgmt_core_wrapper/runs/RUN_2021.12.26_22.44.57/results/routing/mgmt_core_wrapper.def
Top-level design name: mgmt_core_wrapper
Default power net:  VPWR
Default ground net: VGND
Found a total of 1 power ports.
Found a total of 1 ground ports.
Modified power connections of 2 cells (Remaining: 0 ).
