****************************************
Report : global_timing
	-format { narrow }
	-separate_all_groups
Design : mgmt_core_wrapper
Version: T-2022.03-SP3
Date   : Thu Nov 10 06:45:49 2022
****************************************

Setup violations for paths in **clock_gating_default**
-------------------------------------------------------------------
           Total    reg->reg     in->reg    reg->out     in->out
-------------------------------------------------------------------
WNS     -13.0043    -13.0043      0.0000      0.0000      0.0000
TNS  -15739.0601 -15739.0601      0.0000      0.0000      0.0000
NUM         1536        1536           0           0           0
-------------------------------------------------------------------

Setup violations for paths in core_clk
--------------------------------------------------------------
          Total   reg->reg    in->reg   reg->out    in->out
--------------------------------------------------------------
WNS     -7.5926    -7.5926     0.0000    -4.1833     0.0000
TNS  -4602.2299 -4581.6793     0.0000   -20.5506     0.0000
NUM        1413       1397          0         16          0
--------------------------------------------------------------


Hold violations for paths in core_clk
---------------------------------------------------------
         Total  reg->reg   in->reg  reg->out   in->out
---------------------------------------------------------
WNS    -4.6870    0.0000   -4.6870    0.0000    0.0000
TNS  -574.2573    0.0000 -574.2573    0.0000    0.0000
NUM        201         0       201         0         0
---------------------------------------------------------

1
