OpenROAD b79f266fe41540eabc064bcaddfe19ed715ac5c2 
This program is licensed under the BSD-3 license. See the LICENSE file for details.
Components of this program may be licensed under more restrictive licenses which must be honored.
[INFO ODB-0222] Reading LEF file: /project/openlane/mgmt_core/runs/RUN_2021.11.23_18.34.59/tmp/merged_unpadded.lef
[WARNING ODB-0220] WARNING (LEFPARS-2036): SOURCE statement is obsolete in version 5.6 and later.
The LEF parser will ignore this statement.
To avoid this warning in the future, remove this statement from the LEF file with version 5.6 or later. See file /project/openlane/mgmt_core/runs/RUN_2021.11.23_18.34.59/tmp/merged_unpadded.lef at line 922.

[INFO ODB-0223]     Created 13 technology layers
[INFO ODB-0224]     Created 25 technology vias
[INFO ODB-0225]     Created 442 library cells
[INFO ODB-0226] Finished LEF file:  /project/openlane/mgmt_core/runs/RUN_2021.11.23_18.34.59/tmp/merged_unpadded.lef
[INFO ODB-0127] Reading DEF file: /project/openlane/mgmt_core/runs/RUN_2021.11.23_18.34.59/tmp/placement/9-resizer.def
[INFO ODB-0128] Design: mgmt_core
[INFO ODB-0130]     Created 818 pins.
[INFO ODB-0131]     Created 38358 components and 191220 component-terminals.
[INFO ODB-0132]     Created 2 special nets and 121280 connections.
[INFO ODB-0133]     Created 21746 nets and 69911 connections.
[INFO ODB-0134] Finished DEF file: /project/openlane/mgmt_core/runs/RUN_2021.11.23_18.34.59/tmp/placement/9-resizer.def
Placement Analysis
---------------------------------
total displacement          0.0 u
average displacement        0.0 u
max displacement            0.0 u
original HPWL         1582614.9 u
legalized HPWL        1599038.7 u
delta HPWL                    1 %

[INFO DPL-0020] Mirrored 7850 instances
[INFO DPL-0021] HPWL before          1599038.7 u
[INFO DPL-0022] HPWL after           1582614.9 u
[INFO DPL-0023] HPWL delta               -1.0 %
