OpenROAD b79f266fe41540eabc064bcaddfe19ed715ac5c2 
This program is licensed under the BSD-3 license. See the LICENSE file for details.
Components of this program may be licensed under more restrictive licenses which must be honored.
[INFO ODB-0222] Reading LEF file: /project/openlane/mgmt_core/runs/RUN_2021.11.23_18.34.59/tmp/merged.lef
[WARNING ODB-0220] WARNING (LEFPARS-2036): SOURCE statement is obsolete in version 5.6 and later.
The LEF parser will ignore this statement.
To avoid this warning in the future, remove this statement from the LEF file with version 5.6 or later. See file /project/openlane/mgmt_core/runs/RUN_2021.11.23_18.34.59/tmp/merged.lef at line 922.

[INFO ODB-0223]     Created 13 technology layers
[INFO ODB-0224]     Created 25 technology vias
[INFO ODB-0225]     Created 442 library cells
[INFO ODB-0226] Finished LEF file:  /project/openlane/mgmt_core/runs/RUN_2021.11.23_18.34.59/tmp/merged.lef
[INFO ODB-0127] Reading DEF file: /project/openlane/mgmt_core/runs/RUN_2021.11.23_18.34.59/tmp/placement/14-resizer_timing.def
[INFO ODB-0128] Design: mgmt_core
[INFO ODB-0130]     Created 818 pins.
[INFO ODB-0131]     Created 40014 components and 201156 component-terminals.
[INFO ODB-0132]     Created 2 special nets and 127904 connections.
[INFO ODB-0133]     Created 23402 nets and 73223 connections.
[INFO ODB-0134] Finished DEF file: /project/openlane/mgmt_core/runs/RUN_2021.11.23_18.34.59/tmp/placement/14-resizer_timing.def
Design name: mgmt_core
Inserted 16193 diodes.
