Mon Dec 27 21:29:28 UTC 2021 - Executing "/openlane/scripts/mergeLef.py -i /ciic/pdks/openlane/sky130A/libs.ref/sky130_fd_sc_hd/techlef/sky130_fd_sc_hd.tlef /ciic/pdks/openlane/sky130A/libs.ref/sky130_fd_sc_hd/lef/sky130_fd_sc_hd.lef -o /project/openlane/DFFRAM/runs/RUN_2021.12.27_21.29.28/tmp/merged_unpadded.lef |& tee >&@stdout"

Mon Dec 27 21:29:28 UTC 2021 - Executing "/openlane/scripts/libtrim.pl /ciic/pdks/openlane/sky130A/libs.ref/sky130_fd_sc_hd/lib/sky130_fd_sc_hd__tt_025C_1v80.lib /project/openlane/DFFRAM/runs/RUN_2021.12.27_21.29.28/tmp/synthesis/trimmed.lib.exclude.list > /project/openlane/DFFRAM/runs/RUN_2021.12.27_21.29.28/tmp/synthesis/trimmed.lib"

Mon Dec 27 21:29:28 UTC 2021 - Executing "echo {openlane 2021.12.23_01.41.11-2-gc677161} > /project/openlane/DFFRAM/runs/RUN_2021.12.27_21.29.28/OPENLANE_VERSION"

Mon Dec 27 21:29:28 UTC 2021 - Executing "openroad -python /openlane/scripts/new_tracks.py -i /ciic/pdks/openlane/sky130A/libs.tech/openlane/sky130_fd_sc_hd/tracks.info -o /project/openlane/DFFRAM/runs/RUN_2021.12.27_21.29.28/tmp/routing/config.tracks"

Mon Dec 27 21:29:29 UTC 2021 - Executing "sed -E {s/^([[:space:]]+)pg_pin(.*)/\1pin\2\n\1    direction : "inout";/g} /ciic/pdks/openlane/sky130A/libs.ref/sky130_fd_sc_hd/lib/sky130_fd_sc_hd__tt_025C_1v80.lib > /project/openlane/DFFRAM/runs/RUN_2021.12.27_21.29.28/tmp/synthesis/1-sky130_fd_sc_hd__tt_025C_1v80.no_pg.lib"

Mon Dec 27 21:29:29 UTC 2021 - Executing "yosys -c /openlane/scripts/yosys/synth.tcl -l /project/openlane/DFFRAM/runs/RUN_2021.12.27_21.29.28/logs/synthesis/1-synthesis.log |& tee >&@stdout"

Mon Dec 27 21:29:58 UTC 2021 - Executing "sed -i -e {s/\(set ::env(CURRENT_NETLIST)\).*/\1 \/project\/openlane\/DFFRAM\/runs\/RUN_2021.12.27_21.29.28\/results\/synthesis\/DFFRAM.v/} /project/openlane/DFFRAM/runs/RUN_2021.12.27_21.29.28/config.tcl"

Mon Dec 27 21:29:58 UTC 2021 - Executing "sed -i -e {s/\(set ::env(PREV_NETLIST)\).*/\1 0/} /project/openlane/DFFRAM/runs/RUN_2021.12.27_21.29.28/config.tcl"

Mon Dec 27 21:29:58 UTC 2021 - Executing "sed -i /defparam/d /project/openlane/DFFRAM/runs/RUN_2021.12.27_21.29.28/results/synthesis/DFFRAM.v"

Mon Dec 27 21:29:59 UTC 2021 - Executing "openroad -exit /openlane/scripts/openroad/sta.tcl"

Mon Dec 27 21:30:05 UTC 2021 - Executing "openroad -exit /openlane/scripts/openroad/floorplan.tcl"

Mon Dec 27 21:30:06 UTC 2021 - Executing "openroad -python /openlane/scripts/io_place.py --input-lef /project/openlane/DFFRAM/runs/RUN_2021.12.27_21.29.28/tmp/merged.lef --config /project/openlane/DFFRAM/pin_order.cfg --hor-layer met3 --ver-layer met2 --ver-width-mult 2 --hor-width-mult 2 --hor-extension -1 --ver-extension -1 --length 4 -o /project/openlane/DFFRAM/runs/RUN_2021.12.27_21.29.28/tmp/floorplan/4-io.def /project/openlane/DFFRAM/runs/RUN_2021.12.27_21.29.28/tmp/floorplan/3-initial_fp.def |& tee /project/openlane/DFFRAM/runs/RUN_2021.12.27_21.29.28/logs/floorplan/4-place_io_ol.log >&@stdout"

Mon Dec 27 21:30:07 UTC 2021 - Executing "openroad -exit /openlane/scripts/openroad/tapcell.tcl"

Mon Dec 27 21:30:07 UTC 2021 - Executing "openroad -exit /openlane/scripts/openroad/pdn.tcl"

Mon Dec 27 21:30:14 UTC 2021 - Executing "openroad -exit /openlane/scripts/openroad/replace.tcl"

Mon Dec 27 21:30:37 UTC 2021 - Executing "openroad -exit /openlane/scripts/openroad/opendp.tcl"

Mon Dec 27 21:30:38 UTC 2021 - Executing "/openlane/scripts/libtrim.pl /ciic/pdks/openlane/sky130A/libs.ref/sky130_fd_sc_hd/lib/sky130_fd_sc_hd__tt_025C_1v80.lib /project/openlane/DFFRAM/runs/RUN_2021.12.27_21.29.28/tmp/cts/cts.lib.exclude.list > /project/openlane/DFFRAM/runs/RUN_2021.12.27_21.29.28/tmp/cts/cts.lib"

Mon Dec 27 21:30:38 UTC 2021 - Executing "openroad -exit /openlane/scripts/openroad/cts.tcl"

Mon Dec 27 21:31:42 UTC 2021 - Executing "openroad -exit /openlane/scripts/openroad/write_verilog.tcl"

Mon Dec 27 21:31:42 UTC 2021 - Executing "sed -i -e {s/\(set ::env(CURRENT_NETLIST)\).*/\1 \/project\/openlane\/DFFRAM\/runs\/RUN_2021.12.27_21.29.28\/results\/cts\/DFFRAM.v/} /project/openlane/DFFRAM/runs/RUN_2021.12.27_21.29.28/config.tcl"

Mon Dec 27 21:31:42 UTC 2021 - Executing "sed -i -e {s/\(set ::env(PREV_NETLIST)\).*/\1 \/project\/openlane\/DFFRAM\/runs\/RUN_2021.12.27_21.29.28\/results\/synthesis\/DFFRAM.v/} /project/openlane/DFFRAM/runs/RUN_2021.12.27_21.29.28/config.tcl"

Mon Dec 27 21:31:42 UTC 2021 - Executing "openroad -exit /openlane/scripts/openroad/resizer_timing.tcl"

Mon Dec 27 21:31:56 UTC 2021 - Executing "openroad -exit /openlane/scripts/openroad/write_verilog.tcl"

Mon Dec 27 21:31:56 UTC 2021 - Executing "sed -i -e {s/\(set ::env(CURRENT_NETLIST)\).*/\1 \/project\/openlane\/DFFRAM\/runs\/RUN_2021.12.27_21.29.28\/results\/cts\/DFFRAM.resized.v/} /project/openlane/DFFRAM/runs/RUN_2021.12.27_21.29.28/config.tcl"

Mon Dec 27 21:31:56 UTC 2021 - Executing "sed -i -e {s/\(set ::env(PREV_NETLIST)\).*/\1 \/project\/openlane\/DFFRAM\/runs\/RUN_2021.12.27_21.29.28\/results\/cts\/DFFRAM.v/} /project/openlane/DFFRAM/runs/RUN_2021.12.27_21.29.28/config.tcl"

Mon Dec 27 21:31:56 UTC 2021 - Executing "openroad -exit /openlane/scripts/openroad/resizer_routing_timing.tcl"

Mon Dec 27 21:32:12 UTC 2021 - Executing "openroad -exit /openlane/scripts/openroad/write_verilog.tcl"

Mon Dec 27 21:32:13 UTC 2021 - Executing "sed -i -e {s/\(set ::env(CURRENT_NETLIST)\).*/\1 \/project\/openlane\/DFFRAM\/runs\/RUN_2021.12.27_21.29.28\/results\/routing\/DFFRAM.resized.v/} /project/openlane/DFFRAM/runs/RUN_2021.12.27_21.29.28/config.tcl"

Mon Dec 27 21:32:13 UTC 2021 - Executing "sed -i -e {s/\(set ::env(PREV_NETLIST)\).*/\1 \/project\/openlane\/DFFRAM\/runs\/RUN_2021.12.27_21.29.28\/results\/cts\/DFFRAM.resized.v/} /project/openlane/DFFRAM/runs/RUN_2021.12.27_21.29.28/config.tcl"

Mon Dec 27 21:32:13 UTC 2021 - Executing "openroad -python /openlane/scripts/place_diodes.py -l /project/openlane/DFFRAM/runs/RUN_2021.12.27_21.29.28/tmp/merged.lef -id /project/openlane/DFFRAM/runs/RUN_2021.12.27_21.29.28/tmp/routing/13-resizer_timing.def -o /project/openlane/DFFRAM/runs/RUN_2021.12.27_21.29.28/tmp/routing/15-diodes.def --diode-cell sky130_fd_sc_hd__diode_2 --diode-pin DIODE --fake-diode-cell sky130_fd_sc_hd__diode_2 |& tee >&@stdout /project/openlane/DFFRAM/runs/RUN_2021.12.27_21.29.28/logs/routing/15-diodes.log"

Mon Dec 27 21:32:16 UTC 2021 - Executing "openroad -exit /openlane/scripts/openroad/opendp.tcl"

Mon Dec 27 21:32:18 UTC 2021 - Executing "openroad -exit /openlane/scripts/openroad/write_verilog.tcl"

Mon Dec 27 21:32:18 UTC 2021 - Executing "sed -i -e {s/\(set ::env(CURRENT_NETLIST)\).*/\1 \/project\/openlane\/DFFRAM\/runs\/RUN_2021.12.27_21.29.28\/results\/synthesis\/DFFRAM_diodes.v/} /project/openlane/DFFRAM/runs/RUN_2021.12.27_21.29.28/config.tcl"

Mon Dec 27 21:32:18 UTC 2021 - Executing "sed -i -e {s/\(set ::env(PREV_NETLIST)\).*/\1 \/project\/openlane\/DFFRAM\/runs\/RUN_2021.12.27_21.29.28\/results\/routing\/DFFRAM.resized.v/} /project/openlane/DFFRAM/runs/RUN_2021.12.27_21.29.28/config.tcl"

Mon Dec 27 21:32:19 UTC 2021 - Executing "openroad -exit /openlane/scripts/openroad/fill.tcl"

Mon Dec 27 21:32:20 UTC 2021 - Executing "openroad -exit /openlane/scripts/openroad/groute.tcl"

Mon Dec 27 21:32:32 UTC 2021 - Executing "openroad -exit /openlane/scripts/openroad/write_verilog.tcl"

Mon Dec 27 21:32:33 UTC 2021 - Executing "sed -i -e {s/\(set ::env(CURRENT_NETLIST)\).*/\1 \/project\/openlane\/DFFRAM\/runs\/RUN_2021.12.27_21.29.28\/tmp\/routing\/19-global.v/} /project/openlane/DFFRAM/runs/RUN_2021.12.27_21.29.28/config.tcl"

Mon Dec 27 21:32:33 UTC 2021 - Executing "sed -i -e {s/\(set ::env(PREV_NETLIST)\).*/\1 \/project\/openlane\/DFFRAM\/runs\/RUN_2021.12.27_21.29.28\/results\/synthesis\/DFFRAM_diodes.v/} /project/openlane/DFFRAM/runs/RUN_2021.12.27_21.29.28/config.tcl"

Mon Dec 27 21:32:33 UTC 2021 - Executing "openroad -exit /openlane/scripts/openroad/droute.tcl"

Mon Dec 27 21:36:37 UTC 2021 - Executing "openroad -python /openlane/scripts/tr_drc_to_klayout_drc.py -i /project/openlane/DFFRAM/runs/RUN_2021.12.27_21.29.28/reports/routing/detailed.drc -o /project/openlane/DFFRAM/runs/RUN_2021.12.27_21.29.28/reports/routing/detailed.klayout.xml --design-name DFFRAM"

Mon Dec 27 21:36:38 UTC 2021 - Executing "openroad -exit /openlane/scripts/openroad/write_verilog.tcl"

Mon Dec 27 21:36:40 UTC 2021 - Executing "sed -i -e {s/\(set ::env(CURRENT_NETLIST)\).*/\1 \/project\/openlane\/DFFRAM\/runs\/RUN_2021.12.27_21.29.28\/tmp\/routing\/21-detailed.v/} /project/openlane/DFFRAM/runs/RUN_2021.12.27_21.29.28/config.tcl"

Mon Dec 27 21:36:40 UTC 2021 - Executing "sed -i -e {s/\(set ::env(PREV_NETLIST)\).*/\1 \/project\/openlane\/DFFRAM\/runs\/RUN_2021.12.27_21.29.28\/tmp\/routing\/19-global.v/} /project/openlane/DFFRAM/runs/RUN_2021.12.27_21.29.28/config.tcl"

Mon Dec 27 21:36:40 UTC 2021 - Executing "openroad -exit /openlane/scripts/openroad/rcx.tcl"

Mon Dec 27 21:36:52 UTC 2021 - Executing "openroad -exit /openlane/scripts/openroad/rcx.tcl"

Mon Dec 27 21:37:04 UTC 2021 - Executing "openroad -exit /openlane/scripts/openroad/rcx.tcl"

Mon Dec 27 21:37:17 UTC 2021 - Executing "openroad -exit /openlane/scripts/openroad/sta.tcl"

Mon Dec 27 21:40:04 UTC 2021 - Executing "openroad -exit /openlane/scripts/openroad/sta_multi_corner.tcl"

Mon Dec 27 21:48:10 UTC 2021 - Executing "magic -noconsole -dnull -rcfile /ciic/pdks/openlane/sky130A/libs.tech/magic/sky130A.magicrc /openlane/scripts/magic/mag_gds.tcl </dev/null |& tee >&@stdout /project/openlane/DFFRAM/runs/RUN_2021.12.27_21.29.28/logs/finishing/28-gdsii.log"

Mon Dec 27 21:48:32 UTC 2021 - Executing "magic -noconsole -dnull -rcfile /ciic/pdks/openlane/sky130A/libs.tech/magic/sky130A.magicrc /openlane/scripts/magic/gds_pointers.tcl </dev/null |& tee >&@stdout /project/openlane/DFFRAM/runs/RUN_2021.12.27_21.29.28/logs/finishing/28-gds_ptrs.log"

Mon Dec 27 21:48:48 UTC 2021 - Executing "sed -i -n {/^<< properties >>/,/^<< end >>/p} /project/openlane/DFFRAM/runs/RUN_2021.12.27_21.29.28/tmp/finishing/gds_ptrs.mag"

Mon Dec 27 21:48:48 UTC 2021 - Executing "magic -noconsole -dnull -rcfile /ciic/pdks/openlane/sky130A/libs.tech/magic/sky130A.magicrc /openlane/scripts/magic/lef.tcl </dev/null |& tee >&@stdout /project/openlane/DFFRAM/runs/RUN_2021.12.27_21.29.28/logs/finishing/28-lef.log"

Mon Dec 27 21:49:12 UTC 2021 - Executing "magic -noconsole -dnull -rcfile /ciic/pdks/openlane/sky130A/libs.tech/magic/sky130A.magicrc /openlane/scripts/magic/maglef.tcl </dev/null |& tee >&@stdout /project/openlane/DFFRAM/runs/RUN_2021.12.27_21.29.28/logs/finishing/28-maglef.log"

Mon Dec 27 21:49:13 UTC 2021 - Executing "magic -noconsole -dnull -rcfile /ciic/pdks/openlane/sky130A/libs.tech/magic/sky130A.magicrc /project/openlane/DFFRAM/runs/RUN_2021.12.27_21.29.28/tmp/finishing/spice.tcl </dev/null |& tee >&@stdout /project/openlane/DFFRAM/runs/RUN_2021.12.27_21.29.28/logs/finishing/30-spice.log"

Mon Dec 27 21:50:22 UTC 2021 - Executing "openroad -python /openlane/scripts/write_powered_def.py -d /project/openlane/DFFRAM/runs/RUN_2021.12.27_21.29.28/results/routing/DFFRAM.def -l /project/openlane/DFFRAM/runs/RUN_2021.12.27_21.29.28/tmp/merged.lef --power-port VPWR --ground-port VGND --powered-netlist {} -o /project/openlane/DFFRAM/runs/RUN_2021.12.27_21.29.28/tmp/finishing/30-powered_def.def |& tee >&@stdout /project/openlane/DFFRAM/runs/RUN_2021.12.27_21.29.28/logs/finishing/31-write_powered_def.log"

Mon Dec 27 21:50:26 UTC 2021 - Executing "openroad -exit /openlane/scripts/openroad/write_verilog.tcl"

Mon Dec 27 21:50:28 UTC 2021 - Executing "sed -i -e {s/\(set ::env(CURRENT_NETLIST)\).*/\1 \/project\/openlane\/DFFRAM\/runs\/RUN_2021.12.27_21.29.28\/tmp\/finishing\/30-powered_netlist.v/} /project/openlane/DFFRAM/runs/RUN_2021.12.27_21.29.28/config.tcl"

Mon Dec 27 21:50:28 UTC 2021 - Executing "sed -i -e {s/\(set ::env(PREV_NETLIST)\).*/\1 \/project\/openlane\/DFFRAM\/runs\/RUN_2021.12.27_21.29.28\/tmp\/routing\/21-detailed.v/} /project/openlane/DFFRAM/runs/RUN_2021.12.27_21.29.28/config.tcl"

Mon Dec 27 21:50:28 UTC 2021 - Executing "netgen -batch source /project/openlane/DFFRAM/runs/RUN_2021.12.27_21.29.28/tmp/finishing/33-setup_file.lef.lvs |& tee >&@stdout /project/openlane/DFFRAM/runs/RUN_2021.12.27_21.29.28/logs/finishing/33-lef.log"

Mon Dec 27 21:50:37 UTC 2021 - Executing "magic -noconsole -dnull -rcfile /ciic/pdks/openlane/sky130A/libs.tech/magic/sky130A.magicrc /openlane/scripts/magic/drc.tcl </dev/null |& tee >&@stdout /project/openlane/DFFRAM/runs/RUN_2021.12.27_21.29.28/logs/finishing/34-drc.log"

Mon Dec 27 21:55:45 UTC 2021 - Executing "openroad -python /openlane/scripts/magic_drc_to_tcl.py -i /project/openlane/DFFRAM/runs/RUN_2021.12.27_21.29.28/reports/finishing/drc.rpt -o /project/openlane/DFFRAM/runs/RUN_2021.12.27_21.29.28/reports/finishing/drc.tcl"

Mon Dec 27 21:55:46 UTC 2021 - Executing "openroad -python /openlane/scripts/magic_drc_to_tr_drc.py -i /project/openlane/DFFRAM/runs/RUN_2021.12.27_21.29.28/reports/finishing/drc.rpt -o /project/openlane/DFFRAM/runs/RUN_2021.12.27_21.29.28/reports/finishing/drc.tr"

Mon Dec 27 21:55:46 UTC 2021 - Executing "openroad -python /openlane/scripts/tr_drc_to_klayout_drc.py -i /project/openlane/DFFRAM/runs/RUN_2021.12.27_21.29.28/reports/finishing/drc.tr -o /project/openlane/DFFRAM/runs/RUN_2021.12.27_21.29.28/reports/finishing/drc.klayout.xml --design-name DFFRAM"

Mon Dec 27 21:55:46 UTC 2021 - Executing "openroad -python /openlane/scripts/magic_drc_to_rdb.py --magic_drc_in /project/openlane/DFFRAM/runs/RUN_2021.12.27_21.29.28/reports/finishing/drc.rpt --rdb_out /project/openlane/DFFRAM/runs/RUN_2021.12.27_21.29.28/reports/finishing/drc.rdb"

Mon Dec 27 21:55:46 UTC 2021 - Executing "openroad -exit /openlane/scripts/openroad/antenna_check.tcl"

Mon Dec 27 21:55:51 UTC 2021 - Executing "awk { BEGIN {  # Print power and standard_input definitions
    print "VPWR power 1.8";
    print "VGND power 0.0";
    print "#define std_input min@VGND max@VPWR";
}
$1 == "input" {  # Print input nets
    gsub(/;/, "");
    if ( $2 == "VPWR" || $2 == "VGND" ) {  # ignore power nets
        next;
    }
    if ( NF == 3 ) {  # print buses as net[range]
        $2 = $3 $2;
    }
    print $2, "input std_input";
}} /project/openlane/DFFRAM/runs/RUN_2021.12.27_21.29.28/tmp/finishing/30-powered_netlist.v > /project/openlane/DFFRAM/runs/RUN_2021.12.27_21.29.28/tmp/finishing/DFFRAM.power"

Mon Dec 27 21:55:52 UTC 2021 - Executing "awk { /Black-box entry subcircuit/ {  # remove black-box defintions
    while ( $1 != ".ends" ) {
        getline;
    }
    getline;
}
/^\*/ {  # remove comments
    next;
}
/^.ENDS .*/ {  # remove name from ends lines
    print $1;
    next;
}
 {
    print $0;
}} /ciic/pdks/openlane/sky130A/libs.ref/sky130_fd_sc_hd/cdl/sky130_fd_sc_hd.cdl /project/openlane/DFFRAM/runs/RUN_2021.12.27_21.29.28/results/finishing/DFFRAM.lef.spice > /project/openlane/DFFRAM/runs/RUN_2021.12.27_21.29.28/tmp/finishing/DFFRAM.cdl"

Mon Dec 27 21:55:52 UTC 2021 - Executing "cvc /openlane/scripts/cvc/sky130A/cvcrc.sky130A |& tee >&@stdout /project/openlane/DFFRAM/runs/RUN_2021.12.27_21.29.28/logs/finishing/36-erc_screen.log"

Mon Dec 27 21:55:54 UTC 2021 - Executing "openroad -python /openlane/scripts/generate_reports.py -d /project/openlane/DFFRAM --design_name DFFRAM --tag RUN_2021.12.27_21.29.28 --output_file /project/openlane/DFFRAM/runs/RUN_2021.12.27_21.29.28/reports/final_summary_report.csv --man_report /project/openlane/DFFRAM/runs/RUN_2021.12.27_21.29.28/reports/manufacturability_report.rpt --run_path /project/openlane/DFFRAM/runs/RUN_2021.12.27_21.29.28"

