
===========================================================================
report_checks -unconstrained
============================================================================

======================= Slowest Corner ===================================

Startpoint: core_clk (clock source 'core_clk')
Endpoint: DFFRAM_0/CLK (internal pin)
Path Group: (none)
Path Type: max
Corner: ss

Fanout     Cap    Slew   Delay    Time   Description
-----------------------------------------------------------------------------
                  0.70    0.59   13.09 v core_clk (in)
     2    0.17                           core_clk (net)
                  0.74    0.00   13.09 v DFFRAM_0/CLK (DFFRAM)
                                 13.09   data arrival time
-----------------------------------------------------------------------------
(Path is unconstrained)



======================= Typical Corner ===================================

Startpoint: core_clk (clock source 'core_clk')
Endpoint: DFFRAM_0/CLK (internal pin)
Path Group: (none)
Path Type: max
Corner: tt

Fanout     Cap    Slew   Delay    Time   Description
-----------------------------------------------------------------------------
                  0.36    0.34   12.84 v core_clk (in)
     2    0.17                           core_clk (net)
                  0.43    0.00   12.84 v DFFRAM_0/CLK (DFFRAM)
                                 12.84   data arrival time
-----------------------------------------------------------------------------
(Path is unconstrained)



======================= Fastest Corner ===================================

Startpoint: core_clk (clock source 'core_clk')
Endpoint: DFFRAM_0/CLK (internal pin)
Path Group: (none)
Path Type: max
Corner: ff

Fanout     Cap    Slew   Delay    Time   Description
-----------------------------------------------------------------------------
                  0.23    0.25   12.75 v core_clk (in)
     2    0.17                           core_clk (net)
                  0.33    0.00   12.75 v DFFRAM_0/CLK (DFFRAM)
                                 12.75   data arrival time
-----------------------------------------------------------------------------
(Path is unconstrained)



===========================================================================
report_checks --slack_max -0.01
============================================================================

======================= Slowest Corner ===================================

No paths found.

======================= Typical Corner ===================================

No paths found.

======================= Fastest Corner ===================================

No paths found.
