
Magic 8.3 revision 209 - Compiled on Wed Dec 22 17:18:33 UTC 2021.
Starting magic under Tcl interpreter
Using the terminal as the console.
Using NULL graphics device.
Processing system .magicrc file
Sourcing design .magicrc for technology sky130A ...
2 Magic internal units = 1 Lambda
Input style sky130(vendor): scaleFactor=2, multiplier=2
Scaled tech values by 2 / 1 to match internal grid scaling
Loading sky130A Device Generator Menu ...
Loading "/openlane/scripts/magic/mag_gds.tcl" from command line.
Reading LEF data from file /ciic/pdks/openlane/sky130A/libs.ref/sky130_fd_sc_hd/techlef/sky130_fd_sc_hd.tlef.
This action cannot be undone.
LEF read, Line 77 (Message): Unknown keyword "ANTENNAMODEL" in LEF file; ignoring.
LEF read, Line 78 (Message): Unknown keyword "ANTENNADIFFSIDEAREARATIO" in LEF file; ignoring.
LEF read, Line 110 (Message): Unknown keyword "MINENCLOSEDAREA" in LEF file; ignoring.
LEF read, Line 112 (Message): Unknown keyword "ANTENNAMODEL" in LEF file; ignoring.
LEF read, Line 113 (Message): Unknown keyword "ANTENNADIFFSIDEAREARATIO" in LEF file; ignoring.
LEF read, Line 119 (Message): Unknown keyword "MAXIMUMDENSITY" in LEF file; ignoring.
LEF read, Line 120 (Message): Unknown keyword "DENSITYCHECKWINDOW" in LEF file; ignoring.
LEF read, Line 121 (Message): Unknown keyword "DENSITYCHECKSTEP" in LEF file; ignoring.
LEF read, Line 153 (Message): Unknown keyword "MINENCLOSEDAREA" in LEF file; ignoring.
LEF read, Line 161 (Message): Unknown keyword "ANTENNAMODEL" in LEF file; ignoring.
LEF read, Line 162 (Message): Unknown keyword "ANTENNADIFFSIDEAREARATIO" in LEF file; ignoring.
LEF read, Line 164 (Message): Unknown keyword "MAXIMUMDENSITY" in LEF file; ignoring.
LEF read, Line 165 (Message): Unknown keyword "DENSITYCHECKWINDOW" in LEF file; ignoring.
LEF read, Line 166 (Message): Unknown keyword "DENSITYCHECKSTEP" in LEF file; ignoring.
LEF read, Line 202 (Message): Unknown keyword "ANTENNAMODEL" in LEF file; ignoring.
LEF read, Line 203 (Message): Unknown keyword "ANTENNADIFFSIDEAREARATIO" in LEF file; ignoring.
LEF read, Line 205 (Message): Unknown keyword "MAXIMUMDENSITY" in LEF file; ignoring.
LEF read, Line 206 (Message): Unknown keyword "DENSITYCHECKWINDOW" in LEF file; ignoring.
LEF read, Line 207 (Message): Unknown keyword "DENSITYCHECKSTEP" in LEF file; ignoring.
LEF read, Line 243 (Message): Unknown keyword "ANTENNAMODEL" in LEF file; ignoring.
LEF read, Line 244 (Message): Unknown keyword "ANTENNADIFFSIDEAREARATIO" in LEF file; ignoring.
LEF read, Line 246 (Message): Unknown keyword "MAXIMUMDENSITY" in LEF file; ignoring.
LEF read, Line 247 (Message): Unknown keyword "DENSITYCHECKWINDOW" in LEF file; ignoring.
LEF read, Line 248 (Message): Unknown keyword "DENSITYCHECKSTEP" in LEF file; ignoring.
LEF read, Line 284 (Message): Unknown keyword "ANTENNAMODEL" in LEF file; ignoring.
LEF read, Line 285 (Message): Unknown keyword "ANTENNADIFFSIDEAREARATIO" in LEF file; ignoring.
LEF read: Processed 791 lines.
Reading LEF data from file /project/openlane/mgmt_core_wrapper/../../lef/DFFRAM.lef.
This action cannot be undone.
LEF read: Processed 858 lines.
Reading LEF data from file /project/openlane/mgmt_core_wrapper/../../lef/mgmt_core.lef.
This action cannot be undone.
LEF read: Processed 8174 lines.
Reading DEF data from file /project/openlane/mgmt_core_wrapper/runs/RUN_2021.12.27_23.52.33/results/routing/mgmt_core_wrapper.def.
This action cannot be undone.
  Processed 2 vias total.
  Processed 2 subcell instances total.
  Processed 742 pins total.
  Processed 2 special nets total.
  Processed 827 nets total.
DEF read: Processed 12377 lines.
Root cell box:
           width x height  (   llx,  lly  ), (   urx,  ury  )  area (units^2)

microns:  2620.00 x 820.00  (  0.00,  0.00 ), ( 2620.00,  820.00)  2148399.75
lambda:   262000.00 x 82000.00  (  0.00,  0.00 ), ( 262000.00,  82000.00)  21483999232.00
internal: 524000 x 164000  (     0,  0    ), ( 524000,  164000)  85936000000
Warning: Calma reading is not undoable!  I hope that's OK.
Library written using GDS-II Release 3.0
Library name: mgmt_core
Reading "sky130_fd_sc_hd__diode_2".
Reading "sky130_fd_sc_hd__decap_12".
Reading "sky130_fd_sc_hd__decap_3".
Reading "sky130_fd_sc_hd__clkbuf_4".
Reading "sky130_fd_sc_hd__decap_4".
Reading "sky130_fd_sc_hd__fill_1".
Reading "sky130_fd_sc_hd__tapvpwrvgnd_1".
Reading "sky130_fd_sc_hd__dfxtp_1".
Reading "sky130_fd_sc_hd__decap_8".
Reading "sky130_fd_sc_hd__clkbuf_1".
Reading "sky130_fd_sc_hd__decap_6".
Reading "sky130_fd_sc_hd__dfxtp_2".
Reading "sky130_fd_sc_hd__dlygate4sd3_1".
Reading "sky130_fd_sc_hd__fill_2".
Reading "sky130_fd_sc_hd__mux4_1".
Reading "sky130_fd_sc_hd__mux2_1".
Reading "sky130_fd_sc_hd__inv_2".
Reading "sky130_fd_sc_hd__mux4_2".
Reading "sky130_fd_sc_hd__clkbuf_16".
Reading "sky130_fd_sc_hd__mux2_8".
Reading "sky130_fd_sc_hd__clkbuf_8".
Reading "sky130_fd_sc_hd__buf_4".
Reading "sky130_fd_sc_hd__dfxtp_4".
Reading "sky130_fd_sc_hd__buf_12".
Reading "sky130_fd_sc_hd__mux2_2".
Reading "sky130_fd_sc_hd__buf_2".
Reading "sky130_fd_sc_hd__conb_1".
Reading "sky130_fd_sc_hd__buf_8".
Reading "sky130_fd_sc_hd__buf_6".
Reading "sky130_fd_sc_hd__clkbuf_2".
Reading "sky130_fd_sc_hd__dlymetal6s2s_1".
Reading "sky130_fd_sc_hd__and3_2".
Reading "sky130_fd_sc_hd__and2_1".
Reading "sky130_fd_sc_hd__mux2_4".
Reading "sky130_fd_sc_hd__o21a_1".
Reading "sky130_fd_sc_hd__o2111ai_1".
Reading "sky130_fd_sc_hd__o2111ai_4".
Reading "sky130_fd_sc_hd__nor2_1".
Reading "sky130_fd_sc_hd__o21bai_1".
Reading "sky130_fd_sc_hd__nor3_1".
Reading "sky130_fd_sc_hd__and2b_1".
Reading "sky130_fd_sc_hd__o21a_4".
Reading "sky130_fd_sc_hd__o2111ai_2".
Reading "sky130_fd_sc_hd__nand3b_1".
Reading "sky130_fd_sc_hd__and3_1".
Reading "sky130_fd_sc_hd__nor3b_1".
Reading "sky130_fd_sc_hd__xor2_1".
Reading "sky130_fd_sc_hd__and4_1".
Reading "sky130_fd_sc_hd__o21ai_1".
Reading "sky130_fd_sc_hd__a21oi_1".
Reading "sky130_fd_sc_hd__nand2_1".
Reading "sky130_fd_sc_hd__xnor2_1".
Reading "sky130_fd_sc_hd__nand3_1".
Reading "sky130_fd_sc_hd__nand3_2".
Reading "sky130_fd_sc_hd__nor3_2".
Reading "sky130_fd_sc_hd__xor2_2".
Reading "sky130_fd_sc_hd__clkinv_2".
Reading "sky130_fd_sc_hd__xor2_4".
Reading "sky130_fd_sc_hd__and4_2".
Reading "sky130_fd_sc_hd__nor3_4".
Reading "sky130_fd_sc_hd__nand3_4".
Reading "sky130_fd_sc_hd__o211a_4".
Reading "sky130_fd_sc_hd__a21o_1".
Reading "sky130_fd_sc_hd__a32oi_4".
Reading "sky130_fd_sc_hd__a31oi_4".
Reading "sky130_fd_sc_hd__nor3b_2".
Reading "sky130_fd_sc_hd__o21bai_2".
Reading "sky130_fd_sc_hd__nor2_4".
Reading "sky130_fd_sc_hd__nand2_2".
Reading "sky130_fd_sc_hd__nor3b_4".
Reading "sky130_fd_sc_hd__nor2_2".
Reading "sky130_fd_sc_hd__nand2_4".
Reading "sky130_fd_sc_hd__o211ai_1".
Reading "sky130_fd_sc_hd__o211a_1".
Reading "sky130_fd_sc_hd__o41ai_2".
Reading "sky130_fd_sc_hd__o31ai_2".
Reading "sky130_fd_sc_hd__a211oi_1".
Reading "sky130_fd_sc_hd__a41oi_2".
Reading "sky130_fd_sc_hd__a41oi_1".
Reading "sky130_fd_sc_hd__o41ai_1".
Reading "sky130_fd_sc_hd__or2b_1".
Reading "sky130_fd_sc_hd__or2_2".
Reading "sky130_fd_sc_hd__a31oi_1".
Reading "sky130_fd_sc_hd__a41o_1".
Reading "sky130_fd_sc_hd__o22ai_1".
Reading "sky130_fd_sc_hd__o31ai_1".
Reading "sky130_fd_sc_hd__a21oi_4".
Reading "sky130_fd_sc_hd__o21ba_1".
Reading "sky130_fd_sc_hd__inv_6".
Reading "sky130_fd_sc_hd__a21bo_2".
Reading "sky130_fd_sc_hd__o2bb2ai_1".
Reading "sky130_fd_sc_hd__o2111a_4".
Reading "sky130_fd_sc_hd__and3b_2".
Reading "sky130_fd_sc_hd__a21oi_2".
Reading "sky130_fd_sc_hd__o21bai_4".
Reading "sky130_fd_sc_hd__o2111a_1".
Reading "sky130_fd_sc_hd__and2b_2".
Reading "sky130_fd_sc_hd__o221ai_1".
Reading "sky130_fd_sc_hd__a41oi_4".
Reading "sky130_fd_sc_hd__nor2_8".
Reading "sky130_fd_sc_hd__and2_4".
Reading "sky130_fd_sc_hd__nand3b_4".
Reading "sky130_fd_sc_hd__a31oi_2".
Reading "sky130_fd_sc_hd__nand3b_2".
Reading "sky130_fd_sc_hd__clkinv_16".
Reading "sky130_fd_sc_hd__or3_4".
Reading "sky130_fd_sc_hd__and2b_4".
Reading "sky130_fd_sc_hd__o32ai_2".
Reading "sky130_fd_sc_hd__a22o_1".
Reading "sky130_fd_sc_hd__a32o_1".
Reading "sky130_fd_sc_hd__inv_16".
Reading "sky130_fd_sc_hd__and2_2".
Reading "sky130_fd_sc_hd__nand2_8".
Reading "sky130_fd_sc_hd__clkinv_8".
Reading "sky130_fd_sc_hd__o2111a_2".
Reading "sky130_sram_2kbyte_1rw1r_32x512_8_contact_39".
Reading "sky130_sram_2kbyte_1rw1r_32x512_8_contact_19".
Reading "sky130_sram_2kbyte_1rw1r_32x512_8_contact_14".
Reading "sky130_sram_2kbyte_1rw1r_32x512_8_contact_13".
Reading "sky130_sram_2kbyte_1rw1r_32x512_8_contact_7".
Reading "sky130_sram_2kbyte_1rw1r_32x512_8_contact_38".
Reading "sky130_sram_2kbyte_1rw1r_32x512_8_contact_33".
Reading "sky130_sram_2kbyte_1rw1r_32x512_8_contact_32".
Reading "sky130_fd_bd_sram__openram_dff".
Reading "sky130_sram_2kbyte_1rw1r_32x512_8_row_addr_dff".
Reading "sky130_sram_2kbyte_1rw1r_32x512_8_wmask_dff".
Reading "sky130_sram_2kbyte_1rw1r_32x512_8_cr_3".
Reading "sky130_sram_2kbyte_1rw1r_32x512_8_col_addr_dff".
Reading "sky130_sram_2kbyte_1rw1r_32x512_8_data_dff".
Reading "sky130_sram_2kbyte_1rw1r_32x512_8_contact_16".
Reading "sky130_sram_2kbyte_1rw1r_32x512_8_contact_29".
Reading "sky130_sram_2kbyte_1rw1r_32x512_8_contact_28".
Reading "sky130_sram_2kbyte_1rw1r_32x512_8_contact_11".
Reading "sky130_sram_2kbyte_1rw1r_32x512_8_nmos_m1_w0_360_sli_dli_da_p".
Reading "sky130_sram_2kbyte_1rw1r_32x512_8_contact_12".
Reading "sky130_sram_2kbyte_1rw1r_32x512_8_pmos_m1_w1_120_sli_dli_da_p".
Reading "sky130_sram_2kbyte_1rw1r_32x512_8_pinv_1".
Reading "sky130_sram_2kbyte_1rw1r_32x512_8_nmos_m1_w0_740_sactive_dli".
Reading "sky130_sram_2kbyte_1rw1r_32x512_8_nmos_m1_w0_740_sli_dactive".
Reading "sky130_sram_2kbyte_1rw1r_32x512_8_pmos_m1_w1_120_sli_dli".
Reading "sky130_sram_2kbyte_1rw1r_32x512_8_pnand2_1".
Reading "sky130_sram_2kbyte_1rw1r_32x512_8_nmos_m3_w1_680_sli_dli_da_p".
Reading "sky130_sram_2kbyte_1rw1r_32x512_8_pmos_m3_w1_680_sli_dli_da_p".
Reading "sky130_sram_2kbyte_1rw1r_32x512_8_pinv_3".
Reading "sky130_sram_2kbyte_1rw1r_32x512_8_nmos_m2_w0_740_sli_dli_da_p".
Reading "sky130_sram_2kbyte_1rw1r_32x512_8_pmos_m2_w1_260_sli_dli_da_p".
Reading "sky130_sram_2kbyte_1rw1r_32x512_8_pinv_2".
Reading "sky130_sram_2kbyte_1rw1r_32x512_8_dff_buf_0".
Reading "sky130_sram_2kbyte_1rw1r_32x512_8_dff_buf_array".
Reading "sky130_sram_2kbyte_1rw1r_32x512_8_nmos_m7_w1_680_sli_dli_da_p".
Reading "sky130_sram_2kbyte_1rw1r_32x512_8_pmos_m7_w2_000_sli_dli_da_p".
Reading "sky130_sram_2kbyte_1rw1r_32x512_8_pinv_4".
Reading "sky130_sram_2kbyte_1rw1r_32x512_8_pdriver_1".
Reading "sky130_sram_2kbyte_1rw1r_32x512_8_pnand2_0".
Reading "sky130_sram_2kbyte_1rw1r_32x512_8_pand2_1".
Reading "sky130_sram_2kbyte_1rw1r_32x512_8_nmos_m24_w2_000_sli_dli_da_p".
Reading "sky130_sram_2kbyte_1rw1r_32x512_8_pmos_m24_w2_000_sli_dli_da_p".
Reading "sky130_sram_2kbyte_1rw1r_32x512_8_pinv_14".
Reading "sky130_sram_2kbyte_1rw1r_32x512_8_nmos_m8_w2_000_sli_dli_da_p".
Reading "sky130_sram_2kbyte_1rw1r_32x512_8_pmos_m8_w2_000_sli_dli_da_p".
Reading "sky130_sram_2kbyte_1rw1r_32x512_8_pinv_13".
Reading "sky130_sram_2kbyte_1rw1r_32x512_8_nmos_m3_w2_000_sli_dli_da_p".
Reading "sky130_sram_2kbyte_1rw1r_32x512_8_pmos_m3_w2_000_sli_dli_da_p".
Reading "sky130_sram_2kbyte_1rw1r_32x512_8_pinv_12".
Reading "sky130_sram_2kbyte_1rw1r_32x512_8_pinv_11".
Reading "sky130_sram_2kbyte_1rw1r_32x512_8_pinv_0".
Reading "sky130_sram_2kbyte_1rw1r_32x512_8_pdriver_3".
Reading "sky130_sram_2kbyte_1rw1r_32x512_8_pinv_17".
Reading "sky130_sram_2kbyte_1rw1r_32x512_8_delay_chain".
Reading "sky130_sram_2kbyte_1rw1r_32x512_8_nmos_m18_w2_000_sli_dli_da_p".
Reading "sky130_sram_2kbyte_1rw1r_32x512_8_pmos_m18_w2_000_sli_dli_da_p".
Reading "sky130_sram_2kbyte_1rw1r_32x512_8_pinv_16".
Reading "sky130_sram_2kbyte_1rw1r_32x512_8_pdriver_5".
Reading "sky130_sram_2kbyte_1rw1r_32x512_8_nmos_m1_w0_740_sactive_dactive".
Reading "sky130_sram_2kbyte_1rw1r_32x512_8_pnand3".
Reading "sky130_sram_2kbyte_1rw1r_32x512_8_pand3_0".
Reading "sky130_sram_2kbyte_1rw1r_32x512_8_nmos_m22_w2_000_sli_dli_da_p".
Reading "sky130_sram_2kbyte_1rw1r_32x512_8_pmos_m22_w2_000_sli_dli_da_p".
Reading "sky130_sram_2kbyte_1rw1r_32x512_8_pinv_15".
Reading "sky130_sram_2kbyte_1rw1r_32x512_8_pdriver_4".
Reading "sky130_sram_2kbyte_1rw1r_32x512_8_pand3".
Reading "sky130_sram_2kbyte_1rw1r_32x512_8_nmos_m42_w2_000_sli_dli_da_p".
Reading "sky130_sram_2kbyte_1rw1r_32x512_8_pmos_m42_w2_000_sli_dli_da_p".
Reading "sky130_sram_2kbyte_1rw1r_32x512_8_pinv_10".
Reading "sky130_sram_2kbyte_1rw1r_32x512_8_nmos_m15_w2_000_sli_dli_da_p".
Reading "sky130_sram_2kbyte_1rw1r_32x512_8_pmos_m15_w2_000_sli_dli_da_p".
Reading "sky130_sram_2kbyte_1rw1r_32x512_8_pinv_9".
Reading "sky130_sram_2kbyte_1rw1r_32x512_8_nmos_m5_w2_000_sli_dli_da_p".
Reading "sky130_sram_2kbyte_1rw1r_32x512_8_pmos_m5_w2_000_sli_dli_da_p".
Reading "sky130_sram_2kbyte_1rw1r_32x512_8_pinv_8".
Reading "sky130_sram_2kbyte_1rw1r_32x512_8_nmos_m2_w1_260_sli_dli_da_p".
Reading "sky130_sram_2kbyte_1rw1r_32x512_8_pmos_m2_w2_000_sli_dli_da_p".
Reading "sky130_sram_2kbyte_1rw1r_32x512_8_pinv_7".
Reading "sky130_sram_2kbyte_1rw1r_32x512_8_pdriver_2".
Reading "sky130_sram_2kbyte_1rw1r_32x512_8_control_logic_rw".
Reading "sky130_sram_2kbyte_1rw1r_32x512_8_cr_5".
Reading "sky130_sram_2kbyte_1rw1r_32x512_8_dff_buf_array_0".
Reading "sky130_sram_2kbyte_1rw1r_32x512_8_nmos_m41_w2_000_sli_dli_da_p".
Reading "sky130_sram_2kbyte_1rw1r_32x512_8_pmos_m41_w2_000_sli_dli_da_p".
Reading "sky130_sram_2kbyte_1rw1r_32x512_8_pinv_20".
Reading "sky130_sram_2kbyte_1rw1r_32x512_8_nmos_m14_w2_000_sli_dli_da_p".
Reading "sky130_sram_2kbyte_1rw1r_32x512_8_pmos_m14_w2_000_sli_dli_da_p".
Reading "sky130_sram_2kbyte_1rw1r_32x512_8_pinv_19".
Reading "sky130_sram_2kbyte_1rw1r_32x512_8_nmos_m5_w1_680_sli_dli_da_p".
Reading "sky130_sram_2kbyte_1rw1r_32x512_8_pinv_18".
Reading "sky130_sram_2kbyte_1rw1r_32x512_8_pdriver_6".
Reading "sky130_sram_2kbyte_1rw1r_32x512_8_control_logic_r".
Reading "sky130_sram_2kbyte_1rw1r_32x512_8_cr_4".
Reading "sky130_sram_2kbyte_1rw1r_32x512_8_contact_20".
Reading "sky130_sram_2kbyte_1rw1r_32x512_8_contact_17".
Reading "sky130_sram_2kbyte_1rw1r_32x512_8_pdriver_0".
Reading "sky130_sram_2kbyte_1rw1r_32x512_8_pand2_0".
Reading "sky130_sram_2kbyte_1rw1r_32x512_8_hierarchical_predecode2x4_0".
Reading "sky130_sram_2kbyte_1rw1r_32x512_8_contact_15".
Reading "sky130_sram_2kbyte_1rw1r_32x512_8_nmos_m1_w7_000_sli_dli_da_p".
Reading "sky130_sram_2kbyte_1rw1r_32x512_8_pmos_m1_w7_000_sli_dli_da_p".
Reading "sky130_sram_2kbyte_1rw1r_32x512_8_pinv_dec_0".
CIF file read warning: CIF style sky130(vendor): units rescaled by factor of 5 / 1
Reading "sky130_fd_bd_sram__openram_dp_nand2_dec".
Reading "sky130_sram_2kbyte_1rw1r_32x512_8_and2_dec_0".
Reading "sky130_sram_2kbyte_1rw1r_32x512_8_wordline_driver".
Reading "sky130_sram_2kbyte_1rw1r_32x512_8_wordline_driver_array".
Reading "sky130_sram_2kbyte_1rw1r_32x512_8_pinv_dec".
Reading "sky130_fd_bd_sram__openram_dp_nand3_dec".
Reading "sky130_sram_2kbyte_1rw1r_32x512_8_and3_dec".
Reading "sky130_sram_2kbyte_1rw1r_32x512_8_hierarchical_predecode3x8".
Reading "sky130_sram_2kbyte_1rw1r_32x512_8_and2_dec".
Reading "sky130_sram_2kbyte_1rw1r_32x512_8_hierarchical_predecode2x4".
Reading "sky130_sram_2kbyte_1rw1r_32x512_8_hierarchical_decoder".
Reading "sky130_sram_2kbyte_1rw1r_32x512_8_port_address_0".
Reading "sky130_sram_2kbyte_1rw1r_32x512_8_port_address".
Reading "sky130_sram_2kbyte_1rw1r_32x512_8_contact_27".
Reading "sky130_sram_2kbyte_1rw1r_32x512_8_contact_26".
Reading "sky130_sram_2kbyte_1rw1r_32x512_8_contact_25".
Reading "sky130_sram_2kbyte_1rw1r_32x512_8_contact_24".
Reading "sky130_sram_2kbyte_1rw1r_32x512_8_nmos_m1_w2_880_sli_dli".
Reading "sky130_sram_2kbyte_1rw1r_32x512_8_column_mux_0".
Reading "sky130_sram_2kbyte_1rw1r_32x512_8_column_mux_array_0".
Reading "sky130_fd_bd_sram__openram_sense_amp".
Reading "sky130_sram_2kbyte_1rw1r_32x512_8_sense_amp_array".
Reading "sky130_sram_2kbyte_1rw1r_32x512_8_contact_23".
Reading "sky130_sram_2kbyte_1rw1r_32x512_8_contact_21".
Reading "sky130_sram_2kbyte_1rw1r_32x512_8_contact_22".
Reading "sky130_sram_2kbyte_1rw1r_32x512_8_pmos_m1_w0_550_sli_dli".
Reading "sky130_sram_2kbyte_1rw1r_32x512_8_precharge_1".
Reading "sky130_sram_2kbyte_1rw1r_32x512_8_precharge_array_0".
Reading "sky130_sram_2kbyte_1rw1r_32x512_8_port_data_0".
Reading "sky130_sram_2kbyte_1rw1r_32x512_8_column_mux".
Reading "sky130_sram_2kbyte_1rw1r_32x512_8_column_mux_array".
Reading "sky130_sram_2kbyte_1rw1r_32x512_8_pinv".
Reading "sky130_sram_2kbyte_1rw1r_32x512_8_pdriver".
Reading "sky130_sram_2kbyte_1rw1r_32x512_8_pnand2".
Reading "sky130_sram_2kbyte_1rw1r_32x512_8_pand2".
Reading "sky130_sram_2kbyte_1rw1r_32x512_8_write_mask_and_array".
Reading "sky130_fd_bd_sram__openram_write_driver".
Reading "sky130_sram_2kbyte_1rw1r_32x512_8_write_driver_array".
Reading "sky130_sram_2kbyte_1rw1r_32x512_8_precharge_0".
Reading "sky130_sram_2kbyte_1rw1r_32x512_8_precharge_array".
Reading "sky130_sram_2kbyte_1rw1r_32x512_8_port_data".
Reading "sky130_sram_2kbyte_1rw1r_32x512_8_contact_9".
Reading "sky130_sram_2kbyte_1rw1r_32x512_8_contact_8".
Reading "sky130_fd_bd_sram__openram_dp_cell_cap_row".
Reading "sky130_sram_2kbyte_1rw1r_32x512_8_row_cap_array_0".
Reading "sky130_sram_2kbyte_1rw1r_32x512_8_row_cap_array".
Reading "sky130_fd_bd_sram__openram_dp_cell_cap_col".
Reading "sky130_sram_2kbyte_1rw1r_32x512_8_col_cap_array".
Reading "sky130_sram_2kbyte_1rw1r_32x512_8_col_cap_array_0".
Reading "sky130_fd_bd_sram__openram_dp_cell_dummy".
Reading "sky130_sram_2kbyte_1rw1r_32x512_8_dummy_array".
Reading "sky130_fd_bd_sram__openram_dp_cell_replica".
Reading "sky130_sram_2kbyte_1rw1r_32x512_8_replica_column_0".
Reading "sky130_sram_2kbyte_1rw1r_32x512_8_replica_column".
Reading "sky130_fd_bd_sram__openram_dp_cell".
Reading "sky130_sram_2kbyte_1rw1r_32x512_8_bitcell_array".
    5000 uses
    10000 uses
    15000 uses
Reading "sky130_sram_2kbyte_1rw1r_32x512_8_replica_bitcell_array".
Reading "sky130_sram_2kbyte_1rw1r_32x512_8_bank".
Reading "sky130_sram_2kbyte_1rw1r_32x512_8".
    5000 uses
Reading "sky130_fd_sc_hd__o21ai_2".
Reading "sky130_fd_sc_hd__a211o_1".
Reading "sky130_fd_sc_hd__or3b_4".
Reading "sky130_fd_sc_hd__clkinv_4".
Reading "sky130_fd_sc_hd__or4_4".
Reading "sky130_fd_sc_hd__o211ai_4".
Reading "sky130_fd_sc_hd__o31ai_4".
Reading "sky130_fd_sc_hd__nor2b_4".
Reading "sky130_fd_sc_hd__a22oi_1".
Reading "sky130_fd_sc_hd__o221a_1".
Reading "sky130_fd_sc_hd__xnor2_4".
Reading "sky130_fd_sc_hd__a22oi_2".
Reading "sky130_fd_sc_hd__a221oi_1".
Reading "sky130_fd_sc_hd__o41a_1".
Reading "sky130_fd_sc_hd__a31o_4".
Reading "sky130_fd_sc_hd__inv_8".
Reading "sky130_fd_sc_hd__a31o_1".
Reading "sky130_fd_sc_hd__o22a_1".
Reading "sky130_fd_sc_hd__and4_4".
Reading "sky130_fd_sc_hd__a221o_1".
Reading "sky130_fd_sc_hd__a221oi_2".
Reading "sky130_fd_sc_hd__a2bb2oi_1".
Reading "sky130_fd_sc_hd__o31a_1".
Reading "sky130_fd_sc_hd__a21boi_1".
Reading "sky130_fd_sc_hd__o221ai_2".
Reading "sky130_fd_sc_hd__or2b_2".
Reading "sky130_fd_sc_hd__xnor2_2".
Reading "sky130_fd_sc_hd__or2_1".
Reading "sky130_fd_sc_hd__or4_2".
Reading "sky130_fd_sc_hd__o31a_4".
Reading "sky130_fd_sc_hd__a21bo_1".
Reading "sky130_fd_sc_hd__a21boi_4".
Reading "sky130_fd_sc_hd__o32ai_4".
Reading "sky130_fd_sc_hd__o32a_1".
Reading "sky130_fd_sc_hd__or4_1".
Reading "sky130_fd_sc_hd__a221oi_4".
Reading "sky130_fd_sc_hd__a211oi_4".
Reading "sky130_fd_sc_hd__o311a_1".
Reading "sky130_fd_sc_hd__o211ai_2".
Reading "sky130_fd_sc_hd__o311ai_4".
Reading "sky130_fd_sc_hd__and4b_4".
Reading "sky130_fd_sc_hd__a22o_2".
Reading "sky130_fd_sc_hd__and4b_2".
Reading "sky130_fd_sc_hd__a221o_4".
Reading "sky130_fd_sc_hd__and3b_1".
Reading "sky130_fd_sc_hd__a21o_2".
Reading "sky130_fd_sc_hd__inv_12".
Reading "sky130_fd_sc_hd__a2111oi_4".
Reading "sky130_fd_sc_hd__a32oi_1".
Reading "sky130_fd_sc_hd__a32o_4".
Reading "sky130_fd_sc_hd__inv_4".
Reading "sky130_fd_sc_hd__o41ai_4".
Reading "sky130_fd_sc_hd__o21ai_4".
Reading "sky130_fd_sc_hd__a21o_4".
Reading "sky130_fd_sc_hd__a2111oi_2".
Reading "sky130_fd_sc_hd__or4b_1".
Reading "sky130_fd_sc_hd__a22oi_4".
Reading "sky130_fd_sc_hd__or3_1".
Reading "sky130_fd_sc_hd__a211oi_2".
Reading "sky130_fd_sc_hd__and4b_1".
Reading "sky130_fd_sc_hd__a32oi_2".
Reading "sky130_fd_sc_hd__a2111o_1".
CIF file read warning: Input off lambda grid by 2/5; snapped to grid.
Reading "sky130_fd_sc_hd__and3_4".
Reading "sky130_fd_sc_hd__a22o_4".
Reading "sky130_fd_sc_hd__dlymetal6s4s_1".
Reading "sky130_fd_sc_hd__o22ai_2".
Reading "sky130_fd_sc_hd__a2bb2oi_4".
Reading "sky130_fd_sc_hd__o311a_2".
Reading "sky130_fd_sc_hd__o21a_2".
Reading "sky130_fd_sc_hd__o2bb2ai_4".
Reading "sky130_fd_sc_hd__a2bb2oi_2".
Reading "sky130_fd_sc_hd__a311oi_4".
Reading "sky130_fd_sc_hd__nand2b_1".
Reading "sky130_fd_sc_hd__a221o_2".
Reading "sky130_fd_sc_hd__o22a_2".
Reading "sky130_fd_sc_hd__o2bb2ai_2".
Reading "sky130_fd_sc_hd__o311ai_1".
Reading "sky130_fd_sc_hd__a311oi_1".
Reading "sky130_fd_sc_hd__o21ba_2".
Reading "sky130_fd_sc_hd__a311o_1".
Reading "sky130_fd_sc_hd__or3_2".
Reading "sky130_fd_sc_hd__o311ai_2".
Reading "sky130_fd_sc_hd__a311oi_2".
Reading "sky130_fd_sc_hd__o32ai_1".
Reading "sky130_fd_sc_hd__o221a_2".
Reading "sky130_fd_sc_hd__a2111oi_1".
Reading "sky130_fd_sc_hd__a21boi_2".
Reading "sky130_fd_sc_hd__a2111o_4".
Reading "sky130_fd_sc_hd__or2b_4".
Reading "sky130_fd_sc_hd__o21ba_4".
Reading "sky130_fd_sc_hd__nor2b_2".
Reading "sky130_fd_sc_hd__o41a_2".
Reading "sky130_fd_sc_hd__o211a_2".
Reading "sky130_fd_sc_hd__or3b_1".
Reading "sky130_fd_sc_hd__a211o_2".
Reading "sky130_fd_sc_hd__a2111o_2".
Reading "mgmt_core".
Warning:  cell mgmt_core already existed before reading GDS!
    5000 uses
    10000 uses
    15000 uses
    20000 uses
    25000 uses
    30000 uses
    35000 uses
    40000 uses
    45000 uses
    50000 uses
    55000 uses
    60000 uses
    65000 uses
    70000 uses
    75000 uses
    80000 uses
    85000 uses
    90000 uses
    95000 uses
    100000 uses
    105000 uses
    110000 uses
    115000 uses
    120000 uses
    125000 uses
    130000 uses
    135000 uses
    140000 uses
    145000 uses
Warning: Calma reading is not undoable!  I hope that's OK.
Library written using GDS-II Release 3.0
Library name: DFFRAM
Reading "sky130_fd_sc_hd__decap_12".
Warning:  cell sky130_fd_sc_hd__decap_12 already existed before reading GDS!
Reading "sky130_fd_sc_hd__decap_3".
Warning:  cell sky130_fd_sc_hd__decap_3 already existed before reading GDS!
Reading "sky130_fd_sc_hd__fill_1".
Warning:  cell sky130_fd_sc_hd__fill_1 already existed before reading GDS!
Reading "sky130_fd_sc_hd__tapvpwrvgnd_1".
Warning:  cell sky130_fd_sc_hd__tapvpwrvgnd_1 already existed before reading GDS!
Reading "sky130_fd_sc_hd__decap_4".
Warning:  cell sky130_fd_sc_hd__decap_4 already existed before reading GDS!
Reading "sky130_fd_sc_hd__decap_8".
Warning:  cell sky130_fd_sc_hd__decap_8 already existed before reading GDS!
Reading "sky130_fd_sc_hd__ebufn_2".
Reading "sky130_fd_sc_hd__decap_6".
Warning:  cell sky130_fd_sc_hd__decap_6 already existed before reading GDS!
Reading "sky130_fd_sc_hd__fill_2".
Warning:  cell sky130_fd_sc_hd__fill_2 already existed before reading GDS!
Reading "sky130_fd_sc_hd__diode_2".
Warning:  cell sky130_fd_sc_hd__diode_2 already existed before reading GDS!
Reading "sky130_fd_sc_hd__dfxtp_1".
Warning:  cell sky130_fd_sc_hd__dfxtp_1 already existed before reading GDS!
Reading "sky130_fd_sc_hd__inv_1".
Reading "sky130_fd_sc_hd__and2_1".
Warning:  cell sky130_fd_sc_hd__and2_1 already existed before reading GDS!
Reading "sky130_fd_sc_hd__dlclkp_1".
Reading "sky130_fd_sc_hd__clkbuf_1".
Warning:  cell sky130_fd_sc_hd__clkbuf_1 already existed before reading GDS!
Reading "sky130_fd_sc_hd__conb_1".
Warning:  cell sky130_fd_sc_hd__conb_1 already existed before reading GDS!
Reading "sky130_fd_sc_hd__clkbuf_2".
Warning:  cell sky130_fd_sc_hd__clkbuf_2 already existed before reading GDS!
Reading "sky130_fd_sc_hd__and4bb_2".
Reading "sky130_fd_sc_hd__and4b_2".
Warning:  cell sky130_fd_sc_hd__and4b_2 already existed before reading GDS!
Reading "sky130_fd_sc_hd__and4_2".
Warning:  cell sky130_fd_sc_hd__and4_2 already existed before reading GDS!
Reading "sky130_fd_sc_hd__nor4b_2".
Reading "sky130_fd_sc_hd__clkbuf_16".
Warning:  cell sky130_fd_sc_hd__clkbuf_16 already existed before reading GDS!
Reading "sky130_fd_sc_hd__and3b_4".
Reading "sky130_fd_sc_hd__and3_4".
Warning:  cell sky130_fd_sc_hd__and3_4 already existed before reading GDS!
Reading "sky130_fd_sc_hd__nor3b_4".
Warning:  cell sky130_fd_sc_hd__nor3b_4 already existed before reading GDS!
Reading "sky130_fd_sc_hd__mux4_1".
Warning:  cell sky130_fd_sc_hd__mux4_1 already existed before reading GDS!
Reading "sky130_fd_sc_hd__clkbuf_4".
Warning:  cell sky130_fd_sc_hd__clkbuf_4 already existed before reading GDS!
Reading "sky130_fd_sc_hd__mux2_1".
Warning:  cell sky130_fd_sc_hd__mux2_1 already existed before reading GDS!
Reading "sky130_fd_sc_hd__and2b_2".
Warning:  cell sky130_fd_sc_hd__and2b_2 already existed before reading GDS!
Reading "sky130_fd_sc_hd__and2_2".
Warning:  cell sky130_fd_sc_hd__and2_2 already existed before reading GDS!
Reading "DFFRAM".
Warning:  cell DFFRAM already existed before reading GDS!
    5000 uses
    10000 uses
    15000 uses
    20000 uses
    25000 uses
    30000 uses
    35000 uses
    40000 uses
    45000 uses
    50000 uses
   Generating output for cell sky130_fd_sc_hd__decap_3
   Generating output for cell sky130_fd_sc_hd__tapvpwrvgnd_1
   Generating output for cell sky130_fd_sc_hd__decap_12
   Generating output for cell sky130_fd_sc_hd__decap_6
   Generating output for cell sky130_fd_sc_hd__ebufn_2
   Generating output for cell sky130_fd_sc_hd__fill_1
   Generating output for cell sky130_fd_sc_hd__fill_2
   Generating output for cell sky130_fd_sc_hd__decap_4
   Generating output for cell sky130_fd_sc_hd__diode_2
   Generating output for cell sky130_fd_sc_hd__dfxtp_1
   Generating output for cell sky130_fd_sc_hd__decap_8
   Generating output for cell sky130_fd_sc_hd__mux2_1
   Generating output for cell sky130_fd_sc_hd__mux4_1
   Generating output for cell sky130_fd_sc_hd__inv_1
   Generating output for cell sky130_fd_sc_hd__conb_1
   Generating output for cell sky130_fd_sc_hd__dlclkp_1
   Generating output for cell sky130_fd_sc_hd__and2_1
   Generating output for cell sky130_fd_sc_hd__clkbuf_2
   Generating output for cell sky130_fd_sc_hd__clkbuf_16
   Generating output for cell sky130_fd_sc_hd__clkbuf_1
   Generating output for cell sky130_fd_sc_hd__and2_2
   Generating output for cell sky130_fd_sc_hd__and3b_4
   Generating output for cell sky130_fd_sc_hd__and3_4
   Generating output for cell sky130_fd_sc_hd__nor3b_4
   Generating output for cell sky130_fd_sc_hd__and4_2
   Generating output for cell sky130_fd_sc_hd__and4b_2
   Generating output for cell sky130_fd_sc_hd__and4bb_2
   Generating output for cell sky130_fd_sc_hd__nor4b_2
   Generating output for cell sky130_fd_sc_hd__and2b_2
   Generating output for cell sky130_fd_sc_hd__clkbuf_4
   Generating output for cell DFFRAM
   Generating output for cell sky130_fd_sc_hd__dlygate4sd3_1
   Generating output for cell sky130_fd_sc_hd__buf_8
   Generating output for cell sky130_fd_sc_hd__buf_6
   Generating output for cell sky130_fd_sc_hd__dfxtp_2
   Generating output for cell sky130_fd_sc_hd__a221o_1
   Generating output for cell sky130_fd_sc_hd__buf_2
   Generating output for cell sky130_fd_sc_hd__a22o_1
   Generating output for cell sky130_fd_sc_hd__dfxtp_4
   Generating output for cell sky130_fd_sc_hd__nand3_4
   Generating output for cell sky130_fd_sc_hd__a221o_2
   Generating output for cell sky130_fd_sc_hd__dlymetal6s2s_1
   Generating output for cell sky130_fd_sc_hd__buf_12
   Generating output for cell sky130_fd_sc_hd__a2111o_1
   Generating output for cell sky130_fd_sc_hd__and4_1
   Generating output for cell sky130_fd_sc_hd__a2111o_2
   Generating output for cell sky130_fd_sc_hd__o211a_1
   Generating output for cell sky130_fd_sc_hd__and3_1
   Generating output for cell sky130_fd_sc_hd__inv_2
   Generating output for cell sky130_fd_sc_hd__and2b_1
   Generating output for cell sky130_fd_sc_hd__nand3b_1
   Generating output for cell sky130_fd_sc_hd__a2111oi_2
   Generating output for cell sky130_fd_sc_hd__a22o_2
   Generating output for cell sky130_fd_sc_hd__a221o_4
   Generating output for cell sky130_fd_sc_hd__nor3b_1
   Generating output for cell sky130_fd_sc_hd__nor3_4
   Generating output for cell sky130_fd_sc_hd__clkinv_8
   Generating output for cell sky130_fd_sc_hd__inv_12
   Generating output for cell sky130_fd_sc_hd__and3b_1
   Generating output for cell sky130_fd_sc_hd__nor3b_2
   Generating output for cell sky130_fd_sc_hd__or2_1
   Generating output for cell sky130_fd_sc_hd__buf_4
   Generating output for cell sky130_fd_sc_hd__a211oi_1
   Generating output for cell sky130_fd_sc_hd__inv_6
   Generating output for cell sky130_fd_sc_hd__nand2_1
   Generating output for cell sky130_fd_sc_hd__nand3b_4
   Generating output for cell sky130_fd_sc_hd__nand3_1
   Generating output for cell sky130_fd_sc_hd__inv_16
   Generating output for cell sky130_fd_sc_hd__o2111a_1
   Generating output for cell sky130_fd_sc_hd__a21oi_1
   Generating output for cell sky130_fd_sc_hd__o21ai_4
   Generating output for cell sky130_fd_sc_hd__mux2_2
   Generating output for cell sky130_fd_sc_hd__inv_4
   Generating output for cell sky130_fd_sc_hd__clkinv_2
   Generating output for cell sky130_fd_sc_hd__a21bo_1
   Generating output for cell sky130_fd_sc_hd__o21a_1
   Generating output for cell sky130_fd_sc_hd__a211o_2
   Generating output for cell sky130_fd_sc_hd__or2b_1
   Generating output for cell sky130_fd_sc_hd__a21oi_4
   Generating output for cell sky130_fd_sc_hd__o21ai_1
   Generating output for cell sky130_fd_sc_hd__a21boi_1
   Generating output for cell sky130_fd_sc_hd__nor3_1
   Generating output for cell sky130_fd_sc_hd__nor2_2
   Generating output for cell sky130_fd_sc_hd__a31oi_1
   Generating output for cell sky130_fd_sc_hd__a21o_1
   Generating output for cell sky130_fd_sc_hd__o21a_2
   Generating output for cell sky130_fd_sc_hd__o21bai_1
   Generating output for cell sky130_fd_sc_hd__o211ai_1
   Generating output for cell sky130_fd_sc_hd__o31ai_1
   Generating output for cell sky130_fd_sc_hd__nor2_1
   Generating output for cell sky130_fd_sc_hd__xor2_4
   Generating output for cell sky130_fd_sc_hd__nand3_2
   Generating output for cell sky130_fd_sc_hd__o21ba_1
   Generating output for cell sky130_fd_sc_hd__a41oi_1
   Generating output for cell sky130_fd_sc_hd__nor3_2
   Generating output for cell sky130_fd_sc_hd__o41ai_1
   Generating output for cell sky130_fd_sc_hd__o21bai_2
   Generating output for cell sky130_fd_sc_hd__xnor2_4
   Generating output for cell sky130_fd_sc_hd__clkbuf_8
   Generating output for cell sky130_fd_sc_hd__a41oi_4
   Generating output for cell sky130_fd_sc_hd__xnor2_2
   Generating output for cell sky130_fd_sc_hd__or3b_1
   Generating output for cell sky130_fd_sc_hd__nand2_4
   Generating output for cell sky130_fd_sc_hd__xnor2_1
   Generating output for cell sky130_fd_sc_hd__nand2_8
   Generating output for cell sky130_fd_sc_hd__xor2_1
   Generating output for cell sky130_fd_sc_hd__nor2b_2
   Generating output for cell sky130_fd_sc_hd__o211a_2
   Generating output for cell sky130_fd_sc_hd__o31a_1
   Generating output for cell sky130_fd_sc_hd__mux2_8
   Generating output for cell sky130_fd_sc_hd__mux2_4
   Generating output for cell sky130_fd_sc_hd__a21oi_2
   Generating output for cell sky130_fd_sc_hd__a21o_2
   Generating output for cell sky130_fd_sc_hd__o21bai_4
   Generating output for cell sky130_fd_sc_hd__a211o_1
   Generating output for cell sky130_fd_sc_hd__a311o_1
   Generating output for cell sky130_fd_sc_hd__a22oi_4
   Generating output for cell sky130_fd_sc_hd__o2111a_4
   Generating output for cell sky130_fd_sc_hd__o22a_1
   Generating output for cell sky130_fd_sc_hd__a31o_1
   Generating output for cell sky130_fd_sc_hd__and4_4
   Generating output for cell sky130_fd_sc_hd__a22oi_2
   Generating output for cell sky130_fd_sc_hd__o41a_2
   Generating output for cell sky130_fd_sc_hd__nand2_2
   Generating output for cell sky130_fd_sc_hd__nor2_8
   Generating output for cell sky130_fd_sc_hd__a32oi_2
   Generating output for cell sky130_fd_sc_hd__a221oi_4
   Generating output for cell sky130_fd_sc_hd__nor2b_4
   Generating output for cell sky130_fd_sc_hd__or4_2
   Generating output for cell sky130_fd_sc_hd__a211oi_2
   Generating output for cell sky130_fd_sc_hd__clkinv_4
   Generating output for cell sky130_fd_sc_hd__a2bb2oi_1
   Generating output for cell sky130_fd_sc_hd__a31oi_4
   Generating output for cell sky130_fd_sc_hd__nand3b_2
   Generating output for cell sky130_fd_sc_hd__a21boi_2
   Generating output for cell sky130_fd_sc_hd__nor2_4
   Generating output for cell sky130_fd_sc_hd__o311ai_1
   Generating output for cell sky130_fd_sc_hd__a41oi_2
   Generating output for cell sky130_fd_sc_hd__or3b_4
   Generating output for cell sky130_fd_sc_hd__clkinv_16
   Generating output for cell sky130_fd_sc_hd__o211ai_4
   Generating output for cell sky130_fd_sc_hd__o21ba_4
   Generating output for cell sky130_fd_sc_hd__o2111ai_2
   Generating output for cell sky130_fd_sc_hd__o2111ai_1
   Generating output for cell sky130_fd_sc_hd__a32o_1
   Generating output for cell sky130_fd_sc_hd__a311oi_1
   Generating output for cell sky130_fd_sc_hd__a2111o_4
   Generating output for cell sky130_fd_sc_hd__or4_4
   Generating output for cell sky130_fd_sc_hd__o21ai_2
   Generating output for cell sky130_fd_sc_hd__a2111oi_1
   Generating output for cell sky130_fd_sc_hd__a211oi_4
   Generating output for cell sky130_fd_sc_hd__o311ai_4
   Generating output for cell sky130_fd_sc_hd__a2111oi_4
   Generating output for cell sky130_fd_sc_hd__mux4_2
   Generating output for cell sky130_fd_sc_hd__or2b_4
   Generating output for cell sky130_fd_sc_hd__o21a_4
   Generating output for cell sky130_fd_sc_hd__and4b_4
   Generating output for cell sky130_fd_sc_hd__o2111ai_4
   Generating output for cell sky130_fd_sc_hd__or2_2
   Generating output for cell sky130_fd_sc_hd__o22ai_1
   Generating output for cell sky130_fd_sc_hd__o2bb2ai_1
   Generating output for cell sky130_fd_sc_hd__a32oi_1
   Generating output for cell sky130_fd_sc_hd__inv_8
   Generating output for cell sky130_fd_sc_hd__a21boi_4
   Generating output for cell sky130_fd_sc_hd__or4_1
   Generating output for cell sky130_fd_sc_hd__o32ai_1
   Generating output for cell sky130_fd_sc_hd__a41o_1
   Generating output for cell sky130_fd_sc_hd__xor2_2
   Generating output for cell sky130_fd_sc_hd__o221ai_1
   Generating output for cell sky130_fd_sc_hd__o32a_1
   Generating output for cell sky130_fd_sc_hd__o41a_1
   Generating output for cell sky130_fd_sc_hd__a22oi_1
   Generating output for cell sky130_fd_sc_hd__and3_2
   Generating output for cell sky130_fd_sc_hd__o221a_2
   Generating output for cell sky130_fd_sc_hd__o221a_1
   Generating output for cell sky130_fd_sc_hd__and2_4
   Generating output for cell sky130_fd_sc_hd__or3_1
   Generating output for cell sky130_fd_sc_hd__o22ai_2
   Generating output for cell sky130_fd_sc_hd__a221oi_2
   Generating output for cell sky130_fd_sc_hd__a221oi_1
   Generating output for cell sky130_fd_sc_hd__o211ai_2
   Generating output for cell sky130_fd_sc_hd__o311ai_2
   Generating output for cell sky130_fd_sc_hd__o31ai_4
   Generating output for cell sky130_fd_sc_hd__a311oi_2
   Generating output for cell sky130_fd_sc_hd__a31oi_2
   Generating output for cell sky130_fd_sc_hd__o311a_2
   Generating output for cell sky130_fd_sc_hd__o41ai_4
   Generating output for cell sky130_fd_sc_hd__or3_2
   Generating output for cell sky130_fd_sc_hd__o31a_4
   Generating output for cell sky130_fd_sc_hd__o21ba_2
   Generating output for cell sky130_fd_sc_hd__a311oi_4
   Generating output for cell sky130_fd_sc_hd__and2b_4
   Generating output for cell sky130_fd_sc_hd__o2bb2ai_2
   Generating output for cell sky130_fd_sc_hd__o2bb2ai_4
   Generating output for cell sky130_fd_sc_hd__o22a_2
   Generating output for cell sky130_fd_sc_hd__and4b_1
   Generating output for cell sky130_fd_sc_hd__nand2b_1
   Generating output for cell sky130_fd_sc_hd__o2111a_2
   Generating output for cell sky130_fd_sc_hd__a2bb2oi_4
   Generating output for cell sky130_fd_sc_hd__a2bb2oi_2
   Generating output for cell sky130_fd_sc_hd__dlymetal6s4s_1
   Generating output for cell sky130_fd_sc_hd__or3_4
   Generating output for cell sky130_fd_sc_hd__a22o_4
   Generating output for cell sky130_fd_sc_hd__a32oi_4
   Generating output for cell sky130_fd_sc_hd__o311a_1
   Generating output for cell sky130_fd_sc_hd__a21o_4
   Generating output for cell sky130_fd_sc_hd__or4b_1
   Generating output for cell sky130_fd_sc_hd__a32o_4
   Generating output for cell sky130_fd_sc_hd__and3b_2
   Generating output for cell sky130_fd_sc_hd__o32ai_4
   Generating output for cell sky130_fd_sc_hd__or2b_2
   Generating output for cell sky130_fd_sc_hd__o221ai_2
   Generating output for cell sky130_fd_sc_hd__a31o_4
   Generating output for cell sky130_sram_2kbyte_1rw1r_32x512_8_contact_39
   Generating output for cell sky130_sram_2kbyte_1rw1r_32x512_8_contact_19
   Generating output for cell sky130_sram_2kbyte_1rw1r_32x512_8_contact_14
   Generating output for cell sky130_sram_2kbyte_1rw1r_32x512_8_contact_13
   Generating output for cell sky130_sram_2kbyte_1rw1r_32x512_8_contact_7
   Generating output for cell sky130_sram_2kbyte_1rw1r_32x512_8_contact_38
   Generating output for cell sky130_sram_2kbyte_1rw1r_32x512_8_contact_33
   Generating output for cell sky130_sram_2kbyte_1rw1r_32x512_8_contact_32
   Generating output for cell sky130_fd_bd_sram__openram_dff
   Generating output for cell sky130_sram_2kbyte_1rw1r_32x512_8_row_addr_dff
   Generating output for cell sky130_sram_2kbyte_1rw1r_32x512_8_wmask_dff
   Generating output for cell sky130_sram_2kbyte_1rw1r_32x512_8_cr_3
   Generating output for cell sky130_sram_2kbyte_1rw1r_32x512_8_col_addr_dff
   Generating output for cell sky130_sram_2kbyte_1rw1r_32x512_8_data_dff
   Generating output for cell sky130_sram_2kbyte_1rw1r_32x512_8_contact_16
   Generating output for cell sky130_sram_2kbyte_1rw1r_32x512_8_contact_29
   Generating output for cell sky130_sram_2kbyte_1rw1r_32x512_8_contact_28
   Generating output for cell sky130_sram_2kbyte_1rw1r_32x512_8_contact_11
   Generating output for cell sky130_sram_2kbyte_1rw1r_32x512_8_nmos_m1_w0_360_sli_dli_da_p
   Generating output for cell sky130_sram_2kbyte_1rw1r_32x512_8_contact_12
   Generating output for cell sky130_sram_2kbyte_1rw1r_32x512_8_pmos_m1_w1_120_sli_dli_da_p
   Generating output for cell sky130_sram_2kbyte_1rw1r_32x512_8_pinv_1
   Generating output for cell sky130_sram_2kbyte_1rw1r_32x512_8_nmos_m1_w0_740_sactive_dli
   Generating output for cell sky130_sram_2kbyte_1rw1r_32x512_8_nmos_m1_w0_740_sli_dactive
   Generating output for cell sky130_sram_2kbyte_1rw1r_32x512_8_pmos_m1_w1_120_sli_dli
   Generating output for cell sky130_sram_2kbyte_1rw1r_32x512_8_pnand2_1
   Generating output for cell sky130_sram_2kbyte_1rw1r_32x512_8_nmos_m3_w1_680_sli_dli_da_p
   Generating output for cell sky130_sram_2kbyte_1rw1r_32x512_8_pmos_m3_w1_680_sli_dli_da_p
   Generating output for cell sky130_sram_2kbyte_1rw1r_32x512_8_pinv_3
   Generating output for cell sky130_sram_2kbyte_1rw1r_32x512_8_nmos_m2_w0_740_sli_dli_da_p
   Generating output for cell sky130_sram_2kbyte_1rw1r_32x512_8_pmos_m2_w1_260_sli_dli_da_p
   Generating output for cell sky130_sram_2kbyte_1rw1r_32x512_8_pinv_2
   Generating output for cell sky130_sram_2kbyte_1rw1r_32x512_8_dff_buf_0
   Generating output for cell sky130_sram_2kbyte_1rw1r_32x512_8_dff_buf_array
   Generating output for cell sky130_sram_2kbyte_1rw1r_32x512_8_nmos_m7_w1_680_sli_dli_da_p
   Generating output for cell sky130_sram_2kbyte_1rw1r_32x512_8_pmos_m7_w2_000_sli_dli_da_p
   Generating output for cell sky130_sram_2kbyte_1rw1r_32x512_8_pinv_4
   Generating output for cell sky130_sram_2kbyte_1rw1r_32x512_8_pdriver_1
   Generating output for cell sky130_sram_2kbyte_1rw1r_32x512_8_pnand2_0
   Generating output for cell sky130_sram_2kbyte_1rw1r_32x512_8_pand2_1
   Generating output for cell sky130_sram_2kbyte_1rw1r_32x512_8_nmos_m24_w2_000_sli_dli_da_p
   Generating output for cell sky130_sram_2kbyte_1rw1r_32x512_8_pmos_m24_w2_000_sli_dli_da_p
   Generating output for cell sky130_sram_2kbyte_1rw1r_32x512_8_pinv_14
   Generating output for cell sky130_sram_2kbyte_1rw1r_32x512_8_nmos_m8_w2_000_sli_dli_da_p
   Generating output for cell sky130_sram_2kbyte_1rw1r_32x512_8_pmos_m8_w2_000_sli_dli_da_p
   Generating output for cell sky130_sram_2kbyte_1rw1r_32x512_8_pinv_13
   Generating output for cell sky130_sram_2kbyte_1rw1r_32x512_8_nmos_m3_w2_000_sli_dli_da_p
   Generating output for cell sky130_sram_2kbyte_1rw1r_32x512_8_pmos_m3_w2_000_sli_dli_da_p
   Generating output for cell sky130_sram_2kbyte_1rw1r_32x512_8_pinv_12
   Generating output for cell sky130_sram_2kbyte_1rw1r_32x512_8_pinv_11
   Generating output for cell sky130_sram_2kbyte_1rw1r_32x512_8_pinv_0
   Generating output for cell sky130_sram_2kbyte_1rw1r_32x512_8_pdriver_3
   Generating output for cell sky130_sram_2kbyte_1rw1r_32x512_8_pinv_17
   Generating output for cell sky130_sram_2kbyte_1rw1r_32x512_8_delay_chain
   Generating output for cell sky130_sram_2kbyte_1rw1r_32x512_8_nmos_m18_w2_000_sli_dli_da_p
   Generating output for cell sky130_sram_2kbyte_1rw1r_32x512_8_pmos_m18_w2_000_sli_dli_da_p
   Generating output for cell sky130_sram_2kbyte_1rw1r_32x512_8_pinv_16
   Generating output for cell sky130_sram_2kbyte_1rw1r_32x512_8_pdriver_5
   Generating output for cell sky130_sram_2kbyte_1rw1r_32x512_8_nmos_m1_w0_740_sactive_dactive
   Generating output for cell sky130_sram_2kbyte_1rw1r_32x512_8_pnand3
   Generating output for cell sky130_sram_2kbyte_1rw1r_32x512_8_pand3_0
   Generating output for cell sky130_sram_2kbyte_1rw1r_32x512_8_nmos_m22_w2_000_sli_dli_da_p
   Generating output for cell sky130_sram_2kbyte_1rw1r_32x512_8_pmos_m22_w2_000_sli_dli_da_p
   Generating output for cell sky130_sram_2kbyte_1rw1r_32x512_8_pinv_15
   Generating output for cell sky130_sram_2kbyte_1rw1r_32x512_8_pdriver_4
   Generating output for cell sky130_sram_2kbyte_1rw1r_32x512_8_pand3
   Generating output for cell sky130_sram_2kbyte_1rw1r_32x512_8_nmos_m42_w2_000_sli_dli_da_p
   Generating output for cell sky130_sram_2kbyte_1rw1r_32x512_8_pmos_m42_w2_000_sli_dli_da_p
   Generating output for cell sky130_sram_2kbyte_1rw1r_32x512_8_pinv_10
   Generating output for cell sky130_sram_2kbyte_1rw1r_32x512_8_nmos_m15_w2_000_sli_dli_da_p
   Generating output for cell sky130_sram_2kbyte_1rw1r_32x512_8_pmos_m15_w2_000_sli_dli_da_p
   Generating output for cell sky130_sram_2kbyte_1rw1r_32x512_8_pinv_9
   Generating output for cell sky130_sram_2kbyte_1rw1r_32x512_8_nmos_m5_w2_000_sli_dli_da_p
   Generating output for cell sky130_sram_2kbyte_1rw1r_32x512_8_pmos_m5_w2_000_sli_dli_da_p
   Generating output for cell sky130_sram_2kbyte_1rw1r_32x512_8_pinv_8
   Generating output for cell sky130_sram_2kbyte_1rw1r_32x512_8_nmos_m2_w1_260_sli_dli_da_p
   Generating output for cell sky130_sram_2kbyte_1rw1r_32x512_8_pmos_m2_w2_000_sli_dli_da_p
   Generating output for cell sky130_sram_2kbyte_1rw1r_32x512_8_pinv_7
   Generating output for cell sky130_sram_2kbyte_1rw1r_32x512_8_pdriver_2
   Generating output for cell sky130_sram_2kbyte_1rw1r_32x512_8_control_logic_rw
   Generating output for cell sky130_sram_2kbyte_1rw1r_32x512_8_cr_5
   Generating output for cell sky130_sram_2kbyte_1rw1r_32x512_8_dff_buf_array_0
   Generating output for cell sky130_sram_2kbyte_1rw1r_32x512_8_nmos_m41_w2_000_sli_dli_da_p
   Generating output for cell sky130_sram_2kbyte_1rw1r_32x512_8_pmos_m41_w2_000_sli_dli_da_p
   Generating output for cell sky130_sram_2kbyte_1rw1r_32x512_8_pinv_20
   Generating output for cell sky130_sram_2kbyte_1rw1r_32x512_8_nmos_m14_w2_000_sli_dli_da_p
   Generating output for cell sky130_sram_2kbyte_1rw1r_32x512_8_pmos_m14_w2_000_sli_dli_da_p
   Generating output for cell sky130_sram_2kbyte_1rw1r_32x512_8_pinv_19
   Generating output for cell sky130_sram_2kbyte_1rw1r_32x512_8_nmos_m5_w1_680_sli_dli_da_p
   Generating output for cell sky130_sram_2kbyte_1rw1r_32x512_8_pinv_18
   Generating output for cell sky130_sram_2kbyte_1rw1r_32x512_8_pdriver_6
   Generating output for cell sky130_sram_2kbyte_1rw1r_32x512_8_control_logic_r
   Generating output for cell sky130_sram_2kbyte_1rw1r_32x512_8_cr_4
   Generating output for cell sky130_sram_2kbyte_1rw1r_32x512_8_contact_20
   Generating output for cell sky130_sram_2kbyte_1rw1r_32x512_8_contact_17
   Generating output for cell sky130_sram_2kbyte_1rw1r_32x512_8_pdriver_0
   Generating output for cell sky130_sram_2kbyte_1rw1r_32x512_8_pand2_0
   Generating output for cell sky130_sram_2kbyte_1rw1r_32x512_8_hierarchical_predecode2x4_0
   Generating output for cell sky130_sram_2kbyte_1rw1r_32x512_8_contact_15
   Generating output for cell sky130_sram_2kbyte_1rw1r_32x512_8_nmos_m1_w7_000_sli_dli_da_p
   Generating output for cell sky130_sram_2kbyte_1rw1r_32x512_8_pmos_m1_w7_000_sli_dli_da_p
   Generating output for cell sky130_sram_2kbyte_1rw1r_32x512_8_pinv_dec_0
   Generating output for cell sky130_fd_bd_sram__openram_dp_nand2_dec
   Generating output for cell sky130_sram_2kbyte_1rw1r_32x512_8_and2_dec_0
   Generating output for cell sky130_sram_2kbyte_1rw1r_32x512_8_wordline_driver
   Generating output for cell sky130_sram_2kbyte_1rw1r_32x512_8_wordline_driver_array
   Generating output for cell sky130_sram_2kbyte_1rw1r_32x512_8_pinv_dec
   Generating output for cell sky130_fd_bd_sram__openram_dp_nand3_dec
   Generating output for cell sky130_sram_2kbyte_1rw1r_32x512_8_and3_dec
   Generating output for cell sky130_sram_2kbyte_1rw1r_32x512_8_hierarchical_predecode3x8
   Generating output for cell sky130_sram_2kbyte_1rw1r_32x512_8_and2_dec
   Generating output for cell sky130_sram_2kbyte_1rw1r_32x512_8_hierarchical_predecode2x4
   Generating output for cell sky130_sram_2kbyte_1rw1r_32x512_8_hierarchical_decoder
   Generating output for cell sky130_sram_2kbyte_1rw1r_32x512_8_port_address_0
   Generating output for cell sky130_sram_2kbyte_1rw1r_32x512_8_port_address
   Generating output for cell sky130_sram_2kbyte_1rw1r_32x512_8_contact_27
   Generating output for cell sky130_sram_2kbyte_1rw1r_32x512_8_contact_26
   Generating output for cell sky130_sram_2kbyte_1rw1r_32x512_8_contact_25
   Generating output for cell sky130_sram_2kbyte_1rw1r_32x512_8_contact_24
   Generating output for cell sky130_sram_2kbyte_1rw1r_32x512_8_nmos_m1_w2_880_sli_dli
   Generating output for cell sky130_sram_2kbyte_1rw1r_32x512_8_column_mux_0
   Generating output for cell sky130_sram_2kbyte_1rw1r_32x512_8_column_mux_array_0
   Generating output for cell sky130_fd_bd_sram__openram_sense_amp
   Generating output for cell sky130_sram_2kbyte_1rw1r_32x512_8_sense_amp_array
   Generating output for cell sky130_sram_2kbyte_1rw1r_32x512_8_contact_23
   Generating output for cell sky130_sram_2kbyte_1rw1r_32x512_8_contact_21
   Generating output for cell sky130_sram_2kbyte_1rw1r_32x512_8_contact_22
   Generating output for cell sky130_sram_2kbyte_1rw1r_32x512_8_pmos_m1_w0_550_sli_dli
   Generating output for cell sky130_sram_2kbyte_1rw1r_32x512_8_precharge_1
   Generating output for cell sky130_sram_2kbyte_1rw1r_32x512_8_precharge_array_0
   Generating output for cell sky130_sram_2kbyte_1rw1r_32x512_8_port_data_0
   Generating output for cell sky130_sram_2kbyte_1rw1r_32x512_8_column_mux
   Generating output for cell sky130_sram_2kbyte_1rw1r_32x512_8_column_mux_array
   Generating output for cell sky130_sram_2kbyte_1rw1r_32x512_8_pinv
   Generating output for cell sky130_sram_2kbyte_1rw1r_32x512_8_pdriver
   Generating output for cell sky130_sram_2kbyte_1rw1r_32x512_8_pnand2
   Generating output for cell sky130_sram_2kbyte_1rw1r_32x512_8_pand2
   Generating output for cell sky130_sram_2kbyte_1rw1r_32x512_8_write_mask_and_array
   Generating output for cell sky130_fd_bd_sram__openram_write_driver
   Generating output for cell sky130_sram_2kbyte_1rw1r_32x512_8_write_driver_array
   Generating output for cell sky130_sram_2kbyte_1rw1r_32x512_8_precharge_0
   Generating output for cell sky130_sram_2kbyte_1rw1r_32x512_8_precharge_array
   Generating output for cell sky130_sram_2kbyte_1rw1r_32x512_8_port_data
   Generating output for cell sky130_sram_2kbyte_1rw1r_32x512_8_contact_9
   Generating output for cell sky130_sram_2kbyte_1rw1r_32x512_8_contact_8
   Generating output for cell sky130_fd_bd_sram__openram_dp_cell_cap_row
   Generating output for cell sky130_sram_2kbyte_1rw1r_32x512_8_row_cap_array_0
   Generating output for cell sky130_sram_2kbyte_1rw1r_32x512_8_row_cap_array
   Generating output for cell sky130_fd_bd_sram__openram_dp_cell_cap_col
   Generating output for cell sky130_sram_2kbyte_1rw1r_32x512_8_col_cap_array
   Generating output for cell sky130_sram_2kbyte_1rw1r_32x512_8_col_cap_array_0
   Generating output for cell sky130_fd_bd_sram__openram_dp_cell_dummy
   Generating output for cell sky130_sram_2kbyte_1rw1r_32x512_8_dummy_array
   Generating output for cell sky130_fd_bd_sram__openram_dp_cell_replica
   Generating output for cell sky130_sram_2kbyte_1rw1r_32x512_8_replica_column_0
   Generating output for cell sky130_sram_2kbyte_1rw1r_32x512_8_replica_column
   Generating output for cell sky130_fd_bd_sram__openram_dp_cell
   Generating output for cell sky130_sram_2kbyte_1rw1r_32x512_8_bitcell_array
   Generating output for cell sky130_sram_2kbyte_1rw1r_32x512_8_replica_bitcell_array
   Generating output for cell sky130_sram_2kbyte_1rw1r_32x512_8_bank
   Generating output for cell sky130_sram_2kbyte_1rw1r_32x512_8
   Generating output for cell sky130_fd_sc_hd__o32ai_2
   Generating output for cell sky130_fd_sc_hd__a21bo_2
   Generating output for cell sky130_fd_sc_hd__o31ai_2
   Generating output for cell sky130_fd_sc_hd__o41ai_2
   Generating output for cell sky130_fd_sc_hd__o211a_4
   Generating output for cell mgmt_core
   Generating output for cell mgmt_core_wrapper
[INFO]: GDS Write Complete
