
Magic 8.3 revision 209 - Compiled on Wed Dec 22 17:18:33 UTC 2021.
Starting magic under Tcl interpreter
Using the terminal as the console.
Using NULL graphics device.
Processing system .magicrc file
Sourcing design .magicrc for technology sky130A ...
2 Magic internal units = 1 Lambda
Input style sky130(vendor): scaleFactor=2, multiplier=2
Scaled tech values by 2 / 1 to match internal grid scaling
Loading sky130A Device Generator Menu ...
Loading "/openlane/scripts/magic/lef.tcl" from command line.
Reading LEF data from file /ciic/pdks/openlane/sky130A/libs.ref/sky130_fd_sc_hd/techlef/sky130_fd_sc_hd.tlef.
This action cannot be undone.
LEF read, Line 77 (Message): Unknown keyword "ANTENNAMODEL" in LEF file; ignoring.
LEF read, Line 78 (Message): Unknown keyword "ANTENNADIFFSIDEAREARATIO" in LEF file; ignoring.
LEF read, Line 110 (Message): Unknown keyword "MINENCLOSEDAREA" in LEF file; ignoring.
LEF read, Line 112 (Message): Unknown keyword "ANTENNAMODEL" in LEF file; ignoring.
LEF read, Line 113 (Message): Unknown keyword "ANTENNADIFFSIDEAREARATIO" in LEF file; ignoring.
LEF read, Line 119 (Message): Unknown keyword "MAXIMUMDENSITY" in LEF file; ignoring.
LEF read, Line 120 (Message): Unknown keyword "DENSITYCHECKWINDOW" in LEF file; ignoring.
LEF read, Line 121 (Message): Unknown keyword "DENSITYCHECKSTEP" in LEF file; ignoring.
LEF read, Line 153 (Message): Unknown keyword "MINENCLOSEDAREA" in LEF file; ignoring.
LEF read, Line 161 (Message): Unknown keyword "ANTENNAMODEL" in LEF file; ignoring.
LEF read, Line 162 (Message): Unknown keyword "ANTENNADIFFSIDEAREARATIO" in LEF file; ignoring.
LEF read, Line 164 (Message): Unknown keyword "MAXIMUMDENSITY" in LEF file; ignoring.
LEF read, Line 165 (Message): Unknown keyword "DENSITYCHECKWINDOW" in LEF file; ignoring.
LEF read, Line 166 (Message): Unknown keyword "DENSITYCHECKSTEP" in LEF file; ignoring.
LEF read, Line 202 (Message): Unknown keyword "ANTENNAMODEL" in LEF file; ignoring.
LEF read, Line 203 (Message): Unknown keyword "ANTENNADIFFSIDEAREARATIO" in LEF file; ignoring.
LEF read, Line 205 (Message): Unknown keyword "MAXIMUMDENSITY" in LEF file; ignoring.
LEF read, Line 206 (Message): Unknown keyword "DENSITYCHECKWINDOW" in LEF file; ignoring.
LEF read, Line 207 (Message): Unknown keyword "DENSITYCHECKSTEP" in LEF file; ignoring.
LEF read, Line 243 (Message): Unknown keyword "ANTENNAMODEL" in LEF file; ignoring.
LEF read, Line 244 (Message): Unknown keyword "ANTENNADIFFSIDEAREARATIO" in LEF file; ignoring.
LEF read, Line 246 (Message): Unknown keyword "MAXIMUMDENSITY" in LEF file; ignoring.
LEF read, Line 247 (Message): Unknown keyword "DENSITYCHECKWINDOW" in LEF file; ignoring.
LEF read, Line 248 (Message): Unknown keyword "DENSITYCHECKSTEP" in LEF file; ignoring.
LEF read, Line 284 (Message): Unknown keyword "ANTENNAMODEL" in LEF file; ignoring.
LEF read, Line 285 (Message): Unknown keyword "ANTENNADIFFSIDEAREARATIO" in LEF file; ignoring.
LEF read: Processed 791 lines.
Reading LEF data from file /project/openlane/mgmt_core_wrapper/../../lef/DFFRAM.lef.
This action cannot be undone.
LEF read: Processed 858 lines.
Reading LEF data from file /project/openlane/mgmt_core_wrapper/../../lef/mgmt_core.lef.
This action cannot be undone.
LEF read: Processed 8174 lines.
mgmt_core_wrapper: 10000 rects
mgmt_core_wrapper: 20000 rects
Processing timestamp mismatches: DFFRAM, mgmt_core.
[INFO]: Writing abstract LEF
Generating LEF output /project/openlane/mgmt_core_wrapper/runs/RUN_2021.12.27_23.52.33/results/finishing/mgmt_core_wrapper.lef for cell mgmt_core_wrapper:
Diagnostic:  Write LEF header for cell mgmt_core_wrapper
Diagnostic:  Writing LEF output for cell mgmt_core_wrapper
Diagnostic:  Scale value is 0.005000
[INFO]: LEF Write Complete
Using technology "sky130A", version 1.0.255-0-g476f742
