Netgen 1.5.191 compiled on Tue Dec 21 22:48:04 UTC 2021
Warning: netgen command 'format' use fully-qualified name '::netgen::format'
Warning: netgen command 'global' use fully-qualified name '::netgen::global'
Generating JSON file result
Reading netlist file /project/openlane/mgmt_core_wrapper/runs/RUN_2021.12.27_23.52.33/results/finishing/mgmt_core_wrapper.spice
Reading netlist file /project/openlane/mgmt_core_wrapper/runs/RUN_2021.12.27_23.52.33/tmp/finishing/23-powered_netlist.v
Warning:  A case-insensitive file has been read and so the	verilog file must be treated case-insensitive to match.
Creating placeholder cell definition for module DFFRAM.
Creating placeholder cell definition for module mgmt_core.
Reading setup file /ciic/pdks/openlane/sky130A/libs.tech/netgen/sky130A_setup.tcl
Comparison output logged to file /project/openlane/mgmt_core_wrapper/runs/RUN_2021.12.27_23.52.33/logs/finishing/26-mgmt_core_wrapper.lef.log
Logging to file "/project/openlane/mgmt_core_wrapper/runs/RUN_2021.12.27_23.52.33/logs/finishing/26-mgmt_core_wrapper.lef.log" enabled
Contents of circuit 1:  Circuit: 'DFFRAM'
Circuit DFFRAM contains 0 device instances.
Circuit contains 0 nets, and 80 disconnected pins.
Contents of circuit 2:  Circuit: 'DFFRAM'
Circuit DFFRAM contains 0 device instances.
Circuit contains 0 nets.

Circuit DFFRAM contains no devices.
Contents of circuit 1:  Circuit: 'mgmt_core'
Circuit mgmt_core contains 0 device instances.
Circuit contains 0 nets, and 819 disconnected pins.
Contents of circuit 2:  Circuit: 'mgmt_core'
Circuit mgmt_core contains 0 device instances.
Circuit contains 0 nets.

Circuit mgmt_core contains no devices.
Contents of circuit 1:  Circuit: 'mgmt_core_wrapper'
Circuit mgmt_core_wrapper contains 2 device instances.
  Class: mgmt_core             instances:   1
  Class: DFFRAM                instances:   1
Circuit contains 819 nets, and 11 disconnected pins.
Contents of circuit 2:  Circuit: 'mgmt_core_wrapper'
Circuit mgmt_core_wrapper contains 2 device instances.
  Class: mgmt_core             instances:   1
  Class: DFFRAM                instances:   1
Circuit contains 819 nets, and 10 disconnected pins.

Circuit 1 contains 2 devices, Circuit 2 contains 2 devices.
Circuit 1 contains 819 nets,    Circuit 2 contains 819 nets.

Netlists match uniquely.
Result: The top level cell failed pin matching.

Logging to file "/project/openlane/mgmt_core_wrapper/runs/RUN_2021.12.27_23.52.33/logs/finishing/26-mgmt_core_wrapper.lef.log" disabled
LVS Done.
