Information: Setting timing_save_pin_arrival_and_slack to TRUE and updating timing. (PTE-076)
Information: It is recommended that the variable timing_save_pin_arrival_and_slack be set before the initial timing update for optimal performance of this command. (PTE-077)
****************************************
Report : si_bottleneck
	-cost_type delta_delay
	-slack_lesser_than 10
	-all_nets
	-significant_digits 4
	-nosplit
	-minimum_active_aggressors 1
	-min
	-max
Design : RAM128
Version: T-2022.03-SP3
Date   : Thu Nov 10 06:57:52 2022
****************************************

 Bottleneck Cost:  delta_delay
 net                                                         cost
 ---------------------------------------------------------------------
 BLOCK[0].RAM32.EN0                                            0.0662
 A0BUF[2].X                                                    0.0463
 BLOCK[2].RAM32.SLICE[1].RAM8.WORD[0].W.SEL0                   0.0389
 BLOCK[0].RAM32.SLICE[2].RAM8.WORD[0].W.SEL0                   0.0362
 DEC0.EN                                                       0.0350
 BLOCK[0].RAM32.BYTE[0].FLOATBUF0[5].Z                         0.0342
 BLOCK[0].RAM32.BYTE[2].FLOATBUF0[22].Z                        0.0341
 BLOCK[1].RAM32.BYTE[0].FLOATBUF0[1].Z                         0.0332
 A0BUF[1].X                                                    0.0327
 BLOCK[2].RAM32.BYTE[2].FLOATBUF0[21].Z                        0.0315
 BLOCK[2].RAM32.BYTE[1].FLOATBUF0[14].Z                        0.0308
 BLOCK[0].RAM32.BYTE[3].FLOATBUF0[25].Z                        0.0300
 BLOCK[3].RAM32.BYTE[3].FLOATBUF0[26].Z                        0.0294
 BLOCK[0].RAM32.BYTE[0].FLOATBUF0[2].Z                         0.0294
 BLOCK[0].RAM32.BYTE[1].FLOATBUF0[10].Z                        0.0265
 BLOCK[1].RAM32.SLICE[2].RAM8.WORD[0].W.SEL0                   0.0255
 BLOCK[3].RAM32.SLICE[3].RAM8.WORD[1].W.BYTE[0].B.SEL0         0.0254
 BLOCK[2].RAM32.SLICE[0].RAM8.DEC0.EN                          0.0242
 Do0[2]                                                        0.0228
 Do0[0]                                                        0.0228
 BLOCK[3].RAM32.SLICE[1].RAM8.WORD[0].W.SEL0                   0.0209
 BLOCK[2].RAM32.Do0[27]                                        0.0195
 BLOCK[0].RAM32.DIBUF[14].A                                    0.0190
 BLOCK[0].RAM32.WEBUF[1].A                                     0.0182
 BLOCK[0].RAM32.SLICE[1].RAM8.WORD[0].W.SEL0                   0.0178
 BLOCK[1].RAM32.SLICE[3].RAM8.WORD[0].W.SEL0                   0.0174
 BLOCK[0].RAM32.Do0[27]                                        0.0169
 BLOCK[0].RAM32.DIBUF[27].A                                    0.0149
 BLOCK[0].RAM32.SLICE[3].RAM8.WORD[0].W.SEL0                   0.0146
 BLOCK[3].RAM32.SLICE[2].RAM8.WORD[0].W.SEL0                   0.0145
 BLOCK[3].RAM32.EN0                                            0.0145
 BLOCK[2].RAM32.SLICE[0].RAM8.WORD[0].W.BYTE[0].B.SEL0         0.0143
 BLOCK[0].RAM32.DIBUF[11].A                                    0.0139
 BLOCK[0].RAM32.DIBUF[31].A                                    0.0136
 BLOCK[2].RAM32.SLICE[0].RAM8.WORD[6].W.BYTE[0].B.SEL0         0.0129
 BLOCK[3].RAM32.SLICE[3].RAM8.WORD[0].W.SEL0                   0.0128
 BLOCK[0].RAM32.DIBUF[9].A                                     0.0125
 BLOCK[2].RAM32.SLICE[3].RAM8.WORD[3].W.BYTE[0].B.SEL0         0.0122
 BLOCK[0].RAM32.Do0[30]                                        0.0115
 BLOCK[0].RAM32.BYTE[0].FLOATBUF0[6].Z                         0.0113
 BLOCK[2].RAM32.A0BUF[0].X                                     0.0112
 BLOCK[0].RAM32.BYTE[1].FLOATBUF0[11].Z                        0.0112
 BLOCK[3].RAM32.SLICE[3].RAM8.WORD[3].W.BYTE[0].B.SEL0         0.0111
 A0BUF[5].X                                                    0.0109
 BLOCK[1].RAM32.SLICE[2].RAM8.WORD[3].W.BYTE[0].B.SEL0         0.0109
 BLOCK[2].RAM32.A0BUF[2].X                                     0.0105
 BLOCK[0].RAM32.DIBUF[7].A                                     0.0104
 BLOCK[1].RAM32.BYTE[2].FLOATBUF0[17].Z                        0.0103
 BLOCK[2].RAM32.SLICE[0].RAM8.WORD[0].W.SEL0                   0.0103
 BLOCK[1].RAM32.BYTE[2].FLOATBUF0[18].Z                        0.0098
 BLOCK[1].RAM32.SLICE[1].RAM8.WORD[0].W.SEL0                   0.0096
 BLOCK[3].RAM32.SLICE[3].RAM8.WORD[0].W.BYTE[0].B.SEL0         0.0095
 BLOCK[3].RAM32.SLICE[0].RAM8.WORD[0].W.SEL0                   0.0093
 BLOCK[2].RAM32.SLICE[3].RAM8.WEBUF[1].X                       0.0090
 BLOCK[0].RAM32.A0BUF[0].X                                     0.0089
 BLOCK[0].RAM32.BYTE[0].FLOATBUF0[4].Z                         0.0087
 BLOCK[1].RAM32.SLICE[0].RAM8.DEC0.A_buf[1]                    0.0080
 BLOCK[0].RAM32.SLICE[0].RAM8.WORD[0].W.BYTE[0].B.SEL0         0.0080
 BLOCK[3].RAM32.BYTE[2].FLOATBUF0[20].Z                        0.0080
 BLOCK[0].RAM32.SLICE[0].RAM8.DEC0.A_buf[1]                    0.0079
 BLOCK[3].RAM32.SLICE[3].RAM8.DEC0.A_buf[2]                    0.0079
 BLOCK[0].RAM32.SLICE[3].RAM8.WORD[2].W.BYTE[0].B.SEL0         0.0076
 BLOCK[0].RAM32.A0BUF[1].X                                     0.0075
 BLOCK[2].RAM32.DEC0.EN                                        0.0072
 BLOCK[2].RAM32.SLICE[0].RAM8.DEC0.A_buf[2]                    0.0071
 BLOCK[3].RAM32.SLICE[0].RAM8.WORD[4].W.BYTE[0].B.SEL0         0.0070
 BLOCK[2].RAM32.SLICE[3].RAM8.WEBUF[0].X                       0.0068
 BLOCK[0].RAM32.SLICE[0].RAM8.DEC0.EN                          0.0068
 BLOCK[3].RAM32.A0BUF[2].X                                     0.0068
 BLOCK[3].RAM32.SLICE[0].RAM8.WORD[0].W.BYTE[0].B.SEL0         0.0068
 BLOCK[2].RAM32.SLICE[2].RAM8.WORD[0].W.SEL0                   0.0066
 BLOCK[1].RAM32.Do0[14]                                        0.0066
 BLOCK[0].RAM32.SLICE[3].RAM8.DEC0.A_buf[0]                    0.0066
 BLOCK[2].RAM32.SLICE[1].RAM8.WORD[3].W.BYTE[0].B.SEL0         0.0066
 BLOCK[2].RAM32.SLICE[0].RAM8.WEBUF[1].A                       0.0065
 BLOCK[0].RAM32.BYTE[0].FLOATBUF0[0].Z                         0.0064
 BLOCK[2].RAM32.SLICE[3].RAM8.WORD[6].W.BYTE[0].B.SEL0         0.0064
 BLOCK[3].RAM32.Do0[29]                                        0.0063
 BLOCK[1].RAM32.SLICE[2].RAM8.WORD[4].W.BYTE[0].B.SEL0         0.0062
 BLOCK[2].RAM32.BYTE[2].FLOATBUF0[16].Z                        0.0062
 BLOCK[0].RAM32.SLICE[1].RAM8.WORD[4].W.BYTE[0].B.SEL0         0.0061
 Do0[13]                                                       0.0060
 BLOCK[0].RAM32.Do0[31]                                        0.0060
 BLOCK[1].RAM32.SLICE[2].RAM8.WORD[7].W.BYTE[0].B.SEL0         0.0060
 BLOCK[3].RAM32.SLICE[1].RAM8.DEC0.A_buf[1]                    0.0060
 Do0[31]                                                       0.0058
 BLOCK[2].RAM32.SLICE[3].RAM8.WORD[1].W.BYTE[0].B.SEL0         0.0058
 BLOCK[0].RAM32.SLICE[0].RAM8.WEBUF[0].A                       0.0058
 BLOCK[2].RAM32.SLICE[0].RAM8.WORD[6].W.SEL0                   0.0058
 BLOCK[1].RAM32.SLICE[1].RAM8.DEC0.A_buf[1]                    0.0058
 BLOCK[0].RAM32.SLICE[1].RAM8.DEC0.A_buf[1]                    0.0057
 BLOCK[0].RAM32.SLICE[2].RAM8.DEC0.EN_buf                      0.0057
 BLOCK[3].RAM32.SLICE[1].RAM8.DEC0.A_buf[2]                    0.0056
 BLOCK[2].RAM32.SLICE[2].RAM8.WORD[2].W.BYTE[0].B.SEL0         0.0056
 BLOCK[1].RAM32.SLICE[0].RAM8.WORD[4].W.BYTE[0].B.SEL0         0.0055
 BLOCK[2].RAM32.SLICE[2].RAM8.WORD[5].W.BYTE[0].B.SEL0         0.0055
 BLOCK[0].RAM32.Do0[25]                                        0.0054
 Do0[27]                                                       0.0054
 BLOCK[2].RAM32.Do0[19]                                        0.0054
 BLOCK[2].RAM32.BYTE[3].FLOATBUF0[28].Z                        0.0053
 BLOCK[1].RAM32.SLICE[2].RAM8.WORD[5].W.BYTE[0].B.SEL0         0.0053
 BLOCK[2].RAM32.SLICE[3].RAM8.WORD[5].W.BYTE[0].B.SEL0         0.0053
 BLOCK[0].RAM32.SLICE[2].RAM8.WEBUF[1].X                       0.0053
 BLOCK[2].RAM32.Do0[21]                                        0.0052
 BLOCK[2].RAM32.SLICE[1].RAM8.WORD[1].W.BYTE[0].B.SEL0         0.0052
 BLOCK[0].RAM32.SLICE[2].RAM8.DEC0.A_buf[0]                    0.0052
 BLOCK[1].RAM32.SLICE[0].RAM8.WORD[6].W.BYTE[0].B.SEL0         0.0051
 BLOCK[1].RAM32.SLICE[0].RAM8.DEC0.EN_buf                      0.0051
 BLOCK[3].RAM32.SLICE[2].RAM8.DEC0.A_buf[2]                    0.0051
 BLOCK[3].RAM32.SLICE[3].RAM8.DEC0.A_buf[1]                    0.0051
 BLOCK[1].RAM32.SLICE[0].RAM8.WORD[1].W.BYTE[0].B.SEL0         0.0051
 BLOCK[2].RAM32.SLICE[3].RAM8.DEC0.A_buf[2]                    0.0050
 BLOCK[2].RAM32.Do0[24]                                        0.0050
 BLOCK[0].RAM32.SLICE[0].RAM8.DEC0.A_buf[2]                    0.0050
 BLOCK[2].RAM32.SLICE[0].RAM8.DEC0.EN_buf                      0.0049
 BLOCK[1].RAM32.SLICE[2].RAM8.WORD[0].W.BYTE[0].B.SEL0         0.0048
 BLOCK[0].RAM32.SLICE[2].RAM8.WORD[3].W.BYTE[0].B.SEL0         0.0048
 BLOCK[1].RAM32.SLICE[0].RAM8.WORD[0].W.SEL0                   0.0047
 BLOCK[0].RAM32.SLICE[2].RAM8.DEC0.A_buf[2]                    0.0047
 BLOCK[2].RAM32.SLICE[1].RAM8.WEBUF[0].X                       0.0047
 BLOCK[2].RAM32.SLICE[0].RAM8.DEC0.A_buf[1]                    0.0047
 BLOCK[2].RAM32.Do0[11]                                        0.0046
 BLOCK[1].RAM32.SLICE[2].RAM8.WEBUF[1].X                       0.0046
 Do0[28]                                                       0.0046
 BLOCK[1].RAM32.SLICE[1].RAM8.WORD[5].W.BYTE[0].B.SEL0         0.0046
 BLOCK[1].RAM32.SLICE[0].RAM8.DEC0.EN                          0.0046
 BLOCK[0].RAM32.SLICE[1].RAM8.DEC0.EN_buf                      0.0045
 BLOCK[0].RAM32.SLICE[2].RAM8.DEC0.A_buf[1]                    0.0045
 BLOCK[0].RAM32.SLICE[2].RAM8.WORD[1].W.BYTE[0].B.SEL0         0.0045
 BLOCK[1].RAM32.SLICE[0].RAM8.DEC0.A_buf[2]                    0.0045
 BLOCK[0].RAM32.DIBUF[2].X                                     0.0045
 BLOCK[1].RAM32.SLICE[1].RAM8.DEC0.EN_buf                      0.0044
 BLOCK[1].RAM32.SLICE[3].RAM8.DEC0.EN_buf                      0.0044
 BLOCK[0].RAM32.SLICE[0].RAM8.DEC0.A_buf[0]                    0.0044
 Do0[24]                                                       0.0044
 BLOCK[1].RAM32.SLICE[1].RAM8.WORD[7].W.BYTE[0].B.SEL0         0.0044
 BLOCK[1].RAM32.DIBUF[8].X                                     0.0044
 BLOCK[2].RAM32.SLICE[3].RAM8.WEBUF[2].X                       0.0044
 BLOCK[2].RAM32.SLICE[3].RAM8.DEC0.A_buf[1]                    0.0044
 BLOCK[0].RAM32.SLICE[0].RAM8.WEBUF[3].X                       0.0044
 BLOCK[2].RAM32.SLICE[3].RAM8.WORD[2].W.BYTE[0].B.SEL0         0.0044
 BLOCK[2].RAM32.A0BUF[1].X                                     0.0043
 BLOCK[0].RAM32.DIBUF[16].X                                    0.0043
 BLOCK[2].RAM32.SLICE[0].RAM8.WORD[1].W.BYTE[0].B.SEL0         0.0043
 BLOCK[0].RAM32.DIBUF[0].X                                     0.0042
 BLOCK[0].RAM32.DIBUF[18].X                                    0.0042
 BLOCK[1].RAM32.DIBUF[15].X                                    0.0041
 BLOCK[0].RAM32.DIBUF[1].X                                     0.0041
 BLOCK[2].RAM32.SLICE[1].RAM8.DEC0.A_buf[1]                    0.0041
 BLOCK[2].RAM32.SLICE[3].RAM8.DEC0.A_buf[0]                    0.0041
 BLOCK[1].RAM32.SLICE[0].RAM8.DEC0.A_buf[0]                    0.0041
 BLOCK[0].RAM32.DIBUF[7].X                                     0.0040
 BLOCK[0].RAM32.DIBUF[12].A                                    0.0040
 BLOCK[0].RAM32.DIBUF[22].A                                    0.0040
 BLOCK[2].RAM32.SLICE[1].RAM8.DEC0.A_buf[2]                    0.0040
 BLOCK[1].RAM32.EN0                                            0.0039
 BLOCK[2].RAM32.SLICE[0].RAM8.WEBUF[3].X                       0.0039
 BLOCK[2].RAM32.DIBUF[9].X                                     0.0039
 BLOCK[0].RAM32.DIBUF[15].A                                    0.0038
 BLOCK[2].RAM32.Do0[26]                                        0.0038
 BLOCK[3].RAM32.SLICE[3].RAM8.WORD[5].W.SEL0                   0.0038
 BLOCK[0].RAM32.DIBUF[26].A                                    0.0038
 BLOCK[0].RAM32.SLICE[3].RAM8.WORD[6].W.BYTE[0].B.SEL0         0.0037
 BLOCK[0].RAM32.SLICE[0].RAM8.DEC0.EN_buf                      0.0037
 BLOCK[2].RAM32.SLICE[3].RAM8.DEC0.EN_buf                      0.0037
 BLOCK[0].RAM32.DIBUF[30].A                                    0.0037
 BLOCK[2].RAM32.DIBUF[10].X                                    0.0037
 BLOCK[0].RAM32.SLICE[1].RAM8.DEC0.A_buf[0]                    0.0037
 BLOCK[3].RAM32.DIBUF[21].X                                    0.0037
 BLOCK[2].RAM32.SLICE[0].RAM8.WORD[1].W.SEL0                   0.0036
 BLOCK[3].RAM32.DIBUF[1].X                                     0.0036
 BLOCK[3].RAM32.SLICE[0].RAM8.DEC0.A_buf[0]                    0.0036
 BLOCK[3].RAM32.A0BUF[1].X                                     0.0036
 BLOCK[3].RAM32.DIBUF[18].X                                    0.0036
 BLOCK[3].RAM32.Do0[28]                                        0.0036
 BLOCK[2].RAM32.SLICE[0].RAM8.DEC0.A_buf[0]                    0.0035
 BLOCK[0].RAM32.DIBUF[16].A                                    0.0034
 BLOCK[3].RAM32.DIBUF[5].X                                     0.0034
 BLOCK[0].RAM32.SLICE[1].RAM8.WEBUF[1].X                       0.0033
 BLOCK[3].RAM32.SLICE[0].RAM8.DEC0.EN_buf                      0.0032
 BLOCK[3].RAM32.SLICE[2].RAM8.WORD[1].W.SEL0                   0.0032
 BLOCK[0].RAM32.SLICE[0].RAM8.WEBUF[2].X                       0.0032
 BLOCK[2].RAM32.SLICE[2].RAM8.WORD[1].W.BYTE[0].B.SEL0         0.0031
 BLOCK[0].RAM32.DIBUF[25].A                                    0.0030
 BLOCK[0].RAM32.SLICE[1].RAM8.DEC0.A_buf[2]                    0.0030
 BLOCK[2].RAM32.SLICE[1].RAM8.WORD[7].W.SEL0                   0.0030
 BLOCK[0].RAM32.DIBUF[18].A                                    0.0030
 BLOCK[3].RAM32.SLICE[2].RAM8.DEC0.EN                          0.0029
 BLOCK[0].RAM32.A0BUF[3].X                                     0.0029
 BLOCK[2].RAM32.SLICE[0].RAM8.WORD[4].W.BYTE[2].B.WE0_WIRE     0.0029
 BLOCK[2].RAM32.SLICE[0].RAM8.WORD[4].W.BYTE[3].B.WE0_WIRE     0.0029
 BLOCK[1].RAM32.SLICE[1].RAM8.DEC0.A_buf[0]                    0.0028
 BLOCK[3].RAM32.SLICE[2].RAM8.DEC0.A_buf[1]                    0.0028
 BLOCK[3].RAM32.SLICE[1].RAM8.DEC0.A_buf[0]                    0.0027
 BLOCK[0].RAM32.A0BUF[4].X                                     0.0027
 BLOCK[3].RAM32.SLICE[2].RAM8.WORD[2].W.BYTE[0].B.SEL0         0.0027
 BLOCK[1].RAM32.SLICE[3].RAM8.WEBUF[1].X                       0.0027
 BLOCK[1].RAM32.SLICE[0].RAM8.WEBUF[1].X                       0.0027
 BLOCK[2].RAM32.SLICE[0].RAM8.WORD[7].W.SEL0                   0.0026
 BLOCK[3].RAM32.SLICE[0].RAM8.WORD[3].W.BYTE[0].B.SEL0         0.0025
 BLOCK[1].RAM32.SLICE[3].RAM8.DEC0.A_buf[2]                    0.0025
 BLOCK[0].RAM32.SLICE[0].RAM8.WEBUF[3].A                       0.0025
 BLOCK[0].RAM32.SLICE[3].RAM8.DEC0.EN_buf                      0.0025
 BLOCK[2].RAM32.SLICE[0].RAM8.WEBUF[2].A                       0.0024
 BLOCK[2].RAM32.SLICE[1].RAM8.WORD[4].W.SEL0                   0.0024
 BLOCK[2].RAM32.SLICE[2].RAM8.DEC0.EN_buf                      0.0024
 BLOCK[2].RAM32.Do0[31]                                        0.0024
 BLOCK[1].RAM32.SLICE[3].RAM8.DEC0.A_buf[1]                    0.0024
 BLOCK[1].RAM32.SLICE[0].RAM8.WORD[3].W.SEL0                   0.0024
 BLOCK[0].RAM32.SLICE[3].RAM8.WEBUF[1].X                       0.0024
 BLOCK[2].RAM32.SLICE[0].RAM8.WORD[3].W.BYTE[0].B.SEL0         0.0024
 BLOCK[2].RAM32.SLICE[2].RAM8.WORD[3].W.SEL0                   0.0023
 BLOCK[3].RAM32.SLICE[1].RAM8.DEC0.EN_buf                      0.0023
 BLOCK[2].RAM32.A0BUF[3].X                                     0.0023
 BLOCK[0].RAM32.SLICE[3].RAM8.DEC0.EN                          0.0023
 BLOCK[1].RAM32.A0BUF[4].X                                     0.0023
 BLOCK[3].RAM32.A0BUF[3].X                                     0.0023
 BLOCK[1].RAM32.SLICE[0].RAM8.WEBUF[3].X                       0.0023
 BLOCK[3].RAM32.SLICE[2].RAM8.DEC0.A_buf[0]                    0.0022
 BLOCK[0].RAM32.SLICE[2].RAM8.WORD[6].W.SEL0                   0.0022
 BLOCK[0].RAM32.SLICE[2].RAM8.WORD[4].W.SEL0                   0.0022
 BLOCK[0].RAM32.SLICE[3].RAM8.DEC0.A_buf[2]                    0.0022
 BLOCK[1].RAM32.SLICE[0].RAM8.WORD[5].W.BYTE[0].B.SEL0         0.0022
 BLOCK[2].RAM32.SLICE[1].RAM8.DEC0.A_buf[0]                    0.0021
 BLOCK[3].RAM32.SLICE[3].RAM8.DEC0.EN                          0.0021
 BLOCK[2].RAM32.Do0[25]                                        0.0021
 BLOCK[3].RAM32.SLICE[3].RAM8.WORD[6].W.BYTE[0].B.SEL0         0.0021
 BLOCK[0].RAM32.DIBUF[3].A                                     0.0021
 BLOCK[2].RAM32.SLICE[1].RAM8.DEC0.EN_buf                      0.0021
 BLOCK[0].RAM32.SLICE[1].RAM8.WEBUF[3].X                       0.0021
 BLOCK[0].RAM32.DIBUF[5].A                                     0.0020
 BLOCK[0].RAM32.SLICE[3].RAM8.WEBUF[0].X                       0.0020
 BLOCK[1].RAM32.SLICE[1].RAM8.DEC0.A_buf[2]                    0.0020
 BLOCK[3].RAM32.SLICE[3].RAM8.DEC0.EN_buf                      0.0020
 BLOCK[3].RAM32.SLICE[2].RAM8.DEC0.EN_buf                      0.0020
 BLOCK[2].RAM32.SLICE[3].RAM8.WEBUF[3].X                       0.0020
 BLOCK[2].RAM32.SLICE[1].RAM8.WEBUF[2].X                       0.0019
 BLOCK[3].RAM32.SLICE[3].RAM8.WORD[3].W.SEL0                   0.0019
 BLOCK[2].RAM32.SLICE[0].RAM8.WEBUF[0].X                       0.0019
 BLOCK[3].RAM32.SLICE[1].RAM8.WEBUF[2].X                       0.0019
 BLOCK[2].RAM32.Do0[17]                                        0.0019
 BLOCK[2].RAM32.SLICE[0].RAM8.WEBUF[2].X                       0.0019
 BLOCK[0].RAM32.SLICE[3].RAM8.WORD[3].W.BYTE[0].B.WE0_WIRE     0.0019
 BLOCK[0].RAM32.SLICE[3].RAM8.DEC0.A_buf[1]                    0.0019
 BLOCK[3].RAM32.SLICE[0].RAM8.DEC0.A_buf[2]                    0.0018
 BLOCK[0].RAM32.DIBUF[10].A                                    0.0018
 BLOCK[2].RAM32.Do0[28]                                        0.0018
 BLOCK[2].RAM32.A0BUF[4].X                                     0.0018
 BLOCK[0].RAM32.DIBUF[13].A                                    0.0018
 BLOCK[3].RAM32.SLICE[0].RAM8.WEBUF[0].X                       0.0018
 BLOCK[1].RAM32.A0BUF[2].X                                     0.0017
 BLOCK[0].RAM32.SLICE[2].RAM8.WORD[5].W.SEL0                   0.0017
 BLOCK[1].RAM32.SLICE[2].RAM8.WORD[1].W.SEL0                   0.0017
 BLOCK[3].RAM32.SLICE[1].RAM8.WORD[3].W.BYTE[0].B.WE0_WIRE     0.0017
 BLOCK[2].RAM32.SLICE[2].RAM8.WORD[1].W.SEL0                   0.0017
 BLOCK[1].RAM32.SLICE[2].RAM8.DEC0.A_buf[1]                    0.0017
 BLOCK[1].RAM32.Do0[1]                                         0.0016
 BLOCK[3].RAM32.SLICE[1].RAM8.WORD[2].W.SEL0                   0.0016
 BLOCK[3].RAM32.SLICE[1].RAM8.WORD[6].W.SEL0                   0.0016
 BLOCK[3].RAM32.SLICE[3].RAM8.WORD[2].W.BYTE[0].B.SEL0         0.0016
 BLOCK[3].RAM32.SLICE[0].RAM8.WORD[5].W.BYTE[0].B.SEL0         0.0016
 BLOCK[2].RAM32.SLICE[1].RAM8.WORD[4].W.BYTE[0].B.SEL0         0.0015
 BLOCK[2].RAM32.SLICE[0].RAM8.WORD[4].W.BYTE[0].B.WE0_WIRE     0.0015
 BLOCK[3].RAM32.SLICE[2].RAM8.WORD[2].W.SEL0                   0.0015
 BLOCK[1].RAM32.SLICE[2].RAM8.DEC0.EN_buf                      0.0015
 BLOCK[2].RAM32.Do0[15]                                        0.0015
 BLOCK[0].RAM32.Do0[20]                                        0.0015
 BLOCK[3].RAM32.Do0[30]                                        0.0015
 BLOCK[1].RAM32.SLICE[0].RAM8.WEBUF[0].A                       0.0014
 BLOCK[1].RAM32.Do0[29]                                        0.0014
 BLOCK[2].RAM32.SLICE[2].RAM8.WEBUF[0].X                       0.0014
 BLOCK[3].RAM32.SLICE[2].RAM8.WORD[7].W.BYTE[0].B.SEL0         0.0014
 BLOCK[3].RAM32.SLICE[2].RAM8.WEBUF[3].X                       0.0014
 BLOCK[3].RAM32.SLICE[2].RAM8.WORD[6].W.SEL0                   0.0014
 BLOCK[2].RAM32.SLICE[1].RAM8.WORD[2].W.SEL0                   0.0014
 BLOCK[2].RAM32.SLICE[2].RAM8.WORD[7].W.SEL0                   0.0013
 BLOCK[0].RAM32.SLICE[3].RAM8.WORD[4].W.SEL0                   0.0013
 BLOCK[1].RAM32.SLICE[1].RAM8.WORD[1].W.SEL0                   0.0013
 BLOCK[1].RAM32.SLICE[2].RAM8.WORD[6].W.BYTE[2].B.WE0_WIRE     0.0013
 BLOCK[2].RAM32.Do0[18]                                        0.0012
 BLOCK[1].RAM32.SLICE[0].RAM8.WORD[1].W.SEL0                   0.0012
 BLOCK[0].RAM32.SLICE[2].RAM8.DEC0.EN                          0.0012
 BLOCK[0].RAM32.Do0[24]                                        0.0012
 BLOCK[3].RAM32.SLICE[2].RAM8.WEBUF[2].X                       0.0012
 BLOCK[1].RAM32.SLICE[2].RAM8.WORD[6].W.SEL0                   0.0012
 BLOCK[1].RAM32.SLICE[3].RAM8.DEC0.EN                          0.0012
 BLOCK[2].RAM32.SLICE[3].RAM8.WORD[5].W.BYTE[1].B.WE0_WIRE     0.0012
 BLOCK[0].RAM32.Do0[7]                                         0.0012
 BLOCK[3].RAM32.SLICE[0].RAM8.WEBUF[2].X                       0.0012
 BLOCK[1].RAM32.SLICE[2].RAM8.WORD[5].W.BYTE[3].B.WE0_WIRE     0.0012
 BLOCK[2].RAM32.Do0[29]                                        0.0011
 BLOCK[1].RAM32.SLICE[1].RAM8.WORD[6].W.BYTE[1].B.WE0_WIRE     0.0011
 BLOCK[1].RAM32.SLICE[3].RAM8.WORD[3].W.BYTE[3].B.WE0_WIRE     0.0011
 BLOCK[3].RAM32.SLICE[1].RAM8.WORD[4].W.BYTE[0].B.SEL0         0.0011
 BLOCK[0].RAM32.SLICE[0].RAM8.WORD[1].W.SEL0                   0.0011
 BLOCK[2].RAM32.SLICE[0].RAM8.WEBUF[1].X                       0.0011
 BLOCK[1].RAM32.SLICE[0].RAM8.WEBUF[0].X                       0.0011
 BLOCK[0].RAM32.SLICE[3].RAM8.WORD[3].W.SEL0                   0.0011
 BLOCK[3].RAM32.SLICE[0].RAM8.WORD[4].W.SEL0                   0.0011
 BLOCK[0].RAM32.Do0[4]                                         0.0011
 BLOCK[0].RAM32.Do0[6]                                         0.0011
 BLOCK[1].RAM32.Do0[6]                                         0.0011
 BLOCK[3].RAM32.Do0[22]                                        0.0011
 BLOCK[3].RAM32.Do0[7]                                         0.0011
 BLOCK[0].RAM32.SLICE[3].RAM8.WORD[6].W.SEL0                   0.0011
 BLOCK[2].RAM32.Do0[4]                                         0.0010
 BLOCK[1].RAM32.SLICE[0].RAM8.WORD[1].W.BYTE[1].B.SEL0_B       0.0010
 BLOCK[2].RAM32.Do0[30]                                        0.0010
 BLOCK[0].RAM32.SLICE[0].RAM8.WORD[1].W.BYTE[1].B.WE0_WIRE     0.0010
 BLOCK[2].RAM32.SLICE[1].RAM8.WORD[1].W.BYTE[1].B.WE0_WIRE     0.0010
 BLOCK[2].RAM32.SLICE[1].RAM8.WORD[6].W.BYTE[0].B.SEL0         0.0010
 BLOCK[3].RAM32.SLICE[2].RAM8.WORD[6].W.BYTE[0].B.SEL0         0.0010
 BLOCK[2].RAM32.Do0[10]                                        0.0010
 BLOCK[1].RAM32.Do0[0]                                         0.0010
 BLOCK[0].RAM32.SLICE[0].RAM8.WORD[5].W.BYTE[0].B.WE0_WIRE     0.0010
 BLOCK[2].RAM32.Do0[3]                                         0.0010
 BLOCK[0].RAM32.SLICE[3].RAM8.WORD[2].W.SEL0                   0.0009
 BLOCK[1].RAM32.SLICE[1].RAM8.WORD[7].W.BYTE[2].B.WE0_WIRE     0.0009
 BLOCK[2].RAM32.Do0[2]                                         0.0009
 BLOCK[0].RAM32.SLICE[3].RAM8.WORD[5].W.SEL0                   0.0009
 BLOCK[1].RAM32.SLICE[1].RAM8.WORD[4].W.SEL0                   0.0009
 BLOCK[1].RAM32.Do0[12]                                        0.0009
 BLOCK[1].RAM32.A0BUF[0].X                                     0.0009
 BLOCK[3].RAM32.SLICE[0].RAM8.WORD[7].W.SEL0                   0.0009
 BLOCK[3].RAM32.SLICE[3].RAM8.WORD[1].W.BYTE[2].B.WE0_WIRE     0.0008
 BLOCK[1].RAM32.SLICE[1].RAM8.WORD[7].W.SEL0                   0.0008
 BLOCK[3].RAM32.Do0[15]                                        0.0008
 BLOCK[3].RAM32.Do0[8]                                         0.0008
 BLOCK[1].RAM32.SLICE[1].RAM8.WORD[5].W.SEL0                   0.0008
 BLOCK[1].RAM32.SLICE[3].RAM8.WORD[4].W.SEL0                   0.0008
 BLOCK[3].RAM32.Do0[26]                                        0.0008
 BLOCK[2].RAM32.SLICE[1].RAM8.WORD[6].W.BYTE[0].B.WE0_WIRE     0.0008
 BLOCK[2].RAM32.Do0[16]                                        0.0008
 BLOCK[3].RAM32.Do0[31]                                        0.0008
 BLOCK[0].RAM32.SLICE[2].RAM8.WORD[4].W.BYTE[3].B.WE0_WIRE     0.0008
 BLOCK[3].RAM32.SLICE[1].RAM8.WORD[5].W.SEL0                   0.0008
 BLOCK[3].RAM32.Do0[10]                                        0.0008
 BLOCK[3].RAM32.Do0[21]                                        0.0008
 BLOCK[3].RAM32.SLICE[2].RAM8.WEBUF[0].X                       0.0007
 BLOCK[0].RAM32.SLICE[3].RAM8.WORD[6].W.BYTE[0].B.WE0_WIRE     0.0007
 BLOCK[3].RAM32.SLICE[3].RAM8.WEBUF[3].X                       0.0007
 BLOCK[3].RAM32.SLICE[3].RAM8.WORD[6].W.SEL0                   0.0007
 BLOCK[3].RAM32.SLICE[0].RAM8.WORD[5].W.SEL0                   0.0007
 BLOCK[3].RAM32.SLICE[2].RAM8.WORD[4].W.BYTE[0].B.SEL0         0.0007
 BLOCK[2].RAM32.SLICE[3].RAM8.WORD[4].W.SEL0                   0.0007
 BLOCK[3].RAM32.Do0[14]                                        0.0007
 BLOCK[0].RAM32.Do0[1]                                         0.0007
 BLOCK[3].RAM32.Do0[18]                                        0.0007
 BLOCK[0].RAM32.SLICE[1].RAM8.WORD[5].W.BYTE[3].B.WE0_WIRE     0.0007
 BLOCK[1].RAM32.Do0[2]                                         0.0007
 BLOCK[0].RAM32.SLICE[0].RAM8.WORD[0].W.BYTE[0].B.WE0_WIRE     0.0007
 BLOCK[3].RAM32.SLICE[1].RAM8.DEC0.EN                          0.0007
 BLOCK[1].RAM32.SLICE[0].RAM8.WORD[4].W.BYTE[0].B.WE0_WIRE     0.0007
 BLOCK[2].RAM32.SLICE[0].RAM8.WEBUF[3].A                       0.0007
 BLOCK[1].RAM32.Do0[3]                                         0.0006
 BLOCK[0].RAM32.Do0[13]                                        0.0006
 BLOCK[2].RAM32.SLICE[2].RAM8.WORD[0].W.BYTE[0].B.SEL0         0.0006
 BLOCK[1].RAM32.SLICE[3].RAM8.WORD[5].W.BYTE[2].B.WE0_WIRE     0.0006
 BLOCK[0].RAM32.Do0[28]                                        0.0006
 BLOCK[2].RAM32.SLICE[3].RAM8.DEC0.EN                          0.0006
 BLOCK[1].RAM32.Do0[13]                                        0.0006
 BLOCK[0].RAM32.SLICE[2].RAM8.WORD[2].W.SEL0                   0.0006
 BLOCK[1].RAM32.Do0[20]                                        0.0006
 BLOCK[1].RAM32.Do0[22]                                        0.0006
 BLOCK[0].RAM32.SLICE[3].RAM8.WORD[1].W.SEL0                   0.0006
 BLOCK[1].RAM32.SLICE[2].RAM8.WORD[2].W.BYTE[2].B.WE0_WIRE     0.0005
 BLOCK[2].RAM32.Do0[0]                                         0.0005
 BLOCK[1].RAM32.Do0[16]                                        0.0005
 BLOCK[2].RAM32.Do0[13]                                        0.0005
 BLOCK[3].RAM32.Do0[0]                                         0.0005
 BLOCK[1].RAM32.SLICE[1].RAM8.DEC0.EN                          0.0005
 BLOCK[2].RAM32.SLICE[1].RAM8.DEC0.EN                          0.0005
 BLOCK[2].RAM32.SLICE[1].RAM8.WORD[4].W.BYTE[1].B.WE0_WIRE     0.0005
 BLOCK[3].RAM32.Do0[23]                                        0.0005
 BLOCK[0].RAM32.Do0[5]                                         0.0005
 BLOCK[1].RAM32.Do0[5]                                         0.0005
 BLOCK[2].RAM32.Do0[7]                                         0.0005
 BLOCK[1].RAM32.SLICE[2].RAM8.WORD[3].W.BYTE[2].B.WE0_WIRE     0.0004
 BLOCK[0].RAM32.Do0[15]                                        0.0004
 BLOCK[1].RAM32.SLICE[0].RAM8.WORD[0].W.BYTE[2].B.WE0_WIRE     0.0004
 BLOCK[0].RAM32.Do0[21]                                        0.0004
 BLOCK[2].RAM32.SLICE[3].RAM8.WORD[1].W.SEL0                   0.0004
 BLOCK[2].RAM32.Do0[23]                                        0.0004
 BLOCK[0].RAM32.Do0[17]                                        0.0004
 BLOCK[2].RAM32.SLICE[0].RAM8.WORD[3].W.SEL0                   0.0004
 BLOCK[3].RAM32.Do0[11]                                        0.0004
 BLOCK[3].RAM32.SLICE[0].RAM8.WEBUF[1].A                       0.0004
 BLOCK[3].RAM32.SLICE[0].RAM8.WEBUF[3].A                       0.0003
 BLOCK[3].RAM32.SLICE[0].RAM8.DEC0.EN                          0.0003
 BLOCK[2].RAM32.Do0[9]                                         0.0003
 BLOCK[3].RAM32.SLICE[0].RAM8.WORD[6].W.SEL0                   0.0003
 BLOCK[1].RAM32.Do0[25]                                        0.0003
 BLOCK[3].RAM32.SLICE[1].RAM8.WORD[0].W.BYTE[0].B.SEL0         0.0003
 BLOCK[3].RAM32.SLICE[1].RAM8.WORD[2].W.BYTE[1].B.WE0_WIRE     0.0003
 BLOCK[1].RAM32.Do0[21]                                        0.0002
 BLOCK[0].RAM32.SLICE[0].RAM8.WORD[3].W.BYTE[3].B.WE0_WIRE     0.0002
 BLOCK[0].RAM32.SLICE[3].RAM8.WORD[6].W.BYTE[3].B.WE0_WIRE     0.0002
 BLOCK[1].RAM32.SLICE[2].RAM8.WORD[0].W.BYTE[3].B.WE0_WIRE     0.0002
 BLOCK[3].RAM32.SLICE[3].RAM8.WORD[5].W.BYTE[0].B.WE0_WIRE     0.0002
 BLOCK[3].RAM32.SLICE[1].RAM8.WORD[2].W.BYTE[2].B.WE0_WIRE     0.0002
 BLOCK[0].RAM32.Do0[2]                                         0.0002
 BLOCK[0].RAM32.Do0[19]                                        0.0002
 BLOCK[3].RAM32.SLICE[0].RAM8.WORD[1].W.BYTE[0].B.WE0_WIRE     0.0002
 BLOCK[1].RAM32.SLICE[1].RAM8.WORD[0].W.BYTE[3].B.WE0_WIRE     0.0002
 BLOCK[1].RAM32.SLICE[2].RAM8.WORD[7].W.SEL0                   0.0002
 BLOCK[1].RAM32.SLICE[2].RAM8.WORD[1].W.BYTE[3].B.WE0_WIRE     0.0002
 BLOCK[2].RAM32.SLICE[3].RAM8.WORD[0].W.BYTE[0].B.SEL0         0.0002
 BLOCK[3].RAM32.SLICE[2].RAM8.WORD[0].W.BYTE[3].B.WE0_WIRE     0.0001
 BLOCK[1].RAM32.SLICE[1].RAM8.WORD[6].W.BYTE[0].B.SEL0         0.0001
 BLOCK[0].RAM32.Do0[0]                                         0.0001
 BLOCK[1].RAM32.SLICE[1].RAM8.WORD[2].W.BYTE[0].B.WE0_WIRE     0.0001
 BLOCK[1].RAM32.SLICE[1].RAM8.WORD[1].W.BYTE[0].B.SEL0         0.0001
 BLOCK[3].RAM32.SLICE[0].RAM8.WORD[1].W.BYTE[2].B.WE0_WIRE     0.0001
 BLOCK[2].RAM32.SLICE[2].RAM8.WORD[7].W.BYTE[0].B.SEL0         0.0001
 BLOCK[0].RAM32.SLICE[2].RAM8.WORD[0].W.BYTE[3].B.WE0_WIRE     0.0001
 BLOCK[1].RAM32.SLICE[2].RAM8.WORD[6].W.BYTE[0].B.SEL0         0.0001
 BLOCK[1].RAM32.SLICE[2].RAM8.WORD[4].W.BYTE[2].B.WE0_WIRE     0.0001
 BLOCK[1].RAM32.SLICE[3].RAM8.WORD[6].W.BYTE[0].B.SEL0         0.0001
 BLOCK[2].RAM32.SLICE[2].RAM8.WORD[6].W.BYTE[0].B.SEL0         0.0001
 BLOCK[0].RAM32.SLICE[3].RAM8.WORD[4].W.BYTE[0].B.SEL0         0.0001
 BLOCK[1].RAM32.SLICE[2].RAM8.WORD[2].W.BYTE[0].B.SEL0         0.0001
 BLOCK[0].RAM32.Do0[8]                                         0.0001
 BLOCK[3].RAM32.SLICE[0].RAM8.WORD[3].W.BYTE[1].B.SEL0_B       0.0001
 BLOCK[0].RAM32.SLICE[3].RAM8.WORD[1].W.BYTE[0].B.SEL0         0.0001
 BLOCK[3].RAM32.SLICE[3].RAM8.WEBUF[2].X                       0.0001
 BLOCK[0].RAM32.SLICE[2].RAM8.WORD[5].W.BYTE[0].B.SEL0         0.0001
 BLOCK[2].RAM32.SLICE[0].RAM8.WORD[0].W.BYTE[2].B.WE0_WIRE     0.0000
 BLOCK[2].RAM32.SLICE[2].RAM8.WEBUF[1].X                       0.0000
 BLOCK[3].RAM32.SLICE[3].RAM8.WORD[4].W.SEL0                   0.0000
 WE0[2]                                                        0.0000
 Di0[24]                                                       0.0000
 Di0[26]                                                       0.0000
 Di0[21]                                                       0.0000
 Di0[30]                                                       0.0000
 Di0[31]                                                       0.0000
 Di0[20]                                                       0.0000
 Di0[22]                                                       0.0000
 WE0[3]                                                        0.0000
 BLOCK[3].RAM32.SLICE[3].RAM8.WORD[7].W.BYTE[0].B.SEL0        -0.0000
 BLOCK[0].RAM32.BYTE[1].FLOATBUF0[14].Z                       -0.0000
 BLOCK[2].RAM32.SLICE[2].RAM8.DEC0.A_buf[1]                   -0.0000
 BLOCK[0].RAM32.BYTE[1].FLOATBUF0[12].Z                       -0.0000
 BLOCK[0].RAM32.BYTE[0].FLOATBUF0[7].Z                        -0.0000
 BLOCK[2].RAM32.SLICE[2].RAM8.DEC0.A_buf[0]                   -0.0000
 BLOCK[0].RAM32.DIBUF[17].X                                   -0.0000
 BLOCK[0].RAM32.BYTE[0].FLOATBUF0[1].Z                        -0.0000
 BLOCK[3].RAM32.SLICE[2].RAM8.WORD[7].W.BYTE[0].B.SEL0_B      -0.0000
 BLOCK[3].RAM32.SLICE[2].RAM8.WORD[1].W.BYTE[0].B.SEL0        -0.0000
 BLOCK[3].RAM32.SLICE[1].RAM8.WORD[5].W.BYTE[0].B.SEL0        -0.0000
 BLOCK[3].RAM32.SLICE[2].RAM8.WORD[0].W.BYTE[3].B.SEL0_B      -0.0000
 BLOCK[3].RAM32.SLICE[1].RAM8.WORD[3].W.BYTE[0].B.SEL0        -0.0000
 BLOCK[2].RAM32.SLICE[1].RAM8.WEBUF[1].X                       0.0000
 BLOCK[0].RAM32.DIBUF[24].A                                   -0.0000
 BLOCK[3].RAM32.SLICE[1].RAM8.WORD[6].W.BYTE[3].B.SEL0_B      -0.0000
 BLOCK[3].RAM32.SLICE[1].RAM8.WORD[0].W.BYTE[3].B.SEL0_B      -0.0000
 BLOCK[3].RAM32.SLICE[1].RAM8.WORD[2].W.BYTE[0].B.SEL0        -0.0000
 BLOCK[3].RAM32.SLICE[0].RAM8.WORD[2].W.BYTE[0].B.SEL0        -0.0000
 BLOCK[2].RAM32.SLICE[3].RAM8.WORD[7].W.BYTE[0].B.SEL0        -0.0000
 BLOCK[1].RAM32.DIBUF[9].X                                    -0.0000
 BLOCK[0].RAM32.DIBUF[15].X                                   -0.0000
 BLOCK[2].RAM32.SLICE[3].RAM8.WORD[6].W.BYTE[1].B.SEL0_B      -0.0000
 BLOCK[2].RAM32.SLICE[3].RAM8.WORD[4].W.BYTE[1].B.SEL0_B      -0.0000
 BLOCK[2].RAM32.SLICE[3].RAM8.WORD[3].W.BYTE[0].B.SEL0_B      -0.0000
 BLOCK[2].RAM32.SLICE[2].RAM8.WORD[6].W.BYTE[0].B.SEL0_B      -0.0000
 BLOCK[2].RAM32.SLICE[2].RAM8.WORD[1].W.BYTE[3].B.SEL0_B      -0.0000
 BLOCK[2].RAM32.SLICE[2].RAM8.WORD[1].W.BYTE[2].B.SEL0_B      -0.0000
 BLOCK[1].RAM32.DIBUF[7].X                                    -0.0000
 BLOCK[0].RAM32.DIBUF[14].X                                   -0.0000
 BLOCK[0].RAM32.DIBUF[23].A                                   -0.0000
 BLOCK[2].RAM32.SLICE[2].RAM8.WORD[4].W.BYTE[0].B.SEL0        -0.0000
 BLOCK[2].RAM32.SLICE[1].RAM8.WORD[6].W.BYTE[0].B.SEL0_B      -0.0000
 BLOCK[2].RAM32.SLICE[0].RAM8.WORD[7].W.BYTE[0].B.SEL0_B      -0.0000
 BLOCK[1].RAM32.SLICE[3].RAM8.WEBUF[3].X                       0.0000
 BLOCK[1].RAM32.DIBUF[6].X                                    -0.0000
 BLOCK[2].RAM32.SLICE[0].RAM8.WORD[5].W.BYTE[3].B.SEL0_B      -0.0000
 BLOCK[2].RAM32.SLICE[0].RAM8.WORD[4].W.BYTE[2].B.SEL0_B      -0.0000
 BLOCK[2].RAM32.SLICE[1].RAM8.WORD[7].W.BYTE[3].B.SEL0_B      -0.0000
 BLOCK[2].RAM32.SLICE[2].RAM8.WORD[0].W.BYTE[3].B.SEL0_B      -0.0000
 BLOCK[2].RAM32.SLICE[0].RAM8.WORD[4].W.BYTE[1].B.SEL0_B      -0.0000
 BLOCK[2].RAM32.SLICE[2].RAM8.WORD[3].W.BYTE[0].B.SEL0_B      -0.0000
 BLOCK[2].RAM32.SLICE[2].RAM8.WORD[7].W.BYTE[2].B.SEL0_B      -0.0000
 BLOCK[2].RAM32.SLICE[3].RAM8.WORD[0].W.BYTE[2].B.SEL0_B      -0.0000
 BLOCK[2].RAM32.SLICE[0].RAM8.WORD[2].W.BYTE[2].B.SEL0_B      -0.0000
 BLOCK[2].RAM32.SLICE[3].RAM8.WORD[4].W.BYTE[3].B.SEL0_B      -0.0000
 BLOCK[2].RAM32.SLICE[3].RAM8.WORD[6].W.BYTE[3].B.SEL0_B      -0.0000
 BLOCK[2].RAM32.SLICE[3].RAM8.WORD[7].W.BYTE[0].B.SEL0_B      -0.0000
 BLOCK[3].RAM32.SLICE[0].RAM8.WORD[1].W.BYTE[1].B.SEL0_B      -0.0000
 BLOCK[3].RAM32.SLICE[0].RAM8.WORD[2].W.BYTE[1].B.SEL0_B      -0.0000
 BLOCK[3].RAM32.SLICE[0].RAM8.WORD[3].W.BYTE[0].B.SEL0_B      -0.0000
 BLOCK[3].RAM32.SLICE[0].RAM8.WORD[6].W.BYTE[1].B.SEL0_B      -0.0000
 BLOCK[3].RAM32.SLICE[1].RAM8.WORD[2].W.BYTE[2].B.SEL0_B      -0.0000
 BLOCK[3].RAM32.SLICE[1].RAM8.WORD[2].W.BYTE[3].B.SEL0_B      -0.0000
 BLOCK[3].RAM32.SLICE[1].RAM8.WORD[7].W.BYTE[2].B.SEL0_B      -0.0000
 BLOCK[3].RAM32.SLICE[2].RAM8.WORD[0].W.BYTE[0].B.SEL0_B      -0.0000
 BLOCK[3].RAM32.SLICE[2].RAM8.WORD[1].W.BYTE[1].B.SEL0_B      -0.0000
 BLOCK[3].RAM32.SLICE[2].RAM8.WORD[2].W.BYTE[3].B.SEL0_B      -0.0000
 BLOCK[3].RAM32.SLICE[2].RAM8.WORD[4].W.BYTE[2].B.SEL0_B      -0.0000
 BLOCK[3].RAM32.SLICE[1].RAM8.WORD[6].W.BYTE[0].B.SEL0        -0.0000
 BLOCK[3].RAM32.SLICE[2].RAM8.WORD[7].W.BYTE[1].B.SEL0_B      -0.0000
 BLOCK[3].RAM32.SLICE[3].RAM8.WORD[5].W.BYTE[3].B.SEL0_B      -0.0000
 BLOCK[1].RAM32.SLICE[3].RAM8.WORD[7].W.BYTE[3].B.SEL0_B      -0.0000
 BLOCK[0].RAM32.BYTE[0].FLOATBUF0[3].Z                        -0.0000
 BLOCK[1].RAM32.SLICE[3].RAM8.WORD[5].W.BYTE[1].B.SEL0_B      -0.0000
 BLOCK[1].RAM32.DIBUF[5].X                                    -0.0000
 BLOCK[0].RAM32.DIBUF[13].X                                   -0.0000
 BLOCK[0].RAM32.BYTE[1].FLOATBUF0[13].Z                       -0.0000
 BLOCK[0].RAM32.BYTE[1].FLOATBUF0[15].Z                       -0.0000
 BLOCK[0].RAM32.BYTE[1].FLOATBUF0[8].Z                        -0.0000
 BLOCK[0].RAM32.BYTE[2].FLOATBUF0[17].Z                       -0.0000
 BLOCK[0].RAM32.BYTE[2].FLOATBUF0[19].Z                       -0.0000
 BLOCK[1].RAM32.SLICE[3].RAM8.WORD[2].W.BYTE[0].B.SEL0_B      -0.0000
 BLOCK[1].RAM32.SLICE[3].RAM8.WORD[1].W.BYTE[1].B.SEL0_B      -0.0000
 BLOCK[2].RAM32.SLICE[1].RAM8.WORD[0].W.BYTE[0].B.SEL0        -0.0000
 BLOCK[1].RAM32.SLICE[3].RAM8.WORD[0].W.BYTE[2].B.SEL0_B      -0.0000
 BLOCK[2].RAM32.SLICE[0].RAM8.WORD[5].W.BYTE[0].B.SEL0        -0.0000
 BLOCK[1].RAM32.SLICE[3].RAM8.DEC0.A_buf[0]                   -0.0000
 BLOCK[1].RAM32.DIBUF[4].X                                    -0.0000
 BLOCK[1].RAM32.SLICE[2].RAM8.WORD[6].W.BYTE[0].B.SEL0_B      -0.0000
 BLOCK[1].RAM32.SLICE[2].RAM8.WORD[5].W.BYTE[1].B.SEL0_B      -0.0000
 BLOCK[1].RAM32.SLICE[2].RAM8.WORD[4].W.BYTE[1].B.SEL0_B      -0.0000
 BLOCK[1].RAM32.SLICE[2].RAM8.WORD[1].W.BYTE[0].B.SEL0_B      -0.0000
 BLOCK[1].RAM32.SLICE[1].RAM8.WORD[7].W.BYTE[3].B.SEL0_B      -0.0000
 BLOCK[1].RAM32.SLICE[3].RAM8.WORD[7].W.BYTE[0].B.SEL0        -0.0000
 BLOCK[1].RAM32.SLICE[2].RAM8.WEBUF[0].X                       0.0000
 BLOCK[1].RAM32.DIBUF[3].X                                    -0.0000
 BLOCK[0].RAM32.DIBUF[12].X                                   -0.0000
 BLOCK[1].RAM32.SLICE[1].RAM8.WORD[4].W.BYTE[3].B.SEL0_B      -0.0000
 BLOCK[1].RAM32.SLICE[3].RAM8.WORD[5].W.BYTE[0].B.SEL0        -0.0000
 BLOCK[1].RAM32.SLICE[2].RAM8.DEC0.A_buf[2]                   -0.0000
 BLOCK[1].RAM32.SLICE[3].RAM8.WORD[4].W.BYTE[0].B.SEL0        -0.0000
 BLOCK[1].RAM32.SLICE[0].RAM8.WORD[5].W.BYTE[0].B.SEL0_B      -0.0000
 BLOCK[1].RAM32.SLICE[3].RAM8.WORD[1].W.BYTE[0].B.SEL0        -0.0000
 BLOCK[1].RAM32.DIBUF[31].X                                   -0.0000
 BLOCK[1].RAM32.SLICE[3].RAM8.WORD[0].W.BYTE[0].B.SEL0        -0.0000
 BLOCK[1].RAM32.SLICE[0].RAM8.WORD[1].W.BYTE[2].B.SEL0_B      -0.0000
 BLOCK[1].RAM32.SLICE[1].RAM8.WEBUF[2].X                       0.0000
 BLOCK[0].RAM32.SLICE[3].RAM8.WORD[7].W.BYTE[2].B.SEL0_B      -0.0000
 BLOCK[0].RAM32.SLICE[3].RAM8.WORD[6].W.BYTE[0].B.SEL0_B      -0.0000
 BLOCK[0].RAM32.SLICE[3].RAM8.WORD[4].W.BYTE[3].B.SEL0_B      -0.0000
 BLOCK[1].RAM32.SLICE[1].RAM8.WEBUF[1].X                       0.0000
 BLOCK[1].RAM32.DIBUF[30].X                                   -0.0000
 BLOCK[0].RAM32.SLICE[3].RAM8.WORD[3].W.BYTE[3].B.SEL0_B      -0.0000
 BLOCK[0].RAM32.SLICE[3].RAM8.WORD[2].W.BYTE[0].B.SEL0_B      -0.0000
 BLOCK[0].RAM32.SLICE[3].RAM8.WORD[1].W.BYTE[0].B.SEL0_B      -0.0000
 BLOCK[0].RAM32.SLICE[2].RAM8.WORD[5].W.BYTE[3].B.SEL0_B      -0.0000
 BLOCK[0].RAM32.SLICE[2].RAM8.WORD[5].W.BYTE[1].B.SEL0_B      -0.0000
 BLOCK[0].RAM32.SLICE[2].RAM8.WORD[3].W.BYTE[3].B.SEL0_B      -0.0000
 BLOCK[1].RAM32.DIBUF[2].X                                    -0.0000
 BLOCK[0].RAM32.SLICE[2].RAM8.WORD[1].W.BYTE[2].B.SEL0_B      -0.0000
 BLOCK[0].RAM32.SLICE[2].RAM8.WORD[0].W.BYTE[3].B.SEL0_B      -0.0000
 BLOCK[0].RAM32.SLICE[1].RAM8.WORD[7].W.BYTE[0].B.SEL0_B      -0.0000
 BLOCK[0].RAM32.SLICE[1].RAM8.WORD[5].W.BYTE[1].B.SEL0_B      -0.0000
 BLOCK[0].RAM32.SLICE[1].RAM8.WORD[2].W.BYTE[3].B.SEL0_B      -0.0000
 BLOCK[0].RAM32.SLICE[1].RAM8.WORD[1].W.BYTE[1].B.SEL0_B      -0.0000
 BLOCK[1].RAM32.SLICE[1].RAM8.WORD[3].W.BYTE[0].B.SEL0        -0.0000
 BLOCK[1].RAM32.DIBUF[29].X                                   -0.0000
 BLOCK[0].RAM32.DIBUF[11].X                                   -0.0000
 BLOCK[0].RAM32.DIBUF[10].X                                   -0.0000
 BLOCK[0].RAM32.DIBUF[21].A                                   -0.0000
 BLOCK[0].RAM32.SLICE[0].RAM8.WORD[7].W.BYTE[0].B.SEL0_B      -0.0000
 BLOCK[0].RAM32.SLICE[0].RAM8.WORD[4].W.BYTE[1].B.SEL0_B      -0.0000
 BLOCK[1].RAM32.SLICE[1].RAM8.WORD[0].W.BYTE[0].B.SEL0        -0.0000
 BLOCK[0].RAM32.SLICE[0].RAM8.WORD[2].W.BYTE[3].B.SEL0_B      -0.0000
 BLOCK[0].RAM32.SLICE[0].RAM8.WORD[0].W.BYTE[1].B.SEL0_B      -0.0000
 BLOCK[1].RAM32.SLICE[0].RAM8.WORD[7].W.BYTE[0].B.SEL0        -0.0000
 BLOCK[1].RAM32.DIBUF[28].X                                   -0.0000
 Do0[1]                                                       -0.0000
 Do0[11]                                                      -0.0000
 Do0[22]                                                      -0.0000
 Do0[25]                                                      -0.0000
 BLOCK[1].RAM32.SLICE[0].RAM8.WORD[2].W.BYTE[0].B.SEL0        -0.0000
 BLOCK[1].RAM32.DIBUF[27].X                                   -0.0000
 Do0[30]                                                      -0.0000
 BLOCK[1].RAM32.SLICE[0].RAM8.WORD[0].W.BYTE[0].B.SEL0        -0.0000
 Do0MUX.SEL1[2]                                               -0.0000
 BLOCK[1].RAM32.DEC0.EN                                       -0.0000
 BLOCK[3].RAM32.Do0[5]                                         0.0000
 BLOCK[0].RAM32.SLICE[2].RAM8.WORD[6].W.BYTE[0].B.SEL0        -0.0000
 BLOCK[0].RAM32.SLICE[3].RAM8.WEBUF[3].X                       0.0000
 BLOCK[3].RAM32.Do0[27]                                       -0.0000
 BLOCK[0].RAM32.SLICE[2].RAM8.WORD[4].W.BYTE[0].B.SEL0        -0.0000
 BLOCK[0].RAM32.SLICE[3].RAM8.WEBUF[2].X                       0.0000
 BLOCK[1].RAM32.DIBUF[26].X                                   -0.0000
 BLOCK[1].RAM32.DIBUF[25].X                                   -0.0000
 BLOCK[3].RAM32.Do0[24]                                        0.0000
 BLOCK[0].RAM32.SLICE[2].RAM8.WORD[2].W.BYTE[0].B.SEL0        -0.0000
 BLOCK[3].RAM32.Do0[20]                                       -0.0000
 BLOCK[3].RAM32.Do0[19]                                        0.0000
 BLOCK[0].RAM32.SLICE[2].RAM8.WORD[0].W.BYTE[0].B.SEL0        -0.0000
 BLOCK[1].RAM32.DIBUF[24].X                                   -0.0000
 BLOCK[3].RAM32.Do0[17]                                       -0.0000
 BLOCK[3].RAM32.Do0[16]                                       -0.0000
 BLOCK[0].RAM32.SLICE[1].RAM8.WORD[1].W.BYTE[0].B.SEL0        -0.0000
 BLOCK[3].RAM32.Do0[13]                                       -0.0000
 BLOCK[3].RAM32.Do0[12]                                        0.0000
 BLOCK[0].RAM32.SLICE[1].RAM8.WORD[0].W.BYTE[0].B.SEL0        -0.0000
 BLOCK[0].RAM32.SLICE[0].RAM8.WORD[7].W.BYTE[0].B.SEL0        -0.0000
 BLOCK[1].RAM32.DIBUF[23].X                                   -0.0000
 BLOCK[0].RAM32.SLICE[0].RAM8.WORD[5].W.BYTE[0].B.SEL0        -0.0000
 BLOCK[2].RAM32.Do0[8]                                        -0.0000
 BLOCK[0].RAM32.SLICE[0].RAM8.WORD[4].W.BYTE[0].B.SEL0        -0.0000
 BLOCK[3].RAM32.SLICE[3].RAM8.WORD[7].W.SEL0                  -0.0000
 BLOCK[0].RAM32.SLICE[2].RAM8.WEBUF[3].X                       0.0000
 BLOCK[1].RAM32.DIBUF[22].X                                   -0.0000
 BLOCK[0].RAM32.SLICE[2].RAM8.WEBUF[2].X                       0.0000
 BLOCK[1].RAM32.DIBUF[21].X                                   -0.0000
 BLOCK[0].RAM32.A0BUF[2].X                                    -0.0000
 BLOCK[0].RAM32.DIBUF[20].A                                   -0.0000
 BLOCK[3].RAM32.SLICE[3].RAM8.WORD[2].W.SEL0                  -0.0000
 BLOCK[3].RAM32.SLICE[3].RAM8.WORD[1].W.SEL0                  -0.0000
 BLOCK[0].RAM32.SLICE[2].RAM8.WEBUF[0].X                       0.0000
 BLOCK[1].RAM32.DIBUF[1].X                                    -0.0000
 BLOCK[1].RAM32.Do0[9]                                        -0.0000
 BLOCK[3].RAM32.SLICE[2].RAM8.WORD[3].W.SEL0                  -0.0000
 BLOCK[1].RAM32.DIBUF[19].X                                   -0.0000
 BLOCK[1].RAM32.Do0[31]                                        0.0000
 BLOCK[1].RAM32.Do0[30]                                       -0.0000
 BLOCK[3].RAM32.SLICE[1].RAM8.WORD[7].W.SEL0                  -0.0000
 BLOCK[1].RAM32.Do0[28]                                        0.0000
 BLOCK[1].RAM32.Do0[27]                                       -0.0000
 BLOCK[1].RAM32.Do0[26]                                        0.0000
 BLOCK[3].RAM32.SLICE[1].RAM8.WORD[4].W.SEL0                  -0.0000
 BLOCK[1].RAM32.Do0[24]                                        0.0000
 BLOCK[1].RAM32.Do0[23]                                        0.0000
 BLOCK[3].RAM32.SLICE[1].RAM8.WORD[3].W.SEL0                  -0.0000
 BLOCK[1].RAM32.Do0[18]                                        0.0000
 BLOCK[3].RAM32.SLICE[1].RAM8.WORD[1].W.SEL0                   0.0000
 BLOCK[1].RAM32.DIBUF[18].X                                   -0.0000
 BLOCK[1].RAM32.DIBUF[17].X                                   -0.0000
 BLOCK[1].RAM32.Do0[17]                                        0.0000
 BLOCK[1].RAM32.Do0[15]                                        0.0000
 BLOCK[1].RAM32.Do0[10]                                       -0.0000
 BLOCK[3].RAM32.SLICE[0].RAM8.WORD[3].W.SEL0                  -0.0000
 BLOCK[3].RAM32.SLICE[0].RAM8.WORD[1].W.SEL0                  -0.0000
 BLOCK[0].RAM32.Do0[3]                                        -0.0000
 BLOCK[2].RAM32.SLICE[3].RAM8.WORD[6].W.SEL0                  -0.0000
 BLOCK[1].RAM32.DIBUF[16].X                                   -0.0000
 BLOCK[0].RAM32.Do0[29]                                        0.0000
 BLOCK[2].RAM32.SLICE[3].RAM8.WORD[5].W.SEL0                  -0.0000
 BLOCK[0].RAM32.Do0[26]                                       -0.0000
 BLOCK[2].RAM32.SLICE[3].RAM8.WORD[3].W.SEL0                  -0.0000
 BLOCK[2].RAM32.SLICE[3].RAM8.WORD[2].W.SEL0                   0.0000
 BLOCK[0].RAM32.Do0[23]                                       -0.0000
 BLOCK[0].RAM32.Do0[22]                                        0.0000
 BLOCK[0].RAM32.Do0[18]                                        0.0000
 BLOCK[2].RAM32.SLICE[2].RAM8.WORD[4].W.SEL0                  -0.0000
 BLOCK[0].RAM32.DEC0.EN                                       -0.0000
 BLOCK[1].RAM32.DIBUF[14].X                                   -0.0000
 BLOCK[1].RAM32.DIBUF[13].X                                   -0.0000
 BLOCK[0].RAM32.WEBUF[2].A                                     0.0000
 BLOCK[0].RAM32.DIBUF[17].A                                   -0.0000
 A0BUF[4].X                                                   -0.0000
 BLOCK[0].RAM32.Do0[16]                                        0.0000
 BLOCK[0].RAM32.Do0[12]                                       -0.0000
 BLOCK[0].RAM32.Do0[10]                                        0.0000
 BLOCK[3].RAM32.SLICE[3].RAM8.WORD[7].W.BYTE[0].B.WE0_WIRE     0.0000
 BLOCK[3].RAM32.SLICE[0].RAM8.WEBUF[0].A                       0.0000
 BLOCK[1].RAM32.DIBUF[12].X                                   -0.0000
 BLOCK[3].RAM32.SLICE[3].RAM8.WORD[6].W.BYTE[1].B.WE0_WIRE     0.0000
 BLOCK[3].RAM32.SLICE[3].RAM8.WORD[5].W.BYTE[3].B.WE0_WIRE     0.0000
 BLOCK[2].RAM32.SLICE[1].RAM8.WORD[3].W.SEL0                  -0.0000
 BLOCK[3].RAM32.SLICE[3].RAM8.WORD[5].W.BYTE[1].B.WE0_WIRE     0.0000
 BLOCK[3].RAM32.SLICE[3].RAM8.WORD[3].W.BYTE[3].B.WE0_WIRE     0.0000
 BLOCK[2].RAM32.SLICE[1].RAM8.WORD[1].W.SEL0                  -0.0000
 BLOCK[3].RAM32.DIBUF[8].X                                    -0.0000
 BLOCK[1].RAM32.DIBUF[11].X                                   -0.0000
 BLOCK[3].RAM32.SLICE[3].RAM8.WORD[3].W.BYTE[1].B.WE0_WIRE     0.0000
 BLOCK[3].RAM32.SLICE[3].RAM8.WORD[2].W.BYTE[1].B.WE0_WIRE     0.0000
 BLOCK[3].RAM32.DIBUF[7].X                                    -0.0000
 BLOCK[3].RAM32.SLICE[3].RAM8.WORD[2].W.BYTE[0].B.WE0_WIRE     0.0000
 BLOCK[3].RAM32.SLICE[2].RAM8.WORD[7].W.BYTE[3].B.WE0_WIRE     0.0000
 BLOCK[2].RAM32.SLICE[0].RAM8.WORD[4].W.SEL0                  -0.0000
 BLOCK[1].RAM32.DIBUF[10].X                                   -0.0000
 BLOCK[2].RAM32.SLICE[0].RAM8.WORD[2].W.SEL0                   0.0000
 BLOCK[3].RAM32.SLICE[2].RAM8.WORD[4].W.BYTE[3].B.WE0_WIRE     0.0000
 BLOCK[3].RAM32.DIBUF[4].X                                    -0.0000
 BLOCK[3].RAM32.SLICE[2].RAM8.WORD[3].W.BYTE[3].B.WE0_WIRE     0.0000
 BLOCK[3].RAM32.SLICE[2].RAM8.WORD[3].W.BYTE[0].B.WE0_WIRE     0.0000
 BLOCK[1].RAM32.SLICE[3].RAM8.WORD[6].W.SEL0                  -0.0000
 BLOCK[3].RAM32.DIBUF[3].X                                    -0.0000
 BLOCK[1].RAM32.DIBUF[0].X                                    -0.0000
 BLOCK[0].RAM32.WEBUF[0].A                                     0.0000
 BLOCK[1].RAM32.SLICE[3].RAM8.WORD[5].W.SEL0                   0.0000
 BLOCK[3].RAM32.SLICE[1].RAM8.WORD[7].W.BYTE[1].B.WE0_WIRE     0.0000
 BLOCK[3].RAM32.DIBUF[31].X                                   -0.0000
 BLOCK[1].RAM32.SLICE[3].RAM8.WORD[2].W.SEL0                  -0.0000
 BLOCK[3].RAM32.SLICE[1].RAM8.WORD[4].W.BYTE[3].B.WE0_WIRE     0.0000
 BLOCK[1].RAM32.SLICE[3].RAM8.WORD[1].W.SEL0                   0.0000
 BLOCK[3].RAM32.DIBUF[30].X                                   -0.0000
 BLOCK[3].RAM32.SLICE[1].RAM8.WORD[4].W.BYTE[0].B.WE0_WIRE     0.0000
 BLOCK[3].RAM32.SLICE[1].RAM8.WORD[3].W.BYTE[2].B.WE0_WIRE     0.0000
 BLOCK[3].RAM32.DIBUF[2].X                                    -0.0000
 BLOCK[3].RAM32.SLICE[1].RAM8.WORD[1].W.BYTE[0].B.WE0_WIRE     0.0000
 BLOCK[1].RAM32.SLICE[2].RAM8.WORD[5].W.SEL0                  -0.0000
 BLOCK[3].RAM32.DIBUF[29].X                                   -0.0000
 BLOCK[1].RAM32.A0BUF[3].X                                    -0.0000
 BLOCK[1].RAM32.SLICE[2].RAM8.WORD[4].W.SEL0                  -0.0000
 BLOCK[1].RAM32.SLICE[2].RAM8.WORD[3].W.SEL0                  -0.0000
 BLOCK[3].RAM32.DIBUF[28].X                                   -0.0000
 BLOCK[3].RAM32.SLICE[0].RAM8.WORD[5].W.BYTE[3].B.WE0_WIRE     0.0000
 BLOCK[3].RAM32.SLICE[0].RAM8.WORD[5].W.BYTE[0].B.WE0_WIRE     0.0000
 BLOCK[3].RAM32.SLICE[0].RAM8.WORD[3].W.BYTE[1].B.WE0_WIRE     0.0000
 BLOCK[3].RAM32.DIBUF[27].X                                   -0.0000
 BLOCK[3].RAM32.SLICE[0].RAM8.WORD[3].W.BYTE[0].B.WE0_WIRE     0.0000
 BLOCK[3].RAM32.SLICE[0].RAM8.WORD[2].W.BYTE[2].B.WE0_WIRE     0.0000
 BLOCK[3].RAM32.SLICE[0].RAM8.WORD[1].W.BYTE[1].B.WE0_WIRE     0.0000
 BLOCK[3].RAM32.SLICE[0].RAM8.WORD[0].W.BYTE[2].B.WE0_WIRE     0.0000
 BLOCK[2].RAM32.SLICE[3].RAM8.WORD[7].W.BYTE[3].B.WE0_WIRE     0.0000
 BLOCK[2].RAM32.SLICE[3].RAM8.WORD[7].W.BYTE[2].B.WE0_WIRE     0.0000
 BLOCK[1].RAM32.SLICE[1].RAM8.WORD[2].W.SEL0                   0.0000
 BLOCK[3].RAM32.DIBUF[26].X                                   -0.0000
 BLOCK[3].RAM32.DIBUF[24].X                                   -0.0000
 BLOCK[1].RAM32.A0BUF[1].X                                    -0.0000
 BLOCK[3].RAM32.SLICE[0].RAM8.WORD[6].W.BYTE[3].B.WE0_WIRE     0.0000
 BLOCK[3].RAM32.SLICE[0].RAM8.WORD[7].W.BYTE[1].B.WE0_WIRE     0.0000
 BLOCK[3].RAM32.SLICE[1].RAM8.WORD[0].W.BYTE[0].B.WE0_WIRE     0.0000
 BLOCK[3].RAM32.SLICE[1].RAM8.WORD[0].W.BYTE[1].B.WE0_WIRE     0.0000
 BLOCK[3].RAM32.SLICE[1].RAM8.WORD[0].W.BYTE[2].B.WE0_WIRE     0.0000
 BLOCK[0].RAM32.DIBUF[8].A                                    -0.0000
 BLOCK[2].RAM32.SLICE[3].RAM8.WORD[7].W.BYTE[1].B.WE0_WIRE     0.0000
 BLOCK[2].RAM32.SLICE[3].RAM8.WORD[6].W.BYTE[3].B.WE0_WIRE     0.0000
 BLOCK[2].RAM32.SLICE[3].RAM8.WORD[6].W.BYTE[2].B.WE0_WIRE     0.0000
 BLOCK[2].RAM32.SLICE[3].RAM8.WORD[6].W.BYTE[1].B.WE0_WIRE     0.0000
 BLOCK[3].RAM32.SLICE[1].RAM8.WORD[3].W.BYTE[3].B.WE0_WIRE     0.0000
 BLOCK[2].RAM32.SLICE[3].RAM8.WORD[5].W.BYTE[2].B.WE0_WIRE     0.0000
 BLOCK[3].RAM32.SLICE[1].RAM8.WORD[4].W.BYTE[2].B.WE0_WIRE     0.0000
 BLOCK[1].RAM32.SLICE[0].RAM8.WORD[7].W.SEL0                   0.0000
 BLOCK[3].RAM32.SLICE[1].RAM8.WORD[5].W.BYTE[2].B.WE0_WIRE     0.0000
 BLOCK[3].RAM32.SLICE[1].RAM8.WORD[6].W.BYTE[3].B.WE0_WIRE     0.0000
 BLOCK[3].RAM32.SLICE[1].RAM8.WORD[7].W.BYTE[0].B.WE0_WIRE     0.0000
 BLOCK[2].RAM32.SLICE[3].RAM8.WORD[5].W.BYTE[0].B.WE0_WIRE     0.0000
 BLOCK[2].RAM32.SLICE[3].RAM8.WORD[4].W.BYTE[3].B.WE0_WIRE     0.0000
 BLOCK[3].RAM32.SLICE[2].RAM8.WORD[1].W.BYTE[3].B.WE0_WIRE     0.0000
 BLOCK[3].RAM32.SLICE[2].RAM8.WORD[2].W.BYTE[2].B.WE0_WIRE     0.0000
 BLOCK[1].RAM32.SLICE[0].RAM8.WORD[6].W.SEL0                  -0.0000
 BLOCK[3].RAM32.SLICE[2].RAM8.WORD[3].W.BYTE[1].B.WE0_WIRE     0.0000
 BLOCK[3].RAM32.DIBUF[22].X                                   -0.0000
 BLOCK[3].RAM32.SLICE[2].RAM8.WORD[4].W.BYTE[0].B.WE0_WIRE     0.0000
 BLOCK[2].RAM32.SLICE[3].RAM8.WORD[3].W.BYTE[2].B.WE0_WIRE     0.0000
 BLOCK[3].RAM32.SLICE[2].RAM8.WORD[5].W.BYTE[1].B.WE0_WIRE     0.0000
 BLOCK[3].RAM32.SLICE[2].RAM8.WORD[5].W.BYTE[2].B.WE0_WIRE     0.0000
 BLOCK[3].RAM32.SLICE[2].RAM8.WORD[6].W.BYTE[1].B.WE0_WIRE     0.0000
 BLOCK[2].RAM32.SLICE[3].RAM8.WORD[3].W.BYTE[0].B.WE0_WIRE     0.0000
 BLOCK[3].RAM32.SLICE[3].RAM8.WORD[0].W.BYTE[3].B.WE0_WIRE     0.0000
 BLOCK[1].RAM32.SLICE[0].RAM8.WORD[5].W.SEL0                   0.0000
 BLOCK[2].RAM32.SLICE[3].RAM8.WORD[2].W.BYTE[3].B.WE0_WIRE     0.0000
 BLOCK[2].RAM32.SLICE[3].RAM8.WORD[0].W.BYTE[3].B.WE0_WIRE     0.0000
 BLOCK[3].RAM32.SLICE[3].RAM8.WORD[2].W.BYTE[3].B.WE0_WIRE     0.0000
 BLOCK[1].RAM32.SLICE[0].RAM8.WORD[4].W.SEL0                  -0.0000
 BLOCK[3].RAM32.SLICE[3].RAM8.WORD[3].W.BYTE[2].B.WE0_WIRE     0.0000
 BLOCK[2].RAM32.SLICE[2].RAM8.WORD[7].W.BYTE[3].B.WE0_WIRE     0.0000
 BLOCK[3].RAM32.SLICE[3].RAM8.WORD[4].W.BYTE[3].B.WE0_WIRE     0.0000
 BLOCK[2].RAM32.SLICE[2].RAM8.WORD[6].W.BYTE[2].B.WE0_WIRE     0.0000
 BLOCK[2].RAM32.SLICE[2].RAM8.WORD[5].W.BYTE[2].B.WE0_WIRE     0.0000
 BLOCK[2].RAM32.SLICE[2].RAM8.WORD[5].W.BYTE[1].B.WE0_WIRE     0.0000
 BLOCK[3].RAM32.SLICE[3].RAM8.WORD[6].W.BYTE[0].B.WE0_WIRE     0.0000
 BLOCK[1].RAM32.SLICE[0].RAM8.WORD[2].W.SEL0                  -0.0000
 BLOCK[3].RAM32.SLICE[3].RAM8.WORD[6].W.BYTE[2].B.WE0_WIRE     0.0000
 BLOCK[3].RAM32.DIBUF[20].X                                   -0.0000
 BLOCK[2].RAM32.SLICE[2].RAM8.WORD[5].W.BYTE[0].B.WE0_WIRE     0.0000
 BLOCK[2].RAM32.SLICE[2].RAM8.WORD[4].W.BYTE[0].B.WE0_WIRE     0.0000
 BLOCK[0].RAM32.Do0[11]                                       -0.0000
 BLOCK[2].RAM32.SLICE[2].RAM8.WORD[2].W.BYTE[3].B.WE0_WIRE     0.0000
 BLOCK[2].RAM32.SLICE[2].RAM8.WORD[2].W.BYTE[2].B.WE0_WIRE     0.0000
 BLOCK[2].RAM32.SLICE[2].RAM8.WORD[2].W.BYTE[1].B.WE0_WIRE     0.0000
 BLOCK[2].RAM32.SLICE[2].RAM8.WORD[2].W.BYTE[0].B.WE0_WIRE     0.0000
 BLOCK[2].RAM32.SLICE[2].RAM8.WORD[1].W.BYTE[1].B.WE0_WIRE     0.0000
 BLOCK[2].RAM32.SLICE[2].RAM8.WORD[0].W.BYTE[3].B.WE0_WIRE     0.0000
 BLOCK[3].RAM32.DIBUF[19].X                                   -0.0000
 BLOCK[2].RAM32.SLICE[2].RAM8.WORD[0].W.BYTE[2].B.WE0_WIRE     0.0000
 BLOCK[2].RAM32.SLICE[1].RAM8.WORD[6].W.BYTE[2].B.WE0_WIRE     0.0000
 BLOCK[2].RAM32.SLICE[1].RAM8.WORD[5].W.BYTE[2].B.WE0_WIRE     0.0000
 BLOCK[2].RAM32.SLICE[1].RAM8.WORD[5].W.BYTE[1].B.WE0_WIRE     0.0000
 BLOCK[2].RAM32.SLICE[1].RAM8.WORD[3].W.BYTE[1].B.WE0_WIRE     0.0000
 BLOCK[2].RAM32.SLICE[1].RAM8.WORD[2].W.BYTE[2].B.WE0_WIRE     0.0000
 BLOCK[3].RAM32.DIBUF[16].X                                   -0.0000
 BLOCK[3].RAM32.DIBUF[15].X                                   -0.0000
 BLOCK[0].RAM32.SLICE[0].RAM8.WEBUF[2].A                       0.0000
 BLOCK[2].RAM32.SLICE[1].RAM8.WORD[2].W.BYTE[1].B.WE0_WIRE     0.0000
 BLOCK[2].RAM32.SLICE[1].RAM8.WORD[1].W.BYTE[2].B.WE0_WIRE     0.0000
 BLOCK[2].RAM32.SLICE[1].RAM8.WORD[1].W.BYTE[0].B.WE0_WIRE     0.0000
 BLOCK[0].RAM32.SLICE[2].RAM8.WORD[7].W.SEL0                  -0.0000
 BLOCK[3].RAM32.DIBUF[14].X                                   -0.0000
 BLOCK[2].RAM32.SLICE[0].RAM8.WORD[7].W.BYTE[1].B.WE0_WIRE     0.0000
 BLOCK[2].RAM32.SLICE[0].RAM8.WORD[6].W.BYTE[3].B.WE0_WIRE     0.0000
 BLOCK[2].RAM32.SLICE[0].RAM8.WORD[6].W.BYTE[1].B.WE0_WIRE     0.0000
 BLOCK[2].RAM32.SLICE[0].RAM8.WORD[5].W.BYTE[3].B.WE0_WIRE     0.0000
 BLOCK[3].RAM32.DIBUF[13].X                                   -0.0000
 BLOCK[2].RAM32.SLICE[0].RAM8.WORD[5].W.BYTE[1].B.WE0_WIRE     0.0000
 BLOCK[0].RAM32.Do0[9]                                        -0.0000
 BLOCK[2].RAM32.SLICE[0].RAM8.WORD[5].W.BYTE[0].B.WE0_WIRE     0.0000
 BLOCK[3].RAM32.DIBUF[12].X                                   -0.0000
 BLOCK[2].RAM32.SLICE[0].RAM8.WORD[3].W.BYTE[3].B.WE0_WIRE     0.0000
 BLOCK[2].RAM32.SLICE[0].RAM8.WORD[3].W.BYTE[1].B.WE0_WIRE     0.0000
 BLOCK[2].RAM32.SLICE[0].RAM8.WORD[2].W.BYTE[3].B.WE0_WIRE     0.0000
 BLOCK[0].RAM32.SLICE[2].RAM8.WORD[1].W.SEL0                  -0.0000
 BLOCK[3].RAM32.DIBUF[11].X                                   -0.0000
 BLOCK[0].RAM32.DIBUF[9].X                                    -0.0000
 BLOCK[2].RAM32.SLICE[0].RAM8.WORD[2].W.BYTE[0].B.WE0_WIRE     0.0000
 BLOCK[2].RAM32.SLICE[0].RAM8.WORD[1].W.BYTE[1].B.WE0_WIRE     0.0000
 BLOCK[0].RAM32.SLICE[1].RAM8.WORD[6].W.SEL0                   0.0000
 BLOCK[2].RAM32.SLICE[0].RAM8.WORD[1].W.BYTE[0].B.WE0_WIRE     0.0000
 BLOCK[0].RAM32.SLICE[1].RAM8.WORD[5].W.SEL0                   0.0000
 BLOCK[3].RAM32.DIBUF[10].X                                   -0.0000
 BLOCK[2].RAM32.SLICE[0].RAM8.WORD[0].W.BYTE[0].B.WE0_WIRE     0.0000
 BLOCK[1].RAM32.SLICE[3].RAM8.WORD[7].W.BYTE[3].B.WE0_WIRE     0.0000
 BLOCK[0].RAM32.SLICE[1].RAM8.WORD[4].W.SEL0                   0.0000
 BLOCK[1].RAM32.SLICE[3].RAM8.WORD[7].W.BYTE[2].B.WE0_WIRE     0.0000
 BLOCK[1].RAM32.SLICE[3].RAM8.WORD[6].W.BYTE[0].B.WE0_WIRE     0.0000
 BLOCK[0].RAM32.SLICE[1].RAM8.WORD[2].W.SEL0                  -0.0000
 BLOCK[3].RAM32.DIBUF[0].X                                    -0.0000
 BLOCK[1].RAM32.SLICE[3].RAM8.WORD[5].W.BYTE[0].B.WE0_WIRE     0.0000
 BLOCK[1].RAM32.SLICE[3].RAM8.WORD[4].W.BYTE[3].B.WE0_WIRE     0.0000
 BLOCK[1].RAM32.SLICE[3].RAM8.WORD[4].W.BYTE[1].B.WE0_WIRE     0.0000
 BLOCK[0].RAM32.SLICE[0].RAM8.WORD[7].W.SEL0                  -0.0000
 BLOCK[1].RAM32.SLICE[3].RAM8.WORD[3].W.BYTE[0].B.WE0_WIRE     0.0000
 BLOCK[1].RAM32.SLICE[3].RAM8.WORD[2].W.BYTE[3].B.WE0_WIRE     0.0000
 BLOCK[1].RAM32.SLICE[3].RAM8.WORD[2].W.BYTE[2].B.WE0_WIRE     0.0000
 BLOCK[0].RAM32.SLICE[0].RAM8.WORD[6].W.SEL0                  -0.0000
 BLOCK[0].RAM32.SLICE[0].RAM8.WORD[5].W.SEL0                   0.0000
 BLOCK[3].RAM32.A0BUF[4].X                                    -0.0000
 BLOCK[0].RAM32.DIBUF[8].X                                    -0.0000
 BLOCK[0].RAM32.DIBUF[6].A                                    -0.0000
 BLOCK[0].RAM32.DIBUF[4].A                                    -0.0000
 BLOCK[1].RAM32.SLICE[3].RAM8.WORD[2].W.BYTE[0].B.WE0_WIRE     0.0000
 BLOCK[1].RAM32.SLICE[3].RAM8.WORD[1].W.BYTE[2].B.WE0_WIRE     0.0000
 BLOCK[2].RAM32.Do0[1]                                         0.0000
 BLOCK[1].RAM32.SLICE[3].RAM8.WORD[1].W.BYTE[1].B.WE0_WIRE     0.0000
 BLOCK[2].RAM32.Do0[22]                                       -0.0000
 BLOCK[1].RAM32.SLICE[3].RAM8.WORD[1].W.BYTE[0].B.WE0_WIRE     0.0000
 BLOCK[0].RAM32.SLICE[0].RAM8.WORD[4].W.SEL0                  -0.0000
 BLOCK[1].RAM32.SLICE[3].RAM8.WORD[0].W.BYTE[2].B.WE0_WIRE     0.0000
 BLOCK[1].RAM32.SLICE[3].RAM8.WORD[0].W.BYTE[1].B.WE0_WIRE     0.0000
 BLOCK[1].RAM32.SLICE[3].RAM8.WORD[0].W.BYTE[0].B.WE0_WIRE     0.0000
 BLOCK[1].RAM32.SLICE[2].RAM8.WORD[7].W.BYTE[3].B.WE0_WIRE     0.0000
 BLOCK[0].RAM32.SLICE[0].RAM8.WORD[0].W.SEL0                  -0.0000
 BLOCK[0].RAM32.DIBUF[6].X                                    -0.0000
 BLOCK[1].RAM32.SLICE[2].RAM8.WORD[7].W.BYTE[2].B.WE0_WIRE     0.0000
 BLOCK[1].RAM32.SLICE[2].RAM8.WORD[7].W.BYTE[0].B.WE0_WIRE     0.0000
 BLOCK[1].RAM32.SLICE[2].RAM8.WORD[6].W.BYTE[3].B.WE0_WIRE     0.0000
 BLOCK[1].RAM32.SLICE[2].RAM8.WORD[6].W.BYTE[1].B.WE0_WIRE     0.0000
 BLOCK[1].RAM32.SLICE[2].RAM8.WORD[6].W.BYTE[0].B.WE0_WIRE     0.0000
 BLOCK[1].RAM32.SLICE[2].RAM8.WORD[5].W.BYTE[2].B.WE0_WIRE     0.0000
 BLOCK[0].RAM32.DIBUF[5].X                                    -0.0000
 BLOCK[1].RAM32.SLICE[2].RAM8.WORD[5].W.BYTE[1].B.WE0_WIRE     0.0000
 BLOCK[1].RAM32.SLICE[2].RAM8.WORD[4].W.BYTE[3].B.WE0_WIRE     0.0000
 BLOCK[1].RAM32.SLICE[2].RAM8.WORD[4].W.BYTE[1].B.WE0_WIRE     0.0000
 BLOCK[1].RAM32.SLICE[2].RAM8.WORD[4].W.BYTE[0].B.WE0_WIRE     0.0000
 BLOCK[1].RAM32.SLICE[2].RAM8.WORD[3].W.BYTE[3].B.WE0_WIRE     0.0000
 BLOCK[1].RAM32.SLICE[2].RAM8.WORD[3].W.BYTE[1].B.WE0_WIRE     0.0000
 BLOCK[1].RAM32.SLICE[2].RAM8.WORD[3].W.BYTE[0].B.WE0_WIRE     0.0000
 BLOCK[1].RAM32.SLICE[2].RAM8.WORD[2].W.BYTE[3].B.WE0_WIRE     0.0000
 BLOCK[1].RAM32.SLICE[2].RAM8.WORD[2].W.BYTE[0].B.WE0_WIRE     0.0000
 BLOCK[2].RAM32.DIBUF[8].X                                    -0.0000
 BLOCK[1].RAM32.SLICE[2].RAM8.WORD[0].W.BYTE[2].B.WE0_WIRE     0.0000
 BLOCK[3].RAM32.Do0[1]                                         0.0000
 BLOCK[1].RAM32.SLICE[2].RAM8.WORD[0].W.BYTE[1].B.WE0_WIRE     0.0000
 BLOCK[2].RAM32.DIBUF[6].X                                    -0.0000
 BLOCK[0].RAM32.DIBUF[3].X                                    -0.0000
 BLOCK[0].RAM32.DIBUF[31].X                                   -0.0000
 BLOCK[1].RAM32.SLICE[2].RAM8.WORD[0].W.BYTE[0].B.WE0_WIRE     0.0000
 BLOCK[3].RAM32.Do0[25]                                        0.0000
 BLOCK[1].RAM32.SLICE[1].RAM8.WORD[6].W.BYTE[0].B.WE0_WIRE     0.0000
 BLOCK[2].RAM32.DIBUF[4].X                                    -0.0000
 BLOCK[1].RAM32.SLICE[1].RAM8.WORD[5].W.BYTE[3].B.WE0_WIRE     0.0000
 BLOCK[1].RAM32.SLICE[1].RAM8.WORD[5].W.BYTE[1].B.WE0_WIRE     0.0000
 BLOCK[1].RAM32.SLICE[1].RAM8.WORD[4].W.BYTE[3].B.WE0_WIRE     0.0000
 BLOCK[1].RAM32.SLICE[1].RAM8.WORD[4].W.BYTE[1].B.WE0_WIRE     0.0000
 BLOCK[2].RAM32.DIBUF[3].X                                    -0.0000
 BLOCK[3].RAM32.Do0[6]                                        -0.0000
 BLOCK[1].RAM32.SLICE[1].RAM8.WORD[3].W.BYTE[1].B.WE0_WIRE     0.0000
 BLOCK[1].RAM32.SLICE[1].RAM8.WORD[3].W.BYTE[0].B.WE0_WIRE     0.0000
 BLOCK[1].RAM32.SLICE[1].RAM8.WORD[2].W.BYTE[3].B.WE0_WIRE     0.0000
 BLOCK[2].RAM32.DIBUF[31].X                                   -0.0000
 BLOCK[1].RAM32.SLICE[1].RAM8.WORD[1].W.BYTE[2].B.WE0_WIRE     0.0000
 Do0[29]                                                      -0.0000
 BLOCK[1].RAM32.SLICE[0].RAM8.WORD[7].W.BYTE[2].B.WE0_WIRE     0.0000
 BLOCK[1].RAM32.SLICE[0].RAM8.WORD[7].W.BYTE[0].B.WE0_WIRE     0.0000
 BLOCK[2].RAM32.DIBUF[30].X                                   -0.0000
 BLOCK[0].RAM32.DIBUF[29].X                                   -0.0000
 BLOCK[1].RAM32.SLICE[0].RAM8.WORD[6].W.BYTE[3].B.WE0_WIRE     0.0000
 Do0[17]                                                      -0.0000
 BLOCK[1].RAM32.SLICE[0].RAM8.WORD[6].W.BYTE[1].B.WE0_WIRE     0.0000
 BLOCK[1].RAM32.SLICE[0].RAM8.WORD[5].W.BYTE[2].B.WE0_WIRE     0.0000
 BLOCK[2].RAM32.DIBUF[2].X                                    -0.0000
 BLOCK[1].RAM32.SLICE[0].RAM8.WORD[3].W.BYTE[3].B.WE0_WIRE     0.0000
 BLOCK[1].RAM32.SLICE[0].RAM8.WORD[3].W.BYTE[0].B.WE0_WIRE     0.0000
 BLOCK[1].RAM32.SLICE[0].RAM8.WORD[2].W.BYTE[3].B.WE0_WIRE     0.0000
 BLOCK[1].RAM32.SLICE[0].RAM8.WORD[1].W.BYTE[3].B.WE0_WIRE     0.0000
 BLOCK[0].RAM32.SLICE[0].RAM8.WORD[3].W.BYTE[0].B.SEL0_B      -0.0000
 BLOCK[2].RAM32.DIBUF[29].X                                   -0.0000
 BLOCK[0].RAM32.SLICE[0].RAM8.WORD[6].W.BYTE[3].B.SEL0_B      -0.0000
 BLOCK[1].RAM32.SLICE[0].RAM8.WORD[1].W.BYTE[1].B.WE0_WIRE     0.0000
 BLOCK[0].RAM32.SLICE[0].RAM8.WORD[7].W.BYTE[2].B.SEL0_B      -0.0000
 BLOCK[1].RAM32.SLICE[0].RAM8.WORD[0].W.BYTE[1].B.WE0_WIRE     0.0000
 BLOCK[0].RAM32.SLICE[3].RAM8.WORD[7].W.BYTE[2].B.WE0_WIRE     0.0000
 BLOCK[2].RAM32.DIBUF[28].X                                   -0.0000
 BLOCK[0].RAM32.SLICE[1].RAM8.WORD[6].W.BYTE[2].B.SEL0_B      -0.0000
 BLOCK[0].RAM32.SLICE[3].RAM8.WORD[7].W.BYTE[1].B.WE0_WIRE     0.0000
 BLOCK[0].RAM32.SLICE[3].RAM8.WORD[6].W.BYTE[1].B.WE0_WIRE     0.0000
 BLOCK[2].RAM32.DIBUF[27].X                                   -0.0000
 BLOCK[0].RAM32.SLICE[2].RAM8.WORD[3].W.BYTE[0].B.SEL0_B      -0.0000
 BLOCK[0].RAM32.DIBUF[28].X                                   -0.0000
 BLOCK[0].RAM32.DIBUF[27].X                                   -0.0000
 BLOCK[0].RAM32.DIBUF[29].A                                   -0.0000
 BLOCK[0].RAM32.SLICE[2].RAM8.WORD[7].W.BYTE[2].B.SEL0_B      -0.0000
 BLOCK[0].RAM32.SLICE[3].RAM8.WORD[5].W.BYTE[3].B.WE0_WIRE     0.0000
 BLOCK[0].RAM32.SLICE[3].RAM8.WORD[5].W.BYTE[2].B.WE0_WIRE     0.0000
 BLOCK[0].RAM32.SLICE[3].RAM8.WORD[5].W.BYTE[1].B.WE0_WIRE     0.0000
 BLOCK[0].RAM32.SLICE[3].RAM8.WORD[4].W.BYTE[0].B.SEL0_B      -0.0000
 BLOCK[0].RAM32.SLICE[3].RAM8.WORD[5].W.BYTE[0].B.WE0_WIRE     0.0000
 BLOCK[2].RAM32.DIBUF[26].X                                   -0.0000
 BLOCK[0].RAM32.SLICE[3].RAM8.WORD[4].W.BYTE[3].B.WE0_WIRE     0.0000
 BLOCK[1].RAM32.SLICE[0].RAM8.WORD[0].W.BYTE[1].B.SEL0_B      -0.0000
 BLOCK[0].RAM32.SLICE[3].RAM8.WORD[4].W.BYTE[1].B.WE0_WIRE     0.0000
 BLOCK[3].RAM32.SLICE[3].RAM8.WEBUF[0].X                       0.0000
 BLOCK[1].RAM32.SLICE[0].RAM8.WORD[2].W.BYTE[2].B.SEL0_B      -0.0000
 BLOCK[1].RAM32.SLICE[0].RAM8.WORD[2].W.BYTE[3].B.SEL0_B      -0.0000
 BLOCK[0].RAM32.SLICE[3].RAM8.WORD[4].W.BYTE[0].B.WE0_WIRE     0.0000
 BLOCK[1].RAM32.SLICE[0].RAM8.WORD[5].W.BYTE[2].B.SEL0_B      -0.0000
 BLOCK[1].RAM32.SLICE[1].RAM8.WORD[0].W.BYTE[2].B.SEL0_B      -0.0000
 BLOCK[1].RAM32.SLICE[1].RAM8.WORD[0].W.BYTE[3].B.SEL0_B      -0.0000
 BLOCK[1].RAM32.SLICE[1].RAM8.WORD[1].W.BYTE[1].B.SEL0_B      -0.0000
 BLOCK[1].RAM32.SLICE[1].RAM8.WORD[3].W.BYTE[3].B.SEL0_B      -0.0000
 BLOCK[0].RAM32.SLICE[3].RAM8.WORD[3].W.BYTE[3].B.WE0_WIRE     0.0000
 BLOCK[1].RAM32.SLICE[1].RAM8.WORD[6].W.BYTE[0].B.SEL0_B      -0.0000
 BLOCK[2].RAM32.DIBUF[25].X                                   -0.0000
 BLOCK[1].RAM32.SLICE[2].RAM8.WORD[0].W.BYTE[0].B.SEL0_B      -0.0000
 BLOCK[0].RAM32.DIBUF[25].X                                   -0.0000
 BLOCK[1].RAM32.SLICE[2].RAM8.WORD[2].W.BYTE[0].B.SEL0_B      -0.0000
 BLOCK[0].RAM32.SLICE[3].RAM8.WORD[3].W.BYTE[1].B.WE0_WIRE     0.0000
 BLOCK[0].RAM32.SLICE[3].RAM8.WORD[2].W.BYTE[0].B.WE0_WIRE     0.0000
 BLOCK[0].RAM32.SLICE[3].RAM8.WORD[1].W.BYTE[3].B.WE0_WIRE     0.0000
 BLOCK[1].RAM32.SLICE[2].RAM8.WORD[6].W.BYTE[3].B.SEL0_B      -0.0000
 BLOCK[1].RAM32.SLICE[2].RAM8.WORD[7].W.BYTE[1].B.SEL0_B      -0.0000
 BLOCK[1].RAM32.SLICE[3].RAM8.WORD[0].W.BYTE[0].B.SEL0_B      -0.0000
 BLOCK[3].RAM32.SLICE[3].RAM8.DEC0.A_buf[0]                   -0.0000
 BLOCK[1].RAM32.SLICE[3].RAM8.WORD[0].W.BYTE[3].B.SEL0_B      -0.0000
 BLOCK[2].RAM32.DIBUF[23].X                                   -0.0000
 BLOCK[1].RAM32.SLICE[3].RAM8.WORD[1].W.BYTE[3].B.SEL0_B      -0.0000
 BLOCK[0].RAM32.SLICE[3].RAM8.WORD[1].W.BYTE[1].B.WE0_WIRE     0.0000
 BLOCK[1].RAM32.SLICE[3].RAM8.WORD[4].W.BYTE[1].B.SEL0_B      -0.0000
 BLOCK[0].RAM32.SLICE[3].RAM8.WORD[1].W.BYTE[0].B.WE0_WIRE     0.0000
 BLOCK[0].RAM32.SLICE[3].RAM8.WORD[0].W.BYTE[3].B.WE0_WIRE     0.0000
 BLOCK[0].RAM32.SLICE[3].RAM8.WORD[0].W.BYTE[2].B.WE0_WIRE     0.0000
 BLOCK[2].RAM32.SLICE[0].RAM8.WORD[3].W.BYTE[2].B.SEL0_B      -0.0000
 BLOCK[2].RAM32.DIBUF[22].X                                   -0.0000
 BLOCK[0].RAM32.DIBUF[23].X                                   -0.0000
 BLOCK[0].RAM32.SLICE[3].RAM8.WORD[0].W.BYTE[1].B.WE0_WIRE     0.0000
 BLOCK[2].RAM32.SLICE[0].RAM8.WORD[6].W.BYTE[0].B.SEL0_B      -0.0000
 BLOCK[0].RAM32.SLICE[2].RAM8.WORD[7].W.BYTE[3].B.WE0_WIRE     0.0000
 BLOCK[2].RAM32.SLICE[1].RAM8.WORD[4].W.BYTE[0].B.SEL0_B      -0.0000
 BLOCK[0].RAM32.SLICE[2].RAM8.WORD[6].W.BYTE[3].B.WE0_WIRE     0.0000
 BLOCK[2].RAM32.SLICE[1].RAM8.WORD[7].W.BYTE[2].B.SEL0_B      -0.0000
 BLOCK[0].RAM32.SLICE[2].RAM8.WORD[6].W.BYTE[2].B.WE0_WIRE     0.0000
 BLOCK[2].RAM32.SLICE[2].RAM8.WORD[0].W.BYTE[2].B.SEL0_B      -0.0000
 BLOCK[2].RAM32.DIBUF[21].X                                   -0.0000
 BLOCK[2].RAM32.SLICE[2].RAM8.WORD[1].W.BYTE[0].B.SEL0_B      -0.0000
 BLOCK[0].RAM32.SLICE[2].RAM8.WORD[5].W.BYTE[2].B.WE0_WIRE     0.0000
 BLOCK[0].RAM32.SLICE[2].RAM8.WORD[5].W.BYTE[0].B.WE0_WIRE     0.0000
 BLOCK[3].RAM32.BYTE[3].FLOATBUF0[29].Z                       -0.0000
 BLOCK[2].RAM32.SLICE[2].RAM8.WORD[4].W.BYTE[0].B.SEL0_B      -0.0000
 BLOCK[0].RAM32.SLICE[2].RAM8.WORD[4].W.BYTE[1].B.WE0_WIRE     0.0000
 BLOCK[2].RAM32.DIBUF[20].X                                   -0.0000
 BLOCK[0].RAM32.DIBUF[22].X                                   -0.0000
 BLOCK[2].RAM32.SLICE[3].RAM8.WORD[2].W.BYTE[1].B.SEL0_B      -0.0000
 BLOCK[0].RAM32.SLICE[2].RAM8.WORD[4].W.BYTE[0].B.WE0_WIRE     0.0000
 BLOCK[3].RAM32.BYTE[2].FLOATBUF0[22].Z                       -0.0000
 BLOCK[0].RAM32.SLICE[2].RAM8.WORD[3].W.BYTE[3].B.WE0_WIRE     0.0000
 BLOCK[2].RAM32.SLICE[3].RAM8.WORD[5].W.BYTE[1].B.SEL0_B      -0.0000
 BLOCK[0].RAM32.SLICE[2].RAM8.WORD[3].W.BYTE[0].B.WE0_WIRE     0.0000
 BLOCK[0].RAM32.SLICE[2].RAM8.WORD[2].W.BYTE[3].B.WE0_WIRE     0.0000
 BLOCK[3].RAM32.SLICE[1].RAM8.WEBUF[0].X                       0.0000
 BLOCK[3].RAM32.SLICE[0].RAM8.WORD[0].W.BYTE[0].B.SEL0_B      -0.0000
 BLOCK[2].RAM32.DIBUF[18].X                                   -0.0000
 BLOCK[3].RAM32.SLICE[0].RAM8.WORD[1].W.BYTE[3].B.SEL0_B      -0.0000
 BLOCK[0].RAM32.SLICE[2].RAM8.WORD[2].W.BYTE[1].B.WE0_WIRE     0.0000
 BLOCK[3].RAM32.SLICE[0].RAM8.WORD[2].W.BYTE[2].B.SEL0_B      -0.0000
 BLOCK[3].RAM32.BYTE[1].FLOATBUF0[8].Z                        -0.0000
 BLOCK[0].RAM32.SLICE[2].RAM8.WORD[1].W.BYTE[3].B.WE0_WIRE     0.0000
 BLOCK[3].RAM32.BYTE[1].FLOATBUF0[11].Z                       -0.0000
 BLOCK[3].RAM32.SLICE[0].RAM8.WORD[7].W.BYTE[0].B.SEL0_B      -0.0000
 BLOCK[3].RAM32.BYTE[1].FLOATBUF0[10].Z                       -0.0000
 BLOCK[3].RAM32.BYTE[0].FLOATBUF0[6].Z                        -0.0000
 BLOCK[0].RAM32.SLICE[2].RAM8.WORD[0].W.BYTE[2].B.WE0_WIRE     0.0000
 BLOCK[3].RAM32.SLICE[1].RAM8.WORD[4].W.BYTE[3].B.SEL0_B      -0.0000
 BLOCK[2].RAM32.DIBUF[16].X                                   -0.0000
 BLOCK[0].RAM32.DIBUF[21].X                                   -0.0000
 BLOCK[0].RAM32.DIBUF[28].A                                   -0.0000
 BLOCK[3].RAM32.SLICE[2].RAM8.WORD[0].W.BYTE[2].B.SEL0_B      -0.0000
 BLOCK[0].RAM32.SLICE[2].RAM8.WORD[0].W.BYTE[1].B.WE0_WIRE     0.0000
 BLOCK[3].RAM32.BYTE[0].FLOATBUF0[2].Z                        -0.0000
 BLOCK[0].RAM32.SLICE[1].RAM8.WORD[7].W.BYTE[3].B.WE0_WIRE     0.0000
 BLOCK[3].RAM32.SLICE[2].RAM8.WORD[4].W.BYTE[1].B.SEL0_B      -0.0000
 BLOCK[0].RAM32.SLICE[1].RAM8.WORD[6].W.BYTE[2].B.WE0_WIRE     0.0000
 BLOCK[3].RAM32.SLICE[2].RAM8.WORD[5].W.BYTE[0].B.SEL0_B      -0.0000
 BLOCK[3].RAM32.SLICE[2].RAM8.WORD[6].W.BYTE[0].B.SEL0_B      -0.0000
 BLOCK[3].RAM32.SLICE[2].RAM8.WORD[6].W.BYTE[3].B.SEL0_B      -0.0000
 BLOCK[2].RAM32.BYTE[3].FLOATBUF0[24].Z                       -0.0000
 BLOCK[0].RAM32.SLICE[1].RAM8.WORD[6].W.BYTE[1].B.WE0_WIRE     0.0000
 BLOCK[2].RAM32.DIBUF[15].X                                   -0.0000
 BLOCK[3].RAM32.SLICE[3].RAM8.WORD[6].W.BYTE[0].B.SEL0_B      -0.0000
 BLOCK[2].RAM32.BYTE[2].FLOATBUF0[22].Z                       -0.0000
 BLOCK[2].RAM32.BYTE[2].FLOATBUF0[20].Z                       -0.0000
 BLOCK[0].RAM32.SLICE[1].RAM8.WORD[5].W.BYTE[1].B.WE0_WIRE     0.0000
 BLOCK[2].RAM32.BYTE[2].FLOATBUF0[18].Z                       -0.0000
 BLOCK[2].RAM32.BYTE[2].FLOATBUF0[17].Z                       -0.0000
 BLOCK[0].RAM32.SLICE[1].RAM8.WORD[4].W.BYTE[3].B.WE0_WIRE     0.0000
 BLOCK[0].RAM32.SLICE[1].RAM8.WORD[4].W.BYTE[2].B.WE0_WIRE     0.0000
 BLOCK[2].RAM32.DIBUF[14].X                                   -0.0000
 BLOCK[0].RAM32.SLICE[1].RAM8.WORD[4].W.BYTE[1].B.WE0_WIRE     0.0000
 BLOCK[0].RAM32.SLICE[1].RAM8.WORD[4].W.BYTE[0].B.WE0_WIRE     0.0000
 BLOCK[3].RAM32.SLICE[0].RAM8.DEC0.A_buf[1]                   -0.0000
 BLOCK[0].RAM32.SLICE[1].RAM8.WORD[3].W.BYTE[2].B.WE0_WIRE     0.0000
 BLOCK[2].RAM32.BYTE[0].FLOATBUF0[4].Z                        -0.0000
 BLOCK[0].RAM32.SLICE[1].RAM8.WORD[3].W.BYTE[1].B.WE0_WIRE     0.0000
 BLOCK[2].RAM32.DIBUF[13].X                                   -0.0000
 BLOCK[0].RAM32.BYTE[2].FLOATBUF0[16].Z                       -0.0000
 BLOCK[0].RAM32.SLICE[1].RAM8.WORD[2].W.BYTE[3].B.WE0_WIRE     0.0000
 BLOCK[0].RAM32.BYTE[2].FLOATBUF0[18].Z                       -0.0000
 BLOCK[1].RAM32.BYTE[3].FLOATBUF0[31].Z                       -0.0000
 BLOCK[0].RAM32.BYTE[2].FLOATBUF0[21].Z                       -0.0000
 BLOCK[0].RAM32.SLICE[1].RAM8.WORD[2].W.BYTE[2].B.WE0_WIRE     0.0000
 BLOCK[0].RAM32.SLICE[1].RAM8.WORD[2].W.BYTE[0].B.WE0_WIRE     0.0000
 BLOCK[1].RAM32.BYTE[3].FLOATBUF0[26].Z                       -0.0000
 BLOCK[0].RAM32.SLICE[1].RAM8.WORD[1].W.BYTE[1].B.WE0_WIRE     0.0000
 BLOCK[3].RAM32.DEC0.EN                                       -0.0000
 BLOCK[2].RAM32.DIBUF[12].X                                   -0.0000
 BLOCK[0].RAM32.DIBUF[20].X                                   -0.0000
 BLOCK[0].RAM32.SLICE[1].RAM8.WORD[1].W.BYTE[0].B.WE0_WIRE     0.0000
 BLOCK[1].RAM32.BYTE[2].FLOATBUF0[22].Z                       -0.0000
 BLOCK[0].RAM32.SLICE[1].RAM8.WORD[0].W.BYTE[3].B.WE0_WIRE     0.0000
 BLOCK[1].RAM32.BYTE[2].FLOATBUF0[19].Z                       -0.0000
 BLOCK[0].RAM32.SLICE[0].RAM8.WORD[7].W.BYTE[2].B.WE0_WIRE     0.0000
 BLOCK[0].RAM32.SLICE[0].RAM8.WORD[7].W.BYTE[0].B.WE0_WIRE     0.0000
 BLOCK[0].RAM32.SLICE[0].RAM8.WORD[6].W.BYTE[2].B.WE0_WIRE     0.0000
 BLOCK[1].RAM32.BYTE[1].FLOATBUF0[8].Z                        -0.0000
 BLOCK[1].RAM32.BYTE[1].FLOATBUF0[15].Z                       -0.0000
 BLOCK[0].RAM32.SLICE[0].RAM8.WORD[6].W.BYTE[1].B.WE0_WIRE     0.0000
 BLOCK[1].RAM32.BYTE[1].FLOATBUF0[14].Z                       -0.0000
 BLOCK[1].RAM32.BYTE[1].FLOATBUF0[12].Z                       -0.0000
 BLOCK[1].RAM32.BYTE[1].FLOATBUF0[11].Z                       -0.0000
 BLOCK[1].RAM32.BYTE[1].FLOATBUF0[10].Z                       -0.0000
 BLOCK[0].RAM32.SLICE[0].RAM8.WORD[5].W.BYTE[2].B.WE0_WIRE     0.0000
 BLOCK[1].RAM32.BYTE[1].FLOATBUF0[9].Z                        -0.0000
 BLOCK[1].RAM32.BYTE[2].FLOATBUF0[16].Z                       -0.0000
 BLOCK[0].RAM32.SLICE[0].RAM8.WORD[5].W.BYTE[1].B.WE0_WIRE     0.0000
 BLOCK[1].RAM32.BYTE[0].FLOATBUF0[7].Z                        -0.0000
 BLOCK[1].RAM32.BYTE[0].FLOATBUF0[6].Z                        -0.0000
 BLOCK[1].RAM32.BYTE[2].FLOATBUF0[21].Z                       -0.0000
 BLOCK[1].RAM32.BYTE[0].FLOATBUF0[5].Z                        -0.0000
 BLOCK[1].RAM32.BYTE[2].FLOATBUF0[23].Z                       -0.0000
 BLOCK[1].RAM32.BYTE[3].FLOATBUF0[24].Z                       -0.0000
 BLOCK[1].RAM32.BYTE[3].FLOATBUF0[25].Z                       -0.0000
 BLOCK[1].RAM32.BYTE[0].FLOATBUF0[4].Z                        -0.0000
 BLOCK[1].RAM32.BYTE[3].FLOATBUF0[27].Z                       -0.0000
 BLOCK[1].RAM32.BYTE[3].FLOATBUF0[28].Z                       -0.0000
 BLOCK[1].RAM32.BYTE[3].FLOATBUF0[29].Z                       -0.0000
 BLOCK[0].RAM32.SLICE[0].RAM8.WORD[4].W.BYTE[3].B.WE0_WIRE     0.0000
 BLOCK[2].RAM32.BYTE[0].FLOATBUF0[0].Z                        -0.0000
 BLOCK[2].RAM32.BYTE[0].FLOATBUF0[1].Z                        -0.0000
 BLOCK[2].RAM32.BYTE[0].FLOATBUF0[2].Z                        -0.0000
 BLOCK[1].RAM32.BYTE[0].FLOATBUF0[3].Z                        -0.0000
 BLOCK[2].RAM32.BYTE[0].FLOATBUF0[5].Z                        -0.0000
 BLOCK[2].RAM32.BYTE[0].FLOATBUF0[7].Z                        -0.0000
 BLOCK[2].RAM32.BYTE[1].FLOATBUF0[10].Z                       -0.0000
 BLOCK[1].RAM32.BYTE[0].FLOATBUF0[2].Z                        -0.0000
 BLOCK[2].RAM32.BYTE[1].FLOATBUF0[15].Z                       -0.0000
 BLOCK[2].RAM32.BYTE[1].FLOATBUF0[8].Z                        -0.0000
 BLOCK[2].RAM32.BYTE[1].FLOATBUF0[9].Z                        -0.0000
 BLOCK[1].RAM32.BYTE[0].FLOATBUF0[0].Z                        -0.0000
 BLOCK[0].RAM32.SLICE[0].RAM8.WORD[4].W.BYTE[1].B.WE0_WIRE     0.0000
 BLOCK[0].RAM32.SLICE[0].RAM8.WORD[4].W.BYTE[0].B.WE0_WIRE     0.0000
 BLOCK[2].RAM32.BYTE[2].FLOATBUF0[19].Z                       -0.0000
 BLOCK[0].RAM32.BYTE[3].FLOATBUF0[30].Z                       -0.0000
 BLOCK[0].RAM32.BYTE[3].FLOATBUF0[29].Z                       -0.0000
 BLOCK[0].RAM32.BYTE[3].FLOATBUF0[28].Z                       -0.0000
 BLOCK[2].RAM32.BYTE[2].FLOATBUF0[23].Z                       -0.0000
 BLOCK[0].RAM32.BYTE[3].FLOATBUF0[27].Z                       -0.0000
 BLOCK[2].RAM32.BYTE[3].FLOATBUF0[25].Z                       -0.0000
 BLOCK[0].RAM32.SLICE[0].RAM8.WORD[3].W.BYTE[0].B.WE0_WIRE     0.0000
 BLOCK[3].RAM32.BYTE[0].FLOATBUF0[1].Z                        -0.0000
 BLOCK[0].RAM32.BYTE[3].FLOATBUF0[26].Z                       -0.0000
 BLOCK[3].RAM32.BYTE[0].FLOATBUF0[3].Z                        -0.0000
 BLOCK[3].RAM32.BYTE[0].FLOATBUF0[4].Z                        -0.0000
 BLOCK[3].RAM32.BYTE[0].FLOATBUF0[5].Z                        -0.0000
 BLOCK[0].RAM32.BYTE[3].FLOATBUF0[24].Z                       -0.0000
 BLOCK[0].RAM32.SLICE[0].RAM8.WORD[1].W.BYTE[3].B.WE0_WIRE     0.0000
 BLOCK[2].RAM32.SLICE[2].RAM8.WEBUF[2].X                       0.0000
 BLOCK[3].RAM32.BYTE[1].FLOATBUF0[12].Z                       -0.0000
 BLOCK[2].RAM32.DIBUF[11].X                                   -0.0000
 BLOCK[3].RAM32.BYTE[1].FLOATBUF0[9].Z                        -0.0000
 BLOCK[3].RAM32.BYTE[2].FLOATBUF0[16].Z                       -0.0000
 BLOCK[3].RAM32.BYTE[2].FLOATBUF0[17].Z                       -0.0000
 BLOCK[3].RAM32.BYTE[2].FLOATBUF0[18].Z                       -0.0000
 BLOCK[3].RAM32.BYTE[2].FLOATBUF0[19].Z                       -0.0000
 BLOCK[0].RAM32.DIBUF[19].X                                   -0.0000
 BLOCK[3].RAM32.BYTE[2].FLOATBUF0[21].Z                       -0.0000
 BLOCK[0].RAM32.DIBUF[0].A                                    -0.0000
 BLOCK[3].RAM32.BYTE[3].FLOATBUF0[24].Z                       -0.0000
 BLOCK[3].RAM32.BYTE[3].FLOATBUF0[25].Z                       -0.0000
 A0BUF[6].X                                                   -0.0000
 A0BUF[0].X                                                   -0.0000
 BLOCK[3].RAM32.BYTE[3].FLOATBUF0[30].Z                       -0.0000
 Di0[25]                                                      -0.0000

1
