OpenROAD e9d88df58cd6e61dec17d0cd7d355f7d6ec25778 
This program is licensed under the BSD-3 license. See the LICENSE file for details.
Components of this program may be licensed under more restrictive licenses which must be honored.
[INFO ODB-0222] Reading LEF file: /project/openlane/DFFRAM/runs/RUN_2021.12.26_22.11.38/tmp/merged_unpadded.lef
[INFO ODB-0223]     Created 13 technology layers
[INFO ODB-0224]     Created 25 technology vias
[INFO ODB-0225]     Created 441 library cells
[INFO ODB-0226] Finished LEF file:  /project/openlane/DFFRAM/runs/RUN_2021.12.26_22.11.38/tmp/merged_unpadded.lef
[INFO ODB-0127] Reading DEF file: /project/openlane/DFFRAM/runs/RUN_2021.12.26_22.11.38/tmp/routing/15-diodes.def
[INFO ODB-0128] Design: DFFRAM
[INFO ODB-0130]     Created 80 pins.
[INFO ODB-0131]     Created 40573 components and 228235 component-terminals.
[INFO ODB-0132]     Created 2 special nets and 151652 connections.
[INFO ODB-0133]     Created 13534 nets and 76551 connections.
[INFO ODB-0134] Finished DEF file: /project/openlane/DFFRAM/runs/RUN_2021.12.26_22.11.38/tmp/routing/15-diodes.def
Placement Analysis
---------------------------------
total displacement      61339.9 u
average displacement        1.5 u
max displacement           50.1 u
original HPWL          482882.3 u
legalized HPWL         499961.9 u
delta HPWL                    4 %

[INFO DPL-0020] Mirrored 6305 instances
[INFO DPL-0021] HPWL before          499961.9 u
[INFO DPL-0022] HPWL after           490340.6 u
[INFO DPL-0023] HPWL delta               -1.9 %
