****************************************
Report : analysis_coverage
	-status_details {untested}
	-sort_by slack
Design : RAM128
Version: T-2022.03-SP3
Date   : Tue Oct 18 15:05:02 2022
****************************************

Type of Check         Total              Met         Violated         Untested
--------------------------------------------------------------------------------
setup                  4224      4224 (100%)         0 (  0%)         0 (  0%)
hold                   4224      4224 (100%)         0 (  0%)         0 (  0%)
min_pulse_width        4864      4864 (100%)         0 (  0%)         0 (  0%)
clock_gating_setup      512       512 (100%)         0 (  0%)         0 (  0%)
clock_gating_hold       512       512 (100%)         0 (  0%)         0 (  0%)
out_setup                32        32 (100%)         0 (  0%)         0 (  0%)
out_hold                 32        32 (100%)         0 (  0%)         0 (  0%)
--------------------------------------------------------------------------------
All Checks            14400     14400 (100%)         0 (  0%)         0 (  0%)

1
