mgmt_core_wrapper
----------------------------------------
Metal2 > 3um spacing to unrelated m2 < 0.28um (met2.3b)
----------------------------------------
 162.010um 13.400um 162.290um 13.445um
 162.010um 13.390um 162.290um 13.400um
 181.790um 13.400um 182.070um 13.445um
 181.790um 13.390um 182.070um 13.400um
 311.970um 13.400um 312.250um 13.445um
 311.970um 13.390um 312.250um 13.400um
 325.770um 13.400um 326.050um 13.445um
 325.770um 13.390um 326.050um 13.400um
 326.690um 13.400um 326.970um 13.445um
 326.690um 13.390um 326.970um 13.400um
 341.410um 13.400um 341.690um 13.445um
 341.410um 13.390um 341.690um 13.400um
 349.690um 13.400um 349.970um 13.445um
 349.690um 13.390um 349.970um 13.400um
 354.290um 13.400um 354.570um 13.445um
 354.290um 13.390um 354.570um 13.400um
 356.130um 13.400um 356.410um 13.445um
 356.130um 13.390um 356.410um 13.400um
 369.470um 13.400um 369.750um 13.445um
 369.470um 13.390um 369.750um 13.400um
 375.450um 13.400um 375.730um 13.445um
 375.450um 13.390um 375.730um 13.400um
 454.110um 13.400um 454.390um 13.445um
 454.110um 13.390um 454.390um 13.400um
 461.930um 13.400um 462.210um 13.445um
 461.930um 13.390um 462.210um 13.400um
 465.150um 13.400um 465.430um 13.445um
 465.150um 13.390um 465.430um 13.400um
 478.490um 13.400um 478.770um 13.445um
 478.490um 13.390um 478.770um 13.400um
 481.250um 13.400um 481.530um 13.445um
 481.250um 13.390um 481.530um 13.400um
 498.730um 13.400um 499.010um 13.445um
 498.730um 13.390um 499.010um 13.400um
 499.650um 13.400um 499.930um 13.445um
 499.650um 13.390um 499.930um 13.400um
 502.410um 13.400um 502.690um 13.445um
 502.410um 13.390um 502.690um 13.400um
 503.790um 13.400um 504.070um 13.445um
 503.790um 13.390um 504.070um 13.400um
 506.550um 13.400um 506.830um 13.445um
 506.550um 13.390um 506.830um 13.400um
 968.000um 12.595um 969.530um 12.650um
 969.250um 12.595um 969.530um 12.650um
 2218.280um 12.595um 2219.810um 12.650um
 2219.530um 12.595um 2219.810um 12.650um
----------------------------------------
[INFO]: COUNT: 46
[INFO]: Should be divided by 3 or 4

