
===========================================================================
report_checks -path_delay max (Setup)
============================================================================
Startpoint: _38034_ (rising edge-triggered flip-flop clocked by core_clk)
Endpoint: _34826_ (rising edge-triggered flip-flop clocked by core_clk)
Path Group: core_clk
Path Type: max

Fanout     Cap    Slew   Delay    Time   Description
-----------------------------------------------------------------------------
                  0.15    0.00    0.00   clock core_clk (rise edge)
                          0.00    0.00   clock network delay (ideal)
                  0.15    0.00    0.00 ^ _38034_/CLK (sky130_fd_sc_hd__dfxtp_2)
                 13.43    9.01    9.01 ^ _38034_/Q (sky130_fd_sc_hd__dfxtp_2)
   457    2.71                           state (net)
                 13.43    0.01    9.03 ^ _16953_/C1 (sky130_fd_sc_hd__a2111oi_2)
                  3.44    3.08   12.10 v _16953_/Y (sky130_fd_sc_hd__a2111oi_2)
     6    0.09                           _07018_ (net)
                  3.44    0.00   12.10 v _16954_/B (sky130_fd_sc_hd__nand2_2)
                  1.06    1.90   14.00 ^ _16954_/Y (sky130_fd_sc_hd__nand2_2)
     5    0.09                           _07019_ (net)
                  1.06    0.01   14.01 ^ _16984_/A (sky130_fd_sc_hd__nand3_2)
                  0.72    0.83   14.85 v _16984_/Y (sky130_fd_sc_hd__nand3_2)
     5    0.11                           _07043_ (net)
                  0.72    0.01   14.86 v _17105_/A1 (sky130_fd_sc_hd__a21oi_2)
                  0.56    0.63   15.49 ^ _17105_/Y (sky130_fd_sc_hd__a21oi_2)
     5    0.03                           _07153_ (net)
                  0.56    0.00   15.49 ^ _17117_/A (sky130_fd_sc_hd__nand3_2)
                  0.32    0.33   15.82 v _17117_/Y (sky130_fd_sc_hd__nand3_2)
     4    0.03                           _07165_ (net)
                  0.32    0.00   15.82 v _20625_/A (sky130_fd_sc_hd__buf_1)
                  0.75    0.76   16.58 v _20625_/X (sky130_fd_sc_hd__buf_1)
    17    0.13                           _02241_ (net)
                  0.75    0.02   16.59 v _33498_/S (sky130_fd_sc_hd__mux2_1)
                 19.62   14.26   30.85 ^ _33498_/X (sky130_fd_sc_hd__mux2_1)
   256    2.27                           _02684_ (net)
                 19.65    0.65   31.50 ^ _34124_/S0 (sky130_fd_sc_hd__mux4_1)
                  0.42    3.37   34.87 ^ _34124_/X (sky130_fd_sc_hd__mux4_1)
     1    0.02                           _00423_ (net)
                  0.42    0.00   34.87 ^ _34127_/A1 (sky130_fd_sc_hd__mux4_1)
                  0.26    0.42   35.29 ^ _34127_/X (sky130_fd_sc_hd__mux4_1)
     1    0.01                           _00425_ (net)
                  0.26    0.00   35.29 ^ _32789_/A1 (sky130_fd_sc_hd__mux2_1)
                  1.57    1.28   36.57 ^ _32789_/X (sky130_fd_sc_hd__mux2_1)
     1    0.18                           VexRiscv.RegFilePlugin_regFile$rdreg[0]$d[26] (net)
                  1.58    0.11   36.67 ^ _34826_/D (sky130_fd_sc_hd__dfxtp_2)
                                 36.67   data arrival time

                  0.15   25.00   25.00   clock core_clk (rise edge)
                          0.00   25.00   clock network delay (ideal)
                         -0.25   24.75   clock uncertainty
                          0.00   24.75   clock reconvergence pessimism
                                 24.75 ^ _34826_/CLK (sky130_fd_sc_hd__dfxtp_2)
                         -0.23   24.52   library setup time
                                 24.52   data required time
-----------------------------------------------------------------------------
                                 24.52   data required time
                                -36.67   data arrival time
-----------------------------------------------------------------------------
                                -12.15   slack (VIOLATED)


Startpoint: _38034_ (rising edge-triggered flip-flop clocked by core_clk)
Endpoint: _34831_ (rising edge-triggered flip-flop clocked by core_clk)
Path Group: core_clk
Path Type: max

Fanout     Cap    Slew   Delay    Time   Description
-----------------------------------------------------------------------------
                  0.15    0.00    0.00   clock core_clk (rise edge)
                          0.00    0.00   clock network delay (ideal)
                  0.15    0.00    0.00 ^ _38034_/CLK (sky130_fd_sc_hd__dfxtp_2)
                 13.43    9.01    9.01 ^ _38034_/Q (sky130_fd_sc_hd__dfxtp_2)
   457    2.71                           state (net)
                 13.43    0.01    9.03 ^ _16953_/C1 (sky130_fd_sc_hd__a2111oi_2)
                  3.44    3.08   12.10 v _16953_/Y (sky130_fd_sc_hd__a2111oi_2)
     6    0.09                           _07018_ (net)
                  3.44    0.00   12.10 v _16954_/B (sky130_fd_sc_hd__nand2_2)
                  1.06    1.90   14.00 ^ _16954_/Y (sky130_fd_sc_hd__nand2_2)
     5    0.09                           _07019_ (net)
                  1.06    0.01   14.01 ^ _16984_/A (sky130_fd_sc_hd__nand3_2)
                  0.72    0.83   14.85 v _16984_/Y (sky130_fd_sc_hd__nand3_2)
     5    0.11                           _07043_ (net)
                  0.72    0.01   14.86 v _17105_/A1 (sky130_fd_sc_hd__a21oi_2)
                  0.56    0.63   15.49 ^ _17105_/Y (sky130_fd_sc_hd__a21oi_2)
     5    0.03                           _07153_ (net)
                  0.56    0.00   15.49 ^ _17117_/A (sky130_fd_sc_hd__nand3_2)
                  0.32    0.33   15.82 v _17117_/Y (sky130_fd_sc_hd__nand3_2)
     4    0.03                           _07165_ (net)
                  0.32    0.00   15.82 v _20625_/A (sky130_fd_sc_hd__buf_1)
                  0.75    0.76   16.58 v _20625_/X (sky130_fd_sc_hd__buf_1)
    17    0.13                           _02241_ (net)
                  0.75    0.02   16.59 v _33498_/S (sky130_fd_sc_hd__mux2_1)
                 19.62   14.26   30.85 ^ _33498_/X (sky130_fd_sc_hd__mux2_1)
   256    2.27                           _02684_ (net)
                 19.65    0.65   31.50 ^ _34174_/S0 (sky130_fd_sc_hd__mux4_1)
                  0.42    3.34   34.84 ^ _34174_/X (sky130_fd_sc_hd__mux4_1)
     1    0.02                           _00473_ (net)
                  0.42    0.00   34.84 ^ _34177_/A1 (sky130_fd_sc_hd__mux4_1)
                  0.26    0.42   35.26 ^ _34177_/X (sky130_fd_sc_hd__mux4_1)
     1    0.01                           _00475_ (net)
                  0.26    0.00   35.26 ^ _32794_/A1 (sky130_fd_sc_hd__mux2_1)
                  1.50    1.23   36.49 ^ _32794_/X (sky130_fd_sc_hd__mux2_1)
     1    0.17                           VexRiscv.RegFilePlugin_regFile$rdreg[0]$d[31] (net)
                  1.50    0.10   36.58 ^ _34831_/D (sky130_fd_sc_hd__dfxtp_2)
                                 36.58   data arrival time

                  0.15   25.00   25.00   clock core_clk (rise edge)
                          0.00   25.00   clock network delay (ideal)
                         -0.25   24.75   clock uncertainty
                          0.00   24.75   clock reconvergence pessimism
                                 24.75 ^ _34831_/CLK (sky130_fd_sc_hd__dfxtp_2)
                         -0.23   24.52   library setup time
                                 24.52   data required time
-----------------------------------------------------------------------------
                                 24.52   data required time
                                -36.58   data arrival time
-----------------------------------------------------------------------------
                                -12.06   slack (VIOLATED)


Startpoint: _38034_ (rising edge-triggered flip-flop clocked by core_clk)
Endpoint: _34863_ (rising edge-triggered flip-flop clocked by core_clk)
Path Group: core_clk
Path Type: max

Fanout     Cap    Slew   Delay    Time   Description
-----------------------------------------------------------------------------
                  0.15    0.00    0.00   clock core_clk (rise edge)
                          0.00    0.00   clock network delay (ideal)
                  0.15    0.00    0.00 ^ _38034_/CLK (sky130_fd_sc_hd__dfxtp_2)
                 13.43    9.01    9.01 ^ _38034_/Q (sky130_fd_sc_hd__dfxtp_2)
   457    2.71                           state (net)
                 13.43    0.01    9.03 ^ _16953_/C1 (sky130_fd_sc_hd__a2111oi_2)
                  3.44    3.08   12.10 v _16953_/Y (sky130_fd_sc_hd__a2111oi_2)
     6    0.09                           _07018_ (net)
                  3.44    0.00   12.10 v _16954_/B (sky130_fd_sc_hd__nand2_2)
                  1.06    1.90   14.00 ^ _16954_/Y (sky130_fd_sc_hd__nand2_2)
     5    0.09                           _07019_ (net)
                  1.06    0.01   14.01 ^ _16984_/A (sky130_fd_sc_hd__nand3_2)
                  0.72    0.83   14.85 v _16984_/Y (sky130_fd_sc_hd__nand3_2)
     5    0.11                           _07043_ (net)
                  0.72    0.01   14.86 v _17105_/A1 (sky130_fd_sc_hd__a21oi_2)
                  0.56    0.63   15.49 ^ _17105_/Y (sky130_fd_sc_hd__a21oi_2)
     5    0.03                           _07153_ (net)
                  0.56    0.00   15.49 ^ _17117_/A (sky130_fd_sc_hd__nand3_2)
                  0.32    0.33   15.82 v _17117_/Y (sky130_fd_sc_hd__nand3_2)
     4    0.03                           _07165_ (net)
                  0.32    0.00   15.82 v _20625_/A (sky130_fd_sc_hd__buf_1)
                  0.75    0.76   16.58 v _20625_/X (sky130_fd_sc_hd__buf_1)
    17    0.13                           _02241_ (net)
                  0.75    0.02   16.59 v _33508_/S (sky130_fd_sc_hd__mux2_1)
                 19.76   14.27   30.86 ^ _33508_/X (sky130_fd_sc_hd__mux2_1)
   256    2.28                           _02277_ (net)
                 19.78    0.59   31.45 ^ _34494_/S0 (sky130_fd_sc_hd__mux4_1)
                  0.44    3.30   34.76 ^ _34494_/X (sky130_fd_sc_hd__mux4_1)
     1    0.01                           _02602_ (net)
                  0.44    0.00   34.76 ^ _34497_/A1 (sky130_fd_sc_hd__mux4_1)
                  0.25    0.41   35.16 ^ _34497_/X (sky130_fd_sc_hd__mux4_1)
     1    0.01                           _02604_ (net)
                  0.25    0.00   35.16 ^ _32853_/A1 (sky130_fd_sc_hd__mux2_1)
                  1.30    1.10   36.26 ^ _32853_/X (sky130_fd_sc_hd__mux2_1)
     1    0.15                           VexRiscv.RegFilePlugin_regFile$rdreg[1]$d[31] (net)
                  1.31    0.07   36.33 ^ _34863_/D (sky130_fd_sc_hd__dfxtp_2)
                                 36.33   data arrival time

                  0.15   25.00   25.00   clock core_clk (rise edge)
                          0.00   25.00   clock network delay (ideal)
                         -0.25   24.75   clock uncertainty
                          0.00   24.75   clock reconvergence pessimism
                                 24.75 ^ _34863_/CLK (sky130_fd_sc_hd__dfxtp_2)
                         -0.21   24.54   library setup time
                                 24.54   data required time
-----------------------------------------------------------------------------
                                 24.54   data required time
                                -36.33   data arrival time
-----------------------------------------------------------------------------
                                -11.79   slack (VIOLATED)


Startpoint: _38034_ (rising edge-triggered flip-flop clocked by core_clk)
Endpoint: _34830_ (rising edge-triggered flip-flop clocked by core_clk)
Path Group: core_clk
Path Type: max

Fanout     Cap    Slew   Delay    Time   Description
-----------------------------------------------------------------------------
                  0.15    0.00    0.00   clock core_clk (rise edge)
                          0.00    0.00   clock network delay (ideal)
                  0.15    0.00    0.00 ^ _38034_/CLK (sky130_fd_sc_hd__dfxtp_2)
                 13.43    9.01    9.01 ^ _38034_/Q (sky130_fd_sc_hd__dfxtp_2)
   457    2.71                           state (net)
                 13.43    0.01    9.03 ^ _16953_/C1 (sky130_fd_sc_hd__a2111oi_2)
                  3.44    3.08   12.10 v _16953_/Y (sky130_fd_sc_hd__a2111oi_2)
     6    0.09                           _07018_ (net)
                  3.44    0.00   12.10 v _16954_/B (sky130_fd_sc_hd__nand2_2)
                  1.06    1.90   14.00 ^ _16954_/Y (sky130_fd_sc_hd__nand2_2)
     5    0.09                           _07019_ (net)
                  1.06    0.01   14.01 ^ _16984_/A (sky130_fd_sc_hd__nand3_2)
                  0.72    0.83   14.85 v _16984_/Y (sky130_fd_sc_hd__nand3_2)
     5    0.11                           _07043_ (net)
                  0.72    0.01   14.86 v _17105_/A1 (sky130_fd_sc_hd__a21oi_2)
                  0.56    0.63   15.49 ^ _17105_/Y (sky130_fd_sc_hd__a21oi_2)
     5    0.03                           _07153_ (net)
                  0.56    0.00   15.49 ^ _17117_/A (sky130_fd_sc_hd__nand3_2)
                  0.32    0.33   15.82 v _17117_/Y (sky130_fd_sc_hd__nand3_2)
     4    0.03                           _07165_ (net)
                  0.32    0.00   15.82 v _20625_/A (sky130_fd_sc_hd__buf_1)
                  0.75    0.76   16.58 v _20625_/X (sky130_fd_sc_hd__buf_1)
    17    0.13                           _02241_ (net)
                  0.75    0.02   16.59 v _33498_/S (sky130_fd_sc_hd__mux2_1)
                 19.62   14.26   30.85 ^ _33498_/X (sky130_fd_sc_hd__mux2_1)
   256    2.27                           _02684_ (net)
                 19.65    0.66   31.51 ^ _34161_/S0 (sky130_fd_sc_hd__mux4_1)
                  0.45    3.18   34.69 ^ _34161_/X (sky130_fd_sc_hd__mux4_1)
     1    0.01                           _00466_ (net)
                  0.45    0.00   34.69 ^ _34162_/A3 (sky130_fd_sc_hd__mux4_1)
                  0.27    0.44   35.13 ^ _34162_/X (sky130_fd_sc_hd__mux4_1)
     1    0.02                           _00470_ (net)
                  0.27    0.00   35.13 ^ _32793_/A0 (sky130_fd_sc_hd__mux2_1)
                  1.25    1.06   36.19 ^ _32793_/X (sky130_fd_sc_hd__mux2_1)
     1    0.14                           VexRiscv.RegFilePlugin_regFile$rdreg[0]$d[30] (net)
                  1.26    0.07   36.26 ^ _34830_/D (sky130_fd_sc_hd__dfxtp_2)
                                 36.26   data arrival time

                  0.15   25.00   25.00   clock core_clk (rise edge)
                          0.00   25.00   clock network delay (ideal)
                         -0.25   24.75   clock uncertainty
                          0.00   24.75   clock reconvergence pessimism
                                 24.75 ^ _34830_/CLK (sky130_fd_sc_hd__dfxtp_2)
                         -0.21   24.54   library setup time
                                 24.54   data required time
-----------------------------------------------------------------------------
                                 24.54   data required time
                                -36.26   data arrival time
-----------------------------------------------------------------------------
                                -11.72   slack (VIOLATED)


Startpoint: _38034_ (rising edge-triggered flip-flop clocked by core_clk)
Endpoint: _34862_ (rising edge-triggered flip-flop clocked by core_clk)
Path Group: core_clk
Path Type: max

Fanout     Cap    Slew   Delay    Time   Description
-----------------------------------------------------------------------------
                  0.15    0.00    0.00   clock core_clk (rise edge)
                          0.00    0.00   clock network delay (ideal)
                  0.15    0.00    0.00 ^ _38034_/CLK (sky130_fd_sc_hd__dfxtp_2)
                 13.43    9.01    9.01 ^ _38034_/Q (sky130_fd_sc_hd__dfxtp_2)
   457    2.71                           state (net)
                 13.43    0.01    9.03 ^ _16953_/C1 (sky130_fd_sc_hd__a2111oi_2)
                  3.44    3.08   12.10 v _16953_/Y (sky130_fd_sc_hd__a2111oi_2)
     6    0.09                           _07018_ (net)
                  3.44    0.00   12.10 v _16954_/B (sky130_fd_sc_hd__nand2_2)
                  1.06    1.90   14.00 ^ _16954_/Y (sky130_fd_sc_hd__nand2_2)
     5    0.09                           _07019_ (net)
                  1.06    0.01   14.01 ^ _16984_/A (sky130_fd_sc_hd__nand3_2)
                  0.72    0.83   14.85 v _16984_/Y (sky130_fd_sc_hd__nand3_2)
     5    0.11                           _07043_ (net)
                  0.72    0.01   14.86 v _17105_/A1 (sky130_fd_sc_hd__a21oi_2)
                  0.56    0.63   15.49 ^ _17105_/Y (sky130_fd_sc_hd__a21oi_2)
     5    0.03                           _07153_ (net)
                  0.56    0.00   15.49 ^ _17117_/A (sky130_fd_sc_hd__nand3_2)
                  0.32    0.33   15.82 v _17117_/Y (sky130_fd_sc_hd__nand3_2)
     4    0.03                           _07165_ (net)
                  0.32    0.00   15.82 v _20625_/A (sky130_fd_sc_hd__buf_1)
                  0.75    0.76   16.58 v _20625_/X (sky130_fd_sc_hd__buf_1)
    17    0.13                           _02241_ (net)
                  0.75    0.02   16.59 v _33508_/S (sky130_fd_sc_hd__mux2_1)
                 19.76   14.27   30.86 ^ _33508_/X (sky130_fd_sc_hd__mux2_1)
   256    2.28                           _02277_ (net)
                 19.78    0.60   31.47 ^ _34481_/S0 (sky130_fd_sc_hd__mux4_1)
                  0.45    3.19   34.66 ^ _34481_/X (sky130_fd_sc_hd__mux4_1)
     1    0.01                           _02595_ (net)
                  0.45    0.00   34.66 ^ _34482_/A3 (sky130_fd_sc_hd__mux4_1)
                  0.28    0.45   35.10 ^ _34482_/X (sky130_fd_sc_hd__mux4_1)
     1    0.02                           _02599_ (net)
                  0.28    0.00   35.10 ^ _32852_/A0 (sky130_fd_sc_hd__mux2_1)
                  1.26    1.07   36.17 ^ _32852_/X (sky130_fd_sc_hd__mux2_1)
     1    0.15                           VexRiscv.RegFilePlugin_regFile$rdreg[1]$d[30] (net)
                  1.26    0.07   36.24 ^ _34862_/D (sky130_fd_sc_hd__dfxtp_2)
                                 36.24   data arrival time

                  0.15   25.00   25.00   clock core_clk (rise edge)
                          0.00   25.00   clock network delay (ideal)
                         -0.25   24.75   clock uncertainty
                          0.00   24.75   clock reconvergence pessimism
                                 24.75 ^ _34862_/CLK (sky130_fd_sc_hd__dfxtp_2)
                         -0.21   24.54   library setup time
                                 24.54   data required time
-----------------------------------------------------------------------------
                                 24.54   data required time
                                -36.24   data arrival time
-----------------------------------------------------------------------------
                                -11.70   slack (VIOLATED)


