
===========================================================================
report_checks -path_delay min (Hold)
============================================================================
Startpoint: _34948_ (rising edge-triggered flip-flop clocked by core_clk)
Endpoint: _34947_ (rising edge-triggered flip-flop clocked by core_clk)
Path Group: core_clk
Path Type: min

Fanout     Cap    Slew   Delay    Time   Description
-----------------------------------------------------------------------------
                  0.15    0.00    0.00   clock core_clk (rise edge)
                          0.00    0.00   clock network delay (ideal)
                  0.15    0.00    0.00 ^ _34948_/CLK (sky130_fd_sc_hd__dfxtp_2)
                  0.02    0.32    0.32 v _34948_/Q (sky130_fd_sc_hd__dfxtp_2)
     1    0.00                           multiregimpl129_regs0 (net)
                  0.02    0.00    0.32 v _34947_/D (sky130_fd_sc_hd__dfxtp_2)
                                  0.32   data arrival time

                  0.15    0.00    0.00   clock core_clk (rise edge)
                          0.00    0.00   clock network delay (ideal)
                          0.25    0.25   clock uncertainty
                          0.00    0.25   clock reconvergence pessimism
                                  0.25 ^ _34947_/CLK (sky130_fd_sc_hd__dfxtp_2)
                         -0.01    0.24   library hold time
                                  0.24   data required time
-----------------------------------------------------------------------------
                                  0.24   data required time
                                 -0.32   data arrival time
-----------------------------------------------------------------------------
                                  0.08   slack (MET)


Startpoint: _34960_ (rising edge-triggered flip-flop clocked by core_clk)
Endpoint: _34959_ (rising edge-triggered flip-flop clocked by core_clk)
Path Group: core_clk
Path Type: min

Fanout     Cap    Slew   Delay    Time   Description
-----------------------------------------------------------------------------
                  0.15    0.00    0.00   clock core_clk (rise edge)
                          0.00    0.00   clock network delay (ideal)
                  0.15    0.00    0.00 ^ _34960_/CLK (sky130_fd_sc_hd__dfxtp_2)
                  0.02    0.32    0.32 v _34960_/Q (sky130_fd_sc_hd__dfxtp_2)
     1    0.00                           multiregimpl123_regs0 (net)
                  0.02    0.00    0.32 v _34959_/D (sky130_fd_sc_hd__dfxtp_2)
                                  0.32   data arrival time

                  0.15    0.00    0.00   clock core_clk (rise edge)
                          0.00    0.00   clock network delay (ideal)
                          0.25    0.25   clock uncertainty
                          0.00    0.25   clock reconvergence pessimism
                                  0.25 ^ _34959_/CLK (sky130_fd_sc_hd__dfxtp_2)
                         -0.01    0.24   library hold time
                                  0.24   data required time
-----------------------------------------------------------------------------
                                  0.24   data required time
                                 -0.32   data arrival time
-----------------------------------------------------------------------------
                                  0.08   slack (MET)


Startpoint: _34954_ (rising edge-triggered flip-flop clocked by core_clk)
Endpoint: _34953_ (rising edge-triggered flip-flop clocked by core_clk)
Path Group: core_clk
Path Type: min

Fanout     Cap    Slew   Delay    Time   Description
-----------------------------------------------------------------------------
                  0.15    0.00    0.00   clock core_clk (rise edge)
                          0.00    0.00   clock network delay (ideal)
                  0.15    0.00    0.00 ^ _34954_/CLK (sky130_fd_sc_hd__dfxtp_2)
                  0.02    0.32    0.32 v _34954_/Q (sky130_fd_sc_hd__dfxtp_2)
     1    0.00                           multiregimpl126_regs0 (net)
                  0.02    0.00    0.32 v _34953_/D (sky130_fd_sc_hd__dfxtp_2)
                                  0.32   data arrival time

                  0.15    0.00    0.00   clock core_clk (rise edge)
                          0.00    0.00   clock network delay (ideal)
                          0.25    0.25   clock uncertainty
                          0.00    0.25   clock reconvergence pessimism
                                  0.25 ^ _34953_/CLK (sky130_fd_sc_hd__dfxtp_2)
                         -0.01    0.24   library hold time
                                  0.24   data required time
-----------------------------------------------------------------------------
                                  0.24   data required time
                                 -0.32   data arrival time
-----------------------------------------------------------------------------
                                  0.08   slack (MET)


Startpoint: _34950_ (rising edge-triggered flip-flop clocked by core_clk)
Endpoint: _34949_ (rising edge-triggered flip-flop clocked by core_clk)
Path Group: core_clk
Path Type: min

Fanout     Cap    Slew   Delay    Time   Description
-----------------------------------------------------------------------------
                  0.15    0.00    0.00   clock core_clk (rise edge)
                          0.00    0.00   clock network delay (ideal)
                  0.15    0.00    0.00 ^ _34950_/CLK (sky130_fd_sc_hd__dfxtp_2)
                  0.02    0.32    0.32 v _34950_/Q (sky130_fd_sc_hd__dfxtp_2)
     1    0.00                           multiregimpl128_regs0 (net)
                  0.02    0.00    0.32 v _34949_/D (sky130_fd_sc_hd__dfxtp_2)
                                  0.32   data arrival time

                  0.15    0.00    0.00   clock core_clk (rise edge)
                          0.00    0.00   clock network delay (ideal)
                          0.25    0.25   clock uncertainty
                          0.00    0.25   clock reconvergence pessimism
                                  0.25 ^ _34949_/CLK (sky130_fd_sc_hd__dfxtp_2)
                         -0.01    0.24   library hold time
                                  0.24   data required time
-----------------------------------------------------------------------------
                                  0.24   data required time
                                 -0.32   data arrival time
-----------------------------------------------------------------------------
                                  0.08   slack (MET)


Startpoint: _35108_ (rising edge-triggered flip-flop clocked by core_clk)
Endpoint: _35107_ (rising edge-triggered flip-flop clocked by core_clk)
Path Group: core_clk
Path Type: min

Fanout     Cap    Slew   Delay    Time   Description
-----------------------------------------------------------------------------
                  0.15    0.00    0.00   clock core_clk (rise edge)
                          0.00    0.00   clock network delay (ideal)
                  0.15    0.00    0.00 ^ _35108_/CLK (sky130_fd_sc_hd__dfxtp_2)
                  0.02    0.32    0.32 v _35108_/Q (sky130_fd_sc_hd__dfxtp_2)
     1    0.00                           multiregimpl49_regs0 (net)
                  0.02    0.00    0.32 v _35107_/D (sky130_fd_sc_hd__dfxtp_2)
                                  0.32   data arrival time

                  0.15    0.00    0.00   clock core_clk (rise edge)
                          0.00    0.00   clock network delay (ideal)
                          0.25    0.25   clock uncertainty
                          0.00    0.25   clock reconvergence pessimism
                                  0.25 ^ _35107_/CLK (sky130_fd_sc_hd__dfxtp_2)
                         -0.01    0.24   library hold time
                                  0.24   data required time
-----------------------------------------------------------------------------
                                  0.24   data required time
                                 -0.32   data arrival time
-----------------------------------------------------------------------------
                                  0.08   slack (MET)


