[INFO]: Current run directory is /project/openlane/mgmt_core_wrapper/runs/RUN_2021.12.26_22.44.57
[INFO]: Storing configs into config.tcl ...
[INFO]: Preparing LEF Files
[INFO]: Extracting the number of available metal layers from /ciic/pdks/openlane/sky130A/libs.ref/sky130_fd_sc_hd/techlef/sky130_fd_sc_hd.tlef
[INFO]: The available metal layers (6) are li1  met1  met2  met3  met4  met5
[INFO]: Merging LEF Files...
[INFO]: Merging the following extra LEFs:  /project/openlane/mgmt_core_wrapper/../../lef/DFFRAM.lef
	/project/openlane/mgmt_core_wrapper/../../lef/mgmt_core.lef
[INFO]: Trimming Liberty...
[INFO]: Generating Exclude List...
[INFO]: Generating Exclude List...
[INFO]: Creating ::env(DONT_USE_CELLS)...
[INFO]: Looking for files defined in ::env(EXTRA_GDS_FILES)  /project/openlane/mgmt_core_wrapper/../../gds/mgmt_core.gds
	/project/openlane/mgmt_core_wrapper/../../gds/DFFRAM.gds ...
[INFO]: /project/openlane/mgmt_core_wrapper/../../gds/mgmt_core.gds exists.
[INFO]: /project/openlane/mgmt_core_wrapper/../../gds/DFFRAM.gds exists.
[INFO]: Preparation complete
[INFO]: Incremented step index to 0.
[INFO]: Running Synthesis...
[INFO]: Changing netlist from 0 to /project/openlane/mgmt_core_wrapper/runs/RUN_2021.12.26_22.44.57/results/synthesis/mgmt_core_wrapper.v
[INFO]: Incremented step index to 1.
[INFO]: Running Static Timing Analysis...
[INFO]: Synthesis was successful
[INFO]: Running Floorplanning...
[INFO]: Running Initial Floorplanning...
[INFO]: Incremented step index to 2.
[INFO]: Core area width: 2608.96
[INFO]: Core area height: 781.92
[INFO]: Final Vertical PDN Offset: 16.32
[INFO]: Final Horizontal PDN Offset: 60
[INFO]: Final Vertical PDN Pitch: 50
[INFO]: Final Horizontal PDN Pitch: 130
[INFO]: Changing layout from 0 to /project/openlane/mgmt_core_wrapper/runs/RUN_2021.12.26_22.44.57/tmp/floorplan/3-initial_fp.def
[INFO]: Incremented step index to 3.
[INFO]: Running IO Placement...
[INFO]: Changing layout from /project/openlane/mgmt_core_wrapper/runs/RUN_2021.12.26_22.44.57/tmp/floorplan/3-initial_fp.def to /project/openlane/mgmt_core_wrapper/runs/RUN_2021.12.26_22.44.57/tmp/floorplan/4-io.def
[INFO]: Incremented step index to 4.
[INFO]: Performing Manual Macro Placement...
[INFO]: Changing layout from /project/openlane/mgmt_core_wrapper/runs/RUN_2021.12.26_22.44.57/tmp/floorplan/4-io.def to /project/openlane/mgmt_core_wrapper/runs/RUN_2021.12.26_22.44.57/tmp/floorplan/4-io.macro_placement.def
[WARNING]: Skipping Tap/Decap Insertion.
[INFO]: Power planning the following nets
[INFO]: Power: VPWR
[INFO]: Ground: VGND
[INFO]: Incremented step index to 5.
[INFO]: Generating PDN...
[INFO]: PDN generation was successful.
[INFO]: Changing layout from /project/openlane/mgmt_core_wrapper/runs/RUN_2021.12.26_22.44.57/tmp/floorplan/4-io.macro_placement.def to /project/openlane/mgmt_core_wrapper/runs/RUN_2021.12.26_22.44.57/tmp/floorplan/6-pdn.def
[INFO]: Running Placement...
[INFO]: Incremented step index to 6.
[INFO]: Running Global Placement...
[INFO]: Global placement was successful
[INFO]: Changing layout from /project/openlane/mgmt_core_wrapper/runs/RUN_2021.12.26_22.44.57/tmp/floorplan/6-pdn.def to /project/openlane/mgmt_core_wrapper/runs/RUN_2021.12.26_22.44.57/tmp/placement/7-global.def
[INFO]: Skipping Resizer Design Optimizations.
[INFO]: Incremented step index to 7.
[INFO]: Running Detailed Placement...
[INFO]: Changing layout from /project/openlane/mgmt_core_wrapper/runs/RUN_2021.12.26_22.44.57/tmp/placement/7-global.def to /project/openlane/mgmt_core_wrapper/runs/RUN_2021.12.26_22.44.57/results/placement/mgmt_core_wrapper.def
[INFO]: Changing layout from /project/openlane/mgmt_core_wrapper/runs/RUN_2021.12.26_22.44.57/results/placement/mgmt_core_wrapper.def to /project/openlane/mgmt_core_wrapper/runs/RUN_2021.12.26_22.44.57/results/placement/mgmt_core_wrapper.def
[INFO]: Incremented step index to 8.
[INFO]: Skipping Resizer Timing Optimizations.
[INFO]: Routing...
[INFO]: Skipping Resizer Timing Optimizations.
[INFO]: Adding routing obstructions...
[WARNING]: Specifying a routing obstruction is now done using the coordinates
[WARNING]: of its bounding box instead of the now deprecated (x, y, size_x, size_y).
[INFO]: Obstructions added over  li1 0 0 2620 820,
   met1 5 10 555 750,  met5 5 10 555 750,  met4 5 10 555 750
[INFO]: Changing layout from /project/openlane/mgmt_core_wrapper/runs/RUN_2021.12.26_22.44.57/results/placement/mgmt_core_wrapper.def to /project/openlane/mgmt_core_wrapper/runs/RUN_2021.12.26_22.44.57/results/placement/mgmt_core_wrapper.obs.def
[INFO]: Incremented step index to 9.
[INFO]: Running Detailed Placement...
[INFO]: Changing layout from /project/openlane/mgmt_core_wrapper/runs/RUN_2021.12.26_22.44.57/results/placement/mgmt_core_wrapper.obs.def to /project/openlane/mgmt_core_wrapper/runs/RUN_2021.12.26_22.44.57/results/placement/mgmt_core_wrapper.obs.def
[INFO]: Changing layout from /project/openlane/mgmt_core_wrapper/runs/RUN_2021.12.26_22.44.57/results/placement/mgmt_core_wrapper.obs.def to /project/openlane/mgmt_core_wrapper/runs/RUN_2021.12.26_22.44.57/results/placement/mgmt_core_wrapper.obs.def
[INFO]: Incremented step index to 10.
[INFO]: Incremented step index to 11.
[INFO]: Running Global Routing...
[WARNING]: You're using GLB_RT_MINLAYER in your configuration, which is a deprecated variable that will be removed in the future.
[WARNING]: We recommend you update your configuration as follows:
[WARNING]: 	set ::env(RT_MIN_LAYER) {met1}
[WARNING]: You're using GLB_RT_MAXLAYER in your configuration, which is a deprecated variable that will be removed in the future.
[WARNING]: We recommend you update your configuration as follows:
[WARNING]: 	set ::env(RT_MAX_LAYER) {met5}
[INFO]: Changing layout from /project/openlane/mgmt_core_wrapper/runs/RUN_2021.12.26_22.44.57/results/placement/mgmt_core_wrapper.obs.def to /project/openlane/mgmt_core_wrapper/runs/RUN_2021.12.26_22.44.57/tmp/routing/12-global.def
[INFO]: Changing layout from 0 to /project/openlane/mgmt_core_wrapper/runs/RUN_2021.12.26_22.44.57/tmp/routing/12-global.guide
[INFO]: Current Def is /project/openlane/mgmt_core_wrapper/runs/RUN_2021.12.26_22.44.57/tmp/routing/12-global.def
[INFO]: Current Guide is /project/openlane/mgmt_core_wrapper/runs/RUN_2021.12.26_22.44.57/tmp/routing/12-global.guide
[INFO]: Incremented step index to 12.
[INFO]: Writing Verilog...
[INFO]: Changing netlist from /project/openlane/mgmt_core_wrapper/runs/RUN_2021.12.26_22.44.57/results/synthesis/mgmt_core_wrapper.v to /project/openlane/mgmt_core_wrapper/runs/RUN_2021.12.26_22.44.57/tmp/routing/12-global.v
[INFO]: Incremented step index to 13.
[INFO]: Running Detailed Routing...
[WARNING]: You're using GLB_RT_MINLAYER in your configuration, which is a deprecated variable that will be removed in the future.
[WARNING]: We recommend you update your configuration as follows:
[WARNING]: 	set ::env(RT_MIN_LAYER) {met1}
[WARNING]: You're using GLB_RT_MAXLAYER in your configuration, which is a deprecated variable that will be removed in the future.
[WARNING]: We recommend you update your configuration as follows:
[WARNING]: 	set ::env(RT_MAX_LAYER) {met5}
[INFO]: Changing layout from /project/openlane/mgmt_core_wrapper/runs/RUN_2021.12.26_22.44.57/tmp/routing/12-global.def to /project/openlane/mgmt_core_wrapper/runs/RUN_2021.12.26_22.44.57/results/routing/mgmt_core_wrapper.def
[INFO]: Incremented step index to 14.
[INFO]: Writing Verilog...
[INFO]: Changing netlist from /project/openlane/mgmt_core_wrapper/runs/RUN_2021.12.26_22.44.57/tmp/routing/12-global.v to /project/openlane/mgmt_core_wrapper/runs/RUN_2021.12.26_22.44.57/tmp/routing/14-detailed.v
[INFO]: Incremented step index to 15.
[INFO]: Running SPEF Extraction...
[INFO]: Incremented step index to 16.
[INFO]: Running SPEF Extraction...
[INFO]: Incremented step index to 17.
[INFO]: Running SPEF Extraction...
[INFO]: Incremented step index to 18.
[INFO]: Running Static Timing Analysis...
[INFO]: Incremented step index to 19.
[INFO]: Running Static Timing Analysis...
[INFO]: Incremented step index to 20.
[INFO]: Running Magic to generate various views...
[INFO]: Streaming out GDS II...
[INFO]: Incremented step index to 21.
[INFO]: Running XOR on the layouts using Klayout...
[WARNING]: /project/openlane/mgmt_core_wrapper/runs/RUN_2021.12.26_22.44.57/results/finishing/mgmt_core_wrapper.klayout.gds wasn't found. Skipping GDS XOR.
[INFO]: Incremented step index to 22.
[INFO]: Running Magic Spice Export from LEF...
[INFO]: No illegal overlaps detected during extraction.
[INFO]: Incremented step index to 23.
[INFO]: Writing Powered Verilog...
[INFO]: Incremented step index to 24.
[INFO]: Writing Verilog...
[INFO]: Yosys won't attempt to rewrite verilog, and the OpenROAD output will be used as is.
[INFO]: Changing netlist from /project/openlane/mgmt_core_wrapper/runs/RUN_2021.12.26_22.44.57/tmp/routing/14-detailed.v to /project/openlane/mgmt_core_wrapper/runs/RUN_2021.12.26_22.44.57/tmp/finishing/23-powered_netlist.v
[INFO]: Incremented step index to 25.
[INFO]: Running LEF LVS...
[INFO]: /project/openlane/mgmt_core_wrapper/runs/RUN_2021.12.26_22.44.57/results/finishing/mgmt_core_wrapper.spice against /project/openlane/mgmt_core_wrapper/runs/RUN_2021.12.26_22.44.57/tmp/finishing/23-powered_netlist.v
[INFO]: Incremented step index to 26.
[INFO]: Running Magic DRC...
[INFO]: Converting Magic DRC Violations to Magic Readable Format...
[INFO]: Converting Magic DRC Violations to Klayout XML Database...
[INFO]: Converting DRC Violations to RDB Format...
[INFO]: Converted DRC Violations to RDB Format
[INFO]: Running Antenna Checks...
[INFO]: Incremented step index to 27.
[INFO]: Running OpenROAD Antenna Rule Checker...
[INFO]: Your design contains macros, which is not supported by the current integration of CVC. So CVC won't run, however CVC is just a check so it's not critical to your design.
[INFO]: Saving Magic Views in /project/openlane/mgmt_core_wrapper/runs/RUN_2021.12.26_22.44.57/results/final
[INFO]: Calculating Runtime From the Start...
[INFO]: Saving runtime environment...
[INFO]: Generating Final Summary Report...
[INFO]: Design Name: mgmt_core_wrapper
Run Directory: /project/openlane/mgmt_core_wrapper/runs/RUN_2021.12.26_22.44.57
----------------------------------------

Magic DRC Summary:
Source: /project/openlane/mgmt_core_wrapper/runs/RUN_2021.12.26_22.44.57/reports/finishing/drc.rpt
Violation Message "Metal2 > 3um spacing to unrelated m2 < 0.28um (met2.3b) "found 46 Times.
Total Magic DRC violations is 46
----------------------------------------

LVS Summary:
Source: /project/openlane/mgmt_core_wrapper/runs/RUN_2021.12.26_22.44.57/logs/finishing/26-mgmt_core_wrapper.lvs.lef.log
    net count difference = 0
    unmatched nets = 0
Total errors = 1
----------------------------------------

Antenna Summary:
Source: /project/openlane/mgmt_core_wrapper/runs/RUN_2021.12.26_22.44.57/reports/finishing/antenna.rpt
Number of pins violated: 0
Number of nets violated: 0
[INFO]: check full report here: /project/openlane/mgmt_core_wrapper/runs/RUN_2021.12.26_22.44.57/reports/final_summary_report.csv
[INFO]: There are no max slew violations in the design at the typical corner.
[INFO]: There are no hold violations in the design at the typical corner.
[INFO]: There are no setup violations in the design at the typical corner.
[SUCCESS]: Flow complete.
