
===========================================================================
report_checks -path_delay min (Hold)
============================================================================
Startpoint: _29543_ (rising edge-triggered flip-flop clocked by core_clk)
Endpoint: _29542_ (rising edge-triggered flip-flop clocked by core_clk)
Path Group: core_clk
Path Type: min

Fanout     Cap    Slew   Delay    Time   Description
-----------------------------------------------------------------------------
                          0.00    0.00   clock core_clk (rise edge)
                          0.00    0.00   clock source latency
                  1.66    1.17    1.17 ^ core_clk (in)
     1    0.20                           core_clk (net)
                  1.67    0.00    1.17 ^ clkbuf_0_core_clk/A (sky130_fd_sc_hd__clkbuf_16)
                  0.08    0.33    1.50 ^ clkbuf_0_core_clk/X (sky130_fd_sc_hd__clkbuf_16)
     2    0.02                           clknet_0_core_clk (net)
                  0.08    0.00    1.50 ^ clkbuf_1_0_0_core_clk/A (sky130_fd_sc_hd__clkbuf_4)
                  0.05    0.14    1.64 ^ clkbuf_1_0_0_core_clk/X (sky130_fd_sc_hd__clkbuf_4)
     1    0.01                           clknet_1_0_0_core_clk (net)
                  0.05    0.00    1.64 ^ clkbuf_1_0_1_core_clk/A (sky130_fd_sc_hd__clkbuf_4)
                  0.05    0.12    1.76 ^ clkbuf_1_0_1_core_clk/X (sky130_fd_sc_hd__clkbuf_4)
     1    0.01                           clknet_1_0_1_core_clk (net)
                  0.05    0.00    1.76 ^ clkbuf_1_0_2_core_clk/A (sky130_fd_sc_hd__clkbuf_4)
                  0.04    0.12    1.88 ^ clkbuf_1_0_2_core_clk/X (sky130_fd_sc_hd__clkbuf_4)
     1    0.01                           clknet_1_0_2_core_clk (net)
                  0.04    0.00    1.88 ^ clkbuf_1_0_3_core_clk/A (sky130_fd_sc_hd__clkbuf_4)
                  0.03    0.11    1.99 ^ clkbuf_1_0_3_core_clk/X (sky130_fd_sc_hd__clkbuf_4)
     1    0.00                           clknet_1_0_3_core_clk (net)
                  0.03    0.00    1.99 ^ clkbuf_1_0_4_core_clk/A (sky130_fd_sc_hd__clkbuf_4)
                  0.19    0.22    2.21 ^ clkbuf_1_0_4_core_clk/X (sky130_fd_sc_hd__clkbuf_4)
     2    0.06                           clknet_1_0_4_core_clk (net)
                  0.20    0.01    2.22 ^ clkbuf_2_1_0_core_clk/A (sky130_fd_sc_hd__clkbuf_4)
                  0.03    0.16    2.38 ^ clkbuf_2_1_0_core_clk/X (sky130_fd_sc_hd__clkbuf_4)
     1    0.00                           clknet_2_1_0_core_clk (net)
                  0.03    0.00    2.38 ^ clkbuf_2_1_1_core_clk/A (sky130_fd_sc_hd__clkbuf_4)
                  0.12    0.18    2.56 ^ clkbuf_2_1_1_core_clk/X (sky130_fd_sc_hd__clkbuf_4)
     2    0.04                           clknet_2_1_1_core_clk (net)
                  0.12    0.00    2.56 ^ clkbuf_3_2_0_core_clk/A (sky130_fd_sc_hd__clkbuf_4)
                  0.04    0.15    2.71 ^ clkbuf_3_2_0_core_clk/X (sky130_fd_sc_hd__clkbuf_4)
     1    0.01                           clknet_3_2_0_core_clk (net)
                  0.04    0.00    2.71 ^ clkbuf_3_2_1_core_clk/A (sky130_fd_sc_hd__clkbuf_4)
                  0.04    0.12    2.83 ^ clkbuf_3_2_1_core_clk/X (sky130_fd_sc_hd__clkbuf_4)
     1    0.01                           clknet_3_2_1_core_clk (net)
                  0.04    0.00    2.83 ^ clkbuf_3_2_2_core_clk/A (sky130_fd_sc_hd__clkbuf_4)
                  0.09    0.16    2.98 ^ clkbuf_3_2_2_core_clk/X (sky130_fd_sc_hd__clkbuf_4)
     2    0.03                           clknet_3_2_2_core_clk (net)
                  0.09    0.00    2.99 ^ clkbuf_4_5_0_core_clk/A (sky130_fd_sc_hd__clkbuf_4)
                  0.08    0.17    3.16 ^ clkbuf_4_5_0_core_clk/X (sky130_fd_sc_hd__clkbuf_4)
     2    0.02                           clknet_4_5_0_core_clk (net)
                  0.08    0.00    3.16 ^ clkbuf_5_10_0_core_clk/A (sky130_fd_sc_hd__clkbuf_4)
                  0.04    0.13    3.28 ^ clkbuf_5_10_0_core_clk/X (sky130_fd_sc_hd__clkbuf_4)
     1    0.01                           clknet_5_10_0_core_clk (net)
                  0.04    0.00    3.28 ^ clkbuf_5_10_1_core_clk/A (sky130_fd_sc_hd__clkbuf_4)
                  0.34    0.32    3.61 ^ clkbuf_5_10_1_core_clk/X (sky130_fd_sc_hd__clkbuf_4)
     8    0.12                           clknet_5_10_1_core_clk (net)
                  0.34    0.01    3.62 ^ clkbuf_leaf_44_core_clk/A (sky130_fd_sc_hd__clkbuf_16)
                  0.05    0.20    3.82 ^ clkbuf_leaf_44_core_clk/X (sky130_fd_sc_hd__clkbuf_16)
     6    0.02                           clknet_leaf_44_core_clk (net)
                  0.05    0.00    3.82 ^ _29543_/CLK (sky130_fd_sc_hd__dfxtp_1)
                  0.05    0.29    4.11 ^ _29543_/Q (sky130_fd_sc_hd__dfxtp_1)
     1    0.00                           multiregimpl29_regs0 (net)
                  0.05    0.00    4.11 ^ _29542_/D (sky130_fd_sc_hd__dfxtp_1)
                                  4.11   data arrival time

                          0.00    0.00   clock core_clk (rise edge)
                          0.00    0.00   clock source latency
                  1.66    1.29    1.29 ^ core_clk (in)
     1    0.20                           core_clk (net)
                  1.67    0.00    1.29 ^ clkbuf_0_core_clk/A (sky130_fd_sc_hd__clkbuf_16)
                  0.08    0.37    1.66 ^ clkbuf_0_core_clk/X (sky130_fd_sc_hd__clkbuf_16)
     2    0.02                           clknet_0_core_clk (net)
                  0.08    0.00    1.66 ^ clkbuf_1_0_0_core_clk/A (sky130_fd_sc_hd__clkbuf_4)
                  0.05    0.15    1.81 ^ clkbuf_1_0_0_core_clk/X (sky130_fd_sc_hd__clkbuf_4)
     1    0.01                           clknet_1_0_0_core_clk (net)
                  0.05    0.00    1.81 ^ clkbuf_1_0_1_core_clk/A (sky130_fd_sc_hd__clkbuf_4)
                  0.05    0.14    1.95 ^ clkbuf_1_0_1_core_clk/X (sky130_fd_sc_hd__clkbuf_4)
     1    0.01                           clknet_1_0_1_core_clk (net)
                  0.05    0.00    1.95 ^ clkbuf_1_0_2_core_clk/A (sky130_fd_sc_hd__clkbuf_4)
                  0.04    0.13    2.08 ^ clkbuf_1_0_2_core_clk/X (sky130_fd_sc_hd__clkbuf_4)
     1    0.01                           clknet_1_0_2_core_clk (net)
                  0.04    0.00    2.08 ^ clkbuf_1_0_3_core_clk/A (sky130_fd_sc_hd__clkbuf_4)
                  0.03    0.12    2.20 ^ clkbuf_1_0_3_core_clk/X (sky130_fd_sc_hd__clkbuf_4)
     1    0.00                           clknet_1_0_3_core_clk (net)
                  0.03    0.00    2.20 ^ clkbuf_1_0_4_core_clk/A (sky130_fd_sc_hd__clkbuf_4)
                  0.19    0.25    2.44 ^ clkbuf_1_0_4_core_clk/X (sky130_fd_sc_hd__clkbuf_4)
     2    0.06                           clknet_1_0_4_core_clk (net)
                  0.20    0.01    2.46 ^ clkbuf_2_1_0_core_clk/A (sky130_fd_sc_hd__clkbuf_4)
                  0.03    0.18    2.64 ^ clkbuf_2_1_0_core_clk/X (sky130_fd_sc_hd__clkbuf_4)
     1    0.00                           clknet_2_1_0_core_clk (net)
                  0.03    0.00    2.64 ^ clkbuf_2_1_1_core_clk/A (sky130_fd_sc_hd__clkbuf_4)
                  0.12    0.20    2.83 ^ clkbuf_2_1_1_core_clk/X (sky130_fd_sc_hd__clkbuf_4)
     2    0.04                           clknet_2_1_1_core_clk (net)
                  0.12    0.00    2.83 ^ clkbuf_3_2_0_core_clk/A (sky130_fd_sc_hd__clkbuf_4)
                  0.04    0.17    3.00 ^ clkbuf_3_2_0_core_clk/X (sky130_fd_sc_hd__clkbuf_4)
     1    0.01                           clknet_3_2_0_core_clk (net)
                  0.04    0.00    3.00 ^ clkbuf_3_2_1_core_clk/A (sky130_fd_sc_hd__clkbuf_4)
                  0.04    0.13    3.13 ^ clkbuf_3_2_1_core_clk/X (sky130_fd_sc_hd__clkbuf_4)
     1    0.01                           clknet_3_2_1_core_clk (net)
                  0.04    0.00    3.13 ^ clkbuf_3_2_2_core_clk/A (sky130_fd_sc_hd__clkbuf_4)
                  0.09    0.17    3.30 ^ clkbuf_3_2_2_core_clk/X (sky130_fd_sc_hd__clkbuf_4)
     2    0.03                           clknet_3_2_2_core_clk (net)
                  0.09    0.00    3.30 ^ clkbuf_4_4_0_core_clk/A (sky130_fd_sc_hd__clkbuf_4)
                  0.06    0.17    3.47 ^ clkbuf_4_4_0_core_clk/X (sky130_fd_sc_hd__clkbuf_4)
     2    0.02                           clknet_4_4_0_core_clk (net)
                  0.06    0.00    3.47 ^ clkbuf_5_8_0_core_clk/A (sky130_fd_sc_hd__clkbuf_4)
                  0.04    0.13    3.61 ^ clkbuf_5_8_0_core_clk/X (sky130_fd_sc_hd__clkbuf_4)
     1    0.01                           clknet_5_8_0_core_clk (net)
                  0.04    0.00    3.61 ^ clkbuf_5_8_1_core_clk/A (sky130_fd_sc_hd__clkbuf_4)
                  0.59    0.54    4.15 ^ clkbuf_5_8_1_core_clk/X (sky130_fd_sc_hd__clkbuf_4)
    14    0.20                           clknet_5_8_1_core_clk (net)
                  0.59    0.00    4.15 ^ clkbuf_opt_24_0_core_clk/A (sky130_fd_sc_hd__clkbuf_16)
                  0.05    0.26    4.41 ^ clkbuf_opt_24_0_core_clk/X (sky130_fd_sc_hd__clkbuf_16)
     1    0.01                           clknet_opt_24_0_core_clk (net)
                  0.05    0.00    4.41 ^ clkbuf_opt_24_1_core_clk/A (sky130_fd_sc_hd__clkbuf_16)
                  0.04    0.13    4.54 ^ clkbuf_opt_24_1_core_clk/X (sky130_fd_sc_hd__clkbuf_16)
     1    0.02                           clknet_opt_24_1_core_clk (net)
                  0.04    0.00    4.54 ^ clkbuf_leaf_43_core_clk/A (sky130_fd_sc_hd__clkbuf_16)
                  0.08    0.16    4.71 ^ clkbuf_leaf_43_core_clk/X (sky130_fd_sc_hd__clkbuf_16)
    17    0.06                           clknet_leaf_43_core_clk (net)
                  0.08    0.00    4.71 ^ _29542_/CLK (sky130_fd_sc_hd__dfxtp_1)
                          0.25    4.96   clock uncertainty
                         -0.31    4.64   clock reconvergence pessimism
                         -0.03    4.62   library hold time
                                  4.62   data required time
-----------------------------------------------------------------------------
                                  4.62   data required time
                                 -4.11   data arrival time
-----------------------------------------------------------------------------
                                 -0.51   slack (VIOLATED)


Startpoint: _32387_ (rising edge-triggered flip-flop clocked by core_clk)
Endpoint: _29667_ (rising edge-triggered flip-flop clocked by core_clk)
Path Group: core_clk
Path Type: min

Fanout     Cap    Slew   Delay    Time   Description
-----------------------------------------------------------------------------
                          0.00    0.00   clock core_clk (rise edge)
                          0.00    0.00   clock source latency
                  1.66    1.17    1.17 ^ core_clk (in)
     1    0.20                           core_clk (net)
                  1.67    0.00    1.17 ^ clkbuf_0_core_clk/A (sky130_fd_sc_hd__clkbuf_16)
                  0.08    0.33    1.50 ^ clkbuf_0_core_clk/X (sky130_fd_sc_hd__clkbuf_16)
     2    0.02                           clknet_0_core_clk (net)
                  0.08    0.00    1.50 ^ clkbuf_1_1_0_core_clk/A (sky130_fd_sc_hd__clkbuf_4)
                  0.05    0.14    1.64 ^ clkbuf_1_1_0_core_clk/X (sky130_fd_sc_hd__clkbuf_4)
     1    0.01                           clknet_1_1_0_core_clk (net)
                  0.05    0.00    1.64 ^ clkbuf_1_1_1_core_clk/A (sky130_fd_sc_hd__clkbuf_4)
                  0.05    0.12    1.76 ^ clkbuf_1_1_1_core_clk/X (sky130_fd_sc_hd__clkbuf_4)
     1    0.01                           clknet_1_1_1_core_clk (net)
                  0.05    0.00    1.76 ^ clkbuf_1_1_2_core_clk/A (sky130_fd_sc_hd__clkbuf_4)
                  0.05    0.12    1.89 ^ clkbuf_1_1_2_core_clk/X (sky130_fd_sc_hd__clkbuf_4)
     1    0.01                           clknet_1_1_2_core_clk (net)
                  0.05    0.00    1.89 ^ clkbuf_1_1_3_core_clk/A (sky130_fd_sc_hd__clkbuf_4)
                  0.05    0.12    2.01 ^ clkbuf_1_1_3_core_clk/X (sky130_fd_sc_hd__clkbuf_4)
     1    0.01                           clknet_1_1_3_core_clk (net)
                  0.05    0.00    2.01 ^ clkbuf_1_1_4_core_clk/A (sky130_fd_sc_hd__clkbuf_4)
                  0.16    0.20    2.22 ^ clkbuf_1_1_4_core_clk/X (sky130_fd_sc_hd__clkbuf_4)
     2    0.05                           clknet_1_1_4_core_clk (net)
                  0.16    0.01    2.22 ^ clkbuf_2_3_0_core_clk/A (sky130_fd_sc_hd__clkbuf_4)
                  0.05    0.16    2.39 ^ clkbuf_2_3_0_core_clk/X (sky130_fd_sc_hd__clkbuf_4)
     1    0.01                           clknet_2_3_0_core_clk (net)
                  0.05    0.00    2.39 ^ clkbuf_2_3_1_core_clk/A (sky130_fd_sc_hd__clkbuf_4)
                  0.13    0.19    2.58 ^ clkbuf_2_3_1_core_clk/X (sky130_fd_sc_hd__clkbuf_4)
     2    0.04                           clknet_2_3_1_core_clk (net)
                  0.13    0.00    2.58 ^ clkbuf_3_6_0_core_clk/A (sky130_fd_sc_hd__clkbuf_4)
                  0.04    0.15    2.74 ^ clkbuf_3_6_0_core_clk/X (sky130_fd_sc_hd__clkbuf_4)
     1    0.01                           clknet_3_6_0_core_clk (net)
                  0.04    0.00    2.74 ^ clkbuf_3_6_1_core_clk/A (sky130_fd_sc_hd__clkbuf_4)
                  0.04    0.12    2.85 ^ clkbuf_3_6_1_core_clk/X (sky130_fd_sc_hd__clkbuf_4)
     1    0.01                           clknet_3_6_1_core_clk (net)
                  0.04    0.00    2.85 ^ clkbuf_3_6_2_core_clk/A (sky130_fd_sc_hd__clkbuf_4)
                  0.10    0.16    3.01 ^ clkbuf_3_6_2_core_clk/X (sky130_fd_sc_hd__clkbuf_4)
     2    0.03                           clknet_3_6_2_core_clk (net)
                  0.10    0.00    3.02 ^ clkbuf_4_12_0_core_clk/A (sky130_fd_sc_hd__clkbuf_4)
                  0.09    0.18    3.20 ^ clkbuf_4_12_0_core_clk/X (sky130_fd_sc_hd__clkbuf_4)
     2    0.03                           clknet_4_12_0_core_clk (net)
                  0.09    0.00    3.20 ^ clkbuf_5_24_0_core_clk/A (sky130_fd_sc_hd__clkbuf_4)
                  0.04    0.13    3.33 ^ clkbuf_5_24_0_core_clk/X (sky130_fd_sc_hd__clkbuf_4)
     1    0.01                           clknet_5_24_0_core_clk (net)
                  0.04    0.00    3.33 ^ clkbuf_5_24_1_core_clk/A (sky130_fd_sc_hd__clkbuf_4)
                  0.59    0.49    3.82 ^ clkbuf_5_24_1_core_clk/X (sky130_fd_sc_hd__clkbuf_4)
    13    0.20                           clknet_5_24_1_core_clk (net)
                  0.59    0.01    3.83 ^ clkbuf_leaf_106_core_clk/A (sky130_fd_sc_hd__clkbuf_16)
                  0.06    0.25    4.08 ^ clkbuf_leaf_106_core_clk/X (sky130_fd_sc_hd__clkbuf_16)
     6    0.02                           clknet_leaf_106_core_clk (net)
                  0.06    0.00    4.08 ^ _32387_/CLK (sky130_fd_sc_hd__dfxtp_4)
                  0.14    0.40    4.47 ^ _32387_/Q (sky130_fd_sc_hd__dfxtp_4)
     7    0.04                           VexRiscv.DebugPlugin_haltIt (net)
                  0.14    0.00    4.47 ^ _27828_/A0 (sky130_fd_sc_hd__mux2_1)
                  0.09    0.17    4.65 ^ _27828_/X (sky130_fd_sc_hd__mux2_1)
     1    0.01                           VexRiscv.debug_bus_rsp_data[1] (net)
                  0.09    0.00    4.65 ^ _29667_/D (sky130_fd_sc_hd__dfxtp_2)
                                  4.65   data arrival time

                          0.00    0.00   clock core_clk (rise edge)
                          0.00    0.00   clock source latency
                  1.66    1.29    1.29 ^ core_clk (in)
     1    0.20                           core_clk (net)
                  1.67    0.00    1.29 ^ clkbuf_0_core_clk/A (sky130_fd_sc_hd__clkbuf_16)
                  0.08    0.37    1.66 ^ clkbuf_0_core_clk/X (sky130_fd_sc_hd__clkbuf_16)
     2    0.02                           clknet_0_core_clk (net)
                  0.08    0.00    1.66 ^ clkbuf_1_0_0_core_clk/A (sky130_fd_sc_hd__clkbuf_4)
                  0.05    0.15    1.81 ^ clkbuf_1_0_0_core_clk/X (sky130_fd_sc_hd__clkbuf_4)
     1    0.01                           clknet_1_0_0_core_clk (net)
                  0.05    0.00    1.81 ^ clkbuf_1_0_1_core_clk/A (sky130_fd_sc_hd__clkbuf_4)
                  0.05    0.14    1.95 ^ clkbuf_1_0_1_core_clk/X (sky130_fd_sc_hd__clkbuf_4)
     1    0.01                           clknet_1_0_1_core_clk (net)
                  0.05    0.00    1.95 ^ clkbuf_1_0_2_core_clk/A (sky130_fd_sc_hd__clkbuf_4)
                  0.04    0.13    2.08 ^ clkbuf_1_0_2_core_clk/X (sky130_fd_sc_hd__clkbuf_4)
     1    0.01                           clknet_1_0_2_core_clk (net)
                  0.04    0.00    2.08 ^ clkbuf_1_0_3_core_clk/A (sky130_fd_sc_hd__clkbuf_4)
                  0.03    0.12    2.20 ^ clkbuf_1_0_3_core_clk/X (sky130_fd_sc_hd__clkbuf_4)
     1    0.00                           clknet_1_0_3_core_clk (net)
                  0.03    0.00    2.20 ^ clkbuf_1_0_4_core_clk/A (sky130_fd_sc_hd__clkbuf_4)
                  0.19    0.25    2.44 ^ clkbuf_1_0_4_core_clk/X (sky130_fd_sc_hd__clkbuf_4)
     2    0.06                           clknet_1_0_4_core_clk (net)
                  0.20    0.01    2.46 ^ clkbuf_2_0_0_core_clk/A (sky130_fd_sc_hd__clkbuf_4)
                  0.03    0.17    2.63 ^ clkbuf_2_0_0_core_clk/X (sky130_fd_sc_hd__clkbuf_4)
     1    0.00                           clknet_2_0_0_core_clk (net)
                  0.03    0.00    2.63 ^ clkbuf_2_0_1_core_clk/A (sky130_fd_sc_hd__clkbuf_4)
                  0.40    0.40    3.03 ^ clkbuf_2_0_1_core_clk/X (sky130_fd_sc_hd__clkbuf_4)
     2    0.14                           clknet_2_0_1_core_clk (net)
                  0.40    0.01    3.04 ^ clkbuf_3_1_0_core_clk/A (sky130_fd_sc_hd__clkbuf_4)
                  0.04    0.23    3.27 ^ clkbuf_3_1_0_core_clk/X (sky130_fd_sc_hd__clkbuf_4)
     1    0.00                           clknet_3_1_0_core_clk (net)
                  0.04    0.00    3.27 ^ clkbuf_3_1_1_core_clk/A (sky130_fd_sc_hd__clkbuf_4)
                  0.03    0.12    3.39 ^ clkbuf_3_1_1_core_clk/X (sky130_fd_sc_hd__clkbuf_4)
     1    0.00                           clknet_3_1_1_core_clk (net)
                  0.03    0.00    3.39 ^ clkbuf_3_1_2_core_clk/A (sky130_fd_sc_hd__clkbuf_4)
                  0.08    0.16    3.55 ^ clkbuf_3_1_2_core_clk/X (sky130_fd_sc_hd__clkbuf_4)
     2    0.02                           clknet_3_1_2_core_clk (net)
                  0.08    0.00    3.55 ^ clkbuf_4_3_0_core_clk/A (sky130_fd_sc_hd__clkbuf_4)
                  0.09    0.19    3.75 ^ clkbuf_4_3_0_core_clk/X (sky130_fd_sc_hd__clkbuf_4)
     2    0.03                           clknet_4_3_0_core_clk (net)
                  0.09    0.00    3.75 ^ clkbuf_5_7_0_core_clk/A (sky130_fd_sc_hd__clkbuf_4)
                  0.04    0.15    3.89 ^ clkbuf_5_7_0_core_clk/X (sky130_fd_sc_hd__clkbuf_4)
     1    0.01                           clknet_5_7_0_core_clk (net)
                  0.04    0.00    3.89 ^ clkbuf_5_7_1_core_clk/A (sky130_fd_sc_hd__clkbuf_4)
                  0.57    0.53    4.42 ^ clkbuf_5_7_1_core_clk/X (sky130_fd_sc_hd__clkbuf_4)
    13    0.20                           clknet_5_7_1_core_clk (net)
                  0.57    0.00    4.43 ^ clkbuf_opt_20_0_core_clk/A (sky130_fd_sc_hd__clkbuf_16)
                  0.05    0.26    4.69 ^ clkbuf_opt_20_0_core_clk/X (sky130_fd_sc_hd__clkbuf_16)
     1    0.01                           clknet_opt_20_0_core_clk (net)
                  0.05    0.00    4.69 ^ clkbuf_opt_20_1_core_clk/A (sky130_fd_sc_hd__clkbuf_16)
                  0.04    0.13    4.82 ^ clkbuf_opt_20_1_core_clk/X (sky130_fd_sc_hd__clkbuf_16)
     1    0.02                           clknet_opt_20_1_core_clk (net)
                  0.04    0.00    4.82 ^ clkbuf_leaf_104_core_clk/A (sky130_fd_sc_hd__clkbuf_16)
                  0.06    0.15    4.97 ^ clkbuf_leaf_104_core_clk/X (sky130_fd_sc_hd__clkbuf_16)
    10    0.04                           clknet_leaf_104_core_clk (net)
                  0.06    0.00    4.97 ^ _29667_/CLK (sky130_fd_sc_hd__dfxtp_2)
                          0.25    5.22   clock uncertainty
                         -0.16    5.06   clock reconvergence pessimism
                         -0.04    5.03   library hold time
                                  5.03   data required time
-----------------------------------------------------------------------------
                                  5.03   data required time
                                 -4.65   data arrival time
-----------------------------------------------------------------------------
                                 -0.38   slack (VIOLATED)


Startpoint: _32389_ (rising edge-triggered flip-flop clocked by core_clk)
Endpoint: _29669_ (rising edge-triggered flip-flop clocked by core_clk)
Path Group: core_clk
Path Type: min

Fanout     Cap    Slew   Delay    Time   Description
-----------------------------------------------------------------------------
                          0.00    0.00   clock core_clk (rise edge)
                          0.00    0.00   clock source latency
                  1.66    1.17    1.17 ^ core_clk (in)
     1    0.20                           core_clk (net)
                  1.67    0.00    1.17 ^ clkbuf_0_core_clk/A (sky130_fd_sc_hd__clkbuf_16)
                  0.08    0.33    1.50 ^ clkbuf_0_core_clk/X (sky130_fd_sc_hd__clkbuf_16)
     2    0.02                           clknet_0_core_clk (net)
                  0.08    0.00    1.50 ^ clkbuf_1_1_0_core_clk/A (sky130_fd_sc_hd__clkbuf_4)
                  0.05    0.14    1.64 ^ clkbuf_1_1_0_core_clk/X (sky130_fd_sc_hd__clkbuf_4)
     1    0.01                           clknet_1_1_0_core_clk (net)
                  0.05    0.00    1.64 ^ clkbuf_1_1_1_core_clk/A (sky130_fd_sc_hd__clkbuf_4)
                  0.05    0.12    1.76 ^ clkbuf_1_1_1_core_clk/X (sky130_fd_sc_hd__clkbuf_4)
     1    0.01                           clknet_1_1_1_core_clk (net)
                  0.05    0.00    1.76 ^ clkbuf_1_1_2_core_clk/A (sky130_fd_sc_hd__clkbuf_4)
                  0.05    0.12    1.89 ^ clkbuf_1_1_2_core_clk/X (sky130_fd_sc_hd__clkbuf_4)
     1    0.01                           clknet_1_1_2_core_clk (net)
                  0.05    0.00    1.89 ^ clkbuf_1_1_3_core_clk/A (sky130_fd_sc_hd__clkbuf_4)
                  0.05    0.12    2.01 ^ clkbuf_1_1_3_core_clk/X (sky130_fd_sc_hd__clkbuf_4)
     1    0.01                           clknet_1_1_3_core_clk (net)
                  0.05    0.00    2.01 ^ clkbuf_1_1_4_core_clk/A (sky130_fd_sc_hd__clkbuf_4)
                  0.16    0.20    2.22 ^ clkbuf_1_1_4_core_clk/X (sky130_fd_sc_hd__clkbuf_4)
     2    0.05                           clknet_1_1_4_core_clk (net)
                  0.16    0.01    2.22 ^ clkbuf_2_3_0_core_clk/A (sky130_fd_sc_hd__clkbuf_4)
                  0.05    0.16    2.39 ^ clkbuf_2_3_0_core_clk/X (sky130_fd_sc_hd__clkbuf_4)
     1    0.01                           clknet_2_3_0_core_clk (net)
                  0.05    0.00    2.39 ^ clkbuf_2_3_1_core_clk/A (sky130_fd_sc_hd__clkbuf_4)
                  0.13    0.19    2.58 ^ clkbuf_2_3_1_core_clk/X (sky130_fd_sc_hd__clkbuf_4)
     2    0.04                           clknet_2_3_1_core_clk (net)
                  0.13    0.00    2.58 ^ clkbuf_3_6_0_core_clk/A (sky130_fd_sc_hd__clkbuf_4)
                  0.04    0.15    2.74 ^ clkbuf_3_6_0_core_clk/X (sky130_fd_sc_hd__clkbuf_4)
     1    0.01                           clknet_3_6_0_core_clk (net)
                  0.04    0.00    2.74 ^ clkbuf_3_6_1_core_clk/A (sky130_fd_sc_hd__clkbuf_4)
                  0.04    0.12    2.85 ^ clkbuf_3_6_1_core_clk/X (sky130_fd_sc_hd__clkbuf_4)
     1    0.01                           clknet_3_6_1_core_clk (net)
                  0.04    0.00    2.85 ^ clkbuf_3_6_2_core_clk/A (sky130_fd_sc_hd__clkbuf_4)
                  0.10    0.16    3.01 ^ clkbuf_3_6_2_core_clk/X (sky130_fd_sc_hd__clkbuf_4)
     2    0.03                           clknet_3_6_2_core_clk (net)
                  0.10    0.00    3.02 ^ clkbuf_4_12_0_core_clk/A (sky130_fd_sc_hd__clkbuf_4)
                  0.09    0.18    3.20 ^ clkbuf_4_12_0_core_clk/X (sky130_fd_sc_hd__clkbuf_4)
     2    0.03                           clknet_4_12_0_core_clk (net)
                  0.09    0.00    3.20 ^ clkbuf_5_24_0_core_clk/A (sky130_fd_sc_hd__clkbuf_4)
                  0.04    0.13    3.33 ^ clkbuf_5_24_0_core_clk/X (sky130_fd_sc_hd__clkbuf_4)
     1    0.01                           clknet_5_24_0_core_clk (net)
                  0.04    0.00    3.33 ^ clkbuf_5_24_1_core_clk/A (sky130_fd_sc_hd__clkbuf_4)
                  0.59    0.49    3.82 ^ clkbuf_5_24_1_core_clk/X (sky130_fd_sc_hd__clkbuf_4)
    13    0.20                           clknet_5_24_1_core_clk (net)
                  0.59    0.01    3.83 ^ clkbuf_leaf_106_core_clk/A (sky130_fd_sc_hd__clkbuf_16)
                  0.06    0.25    4.08 ^ clkbuf_leaf_106_core_clk/X (sky130_fd_sc_hd__clkbuf_16)
     6    0.02                           clknet_leaf_106_core_clk (net)
                  0.06    0.00    4.08 ^ _32389_/CLK (sky130_fd_sc_hd__dfxtp_1)
                  0.15    0.37    4.44 ^ _32389_/Q (sky130_fd_sc_hd__dfxtp_1)
     5    0.02                           VexRiscv.DebugPlugin_haltedByBreak (net)
                  0.15    0.00    4.44 ^ _27830_/A0 (sky130_fd_sc_hd__mux2_1)
                  0.13    0.21    4.65 ^ _27830_/X (sky130_fd_sc_hd__mux2_1)
     1    0.01                           VexRiscv.debug_bus_rsp_data[3] (net)
                  0.13    0.00    4.66 ^ _29669_/D (sky130_fd_sc_hd__dfxtp_2)
                                  4.66   data arrival time

                          0.00    0.00   clock core_clk (rise edge)
                          0.00    0.00   clock source latency
                  1.66    1.29    1.29 ^ core_clk (in)
     1    0.20                           core_clk (net)
                  1.67    0.00    1.29 ^ clkbuf_0_core_clk/A (sky130_fd_sc_hd__clkbuf_16)
                  0.08    0.37    1.66 ^ clkbuf_0_core_clk/X (sky130_fd_sc_hd__clkbuf_16)
     2    0.02                           clknet_0_core_clk (net)
                  0.08    0.00    1.66 ^ clkbuf_1_0_0_core_clk/A (sky130_fd_sc_hd__clkbuf_4)
                  0.05    0.15    1.81 ^ clkbuf_1_0_0_core_clk/X (sky130_fd_sc_hd__clkbuf_4)
     1    0.01                           clknet_1_0_0_core_clk (net)
                  0.05    0.00    1.81 ^ clkbuf_1_0_1_core_clk/A (sky130_fd_sc_hd__clkbuf_4)
                  0.05    0.14    1.95 ^ clkbuf_1_0_1_core_clk/X (sky130_fd_sc_hd__clkbuf_4)
     1    0.01                           clknet_1_0_1_core_clk (net)
                  0.05    0.00    1.95 ^ clkbuf_1_0_2_core_clk/A (sky130_fd_sc_hd__clkbuf_4)
                  0.04    0.13    2.08 ^ clkbuf_1_0_2_core_clk/X (sky130_fd_sc_hd__clkbuf_4)
     1    0.01                           clknet_1_0_2_core_clk (net)
                  0.04    0.00    2.08 ^ clkbuf_1_0_3_core_clk/A (sky130_fd_sc_hd__clkbuf_4)
                  0.03    0.12    2.20 ^ clkbuf_1_0_3_core_clk/X (sky130_fd_sc_hd__clkbuf_4)
     1    0.00                           clknet_1_0_3_core_clk (net)
                  0.03    0.00    2.20 ^ clkbuf_1_0_4_core_clk/A (sky130_fd_sc_hd__clkbuf_4)
                  0.19    0.25    2.44 ^ clkbuf_1_0_4_core_clk/X (sky130_fd_sc_hd__clkbuf_4)
     2    0.06                           clknet_1_0_4_core_clk (net)
                  0.20    0.01    2.46 ^ clkbuf_2_0_0_core_clk/A (sky130_fd_sc_hd__clkbuf_4)
                  0.03    0.17    2.63 ^ clkbuf_2_0_0_core_clk/X (sky130_fd_sc_hd__clkbuf_4)
     1    0.00                           clknet_2_0_0_core_clk (net)
                  0.03    0.00    2.63 ^ clkbuf_2_0_1_core_clk/A (sky130_fd_sc_hd__clkbuf_4)
                  0.40    0.40    3.03 ^ clkbuf_2_0_1_core_clk/X (sky130_fd_sc_hd__clkbuf_4)
     2    0.14                           clknet_2_0_1_core_clk (net)
                  0.40    0.01    3.04 ^ clkbuf_3_1_0_core_clk/A (sky130_fd_sc_hd__clkbuf_4)
                  0.04    0.23    3.27 ^ clkbuf_3_1_0_core_clk/X (sky130_fd_sc_hd__clkbuf_4)
     1    0.00                           clknet_3_1_0_core_clk (net)
                  0.04    0.00    3.27 ^ clkbuf_3_1_1_core_clk/A (sky130_fd_sc_hd__clkbuf_4)
                  0.03    0.12    3.39 ^ clkbuf_3_1_1_core_clk/X (sky130_fd_sc_hd__clkbuf_4)
     1    0.00                           clknet_3_1_1_core_clk (net)
                  0.03    0.00    3.39 ^ clkbuf_3_1_2_core_clk/A (sky130_fd_sc_hd__clkbuf_4)
                  0.08    0.16    3.55 ^ clkbuf_3_1_2_core_clk/X (sky130_fd_sc_hd__clkbuf_4)
     2    0.02                           clknet_3_1_2_core_clk (net)
                  0.08    0.00    3.55 ^ clkbuf_4_3_0_core_clk/A (sky130_fd_sc_hd__clkbuf_4)
                  0.09    0.19    3.75 ^ clkbuf_4_3_0_core_clk/X (sky130_fd_sc_hd__clkbuf_4)
     2    0.03                           clknet_4_3_0_core_clk (net)
                  0.09    0.00    3.75 ^ clkbuf_5_7_0_core_clk/A (sky130_fd_sc_hd__clkbuf_4)
                  0.04    0.15    3.89 ^ clkbuf_5_7_0_core_clk/X (sky130_fd_sc_hd__clkbuf_4)
     1    0.01                           clknet_5_7_0_core_clk (net)
                  0.04    0.00    3.89 ^ clkbuf_5_7_1_core_clk/A (sky130_fd_sc_hd__clkbuf_4)
                  0.57    0.53    4.42 ^ clkbuf_5_7_1_core_clk/X (sky130_fd_sc_hd__clkbuf_4)
    13    0.20                           clknet_5_7_1_core_clk (net)
                  0.57    0.00    4.43 ^ clkbuf_opt_20_0_core_clk/A (sky130_fd_sc_hd__clkbuf_16)
                  0.05    0.26    4.69 ^ clkbuf_opt_20_0_core_clk/X (sky130_fd_sc_hd__clkbuf_16)
     1    0.01                           clknet_opt_20_0_core_clk (net)
                  0.05    0.00    4.69 ^ clkbuf_opt_20_1_core_clk/A (sky130_fd_sc_hd__clkbuf_16)
                  0.04    0.13    4.82 ^ clkbuf_opt_20_1_core_clk/X (sky130_fd_sc_hd__clkbuf_16)
     1    0.02                           clknet_opt_20_1_core_clk (net)
                  0.04    0.00    4.82 ^ clkbuf_leaf_104_core_clk/A (sky130_fd_sc_hd__clkbuf_16)
                  0.06    0.15    4.97 ^ clkbuf_leaf_104_core_clk/X (sky130_fd_sc_hd__clkbuf_16)
    10    0.04                           clknet_leaf_104_core_clk (net)
                  0.06    0.00    4.97 ^ _29669_/CLK (sky130_fd_sc_hd__dfxtp_2)
                          0.25    5.22   clock uncertainty
                         -0.16    5.06   clock reconvergence pessimism
                         -0.05    5.02   library hold time
                                  5.02   data required time
-----------------------------------------------------------------------------
                                  5.02   data required time
                                 -4.66   data arrival time
-----------------------------------------------------------------------------
                                 -0.36   slack (VIOLATED)


Startpoint: _33324_ (rising edge-triggered flip-flop clocked by core_clk)
Endpoint: _30819_ (rising edge-triggered flip-flop clocked by core_clk)
Path Group: core_clk
Path Type: min

Fanout     Cap    Slew   Delay    Time   Description
-----------------------------------------------------------------------------
                          0.00    0.00   clock core_clk (rise edge)
                          0.00    0.00   clock source latency
                  1.66    1.17    1.17 ^ core_clk (in)
     1    0.20                           core_clk (net)
                  1.67    0.00    1.17 ^ clkbuf_0_core_clk/A (sky130_fd_sc_hd__clkbuf_16)
                  0.08    0.33    1.50 ^ clkbuf_0_core_clk/X (sky130_fd_sc_hd__clkbuf_16)
     2    0.02                           clknet_0_core_clk (net)
                  0.08    0.00    1.50 ^ clkbuf_1_1_0_core_clk/A (sky130_fd_sc_hd__clkbuf_4)
                  0.05    0.14    1.64 ^ clkbuf_1_1_0_core_clk/X (sky130_fd_sc_hd__clkbuf_4)
     1    0.01                           clknet_1_1_0_core_clk (net)
                  0.05    0.00    1.64 ^ clkbuf_1_1_1_core_clk/A (sky130_fd_sc_hd__clkbuf_4)
                  0.05    0.12    1.76 ^ clkbuf_1_1_1_core_clk/X (sky130_fd_sc_hd__clkbuf_4)
     1    0.01                           clknet_1_1_1_core_clk (net)
                  0.05    0.00    1.76 ^ clkbuf_1_1_2_core_clk/A (sky130_fd_sc_hd__clkbuf_4)
                  0.05    0.12    1.89 ^ clkbuf_1_1_2_core_clk/X (sky130_fd_sc_hd__clkbuf_4)
     1    0.01                           clknet_1_1_2_core_clk (net)
                  0.05    0.00    1.89 ^ clkbuf_1_1_3_core_clk/A (sky130_fd_sc_hd__clkbuf_4)
                  0.05    0.12    2.01 ^ clkbuf_1_1_3_core_clk/X (sky130_fd_sc_hd__clkbuf_4)
     1    0.01                           clknet_1_1_3_core_clk (net)
                  0.05    0.00    2.01 ^ clkbuf_1_1_4_core_clk/A (sky130_fd_sc_hd__clkbuf_4)
                  0.16    0.20    2.22 ^ clkbuf_1_1_4_core_clk/X (sky130_fd_sc_hd__clkbuf_4)
     2    0.05                           clknet_1_1_4_core_clk (net)
                  0.16    0.01    2.22 ^ clkbuf_2_3_0_core_clk/A (sky130_fd_sc_hd__clkbuf_4)
                  0.05    0.16    2.39 ^ clkbuf_2_3_0_core_clk/X (sky130_fd_sc_hd__clkbuf_4)
     1    0.01                           clknet_2_3_0_core_clk (net)
                  0.05    0.00    2.39 ^ clkbuf_2_3_1_core_clk/A (sky130_fd_sc_hd__clkbuf_4)
                  0.13    0.19    2.58 ^ clkbuf_2_3_1_core_clk/X (sky130_fd_sc_hd__clkbuf_4)
     2    0.04                           clknet_2_3_1_core_clk (net)
                  0.13    0.00    2.58 ^ clkbuf_3_6_0_core_clk/A (sky130_fd_sc_hd__clkbuf_4)
                  0.04    0.15    2.74 ^ clkbuf_3_6_0_core_clk/X (sky130_fd_sc_hd__clkbuf_4)
     1    0.01                           clknet_3_6_0_core_clk (net)
                  0.04    0.00    2.74 ^ clkbuf_3_6_1_core_clk/A (sky130_fd_sc_hd__clkbuf_4)
                  0.04    0.12    2.85 ^ clkbuf_3_6_1_core_clk/X (sky130_fd_sc_hd__clkbuf_4)
     1    0.01                           clknet_3_6_1_core_clk (net)
                  0.04    0.00    2.85 ^ clkbuf_3_6_2_core_clk/A (sky130_fd_sc_hd__clkbuf_4)
                  0.10    0.16    3.01 ^ clkbuf_3_6_2_core_clk/X (sky130_fd_sc_hd__clkbuf_4)
     2    0.03                           clknet_3_6_2_core_clk (net)
                  0.10    0.00    3.02 ^ clkbuf_4_12_0_core_clk/A (sky130_fd_sc_hd__clkbuf_4)
                  0.09    0.18    3.20 ^ clkbuf_4_12_0_core_clk/X (sky130_fd_sc_hd__clkbuf_4)
     2    0.03                           clknet_4_12_0_core_clk (net)
                  0.09    0.00    3.20 ^ clkbuf_5_25_0_core_clk/A (sky130_fd_sc_hd__clkbuf_4)
                  0.04    0.13    3.33 ^ clkbuf_5_25_0_core_clk/X (sky130_fd_sc_hd__clkbuf_4)
     1    0.01                           clknet_5_25_0_core_clk (net)
                  0.04    0.00    3.33 ^ clkbuf_5_25_1_core_clk/A (sky130_fd_sc_hd__clkbuf_4)
                  0.53    0.45    3.78 ^ clkbuf_5_25_1_core_clk/X (sky130_fd_sc_hd__clkbuf_4)
    12    0.18                           clknet_5_25_1_core_clk (net)
                  0.53    0.00    3.78 ^ clkbuf_leaf_218_core_clk/A (sky130_fd_sc_hd__clkbuf_16)
                  0.07    0.26    4.03 ^ clkbuf_leaf_218_core_clk/X (sky130_fd_sc_hd__clkbuf_16)
    11    0.05                           clknet_leaf_218_core_clk (net)
                  0.07    0.00    4.03 ^ _33324_/CLK (sky130_fd_sc_hd__dfxtp_4)
                  0.27    0.49    4.53 ^ _33324_/Q (sky130_fd_sc_hd__dfxtp_4)
     6    0.10                           debug_rx_data[1] (net)
                  0.28    0.01    4.54 ^ _23345_/A1 (sky130_fd_sc_hd__a221o_1)
                  0.04    0.19    4.73 ^ _23345_/X (sky130_fd_sc_hd__a221o_1)
     1    0.00                           _03491_ (net)
                  0.04    0.00    4.73 ^ _30819_/D (sky130_fd_sc_hd__dfxtp_4)
                                  4.73   data arrival time

                          0.00    0.00   clock core_clk (rise edge)
                          0.00    0.00   clock source latency
                  1.66    1.29    1.29 ^ core_clk (in)
     1    0.20                           core_clk (net)
                  1.67    0.00    1.29 ^ clkbuf_0_core_clk/A (sky130_fd_sc_hd__clkbuf_16)
                  0.08    0.37    1.66 ^ clkbuf_0_core_clk/X (sky130_fd_sc_hd__clkbuf_16)
     2    0.02                           clknet_0_core_clk (net)
                  0.08    0.00    1.66 ^ clkbuf_1_0_0_core_clk/A (sky130_fd_sc_hd__clkbuf_4)
                  0.05    0.15    1.81 ^ clkbuf_1_0_0_core_clk/X (sky130_fd_sc_hd__clkbuf_4)
     1    0.01                           clknet_1_0_0_core_clk (net)
                  0.05    0.00    1.81 ^ clkbuf_1_0_1_core_clk/A (sky130_fd_sc_hd__clkbuf_4)
                  0.05    0.14    1.95 ^ clkbuf_1_0_1_core_clk/X (sky130_fd_sc_hd__clkbuf_4)
     1    0.01                           clknet_1_0_1_core_clk (net)
                  0.05    0.00    1.95 ^ clkbuf_1_0_2_core_clk/A (sky130_fd_sc_hd__clkbuf_4)
                  0.04    0.13    2.08 ^ clkbuf_1_0_2_core_clk/X (sky130_fd_sc_hd__clkbuf_4)
     1    0.01                           clknet_1_0_2_core_clk (net)
                  0.04    0.00    2.08 ^ clkbuf_1_0_3_core_clk/A (sky130_fd_sc_hd__clkbuf_4)
                  0.03    0.12    2.20 ^ clkbuf_1_0_3_core_clk/X (sky130_fd_sc_hd__clkbuf_4)
     1    0.00                           clknet_1_0_3_core_clk (net)
                  0.03    0.00    2.20 ^ clkbuf_1_0_4_core_clk/A (sky130_fd_sc_hd__clkbuf_4)
                  0.19    0.25    2.44 ^ clkbuf_1_0_4_core_clk/X (sky130_fd_sc_hd__clkbuf_4)
     2    0.06                           clknet_1_0_4_core_clk (net)
                  0.20    0.01    2.46 ^ clkbuf_2_0_0_core_clk/A (sky130_fd_sc_hd__clkbuf_4)
                  0.03    0.17    2.63 ^ clkbuf_2_0_0_core_clk/X (sky130_fd_sc_hd__clkbuf_4)
     1    0.00                           clknet_2_0_0_core_clk (net)
                  0.03    0.00    2.63 ^ clkbuf_2_0_1_core_clk/A (sky130_fd_sc_hd__clkbuf_4)
                  0.40    0.40    3.03 ^ clkbuf_2_0_1_core_clk/X (sky130_fd_sc_hd__clkbuf_4)
     2    0.14                           clknet_2_0_1_core_clk (net)
                  0.40    0.01    3.04 ^ clkbuf_3_1_0_core_clk/A (sky130_fd_sc_hd__clkbuf_4)
                  0.04    0.23    3.27 ^ clkbuf_3_1_0_core_clk/X (sky130_fd_sc_hd__clkbuf_4)
     1    0.00                           clknet_3_1_0_core_clk (net)
                  0.04    0.00    3.27 ^ clkbuf_3_1_1_core_clk/A (sky130_fd_sc_hd__clkbuf_4)
                  0.03    0.12    3.39 ^ clkbuf_3_1_1_core_clk/X (sky130_fd_sc_hd__clkbuf_4)
     1    0.00                           clknet_3_1_1_core_clk (net)
                  0.03    0.00    3.39 ^ clkbuf_3_1_2_core_clk/A (sky130_fd_sc_hd__clkbuf_4)
                  0.08    0.16    3.55 ^ clkbuf_3_1_2_core_clk/X (sky130_fd_sc_hd__clkbuf_4)
     2    0.02                           clknet_3_1_2_core_clk (net)
                  0.08    0.00    3.55 ^ clkbuf_4_3_0_core_clk/A (sky130_fd_sc_hd__clkbuf_4)
                  0.09    0.19    3.75 ^ clkbuf_4_3_0_core_clk/X (sky130_fd_sc_hd__clkbuf_4)
     2    0.03                           clknet_4_3_0_core_clk (net)
                  0.09    0.00    3.75 ^ clkbuf_5_7_0_core_clk/A (sky130_fd_sc_hd__clkbuf_4)
                  0.04    0.15    3.89 ^ clkbuf_5_7_0_core_clk/X (sky130_fd_sc_hd__clkbuf_4)
     1    0.01                           clknet_5_7_0_core_clk (net)
                  0.04    0.00    3.89 ^ clkbuf_5_7_1_core_clk/A (sky130_fd_sc_hd__clkbuf_4)
                  0.57    0.53    4.42 ^ clkbuf_5_7_1_core_clk/X (sky130_fd_sc_hd__clkbuf_4)
    13    0.20                           clknet_5_7_1_core_clk (net)
                  0.57    0.00    4.43 ^ clkbuf_opt_21_0_core_clk/A (sky130_fd_sc_hd__clkbuf_16)
                  0.05    0.26    4.69 ^ clkbuf_opt_21_0_core_clk/X (sky130_fd_sc_hd__clkbuf_16)
     1    0.01                           clknet_opt_21_0_core_clk (net)
                  0.05    0.00    4.69 ^ clkbuf_opt_21_1_core_clk/A (sky130_fd_sc_hd__clkbuf_16)
                  0.05    0.14    4.83 ^ clkbuf_opt_21_1_core_clk/X (sky130_fd_sc_hd__clkbuf_16)
     1    0.03                           clknet_opt_21_1_core_clk (net)
                  0.05    0.00    4.83 ^ clkbuf_leaf_109_core_clk/A (sky130_fd_sc_hd__clkbuf_16)
                  0.07    0.15    4.98 ^ clkbuf_leaf_109_core_clk/X (sky130_fd_sc_hd__clkbuf_16)
    11    0.05                           clknet_leaf_109_core_clk (net)
                  0.07    0.00    4.98 ^ _30819_/CLK (sky130_fd_sc_hd__dfxtp_4)
                          0.25    5.23   clock uncertainty
                         -0.16    5.07   clock reconvergence pessimism
                         -0.03    5.05   library hold time
                                  5.05   data required time
-----------------------------------------------------------------------------
                                  5.05   data required time
                                 -4.73   data arrival time
-----------------------------------------------------------------------------
                                 -0.32   slack (VIOLATED)


Startpoint: _33118_ (rising edge-triggered flip-flop clocked by core_clk)
Endpoint: _29701_ (rising edge-triggered flip-flop clocked by core_clk)
Path Group: core_clk
Path Type: min

Fanout     Cap    Slew   Delay    Time   Description
-----------------------------------------------------------------------------
                          0.00    0.00   clock core_clk (rise edge)
                          0.00    0.00   clock source latency
                  1.66    1.17    1.17 ^ core_clk (in)
     1    0.20                           core_clk (net)
                  1.67    0.00    1.17 ^ clkbuf_0_core_clk/A (sky130_fd_sc_hd__clkbuf_16)
                  0.08    0.33    1.50 ^ clkbuf_0_core_clk/X (sky130_fd_sc_hd__clkbuf_16)
     2    0.02                           clknet_0_core_clk (net)
                  0.08    0.00    1.50 ^ clkbuf_1_0_0_core_clk/A (sky130_fd_sc_hd__clkbuf_4)
                  0.05    0.14    1.64 ^ clkbuf_1_0_0_core_clk/X (sky130_fd_sc_hd__clkbuf_4)
     1    0.01                           clknet_1_0_0_core_clk (net)
                  0.05    0.00    1.64 ^ clkbuf_1_0_1_core_clk/A (sky130_fd_sc_hd__clkbuf_4)
                  0.05    0.12    1.76 ^ clkbuf_1_0_1_core_clk/X (sky130_fd_sc_hd__clkbuf_4)
     1    0.01                           clknet_1_0_1_core_clk (net)
                  0.05    0.00    1.76 ^ clkbuf_1_0_2_core_clk/A (sky130_fd_sc_hd__clkbuf_4)
                  0.04    0.12    1.88 ^ clkbuf_1_0_2_core_clk/X (sky130_fd_sc_hd__clkbuf_4)
     1    0.01                           clknet_1_0_2_core_clk (net)
                  0.04    0.00    1.88 ^ clkbuf_1_0_3_core_clk/A (sky130_fd_sc_hd__clkbuf_4)
                  0.03    0.11    1.99 ^ clkbuf_1_0_3_core_clk/X (sky130_fd_sc_hd__clkbuf_4)
     1    0.00                           clknet_1_0_3_core_clk (net)
                  0.03    0.00    1.99 ^ clkbuf_1_0_4_core_clk/A (sky130_fd_sc_hd__clkbuf_4)
                  0.19    0.22    2.21 ^ clkbuf_1_0_4_core_clk/X (sky130_fd_sc_hd__clkbuf_4)
     2    0.06                           clknet_1_0_4_core_clk (net)
                  0.20    0.01    2.22 ^ clkbuf_2_1_0_core_clk/A (sky130_fd_sc_hd__clkbuf_4)
                  0.03    0.16    2.38 ^ clkbuf_2_1_0_core_clk/X (sky130_fd_sc_hd__clkbuf_4)
     1    0.00                           clknet_2_1_0_core_clk (net)
                  0.03    0.00    2.38 ^ clkbuf_2_1_1_core_clk/A (sky130_fd_sc_hd__clkbuf_4)
                  0.12    0.18    2.56 ^ clkbuf_2_1_1_core_clk/X (sky130_fd_sc_hd__clkbuf_4)
     2    0.04                           clknet_2_1_1_core_clk (net)
                  0.12    0.00    2.56 ^ clkbuf_3_3_0_core_clk/A (sky130_fd_sc_hd__clkbuf_4)
                  0.05    0.15    2.71 ^ clkbuf_3_3_0_core_clk/X (sky130_fd_sc_hd__clkbuf_4)
     1    0.01                           clknet_3_3_0_core_clk (net)
                  0.05    0.00    2.71 ^ clkbuf_3_3_1_core_clk/A (sky130_fd_sc_hd__clkbuf_4)
                  0.04    0.12    2.83 ^ clkbuf_3_3_1_core_clk/X (sky130_fd_sc_hd__clkbuf_4)
     1    0.01                           clknet_3_3_1_core_clk (net)
                  0.04    0.00    2.83 ^ clkbuf_3_3_2_core_clk/A (sky130_fd_sc_hd__clkbuf_4)
                  0.10    0.16    2.99 ^ clkbuf_3_3_2_core_clk/X (sky130_fd_sc_hd__clkbuf_4)
     2    0.03                           clknet_3_3_2_core_clk (net)
                  0.10    0.00    2.99 ^ clkbuf_4_6_0_core_clk/A (sky130_fd_sc_hd__clkbuf_4)
                  0.09    0.18    3.17 ^ clkbuf_4_6_0_core_clk/X (sky130_fd_sc_hd__clkbuf_4)
     2    0.03                           clknet_4_6_0_core_clk (net)
                  0.09    0.00    3.17 ^ clkbuf_5_12_0_core_clk/A (sky130_fd_sc_hd__clkbuf_4)
                  0.04    0.13    3.30 ^ clkbuf_5_12_0_core_clk/X (sky130_fd_sc_hd__clkbuf_4)
     1    0.01                           clknet_5_12_0_core_clk (net)
                  0.04    0.00    3.30 ^ clkbuf_5_12_1_core_clk/A (sky130_fd_sc_hd__clkbuf_4)
                  0.37    0.34    3.65 ^ clkbuf_5_12_1_core_clk/X (sky130_fd_sc_hd__clkbuf_4)
     8    0.12                           clknet_5_12_1_core_clk (net)
                  0.37    0.01    3.66 ^ clkbuf_leaf_89_core_clk/A (sky130_fd_sc_hd__clkbuf_16)
                  0.08    0.23    3.89 ^ clkbuf_leaf_89_core_clk/X (sky130_fd_sc_hd__clkbuf_16)
    13    0.05                           clknet_leaf_89_core_clk (net)
                  0.08    0.00    3.89 ^ _33118_/CLK (sky130_fd_sc_hd__dfxtp_1)
                  0.11    0.34    4.23 ^ _33118_/Q (sky130_fd_sc_hd__dfxtp_1)
     2    0.01                           mgmtsoc_master_tx_fifo_source_payload_mask[0] (net)
                  0.11    0.00    4.23 ^ _27415_/A1 (sky130_fd_sc_hd__mux2_8)
                  0.23    0.29    4.52 ^ _27415_/X (sky130_fd_sc_hd__mux2_8)
     1    0.13                           mgmtsoc_litespisdrphycore_dq_oe (net)
                  0.25    0.05    4.57 ^ _29701_/D (sky130_fd_sc_hd__dfxtp_1)
                                  4.57   data arrival time

                          0.00    0.00   clock core_clk (rise edge)
                          0.00    0.00   clock source latency
                  1.66    1.29    1.29 ^ core_clk (in)
     1    0.20                           core_clk (net)
                  1.67    0.00    1.29 ^ clkbuf_0_core_clk/A (sky130_fd_sc_hd__clkbuf_16)
                  0.08    0.37    1.66 ^ clkbuf_0_core_clk/X (sky130_fd_sc_hd__clkbuf_16)
     2    0.02                           clknet_0_core_clk (net)
                  0.08    0.00    1.66 ^ clkbuf_1_0_0_core_clk/A (sky130_fd_sc_hd__clkbuf_4)
                  0.05    0.15    1.81 ^ clkbuf_1_0_0_core_clk/X (sky130_fd_sc_hd__clkbuf_4)
     1    0.01                           clknet_1_0_0_core_clk (net)
                  0.05    0.00    1.81 ^ clkbuf_1_0_1_core_clk/A (sky130_fd_sc_hd__clkbuf_4)
                  0.05    0.14    1.95 ^ clkbuf_1_0_1_core_clk/X (sky130_fd_sc_hd__clkbuf_4)
     1    0.01                           clknet_1_0_1_core_clk (net)
                  0.05    0.00    1.95 ^ clkbuf_1_0_2_core_clk/A (sky130_fd_sc_hd__clkbuf_4)
                  0.04    0.13    2.08 ^ clkbuf_1_0_2_core_clk/X (sky130_fd_sc_hd__clkbuf_4)
     1    0.01                           clknet_1_0_2_core_clk (net)
                  0.04    0.00    2.08 ^ clkbuf_1_0_3_core_clk/A (sky130_fd_sc_hd__clkbuf_4)
                  0.03    0.12    2.20 ^ clkbuf_1_0_3_core_clk/X (sky130_fd_sc_hd__clkbuf_4)
     1    0.00                           clknet_1_0_3_core_clk (net)
                  0.03    0.00    2.20 ^ clkbuf_1_0_4_core_clk/A (sky130_fd_sc_hd__clkbuf_4)
                  0.19    0.25    2.44 ^ clkbuf_1_0_4_core_clk/X (sky130_fd_sc_hd__clkbuf_4)
     2    0.06                           clknet_1_0_4_core_clk (net)
                  0.20    0.01    2.46 ^ clkbuf_2_0_0_core_clk/A (sky130_fd_sc_hd__clkbuf_4)
                  0.03    0.17    2.63 ^ clkbuf_2_0_0_core_clk/X (sky130_fd_sc_hd__clkbuf_4)
     1    0.00                           clknet_2_0_0_core_clk (net)
                  0.03    0.00    2.63 ^ clkbuf_2_0_1_core_clk/A (sky130_fd_sc_hd__clkbuf_4)
                  0.40    0.40    3.03 ^ clkbuf_2_0_1_core_clk/X (sky130_fd_sc_hd__clkbuf_4)
     2    0.14                           clknet_2_0_1_core_clk (net)
                  0.40    0.02    3.05 ^ clkbuf_3_0_0_core_clk/A (sky130_fd_sc_hd__clkbuf_4)
                  0.05    0.25    3.30 ^ clkbuf_3_0_0_core_clk/X (sky130_fd_sc_hd__clkbuf_4)
     1    0.01                           clknet_3_0_0_core_clk (net)
                  0.05    0.00    3.30 ^ clkbuf_3_0_1_core_clk/A (sky130_fd_sc_hd__clkbuf_4)
                  0.04    0.13    3.43 ^ clkbuf_3_0_1_core_clk/X (sky130_fd_sc_hd__clkbuf_4)
     1    0.01                           clknet_3_0_1_core_clk (net)
                  0.04    0.00    3.43 ^ clkbuf_3_0_2_core_clk/A (sky130_fd_sc_hd__clkbuf_4)
                  0.06    0.15    3.58 ^ clkbuf_3_0_2_core_clk/X (sky130_fd_sc_hd__clkbuf_4)
     2    0.02                           clknet_3_0_2_core_clk (net)
                  0.06    0.00    3.58 ^ clkbuf_4_1_0_core_clk/A (sky130_fd_sc_hd__clkbuf_4)
                  0.06    0.16    3.74 ^ clkbuf_4_1_0_core_clk/X (sky130_fd_sc_hd__clkbuf_4)
     2    0.01                           clknet_4_1_0_core_clk (net)
                  0.06    0.00    3.74 ^ clkbuf_5_3_0_core_clk/A (sky130_fd_sc_hd__clkbuf_4)
                  0.04    0.13    3.88 ^ clkbuf_5_3_0_core_clk/X (sky130_fd_sc_hd__clkbuf_4)
     1    0.01                           clknet_5_3_0_core_clk (net)
                  0.04    0.00    3.88 ^ clkbuf_5_3_1_core_clk/A (sky130_fd_sc_hd__clkbuf_4)
                  0.36    0.37    4.25 ^ clkbuf_5_3_1_core_clk/X (sky130_fd_sc_hd__clkbuf_4)
    10    0.12                           clknet_5_3_1_core_clk (net)
                  0.36    0.01    4.25 ^ clkbuf_opt_13_0_core_clk/A (sky130_fd_sc_hd__clkbuf_16)
                  0.07    0.24    4.50 ^ clkbuf_opt_13_0_core_clk/X (sky130_fd_sc_hd__clkbuf_16)
     1    0.04                           clknet_opt_13_0_core_clk (net)
                  0.07    0.01    4.50 ^ clkbuf_opt_13_1_core_clk/A (sky130_fd_sc_hd__clkbuf_16)
                  0.03    0.13    4.63 ^ clkbuf_opt_13_1_core_clk/X (sky130_fd_sc_hd__clkbuf_16)
     1    0.01                           clknet_opt_13_1_core_clk (net)
                  0.03    0.00    4.63 ^ clkbuf_opt_13_2_core_clk/A (sky130_fd_sc_hd__clkbuf_16)
                  0.06    0.14    4.78 ^ clkbuf_opt_13_2_core_clk/X (sky130_fd_sc_hd__clkbuf_16)
     1    0.04                           clknet_opt_13_2_core_clk (net)
                  0.06    0.00    4.78 ^ clkbuf_leaf_403_core_clk/A (sky130_fd_sc_hd__clkbuf_16)
                  0.04    0.14    4.92 ^ clkbuf_leaf_403_core_clk/X (sky130_fd_sc_hd__clkbuf_16)
     5    0.02                           clknet_leaf_403_core_clk (net)
                  0.04    0.00    4.92 ^ _29701_/CLK (sky130_fd_sc_hd__dfxtp_1)
                          0.25    5.17   clock uncertainty
                         -0.23    4.94   clock reconvergence pessimism
                         -0.07    4.87   library hold time
                                  4.87   data required time
-----------------------------------------------------------------------------
                                  4.87   data required time
                                 -4.57   data arrival time
-----------------------------------------------------------------------------
                                 -0.29   slack (VIOLATED)


