
===========================================================================
report_checks -path_delay min (Hold)
============================================================================
Startpoint: la_input[86] (input port clocked by core_clk)
Endpoint: _35028_ (rising edge-triggered flip-flop clocked by core_clk)
Path Group: core_clk
Path Type: min

Fanout     Cap    Slew   Delay    Time   Description
-----------------------------------------------------------------------------
                          0.00    0.00   clock core_clk (rise edge)
                          0.00    0.00   clock network delay (propagated)
                          1.00    1.00 ^ input external delay
                  0.04    0.02    1.02 ^ la_input[86] (in)
     1    0.00                           la_input[86] (net)
                  0.04    0.00    1.02 ^ input150/A (sky130_fd_sc_hd__clkbuf_1)
                  0.04    0.07    1.09 ^ input150/X (sky130_fd_sc_hd__clkbuf_1)
     1    0.00                           net150 (net)
                  0.04    0.00    1.09 ^ _35028_/D (sky130_fd_sc_hd__dfxtp_1)
                                  1.09   data arrival time

                          0.00    0.00   clock core_clk (rise edge)
                          0.00    0.00   clock source latency
                  0.64    0.48    0.48 ^ core_clk (in)
     1    0.08                           core_clk (net)
                  0.64    0.00    0.48 ^ clkbuf_0_core_clk/A (sky130_fd_sc_hd__clkbuf_16)
                  0.06    0.28    0.75 ^ clkbuf_0_core_clk/X (sky130_fd_sc_hd__clkbuf_16)
     2    0.02                           clknet_0_core_clk (net)
                  0.06    0.00    0.75 ^ clkbuf_1_1_0_core_clk/A (sky130_fd_sc_hd__clkbuf_4)
                  0.05    0.14    0.90 ^ clkbuf_1_1_0_core_clk/X (sky130_fd_sc_hd__clkbuf_4)
     1    0.01                           clknet_1_1_0_core_clk (net)
                  0.05    0.00    0.90 ^ clkbuf_1_1_1_core_clk/A (sky130_fd_sc_hd__clkbuf_4)
                  0.05    0.14    1.03 ^ clkbuf_1_1_1_core_clk/X (sky130_fd_sc_hd__clkbuf_4)
     1    0.01                           clknet_1_1_1_core_clk (net)
                  0.05    0.00    1.03 ^ clkbuf_1_1_2_core_clk/A (sky130_fd_sc_hd__clkbuf_4)
                  0.05    0.14    1.17 ^ clkbuf_1_1_2_core_clk/X (sky130_fd_sc_hd__clkbuf_4)
     1    0.01                           clknet_1_1_2_core_clk (net)
                  0.05    0.00    1.17 ^ clkbuf_1_1_3_core_clk/A (sky130_fd_sc_hd__clkbuf_4)
                  0.05    0.14    1.31 ^ clkbuf_1_1_3_core_clk/X (sky130_fd_sc_hd__clkbuf_4)
     1    0.01                           clknet_1_1_3_core_clk (net)
                  0.05    0.00    1.31 ^ clkbuf_1_1_4_core_clk/A (sky130_fd_sc_hd__clkbuf_4)
                  0.18    0.24    1.55 ^ clkbuf_1_1_4_core_clk/X (sky130_fd_sc_hd__clkbuf_4)
     2    0.06                           clknet_1_1_4_core_clk (net)
                  0.18    0.01    1.56 ^ clkbuf_2_3_0_core_clk/A (sky130_fd_sc_hd__clkbuf_4)
                  0.05    0.19    1.75 ^ clkbuf_2_3_0_core_clk/X (sky130_fd_sc_hd__clkbuf_4)
     1    0.01                           clknet_2_3_0_core_clk (net)
                  0.05    0.00    1.75 ^ clkbuf_2_3_1_core_clk/A (sky130_fd_sc_hd__clkbuf_4)
                  0.13    0.21    1.96 ^ clkbuf_2_3_1_core_clk/X (sky130_fd_sc_hd__clkbuf_4)
     2    0.04                           clknet_2_3_1_core_clk (net)
                  0.13    0.00    1.96 ^ clkbuf_3_6_0_core_clk/A (sky130_fd_sc_hd__clkbuf_4)
                  0.04    0.17    2.14 ^ clkbuf_3_6_0_core_clk/X (sky130_fd_sc_hd__clkbuf_4)
     1    0.01                           clknet_3_6_0_core_clk (net)
                  0.04    0.00    2.14 ^ clkbuf_3_6_1_core_clk/A (sky130_fd_sc_hd__clkbuf_4)
                  0.04    0.13    2.26 ^ clkbuf_3_6_1_core_clk/X (sky130_fd_sc_hd__clkbuf_4)
     1    0.01                           clknet_3_6_1_core_clk (net)
                  0.04    0.00    2.26 ^ clkbuf_3_6_2_core_clk/A (sky130_fd_sc_hd__clkbuf_4)
                  0.10    0.18    2.45 ^ clkbuf_3_6_2_core_clk/X (sky130_fd_sc_hd__clkbuf_4)
     2    0.03                           clknet_3_6_2_core_clk (net)
                  0.10    0.00    2.45 ^ clkbuf_4_13_0_core_clk/A (sky130_fd_sc_hd__clkbuf_4)
                  0.09    0.20    2.65 ^ clkbuf_4_13_0_core_clk/X (sky130_fd_sc_hd__clkbuf_4)
     2    0.03                           clknet_4_13_0_core_clk (net)
                  0.09    0.00    2.65 ^ clkbuf_5_26_0_core_clk/A (sky130_fd_sc_hd__clkbuf_4)
                  0.04    0.15    2.80 ^ clkbuf_5_26_0_core_clk/X (sky130_fd_sc_hd__clkbuf_4)
     1    0.01                           clknet_5_26_0_core_clk (net)
                  0.04    0.00    2.80 ^ clkbuf_5_26_1_core_clk/A (sky130_fd_sc_hd__clkbuf_4)
                  0.86    0.73    3.53 ^ clkbuf_5_26_1_core_clk/X (sky130_fd_sc_hd__clkbuf_4)
    17    0.29                           clknet_5_26_1_core_clk (net)
                  0.86    0.02    3.55 ^ clkbuf_leaf_152_core_clk/A (sky130_fd_sc_hd__clkbuf_16)
                  0.09    0.34    3.89 ^ clkbuf_leaf_152_core_clk/X (sky130_fd_sc_hd__clkbuf_16)
    18    0.06                           clknet_leaf_152_core_clk (net)
                  0.09    0.00    3.89 ^ _35028_/CLK (sky130_fd_sc_hd__dfxtp_1)
                          0.25    4.14   clock uncertainty
                          0.00    4.14   clock reconvergence pessimism
                         -0.02    4.12   library hold time
                                  4.12   data required time
-----------------------------------------------------------------------------
                                  4.12   data required time
                                 -1.09   data arrival time
-----------------------------------------------------------------------------
                                 -3.02   slack (VIOLATED)


Startpoint: la_input[87] (input port clocked by core_clk)
Endpoint: _35026_ (rising edge-triggered flip-flop clocked by core_clk)
Path Group: core_clk
Path Type: min

Fanout     Cap    Slew   Delay    Time   Description
-----------------------------------------------------------------------------
                          0.00    0.00   clock core_clk (rise edge)
                          0.00    0.00   clock network delay (propagated)
                          1.00    1.00 ^ input external delay
                  0.04    0.02    1.02 ^ la_input[87] (in)
     1    0.00                           la_input[87] (net)
                  0.04    0.00    1.02 ^ input151/A (sky130_fd_sc_hd__clkbuf_1)
                  0.04    0.07    1.09 ^ input151/X (sky130_fd_sc_hd__clkbuf_1)
     1    0.00                           net151 (net)
                  0.04    0.00    1.09 ^ _35026_/D (sky130_fd_sc_hd__dfxtp_1)
                                  1.09   data arrival time

                          0.00    0.00   clock core_clk (rise edge)
                          0.00    0.00   clock source latency
                  0.64    0.48    0.48 ^ core_clk (in)
     1    0.08                           core_clk (net)
                  0.64    0.00    0.48 ^ clkbuf_0_core_clk/A (sky130_fd_sc_hd__clkbuf_16)
                  0.06    0.28    0.75 ^ clkbuf_0_core_clk/X (sky130_fd_sc_hd__clkbuf_16)
     2    0.02                           clknet_0_core_clk (net)
                  0.06    0.00    0.75 ^ clkbuf_1_1_0_core_clk/A (sky130_fd_sc_hd__clkbuf_4)
                  0.05    0.14    0.90 ^ clkbuf_1_1_0_core_clk/X (sky130_fd_sc_hd__clkbuf_4)
     1    0.01                           clknet_1_1_0_core_clk (net)
                  0.05    0.00    0.90 ^ clkbuf_1_1_1_core_clk/A (sky130_fd_sc_hd__clkbuf_4)
                  0.05    0.14    1.03 ^ clkbuf_1_1_1_core_clk/X (sky130_fd_sc_hd__clkbuf_4)
     1    0.01                           clknet_1_1_1_core_clk (net)
                  0.05    0.00    1.03 ^ clkbuf_1_1_2_core_clk/A (sky130_fd_sc_hd__clkbuf_4)
                  0.05    0.14    1.17 ^ clkbuf_1_1_2_core_clk/X (sky130_fd_sc_hd__clkbuf_4)
     1    0.01                           clknet_1_1_2_core_clk (net)
                  0.05    0.00    1.17 ^ clkbuf_1_1_3_core_clk/A (sky130_fd_sc_hd__clkbuf_4)
                  0.05    0.14    1.31 ^ clkbuf_1_1_3_core_clk/X (sky130_fd_sc_hd__clkbuf_4)
     1    0.01                           clknet_1_1_3_core_clk (net)
                  0.05    0.00    1.31 ^ clkbuf_1_1_4_core_clk/A (sky130_fd_sc_hd__clkbuf_4)
                  0.18    0.24    1.55 ^ clkbuf_1_1_4_core_clk/X (sky130_fd_sc_hd__clkbuf_4)
     2    0.06                           clknet_1_1_4_core_clk (net)
                  0.18    0.01    1.56 ^ clkbuf_2_3_0_core_clk/A (sky130_fd_sc_hd__clkbuf_4)
                  0.05    0.19    1.75 ^ clkbuf_2_3_0_core_clk/X (sky130_fd_sc_hd__clkbuf_4)
     1    0.01                           clknet_2_3_0_core_clk (net)
                  0.05    0.00    1.75 ^ clkbuf_2_3_1_core_clk/A (sky130_fd_sc_hd__clkbuf_4)
                  0.13    0.21    1.96 ^ clkbuf_2_3_1_core_clk/X (sky130_fd_sc_hd__clkbuf_4)
     2    0.04                           clknet_2_3_1_core_clk (net)
                  0.13    0.00    1.96 ^ clkbuf_3_6_0_core_clk/A (sky130_fd_sc_hd__clkbuf_4)
                  0.04    0.17    2.14 ^ clkbuf_3_6_0_core_clk/X (sky130_fd_sc_hd__clkbuf_4)
     1    0.01                           clknet_3_6_0_core_clk (net)
                  0.04    0.00    2.14 ^ clkbuf_3_6_1_core_clk/A (sky130_fd_sc_hd__clkbuf_4)
                  0.04    0.13    2.26 ^ clkbuf_3_6_1_core_clk/X (sky130_fd_sc_hd__clkbuf_4)
     1    0.01                           clknet_3_6_1_core_clk (net)
                  0.04    0.00    2.26 ^ clkbuf_3_6_2_core_clk/A (sky130_fd_sc_hd__clkbuf_4)
                  0.10    0.18    2.45 ^ clkbuf_3_6_2_core_clk/X (sky130_fd_sc_hd__clkbuf_4)
     2    0.03                           clknet_3_6_2_core_clk (net)
                  0.10    0.00    2.45 ^ clkbuf_4_13_0_core_clk/A (sky130_fd_sc_hd__clkbuf_4)
                  0.09    0.20    2.65 ^ clkbuf_4_13_0_core_clk/X (sky130_fd_sc_hd__clkbuf_4)
     2    0.03                           clknet_4_13_0_core_clk (net)
                  0.09    0.00    2.65 ^ clkbuf_5_26_0_core_clk/A (sky130_fd_sc_hd__clkbuf_4)
                  0.04    0.15    2.80 ^ clkbuf_5_26_0_core_clk/X (sky130_fd_sc_hd__clkbuf_4)
     1    0.01                           clknet_5_26_0_core_clk (net)
                  0.04    0.00    2.80 ^ clkbuf_5_26_1_core_clk/A (sky130_fd_sc_hd__clkbuf_4)
                  0.86    0.73    3.53 ^ clkbuf_5_26_1_core_clk/X (sky130_fd_sc_hd__clkbuf_4)
    17    0.29                           clknet_5_26_1_core_clk (net)
                  0.86    0.02    3.55 ^ clkbuf_leaf_152_core_clk/A (sky130_fd_sc_hd__clkbuf_16)
                  0.09    0.34    3.89 ^ clkbuf_leaf_152_core_clk/X (sky130_fd_sc_hd__clkbuf_16)
    18    0.06                           clknet_leaf_152_core_clk (net)
                  0.09    0.00    3.89 ^ _35026_/CLK (sky130_fd_sc_hd__dfxtp_1)
                          0.25    4.14   clock uncertainty
                          0.00    4.14   clock reconvergence pessimism
                         -0.02    4.12   library hold time
                                  4.12   data required time
-----------------------------------------------------------------------------
                                  4.12   data required time
                                 -1.09   data arrival time
-----------------------------------------------------------------------------
                                 -3.02   slack (VIOLATED)


Startpoint: la_input[85] (input port clocked by core_clk)
Endpoint: _35030_ (rising edge-triggered flip-flop clocked by core_clk)
Path Group: core_clk
Path Type: min

Fanout     Cap    Slew   Delay    Time   Description
-----------------------------------------------------------------------------
                          0.00    0.00   clock core_clk (rise edge)
                          0.00    0.00   clock network delay (propagated)
                          1.00    1.00 v input external delay
                  0.02    0.01    1.01 v la_input[85] (in)
     1    0.00                           la_input[85] (net)
                  0.02    0.00    1.01 v input149/A (sky130_fd_sc_hd__clkbuf_1)
                  0.02    0.07    1.08 v input149/X (sky130_fd_sc_hd__clkbuf_1)
     1    0.00                           net149 (net)
                  0.02    0.00    1.08 v _35030_/D (sky130_fd_sc_hd__dfxtp_1)
                                  1.08   data arrival time

                          0.00    0.00   clock core_clk (rise edge)
                          0.00    0.00   clock source latency
                  0.64    0.48    0.48 ^ core_clk (in)
     1    0.08                           core_clk (net)
                  0.64    0.00    0.48 ^ clkbuf_0_core_clk/A (sky130_fd_sc_hd__clkbuf_16)
                  0.06    0.28    0.75 ^ clkbuf_0_core_clk/X (sky130_fd_sc_hd__clkbuf_16)
     2    0.02                           clknet_0_core_clk (net)
                  0.06    0.00    0.75 ^ clkbuf_1_1_0_core_clk/A (sky130_fd_sc_hd__clkbuf_4)
                  0.05    0.14    0.90 ^ clkbuf_1_1_0_core_clk/X (sky130_fd_sc_hd__clkbuf_4)
     1    0.01                           clknet_1_1_0_core_clk (net)
                  0.05    0.00    0.90 ^ clkbuf_1_1_1_core_clk/A (sky130_fd_sc_hd__clkbuf_4)
                  0.05    0.14    1.03 ^ clkbuf_1_1_1_core_clk/X (sky130_fd_sc_hd__clkbuf_4)
     1    0.01                           clknet_1_1_1_core_clk (net)
                  0.05    0.00    1.03 ^ clkbuf_1_1_2_core_clk/A (sky130_fd_sc_hd__clkbuf_4)
                  0.05    0.14    1.17 ^ clkbuf_1_1_2_core_clk/X (sky130_fd_sc_hd__clkbuf_4)
     1    0.01                           clknet_1_1_2_core_clk (net)
                  0.05    0.00    1.17 ^ clkbuf_1_1_3_core_clk/A (sky130_fd_sc_hd__clkbuf_4)
                  0.05    0.14    1.31 ^ clkbuf_1_1_3_core_clk/X (sky130_fd_sc_hd__clkbuf_4)
     1    0.01                           clknet_1_1_3_core_clk (net)
                  0.05    0.00    1.31 ^ clkbuf_1_1_4_core_clk/A (sky130_fd_sc_hd__clkbuf_4)
                  0.18    0.24    1.55 ^ clkbuf_1_1_4_core_clk/X (sky130_fd_sc_hd__clkbuf_4)
     2    0.06                           clknet_1_1_4_core_clk (net)
                  0.18    0.01    1.56 ^ clkbuf_2_3_0_core_clk/A (sky130_fd_sc_hd__clkbuf_4)
                  0.05    0.19    1.75 ^ clkbuf_2_3_0_core_clk/X (sky130_fd_sc_hd__clkbuf_4)
     1    0.01                           clknet_2_3_0_core_clk (net)
                  0.05    0.00    1.75 ^ clkbuf_2_3_1_core_clk/A (sky130_fd_sc_hd__clkbuf_4)
                  0.13    0.21    1.96 ^ clkbuf_2_3_1_core_clk/X (sky130_fd_sc_hd__clkbuf_4)
     2    0.04                           clknet_2_3_1_core_clk (net)
                  0.13    0.00    1.96 ^ clkbuf_3_6_0_core_clk/A (sky130_fd_sc_hd__clkbuf_4)
                  0.04    0.17    2.14 ^ clkbuf_3_6_0_core_clk/X (sky130_fd_sc_hd__clkbuf_4)
     1    0.01                           clknet_3_6_0_core_clk (net)
                  0.04    0.00    2.14 ^ clkbuf_3_6_1_core_clk/A (sky130_fd_sc_hd__clkbuf_4)
                  0.04    0.13    2.26 ^ clkbuf_3_6_1_core_clk/X (sky130_fd_sc_hd__clkbuf_4)
     1    0.01                           clknet_3_6_1_core_clk (net)
                  0.04    0.00    2.26 ^ clkbuf_3_6_2_core_clk/A (sky130_fd_sc_hd__clkbuf_4)
                  0.10    0.18    2.45 ^ clkbuf_3_6_2_core_clk/X (sky130_fd_sc_hd__clkbuf_4)
     2    0.03                           clknet_3_6_2_core_clk (net)
                  0.10    0.00    2.45 ^ clkbuf_4_13_0_core_clk/A (sky130_fd_sc_hd__clkbuf_4)
                  0.09    0.20    2.65 ^ clkbuf_4_13_0_core_clk/X (sky130_fd_sc_hd__clkbuf_4)
     2    0.03                           clknet_4_13_0_core_clk (net)
                  0.09    0.00    2.65 ^ clkbuf_5_26_0_core_clk/A (sky130_fd_sc_hd__clkbuf_4)
                  0.04    0.15    2.80 ^ clkbuf_5_26_0_core_clk/X (sky130_fd_sc_hd__clkbuf_4)
     1    0.01                           clknet_5_26_0_core_clk (net)
                  0.04    0.00    2.80 ^ clkbuf_5_26_1_core_clk/A (sky130_fd_sc_hd__clkbuf_4)
                  0.86    0.73    3.53 ^ clkbuf_5_26_1_core_clk/X (sky130_fd_sc_hd__clkbuf_4)
    17    0.29                           clknet_5_26_1_core_clk (net)
                  0.86    0.02    3.55 ^ clkbuf_leaf_152_core_clk/A (sky130_fd_sc_hd__clkbuf_16)
                  0.09    0.34    3.89 ^ clkbuf_leaf_152_core_clk/X (sky130_fd_sc_hd__clkbuf_16)
    18    0.06                           clknet_leaf_152_core_clk (net)
                  0.09    0.00    3.89 ^ _35030_/CLK (sky130_fd_sc_hd__dfxtp_1)
                          0.25    4.14   clock uncertainty
                          0.00    4.14   clock reconvergence pessimism
                         -0.03    4.10   library hold time
                                  4.10   data required time
-----------------------------------------------------------------------------
                                  4.10   data required time
                                 -1.08   data arrival time
-----------------------------------------------------------------------------
                                 -3.02   slack (VIOLATED)


Startpoint: la_input[91] (input port clocked by core_clk)
Endpoint: _35018_ (rising edge-triggered flip-flop clocked by core_clk)
Path Group: core_clk
Path Type: min

Fanout     Cap    Slew   Delay    Time   Description
-----------------------------------------------------------------------------
                          0.00    0.00   clock core_clk (rise edge)
                          0.00    0.00   clock network delay (propagated)
                          1.00    1.00 ^ input external delay
                  0.04    0.02    1.02 ^ la_input[91] (in)
     1    0.00                           la_input[91] (net)
                  0.04    0.00    1.02 ^ input156/A (sky130_fd_sc_hd__clkbuf_1)
                  0.04    0.07    1.09 ^ input156/X (sky130_fd_sc_hd__clkbuf_1)
     1    0.00                           net156 (net)
                  0.04    0.00    1.09 ^ _35018_/D (sky130_fd_sc_hd__dfxtp_1)
                                  1.09   data arrival time

                          0.00    0.00   clock core_clk (rise edge)
                          0.00    0.00   clock source latency
                  0.64    0.48    0.48 ^ core_clk (in)
     1    0.08                           core_clk (net)
                  0.64    0.00    0.48 ^ clkbuf_0_core_clk/A (sky130_fd_sc_hd__clkbuf_16)
                  0.06    0.28    0.75 ^ clkbuf_0_core_clk/X (sky130_fd_sc_hd__clkbuf_16)
     2    0.02                           clknet_0_core_clk (net)
                  0.06    0.00    0.75 ^ clkbuf_1_1_0_core_clk/A (sky130_fd_sc_hd__clkbuf_4)
                  0.05    0.14    0.90 ^ clkbuf_1_1_0_core_clk/X (sky130_fd_sc_hd__clkbuf_4)
     1    0.01                           clknet_1_1_0_core_clk (net)
                  0.05    0.00    0.90 ^ clkbuf_1_1_1_core_clk/A (sky130_fd_sc_hd__clkbuf_4)
                  0.05    0.14    1.03 ^ clkbuf_1_1_1_core_clk/X (sky130_fd_sc_hd__clkbuf_4)
     1    0.01                           clknet_1_1_1_core_clk (net)
                  0.05    0.00    1.03 ^ clkbuf_1_1_2_core_clk/A (sky130_fd_sc_hd__clkbuf_4)
                  0.05    0.14    1.17 ^ clkbuf_1_1_2_core_clk/X (sky130_fd_sc_hd__clkbuf_4)
     1    0.01                           clknet_1_1_2_core_clk (net)
                  0.05    0.00    1.17 ^ clkbuf_1_1_3_core_clk/A (sky130_fd_sc_hd__clkbuf_4)
                  0.05    0.14    1.31 ^ clkbuf_1_1_3_core_clk/X (sky130_fd_sc_hd__clkbuf_4)
     1    0.01                           clknet_1_1_3_core_clk (net)
                  0.05    0.00    1.31 ^ clkbuf_1_1_4_core_clk/A (sky130_fd_sc_hd__clkbuf_4)
                  0.18    0.24    1.55 ^ clkbuf_1_1_4_core_clk/X (sky130_fd_sc_hd__clkbuf_4)
     2    0.06                           clknet_1_1_4_core_clk (net)
                  0.18    0.01    1.56 ^ clkbuf_2_3_0_core_clk/A (sky130_fd_sc_hd__clkbuf_4)
                  0.05    0.19    1.75 ^ clkbuf_2_3_0_core_clk/X (sky130_fd_sc_hd__clkbuf_4)
     1    0.01                           clknet_2_3_0_core_clk (net)
                  0.05    0.00    1.75 ^ clkbuf_2_3_1_core_clk/A (sky130_fd_sc_hd__clkbuf_4)
                  0.13    0.21    1.96 ^ clkbuf_2_3_1_core_clk/X (sky130_fd_sc_hd__clkbuf_4)
     2    0.04                           clknet_2_3_1_core_clk (net)
                  0.13    0.00    1.96 ^ clkbuf_3_6_0_core_clk/A (sky130_fd_sc_hd__clkbuf_4)
                  0.04    0.17    2.14 ^ clkbuf_3_6_0_core_clk/X (sky130_fd_sc_hd__clkbuf_4)
     1    0.01                           clknet_3_6_0_core_clk (net)
                  0.04    0.00    2.14 ^ clkbuf_3_6_1_core_clk/A (sky130_fd_sc_hd__clkbuf_4)
                  0.04    0.13    2.26 ^ clkbuf_3_6_1_core_clk/X (sky130_fd_sc_hd__clkbuf_4)
     1    0.01                           clknet_3_6_1_core_clk (net)
                  0.04    0.00    2.26 ^ clkbuf_3_6_2_core_clk/A (sky130_fd_sc_hd__clkbuf_4)
                  0.10    0.18    2.45 ^ clkbuf_3_6_2_core_clk/X (sky130_fd_sc_hd__clkbuf_4)
     2    0.03                           clknet_3_6_2_core_clk (net)
                  0.10    0.00    2.45 ^ clkbuf_4_13_0_core_clk/A (sky130_fd_sc_hd__clkbuf_4)
                  0.09    0.20    2.65 ^ clkbuf_4_13_0_core_clk/X (sky130_fd_sc_hd__clkbuf_4)
     2    0.03                           clknet_4_13_0_core_clk (net)
                  0.09    0.00    2.65 ^ clkbuf_5_26_0_core_clk/A (sky130_fd_sc_hd__clkbuf_4)
                  0.04    0.15    2.80 ^ clkbuf_5_26_0_core_clk/X (sky130_fd_sc_hd__clkbuf_4)
     1    0.01                           clknet_5_26_0_core_clk (net)
                  0.04    0.00    2.80 ^ clkbuf_5_26_1_core_clk/A (sky130_fd_sc_hd__clkbuf_4)
                  0.86    0.73    3.53 ^ clkbuf_5_26_1_core_clk/X (sky130_fd_sc_hd__clkbuf_4)
    17    0.29                           clknet_5_26_1_core_clk (net)
                  0.86    0.01    3.55 ^ clkbuf_leaf_154_core_clk/A (sky130_fd_sc_hd__clkbuf_16)
                  0.09    0.34    3.89 ^ clkbuf_leaf_154_core_clk/X (sky130_fd_sc_hd__clkbuf_16)
    17    0.06                           clknet_leaf_154_core_clk (net)
                  0.09    0.00    3.89 ^ _35018_/CLK (sky130_fd_sc_hd__dfxtp_1)
                          0.25    4.14   clock uncertainty
                          0.00    4.14   clock reconvergence pessimism
                         -0.02    4.11   library hold time
                                  4.11   data required time
-----------------------------------------------------------------------------
                                  4.11   data required time
                                 -1.09   data arrival time
-----------------------------------------------------------------------------
                                 -3.02   slack (VIOLATED)


Startpoint: la_input[81] (input port clocked by core_clk)
Endpoint: _35038_ (rising edge-triggered flip-flop clocked by core_clk)
Path Group: core_clk
Path Type: min

Fanout     Cap    Slew   Delay    Time   Description
-----------------------------------------------------------------------------
                          0.00    0.00   clock core_clk (rise edge)
                          0.00    0.00   clock network delay (propagated)
                          1.00    1.00 v input external delay
                  0.02    0.01    1.01 v la_input[81] (in)
     1    0.00                           la_input[81] (net)
                  0.02    0.00    1.01 v input145/A (sky130_fd_sc_hd__clkbuf_1)
                  0.02    0.07    1.08 v input145/X (sky130_fd_sc_hd__clkbuf_1)
     1    0.00                           net145 (net)
                  0.02    0.00    1.08 v _35038_/D (sky130_fd_sc_hd__dfxtp_1)
                                  1.08   data arrival time

                          0.00    0.00   clock core_clk (rise edge)
                          0.00    0.00   clock source latency
                  0.64    0.48    0.48 ^ core_clk (in)
     1    0.08                           core_clk (net)
                  0.64    0.00    0.48 ^ clkbuf_0_core_clk/A (sky130_fd_sc_hd__clkbuf_16)
                  0.06    0.28    0.75 ^ clkbuf_0_core_clk/X (sky130_fd_sc_hd__clkbuf_16)
     2    0.02                           clknet_0_core_clk (net)
                  0.06    0.00    0.75 ^ clkbuf_1_1_0_core_clk/A (sky130_fd_sc_hd__clkbuf_4)
                  0.05    0.14    0.90 ^ clkbuf_1_1_0_core_clk/X (sky130_fd_sc_hd__clkbuf_4)
     1    0.01                           clknet_1_1_0_core_clk (net)
                  0.05    0.00    0.90 ^ clkbuf_1_1_1_core_clk/A (sky130_fd_sc_hd__clkbuf_4)
                  0.05    0.14    1.03 ^ clkbuf_1_1_1_core_clk/X (sky130_fd_sc_hd__clkbuf_4)
     1    0.01                           clknet_1_1_1_core_clk (net)
                  0.05    0.00    1.03 ^ clkbuf_1_1_2_core_clk/A (sky130_fd_sc_hd__clkbuf_4)
                  0.05    0.14    1.17 ^ clkbuf_1_1_2_core_clk/X (sky130_fd_sc_hd__clkbuf_4)
     1    0.01                           clknet_1_1_2_core_clk (net)
                  0.05    0.00    1.17 ^ clkbuf_1_1_3_core_clk/A (sky130_fd_sc_hd__clkbuf_4)
                  0.05    0.14    1.31 ^ clkbuf_1_1_3_core_clk/X (sky130_fd_sc_hd__clkbuf_4)
     1    0.01                           clknet_1_1_3_core_clk (net)
                  0.05    0.00    1.31 ^ clkbuf_1_1_4_core_clk/A (sky130_fd_sc_hd__clkbuf_4)
                  0.18    0.24    1.55 ^ clkbuf_1_1_4_core_clk/X (sky130_fd_sc_hd__clkbuf_4)
     2    0.06                           clknet_1_1_4_core_clk (net)
                  0.18    0.01    1.56 ^ clkbuf_2_3_0_core_clk/A (sky130_fd_sc_hd__clkbuf_4)
                  0.05    0.19    1.75 ^ clkbuf_2_3_0_core_clk/X (sky130_fd_sc_hd__clkbuf_4)
     1    0.01                           clknet_2_3_0_core_clk (net)
                  0.05    0.00    1.75 ^ clkbuf_2_3_1_core_clk/A (sky130_fd_sc_hd__clkbuf_4)
                  0.13    0.21    1.96 ^ clkbuf_2_3_1_core_clk/X (sky130_fd_sc_hd__clkbuf_4)
     2    0.04                           clknet_2_3_1_core_clk (net)
                  0.13    0.00    1.96 ^ clkbuf_3_6_0_core_clk/A (sky130_fd_sc_hd__clkbuf_4)
                  0.04    0.17    2.14 ^ clkbuf_3_6_0_core_clk/X (sky130_fd_sc_hd__clkbuf_4)
     1    0.01                           clknet_3_6_0_core_clk (net)
                  0.04    0.00    2.14 ^ clkbuf_3_6_1_core_clk/A (sky130_fd_sc_hd__clkbuf_4)
                  0.04    0.13    2.26 ^ clkbuf_3_6_1_core_clk/X (sky130_fd_sc_hd__clkbuf_4)
     1    0.01                           clknet_3_6_1_core_clk (net)
                  0.04    0.00    2.26 ^ clkbuf_3_6_2_core_clk/A (sky130_fd_sc_hd__clkbuf_4)
                  0.10    0.18    2.45 ^ clkbuf_3_6_2_core_clk/X (sky130_fd_sc_hd__clkbuf_4)
     2    0.03                           clknet_3_6_2_core_clk (net)
                  0.10    0.00    2.45 ^ clkbuf_4_13_0_core_clk/A (sky130_fd_sc_hd__clkbuf_4)
                  0.09    0.20    2.65 ^ clkbuf_4_13_0_core_clk/X (sky130_fd_sc_hd__clkbuf_4)
     2    0.03                           clknet_4_13_0_core_clk (net)
                  0.09    0.00    2.65 ^ clkbuf_5_26_0_core_clk/A (sky130_fd_sc_hd__clkbuf_4)
                  0.04    0.15    2.80 ^ clkbuf_5_26_0_core_clk/X (sky130_fd_sc_hd__clkbuf_4)
     1    0.01                           clknet_5_26_0_core_clk (net)
                  0.04    0.00    2.80 ^ clkbuf_5_26_1_core_clk/A (sky130_fd_sc_hd__clkbuf_4)
                  0.86    0.73    3.53 ^ clkbuf_5_26_1_core_clk/X (sky130_fd_sc_hd__clkbuf_4)
    17    0.29                           clknet_5_26_1_core_clk (net)
                  0.86    0.02    3.55 ^ clkbuf_leaf_152_core_clk/A (sky130_fd_sc_hd__clkbuf_16)
                  0.09    0.34    3.89 ^ clkbuf_leaf_152_core_clk/X (sky130_fd_sc_hd__clkbuf_16)
    18    0.06                           clknet_leaf_152_core_clk (net)
                  0.09    0.00    3.89 ^ _35038_/CLK (sky130_fd_sc_hd__dfxtp_1)
                          0.25    4.14   clock uncertainty
                          0.00    4.14   clock reconvergence pessimism
                         -0.03    4.10   library hold time
                                  4.10   data required time
-----------------------------------------------------------------------------
                                  4.10   data required time
                                 -1.08   data arrival time
-----------------------------------------------------------------------------
                                 -3.02   slack (VIOLATED)


