
===========================================================================
report_checks -path_delay min (Hold)
============================================================================
Startpoint: _39067_ (rising edge-triggered flip-flop clocked by core_clk)
Endpoint: _38178_ (rising edge-triggered flip-flop clocked by core_clk)
Path Group: core_clk
Path Type: min

Fanout     Cap    Slew   Delay    Time   Description
-----------------------------------------------------------------------------
                          0.00    0.00   clock core_clk (rise edge)
                          0.00    0.00   clock source latency
                  0.64    0.43    0.43 ^ core_clk (in)
     1    0.08                           core_clk (net)
                  0.64    0.00    0.43 ^ clkbuf_0_core_clk/A (sky130_fd_sc_hd__clkbuf_16)
                  0.06    0.25    0.68 ^ clkbuf_0_core_clk/X (sky130_fd_sc_hd__clkbuf_16)
     2    0.02                           clknet_0_core_clk (net)
                  0.06    0.00    0.68 ^ clkbuf_1_0_0_core_clk/A (sky130_fd_sc_hd__clkbuf_4)
                  0.05    0.13    0.81 ^ clkbuf_1_0_0_core_clk/X (sky130_fd_sc_hd__clkbuf_4)
     1    0.01                           clknet_1_0_0_core_clk (net)
                  0.05    0.00    0.81 ^ clkbuf_1_0_1_core_clk/A (sky130_fd_sc_hd__clkbuf_4)
                  0.05    0.12    0.93 ^ clkbuf_1_0_1_core_clk/X (sky130_fd_sc_hd__clkbuf_4)
     1    0.01                           clknet_1_0_1_core_clk (net)
                  0.05    0.00    0.93 ^ clkbuf_1_0_2_core_clk/A (sky130_fd_sc_hd__clkbuf_4)
                  0.05    0.13    1.06 ^ clkbuf_1_0_2_core_clk/X (sky130_fd_sc_hd__clkbuf_4)
     1    0.01                           clknet_1_0_2_core_clk (net)
                  0.05    0.00    1.06 ^ clkbuf_1_0_3_core_clk/A (sky130_fd_sc_hd__clkbuf_4)
                  0.03    0.11    1.17 ^ clkbuf_1_0_3_core_clk/X (sky130_fd_sc_hd__clkbuf_4)
     1    0.00                           clknet_1_0_3_core_clk (net)
                  0.03    0.00    1.17 ^ clkbuf_1_0_4_core_clk/A (sky130_fd_sc_hd__clkbuf_4)
                  0.18    0.21    1.38 ^ clkbuf_1_0_4_core_clk/X (sky130_fd_sc_hd__clkbuf_4)
     2    0.06                           clknet_1_0_4_core_clk (net)
                  0.18    0.01    1.39 ^ clkbuf_2_1_0_core_clk/A (sky130_fd_sc_hd__clkbuf_4)
                  0.03    0.15    1.55 ^ clkbuf_2_1_0_core_clk/X (sky130_fd_sc_hd__clkbuf_4)
     1    0.00                           clknet_2_1_0_core_clk (net)
                  0.03    0.00    1.55 ^ clkbuf_2_1_1_core_clk/A (sky130_fd_sc_hd__clkbuf_4)
                  0.13    0.18    1.73 ^ clkbuf_2_1_1_core_clk/X (sky130_fd_sc_hd__clkbuf_4)
     2    0.04                           clknet_2_1_1_core_clk (net)
                  0.13    0.00    1.73 ^ clkbuf_3_3_0_core_clk/A (sky130_fd_sc_hd__clkbuf_4)
                  0.05    0.15    1.89 ^ clkbuf_3_3_0_core_clk/X (sky130_fd_sc_hd__clkbuf_4)
     1    0.01                           clknet_3_3_0_core_clk (net)
                  0.05    0.00    1.89 ^ clkbuf_3_3_1_core_clk/A (sky130_fd_sc_hd__clkbuf_4)
                  0.04    0.12    2.00 ^ clkbuf_3_3_1_core_clk/X (sky130_fd_sc_hd__clkbuf_4)
     1    0.01                           clknet_3_3_1_core_clk (net)
                  0.04    0.00    2.00 ^ clkbuf_3_3_2_core_clk/A (sky130_fd_sc_hd__clkbuf_4)
                  0.12    0.18    2.18 ^ clkbuf_3_3_2_core_clk/X (sky130_fd_sc_hd__clkbuf_4)
     2    0.04                           clknet_3_3_2_core_clk (net)
                  0.12    0.00    2.19 ^ clkbuf_4_6_0_core_clk/A (sky130_fd_sc_hd__clkbuf_4)
                  0.09    0.19    2.38 ^ clkbuf_4_6_0_core_clk/X (sky130_fd_sc_hd__clkbuf_4)
     2    0.03                           clknet_4_6_0_core_clk (net)
                  0.09    0.00    2.38 ^ clkbuf_5_13_0_core_clk/A (sky130_fd_sc_hd__clkbuf_4)
                  0.04    0.13    2.51 ^ clkbuf_5_13_0_core_clk/X (sky130_fd_sc_hd__clkbuf_4)
     1    0.01                           clknet_5_13_0_core_clk (net)
                  0.04    0.00    2.51 ^ clkbuf_5_13_1_core_clk/A (sky130_fd_sc_hd__clkbuf_4)
                  0.70    0.56    3.07 ^ clkbuf_5_13_1_core_clk/X (sky130_fd_sc_hd__clkbuf_4)
    16    0.24                           clknet_5_13_1_core_clk (net)
                  0.70    0.01    3.08 ^ clkbuf_leaf_90_core_clk/A (sky130_fd_sc_hd__clkbuf_16)
                  0.08    0.28    3.37 ^ clkbuf_leaf_90_core_clk/X (sky130_fd_sc_hd__clkbuf_16)
    13    0.05                           clknet_leaf_90_core_clk (net)
                  0.08    0.00    3.37 ^ _39067_/CLK (sky130_fd_sc_hd__dfxtp_1)
                  0.04    0.30    3.67 v _39067_/Q (sky130_fd_sc_hd__dfxtp_1)
     2    0.01                           mgmtsoc_scratch_storage[4] (net)
                  0.04    0.00    3.67 v hold1205/A (sky130_fd_sc_hd__clkbuf_1)
                  0.07    0.11    3.78 v hold1205/X (sky130_fd_sc_hd__clkbuf_1)
     1    0.01                           net4054 (net)
                  0.07    0.00    3.78 v _22514_/B (sky130_fd_sc_hd__nand3_1)
                  0.12    0.13    3.91 ^ _22514_/Y (sky130_fd_sc_hd__nand3_1)
     1    0.01                           _10943_ (net)
                  0.12    0.00    3.91 ^ _22516_/A1 (sky130_fd_sc_hd__a21oi_4)
                  0.04    0.05    3.97 v _22516_/Y (sky130_fd_sc_hd__a21oi_4)
     1    0.00                           _05644_ (net)
                  0.04    0.00    3.97 v hold1190/A (sky130_fd_sc_hd__clkbuf_2)
                  0.09    0.15    4.11 v hold1190/X (sky130_fd_sc_hd__clkbuf_2)
     1    0.02                           net4039 (net)
                  0.09    0.00    4.11 v _38178_/D (sky130_fd_sc_hd__dfxtp_1)
                                  4.11   data arrival time

                          0.00    0.00   clock core_clk (rise edge)
                          0.00    0.00   clock source latency
                  0.64    0.48    0.48 ^ core_clk (in)
     1    0.08                           core_clk (net)
                  0.64    0.00    0.48 ^ clkbuf_0_core_clk/A (sky130_fd_sc_hd__clkbuf_16)
                  0.06    0.28    0.75 ^ clkbuf_0_core_clk/X (sky130_fd_sc_hd__clkbuf_16)
     2    0.02                           clknet_0_core_clk (net)
                  0.06    0.00    0.75 ^ clkbuf_1_1_0_core_clk/A (sky130_fd_sc_hd__clkbuf_4)
                  0.05    0.14    0.90 ^ clkbuf_1_1_0_core_clk/X (sky130_fd_sc_hd__clkbuf_4)
     1    0.01                           clknet_1_1_0_core_clk (net)
                  0.05    0.00    0.90 ^ clkbuf_1_1_1_core_clk/A (sky130_fd_sc_hd__clkbuf_4)
                  0.05    0.14    1.03 ^ clkbuf_1_1_1_core_clk/X (sky130_fd_sc_hd__clkbuf_4)
     1    0.01                           clknet_1_1_1_core_clk (net)
                  0.05    0.00    1.03 ^ clkbuf_1_1_2_core_clk/A (sky130_fd_sc_hd__clkbuf_4)
                  0.05    0.14    1.17 ^ clkbuf_1_1_2_core_clk/X (sky130_fd_sc_hd__clkbuf_4)
     1    0.01                           clknet_1_1_2_core_clk (net)
                  0.05    0.00    1.17 ^ clkbuf_1_1_3_core_clk/A (sky130_fd_sc_hd__clkbuf_4)
                  0.05    0.14    1.31 ^ clkbuf_1_1_3_core_clk/X (sky130_fd_sc_hd__clkbuf_4)
     1    0.01                           clknet_1_1_3_core_clk (net)
                  0.05    0.00    1.31 ^ clkbuf_1_1_4_core_clk/A (sky130_fd_sc_hd__clkbuf_4)
                  0.18    0.24    1.55 ^ clkbuf_1_1_4_core_clk/X (sky130_fd_sc_hd__clkbuf_4)
     2    0.06                           clknet_1_1_4_core_clk (net)
                  0.18    0.01    1.56 ^ clkbuf_2_3_0_core_clk/A (sky130_fd_sc_hd__clkbuf_4)
                  0.05    0.19    1.75 ^ clkbuf_2_3_0_core_clk/X (sky130_fd_sc_hd__clkbuf_4)
     1    0.01                           clknet_2_3_0_core_clk (net)
                  0.05    0.00    1.75 ^ clkbuf_2_3_1_core_clk/A (sky130_fd_sc_hd__clkbuf_4)
                  0.13    0.21    1.96 ^ clkbuf_2_3_1_core_clk/X (sky130_fd_sc_hd__clkbuf_4)
     2    0.04                           clknet_2_3_1_core_clk (net)
                  0.13    0.00    1.96 ^ clkbuf_3_6_0_core_clk/A (sky130_fd_sc_hd__clkbuf_4)
                  0.04    0.17    2.14 ^ clkbuf_3_6_0_core_clk/X (sky130_fd_sc_hd__clkbuf_4)
     1    0.01                           clknet_3_6_0_core_clk (net)
                  0.04    0.00    2.14 ^ clkbuf_3_6_1_core_clk/A (sky130_fd_sc_hd__clkbuf_4)
                  0.04    0.13    2.26 ^ clkbuf_3_6_1_core_clk/X (sky130_fd_sc_hd__clkbuf_4)
     1    0.01                           clknet_3_6_1_core_clk (net)
                  0.04    0.00    2.26 ^ clkbuf_3_6_2_core_clk/A (sky130_fd_sc_hd__clkbuf_4)
                  0.11    0.18    2.45 ^ clkbuf_3_6_2_core_clk/X (sky130_fd_sc_hd__clkbuf_4)
     2    0.03                           clknet_3_6_2_core_clk (net)
                  0.11    0.00    2.45 ^ clkbuf_4_13_0_core_clk/A (sky130_fd_sc_hd__clkbuf_4)
                  0.09    0.20    2.65 ^ clkbuf_4_13_0_core_clk/X (sky130_fd_sc_hd__clkbuf_4)
     2    0.03                           clknet_4_13_0_core_clk (net)
                  0.09    0.00    2.65 ^ clkbuf_5_26_0_core_clk/A (sky130_fd_sc_hd__clkbuf_4)
                  0.04    0.15    2.80 ^ clkbuf_5_26_0_core_clk/X (sky130_fd_sc_hd__clkbuf_4)
     1    0.01                           clknet_5_26_0_core_clk (net)
                  0.04    0.00    2.80 ^ clkbuf_5_26_1_core_clk/A (sky130_fd_sc_hd__clkbuf_4)
                  0.86    0.73    3.53 ^ clkbuf_5_26_1_core_clk/X (sky130_fd_sc_hd__clkbuf_4)
    17    0.29                           clknet_5_26_1_core_clk (net)
                  0.86    0.01    3.55 ^ clkbuf_leaf_141_core_clk/A (sky130_fd_sc_hd__clkbuf_16)
                  0.07    0.31    3.86 ^ clkbuf_leaf_141_core_clk/X (sky130_fd_sc_hd__clkbuf_16)
     8    0.03                           clknet_leaf_141_core_clk (net)
                  0.07    0.00    3.86 ^ _38178_/CLK (sky130_fd_sc_hd__dfxtp_1)
                          0.25    4.11   clock uncertainty
                         -0.07    4.04   clock reconvergence pessimism
                         -0.07    3.97   library hold time
                                  3.97   data required time
-----------------------------------------------------------------------------
                                  3.97   data required time
                                 -4.11   data arrival time
-----------------------------------------------------------------------------
                                  0.15   slack (MET)


Startpoint: _38370_ (rising edge-triggered flip-flop clocked by core_clk)
Endpoint: _38374_ (rising edge-triggered flip-flop clocked by core_clk)
Path Group: core_clk
Path Type: min

Fanout     Cap    Slew   Delay    Time   Description
-----------------------------------------------------------------------------
                          0.00    0.00   clock core_clk (rise edge)
                          0.00    0.00   clock source latency
                  0.64    0.43    0.43 ^ core_clk (in)
     1    0.08                           core_clk (net)
                  0.64    0.00    0.43 ^ clkbuf_0_core_clk/A (sky130_fd_sc_hd__clkbuf_16)
                  0.06    0.25    0.68 ^ clkbuf_0_core_clk/X (sky130_fd_sc_hd__clkbuf_16)
     2    0.02                           clknet_0_core_clk (net)
                  0.06    0.00    0.68 ^ clkbuf_1_0_0_core_clk/A (sky130_fd_sc_hd__clkbuf_4)
                  0.05    0.13    0.81 ^ clkbuf_1_0_0_core_clk/X (sky130_fd_sc_hd__clkbuf_4)
     1    0.01                           clknet_1_0_0_core_clk (net)
                  0.05    0.00    0.81 ^ clkbuf_1_0_1_core_clk/A (sky130_fd_sc_hd__clkbuf_4)
                  0.05    0.12    0.93 ^ clkbuf_1_0_1_core_clk/X (sky130_fd_sc_hd__clkbuf_4)
     1    0.01                           clknet_1_0_1_core_clk (net)
                  0.05    0.00    0.93 ^ clkbuf_1_0_2_core_clk/A (sky130_fd_sc_hd__clkbuf_4)
                  0.05    0.13    1.06 ^ clkbuf_1_0_2_core_clk/X (sky130_fd_sc_hd__clkbuf_4)
     1    0.01                           clknet_1_0_2_core_clk (net)
                  0.05    0.00    1.06 ^ clkbuf_1_0_3_core_clk/A (sky130_fd_sc_hd__clkbuf_4)
                  0.03    0.11    1.17 ^ clkbuf_1_0_3_core_clk/X (sky130_fd_sc_hd__clkbuf_4)
     1    0.00                           clknet_1_0_3_core_clk (net)
                  0.03    0.00    1.17 ^ clkbuf_1_0_4_core_clk/A (sky130_fd_sc_hd__clkbuf_4)
                  0.18    0.21    1.38 ^ clkbuf_1_0_4_core_clk/X (sky130_fd_sc_hd__clkbuf_4)
     2    0.06                           clknet_1_0_4_core_clk (net)
                  0.18    0.01    1.39 ^ clkbuf_2_1_0_core_clk/A (sky130_fd_sc_hd__clkbuf_4)
                  0.03    0.15    1.55 ^ clkbuf_2_1_0_core_clk/X (sky130_fd_sc_hd__clkbuf_4)
     1    0.00                           clknet_2_1_0_core_clk (net)
                  0.03    0.00    1.55 ^ clkbuf_2_1_1_core_clk/A (sky130_fd_sc_hd__clkbuf_4)
                  0.13    0.18    1.73 ^ clkbuf_2_1_1_core_clk/X (sky130_fd_sc_hd__clkbuf_4)
     2    0.04                           clknet_2_1_1_core_clk (net)
                  0.13    0.00    1.73 ^ clkbuf_3_3_0_core_clk/A (sky130_fd_sc_hd__clkbuf_4)
                  0.05    0.15    1.89 ^ clkbuf_3_3_0_core_clk/X (sky130_fd_sc_hd__clkbuf_4)
     1    0.01                           clknet_3_3_0_core_clk (net)
                  0.05    0.00    1.89 ^ clkbuf_3_3_1_core_clk/A (sky130_fd_sc_hd__clkbuf_4)
                  0.04    0.12    2.00 ^ clkbuf_3_3_1_core_clk/X (sky130_fd_sc_hd__clkbuf_4)
     1    0.01                           clknet_3_3_1_core_clk (net)
                  0.04    0.00    2.00 ^ clkbuf_3_3_2_core_clk/A (sky130_fd_sc_hd__clkbuf_4)
                  0.12    0.18    2.18 ^ clkbuf_3_3_2_core_clk/X (sky130_fd_sc_hd__clkbuf_4)
     2    0.04                           clknet_3_3_2_core_clk (net)
                  0.12    0.00    2.19 ^ clkbuf_4_6_0_core_clk/A (sky130_fd_sc_hd__clkbuf_4)
                  0.09    0.19    2.38 ^ clkbuf_4_6_0_core_clk/X (sky130_fd_sc_hd__clkbuf_4)
     2    0.03                           clknet_4_6_0_core_clk (net)
                  0.09    0.00    2.38 ^ clkbuf_5_13_0_core_clk/A (sky130_fd_sc_hd__clkbuf_4)
                  0.04    0.13    2.51 ^ clkbuf_5_13_0_core_clk/X (sky130_fd_sc_hd__clkbuf_4)
     1    0.01                           clknet_5_13_0_core_clk (net)
                  0.04    0.00    2.51 ^ clkbuf_5_13_1_core_clk/A (sky130_fd_sc_hd__clkbuf_4)
                  0.70    0.56    3.07 ^ clkbuf_5_13_1_core_clk/X (sky130_fd_sc_hd__clkbuf_4)
    16    0.24                           clknet_5_13_1_core_clk (net)
                  0.70    0.02    3.09 ^ clkbuf_leaf_124_core_clk/A (sky130_fd_sc_hd__clkbuf_16)
                  0.10    0.30    3.39 ^ clkbuf_leaf_124_core_clk/X (sky130_fd_sc_hd__clkbuf_16)
    18    0.07                           clknet_leaf_124_core_clk (net)
                  0.10    0.00    3.39 ^ _38370_/CLK (sky130_fd_sc_hd__dfxtp_1)
                  0.06    0.32    3.71 v _38370_/Q (sky130_fd_sc_hd__dfxtp_1)
     3    0.01                           mgmtsoc_bus_errors[12] (net)
                  0.06    0.00    3.71 v _21820_/A (sky130_fd_sc_hd__inv_2)
                  0.06    0.07    3.78 ^ _21820_/Y (sky130_fd_sc_hd__inv_2)
     3    0.01                           _10463_ (net)
                  0.06    0.00    3.78 ^ _21828_/B (sky130_fd_sc_hd__nor3_2)
                  0.05    0.06    3.84 v _21828_/Y (sky130_fd_sc_hd__nor3_2)
     5    0.02                           _10471_ (net)
                  0.05    0.00    3.84 v _21908_/A3 (sky130_fd_sc_hd__a41oi_1)
                  0.13    0.20    4.04 ^ _21908_/Y (sky130_fd_sc_hd__a41oi_1)
     1    0.00                           _10536_ (net)
                  0.13    0.00    4.04 ^ _21909_/B (sky130_fd_sc_hd__nor3_1)
                  0.04    0.06    4.10 v _21909_/Y (sky130_fd_sc_hd__nor3_1)
     1    0.00                           _05840_ (net)
                  0.04    0.00    4.10 v _38374_/D (sky130_fd_sc_hd__dfxtp_1)
                                  4.10   data arrival time

                          0.00    0.00   clock core_clk (rise edge)
                          0.00    0.00   clock source latency
                  0.64    0.48    0.48 ^ core_clk (in)
     1    0.08                           core_clk (net)
                  0.64    0.00    0.48 ^ clkbuf_0_core_clk/A (sky130_fd_sc_hd__clkbuf_16)
                  0.06    0.28    0.75 ^ clkbuf_0_core_clk/X (sky130_fd_sc_hd__clkbuf_16)
     2    0.02                           clknet_0_core_clk (net)
                  0.06    0.00    0.75 ^ clkbuf_1_1_0_core_clk/A (sky130_fd_sc_hd__clkbuf_4)
                  0.05    0.14    0.90 ^ clkbuf_1_1_0_core_clk/X (sky130_fd_sc_hd__clkbuf_4)
     1    0.01                           clknet_1_1_0_core_clk (net)
                  0.05    0.00    0.90 ^ clkbuf_1_1_1_core_clk/A (sky130_fd_sc_hd__clkbuf_4)
                  0.05    0.14    1.03 ^ clkbuf_1_1_1_core_clk/X (sky130_fd_sc_hd__clkbuf_4)
     1    0.01                           clknet_1_1_1_core_clk (net)
                  0.05    0.00    1.03 ^ clkbuf_1_1_2_core_clk/A (sky130_fd_sc_hd__clkbuf_4)
                  0.05    0.14    1.17 ^ clkbuf_1_1_2_core_clk/X (sky130_fd_sc_hd__clkbuf_4)
     1    0.01                           clknet_1_1_2_core_clk (net)
                  0.05    0.00    1.17 ^ clkbuf_1_1_3_core_clk/A (sky130_fd_sc_hd__clkbuf_4)
                  0.05    0.14    1.31 ^ clkbuf_1_1_3_core_clk/X (sky130_fd_sc_hd__clkbuf_4)
     1    0.01                           clknet_1_1_3_core_clk (net)
                  0.05    0.00    1.31 ^ clkbuf_1_1_4_core_clk/A (sky130_fd_sc_hd__clkbuf_4)
                  0.18    0.24    1.55 ^ clkbuf_1_1_4_core_clk/X (sky130_fd_sc_hd__clkbuf_4)
     2    0.06                           clknet_1_1_4_core_clk (net)
                  0.18    0.01    1.56 ^ clkbuf_2_3_0_core_clk/A (sky130_fd_sc_hd__clkbuf_4)
                  0.05    0.19    1.75 ^ clkbuf_2_3_0_core_clk/X (sky130_fd_sc_hd__clkbuf_4)
     1    0.01                           clknet_2_3_0_core_clk (net)
                  0.05    0.00    1.75 ^ clkbuf_2_3_1_core_clk/A (sky130_fd_sc_hd__clkbuf_4)
                  0.13    0.21    1.96 ^ clkbuf_2_3_1_core_clk/X (sky130_fd_sc_hd__clkbuf_4)
     2    0.04                           clknet_2_3_1_core_clk (net)
                  0.13    0.00    1.96 ^ clkbuf_3_6_0_core_clk/A (sky130_fd_sc_hd__clkbuf_4)
                  0.04    0.17    2.14 ^ clkbuf_3_6_0_core_clk/X (sky130_fd_sc_hd__clkbuf_4)
     1    0.01                           clknet_3_6_0_core_clk (net)
                  0.04    0.00    2.14 ^ clkbuf_3_6_1_core_clk/A (sky130_fd_sc_hd__clkbuf_4)
                  0.04    0.13    2.26 ^ clkbuf_3_6_1_core_clk/X (sky130_fd_sc_hd__clkbuf_4)
     1    0.01                           clknet_3_6_1_core_clk (net)
                  0.04    0.00    2.26 ^ clkbuf_3_6_2_core_clk/A (sky130_fd_sc_hd__clkbuf_4)
                  0.11    0.18    2.45 ^ clkbuf_3_6_2_core_clk/X (sky130_fd_sc_hd__clkbuf_4)
     2    0.03                           clknet_3_6_2_core_clk (net)
                  0.11    0.00    2.45 ^ clkbuf_4_12_0_core_clk/A (sky130_fd_sc_hd__clkbuf_4)
                  0.09    0.20    2.65 ^ clkbuf_4_12_0_core_clk/X (sky130_fd_sc_hd__clkbuf_4)
     2    0.03                           clknet_4_12_0_core_clk (net)
                  0.09    0.00    2.65 ^ clkbuf_5_24_0_core_clk/A (sky130_fd_sc_hd__clkbuf_4)
                  0.04    0.15    2.80 ^ clkbuf_5_24_0_core_clk/X (sky130_fd_sc_hd__clkbuf_4)
     1    0.01                           clknet_5_24_0_core_clk (net)
                  0.04    0.00    2.80 ^ clkbuf_5_24_1_core_clk/A (sky130_fd_sc_hd__clkbuf_4)
                  0.79    0.69    3.49 ^ clkbuf_5_24_1_core_clk/X (sky130_fd_sc_hd__clkbuf_4)
    17    0.27                           clknet_5_24_1_core_clk (net)
                  0.79    0.00    3.49 ^ clkbuf_leaf_126_core_clk/A (sky130_fd_sc_hd__clkbuf_16)
                  0.09    0.32    3.82 ^ clkbuf_leaf_126_core_clk/X (sky130_fd_sc_hd__clkbuf_16)
    12    0.05                           clknet_leaf_126_core_clk (net)
                  0.09    0.00    3.82 ^ _38374_/CLK (sky130_fd_sc_hd__dfxtp_1)
                          0.25    4.07   clock uncertainty
                         -0.07    4.00   clock reconvergence pessimism
                         -0.04    3.95   library hold time
                                  3.95   data required time
-----------------------------------------------------------------------------
                                  3.95   data required time
                                 -4.10   data arrival time
-----------------------------------------------------------------------------
                                  0.15   slack (MET)


Startpoint: _36304_ (rising edge-triggered flip-flop clocked by core_clk)
Endpoint: _34923_ (rising edge-triggered flip-flop clocked by core_clk)
Path Group: core_clk
Path Type: min

Fanout     Cap    Slew   Delay    Time   Description
-----------------------------------------------------------------------------
                          0.00    0.00   clock core_clk (rise edge)
                          0.00    0.00   clock source latency
                  0.64    0.43    0.43 ^ core_clk (in)
     1    0.08                           core_clk (net)
                  0.64    0.00    0.43 ^ clkbuf_0_core_clk/A (sky130_fd_sc_hd__clkbuf_16)
                  0.06    0.25    0.68 ^ clkbuf_0_core_clk/X (sky130_fd_sc_hd__clkbuf_16)
     2    0.02                           clknet_0_core_clk (net)
                  0.06    0.00    0.68 ^ clkbuf_1_1_0_core_clk/A (sky130_fd_sc_hd__clkbuf_4)
                  0.05    0.13    0.81 ^ clkbuf_1_1_0_core_clk/X (sky130_fd_sc_hd__clkbuf_4)
     1    0.01                           clknet_1_1_0_core_clk (net)
                  0.05    0.00    0.81 ^ clkbuf_1_1_1_core_clk/A (sky130_fd_sc_hd__clkbuf_4)
                  0.05    0.12    0.93 ^ clkbuf_1_1_1_core_clk/X (sky130_fd_sc_hd__clkbuf_4)
     1    0.01                           clknet_1_1_1_core_clk (net)
                  0.05    0.00    0.93 ^ clkbuf_1_1_2_core_clk/A (sky130_fd_sc_hd__clkbuf_4)
                  0.05    0.12    1.06 ^ clkbuf_1_1_2_core_clk/X (sky130_fd_sc_hd__clkbuf_4)
     1    0.01                           clknet_1_1_2_core_clk (net)
                  0.05    0.00    1.06 ^ clkbuf_1_1_3_core_clk/A (sky130_fd_sc_hd__clkbuf_4)
                  0.05    0.12    1.18 ^ clkbuf_1_1_3_core_clk/X (sky130_fd_sc_hd__clkbuf_4)
     1    0.01                           clknet_1_1_3_core_clk (net)
                  0.05    0.00    1.18 ^ clkbuf_1_1_4_core_clk/A (sky130_fd_sc_hd__clkbuf_4)
                  0.18    0.22    1.40 ^ clkbuf_1_1_4_core_clk/X (sky130_fd_sc_hd__clkbuf_4)
     2    0.06                           clknet_1_1_4_core_clk (net)
                  0.18    0.01    1.41 ^ clkbuf_2_3_0_core_clk/A (sky130_fd_sc_hd__clkbuf_4)
                  0.05    0.17    1.58 ^ clkbuf_2_3_0_core_clk/X (sky130_fd_sc_hd__clkbuf_4)
     1    0.01                           clknet_2_3_0_core_clk (net)
                  0.05    0.00    1.58 ^ clkbuf_2_3_1_core_clk/A (sky130_fd_sc_hd__clkbuf_4)
                  0.13    0.19    1.78 ^ clkbuf_2_3_1_core_clk/X (sky130_fd_sc_hd__clkbuf_4)
     2    0.04                           clknet_2_3_1_core_clk (net)
                  0.13    0.00    1.78 ^ clkbuf_3_7_0_core_clk/A (sky130_fd_sc_hd__clkbuf_4)
                  0.05    0.16    1.93 ^ clkbuf_3_7_0_core_clk/X (sky130_fd_sc_hd__clkbuf_4)
     1    0.01                           clknet_3_7_0_core_clk (net)
                  0.05    0.00    1.93 ^ clkbuf_3_7_1_core_clk/A (sky130_fd_sc_hd__clkbuf_4)
                  0.04    0.11    2.05 ^ clkbuf_3_7_1_core_clk/X (sky130_fd_sc_hd__clkbuf_4)
     1    0.01                           clknet_3_7_1_core_clk (net)
                  0.04    0.00    2.05 ^ clkbuf_3_7_2_core_clk/A (sky130_fd_sc_hd__clkbuf_4)
                  0.13    0.18    2.23 ^ clkbuf_3_7_2_core_clk/X (sky130_fd_sc_hd__clkbuf_4)
     2    0.04                           clknet_3_7_2_core_clk (net)
                  0.13    0.00    2.24 ^ clkbuf_4_14_0_core_clk/A (sky130_fd_sc_hd__clkbuf_4)
                  0.09    0.19    2.43 ^ clkbuf_4_14_0_core_clk/X (sky130_fd_sc_hd__clkbuf_4)
     2    0.03                           clknet_4_14_0_core_clk (net)
                  0.09    0.00    2.43 ^ clkbuf_5_28_0_core_clk/A (sky130_fd_sc_hd__clkbuf_4)
                  0.04    0.13    2.56 ^ clkbuf_5_28_0_core_clk/X (sky130_fd_sc_hd__clkbuf_4)
     1    0.01                           clknet_5_28_0_core_clk (net)
                  0.04    0.00    2.56 ^ clkbuf_5_28_1_core_clk/A (sky130_fd_sc_hd__clkbuf_4)
                  0.69    0.55    3.11 ^ clkbuf_5_28_1_core_clk/X (sky130_fd_sc_hd__clkbuf_4)
    15    0.23                           clknet_5_28_1_core_clk (net)
                  0.69    0.01    3.12 ^ clkbuf_leaf_224_core_clk/A (sky130_fd_sc_hd__clkbuf_16)
                  0.09    0.29    3.41 ^ clkbuf_leaf_224_core_clk/X (sky130_fd_sc_hd__clkbuf_16)
    16    0.06                           clknet_leaf_224_core_clk (net)
                  0.09    0.00    3.41 ^ _36304_/CLK (sky130_fd_sc_hd__dfxtp_1)
                  0.09    0.35    3.76 v _36304_/Q (sky130_fd_sc_hd__dfxtp_1)
     2    0.02                           VexRiscv.DebugPlugin_busReadDataReg[27] (net)
                  0.09    0.00    3.76 v _34923_/D (sky130_fd_sc_hd__dfxtp_1)
                                  3.76   data arrival time

                          0.00    0.00   clock core_clk (rise edge)
                          0.00    0.00   clock source latency
                  0.64    0.48    0.48 ^ core_clk (in)
     1    0.08                           core_clk (net)
                  0.64    0.00    0.48 ^ clkbuf_0_core_clk/A (sky130_fd_sc_hd__clkbuf_16)
                  0.06    0.28    0.75 ^ clkbuf_0_core_clk/X (sky130_fd_sc_hd__clkbuf_16)
     2    0.02                           clknet_0_core_clk (net)
                  0.06    0.00    0.75 ^ clkbuf_1_1_0_core_clk/A (sky130_fd_sc_hd__clkbuf_4)
                  0.05    0.14    0.90 ^ clkbuf_1_1_0_core_clk/X (sky130_fd_sc_hd__clkbuf_4)
     1    0.01                           clknet_1_1_0_core_clk (net)
                  0.05    0.00    0.90 ^ clkbuf_1_1_1_core_clk/A (sky130_fd_sc_hd__clkbuf_4)
                  0.05    0.14    1.03 ^ clkbuf_1_1_1_core_clk/X (sky130_fd_sc_hd__clkbuf_4)
     1    0.01                           clknet_1_1_1_core_clk (net)
                  0.05    0.00    1.03 ^ clkbuf_1_1_2_core_clk/A (sky130_fd_sc_hd__clkbuf_4)
                  0.05    0.14    1.17 ^ clkbuf_1_1_2_core_clk/X (sky130_fd_sc_hd__clkbuf_4)
     1    0.01                           clknet_1_1_2_core_clk (net)
                  0.05    0.00    1.17 ^ clkbuf_1_1_3_core_clk/A (sky130_fd_sc_hd__clkbuf_4)
                  0.05    0.14    1.31 ^ clkbuf_1_1_3_core_clk/X (sky130_fd_sc_hd__clkbuf_4)
     1    0.01                           clknet_1_1_3_core_clk (net)
                  0.05    0.00    1.31 ^ clkbuf_1_1_4_core_clk/A (sky130_fd_sc_hd__clkbuf_4)
                  0.18    0.24    1.55 ^ clkbuf_1_1_4_core_clk/X (sky130_fd_sc_hd__clkbuf_4)
     2    0.06                           clknet_1_1_4_core_clk (net)
                  0.18    0.01    1.56 ^ clkbuf_2_3_0_core_clk/A (sky130_fd_sc_hd__clkbuf_4)
                  0.05    0.19    1.75 ^ clkbuf_2_3_0_core_clk/X (sky130_fd_sc_hd__clkbuf_4)
     1    0.01                           clknet_2_3_0_core_clk (net)
                  0.05    0.00    1.75 ^ clkbuf_2_3_1_core_clk/A (sky130_fd_sc_hd__clkbuf_4)
                  0.13    0.21    1.96 ^ clkbuf_2_3_1_core_clk/X (sky130_fd_sc_hd__clkbuf_4)
     2    0.04                           clknet_2_3_1_core_clk (net)
                  0.13    0.00    1.96 ^ clkbuf_3_7_0_core_clk/A (sky130_fd_sc_hd__clkbuf_4)
                  0.05    0.17    2.14 ^ clkbuf_3_7_0_core_clk/X (sky130_fd_sc_hd__clkbuf_4)
     1    0.01                           clknet_3_7_0_core_clk (net)
                  0.05    0.00    2.14 ^ clkbuf_3_7_1_core_clk/A (sky130_fd_sc_hd__clkbuf_4)
                  0.04    0.13    2.26 ^ clkbuf_3_7_1_core_clk/X (sky130_fd_sc_hd__clkbuf_4)
     1    0.01                           clknet_3_7_1_core_clk (net)
                  0.04    0.00    2.26 ^ clkbuf_3_7_2_core_clk/A (sky130_fd_sc_hd__clkbuf_4)
                  0.13    0.20    2.47 ^ clkbuf_3_7_2_core_clk/X (sky130_fd_sc_hd__clkbuf_4)
     2    0.04                           clknet_3_7_2_core_clk (net)
                  0.13    0.00    2.47 ^ clkbuf_4_14_0_core_clk/A (sky130_fd_sc_hd__clkbuf_4)
                  0.09    0.21    2.68 ^ clkbuf_4_14_0_core_clk/X (sky130_fd_sc_hd__clkbuf_4)
     2    0.03                           clknet_4_14_0_core_clk (net)
                  0.09    0.00    2.68 ^ clkbuf_5_28_0_core_clk/A (sky130_fd_sc_hd__clkbuf_4)
                  0.04    0.15    2.83 ^ clkbuf_5_28_0_core_clk/X (sky130_fd_sc_hd__clkbuf_4)
     1    0.01                           clknet_5_28_0_core_clk (net)
                  0.04    0.00    2.83 ^ clkbuf_5_28_1_core_clk/A (sky130_fd_sc_hd__clkbuf_4)
                  0.69    0.61    3.44 ^ clkbuf_5_28_1_core_clk/X (sky130_fd_sc_hd__clkbuf_4)
    15    0.23                           clknet_5_28_1_core_clk (net)
                  0.69    0.01    3.45 ^ clkbuf_leaf_230_core_clk/A (sky130_fd_sc_hd__clkbuf_16)
                  0.07    0.30    3.75 ^ clkbuf_leaf_230_core_clk/X (sky130_fd_sc_hd__clkbuf_16)
    11    0.04                           clknet_leaf_230_core_clk (net)
                  0.07    0.00    3.75 ^ _34923_/CLK (sky130_fd_sc_hd__dfxtp_1)
                          0.25    4.00   clock uncertainty
                         -0.33    3.67   clock reconvergence pessimism
                         -0.07    3.61   library hold time
                                  3.61   data required time
-----------------------------------------------------------------------------
                                  3.61   data required time
                                 -3.76   data arrival time
-----------------------------------------------------------------------------
                                  0.15   slack (MET)


Startpoint: _38372_ (rising edge-triggered flip-flop clocked by core_clk)
Endpoint: _38375_ (rising edge-triggered flip-flop clocked by core_clk)
Path Group: core_clk
Path Type: min

Fanout     Cap    Slew   Delay    Time   Description
-----------------------------------------------------------------------------
                          0.00    0.00   clock core_clk (rise edge)
                          0.00    0.00   clock source latency
                  0.64    0.43    0.43 ^ core_clk (in)
     1    0.08                           core_clk (net)
                  0.64    0.00    0.43 ^ clkbuf_0_core_clk/A (sky130_fd_sc_hd__clkbuf_16)
                  0.06    0.25    0.68 ^ clkbuf_0_core_clk/X (sky130_fd_sc_hd__clkbuf_16)
     2    0.02                           clknet_0_core_clk (net)
                  0.06    0.00    0.68 ^ clkbuf_1_0_0_core_clk/A (sky130_fd_sc_hd__clkbuf_4)
                  0.05    0.13    0.81 ^ clkbuf_1_0_0_core_clk/X (sky130_fd_sc_hd__clkbuf_4)
     1    0.01                           clknet_1_0_0_core_clk (net)
                  0.05    0.00    0.81 ^ clkbuf_1_0_1_core_clk/A (sky130_fd_sc_hd__clkbuf_4)
                  0.05    0.12    0.93 ^ clkbuf_1_0_1_core_clk/X (sky130_fd_sc_hd__clkbuf_4)
     1    0.01                           clknet_1_0_1_core_clk (net)
                  0.05    0.00    0.93 ^ clkbuf_1_0_2_core_clk/A (sky130_fd_sc_hd__clkbuf_4)
                  0.05    0.13    1.06 ^ clkbuf_1_0_2_core_clk/X (sky130_fd_sc_hd__clkbuf_4)
     1    0.01                           clknet_1_0_2_core_clk (net)
                  0.05    0.00    1.06 ^ clkbuf_1_0_3_core_clk/A (sky130_fd_sc_hd__clkbuf_4)
                  0.03    0.11    1.17 ^ clkbuf_1_0_3_core_clk/X (sky130_fd_sc_hd__clkbuf_4)
     1    0.00                           clknet_1_0_3_core_clk (net)
                  0.03    0.00    1.17 ^ clkbuf_1_0_4_core_clk/A (sky130_fd_sc_hd__clkbuf_4)
                  0.18    0.21    1.38 ^ clkbuf_1_0_4_core_clk/X (sky130_fd_sc_hd__clkbuf_4)
     2    0.06                           clknet_1_0_4_core_clk (net)
                  0.18    0.01    1.39 ^ clkbuf_2_1_0_core_clk/A (sky130_fd_sc_hd__clkbuf_4)
                  0.03    0.15    1.55 ^ clkbuf_2_1_0_core_clk/X (sky130_fd_sc_hd__clkbuf_4)
     1    0.00                           clknet_2_1_0_core_clk (net)
                  0.03    0.00    1.55 ^ clkbuf_2_1_1_core_clk/A (sky130_fd_sc_hd__clkbuf_4)
                  0.13    0.18    1.73 ^ clkbuf_2_1_1_core_clk/X (sky130_fd_sc_hd__clkbuf_4)
     2    0.04                           clknet_2_1_1_core_clk (net)
                  0.13    0.00    1.73 ^ clkbuf_3_3_0_core_clk/A (sky130_fd_sc_hd__clkbuf_4)
                  0.05    0.15    1.89 ^ clkbuf_3_3_0_core_clk/X (sky130_fd_sc_hd__clkbuf_4)
     1    0.01                           clknet_3_3_0_core_clk (net)
                  0.05    0.00    1.89 ^ clkbuf_3_3_1_core_clk/A (sky130_fd_sc_hd__clkbuf_4)
                  0.04    0.12    2.00 ^ clkbuf_3_3_1_core_clk/X (sky130_fd_sc_hd__clkbuf_4)
     1    0.01                           clknet_3_3_1_core_clk (net)
                  0.04    0.00    2.00 ^ clkbuf_3_3_2_core_clk/A (sky130_fd_sc_hd__clkbuf_4)
                  0.12    0.18    2.18 ^ clkbuf_3_3_2_core_clk/X (sky130_fd_sc_hd__clkbuf_4)
     2    0.04                           clknet_3_3_2_core_clk (net)
                  0.12    0.00    2.19 ^ clkbuf_4_6_0_core_clk/A (sky130_fd_sc_hd__clkbuf_4)
                  0.09    0.19    2.38 ^ clkbuf_4_6_0_core_clk/X (sky130_fd_sc_hd__clkbuf_4)
     2    0.03                           clknet_4_6_0_core_clk (net)
                  0.09    0.00    2.38 ^ clkbuf_5_13_0_core_clk/A (sky130_fd_sc_hd__clkbuf_4)
                  0.04    0.13    2.51 ^ clkbuf_5_13_0_core_clk/X (sky130_fd_sc_hd__clkbuf_4)
     1    0.01                           clknet_5_13_0_core_clk (net)
                  0.04    0.00    2.51 ^ clkbuf_5_13_1_core_clk/A (sky130_fd_sc_hd__clkbuf_4)
                  0.70    0.56    3.07 ^ clkbuf_5_13_1_core_clk/X (sky130_fd_sc_hd__clkbuf_4)
    16    0.24                           clknet_5_13_1_core_clk (net)
                  0.70    0.01    3.09 ^ clkbuf_leaf_125_core_clk/A (sky130_fd_sc_hd__clkbuf_16)
                  0.07    0.27    3.36 ^ clkbuf_leaf_125_core_clk/X (sky130_fd_sc_hd__clkbuf_16)
     8    0.03                           clknet_leaf_125_core_clk (net)
                  0.07    0.00    3.36 ^ _38372_/CLK (sky130_fd_sc_hd__dfxtp_1)
                  0.08    0.33    3.69 v _38372_/Q (sky130_fd_sc_hd__dfxtp_1)
     4    0.02                           mgmtsoc_bus_errors[14] (net)
                  0.08    0.00    3.69 v _21829_/B (sky130_fd_sc_hd__and2_1)
                  0.06    0.18    3.88 v _21829_/X (sky130_fd_sc_hd__and2_1)
     3    0.01                           _10472_ (net)
                  0.06    0.00    3.88 v _21903_/C (sky130_fd_sc_hd__nand3_1)
                  0.09    0.10    3.98 ^ _21903_/Y (sky130_fd_sc_hd__nand3_1)
     2    0.01                           _10532_ (net)
                  0.09    0.00    3.98 ^ _21904_/B (sky130_fd_sc_hd__nor3b_1)
                  0.03    0.06    4.03 v _21904_/Y (sky130_fd_sc_hd__nor3b_1)
     1    0.00                           _10533_ (net)
                  0.03    0.00    4.03 v _21907_/A (sky130_fd_sc_hd__nor2_1)
                  0.07    0.08    4.11 ^ _21907_/Y (sky130_fd_sc_hd__nor2_1)
     1    0.00                           _05841_ (net)
                  0.07    0.00    4.11 ^ _38375_/D (sky130_fd_sc_hd__dfxtp_1)
                                  4.11   data arrival time

                          0.00    0.00   clock core_clk (rise edge)
                          0.00    0.00   clock source latency
                  0.64    0.48    0.48 ^ core_clk (in)
     1    0.08                           core_clk (net)
                  0.64    0.00    0.48 ^ clkbuf_0_core_clk/A (sky130_fd_sc_hd__clkbuf_16)
                  0.06    0.28    0.75 ^ clkbuf_0_core_clk/X (sky130_fd_sc_hd__clkbuf_16)
     2    0.02                           clknet_0_core_clk (net)
                  0.06    0.00    0.75 ^ clkbuf_1_1_0_core_clk/A (sky130_fd_sc_hd__clkbuf_4)
                  0.05    0.14    0.90 ^ clkbuf_1_1_0_core_clk/X (sky130_fd_sc_hd__clkbuf_4)
     1    0.01                           clknet_1_1_0_core_clk (net)
                  0.05    0.00    0.90 ^ clkbuf_1_1_1_core_clk/A (sky130_fd_sc_hd__clkbuf_4)
                  0.05    0.14    1.03 ^ clkbuf_1_1_1_core_clk/X (sky130_fd_sc_hd__clkbuf_4)
     1    0.01                           clknet_1_1_1_core_clk (net)
                  0.05    0.00    1.03 ^ clkbuf_1_1_2_core_clk/A (sky130_fd_sc_hd__clkbuf_4)
                  0.05    0.14    1.17 ^ clkbuf_1_1_2_core_clk/X (sky130_fd_sc_hd__clkbuf_4)
     1    0.01                           clknet_1_1_2_core_clk (net)
                  0.05    0.00    1.17 ^ clkbuf_1_1_3_core_clk/A (sky130_fd_sc_hd__clkbuf_4)
                  0.05    0.14    1.31 ^ clkbuf_1_1_3_core_clk/X (sky130_fd_sc_hd__clkbuf_4)
     1    0.01                           clknet_1_1_3_core_clk (net)
                  0.05    0.00    1.31 ^ clkbuf_1_1_4_core_clk/A (sky130_fd_sc_hd__clkbuf_4)
                  0.18    0.24    1.55 ^ clkbuf_1_1_4_core_clk/X (sky130_fd_sc_hd__clkbuf_4)
     2    0.06                           clknet_1_1_4_core_clk (net)
                  0.18    0.01    1.56 ^ clkbuf_2_3_0_core_clk/A (sky130_fd_sc_hd__clkbuf_4)
                  0.05    0.19    1.75 ^ clkbuf_2_3_0_core_clk/X (sky130_fd_sc_hd__clkbuf_4)
     1    0.01                           clknet_2_3_0_core_clk (net)
                  0.05    0.00    1.75 ^ clkbuf_2_3_1_core_clk/A (sky130_fd_sc_hd__clkbuf_4)
                  0.13    0.21    1.96 ^ clkbuf_2_3_1_core_clk/X (sky130_fd_sc_hd__clkbuf_4)
     2    0.04                           clknet_2_3_1_core_clk (net)
                  0.13    0.00    1.96 ^ clkbuf_3_6_0_core_clk/A (sky130_fd_sc_hd__clkbuf_4)
                  0.04    0.17    2.14 ^ clkbuf_3_6_0_core_clk/X (sky130_fd_sc_hd__clkbuf_4)
     1    0.01                           clknet_3_6_0_core_clk (net)
                  0.04    0.00    2.14 ^ clkbuf_3_6_1_core_clk/A (sky130_fd_sc_hd__clkbuf_4)
                  0.04    0.13    2.26 ^ clkbuf_3_6_1_core_clk/X (sky130_fd_sc_hd__clkbuf_4)
     1    0.01                           clknet_3_6_1_core_clk (net)
                  0.04    0.00    2.26 ^ clkbuf_3_6_2_core_clk/A (sky130_fd_sc_hd__clkbuf_4)
                  0.11    0.18    2.45 ^ clkbuf_3_6_2_core_clk/X (sky130_fd_sc_hd__clkbuf_4)
     2    0.03                           clknet_3_6_2_core_clk (net)
                  0.11    0.00    2.45 ^ clkbuf_4_12_0_core_clk/A (sky130_fd_sc_hd__clkbuf_4)
                  0.09    0.20    2.65 ^ clkbuf_4_12_0_core_clk/X (sky130_fd_sc_hd__clkbuf_4)
     2    0.03                           clknet_4_12_0_core_clk (net)
                  0.09    0.00    2.65 ^ clkbuf_5_24_0_core_clk/A (sky130_fd_sc_hd__clkbuf_4)
                  0.04    0.15    2.80 ^ clkbuf_5_24_0_core_clk/X (sky130_fd_sc_hd__clkbuf_4)
     1    0.01                           clknet_5_24_0_core_clk (net)
                  0.04    0.00    2.80 ^ clkbuf_5_24_1_core_clk/A (sky130_fd_sc_hd__clkbuf_4)
                  0.79    0.69    3.49 ^ clkbuf_5_24_1_core_clk/X (sky130_fd_sc_hd__clkbuf_4)
    17    0.27                           clknet_5_24_1_core_clk (net)
                  0.79    0.00    3.49 ^ clkbuf_leaf_126_core_clk/A (sky130_fd_sc_hd__clkbuf_16)
                  0.09    0.32    3.82 ^ clkbuf_leaf_126_core_clk/X (sky130_fd_sc_hd__clkbuf_16)
    12    0.05                           clknet_leaf_126_core_clk (net)
                  0.09    0.00    3.82 ^ _38375_/CLK (sky130_fd_sc_hd__dfxtp_1)
                          0.25    4.07   clock uncertainty
                         -0.07    4.00   clock reconvergence pessimism
                         -0.03    3.96   library hold time
                                  3.96   data required time
-----------------------------------------------------------------------------
                                  3.96   data required time
                                 -4.11   data arrival time
-----------------------------------------------------------------------------
                                  0.15   slack (MET)


Startpoint: _37986_ (rising edge-triggered flip-flop clocked by core_clk)
Endpoint: _39475_ (rising edge-triggered flip-flop clocked by core_clk)
Path Group: core_clk
Path Type: min

Fanout     Cap    Slew   Delay    Time   Description
-----------------------------------------------------------------------------
                          0.00    0.00   clock core_clk (rise edge)
                          0.00    0.00   clock source latency
                  0.64    0.43    0.43 ^ core_clk (in)
     1    0.08                           core_clk (net)
                  0.64    0.00    0.43 ^ clkbuf_0_core_clk/A (sky130_fd_sc_hd__clkbuf_16)
                  0.06    0.25    0.68 ^ clkbuf_0_core_clk/X (sky130_fd_sc_hd__clkbuf_16)
     2    0.02                           clknet_0_core_clk (net)
                  0.06    0.00    0.68 ^ clkbuf_1_0_0_core_clk/A (sky130_fd_sc_hd__clkbuf_4)
                  0.05    0.13    0.81 ^ clkbuf_1_0_0_core_clk/X (sky130_fd_sc_hd__clkbuf_4)
     1    0.01                           clknet_1_0_0_core_clk (net)
                  0.05    0.00    0.81 ^ clkbuf_1_0_1_core_clk/A (sky130_fd_sc_hd__clkbuf_4)
                  0.05    0.12    0.93 ^ clkbuf_1_0_1_core_clk/X (sky130_fd_sc_hd__clkbuf_4)
     1    0.01                           clknet_1_0_1_core_clk (net)
                  0.05    0.00    0.93 ^ clkbuf_1_0_2_core_clk/A (sky130_fd_sc_hd__clkbuf_4)
                  0.05    0.13    1.06 ^ clkbuf_1_0_2_core_clk/X (sky130_fd_sc_hd__clkbuf_4)
     1    0.01                           clknet_1_0_2_core_clk (net)
                  0.05    0.00    1.06 ^ clkbuf_1_0_3_core_clk/A (sky130_fd_sc_hd__clkbuf_4)
                  0.03    0.11    1.17 ^ clkbuf_1_0_3_core_clk/X (sky130_fd_sc_hd__clkbuf_4)
     1    0.00                           clknet_1_0_3_core_clk (net)
                  0.03    0.00    1.17 ^ clkbuf_1_0_4_core_clk/A (sky130_fd_sc_hd__clkbuf_4)
                  0.18    0.21    1.38 ^ clkbuf_1_0_4_core_clk/X (sky130_fd_sc_hd__clkbuf_4)
     2    0.06                           clknet_1_0_4_core_clk (net)
                  0.18    0.01    1.39 ^ clkbuf_2_0_0_core_clk/A (sky130_fd_sc_hd__clkbuf_4)
                  0.03    0.15    1.54 ^ clkbuf_2_0_0_core_clk/X (sky130_fd_sc_hd__clkbuf_4)
     1    0.00                           clknet_2_0_0_core_clk (net)
                  0.03    0.00    1.54 ^ clkbuf_2_0_1_core_clk/A (sky130_fd_sc_hd__clkbuf_4)
                  0.40    0.36    1.91 ^ clkbuf_2_0_1_core_clk/X (sky130_fd_sc_hd__clkbuf_4)
     2    0.14                           clknet_2_0_1_core_clk (net)
                  0.40    0.01    1.92 ^ clkbuf_3_1_0_core_clk/A (sky130_fd_sc_hd__clkbuf_4)
                  0.04    0.21    2.12 ^ clkbuf_3_1_0_core_clk/X (sky130_fd_sc_hd__clkbuf_4)
     1    0.00                           clknet_3_1_0_core_clk (net)
                  0.04    0.00    2.12 ^ clkbuf_3_1_1_core_clk/A (sky130_fd_sc_hd__clkbuf_4)
                  0.03    0.10    2.23 ^ clkbuf_3_1_1_core_clk/X (sky130_fd_sc_hd__clkbuf_4)
     1    0.00                           clknet_3_1_1_core_clk (net)
                  0.03    0.00    2.23 ^ clkbuf_3_1_2_core_clk/A (sky130_fd_sc_hd__clkbuf_4)
                  0.08    0.14    2.37 ^ clkbuf_3_1_2_core_clk/X (sky130_fd_sc_hd__clkbuf_4)
     2    0.02                           clknet_3_1_2_core_clk (net)
                  0.08    0.00    2.37 ^ clkbuf_4_3_0_core_clk/A (sky130_fd_sc_hd__clkbuf_4)
                  0.09    0.17    2.54 ^ clkbuf_4_3_0_core_clk/X (sky130_fd_sc_hd__clkbuf_4)
     2    0.03                           clknet_4_3_0_core_clk (net)
                  0.09    0.00    2.55 ^ clkbuf_5_7_0_core_clk/A (sky130_fd_sc_hd__clkbuf_4)
                  0.04    0.13    2.68 ^ clkbuf_5_7_0_core_clk/X (sky130_fd_sc_hd__clkbuf_4)
     1    0.01                           clknet_5_7_0_core_clk (net)
                  0.04    0.00    2.68 ^ clkbuf_5_7_1_core_clk/A (sky130_fd_sc_hd__clkbuf_4)
                  0.49    0.42    3.10 ^ clkbuf_5_7_1_core_clk/X (sky130_fd_sc_hd__clkbuf_4)
    11    0.17                           clknet_5_7_1_core_clk (net)
                  0.49    0.00    3.10 ^ clkbuf_leaf_382_core_clk/A (sky130_fd_sc_hd__clkbuf_16)
                  0.08    0.26    3.36 ^ clkbuf_leaf_382_core_clk/X (sky130_fd_sc_hd__clkbuf_16)
    16    0.06                           clknet_leaf_382_core_clk (net)
                  0.08    0.00    3.36 ^ _37986_/CLK (sky130_fd_sc_hd__dfxtp_4)
                  0.16    0.44    3.81 v _37986_/Q (sky130_fd_sc_hd__dfxtp_4)
    13    0.12                           VexRiscv.lastStageIsFiring (net)
                  0.16    0.01    3.81 v _17293_/A (sky130_fd_sc_hd__nand2_1)
                  0.05    0.09    3.91 ^ _17293_/Y (sky130_fd_sc_hd__nand2_1)
     1    0.00                           _07290_ (net)
                  0.05    0.00    3.91 ^ _17294_/C1 (sky130_fd_sc_hd__o221a_1)
                  0.05    0.15    4.06 ^ _17294_/X (sky130_fd_sc_hd__o221a_1)
     1    0.00                           _06941_ (net)
                  0.05    0.00    4.06 ^ _39475_/D (sky130_fd_sc_hd__dfxtp_2)
                                  4.06   data arrival time

                          0.00    0.00   clock core_clk (rise edge)
                          0.00    0.00   clock source latency
                  0.64    0.48    0.48 ^ core_clk (in)
     1    0.08                           core_clk (net)
                  0.64    0.00    0.48 ^ clkbuf_0_core_clk/A (sky130_fd_sc_hd__clkbuf_16)
                  0.06    0.28    0.75 ^ clkbuf_0_core_clk/X (sky130_fd_sc_hd__clkbuf_16)
     2    0.02                           clknet_0_core_clk (net)
                  0.06    0.00    0.75 ^ clkbuf_1_1_0_core_clk/A (sky130_fd_sc_hd__clkbuf_4)
                  0.05    0.14    0.90 ^ clkbuf_1_1_0_core_clk/X (sky130_fd_sc_hd__clkbuf_4)
     1    0.01                           clknet_1_1_0_core_clk (net)
                  0.05    0.00    0.90 ^ clkbuf_1_1_1_core_clk/A (sky130_fd_sc_hd__clkbuf_4)
                  0.05    0.14    1.03 ^ clkbuf_1_1_1_core_clk/X (sky130_fd_sc_hd__clkbuf_4)
     1    0.01                           clknet_1_1_1_core_clk (net)
                  0.05    0.00    1.03 ^ clkbuf_1_1_2_core_clk/A (sky130_fd_sc_hd__clkbuf_4)
                  0.05    0.14    1.17 ^ clkbuf_1_1_2_core_clk/X (sky130_fd_sc_hd__clkbuf_4)
     1    0.01                           clknet_1_1_2_core_clk (net)
                  0.05    0.00    1.17 ^ clkbuf_1_1_3_core_clk/A (sky130_fd_sc_hd__clkbuf_4)
                  0.05    0.14    1.31 ^ clkbuf_1_1_3_core_clk/X (sky130_fd_sc_hd__clkbuf_4)
     1    0.01                           clknet_1_1_3_core_clk (net)
                  0.05    0.00    1.31 ^ clkbuf_1_1_4_core_clk/A (sky130_fd_sc_hd__clkbuf_4)
                  0.18    0.24    1.55 ^ clkbuf_1_1_4_core_clk/X (sky130_fd_sc_hd__clkbuf_4)
     2    0.06                           clknet_1_1_4_core_clk (net)
                  0.18    0.01    1.56 ^ clkbuf_2_2_0_core_clk/A (sky130_fd_sc_hd__clkbuf_4)
                  0.05    0.19    1.75 ^ clkbuf_2_2_0_core_clk/X (sky130_fd_sc_hd__clkbuf_4)
     1    0.01                           clknet_2_2_0_core_clk (net)
                  0.05    0.00    1.75 ^ clkbuf_2_2_1_core_clk/A (sky130_fd_sc_hd__clkbuf_4)
                  0.14    0.21    1.96 ^ clkbuf_2_2_1_core_clk/X (sky130_fd_sc_hd__clkbuf_4)
     2    0.04                           clknet_2_2_1_core_clk (net)
                  0.14    0.00    1.96 ^ clkbuf_3_4_0_core_clk/A (sky130_fd_sc_hd__clkbuf_4)
                  0.05    0.17    2.14 ^ clkbuf_3_4_0_core_clk/X (sky130_fd_sc_hd__clkbuf_4)
     1    0.01                           clknet_3_4_0_core_clk (net)
                  0.05    0.00    2.14 ^ clkbuf_3_4_1_core_clk/A (sky130_fd_sc_hd__clkbuf_4)
                  0.04    0.13    2.27 ^ clkbuf_3_4_1_core_clk/X (sky130_fd_sc_hd__clkbuf_4)
     1    0.01                           clknet_3_4_1_core_clk (net)
                  0.04    0.00    2.27 ^ clkbuf_3_4_2_core_clk/A (sky130_fd_sc_hd__clkbuf_4)
                  0.12    0.20    2.47 ^ clkbuf_3_4_2_core_clk/X (sky130_fd_sc_hd__clkbuf_4)
     2    0.04                           clknet_3_4_2_core_clk (net)
                  0.12    0.00    2.47 ^ clkbuf_4_9_0_core_clk/A (sky130_fd_sc_hd__clkbuf_4)
                  0.09    0.21    2.68 ^ clkbuf_4_9_0_core_clk/X (sky130_fd_sc_hd__clkbuf_4)
     2    0.03                           clknet_4_9_0_core_clk (net)
                  0.09    0.00    2.68 ^ clkbuf_5_18_0_core_clk/A (sky130_fd_sc_hd__clkbuf_4)
                  0.04    0.15    2.83 ^ clkbuf_5_18_0_core_clk/X (sky130_fd_sc_hd__clkbuf_4)
     1    0.01                           clknet_5_18_0_core_clk (net)
                  0.04    0.00    2.83 ^ clkbuf_5_18_1_core_clk/A (sky130_fd_sc_hd__clkbuf_4)
                  0.68    0.60    3.43 ^ clkbuf_5_18_1_core_clk/X (sky130_fd_sc_hd__clkbuf_4)
    16    0.23                           clknet_5_18_1_core_clk (net)
                  0.68    0.02    3.45 ^ clkbuf_leaf_379_core_clk/A (sky130_fd_sc_hd__clkbuf_16)
                  0.08    0.31    3.76 ^ clkbuf_leaf_379_core_clk/X (sky130_fd_sc_hd__clkbuf_16)
    13    0.05                           clknet_leaf_379_core_clk (net)
                  0.08    0.00    3.76 ^ _39475_/CLK (sky130_fd_sc_hd__dfxtp_2)
                          0.25    4.01   clock uncertainty
                         -0.07    3.94   clock reconvergence pessimism
                         -0.03    3.91   library hold time
                                  3.91   data required time
-----------------------------------------------------------------------------
                                  3.91   data required time
                                 -4.06   data arrival time
-----------------------------------------------------------------------------
                                  0.15   slack (MET)


