
===========================================================================
report_checks -unconstrained
============================================================================
Startpoint: _38355_ (rising edge-triggered flip-flop clocked by core_clk)
Endpoint: mgmt_soc_dff_A[3] (output port clocked by core_clk)
Path Group: core_clk
Path Type: max

Fanout     Cap    Slew   Delay    Time   Description
-----------------------------------------------------------------------------
                          0.00    0.00   clock core_clk (rise edge)
                          0.00    0.00   clock source latency
                  0.64    0.48    0.48 ^ core_clk (in)
     1    0.08                           core_clk (net)
                  0.64    0.00    0.48 ^ clkbuf_0_core_clk/A (sky130_fd_sc_hd__clkbuf_16)
                  0.06    0.28    0.75 ^ clkbuf_0_core_clk/X (sky130_fd_sc_hd__clkbuf_16)
     2    0.02                           clknet_0_core_clk (net)
                  0.06    0.00    0.75 ^ clkbuf_1_1_0_core_clk/A (sky130_fd_sc_hd__clkbuf_4)
                  0.05    0.14    0.90 ^ clkbuf_1_1_0_core_clk/X (sky130_fd_sc_hd__clkbuf_4)
     1    0.01                           clknet_1_1_0_core_clk (net)
                  0.05    0.00    0.90 ^ clkbuf_1_1_1_core_clk/A (sky130_fd_sc_hd__clkbuf_4)
                  0.05    0.14    1.03 ^ clkbuf_1_1_1_core_clk/X (sky130_fd_sc_hd__clkbuf_4)
     1    0.01                           clknet_1_1_1_core_clk (net)
                  0.05    0.00    1.03 ^ clkbuf_1_1_2_core_clk/A (sky130_fd_sc_hd__clkbuf_4)
                  0.05    0.14    1.17 ^ clkbuf_1_1_2_core_clk/X (sky130_fd_sc_hd__clkbuf_4)
     1    0.01                           clknet_1_1_2_core_clk (net)
                  0.05    0.00    1.17 ^ clkbuf_1_1_3_core_clk/A (sky130_fd_sc_hd__clkbuf_4)
                  0.05    0.14    1.31 ^ clkbuf_1_1_3_core_clk/X (sky130_fd_sc_hd__clkbuf_4)
     1    0.01                           clknet_1_1_3_core_clk (net)
                  0.05    0.00    1.31 ^ clkbuf_1_1_4_core_clk/A (sky130_fd_sc_hd__clkbuf_4)
                  0.18    0.24    1.55 ^ clkbuf_1_1_4_core_clk/X (sky130_fd_sc_hd__clkbuf_4)
     2    0.06                           clknet_1_1_4_core_clk (net)
                  0.18    0.01    1.56 ^ clkbuf_2_3_0_core_clk/A (sky130_fd_sc_hd__clkbuf_4)
                  0.05    0.19    1.75 ^ clkbuf_2_3_0_core_clk/X (sky130_fd_sc_hd__clkbuf_4)
     1    0.01                           clknet_2_3_0_core_clk (net)
                  0.05    0.00    1.75 ^ clkbuf_2_3_1_core_clk/A (sky130_fd_sc_hd__clkbuf_4)
                  0.13    0.21    1.96 ^ clkbuf_2_3_1_core_clk/X (sky130_fd_sc_hd__clkbuf_4)
     2    0.04                           clknet_2_3_1_core_clk (net)
                  0.13    0.00    1.96 ^ clkbuf_3_6_0_core_clk/A (sky130_fd_sc_hd__clkbuf_4)
                  0.04    0.17    2.14 ^ clkbuf_3_6_0_core_clk/X (sky130_fd_sc_hd__clkbuf_4)
     1    0.01                           clknet_3_6_0_core_clk (net)
                  0.04    0.00    2.14 ^ clkbuf_3_6_1_core_clk/A (sky130_fd_sc_hd__clkbuf_4)
                  0.04    0.13    2.26 ^ clkbuf_3_6_1_core_clk/X (sky130_fd_sc_hd__clkbuf_4)
     1    0.01                           clknet_3_6_1_core_clk (net)
                  0.04    0.00    2.26 ^ clkbuf_3_6_2_core_clk/A (sky130_fd_sc_hd__clkbuf_4)
                  0.11    0.18    2.45 ^ clkbuf_3_6_2_core_clk/X (sky130_fd_sc_hd__clkbuf_4)
     2    0.03                           clknet_3_6_2_core_clk (net)
                  0.11    0.00    2.45 ^ clkbuf_4_12_0_core_clk/A (sky130_fd_sc_hd__clkbuf_4)
                  0.09    0.20    2.65 ^ clkbuf_4_12_0_core_clk/X (sky130_fd_sc_hd__clkbuf_4)
     2    0.03                           clknet_4_12_0_core_clk (net)
                  0.09    0.00    2.65 ^ clkbuf_5_24_0_core_clk/A (sky130_fd_sc_hd__clkbuf_4)
                  0.04    0.15    2.80 ^ clkbuf_5_24_0_core_clk/X (sky130_fd_sc_hd__clkbuf_4)
     1    0.01                           clknet_5_24_0_core_clk (net)
                  0.04    0.00    2.80 ^ clkbuf_5_24_1_core_clk/A (sky130_fd_sc_hd__clkbuf_4)
                  0.79    0.69    3.49 ^ clkbuf_5_24_1_core_clk/X (sky130_fd_sc_hd__clkbuf_4)
    17    0.27                           clknet_5_24_1_core_clk (net)
                  0.79    0.01    3.50 ^ clkbuf_leaf_244_core_clk/A (sky130_fd_sc_hd__clkbuf_16)
                  0.07    0.31    3.80 ^ clkbuf_leaf_244_core_clk/X (sky130_fd_sc_hd__clkbuf_16)
     7    0.03                           clknet_leaf_244_core_clk (net)
                  0.07    0.00    3.80 ^ _38355_/CLK (sky130_fd_sc_hd__dfxtp_2)
                  0.16    0.43    4.23 ^ _38355_/Q (sky130_fd_sc_hd__dfxtp_2)
     7    0.03                           grant[1] (net)
                  0.16    0.00    4.23 ^ _16979_/A_N (sky130_fd_sc_hd__and2b_1)
                  0.06    0.24    4.47 v _16979_/X (sky130_fd_sc_hd__and2b_1)
     1    0.01                           _07039_ (net)
                  0.06    0.00    4.47 v _16980_/A (sky130_fd_sc_hd__buf_12)
                  0.07    0.18    4.65 v _16980_/X (sky130_fd_sc_hd__buf_12)
     7    0.11                           _07040_ (net)
                  0.07    0.00    4.65 v _30651_/A (sky130_fd_sc_hd__buf_12)
                  0.19    0.25    4.90 v _30651_/X (sky130_fd_sc_hd__buf_12)
    39    0.39                           _02059_ (net)
                  0.23    0.08    4.98 v _31545_/B (sky130_fd_sc_hd__nor2_8)
                  1.21    1.00    5.98 ^ _31545_/Y (sky130_fd_sc_hd__nor2_8)
    32    0.35                           _02060_ (net)
                  1.22    0.06    6.04 ^ _33553_/S (sky130_fd_sc_hd__mux2_8)
                  0.22    0.64    6.68 v _33553_/X (sky130_fd_sc_hd__mux2_8)
    24    0.28                           _02137_ (net)
                  0.23    0.04    6.72 v _17322_/A (sky130_fd_sc_hd__inv_2)
                  0.06    0.10    6.81 ^ _17322_/Y (sky130_fd_sc_hd__inv_2)
     1    0.00                           net639 (net)
                  0.06    0.00    6.81 ^ repeater1633/A (sky130_fd_sc_hd__clkbuf_1)
                  0.05    0.09    6.90 ^ repeater1633/X (sky130_fd_sc_hd__clkbuf_1)
     1    0.00                           net1633 (net)
                  0.05    0.00    6.90 ^ repeater1632/A (sky130_fd_sc_hd__clkbuf_1)
                  0.05    0.09    6.99 ^ repeater1632/X (sky130_fd_sc_hd__clkbuf_1)
     1    0.00                           net1632 (net)
                  0.05    0.00    6.99 ^ repeater1631/A (sky130_fd_sc_hd__clkbuf_1)
                  0.05    0.09    7.08 ^ repeater1631/X (sky130_fd_sc_hd__clkbuf_1)
     1    0.00                           net1631 (net)
                  0.05    0.00    7.08 ^ repeater1630/A (sky130_fd_sc_hd__clkbuf_1)
                  0.06    0.10    7.18 ^ repeater1630/X (sky130_fd_sc_hd__clkbuf_1)
     1    0.00                           net1630 (net)
                  0.06    0.00    7.18 ^ repeater1629/A (sky130_fd_sc_hd__clkbuf_1)
                  0.06    0.10    7.28 ^ repeater1629/X (sky130_fd_sc_hd__clkbuf_1)
     1    0.00                           net1629 (net)
                  0.06    0.00    7.28 ^ repeater1628/A (sky130_fd_sc_hd__clkbuf_1)
                  0.04    0.08    7.37 ^ repeater1628/X (sky130_fd_sc_hd__clkbuf_1)
     1    0.00                           net1628 (net)
                  0.04    0.00    7.37 ^ repeater1627/A (sky130_fd_sc_hd__clkbuf_1)
                  0.05    0.08    7.45 ^ repeater1627/X (sky130_fd_sc_hd__clkbuf_1)
     1    0.00                           net1627 (net)
                  0.05    0.00    7.45 ^ repeater1626/A (sky130_fd_sc_hd__clkbuf_1)
                  0.05    0.09    7.54 ^ repeater1626/X (sky130_fd_sc_hd__clkbuf_1)
     1    0.00                           net1626 (net)
                  0.05    0.00    7.54 ^ repeater1625/A (sky130_fd_sc_hd__clkbuf_1)
                  0.05    0.09    7.62 ^ repeater1625/X (sky130_fd_sc_hd__clkbuf_1)
     1    0.00                           net1625 (net)
                  0.05    0.00    7.62 ^ repeater1624/A (sky130_fd_sc_hd__clkbuf_1)
                  0.05    0.09    7.71 ^ repeater1624/X (sky130_fd_sc_hd__clkbuf_1)
     1    0.00                           net1624 (net)
                  0.05    0.00    7.71 ^ repeater1623/A (sky130_fd_sc_hd__clkbuf_1)
                  0.05    0.09    7.80 ^ repeater1623/X (sky130_fd_sc_hd__clkbuf_1)
     1    0.00                           net1623 (net)
                  0.05    0.00    7.80 ^ repeater1622/A (sky130_fd_sc_hd__clkbuf_1)
                  0.05    0.09    7.89 ^ repeater1622/X (sky130_fd_sc_hd__clkbuf_1)
     1    0.00                           net1622 (net)
                  0.05    0.00    7.89 ^ repeater1621/A (sky130_fd_sc_hd__clkbuf_1)
                  0.05    0.09    7.98 ^ repeater1621/X (sky130_fd_sc_hd__clkbuf_1)
     1    0.00                           net1621 (net)
                  0.05    0.00    7.98 ^ repeater1620/A (sky130_fd_sc_hd__clkbuf_1)
                  0.04    0.08    8.06 ^ repeater1620/X (sky130_fd_sc_hd__clkbuf_1)
     1    0.00                           net1620 (net)
                  0.04    0.00    8.06 ^ repeater1619/A (sky130_fd_sc_hd__clkbuf_1)
                  0.08    0.11    8.18 ^ repeater1619/X (sky130_fd_sc_hd__clkbuf_1)
     2    0.01                           net1619 (net)
                  0.08    0.00    8.18 ^ repeater1618/A (sky130_fd_sc_hd__clkbuf_1)
                  0.10    0.14    8.32 ^ repeater1618/X (sky130_fd_sc_hd__clkbuf_1)
     1    0.01                           net1618 (net)
                  0.10    0.00    8.32 ^ repeater1605/A (sky130_fd_sc_hd__clkbuf_1)
                  0.11    0.15    8.47 ^ repeater1605/X (sky130_fd_sc_hd__clkbuf_1)
     1    0.01                           net1605 (net)
                  0.11    0.00    8.47 ^ repeater1604/A (sky130_fd_sc_hd__clkbuf_1)
                  0.12    0.16    8.63 ^ repeater1604/X (sky130_fd_sc_hd__clkbuf_1)
     1    0.01                           net1604 (net)
                  0.12    0.00    8.63 ^ repeater1603/A (sky130_fd_sc_hd__clkbuf_1)
                  0.13    0.17    8.80 ^ repeater1603/X (sky130_fd_sc_hd__clkbuf_1)
     1    0.01                           net1603 (net)
                  0.13    0.00    8.80 ^ repeater1602/A (sky130_fd_sc_hd__clkbuf_1)
                  0.12    0.17    8.97 ^ repeater1602/X (sky130_fd_sc_hd__clkbuf_1)
     1    0.01                           net1602 (net)
                  0.12    0.00    8.97 ^ repeater1601/A (sky130_fd_sc_hd__clkbuf_1)
                  0.12    0.16    9.13 ^ repeater1601/X (sky130_fd_sc_hd__clkbuf_1)
     1    0.01                           net1601 (net)
                  0.12    0.00    9.13 ^ repeater1600/A (sky130_fd_sc_hd__clkbuf_1)
                  0.13    0.17    9.30 ^ repeater1600/X (sky130_fd_sc_hd__clkbuf_1)
     2    0.01                           net1600 (net)
                  0.13    0.00    9.30 ^ repeater1599/A (sky130_fd_sc_hd__clkbuf_1)
                  0.05    0.11    9.41 ^ repeater1599/X (sky130_fd_sc_hd__clkbuf_1)
     1    0.00                           net1599 (net)
                  0.05    0.00    9.41 ^ repeater1598/A (sky130_fd_sc_hd__clkbuf_1)
                  0.07    0.10    9.51 ^ repeater1598/X (sky130_fd_sc_hd__clkbuf_1)
     1    0.01                           net1598 (net)
                  0.07    0.00    9.51 ^ repeater1597/A (sky130_fd_sc_hd__clkbuf_1)
                  0.08    0.12    9.63 ^ repeater1597/X (sky130_fd_sc_hd__clkbuf_1)
     1    0.01                           net1597 (net)
                  0.08    0.00    9.63 ^ repeater1596/A (sky130_fd_sc_hd__clkbuf_1)
                  0.07    0.11    9.75 ^ repeater1596/X (sky130_fd_sc_hd__clkbuf_1)
     1    0.01                           net1596 (net)
                  0.07    0.00    9.75 ^ repeater1595/A (sky130_fd_sc_hd__clkbuf_1)
                  0.08    0.12    9.86 ^ repeater1595/X (sky130_fd_sc_hd__clkbuf_1)
     1    0.01                           net1595 (net)
                  0.08    0.00    9.86 ^ repeater1594/A (sky130_fd_sc_hd__clkbuf_1)
                  0.08    0.12    9.98 ^ repeater1594/X (sky130_fd_sc_hd__clkbuf_1)
     1    0.01                           net1594 (net)
                  0.08    0.00    9.98 ^ repeater1593/A (sky130_fd_sc_hd__clkbuf_1)
                  0.07    0.11   10.09 ^ repeater1593/X (sky130_fd_sc_hd__clkbuf_1)
     1    0.00                           net1593 (net)
                  0.07    0.00   10.09 ^ repeater1592/A (sky130_fd_sc_hd__clkbuf_1)
                  0.08    0.11   10.21 ^ repeater1592/X (sky130_fd_sc_hd__clkbuf_1)
     2    0.01                           net1592 (net)
                  0.08    0.00   10.21 ^ repeater1591/A (sky130_fd_sc_hd__clkbuf_1)
                  0.05    0.10   10.30 ^ repeater1591/X (sky130_fd_sc_hd__clkbuf_1)
     1    0.00                           net1591 (net)
                  0.05    0.00   10.30 ^ repeater1590/A (sky130_fd_sc_hd__clkbuf_1)
                  0.07    0.10   10.41 ^ repeater1590/X (sky130_fd_sc_hd__clkbuf_1)
     1    0.00                           net1590 (net)
                  0.07    0.00   10.41 ^ repeater1589/A (sky130_fd_sc_hd__clkbuf_1)
                  0.04    0.09   10.49 ^ repeater1589/X (sky130_fd_sc_hd__clkbuf_1)
     1    0.00                           net1589 (net)
                  0.04    0.00   10.49 ^ repeater1588/A (sky130_fd_sc_hd__clkbuf_1)
                  0.06    0.10   10.59 ^ repeater1588/X (sky130_fd_sc_hd__clkbuf_1)
     1    0.00                           net1588 (net)
                  0.06    0.00   10.59 ^ repeater1587/A (sky130_fd_sc_hd__clkbuf_1)
                  0.05    0.10   10.69 ^ repeater1587/X (sky130_fd_sc_hd__clkbuf_1)
     1    0.00                           net1587 (net)
                  0.05    0.00   10.69 ^ repeater1586/A (sky130_fd_sc_hd__clkbuf_1)
                  0.05    0.09   10.77 ^ repeater1586/X (sky130_fd_sc_hd__clkbuf_1)
     1    0.00                           net1586 (net)
                  0.05    0.00   10.77 ^ repeater1585/A (sky130_fd_sc_hd__clkbuf_1)
                  0.04    0.08   10.86 ^ repeater1585/X (sky130_fd_sc_hd__clkbuf_1)
     1    0.00                           net1585 (net)
                  0.04    0.00   10.86 ^ repeater1584/A (sky130_fd_sc_hd__clkbuf_1)
                  0.05    0.08   10.94 ^ repeater1584/X (sky130_fd_sc_hd__clkbuf_1)
     1    0.00                           net1584 (net)
                  0.05    0.00   10.94 ^ repeater1583/A (sky130_fd_sc_hd__clkbuf_1)
                  0.04    0.08   11.02 ^ repeater1583/X (sky130_fd_sc_hd__clkbuf_1)
     1    0.00                           net1583 (net)
                  0.04    0.00   11.02 ^ repeater1582/A (sky130_fd_sc_hd__clkbuf_1)
                  0.04    0.08   11.10 ^ repeater1582/X (sky130_fd_sc_hd__clkbuf_1)
     1    0.00                           net1582 (net)
                  0.04    0.00   11.10 ^ repeater1581/A (sky130_fd_sc_hd__clkbuf_1)
                  0.04    0.08   11.18 ^ repeater1581/X (sky130_fd_sc_hd__clkbuf_1)
     1    0.00                           net1581 (net)
                  0.04    0.00   11.18 ^ repeater1580/A (sky130_fd_sc_hd__clkbuf_1)
                  0.04    0.08   11.26 ^ repeater1580/X (sky130_fd_sc_hd__clkbuf_1)
     1    0.00                           net1580 (net)
                  0.04    0.00   11.26 ^ repeater1579/A (sky130_fd_sc_hd__clkbuf_1)
                  0.04    0.08   11.34 ^ repeater1579/X (sky130_fd_sc_hd__clkbuf_1)
     1    0.00                           net1579 (net)
                  0.04    0.00   11.34 ^ repeater1578/A (sky130_fd_sc_hd__clkbuf_1)
                  0.04    0.08   11.42 ^ repeater1578/X (sky130_fd_sc_hd__clkbuf_1)
     1    0.00                           net1578 (net)
                  0.04    0.00   11.42 ^ repeater1577/A (sky130_fd_sc_hd__clkbuf_1)
                  0.04    0.08   11.50 ^ repeater1577/X (sky130_fd_sc_hd__clkbuf_1)
     1    0.00                           net1577 (net)
                  0.04    0.00   11.50 ^ repeater1576/A (sky130_fd_sc_hd__clkbuf_1)
                  0.04    0.08   11.57 ^ repeater1576/X (sky130_fd_sc_hd__clkbuf_1)
     1    0.00                           net1576 (net)
                  0.04    0.00   11.57 ^ repeater1575/A (sky130_fd_sc_hd__clkbuf_1)
                  0.05    0.09   11.66 ^ repeater1575/X (sky130_fd_sc_hd__clkbuf_1)
     1    0.00                           net1575 (net)
                  0.05    0.00   11.66 ^ repeater1574/A (sky130_fd_sc_hd__clkbuf_1)
                  0.04    0.08   11.74 ^ repeater1574/X (sky130_fd_sc_hd__clkbuf_1)
     1    0.00                           net1574 (net)
                  0.04    0.00   11.74 ^ repeater1573/A (sky130_fd_sc_hd__clkbuf_1)
                  0.05    0.08   11.83 ^ repeater1573/X (sky130_fd_sc_hd__clkbuf_1)
     1    0.00                           net1573 (net)
                  0.05    0.00   11.83 ^ repeater1572/A (sky130_fd_sc_hd__clkbuf_1)
                  0.05    0.09   11.91 ^ repeater1572/X (sky130_fd_sc_hd__clkbuf_1)
     1    0.00                           net1572 (net)
                  0.05    0.00   11.91 ^ repeater1571/A (sky130_fd_sc_hd__clkbuf_1)
                  0.05    0.09   12.00 ^ repeater1571/X (sky130_fd_sc_hd__clkbuf_1)
     1    0.00                           net1571 (net)
                  0.05    0.00   12.00 ^ repeater1570/A (sky130_fd_sc_hd__clkbuf_1)
                  0.06    0.09   12.10 ^ repeater1570/X (sky130_fd_sc_hd__clkbuf_1)
     1    0.00                           net1570 (net)
                  0.06    0.00   12.10 ^ repeater1569/A (sky130_fd_sc_hd__clkbuf_1)
                  0.05    0.09   12.18 ^ repeater1569/X (sky130_fd_sc_hd__clkbuf_1)
     1    0.00                           net1569 (net)
                  0.05    0.00   12.18 ^ repeater1568/A (sky130_fd_sc_hd__clkbuf_1)
                  0.05    0.09   12.27 ^ repeater1568/X (sky130_fd_sc_hd__clkbuf_1)
     1    0.00                           net1568 (net)
                  0.05    0.00   12.27 ^ repeater1567/A (sky130_fd_sc_hd__clkbuf_1)
                  0.06    0.10   12.37 ^ repeater1567/X (sky130_fd_sc_hd__clkbuf_1)
     1    0.00                           net1567 (net)
                  0.06    0.00   12.37 ^ repeater1566/A (sky130_fd_sc_hd__clkbuf_1)
                  0.06    0.10   12.47 ^ repeater1566/X (sky130_fd_sc_hd__clkbuf_1)
     1    0.00                           net1566 (net)
                  0.06    0.00   12.47 ^ repeater1565/A (sky130_fd_sc_hd__clkbuf_1)
                  0.05    0.09   12.56 ^ repeater1565/X (sky130_fd_sc_hd__clkbuf_1)
     1    0.00                           net1565 (net)
                  0.05    0.00   12.56 ^ repeater1564/A (sky130_fd_sc_hd__clkbuf_1)
                  0.04    0.08   12.64 ^ repeater1564/X (sky130_fd_sc_hd__clkbuf_1)
     1    0.00                           net1564 (net)
                  0.04    0.00   12.64 ^ repeater1563/A (sky130_fd_sc_hd__clkbuf_1)
                  0.04    0.08   12.72 ^ repeater1563/X (sky130_fd_sc_hd__clkbuf_1)
     1    0.00                           net1563 (net)
                  0.04    0.00   12.72 ^ repeater1562/A (sky130_fd_sc_hd__clkbuf_1)
                  0.04    0.08   12.80 ^ repeater1562/X (sky130_fd_sc_hd__clkbuf_1)
     1    0.00                           net1562 (net)
                  0.04    0.00   12.80 ^ repeater1561/A (sky130_fd_sc_hd__clkbuf_1)
                  0.05    0.08   12.88 ^ repeater1561/X (sky130_fd_sc_hd__clkbuf_1)
     1    0.00                           net1561 (net)
                  0.05    0.00   12.88 ^ repeater1560/A (sky130_fd_sc_hd__clkbuf_1)
                  0.10    0.13   13.01 ^ repeater1560/X (sky130_fd_sc_hd__clkbuf_1)
     2    0.01                           net1560 (net)
                  0.10    0.00   13.01 ^ repeater1559/A (sky130_fd_sc_hd__clkbuf_1)
                  0.06    0.11   13.12 ^ repeater1559/X (sky130_fd_sc_hd__clkbuf_1)
     1    0.00                           net1559 (net)
                  0.06    0.00   13.12 ^ repeater1558/A (sky130_fd_sc_hd__clkbuf_1)
                  0.05    0.09   13.21 ^ repeater1558/X (sky130_fd_sc_hd__clkbuf_1)
     1    0.00                           net1558 (net)
                  0.05    0.00   13.21 ^ repeater1557/A (sky130_fd_sc_hd__clkbuf_1)
                  0.05    0.09   13.29 ^ repeater1557/X (sky130_fd_sc_hd__clkbuf_1)
     1    0.00                           net1557 (net)
                  0.05    0.00   13.29 ^ repeater1556/A (sky130_fd_sc_hd__clkbuf_1)
                  0.05    0.09   13.39 ^ repeater1556/X (sky130_fd_sc_hd__clkbuf_1)
     1    0.00                           net1556 (net)
                  0.05    0.00   13.39 ^ repeater1555/A (sky130_fd_sc_hd__clkbuf_1)
                  0.05    0.09   13.48 ^ repeater1555/X (sky130_fd_sc_hd__clkbuf_1)
     1    0.00                           net1555 (net)
                  0.05    0.00   13.48 ^ repeater1554/A (sky130_fd_sc_hd__clkbuf_1)
                  0.05    0.09   13.57 ^ repeater1554/X (sky130_fd_sc_hd__clkbuf_1)
     1    0.00                           net1554 (net)
                  0.05    0.00   13.57 ^ repeater1553/A (sky130_fd_sc_hd__clkbuf_1)
                  0.05    0.09   13.66 ^ repeater1553/X (sky130_fd_sc_hd__clkbuf_1)
     1    0.00                           net1553 (net)
                  0.05    0.00   13.66 ^ repeater1552/A (sky130_fd_sc_hd__clkbuf_1)
                  0.04    0.08   13.74 ^ repeater1552/X (sky130_fd_sc_hd__clkbuf_1)
     1    0.00                           net1552 (net)
                  0.04    0.00   13.74 ^ repeater1551/A (sky130_fd_sc_hd__clkbuf_1)
                  0.08    0.11   13.85 ^ repeater1551/X (sky130_fd_sc_hd__clkbuf_1)
     2    0.01                           net1551 (net)
                  0.08    0.00   13.85 ^ repeater1550/A (sky130_fd_sc_hd__clkbuf_1)
                  0.12    0.15   13.99 ^ repeater1550/X (sky130_fd_sc_hd__clkbuf_1)
     1    0.01                           net1550 (net)
                  0.12    0.00   13.99 ^ repeater1549/A (sky130_fd_sc_hd__clkbuf_2)
                  0.13    0.20   14.19 ^ repeater1549/X (sky130_fd_sc_hd__clkbuf_2)
     1    0.02                           net1549 (net)
                  0.13    0.00   14.19 ^ repeater1548/A (sky130_fd_sc_hd__clkbuf_2)
                  0.13    0.20   14.40 ^ repeater1548/X (sky130_fd_sc_hd__clkbuf_2)
     1    0.02                           net1548 (net)
                  0.13    0.00   14.40 ^ repeater1547/A (sky130_fd_sc_hd__clkbuf_2)
                  0.12    0.20   14.59 ^ repeater1547/X (sky130_fd_sc_hd__clkbuf_2)
     1    0.02                           net1547 (net)
                  0.12    0.00   14.59 ^ repeater1546/A (sky130_fd_sc_hd__clkbuf_2)
                  0.14    0.21   14.81 ^ repeater1546/X (sky130_fd_sc_hd__clkbuf_2)
     1    0.03                           net1546 (net)
                  0.14    0.00   14.81 ^ repeater1545/A (sky130_fd_sc_hd__clkbuf_2)
                  0.11    0.19   15.00 ^ repeater1545/X (sky130_fd_sc_hd__clkbuf_2)
     1    0.02                           net1545 (net)
                  0.11    0.00   15.00 ^ repeater1544/A (sky130_fd_sc_hd__clkbuf_2)
                  0.11    0.18   15.19 ^ repeater1544/X (sky130_fd_sc_hd__clkbuf_2)
     1    0.02                           net1544 (net)
                  0.11    0.00   15.19 ^ repeater1543/A (sky130_fd_sc_hd__clkbuf_2)
                  0.11    0.18   15.37 ^ repeater1543/X (sky130_fd_sc_hd__clkbuf_2)
     1    0.02                           net1543 (net)
                  0.11    0.00   15.37 ^ repeater1542/A (sky130_fd_sc_hd__clkbuf_2)
                  0.31    0.32   15.70 ^ repeater1542/X (sky130_fd_sc_hd__clkbuf_2)
     1    0.06                           net1542 (net)
                  0.31    0.01   15.71 ^ repeater1541/A (sky130_fd_sc_hd__clkbuf_2)
                  0.05    0.19   15.90 ^ repeater1541/X (sky130_fd_sc_hd__clkbuf_2)
     2    0.01                           net1541 (net)
                  0.05    0.00   15.90 ^ repeater1540/A (sky130_fd_sc_hd__clkbuf_1)
                  0.07    0.11   16.00 ^ repeater1540/X (sky130_fd_sc_hd__clkbuf_1)
     1    0.00                           net1540 (net)
                  0.07    0.00   16.00 ^ repeater1539/A (sky130_fd_sc_hd__clkbuf_1)
                  0.06    0.10   16.10 ^ repeater1539/X (sky130_fd_sc_hd__clkbuf_1)
     1    0.00                           net1539 (net)
                  0.06    0.00   16.10 ^ repeater1538/A (sky130_fd_sc_hd__clkbuf_1)
                  0.05    0.09   16.20 ^ repeater1538/X (sky130_fd_sc_hd__clkbuf_1)
     1    0.00                           net1538 (net)
                  0.05    0.00   16.20 ^ repeater1537/A (sky130_fd_sc_hd__clkbuf_1)
                  0.04    0.08   16.28 ^ repeater1537/X (sky130_fd_sc_hd__clkbuf_1)
     1    0.00                           net1537 (net)
                  0.04    0.00   16.28 ^ repeater1536/A (sky130_fd_sc_hd__clkbuf_1)
                  0.05    0.08   16.36 ^ repeater1536/X (sky130_fd_sc_hd__clkbuf_1)
     1    0.00                           net1536 (net)
                  0.05    0.00   16.36 ^ repeater1535/A (sky130_fd_sc_hd__clkbuf_1)
                  0.04    0.08   16.44 ^ repeater1535/X (sky130_fd_sc_hd__clkbuf_1)
     1    0.00                           net1535 (net)
                  0.04    0.00   16.44 ^ repeater1534/A (sky130_fd_sc_hd__clkbuf_1)
                  0.04    0.08   16.52 ^ repeater1534/X (sky130_fd_sc_hd__clkbuf_1)
     1    0.00                           net1534 (net)
                  0.04    0.00   16.52 ^ repeater1533/A (sky130_fd_sc_hd__clkbuf_1)
                  0.05    0.08   16.61 ^ repeater1533/X (sky130_fd_sc_hd__clkbuf_1)
     1    0.00                           net1533 (net)
                  0.05    0.00   16.61 ^ repeater1532/A (sky130_fd_sc_hd__clkbuf_1)
                  0.05    0.08   16.69 ^ repeater1532/X (sky130_fd_sc_hd__clkbuf_1)
     1    0.00                           net1532 (net)
                  0.05    0.00   16.69 ^ repeater1531/A (sky130_fd_sc_hd__clkbuf_1)
                  0.05    0.09   16.78 ^ repeater1531/X (sky130_fd_sc_hd__clkbuf_1)
     1    0.00                           net1531 (net)
                  0.05    0.00   16.78 ^ repeater1530/A (sky130_fd_sc_hd__clkbuf_1)
                  0.04    0.08   16.86 ^ repeater1530/X (sky130_fd_sc_hd__clkbuf_1)
     1    0.00                           net1530 (net)
                  0.04    0.00   16.86 ^ repeater1529/A (sky130_fd_sc_hd__clkbuf_1)
                  0.04    0.08   16.95 ^ repeater1529/X (sky130_fd_sc_hd__clkbuf_1)
     1    0.00                           net1529 (net)
                  0.04    0.00   16.95 ^ repeater1528/A (sky130_fd_sc_hd__clkbuf_1)
                  0.05    0.09   17.04 ^ repeater1528/X (sky130_fd_sc_hd__clkbuf_1)
     1    0.00                           net1528 (net)
                  0.05    0.00   17.04 ^ repeater1527/A (sky130_fd_sc_hd__clkbuf_1)
                  0.05    0.09   17.13 ^ repeater1527/X (sky130_fd_sc_hd__clkbuf_1)
     1    0.00                           net1527 (net)
                  0.05    0.00   17.13 ^ repeater1526/A (sky130_fd_sc_hd__clkbuf_1)
                  0.05    0.09   17.22 ^ repeater1526/X (sky130_fd_sc_hd__clkbuf_1)
     1    0.00                           net1526 (net)
                  0.05    0.00   17.22 ^ repeater1525/A (sky130_fd_sc_hd__clkbuf_1)
                  0.05    0.09   17.31 ^ repeater1525/X (sky130_fd_sc_hd__clkbuf_1)
     1    0.00                           net1525 (net)
                  0.05    0.00   17.31 ^ repeater1524/A (sky130_fd_sc_hd__clkbuf_1)
                  0.04    0.08   17.39 ^ repeater1524/X (sky130_fd_sc_hd__clkbuf_1)
     1    0.00                           net1524 (net)
                  0.04    0.00   17.39 ^ repeater1523/A (sky130_fd_sc_hd__clkbuf_1)
                  0.04    0.08   17.48 ^ repeater1523/X (sky130_fd_sc_hd__clkbuf_1)
     1    0.00                           net1523 (net)
                  0.04    0.00   17.48 ^ output639/A (sky130_fd_sc_hd__clkbuf_4)
                  0.11    0.20   17.67 ^ output639/X (sky130_fd_sc_hd__clkbuf_4)
     1    0.03                           mgmt_soc_dff_A[3] (net)
                  0.11    0.00   17.67 ^ mgmt_soc_dff_A[3] (out)
                                 17.67   data arrival time

                         25.00   25.00   clock core_clk (rise edge)
                          0.00   25.00   clock network delay (propagated)
                         -0.25   24.75   clock uncertainty
                          0.00   24.75   clock reconvergence pessimism
                         -5.00   19.75   output external delay
                                 19.75   data required time
-----------------------------------------------------------------------------
                                 19.75   data required time
                                -17.67   data arrival time
-----------------------------------------------------------------------------
                                  2.08   slack (MET)



===========================================================================
report_checks --slack_max -0.01
============================================================================
No paths found.
