
===========================================================================
report_checks -path_delay max (Setup)
============================================================================
Startpoint: A[5] (input port clocked by CLK)
Endpoint: Do[31] (output port clocked by CLK)
Path Group: CLK
Path Type: max

Fanout     Cap    Slew   Delay    Time   Description
-----------------------------------------------------------------------------
                          0.00    0.00   clock CLK (rise edge)
                          0.00    0.00   clock network delay (propagated)
                          5.00    5.00 ^ input external delay
                  0.18    0.14    5.14 ^ A[5] (in)
     2    0.04                           A[5] (net)
                  0.18    0.00    5.14 ^ BLOCK[0].RAM128.ABUF[5]/A (sky130_fd_sc_hd__clkbuf_2)
                  0.48    0.47    5.60 ^ BLOCK[0].RAM128.ABUF[5]/X (sky130_fd_sc_hd__clkbuf_2)
     8    0.09                           BLOCK[0].RAM128.A_buf[5] (net)
                  0.48    0.00    5.61 ^ BLOCK[0].RAM128.DoMUX.SEL0BUF[3]/A (sky130_fd_sc_hd__clkbuf_2)
                  0.21    0.34    5.95 ^ BLOCK[0].RAM128.DoMUX.SEL0BUF[3]/X (sky130_fd_sc_hd__clkbuf_2)
     8    0.04                           BLOCK[0].RAM128.DoMUX.SEL0[3] (net)
                  0.21    0.00    5.95 ^ BLOCK[0].RAM128.DoMUX.M[3].MUX[7]/S0 (sky130_fd_sc_hd__mux4_1)
                  0.35    0.93    6.88 v BLOCK[0].RAM128.DoMUX.M[3].MUX[7]/X (sky130_fd_sc_hd__mux4_1)
     1    0.06                           BLOCK[0].RAM128.Do[31] (net)
                  0.35    0.01    6.89 v DoMUX.M[3].MUX[7]/A0 (sky130_fd_sc_hd__mux2_1)
                  0.37    0.74    7.63 v DoMUX.M[3].MUX[7]/X (sky130_fd_sc_hd__mux2_1)
     1    0.03                           Do[31] (net)
                  0.37    0.02    7.65 v Do[31] (out)
                                  7.65   data arrival time

                         12.00   12.00   clock CLK (rise edge)
                          0.00   12.00   clock network delay (propagated)
                          0.00   12.00   clock reconvergence pessimism
                         -2.40    9.60   output external delay
                                  9.60   data required time
-----------------------------------------------------------------------------
                                  9.60   data required time
                                 -7.65   data arrival time
-----------------------------------------------------------------------------
                                  1.95   slack (MET)


Startpoint: A[5] (input port clocked by CLK)
Endpoint: Do[9] (output port clocked by CLK)
Path Group: CLK
Path Type: max

Fanout     Cap    Slew   Delay    Time   Description
-----------------------------------------------------------------------------
                          0.00    0.00   clock CLK (rise edge)
                          0.00    0.00   clock network delay (propagated)
                          5.00    5.00 ^ input external delay
                  0.18    0.14    5.14 ^ A[5] (in)
     2    0.04                           A[5] (net)
                  0.18    0.00    5.14 ^ BLOCK[0].RAM128.ABUF[5]/A (sky130_fd_sc_hd__clkbuf_2)
                  0.48    0.47    5.60 ^ BLOCK[0].RAM128.ABUF[5]/X (sky130_fd_sc_hd__clkbuf_2)
     8    0.09                           BLOCK[0].RAM128.A_buf[5] (net)
                  0.48    0.01    5.62 ^ BLOCK[0].RAM128.DoMUX.SEL0BUF[1]/A (sky130_fd_sc_hd__clkbuf_2)
                  0.21    0.34    5.95 ^ BLOCK[0].RAM128.DoMUX.SEL0BUF[1]/X (sky130_fd_sc_hd__clkbuf_2)
     8    0.04                           BLOCK[0].RAM128.DoMUX.SEL0[1] (net)
                  0.21    0.00    5.95 ^ BLOCK[0].RAM128.DoMUX.M[1].MUX[1]/S0 (sky130_fd_sc_hd__mux4_1)
                  0.43    1.00    6.95 v BLOCK[0].RAM128.DoMUX.M[1].MUX[1]/X (sky130_fd_sc_hd__mux4_1)
     1    0.08                           BLOCK[0].RAM128.Do[9] (net)
                  0.43    0.02    6.97 v DoMUX.M[1].MUX[1]/A0 (sky130_fd_sc_hd__mux2_1)
                  0.24    0.67    7.64 v DoMUX.M[1].MUX[1]/X (sky130_fd_sc_hd__mux2_1)
     1    0.03                           Do[9] (net)
                  0.24    0.00    7.64 v Do[9] (out)
                                  7.64   data arrival time

                         12.00   12.00   clock CLK (rise edge)
                          0.00   12.00   clock network delay (propagated)
                          0.00   12.00   clock reconvergence pessimism
                         -2.40    9.60   output external delay
                                  9.60   data required time
-----------------------------------------------------------------------------
                                  9.60   data required time
                                 -7.64   data arrival time
-----------------------------------------------------------------------------
                                  1.96   slack (MET)


Startpoint: A[5] (input port clocked by CLK)
Endpoint: Do[8] (output port clocked by CLK)
Path Group: CLK
Path Type: max

Fanout     Cap    Slew   Delay    Time   Description
-----------------------------------------------------------------------------
                          0.00    0.00   clock CLK (rise edge)
                          0.00    0.00   clock network delay (propagated)
                          5.00    5.00 ^ input external delay
                  0.18    0.14    5.14 ^ A[5] (in)
     2    0.04                           A[5] (net)
                  0.18    0.00    5.14 ^ BLOCK[0].RAM128.ABUF[5]/A (sky130_fd_sc_hd__clkbuf_2)
                  0.48    0.47    5.60 ^ BLOCK[0].RAM128.ABUF[5]/X (sky130_fd_sc_hd__clkbuf_2)
     8    0.09                           BLOCK[0].RAM128.A_buf[5] (net)
                  0.48    0.01    5.62 ^ BLOCK[0].RAM128.DoMUX.SEL0BUF[1]/A (sky130_fd_sc_hd__clkbuf_2)
                  0.21    0.34    5.95 ^ BLOCK[0].RAM128.DoMUX.SEL0BUF[1]/X (sky130_fd_sc_hd__clkbuf_2)
     8    0.04                           BLOCK[0].RAM128.DoMUX.SEL0[1] (net)
                  0.21    0.00    5.95 ^ BLOCK[0].RAM128.DoMUX.M[1].MUX[0]/S0 (sky130_fd_sc_hd__mux4_1)
                  0.42    0.98    6.94 v BLOCK[0].RAM128.DoMUX.M[1].MUX[0]/X (sky130_fd_sc_hd__mux4_1)
     1    0.08                           BLOCK[0].RAM128.Do[8] (net)
                  0.42    0.02    6.95 v DoMUX.M[1].MUX[0]/A0 (sky130_fd_sc_hd__mux2_1)
                  0.27    0.68    7.63 v DoMUX.M[1].MUX[0]/X (sky130_fd_sc_hd__mux2_1)
     1    0.03                           Do[8] (net)
                  0.27    0.01    7.64 v Do[8] (out)
                                  7.64   data arrival time

                         12.00   12.00   clock CLK (rise edge)
                          0.00   12.00   clock network delay (propagated)
                          0.00   12.00   clock reconvergence pessimism
                         -2.40    9.60   output external delay
                                  9.60   data required time
-----------------------------------------------------------------------------
                                  9.60   data required time
                                 -7.64   data arrival time
-----------------------------------------------------------------------------
                                  1.96   slack (MET)


Startpoint: A[5] (input port clocked by CLK)
Endpoint: Do[30] (output port clocked by CLK)
Path Group: CLK
Path Type: max

Fanout     Cap    Slew   Delay    Time   Description
-----------------------------------------------------------------------------
                          0.00    0.00   clock CLK (rise edge)
                          0.00    0.00   clock network delay (propagated)
                          5.00    5.00 ^ input external delay
                  0.18    0.14    5.14 ^ A[5] (in)
     2    0.04                           A[5] (net)
                  0.18    0.00    5.14 ^ BLOCK[0].RAM128.ABUF[5]/A (sky130_fd_sc_hd__clkbuf_2)
                  0.48    0.47    5.60 ^ BLOCK[0].RAM128.ABUF[5]/X (sky130_fd_sc_hd__clkbuf_2)
     8    0.09                           BLOCK[0].RAM128.A_buf[5] (net)
                  0.48    0.00    5.61 ^ BLOCK[0].RAM128.DoMUX.SEL0BUF[3]/A (sky130_fd_sc_hd__clkbuf_2)
                  0.21    0.34    5.95 ^ BLOCK[0].RAM128.DoMUX.SEL0BUF[3]/X (sky130_fd_sc_hd__clkbuf_2)
     8    0.04                           BLOCK[0].RAM128.DoMUX.SEL0[3] (net)
                  0.21    0.00    5.95 ^ BLOCK[0].RAM128.DoMUX.M[3].MUX[6]/S0 (sky130_fd_sc_hd__mux4_1)
                  0.35    0.93    6.88 v BLOCK[0].RAM128.DoMUX.M[3].MUX[6]/X (sky130_fd_sc_hd__mux4_1)
     1    0.06                           BLOCK[0].RAM128.Do[30] (net)
                  0.35    0.01    6.89 v DoMUX.M[3].MUX[6]/A0 (sky130_fd_sc_hd__mux2_1)
                  0.37    0.73    7.62 v DoMUX.M[3].MUX[6]/X (sky130_fd_sc_hd__mux2_1)
     1    0.03                           Do[30] (net)
                  0.37    0.02    7.64 v Do[30] (out)
                                  7.64   data arrival time

                         12.00   12.00   clock CLK (rise edge)
                          0.00   12.00   clock network delay (propagated)
                          0.00   12.00   clock reconvergence pessimism
                         -2.40    9.60   output external delay
                                  9.60   data required time
-----------------------------------------------------------------------------
                                  9.60   data required time
                                 -7.64   data arrival time
-----------------------------------------------------------------------------
                                  1.96   slack (MET)


Startpoint: A[5] (input port clocked by CLK)
Endpoint: Do[10] (output port clocked by CLK)
Path Group: CLK
Path Type: max

Fanout     Cap    Slew   Delay    Time   Description
-----------------------------------------------------------------------------
                          0.00    0.00   clock CLK (rise edge)
                          0.00    0.00   clock network delay (propagated)
                          5.00    5.00 ^ input external delay
                  0.18    0.14    5.14 ^ A[5] (in)
     2    0.04                           A[5] (net)
                  0.18    0.00    5.14 ^ BLOCK[0].RAM128.ABUF[5]/A (sky130_fd_sc_hd__clkbuf_2)
                  0.48    0.47    5.60 ^ BLOCK[0].RAM128.ABUF[5]/X (sky130_fd_sc_hd__clkbuf_2)
     8    0.09                           BLOCK[0].RAM128.A_buf[5] (net)
                  0.48    0.01    5.62 ^ BLOCK[0].RAM128.DoMUX.SEL0BUF[1]/A (sky130_fd_sc_hd__clkbuf_2)
                  0.21    0.34    5.95 ^ BLOCK[0].RAM128.DoMUX.SEL0BUF[1]/X (sky130_fd_sc_hd__clkbuf_2)
     8    0.04                           BLOCK[0].RAM128.DoMUX.SEL0[1] (net)
                  0.21    0.00    5.95 ^ BLOCK[0].RAM128.DoMUX.M[1].MUX[2]/S0 (sky130_fd_sc_hd__mux4_1)
                  0.43    0.99    6.95 v BLOCK[0].RAM128.DoMUX.M[1].MUX[2]/X (sky130_fd_sc_hd__mux4_1)
     1    0.08                           BLOCK[0].RAM128.Do[10] (net)
                  0.43    0.02    6.97 v DoMUX.M[1].MUX[2]/A0 (sky130_fd_sc_hd__mux2_1)
                  0.24    0.66    7.63 v DoMUX.M[1].MUX[2]/X (sky130_fd_sc_hd__mux2_1)
     1    0.03                           Do[10] (net)
                  0.24    0.00    7.63 v Do[10] (out)
                                  7.63   data arrival time

                         12.00   12.00   clock CLK (rise edge)
                          0.00   12.00   clock network delay (propagated)
                          0.00   12.00   clock reconvergence pessimism
                         -2.40    9.60   output external delay
                                  9.60   data required time
-----------------------------------------------------------------------------
                                  9.60   data required time
                                 -7.63   data arrival time
-----------------------------------------------------------------------------
                                  1.97   slack (MET)


