OpenROAD 4f4d3cd8c2cc3871d1c04ac2c8572e38cff43645 
This program is licensed under the BSD-3 license. See the LICENSE file for details.
Components of this program may be licensed under more restrictive licenses which must be honored.
[INFO ODB-0222] Reading LEF file: /project/openlane/mgmt_core/runs/mgmt_core/tmp/merged_unpadded.lef
[WARNING ODB-0220] WARNING (LEFPARS-2036): SOURCE statement is obsolete in version 5.6 and later.
The LEF parser will ignore this statement.
To avoid this warning in the future, remove this statement from the LEF file with version 5.6 or later. See file /project/openlane/mgmt_core/runs/mgmt_core/tmp/merged_unpadded.lef at line 922.

[INFO ODB-0223]     Created 13 technology layers
[INFO ODB-0224]     Created 25 technology vias
[INFO ODB-0225]     Created 442 library cells
[INFO ODB-0226] Finished LEF file:  /project/openlane/mgmt_core/runs/mgmt_core/tmp/merged_unpadded.lef
[WARNING ORD-0033] -order_wires is deprecated.
[INFO ODB-0127] Reading DEF file: /project/openlane/mgmt_core/runs/mgmt_core/results/routing/mgmt_core.def
[INFO ODB-0128] Design: mgmt_core
[INFO ODB-0094] 		Created 100000 Insts
[INFO ODB-0130]     Created 819 pins.
[INFO ODB-0131]     Created 148311 components and 680712 component-terminals.
[INFO ODB-0132]     Created 2 special nets and 561308 connections.
[INFO ODB-0133]     Created 28991 nets and 119369 connections.
[INFO ODB-0134] Finished DEF file: /project/openlane/mgmt_core/runs/mgmt_core/results/routing/mgmt_core.def
[INFO]: Setting RC values...
[INFO RCX-0431] Defined process_corner X with ext_model_index 0
[INFO RCX-0029] Defined extraction corner X
[INFO RCX-0008] extracting parasitics of mgmt_core ...
Notice 0: Split top of 10854 T shapes.
[INFO RCX-0435] Reading extraction model file /home/ma/ef/OpenLane/pdks//sky130A/libs.tech/openlane/rcx_rules.info ...
[INFO RCX-0436] RC segment generation mgmt_core (max_merge_res 50.0) ...
[INFO RCX-0040] Final 188238 rc segments
[INFO RCX-0439] Coupling Cap extraction mgmt_core ...
[INFO RCX-0440] Coupling threshhold is 0.1000 fF, coupling capacitance less than 0.1000 fF will be grounded.
[INFO RCX-0043] 315247 wires to be extracted
[INFO RCX-0442] 52% completion -- 165634 wires have been extracted
[INFO RCX-0442] 58% completion -- 184822 wires have been extracted
[INFO RCX-0442] 68% completion -- 214830 wires have been extracted
[INFO RCX-0442] 83% completion -- 262857 wires have been extracted
[INFO RCX-0442] 100% completion -- 315247 wires have been extracted
[INFO RCX-0045] Extract 28991 nets, 217169 rsegs, 217169 caps, 393317 ccs
[INFO RCX-0015] Finished extracting mgmt_core.
[INFO RCX-0016] Writing SPEF ...
[INFO RCX-0443] 28991 nets finished
[INFO RCX-0017] Finished writing SPEF ...
