Netgen 1.5.191 compiled on Tue Dec 21 22:48:04 UTC 2021
Warning: netgen command 'format' use fully-qualified name '::netgen::format'
Warning: netgen command 'global' use fully-qualified name '::netgen::global'
Generating JSON file result
Reading netlist file /project/openlane/DFFRAM/runs/RUN_2021.12.26_22.11.38/results/finishing/DFFRAM.spice
Reading netlist file /project/openlane/DFFRAM/runs/RUN_2021.12.26_22.11.38/tmp/finishing/30-powered_netlist.v
Warning:  A case-insensitive file has been read and so the	verilog file must be treated case-insensitive to match.
Creating placeholder cell definition for module sky130_fd_sc_hd__diode_2.
Creating placeholder cell definition for module sky130_fd_sc_hd__clkbuf_2.
Creating placeholder cell definition for module sky130_fd_sc_hd__ebufn_2.
Creating placeholder cell definition for module sky130_fd_sc_hd__nor3b_4.
Creating placeholder cell definition for module sky130_fd_sc_hd__and3b_4.
Creating placeholder cell definition for module sky130_fd_sc_hd__and3_4.
Creating placeholder cell definition for module sky130_fd_sc_hd__clkbuf_16.
Creating placeholder cell definition for module sky130_fd_sc_hd__dfxtp_1.
Creating placeholder cell definition for module sky130_fd_sc_hd__nor4b_2.
Creating placeholder cell definition for module sky130_fd_sc_hd__and4bb_2.
Creating placeholder cell definition for module sky130_fd_sc_hd__and4b_2.
Creating placeholder cell definition for module sky130_fd_sc_hd__and4_2.
Creating placeholder cell definition for module sky130_fd_sc_hd__and2_1.
Creating placeholder cell definition for module sky130_fd_sc_hd__inv_1.
Creating placeholder cell definition for module sky130_fd_sc_hd__dlclkp_1.
Creating placeholder cell definition for module sky130_fd_sc_hd__clkbuf_1.
Creating placeholder cell definition for module sky130_fd_sc_hd__conb_1.
Creating placeholder cell definition for module sky130_fd_sc_hd__clkbuf_4.
Creating placeholder cell definition for module sky130_fd_sc_hd__mux4_1.
Creating placeholder cell definition for module sky130_fd_sc_hd__and2b_2.
Creating placeholder cell definition for module sky130_fd_sc_hd__and2_2.
Creating placeholder cell definition for module sky130_fd_sc_hd__mux2_1.
Creating placeholder cell definition for module sky130_fd_sc_hd__fill_1.
Creating placeholder cell definition for module sky130_fd_sc_hd__decap_4.
Creating placeholder cell definition for module sky130_fd_sc_hd__decap_6.
Creating placeholder cell definition for module sky130_fd_sc_hd__decap_3.
Creating placeholder cell definition for module sky130_fd_sc_hd__decap_12.
Creating placeholder cell definition for module sky130_fd_sc_hd__fill_2.
Creating placeholder cell definition for module sky130_fd_sc_hd__decap_8.
Creating placeholder cell definition for module sky130_fd_sc_hd__tapvpwrvgnd_1.
Reading setup file /ciic/pdks/openlane/sky130A/libs.tech/netgen/sky130A_setup.tcl
Comparison output logged to file /project/openlane/DFFRAM/runs/RUN_2021.12.26_22.11.38/logs/finishing/33-DFFRAM.lef.log
Logging to file "/project/openlane/DFFRAM/runs/RUN_2021.12.26_22.11.38/logs/finishing/33-DFFRAM.lef.log" enabled
Contents of circuit 1:  Circuit: 'sky130_fd_sc_hd__clkbuf_2'
Circuit sky130_fd_sc_hd__clkbuf_2 contains 0 device instances.
Circuit contains 0 nets, and 6 disconnected pins.
Contents of circuit 2:  Circuit: 'sky130_fd_sc_hd__clkbuf_2'
Circuit sky130_fd_sc_hd__clkbuf_2 contains 0 device instances.
Circuit contains 0 nets.

Circuit sky130_fd_sc_hd__clkbuf_2 contains no devices.
Contents of circuit 1:  Circuit: 'sky130_fd_sc_hd__fill_2'
Circuit sky130_fd_sc_hd__fill_2 contains 0 device instances.
Circuit contains 0 nets, and 4 disconnected pins.
Contents of circuit 2:  Circuit: 'sky130_fd_sc_hd__fill_2'
Circuit sky130_fd_sc_hd__fill_2 contains 0 device instances.
Circuit contains 0 nets.

Circuit sky130_fd_sc_hd__fill_2 contains no devices.
Contents of circuit 1:  Circuit: 'sky130_fd_sc_hd__dfxtp_1'
Circuit sky130_fd_sc_hd__dfxtp_1 contains 0 device instances.
Circuit contains 0 nets, and 7 disconnected pins.
Contents of circuit 2:  Circuit: 'sky130_fd_sc_hd__dfxtp_1'
Circuit sky130_fd_sc_hd__dfxtp_1 contains 0 device instances.
Circuit contains 0 nets.

Circuit sky130_fd_sc_hd__dfxtp_1 contains no devices.
Contents of circuit 1:  Circuit: 'sky130_fd_sc_hd__fill_1'
Circuit sky130_fd_sc_hd__fill_1 contains 0 device instances.
Circuit contains 0 nets, and 4 disconnected pins.
Contents of circuit 2:  Circuit: 'sky130_fd_sc_hd__fill_1'
Circuit sky130_fd_sc_hd__fill_1 contains 0 device instances.
Circuit contains 0 nets.

Circuit sky130_fd_sc_hd__fill_1 contains no devices.
Contents of circuit 1:  Circuit: 'sky130_fd_sc_hd__inv_1'
Circuit sky130_fd_sc_hd__inv_1 contains 0 device instances.
Circuit contains 0 nets, and 6 disconnected pins.
Contents of circuit 2:  Circuit: 'sky130_fd_sc_hd__inv_1'
Circuit sky130_fd_sc_hd__inv_1 contains 0 device instances.
Circuit contains 0 nets.

Circuit sky130_fd_sc_hd__inv_1 contains no devices.
Contents of circuit 1:  Circuit: 'sky130_fd_sc_hd__ebufn_2'
Circuit sky130_fd_sc_hd__ebufn_2 contains 0 device instances.
Circuit contains 0 nets, and 7 disconnected pins.
Contents of circuit 2:  Circuit: 'sky130_fd_sc_hd__ebufn_2'
Circuit sky130_fd_sc_hd__ebufn_2 contains 0 device instances.
Circuit contains 0 nets.

Circuit sky130_fd_sc_hd__ebufn_2 contains no devices.
Contents of circuit 1:  Circuit: 'sky130_fd_sc_hd__diode_2'
Circuit sky130_fd_sc_hd__diode_2 contains 0 device instances.
Circuit contains 0 nets, and 5 disconnected pins.
Contents of circuit 2:  Circuit: 'sky130_fd_sc_hd__diode_2'
Circuit sky130_fd_sc_hd__diode_2 contains 0 device instances.
Circuit contains 0 nets.

Circuit sky130_fd_sc_hd__diode_2 contains no devices.
Contents of circuit 1:  Circuit: 'sky130_fd_sc_hd__and2_1'
Circuit sky130_fd_sc_hd__and2_1 contains 0 device instances.
Circuit contains 0 nets, and 7 disconnected pins.
Contents of circuit 2:  Circuit: 'sky130_fd_sc_hd__and2_1'
Circuit sky130_fd_sc_hd__and2_1 contains 0 device instances.
Circuit contains 0 nets.

Circuit sky130_fd_sc_hd__and2_1 contains no devices.
Contents of circuit 1:  Circuit: 'sky130_fd_sc_hd__dlclkp_1'
Circuit sky130_fd_sc_hd__dlclkp_1 contains 0 device instances.
Circuit contains 0 nets, and 7 disconnected pins.
Contents of circuit 2:  Circuit: 'sky130_fd_sc_hd__dlclkp_1'
Circuit sky130_fd_sc_hd__dlclkp_1 contains 0 device instances.
Circuit contains 0 nets.

Circuit sky130_fd_sc_hd__dlclkp_1 contains no devices.
Contents of circuit 1:  Circuit: 'sky130_fd_sc_hd__decap_4'
Circuit sky130_fd_sc_hd__decap_4 contains 0 device instances.
Circuit contains 0 nets, and 4 disconnected pins.
Contents of circuit 2:  Circuit: 'sky130_fd_sc_hd__decap_4'
Circuit sky130_fd_sc_hd__decap_4 contains 0 device instances.
Circuit contains 0 nets.

Circuit sky130_fd_sc_hd__decap_4 contains no devices.
Contents of circuit 1:  Circuit: 'sky130_fd_sc_hd__and4b_2'
Circuit sky130_fd_sc_hd__and4b_2 contains 0 device instances.
Circuit contains 0 nets, and 9 disconnected pins.
Contents of circuit 2:  Circuit: 'sky130_fd_sc_hd__and4b_2'
Circuit sky130_fd_sc_hd__and4b_2 contains 0 device instances.
Circuit contains 0 nets.

Circuit sky130_fd_sc_hd__and4b_2 contains no devices.
Contents of circuit 1:  Circuit: 'sky130_fd_sc_hd__tapvpwrvgnd_1'
Circuit sky130_fd_sc_hd__tapvpwrvgnd_1 contains 0 device instances.
Circuit contains 0 nets, and 2 disconnected pins.
Contents of circuit 2:  Circuit: 'sky130_fd_sc_hd__tapvpwrvgnd_1'
Circuit sky130_fd_sc_hd__tapvpwrvgnd_1 contains 0 device instances.
Circuit contains 0 nets.

Circuit sky130_fd_sc_hd__tapvpwrvgnd_1 contains no devices.
Contents of circuit 1:  Circuit: 'sky130_fd_sc_hd__decap_3'
Circuit sky130_fd_sc_hd__decap_3 contains 0 device instances.
Circuit contains 0 nets, and 4 disconnected pins.
Contents of circuit 2:  Circuit: 'sky130_fd_sc_hd__decap_3'
Circuit sky130_fd_sc_hd__decap_3 contains 0 device instances.
Circuit contains 0 nets.

Circuit sky130_fd_sc_hd__decap_3 contains no devices.
Contents of circuit 1:  Circuit: 'sky130_fd_sc_hd__clkbuf_16'
Circuit sky130_fd_sc_hd__clkbuf_16 contains 0 device instances.
Circuit contains 0 nets, and 6 disconnected pins.
Contents of circuit 2:  Circuit: 'sky130_fd_sc_hd__clkbuf_16'
Circuit sky130_fd_sc_hd__clkbuf_16 contains 0 device instances.
Circuit contains 0 nets.

Circuit sky130_fd_sc_hd__clkbuf_16 contains no devices.
Contents of circuit 1:  Circuit: 'sky130_fd_sc_hd__decap_6'
Circuit sky130_fd_sc_hd__decap_6 contains 0 device instances.
Circuit contains 0 nets, and 4 disconnected pins.
Contents of circuit 2:  Circuit: 'sky130_fd_sc_hd__decap_6'
Circuit sky130_fd_sc_hd__decap_6 contains 0 device instances.
Circuit contains 0 nets.

Circuit sky130_fd_sc_hd__decap_6 contains no devices.
Contents of circuit 1:  Circuit: 'sky130_fd_sc_hd__and4bb_2'
Circuit sky130_fd_sc_hd__and4bb_2 contains 0 device instances.
Circuit contains 0 nets, and 9 disconnected pins.
Contents of circuit 2:  Circuit: 'sky130_fd_sc_hd__and4bb_2'
Circuit sky130_fd_sc_hd__and4bb_2 contains 0 device instances.
Circuit contains 0 nets.

Circuit sky130_fd_sc_hd__and4bb_2 contains no devices.
Contents of circuit 1:  Circuit: 'sky130_fd_sc_hd__clkbuf_1'
Circuit sky130_fd_sc_hd__clkbuf_1 contains 0 device instances.
Circuit contains 0 nets, and 6 disconnected pins.
Contents of circuit 2:  Circuit: 'sky130_fd_sc_hd__clkbuf_1'
Circuit sky130_fd_sc_hd__clkbuf_1 contains 0 device instances.
Circuit contains 0 nets.

Circuit sky130_fd_sc_hd__clkbuf_1 contains no devices.
Contents of circuit 1:  Circuit: 'sky130_fd_sc_hd__decap_8'
Circuit sky130_fd_sc_hd__decap_8 contains 0 device instances.
Circuit contains 0 nets, and 4 disconnected pins.
Contents of circuit 2:  Circuit: 'sky130_fd_sc_hd__decap_8'
Circuit sky130_fd_sc_hd__decap_8 contains 0 device instances.
Circuit contains 0 nets.

Circuit sky130_fd_sc_hd__decap_8 contains no devices.
Contents of circuit 1:  Circuit: 'sky130_fd_sc_hd__decap_12'
Circuit sky130_fd_sc_hd__decap_12 contains 0 device instances.
Circuit contains 0 nets, and 4 disconnected pins.
Contents of circuit 2:  Circuit: 'sky130_fd_sc_hd__decap_12'
Circuit sky130_fd_sc_hd__decap_12 contains 0 device instances.
Circuit contains 0 nets.

Circuit sky130_fd_sc_hd__decap_12 contains no devices.
Contents of circuit 1:  Circuit: 'sky130_fd_sc_hd__nor4b_2'
Circuit sky130_fd_sc_hd__nor4b_2 contains 0 device instances.
Circuit contains 0 nets, and 9 disconnected pins.
Contents of circuit 2:  Circuit: 'sky130_fd_sc_hd__nor4b_2'
Circuit sky130_fd_sc_hd__nor4b_2 contains 0 device instances.
Circuit contains 0 nets.

Circuit sky130_fd_sc_hd__nor4b_2 contains no devices.
Contents of circuit 1:  Circuit: 'sky130_fd_sc_hd__mux2_1'
Circuit sky130_fd_sc_hd__mux2_1 contains 0 device instances.
Circuit contains 0 nets, and 8 disconnected pins.
Contents of circuit 2:  Circuit: 'sky130_fd_sc_hd__mux2_1'
Circuit sky130_fd_sc_hd__mux2_1 contains 0 device instances.
Circuit contains 0 nets.

Circuit sky130_fd_sc_hd__mux2_1 contains no devices.
Contents of circuit 1:  Circuit: 'sky130_fd_sc_hd__and4_2'
Circuit sky130_fd_sc_hd__and4_2 contains 0 device instances.
Circuit contains 0 nets, and 9 disconnected pins.
Contents of circuit 2:  Circuit: 'sky130_fd_sc_hd__and4_2'
Circuit sky130_fd_sc_hd__and4_2 contains 0 device instances.
Circuit contains 0 nets.

Circuit sky130_fd_sc_hd__and4_2 contains no devices.
Contents of circuit 1:  Circuit: 'sky130_fd_sc_hd__nor3b_4'
Circuit sky130_fd_sc_hd__nor3b_4 contains 0 device instances.
Circuit contains 0 nets, and 8 disconnected pins.
Contents of circuit 2:  Circuit: 'sky130_fd_sc_hd__nor3b_4'
Circuit sky130_fd_sc_hd__nor3b_4 contains 0 device instances.
Circuit contains 0 nets.

Circuit sky130_fd_sc_hd__nor3b_4 contains no devices.
Contents of circuit 1:  Circuit: 'sky130_fd_sc_hd__mux4_1'
Circuit sky130_fd_sc_hd__mux4_1 contains 0 device instances.
Circuit contains 0 nets, and 11 disconnected pins.
Contents of circuit 2:  Circuit: 'sky130_fd_sc_hd__mux4_1'
Circuit sky130_fd_sc_hd__mux4_1 contains 0 device instances.
Circuit contains 0 nets.

Circuit sky130_fd_sc_hd__mux4_1 contains no devices.
Contents of circuit 1:  Circuit: 'sky130_fd_sc_hd__conb_1'
Circuit sky130_fd_sc_hd__conb_1 contains 0 device instances.
Circuit contains 0 nets, and 6 disconnected pins.
Contents of circuit 2:  Circuit: 'sky130_fd_sc_hd__conb_1'
Circuit sky130_fd_sc_hd__conb_1 contains 0 device instances.
Circuit contains 0 nets.

Circuit sky130_fd_sc_hd__conb_1 contains no devices.
Contents of circuit 1:  Circuit: 'sky130_fd_sc_hd__and3b_4'
Circuit sky130_fd_sc_hd__and3b_4 contains 0 device instances.
Circuit contains 0 nets, and 8 disconnected pins.
Contents of circuit 2:  Circuit: 'sky130_fd_sc_hd__and3b_4'
Circuit sky130_fd_sc_hd__and3b_4 contains 0 device instances.
Circuit contains 0 nets.

Circuit sky130_fd_sc_hd__and3b_4 contains no devices.
Contents of circuit 1:  Circuit: 'sky130_fd_sc_hd__and3_4'
Circuit sky130_fd_sc_hd__and3_4 contains 0 device instances.
Circuit contains 0 nets, and 8 disconnected pins.
Contents of circuit 2:  Circuit: 'sky130_fd_sc_hd__and3_4'
Circuit sky130_fd_sc_hd__and3_4 contains 0 device instances.
Circuit contains 0 nets.

Circuit sky130_fd_sc_hd__and3_4 contains no devices.
Contents of circuit 1:  Circuit: 'sky130_fd_sc_hd__clkbuf_4'
Circuit sky130_fd_sc_hd__clkbuf_4 contains 0 device instances.
Circuit contains 0 nets, and 6 disconnected pins.
Contents of circuit 2:  Circuit: 'sky130_fd_sc_hd__clkbuf_4'
Circuit sky130_fd_sc_hd__clkbuf_4 contains 0 device instances.
Circuit contains 0 nets.

Circuit sky130_fd_sc_hd__clkbuf_4 contains no devices.
Contents of circuit 1:  Circuit: 'sky130_fd_sc_hd__and2b_2'
Circuit sky130_fd_sc_hd__and2b_2 contains 0 device instances.
Circuit contains 0 nets, and 7 disconnected pins.
Contents of circuit 2:  Circuit: 'sky130_fd_sc_hd__and2b_2'
Circuit sky130_fd_sc_hd__and2b_2 contains 0 device instances.
Circuit contains 0 nets.

Circuit sky130_fd_sc_hd__and2b_2 contains no devices.
Contents of circuit 1:  Circuit: 'sky130_fd_sc_hd__and2_2'
Circuit sky130_fd_sc_hd__and2_2 contains 0 device instances.
Circuit contains 0 nets, and 7 disconnected pins.
Contents of circuit 2:  Circuit: 'sky130_fd_sc_hd__and2_2'
Circuit sky130_fd_sc_hd__and2_2 contains 0 device instances.
Circuit contains 0 nets.

Circuit sky130_fd_sc_hd__and2_2 contains no devices.
Contents of circuit 1:  Circuit: 'DFFRAM'
Circuit DFFRAM contains 50877 device instances.
  Class: sky130_fd_sc_hd__clkbuf_16 instances: 320
  Class: sky130_fd_sc_hd__dfxtp_1 instances: 8448
  Class: sky130_fd_sc_hd__and3b_4 instances:  20
  Class: sky130_fd_sc_hd__mux4_1 instances:  64
  Class: sky130_fd_sc_hd__and4_2 instances:  32
  Class: sky130_fd_sc_hd__inv_1 instances: 1024
  Class: sky130_fd_sc_hd__clkbuf_1 instances: 256
  Class: sky130_fd_sc_hd__clkbuf_2 instances: 708
  Class: sky130_fd_sc_hd__clkbuf_4 instances:   2
  Class: sky130_fd_sc_hd__and2b_2 instances:   1
  Class: sky130_fd_sc_hd__conb_1 instances:  32
  Class: sky130_fd_sc_hd__and3_4 instances:  10
  Class: sky130_fd_sc_hd__decap_3 instances: 1373
  Class: sky130_fd_sc_hd__decap_4 instances: 1135
  Class: sky130_fd_sc_hd__decap_6 instances: 522
  Class: sky130_fd_sc_hd__decap_8 instances: 254
  Class: sky130_fd_sc_hd__nor4b_2 instances:  32
  Class: sky130_fd_sc_hd__mux2_1 instances:  32
  Class: sky130_fd_sc_hd__and2_1 instances: 1024
  Class: sky130_fd_sc_hd__and2_2 instances:   1
  Class: sky130_fd_sc_hd__ebufn_2 instances: 8448
  Class: sky130_fd_sc_hd__dlclkp_1 instances: 1024
  Class: sky130_fd_sc_hd__nor3b_4 instances:  10
  Class: sky130_fd_sc_hd__diode_2 instances: 13045
  Class: sky130_fd_sc_hd__and4b_2 instances:  96
  Class: sky130_fd_sc_hd__tapvpwrvgnd_1 instances: 5320
  Class: sky130_fd_sc_hd__fill_1 instances: 6260
  Class: sky130_fd_sc_hd__fill_2 instances: 1147
  Class: sky130_fd_sc_hd__decap_12 instances: 141
  Class: sky130_fd_sc_hd__and4bb_2 instances:  96
Circuit contains 13568 nets.
Contents of circuit 2:  Circuit: 'DFFRAM'
Circuit DFFRAM contains 50877 device instances.
  Class: sky130_fd_sc_hd__clkbuf_16 instances: 320
  Class: sky130_fd_sc_hd__dfxtp_1 instances: 8448
  Class: sky130_fd_sc_hd__and3b_4 instances:  20
  Class: sky130_fd_sc_hd__mux4_1 instances:  64
  Class: sky130_fd_sc_hd__and4_2 instances:  32
  Class: sky130_fd_sc_hd__inv_1 instances: 1024
  Class: sky130_fd_sc_hd__clkbuf_1 instances: 256
  Class: sky130_fd_sc_hd__clkbuf_2 instances: 708
  Class: sky130_fd_sc_hd__clkbuf_4 instances:   2
  Class: sky130_fd_sc_hd__and2b_2 instances:   1
  Class: sky130_fd_sc_hd__conb_1 instances:  32
  Class: sky130_fd_sc_hd__and3_4 instances:  10
  Class: sky130_fd_sc_hd__decap_3 instances: 1373
  Class: sky130_fd_sc_hd__decap_4 instances: 1135
  Class: sky130_fd_sc_hd__decap_6 instances: 522
  Class: sky130_fd_sc_hd__decap_8 instances: 254
  Class: sky130_fd_sc_hd__nor4b_2 instances:  32
  Class: sky130_fd_sc_hd__mux2_1 instances:  32
  Class: sky130_fd_sc_hd__and2_1 instances: 1024
  Class: sky130_fd_sc_hd__and2_2 instances:   1
  Class: sky130_fd_sc_hd__ebufn_2 instances: 8448
  Class: sky130_fd_sc_hd__dlclkp_1 instances: 1024
  Class: sky130_fd_sc_hd__nor3b_4 instances:  10
  Class: sky130_fd_sc_hd__diode_2 instances: 13045
  Class: sky130_fd_sc_hd__and4b_2 instances:  96
  Class: sky130_fd_sc_hd__tapvpwrvgnd_1 instances: 5320
  Class: sky130_fd_sc_hd__fill_1 instances: 6260
  Class: sky130_fd_sc_hd__fill_2 instances: 1147
  Class: sky130_fd_sc_hd__decap_12 instances: 141
  Class: sky130_fd_sc_hd__and4bb_2 instances:  96
Circuit contains 13536 nets.

Circuit was modified by parallel/series device merging.
New circuit summary:

Contents of circuit 1:  Circuit: 'DFFRAM'
Circuit DFFRAM contains 23108 device instances.
  Class: sky130_fd_sc_hd__clkbuf_16 instances: 320
  Class: sky130_fd_sc_hd__dfxtp_1 instances: 8448
  Class: sky130_fd_sc_hd__and3b_4 instances:  20
  Class: sky130_fd_sc_hd__mux4_1 instances:  64
  Class: sky130_fd_sc_hd__and4_2 instances:  32
  Class: sky130_fd_sc_hd__inv_1 instances: 1024
  Class: sky130_fd_sc_hd__clkbuf_1 instances: 256
  Class: sky130_fd_sc_hd__clkbuf_2 instances: 708
  Class: sky130_fd_sc_hd__clkbuf_4 instances:   2
  Class: sky130_fd_sc_hd__and2b_2 instances:   1
  Class: sky130_fd_sc_hd__conb_1 instances:  32
  Class: sky130_fd_sc_hd__and3_4 instances:  10
  Class: sky130_fd_sc_hd__decap_3 instances:   1
  Class: sky130_fd_sc_hd__decap_4 instances:   1
  Class: sky130_fd_sc_hd__decap_6 instances:   1
  Class: sky130_fd_sc_hd__decap_8 instances:   1
  Class: sky130_fd_sc_hd__nor4b_2 instances:  32
  Class: sky130_fd_sc_hd__mux2_1 instances:  32
  Class: sky130_fd_sc_hd__and2_1 instances: 1024
  Class: sky130_fd_sc_hd__and2_2 instances:   1
  Class: sky130_fd_sc_hd__ebufn_2 instances: 8448
  Class: sky130_fd_sc_hd__dlclkp_1 instances: 1024
  Class: sky130_fd_sc_hd__nor3b_4 instances:  10
  Class: sky130_fd_sc_hd__diode_2 instances: 1420
  Class: sky130_fd_sc_hd__and4b_2 instances:  96
  Class: sky130_fd_sc_hd__tapvpwrvgnd_1 instances:   1
  Class: sky130_fd_sc_hd__fill_1 instances:   1
  Class: sky130_fd_sc_hd__fill_2 instances:   1
  Class: sky130_fd_sc_hd__decap_12 instances:   1
  Class: sky130_fd_sc_hd__and4bb_2 instances:  96
Circuit contains 13568 nets.
Contents of circuit 2:  Circuit: 'DFFRAM'
Circuit DFFRAM contains 23108 device instances.
  Class: sky130_fd_sc_hd__clkbuf_16 instances: 320
  Class: sky130_fd_sc_hd__dfxtp_1 instances: 8448
  Class: sky130_fd_sc_hd__and3b_4 instances:  20
  Class: sky130_fd_sc_hd__mux4_1 instances:  64
  Class: sky130_fd_sc_hd__and4_2 instances:  32
  Class: sky130_fd_sc_hd__inv_1 instances: 1024
  Class: sky130_fd_sc_hd__clkbuf_1 instances: 256
  Class: sky130_fd_sc_hd__clkbuf_2 instances: 708
  Class: sky130_fd_sc_hd__clkbuf_4 instances:   2
  Class: sky130_fd_sc_hd__and2b_2 instances:   1
  Class: sky130_fd_sc_hd__conb_1 instances:  32
  Class: sky130_fd_sc_hd__and3_4 instances:  10
  Class: sky130_fd_sc_hd__decap_3 instances:   1
  Class: sky130_fd_sc_hd__decap_4 instances:   1
  Class: sky130_fd_sc_hd__decap_6 instances:   1
  Class: sky130_fd_sc_hd__decap_8 instances:   1
  Class: sky130_fd_sc_hd__nor4b_2 instances:  32
  Class: sky130_fd_sc_hd__mux2_1 instances:  32
  Class: sky130_fd_sc_hd__and2_1 instances: 1024
  Class: sky130_fd_sc_hd__and2_2 instances:   1
  Class: sky130_fd_sc_hd__ebufn_2 instances: 8448
  Class: sky130_fd_sc_hd__dlclkp_1 instances: 1024
  Class: sky130_fd_sc_hd__nor3b_4 instances:  10
  Class: sky130_fd_sc_hd__diode_2 instances: 1420
  Class: sky130_fd_sc_hd__and4b_2 instances:  96
  Class: sky130_fd_sc_hd__tapvpwrvgnd_1 instances:   1
  Class: sky130_fd_sc_hd__fill_1 instances:   1
  Class: sky130_fd_sc_hd__fill_2 instances:   1
  Class: sky130_fd_sc_hd__decap_12 instances:   1
  Class: sky130_fd_sc_hd__and4bb_2 instances:  96
Circuit contains 13536 nets.

Circuit 1 contains 23108 devices, Circuit 2 contains 23108 devices.
Circuit 1 contains 13536 nets,    Circuit 2 contains 13536 nets.

Circuits match with 5959 symmetries.
Resolving automorphisms by property value.
Resolving automorphisms by pin name.
Netlists match uniquely.
Circuits match correctly.
Result: Circuits match uniquely.
Logging to file "/project/openlane/DFFRAM/runs/RUN_2021.12.26_22.11.38/logs/finishing/33-DFFRAM.lef.log" disabled
LVS Done.
