
===========================================================================
report_checks -path_delay min (Hold)
============================================================================
Startpoint: _31272_ (rising edge-triggered flip-flop clocked by core_clk)
Endpoint: _29867_ (rising edge-triggered flip-flop clocked by core_clk)
Path Group: core_clk
Path Type: min

Fanout     Cap    Slew   Delay    Time   Description
-----------------------------------------------------------------------------
                          0.00    0.00   clock core_clk (rise edge)
                          0.00    0.00   clock source latency
                  1.64    1.13    1.13 ^ core_clk (in)
     1    0.20                           core_clk (net)
                  1.65    0.00    1.13 ^ clkbuf_0_core_clk/A (sky130_fd_sc_hd__clkbuf_16)
                  0.08    0.33    1.46 ^ clkbuf_0_core_clk/X (sky130_fd_sc_hd__clkbuf_16)
     2    0.02                           clknet_0_core_clk (net)
                  0.09    0.01    1.47 ^ clkbuf_1_1_0_core_clk/A (sky130_fd_sc_hd__clkbuf_4)
                  0.05    0.14    1.61 ^ clkbuf_1_1_0_core_clk/X (sky130_fd_sc_hd__clkbuf_4)
     1    0.01                           clknet_1_1_0_core_clk (net)
                  0.05    0.00    1.62 ^ clkbuf_1_1_1_core_clk/A (sky130_fd_sc_hd__clkbuf_4)
                  0.05    0.13    1.74 ^ clkbuf_1_1_1_core_clk/X (sky130_fd_sc_hd__clkbuf_4)
     1    0.01                           clknet_1_1_1_core_clk (net)
                  0.05    0.00    1.75 ^ clkbuf_1_1_2_core_clk/A (sky130_fd_sc_hd__clkbuf_4)
                  0.05    0.13    1.87 ^ clkbuf_1_1_2_core_clk/X (sky130_fd_sc_hd__clkbuf_4)
     1    0.01                           clknet_1_1_2_core_clk (net)
                  0.05    0.00    1.88 ^ clkbuf_1_1_3_core_clk/A (sky130_fd_sc_hd__clkbuf_4)
                  0.05    0.13    2.01 ^ clkbuf_1_1_3_core_clk/X (sky130_fd_sc_hd__clkbuf_4)
     1    0.01                           clknet_1_1_3_core_clk (net)
                  0.05    0.00    2.01 ^ clkbuf_1_1_4_core_clk/A (sky130_fd_sc_hd__clkbuf_4)
                  0.16    0.19    2.20 ^ clkbuf_1_1_4_core_clk/X (sky130_fd_sc_hd__clkbuf_4)
     2    0.05                           clknet_1_1_4_core_clk (net)
                  0.17    0.02    2.22 ^ clkbuf_2_2_0_core_clk/A (sky130_fd_sc_hd__clkbuf_4)
                  0.05    0.17    2.39 ^ clkbuf_2_2_0_core_clk/X (sky130_fd_sc_hd__clkbuf_4)
     1    0.01                           clknet_2_2_0_core_clk (net)
                  0.05    0.00    2.39 ^ clkbuf_2_2_1_core_clk/A (sky130_fd_sc_hd__clkbuf_4)
                  0.13    0.18    2.57 ^ clkbuf_2_2_1_core_clk/X (sky130_fd_sc_hd__clkbuf_4)
     2    0.04                           clknet_2_2_1_core_clk (net)
                  0.14    0.01    2.59 ^ clkbuf_3_5_0_core_clk/A (sky130_fd_sc_hd__clkbuf_4)
                  0.05    0.16    2.75 ^ clkbuf_3_5_0_core_clk/X (sky130_fd_sc_hd__clkbuf_4)
     1    0.01                           clknet_3_5_0_core_clk (net)
                  0.05    0.00    2.75 ^ clkbuf_3_5_1_core_clk/A (sky130_fd_sc_hd__clkbuf_4)
                  0.04    0.12    2.87 ^ clkbuf_3_5_1_core_clk/X (sky130_fd_sc_hd__clkbuf_4)
     1    0.01                           clknet_3_5_1_core_clk (net)
                  0.04    0.00    2.87 ^ clkbuf_3_5_2_core_clk/A (sky130_fd_sc_hd__clkbuf_4)
                  0.12    0.17    3.04 ^ clkbuf_3_5_2_core_clk/X (sky130_fd_sc_hd__clkbuf_4)
     2    0.04                           clknet_3_5_2_core_clk (net)
                  0.12    0.01    3.05 ^ clkbuf_4_11_0_core_clk/A (sky130_fd_sc_hd__clkbuf_4)
                  0.09    0.18    3.23 ^ clkbuf_4_11_0_core_clk/X (sky130_fd_sc_hd__clkbuf_4)
     2    0.02                           clknet_4_11_0_core_clk (net)
                  0.09    0.01    3.24 ^ clkbuf_5_23_0_core_clk/A (sky130_fd_sc_hd__clkbuf_4)
                  0.04    0.13    3.38 ^ clkbuf_5_23_0_core_clk/X (sky130_fd_sc_hd__clkbuf_4)
     1    0.01                           clknet_5_23_0_core_clk (net)
                  0.04    0.00    3.38 ^ clkbuf_5_23_1_core_clk/A (sky130_fd_sc_hd__clkbuf_4)
                  0.76    0.54    3.92 ^ clkbuf_5_23_1_core_clk/X (sky130_fd_sc_hd__clkbuf_4)
    19    0.26                           clknet_5_23_1_core_clk (net)
                  0.77    0.07    3.99 ^ clkbuf_leaf_265_core_clk/A (sky130_fd_sc_hd__clkbuf_16)
                  0.07    0.27    4.26 ^ clkbuf_leaf_265_core_clk/X (sky130_fd_sc_hd__clkbuf_16)
     6    0.03                           clknet_leaf_265_core_clk (net)
                  0.07    0.00    4.27 ^ _31272_/CLK (sky130_fd_sc_hd__dfxtp_4)
                  0.06    0.35    4.62 v _31272_/Q (sky130_fd_sc_hd__dfxtp_4)
     4    0.03                           VexRiscv.DBusSimplePlugin_memoryExceptionPort_payload_badAddr[20] (net)
                  0.07    0.02    4.63 v hold800/A (sky130_fd_sc_hd__buf_12)
                  0.08    0.15    4.79 v hold800/X (sky130_fd_sc_hd__buf_12)
     1    0.14                           net3152 (net)
                  0.12    0.04    4.83 v _29867_/D (sky130_fd_sc_hd__dfxtp_1)
                                  4.83   data arrival time

                          0.00    0.00   clock core_clk (rise edge)
                          0.00    0.00   clock source latency
                  1.64    1.25    1.25 ^ core_clk (in)
     1    0.20                           core_clk (net)
                  1.65    0.00    1.25 ^ clkbuf_0_core_clk/A (sky130_fd_sc_hd__clkbuf_16)
                  0.08    0.36    1.61 ^ clkbuf_0_core_clk/X (sky130_fd_sc_hd__clkbuf_16)
     2    0.02                           clknet_0_core_clk (net)
                  0.09    0.01    1.63 ^ clkbuf_1_0_0_core_clk/A (sky130_fd_sc_hd__clkbuf_4)
                  0.05    0.15    1.78 ^ clkbuf_1_0_0_core_clk/X (sky130_fd_sc_hd__clkbuf_4)
     1    0.01                           clknet_1_0_0_core_clk (net)
                  0.05    0.00    1.78 ^ clkbuf_1_0_1_core_clk/A (sky130_fd_sc_hd__clkbuf_4)
                  0.05    0.14    1.92 ^ clkbuf_1_0_1_core_clk/X (sky130_fd_sc_hd__clkbuf_4)
     1    0.01                           clknet_1_0_1_core_clk (net)
                  0.05    0.00    1.93 ^ clkbuf_1_0_2_core_clk/A (sky130_fd_sc_hd__clkbuf_4)
                  0.04    0.14    2.06 ^ clkbuf_1_0_2_core_clk/X (sky130_fd_sc_hd__clkbuf_4)
     1    0.01                           clknet_1_0_2_core_clk (net)
                  0.04    0.00    2.06 ^ clkbuf_1_0_3_core_clk/A (sky130_fd_sc_hd__clkbuf_4)
                  0.03    0.12    2.18 ^ clkbuf_1_0_3_core_clk/X (sky130_fd_sc_hd__clkbuf_4)
     1    0.00                           clknet_1_0_3_core_clk (net)
                  0.03    0.00    2.18 ^ clkbuf_1_0_4_core_clk/A (sky130_fd_sc_hd__clkbuf_4)
                  0.22    0.25    2.43 ^ clkbuf_1_0_4_core_clk/X (sky130_fd_sc_hd__clkbuf_4)
     2    0.07                           clknet_1_0_4_core_clk (net)
                  0.22    0.03    2.46 ^ clkbuf_2_0_0_core_clk/A (sky130_fd_sc_hd__clkbuf_4)
                  0.03    0.18    2.64 ^ clkbuf_2_0_0_core_clk/X (sky130_fd_sc_hd__clkbuf_4)
     1    0.00                           clknet_2_0_0_core_clk (net)
                  0.03    0.00    2.65 ^ clkbuf_2_0_1_core_clk/A (sky130_fd_sc_hd__clkbuf_4)
                  0.37    0.32    2.97 ^ clkbuf_2_0_1_core_clk/X (sky130_fd_sc_hd__clkbuf_4)
     2    0.12                           clknet_2_0_1_core_clk (net)
                  0.39    0.07    3.04 ^ clkbuf_3_1_0_core_clk/A (sky130_fd_sc_hd__clkbuf_4)
                  0.04    0.22    3.26 ^ clkbuf_3_1_0_core_clk/X (sky130_fd_sc_hd__clkbuf_4)
     1    0.00                           clknet_3_1_0_core_clk (net)
                  0.04    0.00    3.26 ^ clkbuf_3_1_1_core_clk/A (sky130_fd_sc_hd__clkbuf_4)
                  0.03    0.12    3.38 ^ clkbuf_3_1_1_core_clk/X (sky130_fd_sc_hd__clkbuf_4)
     1    0.00                           clknet_3_1_1_core_clk (net)
                  0.03    0.00    3.39 ^ clkbuf_3_1_2_core_clk/A (sky130_fd_sc_hd__clkbuf_4)
                  0.09    0.17    3.55 ^ clkbuf_3_1_2_core_clk/X (sky130_fd_sc_hd__clkbuf_4)
     2    0.03                           clknet_3_1_2_core_clk (net)
                  0.09    0.01    3.56 ^ clkbuf_4_3_0_core_clk/A (sky130_fd_sc_hd__clkbuf_4)
                  0.08    0.18    3.75 ^ clkbuf_4_3_0_core_clk/X (sky130_fd_sc_hd__clkbuf_4)
     2    0.02                           clknet_4_3_0_core_clk (net)
                  0.08    0.01    3.76 ^ clkbuf_5_6_0_core_clk/A (sky130_fd_sc_hd__clkbuf_4)
                  0.04    0.14    3.90 ^ clkbuf_5_6_0_core_clk/X (sky130_fd_sc_hd__clkbuf_4)
     1    0.01                           clknet_5_6_0_core_clk (net)
                  0.04    0.00    3.90 ^ clkbuf_5_6_1_core_clk/A (sky130_fd_sc_hd__clkbuf_4)
                  0.37    0.36    4.26 ^ clkbuf_5_6_1_core_clk/X (sky130_fd_sc_hd__clkbuf_4)
     9    0.12                           clknet_5_6_1_core_clk (net)
                  0.38    0.04    4.29 ^ clkbuf_leaf_360_core_clk/A (sky130_fd_sc_hd__clkbuf_16)
                  0.07    0.24    4.54 ^ clkbuf_leaf_360_core_clk/X (sky130_fd_sc_hd__clkbuf_16)
    10    0.05                           clknet_leaf_360_core_clk (net)
                  0.08    0.02    4.56 ^ _29867_/CLK (sky130_fd_sc_hd__dfxtp_1)
                          0.25    4.81   clock uncertainty
                         -0.15    4.65   clock reconvergence pessimism
                         -0.08    4.58   library hold time
                                  4.58   data required time
-----------------------------------------------------------------------------
                                  4.58   data required time
                                 -4.83   data arrival time
-----------------------------------------------------------------------------
                                  0.25   slack (MET)


Startpoint: _29912_ (rising edge-triggered flip-flop clocked by core_clk)
Endpoint: _29666_ (rising edge-triggered flip-flop clocked by core_clk)
Path Group: core_clk
Path Type: min

Fanout     Cap    Slew   Delay    Time   Description
-----------------------------------------------------------------------------
                          0.00    0.00   clock core_clk (rise edge)
                          0.00    0.00   clock source latency
                  1.64    1.13    1.13 ^ core_clk (in)
     1    0.20                           core_clk (net)
                  1.65    0.00    1.13 ^ clkbuf_0_core_clk/A (sky130_fd_sc_hd__clkbuf_16)
                  0.08    0.33    1.46 ^ clkbuf_0_core_clk/X (sky130_fd_sc_hd__clkbuf_16)
     2    0.02                           clknet_0_core_clk (net)
                  0.09    0.01    1.47 ^ clkbuf_1_1_0_core_clk/A (sky130_fd_sc_hd__clkbuf_4)
                  0.05    0.14    1.61 ^ clkbuf_1_1_0_core_clk/X (sky130_fd_sc_hd__clkbuf_4)
     1    0.01                           clknet_1_1_0_core_clk (net)
                  0.05    0.00    1.62 ^ clkbuf_1_1_1_core_clk/A (sky130_fd_sc_hd__clkbuf_4)
                  0.05    0.13    1.74 ^ clkbuf_1_1_1_core_clk/X (sky130_fd_sc_hd__clkbuf_4)
     1    0.01                           clknet_1_1_1_core_clk (net)
                  0.05    0.00    1.75 ^ clkbuf_1_1_2_core_clk/A (sky130_fd_sc_hd__clkbuf_4)
                  0.05    0.13    1.87 ^ clkbuf_1_1_2_core_clk/X (sky130_fd_sc_hd__clkbuf_4)
     1    0.01                           clknet_1_1_2_core_clk (net)
                  0.05    0.00    1.88 ^ clkbuf_1_1_3_core_clk/A (sky130_fd_sc_hd__clkbuf_4)
                  0.05    0.13    2.01 ^ clkbuf_1_1_3_core_clk/X (sky130_fd_sc_hd__clkbuf_4)
     1    0.01                           clknet_1_1_3_core_clk (net)
                  0.05    0.00    2.01 ^ clkbuf_1_1_4_core_clk/A (sky130_fd_sc_hd__clkbuf_4)
                  0.16    0.19    2.20 ^ clkbuf_1_1_4_core_clk/X (sky130_fd_sc_hd__clkbuf_4)
     2    0.05                           clknet_1_1_4_core_clk (net)
                  0.17    0.02    2.23 ^ clkbuf_2_3_0_core_clk/A (sky130_fd_sc_hd__clkbuf_4)
                  0.05    0.17    2.39 ^ clkbuf_2_3_0_core_clk/X (sky130_fd_sc_hd__clkbuf_4)
     1    0.01                           clknet_2_3_0_core_clk (net)
                  0.05    0.00    2.39 ^ clkbuf_2_3_1_core_clk/A (sky130_fd_sc_hd__clkbuf_4)
                  0.14    0.19    2.58 ^ clkbuf_2_3_1_core_clk/X (sky130_fd_sc_hd__clkbuf_4)
     2    0.04                           clknet_2_3_1_core_clk (net)
                  0.14    0.01    2.59 ^ clkbuf_3_6_0_core_clk/A (sky130_fd_sc_hd__clkbuf_4)
                  0.05    0.16    2.75 ^ clkbuf_3_6_0_core_clk/X (sky130_fd_sc_hd__clkbuf_4)
     1    0.01                           clknet_3_6_0_core_clk (net)
                  0.05    0.00    2.75 ^ clkbuf_3_6_1_core_clk/A (sky130_fd_sc_hd__clkbuf_4)
                  0.04    0.12    2.87 ^ clkbuf_3_6_1_core_clk/X (sky130_fd_sc_hd__clkbuf_4)
     1    0.01                           clknet_3_6_1_core_clk (net)
                  0.04    0.00    2.88 ^ clkbuf_3_6_2_core_clk/A (sky130_fd_sc_hd__clkbuf_4)
                  0.10    0.16    3.03 ^ clkbuf_3_6_2_core_clk/X (sky130_fd_sc_hd__clkbuf_4)
     2    0.03                           clknet_3_6_2_core_clk (net)
                  0.10    0.01    3.04 ^ clkbuf_4_12_0_core_clk/A (sky130_fd_sc_hd__clkbuf_4)
                  0.08    0.17    3.22 ^ clkbuf_4_12_0_core_clk/X (sky130_fd_sc_hd__clkbuf_4)
     2    0.02                           clknet_4_12_0_core_clk (net)
                  0.09    0.01    3.22 ^ clkbuf_5_24_0_core_clk/A (sky130_fd_sc_hd__clkbuf_4)
                  0.04    0.13    3.35 ^ clkbuf_5_24_0_core_clk/X (sky130_fd_sc_hd__clkbuf_4)
     1    0.01                           clknet_5_24_0_core_clk (net)
                  0.04    0.00    3.36 ^ clkbuf_5_24_1_core_clk/A (sky130_fd_sc_hd__clkbuf_4)
                  0.56    0.43    3.79 ^ clkbuf_5_24_1_core_clk/X (sky130_fd_sc_hd__clkbuf_4)
    13    0.19                           clknet_5_24_1_core_clk (net)
                  0.57    0.05    3.84 ^ clkbuf_leaf_106_core_clk/A (sky130_fd_sc_hd__clkbuf_16)
                  0.06    0.24    4.09 ^ clkbuf_leaf_106_core_clk/X (sky130_fd_sc_hd__clkbuf_16)
     6    0.03                           clknet_leaf_106_core_clk (net)
                  0.06    0.01    4.09 ^ _29912_/CLK (sky130_fd_sc_hd__dfxtp_4)
                  0.12    0.38    4.47 ^ _29912_/Q (sky130_fd_sc_hd__dfxtp_4)
     4    0.04                           VexRiscv._zz_when_DebugPlugin_l244 (net)
                  0.12    0.01    4.49 ^ _27827_/S (sky130_fd_sc_hd__mux2_8)
                  0.30    0.31    4.79 ^ _27827_/X (sky130_fd_sc_hd__mux2_8)
     1    0.17                           VexRiscv.debug_bus_rsp_data[0] (net)
                  0.32    0.07    4.86 ^ _29666_/D (sky130_fd_sc_hd__dfxtp_2)
                                  4.86   data arrival time

                          0.00    0.00   clock core_clk (rise edge)
                          0.00    0.00   clock source latency
                  1.64    1.25    1.25 ^ core_clk (in)
     1    0.20                           core_clk (net)
                  1.65    0.00    1.25 ^ clkbuf_0_core_clk/A (sky130_fd_sc_hd__clkbuf_16)
                  0.08    0.36    1.61 ^ clkbuf_0_core_clk/X (sky130_fd_sc_hd__clkbuf_16)
     2    0.02                           clknet_0_core_clk (net)
                  0.09    0.01    1.63 ^ clkbuf_1_0_0_core_clk/A (sky130_fd_sc_hd__clkbuf_4)
                  0.05    0.15    1.78 ^ clkbuf_1_0_0_core_clk/X (sky130_fd_sc_hd__clkbuf_4)
     1    0.01                           clknet_1_0_0_core_clk (net)
                  0.05    0.00    1.78 ^ clkbuf_1_0_1_core_clk/A (sky130_fd_sc_hd__clkbuf_4)
                  0.05    0.14    1.92 ^ clkbuf_1_0_1_core_clk/X (sky130_fd_sc_hd__clkbuf_4)
     1    0.01                           clknet_1_0_1_core_clk (net)
                  0.05    0.00    1.93 ^ clkbuf_1_0_2_core_clk/A (sky130_fd_sc_hd__clkbuf_4)
                  0.04    0.14    2.06 ^ clkbuf_1_0_2_core_clk/X (sky130_fd_sc_hd__clkbuf_4)
     1    0.01                           clknet_1_0_2_core_clk (net)
                  0.04    0.00    2.06 ^ clkbuf_1_0_3_core_clk/A (sky130_fd_sc_hd__clkbuf_4)
                  0.03    0.12    2.18 ^ clkbuf_1_0_3_core_clk/X (sky130_fd_sc_hd__clkbuf_4)
     1    0.00                           clknet_1_0_3_core_clk (net)
                  0.03    0.00    2.18 ^ clkbuf_1_0_4_core_clk/A (sky130_fd_sc_hd__clkbuf_4)
                  0.22    0.25    2.43 ^ clkbuf_1_0_4_core_clk/X (sky130_fd_sc_hd__clkbuf_4)
     2    0.07                           clknet_1_0_4_core_clk (net)
                  0.22    0.03    2.46 ^ clkbuf_2_1_0_core_clk/A (sky130_fd_sc_hd__clkbuf_4)
                  0.04    0.19    2.65 ^ clkbuf_2_1_0_core_clk/X (sky130_fd_sc_hd__clkbuf_4)
     1    0.01                           clknet_2_1_0_core_clk (net)
                  0.04    0.00    2.66 ^ clkbuf_2_1_1_core_clk/A (sky130_fd_sc_hd__clkbuf_4)
                  0.12    0.19    2.84 ^ clkbuf_2_1_1_core_clk/X (sky130_fd_sc_hd__clkbuf_4)
     2    0.04                           clknet_2_1_1_core_clk (net)
                  0.12    0.02    2.86 ^ clkbuf_3_2_0_core_clk/A (sky130_fd_sc_hd__clkbuf_4)
                  0.05    0.17    3.03 ^ clkbuf_3_2_0_core_clk/X (sky130_fd_sc_hd__clkbuf_4)
     1    0.01                           clknet_3_2_0_core_clk (net)
                  0.05    0.00    3.03 ^ clkbuf_3_2_1_core_clk/A (sky130_fd_sc_hd__clkbuf_4)
                  0.04    0.13    3.16 ^ clkbuf_3_2_1_core_clk/X (sky130_fd_sc_hd__clkbuf_4)
     1    0.01                           clknet_3_2_1_core_clk (net)
                  0.04    0.00    3.16 ^ clkbuf_3_2_2_core_clk/A (sky130_fd_sc_hd__clkbuf_4)
                  0.09    0.17    3.33 ^ clkbuf_3_2_2_core_clk/X (sky130_fd_sc_hd__clkbuf_4)
     2    0.03                           clknet_3_2_2_core_clk (net)
                  0.09    0.01    3.34 ^ clkbuf_4_4_0_core_clk/A (sky130_fd_sc_hd__clkbuf_4)
                  0.07    0.17    3.51 ^ clkbuf_4_4_0_core_clk/X (sky130_fd_sc_hd__clkbuf_4)
     2    0.02                           clknet_4_4_0_core_clk (net)
                  0.07    0.01    3.52 ^ clkbuf_5_9_0_core_clk/A (sky130_fd_sc_hd__clkbuf_4)
                  0.04    0.14    3.66 ^ clkbuf_5_9_0_core_clk/X (sky130_fd_sc_hd__clkbuf_4)
     1    0.01                           clknet_5_9_0_core_clk (net)
                  0.04    0.00    3.66 ^ clkbuf_5_9_1_core_clk/A (sky130_fd_sc_hd__clkbuf_4)
                  0.54    0.46    4.12 ^ clkbuf_5_9_1_core_clk/X (sky130_fd_sc_hd__clkbuf_4)
    13    0.18                           clknet_5_9_1_core_clk (net)
                  0.55    0.06    4.18 ^ clkbuf_opt_25_0_core_clk/A (sky130_fd_sc_hd__clkbuf_16)
                  0.05    0.25    4.44 ^ clkbuf_opt_25_0_core_clk/X (sky130_fd_sc_hd__clkbuf_16)
     1    0.02                           clknet_opt_25_0_core_clk (net)
                  0.05    0.01    4.45 ^ clkbuf_opt_25_1_core_clk/A (sky130_fd_sc_hd__clkbuf_16)
                  0.05    0.13    4.58 ^ clkbuf_opt_25_1_core_clk/X (sky130_fd_sc_hd__clkbuf_16)
     1    0.02                           clknet_opt_25_1_core_clk (net)
                  0.06    0.02    4.60 ^ _29666_/CLK (sky130_fd_sc_hd__dfxtp_2)
                          0.25    4.85   clock uncertainty
                         -0.15    4.69   clock reconvergence pessimism
                         -0.09    4.61   library hold time
                                  4.61   data required time
-----------------------------------------------------------------------------
                                  4.61   data required time
                                 -4.86   data arrival time
-----------------------------------------------------------------------------
                                  0.25   slack (MET)


Startpoint: _33104_ (rising edge-triggered flip-flop clocked by core_clk)
Endpoint: _32143_ (rising edge-triggered flip-flop clocked by core_clk)
Path Group: core_clk
Path Type: min

Fanout     Cap    Slew   Delay    Time   Description
-----------------------------------------------------------------------------
                          0.00    0.00   clock core_clk (rise edge)
                          0.00    0.00   clock source latency
                  1.64    1.13    1.13 ^ core_clk (in)
     1    0.20                           core_clk (net)
                  1.65    0.00    1.13 ^ clkbuf_0_core_clk/A (sky130_fd_sc_hd__clkbuf_16)
                  0.08    0.33    1.46 ^ clkbuf_0_core_clk/X (sky130_fd_sc_hd__clkbuf_16)
     2    0.02                           clknet_0_core_clk (net)
                  0.09    0.01    1.47 ^ clkbuf_1_0_0_core_clk/A (sky130_fd_sc_hd__clkbuf_4)
                  0.05    0.14    1.61 ^ clkbuf_1_0_0_core_clk/X (sky130_fd_sc_hd__clkbuf_4)
     1    0.01                           clknet_1_0_0_core_clk (net)
                  0.05    0.00    1.61 ^ clkbuf_1_0_1_core_clk/A (sky130_fd_sc_hd__clkbuf_4)
                  0.05    0.13    1.74 ^ clkbuf_1_0_1_core_clk/X (sky130_fd_sc_hd__clkbuf_4)
     1    0.01                           clknet_1_0_1_core_clk (net)
                  0.05    0.00    1.74 ^ clkbuf_1_0_2_core_clk/A (sky130_fd_sc_hd__clkbuf_4)
                  0.04    0.12    1.87 ^ clkbuf_1_0_2_core_clk/X (sky130_fd_sc_hd__clkbuf_4)
     1    0.01                           clknet_1_0_2_core_clk (net)
                  0.04    0.00    1.87 ^ clkbuf_1_0_3_core_clk/A (sky130_fd_sc_hd__clkbuf_4)
                  0.03    0.11    1.97 ^ clkbuf_1_0_3_core_clk/X (sky130_fd_sc_hd__clkbuf_4)
     1    0.00                           clknet_1_0_3_core_clk (net)
                  0.03    0.00    1.97 ^ clkbuf_1_0_4_core_clk/A (sky130_fd_sc_hd__clkbuf_4)
                  0.22    0.23    2.20 ^ clkbuf_1_0_4_core_clk/X (sky130_fd_sc_hd__clkbuf_4)
     2    0.07                           clknet_1_0_4_core_clk (net)
                  0.22    0.02    2.23 ^ clkbuf_2_1_0_core_clk/A (sky130_fd_sc_hd__clkbuf_4)
                  0.04    0.17    2.40 ^ clkbuf_2_1_0_core_clk/X (sky130_fd_sc_hd__clkbuf_4)
     1    0.01                           clknet_2_1_0_core_clk (net)
                  0.04    0.00    2.40 ^ clkbuf_2_1_1_core_clk/A (sky130_fd_sc_hd__clkbuf_4)
                  0.12    0.17    2.57 ^ clkbuf_2_1_1_core_clk/X (sky130_fd_sc_hd__clkbuf_4)
     2    0.04                           clknet_2_1_1_core_clk (net)
                  0.12    0.01    2.59 ^ clkbuf_3_2_0_core_clk/A (sky130_fd_sc_hd__clkbuf_4)
                  0.05    0.15    2.74 ^ clkbuf_3_2_0_core_clk/X (sky130_fd_sc_hd__clkbuf_4)
     1    0.01                           clknet_3_2_0_core_clk (net)
                  0.05    0.00    2.74 ^ clkbuf_3_2_1_core_clk/A (sky130_fd_sc_hd__clkbuf_4)
                  0.04    0.12    2.86 ^ clkbuf_3_2_1_core_clk/X (sky130_fd_sc_hd__clkbuf_4)
     1    0.01                           clknet_3_2_1_core_clk (net)
                  0.04    0.00    2.86 ^ clkbuf_3_2_2_core_clk/A (sky130_fd_sc_hd__clkbuf_4)
                  0.09    0.15    3.01 ^ clkbuf_3_2_2_core_clk/X (sky130_fd_sc_hd__clkbuf_4)
     2    0.03                           clknet_3_2_2_core_clk (net)
                  0.09    0.01    3.02 ^ clkbuf_4_5_0_core_clk/A (sky130_fd_sc_hd__clkbuf_4)
                  0.08    0.17    3.19 ^ clkbuf_4_5_0_core_clk/X (sky130_fd_sc_hd__clkbuf_4)
     2    0.02                           clknet_4_5_0_core_clk (net)
                  0.08    0.00    3.19 ^ clkbuf_5_11_0_core_clk/A (sky130_fd_sc_hd__clkbuf_4)
                  0.04    0.13    3.32 ^ clkbuf_5_11_0_core_clk/X (sky130_fd_sc_hd__clkbuf_4)
     1    0.01                           clknet_5_11_0_core_clk (net)
                  0.04    0.00    3.32 ^ clkbuf_5_11_1_core_clk/A (sky130_fd_sc_hd__clkbuf_4)
                  0.46    0.39    3.71 ^ clkbuf_5_11_1_core_clk/X (sky130_fd_sc_hd__clkbuf_4)
    11    0.16                           clknet_5_11_1_core_clk (net)
                  0.46    0.02    3.73 ^ clkbuf_leaf_19_core_clk/A (sky130_fd_sc_hd__clkbuf_16)
                  0.07    0.24    3.97 ^ clkbuf_leaf_19_core_clk/X (sky130_fd_sc_hd__clkbuf_16)
    10    0.05                           clknet_leaf_19_core_clk (net)
                  0.08    0.01    3.99 ^ _33104_/CLK (sky130_fd_sc_hd__dfxtp_1)
                  0.04    0.30    4.28 v _33104_/Q (sky130_fd_sc_hd__dfxtp_1)
     1    0.01                           mgmtsoc_master_rx_fifo_source_payload_data[19] (net)
                  0.04    0.00    4.29 v _15843_/A (sky130_fd_sc_hd__inv_2)
                  0.04    0.05    4.34 ^ _15843_/Y (sky130_fd_sc_hd__inv_2)
     2    0.01                           _06646_ (net)
                  0.04    0.00    4.34 ^ _18911_/B1 (sky130_fd_sc_hd__o22a_1)
                  0.05    0.12    4.46 ^ _18911_/X (sky130_fd_sc_hd__o22a_1)
     1    0.00                           _08620_ (net)
                  0.05    0.00    4.46 ^ _18912_/B (sky130_fd_sc_hd__nor2_1)
                  0.02    0.04    4.50 v _18912_/Y (sky130_fd_sc_hd__nor2_1)
     1    0.00                           _04815_ (net)
                  0.02    0.00    4.50 v _32143_/D (sky130_fd_sc_hd__dfxtp_1)
                                  4.50   data arrival time

                          0.00    0.00   clock core_clk (rise edge)
                          0.00    0.00   clock source latency
                  1.64    1.25    1.25 ^ core_clk (in)
     1    0.20                           core_clk (net)
                  1.65    0.00    1.25 ^ clkbuf_0_core_clk/A (sky130_fd_sc_hd__clkbuf_16)
                  0.08    0.36    1.61 ^ clkbuf_0_core_clk/X (sky130_fd_sc_hd__clkbuf_16)
     2    0.02                           clknet_0_core_clk (net)
                  0.09    0.01    1.63 ^ clkbuf_1_0_0_core_clk/A (sky130_fd_sc_hd__clkbuf_4)
                  0.05    0.15    1.78 ^ clkbuf_1_0_0_core_clk/X (sky130_fd_sc_hd__clkbuf_4)
     1    0.01                           clknet_1_0_0_core_clk (net)
                  0.05    0.00    1.78 ^ clkbuf_1_0_1_core_clk/A (sky130_fd_sc_hd__clkbuf_4)
                  0.05    0.14    1.92 ^ clkbuf_1_0_1_core_clk/X (sky130_fd_sc_hd__clkbuf_4)
     1    0.01                           clknet_1_0_1_core_clk (net)
                  0.05    0.00    1.93 ^ clkbuf_1_0_2_core_clk/A (sky130_fd_sc_hd__clkbuf_4)
                  0.04    0.14    2.06 ^ clkbuf_1_0_2_core_clk/X (sky130_fd_sc_hd__clkbuf_4)
     1    0.01                           clknet_1_0_2_core_clk (net)
                  0.04    0.00    2.06 ^ clkbuf_1_0_3_core_clk/A (sky130_fd_sc_hd__clkbuf_4)
                  0.03    0.12    2.18 ^ clkbuf_1_0_3_core_clk/X (sky130_fd_sc_hd__clkbuf_4)
     1    0.00                           clknet_1_0_3_core_clk (net)
                  0.03    0.00    2.18 ^ clkbuf_1_0_4_core_clk/A (sky130_fd_sc_hd__clkbuf_4)
                  0.22    0.25    2.43 ^ clkbuf_1_0_4_core_clk/X (sky130_fd_sc_hd__clkbuf_4)
     2    0.07                           clknet_1_0_4_core_clk (net)
                  0.22    0.03    2.46 ^ clkbuf_2_1_0_core_clk/A (sky130_fd_sc_hd__clkbuf_4)
                  0.04    0.19    2.65 ^ clkbuf_2_1_0_core_clk/X (sky130_fd_sc_hd__clkbuf_4)
     1    0.01                           clknet_2_1_0_core_clk (net)
                  0.04    0.00    2.66 ^ clkbuf_2_1_1_core_clk/A (sky130_fd_sc_hd__clkbuf_4)
                  0.12    0.19    2.84 ^ clkbuf_2_1_1_core_clk/X (sky130_fd_sc_hd__clkbuf_4)
     2    0.04                           clknet_2_1_1_core_clk (net)
                  0.12    0.02    2.86 ^ clkbuf_3_2_0_core_clk/A (sky130_fd_sc_hd__clkbuf_4)
                  0.05    0.17    3.03 ^ clkbuf_3_2_0_core_clk/X (sky130_fd_sc_hd__clkbuf_4)
     1    0.01                           clknet_3_2_0_core_clk (net)
                  0.05    0.00    3.03 ^ clkbuf_3_2_1_core_clk/A (sky130_fd_sc_hd__clkbuf_4)
                  0.04    0.13    3.16 ^ clkbuf_3_2_1_core_clk/X (sky130_fd_sc_hd__clkbuf_4)
     1    0.01                           clknet_3_2_1_core_clk (net)
                  0.04    0.00    3.16 ^ clkbuf_3_2_2_core_clk/A (sky130_fd_sc_hd__clkbuf_4)
                  0.09    0.17    3.33 ^ clkbuf_3_2_2_core_clk/X (sky130_fd_sc_hd__clkbuf_4)
     2    0.03                           clknet_3_2_2_core_clk (net)
                  0.09    0.01    3.34 ^ clkbuf_4_5_0_core_clk/A (sky130_fd_sc_hd__clkbuf_4)
                  0.08    0.19    3.52 ^ clkbuf_4_5_0_core_clk/X (sky130_fd_sc_hd__clkbuf_4)
     2    0.02                           clknet_4_5_0_core_clk (net)
                  0.08    0.01    3.53 ^ clkbuf_5_11_0_core_clk/A (sky130_fd_sc_hd__clkbuf_4)
                  0.04    0.14    3.67 ^ clkbuf_5_11_0_core_clk/X (sky130_fd_sc_hd__clkbuf_4)
     1    0.01                           clknet_5_11_0_core_clk (net)
                  0.04    0.00    3.67 ^ clkbuf_5_11_1_core_clk/A (sky130_fd_sc_hd__clkbuf_4)
                  0.46    0.43    4.10 ^ clkbuf_5_11_1_core_clk/X (sky130_fd_sc_hd__clkbuf_4)
    11    0.16                           clknet_5_11_1_core_clk (net)
                  0.46    0.03    4.13 ^ clkbuf_leaf_55_core_clk/A (sky130_fd_sc_hd__clkbuf_16)
                  0.08    0.26    4.39 ^ clkbuf_leaf_55_core_clk/X (sky130_fd_sc_hd__clkbuf_16)
    14    0.06                           clknet_leaf_55_core_clk (net)
                  0.10    0.03    4.42 ^ _32143_/CLK (sky130_fd_sc_hd__dfxtp_1)
                          0.25    4.67   clock uncertainty
                         -0.39    4.28   clock reconvergence pessimism
                         -0.03    4.24   library hold time
                                  4.24   data required time
-----------------------------------------------------------------------------
                                  4.24   data required time
                                 -4.50   data arrival time
-----------------------------------------------------------------------------
                                  0.25   slack (MET)


Startpoint: _30570_ (rising edge-triggered flip-flop clocked by core_clk)
Endpoint: _30538_ (rising edge-triggered flip-flop clocked by core_clk)
Path Group: core_clk
Path Type: min

Fanout     Cap    Slew   Delay    Time   Description
-----------------------------------------------------------------------------
                          0.00    0.00   clock core_clk (rise edge)
                          0.00    0.00   clock source latency
                  1.64    1.13    1.13 ^ core_clk (in)
     1    0.20                           core_clk (net)
                  1.65    0.00    1.13 ^ clkbuf_0_core_clk/A (sky130_fd_sc_hd__clkbuf_16)
                  0.08    0.33    1.46 ^ clkbuf_0_core_clk/X (sky130_fd_sc_hd__clkbuf_16)
     2    0.02                           clknet_0_core_clk (net)
                  0.09    0.01    1.47 ^ clkbuf_1_1_0_core_clk/A (sky130_fd_sc_hd__clkbuf_4)
                  0.05    0.14    1.61 ^ clkbuf_1_1_0_core_clk/X (sky130_fd_sc_hd__clkbuf_4)
     1    0.01                           clknet_1_1_0_core_clk (net)
                  0.05    0.00    1.62 ^ clkbuf_1_1_1_core_clk/A (sky130_fd_sc_hd__clkbuf_4)
                  0.05    0.13    1.74 ^ clkbuf_1_1_1_core_clk/X (sky130_fd_sc_hd__clkbuf_4)
     1    0.01                           clknet_1_1_1_core_clk (net)
                  0.05    0.00    1.75 ^ clkbuf_1_1_2_core_clk/A (sky130_fd_sc_hd__clkbuf_4)
                  0.05    0.13    1.87 ^ clkbuf_1_1_2_core_clk/X (sky130_fd_sc_hd__clkbuf_4)
     1    0.01                           clknet_1_1_2_core_clk (net)
                  0.05    0.00    1.88 ^ clkbuf_1_1_3_core_clk/A (sky130_fd_sc_hd__clkbuf_4)
                  0.05    0.13    2.01 ^ clkbuf_1_1_3_core_clk/X (sky130_fd_sc_hd__clkbuf_4)
     1    0.01                           clknet_1_1_3_core_clk (net)
                  0.05    0.00    2.01 ^ clkbuf_1_1_4_core_clk/A (sky130_fd_sc_hd__clkbuf_4)
                  0.16    0.19    2.20 ^ clkbuf_1_1_4_core_clk/X (sky130_fd_sc_hd__clkbuf_4)
     2    0.05                           clknet_1_1_4_core_clk (net)
                  0.17    0.02    2.22 ^ clkbuf_2_2_0_core_clk/A (sky130_fd_sc_hd__clkbuf_4)
                  0.05    0.17    2.39 ^ clkbuf_2_2_0_core_clk/X (sky130_fd_sc_hd__clkbuf_4)
     1    0.01                           clknet_2_2_0_core_clk (net)
                  0.05    0.00    2.39 ^ clkbuf_2_2_1_core_clk/A (sky130_fd_sc_hd__clkbuf_4)
                  0.13    0.18    2.57 ^ clkbuf_2_2_1_core_clk/X (sky130_fd_sc_hd__clkbuf_4)
     2    0.04                           clknet_2_2_1_core_clk (net)
                  0.14    0.01    2.59 ^ clkbuf_3_4_0_core_clk/A (sky130_fd_sc_hd__clkbuf_4)
                  0.05    0.16    2.75 ^ clkbuf_3_4_0_core_clk/X (sky130_fd_sc_hd__clkbuf_4)
     1    0.01                           clknet_3_4_0_core_clk (net)
                  0.05    0.00    2.75 ^ clkbuf_3_4_1_core_clk/A (sky130_fd_sc_hd__clkbuf_4)
                  0.04    0.12    2.87 ^ clkbuf_3_4_1_core_clk/X (sky130_fd_sc_hd__clkbuf_4)
     1    0.01                           clknet_3_4_1_core_clk (net)
                  0.04    0.00    2.87 ^ clkbuf_3_4_2_core_clk/A (sky130_fd_sc_hd__clkbuf_4)
                  0.12    0.17    3.04 ^ clkbuf_3_4_2_core_clk/X (sky130_fd_sc_hd__clkbuf_4)
     2    0.04                           clknet_3_4_2_core_clk (net)
                  0.13    0.01    3.05 ^ clkbuf_4_9_0_core_clk/A (sky130_fd_sc_hd__clkbuf_4)
                  0.09    0.18    3.23 ^ clkbuf_4_9_0_core_clk/X (sky130_fd_sc_hd__clkbuf_4)
     2    0.02                           clknet_4_9_0_core_clk (net)
                  0.09    0.01    3.24 ^ clkbuf_5_18_0_core_clk/A (sky130_fd_sc_hd__clkbuf_4)
                  0.04    0.13    3.38 ^ clkbuf_5_18_0_core_clk/X (sky130_fd_sc_hd__clkbuf_4)
     1    0.01                           clknet_5_18_0_core_clk (net)
                  0.04    0.00    3.38 ^ clkbuf_5_18_1_core_clk/A (sky130_fd_sc_hd__clkbuf_4)
                  0.64    0.44    3.82 ^ clkbuf_5_18_1_core_clk/X (sky130_fd_sc_hd__clkbuf_4)
    15    0.21                           clknet_5_18_1_core_clk (net)
                  0.66    0.09    3.91 ^ clkbuf_leaf_351_core_clk/A (sky130_fd_sc_hd__clkbuf_16)
                  0.08    0.27    4.18 ^ clkbuf_leaf_351_core_clk/X (sky130_fd_sc_hd__clkbuf_16)
    11    0.05                           clknet_leaf_351_core_clk (net)
                  0.09    0.02    4.20 ^ _30570_/CLK (sky130_fd_sc_hd__dfxtp_1)
                  0.08    0.33    4.53 ^ _30570_/Q (sky130_fd_sc_hd__dfxtp_1)
     2    0.01                           VexRiscv.CsrPlugin_exceptionPortCtrl_exceptionContext_badAddr[9] (net)
                  0.08    0.00    4.53 ^ _23949_/A1 (sky130_fd_sc_hd__mux2_1)
                  0.04    0.13    4.65 ^ _23949_/X (sky130_fd_sc_hd__mux2_1)
     1    0.00                           _11874_ (net)
                  0.04    0.00    4.66 ^ _23950_/A (sky130_fd_sc_hd__clkbuf_1)
                  0.04    0.07    4.73 ^ _23950_/X (sky130_fd_sc_hd__clkbuf_1)
     1    0.00                           _03210_ (net)
                  0.04    0.00    4.73 ^ _30538_/D (sky130_fd_sc_hd__dfxtp_2)
                                  4.73   data arrival time

                          0.00    0.00   clock core_clk (rise edge)
                          0.00    0.00   clock source latency
                  1.64    1.25    1.25 ^ core_clk (in)
     1    0.20                           core_clk (net)
                  1.65    0.00    1.25 ^ clkbuf_0_core_clk/A (sky130_fd_sc_hd__clkbuf_16)
                  0.08    0.36    1.61 ^ clkbuf_0_core_clk/X (sky130_fd_sc_hd__clkbuf_16)
     2    0.02                           clknet_0_core_clk (net)
                  0.09    0.01    1.63 ^ clkbuf_1_1_0_core_clk/A (sky130_fd_sc_hd__clkbuf_4)
                  0.05    0.16    1.78 ^ clkbuf_1_1_0_core_clk/X (sky130_fd_sc_hd__clkbuf_4)
     1    0.01                           clknet_1_1_0_core_clk (net)
                  0.05    0.00    1.79 ^ clkbuf_1_1_1_core_clk/A (sky130_fd_sc_hd__clkbuf_4)
                  0.05    0.14    1.93 ^ clkbuf_1_1_1_core_clk/X (sky130_fd_sc_hd__clkbuf_4)
     1    0.01                           clknet_1_1_1_core_clk (net)
                  0.05    0.00    1.93 ^ clkbuf_1_1_2_core_clk/A (sky130_fd_sc_hd__clkbuf_4)
                  0.05    0.14    2.07 ^ clkbuf_1_1_2_core_clk/X (sky130_fd_sc_hd__clkbuf_4)
     1    0.01                           clknet_1_1_2_core_clk (net)
                  0.05    0.01    2.08 ^ clkbuf_1_1_3_core_clk/A (sky130_fd_sc_hd__clkbuf_4)
                  0.05    0.14    2.22 ^ clkbuf_1_1_3_core_clk/X (sky130_fd_sc_hd__clkbuf_4)
     1    0.01                           clknet_1_1_3_core_clk (net)
                  0.05    0.00    2.22 ^ clkbuf_1_1_4_core_clk/A (sky130_fd_sc_hd__clkbuf_4)
                  0.16    0.21    2.43 ^ clkbuf_1_1_4_core_clk/X (sky130_fd_sc_hd__clkbuf_4)
     2    0.05                           clknet_1_1_4_core_clk (net)
                  0.17    0.03    2.46 ^ clkbuf_2_2_0_core_clk/A (sky130_fd_sc_hd__clkbuf_4)
                  0.05    0.18    2.64 ^ clkbuf_2_2_0_core_clk/X (sky130_fd_sc_hd__clkbuf_4)
     1    0.01                           clknet_2_2_0_core_clk (net)
                  0.05    0.00    2.65 ^ clkbuf_2_2_1_core_clk/A (sky130_fd_sc_hd__clkbuf_4)
                  0.13    0.20    2.84 ^ clkbuf_2_2_1_core_clk/X (sky130_fd_sc_hd__clkbuf_4)
     2    0.04                           clknet_2_2_1_core_clk (net)
                  0.14    0.02    2.86 ^ clkbuf_3_4_0_core_clk/A (sky130_fd_sc_hd__clkbuf_4)
                  0.05    0.17    3.03 ^ clkbuf_3_4_0_core_clk/X (sky130_fd_sc_hd__clkbuf_4)
     1    0.01                           clknet_3_4_0_core_clk (net)
                  0.05    0.00    3.04 ^ clkbuf_3_4_1_core_clk/A (sky130_fd_sc_hd__clkbuf_4)
                  0.04    0.13    3.17 ^ clkbuf_3_4_1_core_clk/X (sky130_fd_sc_hd__clkbuf_4)
     1    0.01                           clknet_3_4_1_core_clk (net)
                  0.04    0.00    3.17 ^ clkbuf_3_4_2_core_clk/A (sky130_fd_sc_hd__clkbuf_4)
                  0.12    0.19    3.36 ^ clkbuf_3_4_2_core_clk/X (sky130_fd_sc_hd__clkbuf_4)
     2    0.04                           clknet_3_4_2_core_clk (net)
                  0.13    0.01    3.38 ^ clkbuf_4_9_0_core_clk/A (sky130_fd_sc_hd__clkbuf_4)
                  0.09    0.20    3.57 ^ clkbuf_4_9_0_core_clk/X (sky130_fd_sc_hd__clkbuf_4)
     2    0.02                           clknet_4_9_0_core_clk (net)
                  0.09    0.01    3.59 ^ clkbuf_5_18_0_core_clk/A (sky130_fd_sc_hd__clkbuf_4)
                  0.04    0.15    3.73 ^ clkbuf_5_18_0_core_clk/X (sky130_fd_sc_hd__clkbuf_4)
     1    0.01                           clknet_5_18_0_core_clk (net)
                  0.04    0.00    3.73 ^ clkbuf_5_18_1_core_clk/A (sky130_fd_sc_hd__clkbuf_4)
                  0.64    0.49    4.22 ^ clkbuf_5_18_1_core_clk/X (sky130_fd_sc_hd__clkbuf_4)
    15    0.21                           clknet_5_18_1_core_clk (net)
                  0.66    0.10    4.32 ^ clkbuf_leaf_352_core_clk/A (sky130_fd_sc_hd__clkbuf_16)
                  0.08    0.30    4.62 ^ clkbuf_leaf_352_core_clk/X (sky130_fd_sc_hd__clkbuf_16)
    12    0.05                           clknet_leaf_352_core_clk (net)
                  0.09    0.02    4.65 ^ _30538_/CLK (sky130_fd_sc_hd__dfxtp_2)
                          0.25    4.90   clock uncertainty
                         -0.40    4.50   clock reconvergence pessimism
                         -0.02    4.47   library hold time
                                  4.47   data required time
-----------------------------------------------------------------------------
                                  4.47   data required time
                                 -4.73   data arrival time
-----------------------------------------------------------------------------
                                  0.26   slack (MET)


Startpoint: _33261_ (rising edge-triggered flip-flop clocked by core_clk)
Endpoint: _33261_ (rising edge-triggered flip-flop clocked by core_clk)
Path Group: core_clk
Path Type: min

Fanout     Cap    Slew   Delay    Time   Description
-----------------------------------------------------------------------------
                          0.00    0.00   clock core_clk (rise edge)
                          0.00    0.00   clock source latency
                  1.64    1.13    1.13 ^ core_clk (in)
     1    0.20                           core_clk (net)
                  1.65    0.00    1.13 ^ clkbuf_0_core_clk/A (sky130_fd_sc_hd__clkbuf_16)
                  0.08    0.33    1.46 ^ clkbuf_0_core_clk/X (sky130_fd_sc_hd__clkbuf_16)
     2    0.02                           clknet_0_core_clk (net)
                  0.09    0.01    1.47 ^ clkbuf_1_0_0_core_clk/A (sky130_fd_sc_hd__clkbuf_4)
                  0.05    0.14    1.61 ^ clkbuf_1_0_0_core_clk/X (sky130_fd_sc_hd__clkbuf_4)
     1    0.01                           clknet_1_0_0_core_clk (net)
                  0.05    0.00    1.61 ^ clkbuf_1_0_1_core_clk/A (sky130_fd_sc_hd__clkbuf_4)
                  0.05    0.13    1.74 ^ clkbuf_1_0_1_core_clk/X (sky130_fd_sc_hd__clkbuf_4)
     1    0.01                           clknet_1_0_1_core_clk (net)
                  0.05    0.00    1.74 ^ clkbuf_1_0_2_core_clk/A (sky130_fd_sc_hd__clkbuf_4)
                  0.04    0.12    1.87 ^ clkbuf_1_0_2_core_clk/X (sky130_fd_sc_hd__clkbuf_4)
     1    0.01                           clknet_1_0_2_core_clk (net)
                  0.04    0.00    1.87 ^ clkbuf_1_0_3_core_clk/A (sky130_fd_sc_hd__clkbuf_4)
                  0.03    0.11    1.97 ^ clkbuf_1_0_3_core_clk/X (sky130_fd_sc_hd__clkbuf_4)
     1    0.00                           clknet_1_0_3_core_clk (net)
                  0.03    0.00    1.97 ^ clkbuf_1_0_4_core_clk/A (sky130_fd_sc_hd__clkbuf_4)
                  0.22    0.23    2.20 ^ clkbuf_1_0_4_core_clk/X (sky130_fd_sc_hd__clkbuf_4)
     2    0.07                           clknet_1_0_4_core_clk (net)
                  0.22    0.02    2.23 ^ clkbuf_2_0_0_core_clk/A (sky130_fd_sc_hd__clkbuf_4)
                  0.03    0.17    2.39 ^ clkbuf_2_0_0_core_clk/X (sky130_fd_sc_hd__clkbuf_4)
     1    0.00                           clknet_2_0_0_core_clk (net)
                  0.03    0.00    2.39 ^ clkbuf_2_0_1_core_clk/A (sky130_fd_sc_hd__clkbuf_4)
                  0.37    0.29    2.68 ^ clkbuf_2_0_1_core_clk/X (sky130_fd_sc_hd__clkbuf_4)
     2    0.12                           clknet_2_0_1_core_clk (net)
                  0.39    0.07    2.75 ^ clkbuf_3_1_0_core_clk/A (sky130_fd_sc_hd__clkbuf_4)
                  0.04    0.20    2.95 ^ clkbuf_3_1_0_core_clk/X (sky130_fd_sc_hd__clkbuf_4)
     1    0.00                           clknet_3_1_0_core_clk (net)
                  0.04    0.00    2.95 ^ clkbuf_3_1_1_core_clk/A (sky130_fd_sc_hd__clkbuf_4)
                  0.03    0.11    3.06 ^ clkbuf_3_1_1_core_clk/X (sky130_fd_sc_hd__clkbuf_4)
     1    0.00                           clknet_3_1_1_core_clk (net)
                  0.03    0.00    3.06 ^ clkbuf_3_1_2_core_clk/A (sky130_fd_sc_hd__clkbuf_4)
                  0.09    0.15    3.22 ^ clkbuf_3_1_2_core_clk/X (sky130_fd_sc_hd__clkbuf_4)
     2    0.03                           clknet_3_1_2_core_clk (net)
                  0.09    0.01    3.22 ^ clkbuf_4_3_0_core_clk/A (sky130_fd_sc_hd__clkbuf_4)
                  0.08    0.17    3.39 ^ clkbuf_4_3_0_core_clk/X (sky130_fd_sc_hd__clkbuf_4)
     2    0.02                           clknet_4_3_0_core_clk (net)
                  0.08    0.01    3.40 ^ clkbuf_5_7_0_core_clk/A (sky130_fd_sc_hd__clkbuf_4)
                  0.04    0.13    3.53 ^ clkbuf_5_7_0_core_clk/X (sky130_fd_sc_hd__clkbuf_4)
     1    0.01                           clknet_5_7_0_core_clk (net)
                  0.04    0.00    3.53 ^ clkbuf_5_7_1_core_clk/A (sky130_fd_sc_hd__clkbuf_4)
                  0.55    0.40    3.93 ^ clkbuf_5_7_1_core_clk/X (sky130_fd_sc_hd__clkbuf_4)
    13    0.18                           clknet_5_7_1_core_clk (net)
                  0.57    0.08    4.01 ^ clkbuf_leaf_362_core_clk/A (sky130_fd_sc_hd__clkbuf_16)
                  0.07    0.25    4.26 ^ clkbuf_leaf_362_core_clk/X (sky130_fd_sc_hd__clkbuf_16)
     7    0.04                           clknet_leaf_362_core_clk (net)
                  0.07    0.01    4.27 ^ _33261_/CLK (sky130_fd_sc_hd__dfxtp_1)
                  0.10    0.33    4.60 ^ _33261_/Q (sky130_fd_sc_hd__dfxtp_1)
     3    0.01                           VexRiscv.IBusSimplePlugin_injectionPort_payload[20] (net)
                  0.10    0.00    4.60 ^ _15173_/A1 (sky130_fd_sc_hd__o211a_1)
                  0.04    0.14    4.75 ^ _15173_/X (sky130_fd_sc_hd__o211a_1)
     1    0.00                           _05933_ (net)
                  0.04    0.00    4.75 ^ _33261_/D (sky130_fd_sc_hd__dfxtp_1)
                                  4.75   data arrival time

                          0.00    0.00   clock core_clk (rise edge)
                          0.00    0.00   clock source latency
                  1.64    1.25    1.25 ^ core_clk (in)
     1    0.20                           core_clk (net)
                  1.65    0.00    1.25 ^ clkbuf_0_core_clk/A (sky130_fd_sc_hd__clkbuf_16)
                  0.08    0.36    1.61 ^ clkbuf_0_core_clk/X (sky130_fd_sc_hd__clkbuf_16)
     2    0.02                           clknet_0_core_clk (net)
                  0.09    0.01    1.63 ^ clkbuf_1_0_0_core_clk/A (sky130_fd_sc_hd__clkbuf_4)
                  0.05    0.15    1.78 ^ clkbuf_1_0_0_core_clk/X (sky130_fd_sc_hd__clkbuf_4)
     1    0.01                           clknet_1_0_0_core_clk (net)
                  0.05    0.00    1.78 ^ clkbuf_1_0_1_core_clk/A (sky130_fd_sc_hd__clkbuf_4)
                  0.05    0.14    1.92 ^ clkbuf_1_0_1_core_clk/X (sky130_fd_sc_hd__clkbuf_4)
     1    0.01                           clknet_1_0_1_core_clk (net)
                  0.05    0.00    1.93 ^ clkbuf_1_0_2_core_clk/A (sky130_fd_sc_hd__clkbuf_4)
                  0.04    0.14    2.06 ^ clkbuf_1_0_2_core_clk/X (sky130_fd_sc_hd__clkbuf_4)
     1    0.01                           clknet_1_0_2_core_clk (net)
                  0.04    0.00    2.06 ^ clkbuf_1_0_3_core_clk/A (sky130_fd_sc_hd__clkbuf_4)
                  0.03    0.12    2.18 ^ clkbuf_1_0_3_core_clk/X (sky130_fd_sc_hd__clkbuf_4)
     1    0.00                           clknet_1_0_3_core_clk (net)
                  0.03    0.00    2.18 ^ clkbuf_1_0_4_core_clk/A (sky130_fd_sc_hd__clkbuf_4)
                  0.22    0.25    2.43 ^ clkbuf_1_0_4_core_clk/X (sky130_fd_sc_hd__clkbuf_4)
     2    0.07                           clknet_1_0_4_core_clk (net)
                  0.22    0.03    2.46 ^ clkbuf_2_0_0_core_clk/A (sky130_fd_sc_hd__clkbuf_4)
                  0.03    0.18    2.64 ^ clkbuf_2_0_0_core_clk/X (sky130_fd_sc_hd__clkbuf_4)
     1    0.00                           clknet_2_0_0_core_clk (net)
                  0.03    0.00    2.65 ^ clkbuf_2_0_1_core_clk/A (sky130_fd_sc_hd__clkbuf_4)
                  0.37    0.32    2.97 ^ clkbuf_2_0_1_core_clk/X (sky130_fd_sc_hd__clkbuf_4)
     2    0.12                           clknet_2_0_1_core_clk (net)
                  0.39    0.07    3.04 ^ clkbuf_3_1_0_core_clk/A (sky130_fd_sc_hd__clkbuf_4)
                  0.04    0.22    3.26 ^ clkbuf_3_1_0_core_clk/X (sky130_fd_sc_hd__clkbuf_4)
     1    0.00                           clknet_3_1_0_core_clk (net)
                  0.04    0.00    3.26 ^ clkbuf_3_1_1_core_clk/A (sky130_fd_sc_hd__clkbuf_4)
                  0.03    0.12    3.38 ^ clkbuf_3_1_1_core_clk/X (sky130_fd_sc_hd__clkbuf_4)
     1    0.00                           clknet_3_1_1_core_clk (net)
                  0.03    0.00    3.39 ^ clkbuf_3_1_2_core_clk/A (sky130_fd_sc_hd__clkbuf_4)
                  0.09    0.17    3.55 ^ clkbuf_3_1_2_core_clk/X (sky130_fd_sc_hd__clkbuf_4)
     2    0.03                           clknet_3_1_2_core_clk (net)
                  0.09    0.01    3.56 ^ clkbuf_4_3_0_core_clk/A (sky130_fd_sc_hd__clkbuf_4)
                  0.08    0.18    3.75 ^ clkbuf_4_3_0_core_clk/X (sky130_fd_sc_hd__clkbuf_4)
     2    0.02                           clknet_4_3_0_core_clk (net)
                  0.08    0.01    3.76 ^ clkbuf_5_7_0_core_clk/A (sky130_fd_sc_hd__clkbuf_4)
                  0.04    0.15    3.90 ^ clkbuf_5_7_0_core_clk/X (sky130_fd_sc_hd__clkbuf_4)
     1    0.01                           clknet_5_7_0_core_clk (net)
                  0.04    0.00    3.91 ^ clkbuf_5_7_1_core_clk/A (sky130_fd_sc_hd__clkbuf_4)
                  0.55    0.44    4.35 ^ clkbuf_5_7_1_core_clk/X (sky130_fd_sc_hd__clkbuf_4)
    13    0.18                           clknet_5_7_1_core_clk (net)
                  0.57    0.09    4.43 ^ clkbuf_leaf_362_core_clk/A (sky130_fd_sc_hd__clkbuf_16)
                  0.07    0.28    4.71 ^ clkbuf_leaf_362_core_clk/X (sky130_fd_sc_hd__clkbuf_16)
     7    0.04                           clknet_leaf_362_core_clk (net)
                  0.07    0.01    4.72 ^ _33261_/CLK (sky130_fd_sc_hd__dfxtp_1)
                          0.25    4.97   clock uncertainty
                         -0.45    4.52   clock reconvergence pessimism
                         -0.03    4.49   library hold time
                                  4.49   data required time
-----------------------------------------------------------------------------
                                  4.49   data required time
                                 -4.75   data arrival time
-----------------------------------------------------------------------------
                                  0.26   slack (MET)


