
===========================================================================
 report_check_types -max_slew -max_cap -max_fanout -violators
============================================================================
max slew

Pin                                    Limit    Slew   Slack
------------------------------------------------------------
sky130_sram_2kbyte_1rw1r_32x512_8/wmask0[2]    0.04    0.28   -0.24 (VIOLATED)
sky130_sram_2kbyte_1rw1r_32x512_8/wmask0[3]    0.04    0.27   -0.23 (VIOLATED)
sky130_sram_2kbyte_1rw1r_32x512_8/addr0[6]    0.04    0.21   -0.17 (VIOLATED)
sky130_sram_2kbyte_1rw1r_32x512_8/addr0[7]    0.04    0.19   -0.15 (VIOLATED)
clkbuf_0_core_clk/A                     1.50    1.65   -0.15 (VIOLATED)
sky130_sram_2kbyte_1rw1r_32x512_8/addr0[1]    0.04    0.19   -0.15 (VIOLATED)
sky130_sram_2kbyte_1rw1r_32x512_8/wmask0[0]    0.04    0.19   -0.15 (VIOLATED)
sky130_sram_2kbyte_1rw1r_32x512_8/wmask0[1]    0.04    0.19   -0.15 (VIOLATED)
sky130_sram_2kbyte_1rw1r_32x512_8/addr0[0]    0.04    0.19   -0.15 (VIOLATED)
sky130_sram_2kbyte_1rw1r_32x512_8/addr0[3]    0.04    0.18   -0.14 (VIOLATED)
core_clk                                1.50    1.64   -0.14 (VIOLATED)
sky130_sram_2kbyte_1rw1r_32x512_8/addr0[8]    0.04    0.18   -0.14 (VIOLATED)
sky130_sram_2kbyte_1rw1r_32x512_8/addr0[4]    0.04    0.17   -0.13 (VIOLATED)
_28993_/S1                              1.50    1.58   -0.08 (VIOLATED)
_29033_/S1                              1.50    1.58   -0.08 (VIOLATED)
_28988_/S1                              1.50    1.58   -0.08 (VIOLATED)
_29263_/S1                              1.50    1.58   -0.08 (VIOLATED)
_29028_/S1                              1.50    1.58   -0.08 (VIOLATED)
_29273_/S1                              1.50    1.58   -0.08 (VIOLATED)
_29288_/S1                              1.50    1.58   -0.08 (VIOLATED)
_29283_/S1                              1.50    1.58   -0.08 (VIOLATED)
_29268_/S1                              1.50    1.58   -0.08 (VIOLATED)
_29278_/S1                              1.50    1.58   -0.08 (VIOLATED)
_29258_/S1                              1.50    1.58   -0.08 (VIOLATED)
_29293_/S1                              1.50    1.58   -0.08 (VIOLATED)
_29013_/S1                              1.50    1.57   -0.07 (VIOLATED)
_29008_/S1                              1.50    1.57   -0.07 (VIOLATED)
sky130_sram_2kbyte_1rw1r_32x512_8/addr0[2]    0.04    0.10   -0.06 (VIOLATED)
_28998_/S1                              1.50    1.56   -0.06 (VIOLATED)
_29003_/S1                              1.50    1.56   -0.06 (VIOLATED)
_29233_/S1                              1.50    1.56   -0.06 (VIOLATED)
sky130_sram_2kbyte_1rw1r_32x512_8/addr0[5]    0.04    0.09   -0.05 (VIOLATED)
_29303_/S1                              1.50    1.55   -0.05 (VIOLATED)
_29298_/S1                              1.50    1.54   -0.04 (VIOLATED)
_29228_/S1                              1.50    1.53   -0.03 (VIOLATED)
_29218_/S1                              1.50    1.53   -0.03 (VIOLATED)
_29178_/S1                              1.50    1.53   -0.03 (VIOLATED)
_29168_/S1                              1.50    1.53   -0.03 (VIOLATED)
_21372_/S                               1.50    1.53   -0.03 (VIOLATED)
_29223_/S1                              1.50    1.53   -0.03 (VIOLATED)
_21380_/S                               1.50    1.53   -0.03 (VIOLATED)
_21378_/S                               1.50    1.53   -0.03 (VIOLATED)
_21376_/S                               1.50    1.53   -0.03 (VIOLATED)
_21368_/S                               1.50    1.52   -0.02 (VIOLATED)
_21374_/S                               1.50    1.52   -0.02 (VIOLATED)
_29173_/S1                              1.50    1.52   -0.02 (VIOLATED)
_21370_/S                               1.50    1.52   -0.02 (VIOLATED)
_21305_/S                               1.50    1.52   -0.02 (VIOLATED)
_21321_/S                               1.50    1.52   -0.02 (VIOLATED)
_21319_/S                               1.50    1.52   -0.02 (VIOLATED)
_21303_/S                               1.50    1.52   -0.02 (VIOLATED)
_21382_/S                               1.50    1.52   -0.02 (VIOLATED)
_21353_/S                               1.50    1.52   -0.02 (VIOLATED)
_21327_/S                               1.50    1.52   -0.02 (VIOLATED)
_21351_/S                               1.50    1.52   -0.02 (VIOLATED)
_21317_/S                               1.50    1.52   -0.02 (VIOLATED)
_21384_/S                               1.50    1.52   -0.02 (VIOLATED)
_21337_/S                               1.50    1.52   -0.02 (VIOLATED)
_21364_/S                               1.50    1.52   -0.02 (VIOLATED)
_21366_/S                               1.50    1.52   -0.02 (VIOLATED)
_21335_/S                               1.50    1.52   -0.02 (VIOLATED)
_21343_/S                               1.50    1.52   -0.02 (VIOLATED)
_21349_/S                               1.50    1.52   -0.02 (VIOLATED)
_21362_/S                               1.50    1.52   -0.02 (VIOLATED)
_21333_/S                               1.50    1.52   -0.02 (VIOLATED)
_21301_/S                               1.50    1.52   -0.02 (VIOLATED)
_21360_/S                               1.50    1.52   -0.02 (VIOLATED)
_21299_/S                               1.50    1.52   -0.02 (VIOLATED)
_21315_/S                               1.50    1.52   -0.02 (VIOLATED)
_21386_/S                               1.50    1.52   -0.02 (VIOLATED)
_21347_/S                               1.50    1.52   -0.02 (VIOLATED)
_21331_/S                               1.50    1.52   -0.02 (VIOLATED)
_21388_/S                               1.50    1.52   -0.02 (VIOLATED)
_21313_/S                               1.50    1.52   -0.02 (VIOLATED)
_21357_/S                               1.50    1.52   -0.02 (VIOLATED)
_21390_/S                               1.50    1.52   -0.02 (VIOLATED)
_21311_/S                               1.50    1.52   -0.02 (VIOLATED)
_21323_/S                               1.50    1.52   -0.02 (VIOLATED)
_21325_/S                               1.50    1.52   -0.02 (VIOLATED)
_21329_/S                               1.50    1.52   -0.02 (VIOLATED)
_21295_/S                               1.50    1.52   -0.02 (VIOLATED)
_21345_/S                               1.50    1.52   -0.02 (VIOLATED)
_21297_/S                               1.50    1.52   -0.02 (VIOLATED)
_21339_/S                               1.50    1.52   -0.02 (VIOLATED)
_21396_/S                               1.50    1.52   -0.02 (VIOLATED)
_21341_/S                               1.50    1.52   -0.02 (VIOLATED)
_21355_/S                               1.50    1.52   -0.02 (VIOLATED)
_29053_/S1                              1.50    1.52   -0.02 (VIOLATED)
_29018_/S1                              1.50    1.52   -0.02 (VIOLATED)
_29023_/S1                              1.50    1.51   -0.01 (VIOLATED)
_29248_/S1                              1.50    1.51   -0.01 (VIOLATED)
_21309_/S                               1.50    1.51   -0.01 (VIOLATED)
_29193_/S1                              1.50    1.51   -0.01 (VIOLATED)
_21394_/S                               1.50    1.51   -0.01 (VIOLATED)
_29048_/S1                              1.50    1.51   -0.01 (VIOLATED)
_21402_/S                               1.50    1.51   -0.01 (VIOLATED)
_29243_/S1                              1.50    1.51   -0.01 (VIOLATED)
_21392_/S                               1.50    1.51   -0.01 (VIOLATED)
_21307_/S                               1.50    1.51   -0.01 (VIOLATED)
_21398_/S                               1.50    1.51   -0.01 (VIOLATED)
_29253_/S1                              1.50    1.51   -0.01 (VIOLATED)
_29183_/S1                              1.50    1.51   -0.01 (VIOLATED)
_21408_/S                               1.50    1.50   -0.00 (VIOLATED)
_21412_/S                               1.50    1.50   -0.00 (VIOLATED)
_21410_/S                               1.50    1.50   -0.00 (VIOLATED)
_29188_/S1                              1.50    1.50   -0.00 (VIOLATED)
_21418_/S                               1.50    1.50   -0.00 (VIOLATED)
_21406_/S                               1.50    1.50   -0.00 (VIOLATED)
_21414_/S                               1.50    1.50   -0.00 (VIOLATED)

max capacitance

Pin                                    Limit     Cap   Slack
------------------------------------------------------------
core_clk                                0.18    0.20   -0.02 (VIOLATED)


===========================================================================
max slew violation count 109
max fanout violation count 0
max cap violation count 1
============================================================================
