
===========================================================================
report_checks -path_delay max (Setup)
============================================================================
Startpoint: sky130_sram_2kbyte_1rw1r_32x512_8
            (falling edge-triggered flip-flop clocked by core_clk)
Endpoint: _29632_ (rising edge-triggered flip-flop clocked by core_clk)
Path Group: core_clk
Path Type: max

Fanout     Cap    Slew   Delay    Time   Description
-----------------------------------------------------------------------------
                         15.00   15.00   clock core_clk (fall edge)
                          0.00   15.00   clock source latency
                  0.91    0.72   15.72 v core_clk (in)
     2    0.20                           core_clk (net)
                  0.92    0.00   15.72 v clkbuf_0_core_clk/A (sky130_fd_sc_hd__clkbuf_16)
                  0.06    0.48   16.20 v clkbuf_0_core_clk/X (sky130_fd_sc_hd__clkbuf_16)
     4    0.02                           clknet_0_core_clk (net)
                  0.06    0.01   16.22 v clkbuf_1_0_0_core_clk/A (sky130_fd_sc_hd__clkbuf_4)
                  0.04    0.16   16.37 v clkbuf_1_0_0_core_clk/X (sky130_fd_sc_hd__clkbuf_4)
     1    0.01                           clknet_1_0_0_core_clk (net)
                  0.04    0.00   16.37 v clkbuf_1_0_1_core_clk/A (sky130_fd_sc_hd__clkbuf_4)
                  0.04    0.14   16.52 v clkbuf_1_0_1_core_clk/X (sky130_fd_sc_hd__clkbuf_4)
     1    0.01                           clknet_1_0_1_core_clk (net)
                  0.04    0.00   16.52 v clkbuf_1_0_2_core_clk/A (sky130_fd_sc_hd__clkbuf_4)
                  0.04    0.14   16.67 v clkbuf_1_0_2_core_clk/X (sky130_fd_sc_hd__clkbuf_4)
     1    0.01                           clknet_1_0_2_core_clk (net)
                  0.04    0.00   16.67 v clkbuf_1_0_3_core_clk/A (sky130_fd_sc_hd__clkbuf_4)
                  0.03    0.13   16.79 v clkbuf_1_0_3_core_clk/X (sky130_fd_sc_hd__clkbuf_4)
     1    0.00                           clknet_1_0_3_core_clk (net)
                  0.03    0.00   16.79 v clkbuf_1_0_4_core_clk/A (sky130_fd_sc_hd__clkbuf_4)
                  0.15    0.22   17.02 v clkbuf_1_0_4_core_clk/X (sky130_fd_sc_hd__clkbuf_4)
     4    0.07                           clknet_1_0_4_core_clk (net)
                  0.15    0.03   17.04 v clkbuf_2_1_0_core_clk/A (sky130_fd_sc_hd__clkbuf_4)
                  0.03    0.19   17.23 v clkbuf_2_1_0_core_clk/X (sky130_fd_sc_hd__clkbuf_4)
     1    0.01                           clknet_2_1_0_core_clk (net)
                  0.03    0.00   17.24 v clkbuf_2_1_1_core_clk/A (sky130_fd_sc_hd__clkbuf_4)
                  0.09    0.18   17.42 v clkbuf_2_1_1_core_clk/X (sky130_fd_sc_hd__clkbuf_4)
     4    0.04                           clknet_2_1_1_core_clk (net)
                  0.10    0.02   17.43 v clkbuf_3_2_0_core_clk/A (sky130_fd_sc_hd__clkbuf_4)
                  0.04    0.17   17.61 v clkbuf_3_2_0_core_clk/X (sky130_fd_sc_hd__clkbuf_4)
     1    0.01                           clknet_3_2_0_core_clk (net)
                  0.04    0.00   17.61 v clkbuf_3_2_1_core_clk/A (sky130_fd_sc_hd__clkbuf_4)
                  0.03    0.14   17.74 v clkbuf_3_2_1_core_clk/X (sky130_fd_sc_hd__clkbuf_4)
     1    0.01                           clknet_3_2_1_core_clk (net)
                  0.03    0.00   17.75 v clkbuf_3_2_2_core_clk/A (sky130_fd_sc_hd__clkbuf_4)
                  0.07    0.17   17.92 v clkbuf_3_2_2_core_clk/X (sky130_fd_sc_hd__clkbuf_4)
     4    0.03                           clknet_3_2_2_core_clk (net)
                  0.07    0.01   17.93 v clkbuf_4_4_0_core_clk/A (sky130_fd_sc_hd__clkbuf_4)
                  0.05    0.18   18.10 v clkbuf_4_4_0_core_clk/X (sky130_fd_sc_hd__clkbuf_4)
     2    0.02                           clknet_4_4_0_core_clk (net)
                  0.05    0.01   18.11 v clkbuf_5_9_0_core_clk/A (sky130_fd_sc_hd__clkbuf_4)
                  0.03    0.14   18.25 v clkbuf_5_9_0_core_clk/X (sky130_fd_sc_hd__clkbuf_4)
     1    0.01                           clknet_5_9_0_core_clk (net)
                  0.03    0.00   18.26 v clkbuf_5_9_1_core_clk/A (sky130_fd_sc_hd__clkbuf_4)
                  0.37    0.37   18.62 v clkbuf_5_9_1_core_clk/X (sky130_fd_sc_hd__clkbuf_4)
    26    0.19                           clknet_5_9_1_core_clk (net)
                  0.38    0.06   18.68 v clkbuf_opt_26_0_core_clk/A (sky130_fd_sc_hd__clkbuf_16)
                  0.04    0.30   18.99 v clkbuf_opt_26_0_core_clk/X (sky130_fd_sc_hd__clkbuf_16)
     1    0.02                           clknet_opt_26_0_core_clk (net)
                  0.04    0.01   18.99 v clkbuf_opt_26_1_core_clk/A (sky130_fd_sc_hd__clkbuf_16)
                  0.04    0.15   19.14 v clkbuf_opt_26_1_core_clk/X (sky130_fd_sc_hd__clkbuf_16)
     2    0.02                           clknet_opt_26_1_core_clk (net)
                  0.05    0.01   19.16 v clkbuf_leaf_15_core_clk/A (sky130_fd_sc_hd__clkbuf_16)
                  0.05    0.16   19.32 v clkbuf_leaf_15_core_clk/X (sky130_fd_sc_hd__clkbuf_16)
    14    0.05                           clknet_leaf_15_core_clk (net)
                  0.09    0.02   19.34 v sky130_sram_2kbyte_1rw1r_32x512_8/clk0 (sky130_sram_2kbyte_1rw1r_32x512_8)
                  0.00    0.43   19.77 v sky130_sram_2kbyte_1rw1r_32x512_8/dout0[15] (sky130_sram_2kbyte_1rw1r_32x512_8)
     1    0.01                           sram_bus_dat_r[15] (net)
                  0.00    0.00   19.77 v repeater2142/A (sky130_fd_sc_hd__clkbuf_2)
                  0.64    0.46   20.23 v repeater2142/X (sky130_fd_sc_hd__clkbuf_2)
     2    0.17                           net2142 (net)
                  0.68    0.13   20.37 v _22855_/B2 (sky130_fd_sc_hd__a221o_4)
                  0.27    0.85   21.21 v _22855_/X (sky130_fd_sc_hd__a221o_4)
     2    0.16                           _11220_ (net)
                  0.29    0.05   21.26 v _22858_/B1 (sky130_fd_sc_hd__a2111o_4)
                  0.23    0.72   21.98 v _22858_/X (sky130_fd_sc_hd__a2111o_4)
     8    0.12                           VexRiscv.IBusSimplePlugin_rspJoin_rspBuffer_c.io_push_payload_inst[15] (net)
                  0.27    0.08   22.06 v _28158_/A0 (sky130_fd_sc_hd__mux2_2)
                  0.09    0.42   22.48 v _28158_/X (sky130_fd_sc_hd__mux2_2)
     1    0.02                           _02368_ (net)
                  0.09    0.01   22.48 v _25575_/A (sky130_fd_sc_hd__clkinv_2)
                  0.10    0.11   22.60 ^ _25575_/Y (sky130_fd_sc_hd__clkinv_2)
     2    0.03                           _02369_ (net)
                  0.10    0.01   22.61 ^ _28157_/A0 (sky130_fd_sc_hd__mux2_8)
                  0.57    0.51   23.12 ^ _28157_/X (sky130_fd_sc_hd__mux2_8)
    60    0.34                           _02370_ (net)
                  0.59    0.09   23.21 ^ repeater796/A (sky130_fd_sc_hd__buf_12)
                  0.45    0.32   23.52 ^ repeater796/X (sky130_fd_sc_hd__buf_12)
    80    0.43                           net796 (net)
                  0.60    0.22   23.74 ^ repeater795/A (sky130_fd_sc_hd__buf_12)
                  0.47    0.34   24.08 ^ repeater795/X (sky130_fd_sc_hd__buf_12)
    82    0.44                           net795 (net)
                  0.67    0.27   24.35 ^ repeater793/A (sky130_fd_sc_hd__buf_12)
                  0.43    0.28   24.62 ^ repeater793/X (sky130_fd_sc_hd__buf_12)
    74    0.43                           net793 (net)
                  0.80    0.37   25.00 ^ _28940_/S0 (sky130_fd_sc_hd__mux4_2)
                  0.16    0.73   25.73 v _28940_/X (sky130_fd_sc_hd__mux4_2)
     2    0.03                           _00288_ (net)
                  0.16    0.01   25.74 v _28942_/A2 (sky130_fd_sc_hd__mux4_1)
                  0.12    0.60   26.34 v _28942_/X (sky130_fd_sc_hd__mux4_1)
     1    0.01                           _00290_ (net)
                  0.12    0.00   26.34 v _27548_/A1 (sky130_fd_sc_hd__mux2_1)
                  0.08    0.36   26.70 v _27548_/X (sky130_fd_sc_hd__mux2_1)
     1    0.01                           VexRiscv.RegFilePlugin_regFile$rdreg[1]$d[30] (net)
                  0.08    0.00   26.70 v _29632_/D (sky130_fd_sc_hd__dfxtp_1)
                                 26.70   data arrival time

                         30.00   30.00   clock core_clk (rise edge)
                          0.00   30.00   clock source latency
                  1.64    1.11   31.11 ^ core_clk (in)
     2    0.20                           core_clk (net)
                  1.64    0.00   31.11 ^ clkbuf_0_core_clk/A (sky130_fd_sc_hd__clkbuf_16)
                  0.09    0.33   31.44 ^ clkbuf_0_core_clk/X (sky130_fd_sc_hd__clkbuf_16)
     4    0.02                           clknet_0_core_clk (net)
                  0.09    0.01   31.45 ^ clkbuf_1_1_0_core_clk/A (sky130_fd_sc_hd__clkbuf_4)
                  0.05    0.14   31.59 ^ clkbuf_1_1_0_core_clk/X (sky130_fd_sc_hd__clkbuf_4)
     1    0.01                           clknet_1_1_0_core_clk (net)
                  0.05    0.00   31.60 ^ clkbuf_1_1_1_core_clk/A (sky130_fd_sc_hd__clkbuf_4)
                  0.05    0.13   31.73 ^ clkbuf_1_1_1_core_clk/X (sky130_fd_sc_hd__clkbuf_4)
     1    0.01                           clknet_1_1_1_core_clk (net)
                  0.05    0.00   31.73 ^ clkbuf_1_1_2_core_clk/A (sky130_fd_sc_hd__clkbuf_4)
                  0.05    0.13   31.85 ^ clkbuf_1_1_2_core_clk/X (sky130_fd_sc_hd__clkbuf_4)
     1    0.01                           clknet_1_1_2_core_clk (net)
                  0.05    0.00   31.86 ^ clkbuf_1_1_3_core_clk/A (sky130_fd_sc_hd__clkbuf_4)
                  0.05    0.13   31.99 ^ clkbuf_1_1_3_core_clk/X (sky130_fd_sc_hd__clkbuf_4)
     1    0.01                           clknet_1_1_3_core_clk (net)
                  0.05    0.00   31.99 ^ clkbuf_1_1_4_core_clk/A (sky130_fd_sc_hd__clkbuf_4)
                  0.17    0.20   32.19 ^ clkbuf_1_1_4_core_clk/X (sky130_fd_sc_hd__clkbuf_4)
     4    0.05                           clknet_1_1_4_core_clk (net)
                  0.18    0.02   32.21 ^ clkbuf_2_2_0_core_clk/A (sky130_fd_sc_hd__clkbuf_4)
                  0.05    0.17   32.38 ^ clkbuf_2_2_0_core_clk/X (sky130_fd_sc_hd__clkbuf_4)
     1    0.01                           clknet_2_2_0_core_clk (net)
                  0.05    0.00   32.38 ^ clkbuf_2_2_1_core_clk/A (sky130_fd_sc_hd__clkbuf_4)
                  0.14    0.19   32.57 ^ clkbuf_2_2_1_core_clk/X (sky130_fd_sc_hd__clkbuf_4)
     4    0.04                           clknet_2_2_1_core_clk (net)
                  0.14    0.02   32.58 ^ clkbuf_3_5_0_core_clk/A (sky130_fd_sc_hd__clkbuf_4)
                  0.05    0.16   32.75 ^ clkbuf_3_5_0_core_clk/X (sky130_fd_sc_hd__clkbuf_4)
     1    0.01                           clknet_3_5_0_core_clk (net)
                  0.05    0.00   32.75 ^ clkbuf_3_5_1_core_clk/A (sky130_fd_sc_hd__clkbuf_4)
                  0.04    0.12   32.87 ^ clkbuf_3_5_1_core_clk/X (sky130_fd_sc_hd__clkbuf_4)
     1    0.01                           clknet_3_5_1_core_clk (net)
                  0.04    0.00   32.87 ^ clkbuf_3_5_2_core_clk/A (sky130_fd_sc_hd__clkbuf_4)
                  0.12    0.17   33.04 ^ clkbuf_3_5_2_core_clk/X (sky130_fd_sc_hd__clkbuf_4)
     4    0.04                           clknet_3_5_2_core_clk (net)
                  0.12    0.01   33.05 ^ clkbuf_4_11_0_core_clk/A (sky130_fd_sc_hd__clkbuf_4)
                  0.11    0.19   33.24 ^ clkbuf_4_11_0_core_clk/X (sky130_fd_sc_hd__clkbuf_4)
     4    0.03                           clknet_4_11_0_core_clk (net)
                  0.11    0.01   33.25 ^ clkbuf_5_22_0_core_clk/A (sky130_fd_sc_hd__clkbuf_4)
                  0.04    0.14   33.39 ^ clkbuf_5_22_0_core_clk/X (sky130_fd_sc_hd__clkbuf_4)
     1    0.01                           clknet_5_22_0_core_clk (net)
                  0.04    0.00   33.40 ^ clkbuf_5_22_1_core_clk/A (sky130_fd_sc_hd__clkbuf_4)
                  0.60    0.44   33.83 ^ clkbuf_5_22_1_core_clk/X (sky130_fd_sc_hd__clkbuf_4)
    26    0.20                           clknet_5_22_1_core_clk (net)
                  0.61    0.07   33.90 ^ clkbuf_leaf_275_core_clk/A (sky130_fd_sc_hd__clkbuf_16)
                  0.10    0.27   34.17 ^ clkbuf_leaf_275_core_clk/X (sky130_fd_sc_hd__clkbuf_16)
    26    0.07                           clknet_leaf_275_core_clk (net)
                  0.12    0.03   34.20 ^ _29632_/CLK (sky130_fd_sc_hd__dfxtp_1)
                         -0.25   33.95   clock uncertainty
                          0.11   34.07   clock reconvergence pessimism
                         -0.11   33.96   library setup time
                                 33.96   data required time
-----------------------------------------------------------------------------
                                 33.96   data required time
                                -26.70   data arrival time
-----------------------------------------------------------------------------
                                  7.25   slack (MET)


Startpoint: sky130_sram_2kbyte_1rw1r_32x512_8
            (falling edge-triggered flip-flop clocked by core_clk)
Endpoint: _29434_ (rising edge-triggered flip-flop clocked by core_clk)
Path Group: core_clk
Path Type: max

Fanout     Cap    Slew   Delay    Time   Description
-----------------------------------------------------------------------------
                         15.00   15.00   clock core_clk (fall edge)
                          0.00   15.00   clock source latency
                  0.91    0.72   15.72 v core_clk (in)
     2    0.20                           core_clk (net)
                  0.92    0.00   15.72 v clkbuf_0_core_clk/A (sky130_fd_sc_hd__clkbuf_16)
                  0.06    0.48   16.20 v clkbuf_0_core_clk/X (sky130_fd_sc_hd__clkbuf_16)
     4    0.02                           clknet_0_core_clk (net)
                  0.06    0.01   16.22 v clkbuf_1_0_0_core_clk/A (sky130_fd_sc_hd__clkbuf_4)
                  0.04    0.16   16.37 v clkbuf_1_0_0_core_clk/X (sky130_fd_sc_hd__clkbuf_4)
     1    0.01                           clknet_1_0_0_core_clk (net)
                  0.04    0.00   16.37 v clkbuf_1_0_1_core_clk/A (sky130_fd_sc_hd__clkbuf_4)
                  0.04    0.14   16.52 v clkbuf_1_0_1_core_clk/X (sky130_fd_sc_hd__clkbuf_4)
     1    0.01                           clknet_1_0_1_core_clk (net)
                  0.04    0.00   16.52 v clkbuf_1_0_2_core_clk/A (sky130_fd_sc_hd__clkbuf_4)
                  0.04    0.14   16.67 v clkbuf_1_0_2_core_clk/X (sky130_fd_sc_hd__clkbuf_4)
     1    0.01                           clknet_1_0_2_core_clk (net)
                  0.04    0.00   16.67 v clkbuf_1_0_3_core_clk/A (sky130_fd_sc_hd__clkbuf_4)
                  0.03    0.13   16.79 v clkbuf_1_0_3_core_clk/X (sky130_fd_sc_hd__clkbuf_4)
     1    0.00                           clknet_1_0_3_core_clk (net)
                  0.03    0.00   16.79 v clkbuf_1_0_4_core_clk/A (sky130_fd_sc_hd__clkbuf_4)
                  0.15    0.22   17.02 v clkbuf_1_0_4_core_clk/X (sky130_fd_sc_hd__clkbuf_4)
     4    0.07                           clknet_1_0_4_core_clk (net)
                  0.15    0.03   17.04 v clkbuf_2_1_0_core_clk/A (sky130_fd_sc_hd__clkbuf_4)
                  0.03    0.19   17.23 v clkbuf_2_1_0_core_clk/X (sky130_fd_sc_hd__clkbuf_4)
     1    0.01                           clknet_2_1_0_core_clk (net)
                  0.03    0.00   17.24 v clkbuf_2_1_1_core_clk/A (sky130_fd_sc_hd__clkbuf_4)
                  0.09    0.18   17.42 v clkbuf_2_1_1_core_clk/X (sky130_fd_sc_hd__clkbuf_4)
     4    0.04                           clknet_2_1_1_core_clk (net)
                  0.10    0.02   17.43 v clkbuf_3_2_0_core_clk/A (sky130_fd_sc_hd__clkbuf_4)
                  0.04    0.17   17.61 v clkbuf_3_2_0_core_clk/X (sky130_fd_sc_hd__clkbuf_4)
     1    0.01                           clknet_3_2_0_core_clk (net)
                  0.04    0.00   17.61 v clkbuf_3_2_1_core_clk/A (sky130_fd_sc_hd__clkbuf_4)
                  0.03    0.14   17.74 v clkbuf_3_2_1_core_clk/X (sky130_fd_sc_hd__clkbuf_4)
     1    0.01                           clknet_3_2_1_core_clk (net)
                  0.03    0.00   17.75 v clkbuf_3_2_2_core_clk/A (sky130_fd_sc_hd__clkbuf_4)
                  0.07    0.17   17.92 v clkbuf_3_2_2_core_clk/X (sky130_fd_sc_hd__clkbuf_4)
     4    0.03                           clknet_3_2_2_core_clk (net)
                  0.07    0.01   17.93 v clkbuf_4_4_0_core_clk/A (sky130_fd_sc_hd__clkbuf_4)
                  0.05    0.18   18.10 v clkbuf_4_4_0_core_clk/X (sky130_fd_sc_hd__clkbuf_4)
     2    0.02                           clknet_4_4_0_core_clk (net)
                  0.05    0.01   18.11 v clkbuf_5_9_0_core_clk/A (sky130_fd_sc_hd__clkbuf_4)
                  0.03    0.14   18.25 v clkbuf_5_9_0_core_clk/X (sky130_fd_sc_hd__clkbuf_4)
     1    0.01                           clknet_5_9_0_core_clk (net)
                  0.03    0.00   18.26 v clkbuf_5_9_1_core_clk/A (sky130_fd_sc_hd__clkbuf_4)
                  0.37    0.37   18.62 v clkbuf_5_9_1_core_clk/X (sky130_fd_sc_hd__clkbuf_4)
    26    0.19                           clknet_5_9_1_core_clk (net)
                  0.38    0.06   18.68 v clkbuf_opt_26_0_core_clk/A (sky130_fd_sc_hd__clkbuf_16)
                  0.04    0.30   18.99 v clkbuf_opt_26_0_core_clk/X (sky130_fd_sc_hd__clkbuf_16)
     1    0.02                           clknet_opt_26_0_core_clk (net)
                  0.04    0.01   18.99 v clkbuf_opt_26_1_core_clk/A (sky130_fd_sc_hd__clkbuf_16)
                  0.04    0.15   19.14 v clkbuf_opt_26_1_core_clk/X (sky130_fd_sc_hd__clkbuf_16)
     2    0.02                           clknet_opt_26_1_core_clk (net)
                  0.05    0.01   19.16 v clkbuf_leaf_15_core_clk/A (sky130_fd_sc_hd__clkbuf_16)
                  0.05    0.16   19.32 v clkbuf_leaf_15_core_clk/X (sky130_fd_sc_hd__clkbuf_16)
    14    0.05                           clknet_leaf_15_core_clk (net)
                  0.09    0.02   19.34 v sky130_sram_2kbyte_1rw1r_32x512_8/clk0 (sky130_sram_2kbyte_1rw1r_32x512_8)
                  0.01    0.44   19.78 v sky130_sram_2kbyte_1rw1r_32x512_8/dout0[20] (sky130_sram_2kbyte_1rw1r_32x512_8)
     1    0.01                           sram_bus_dat_r[20] (net)
                  0.00    0.00   19.78 v repeater2130/A (sky130_fd_sc_hd__clkbuf_2)
                  0.05    0.11   19.89 v repeater2130/X (sky130_fd_sc_hd__clkbuf_2)
     1    0.01                           net2130 (net)
                  0.05    0.00   19.89 v repeater2129/A (sky130_fd_sc_hd__clkbuf_2)
                  0.47    0.43   20.32 v repeater2129/X (sky130_fd_sc_hd__clkbuf_2)
     2    0.12                           net2129 (net)
                  0.47    0.04   20.36 v repeater2128/A (sky130_fd_sc_hd__clkbuf_2)
                  0.05    0.27   20.63 v repeater2128/X (sky130_fd_sc_hd__clkbuf_2)
     1    0.01                           net2128 (net)
                  0.05    0.00   20.63 v _22814_/B2 (sky130_fd_sc_hd__a22o_2)
                  0.17    0.35   20.99 v _22814_/X (sky130_fd_sc_hd__a22o_2)
     2    0.06                           _11189_ (net)
                  0.17    0.02   21.01 v _22817_/B1 (sky130_fd_sc_hd__a2111o_4)
                  0.07    0.54   21.55 v _22817_/X (sky130_fd_sc_hd__a2111o_4)
     1    0.01                           _11192_ (net)
                  0.07    0.00   21.55 v _22818_/B1 (sky130_fd_sc_hd__a211o_4)
                  0.10    0.39   21.94 v _22818_/X (sky130_fd_sc_hd__a211o_4)
     8    0.04                           VexRiscv.IBusSimplePlugin_rspJoin_rspBuffer_c.io_push_payload_inst[20] (net)
                  0.10    0.01   21.95 v _28148_/A0 (sky130_fd_sc_hd__mux2_2)
                  0.08    0.35   22.30 v _28148_/X (sky130_fd_sc_hd__mux2_2)
     1    0.02                           _00323_ (net)
                  0.08    0.00   22.30 v _25778_/A (sky130_fd_sc_hd__inv_2)
                  0.05    0.07   22.38 ^ _25778_/Y (sky130_fd_sc_hd__inv_2)
     1    0.01                           _00324_ (net)
                  0.05    0.00   22.38 ^ _28147_/A0 (sky130_fd_sc_hd__mux2_8)
                  0.63    0.46   22.84 ^ _28147_/X (sky130_fd_sc_hd__mux2_8)
    70    0.39                           _00325_ (net)
                  0.67    0.12   22.97 ^ repeater812/A (sky130_fd_sc_hd__buf_12)
                  0.44    0.44   23.41 ^ repeater812/X (sky130_fd_sc_hd__buf_12)
    74    0.39                           net812 (net)
                  0.46    0.08   23.49 ^ repeater808/A (sky130_fd_sc_hd__buf_12)
                  0.49    0.37   23.86 ^ repeater808/X (sky130_fd_sc_hd__buf_12)
    84    0.45                           net808 (net)
                  0.66    0.24   24.10 ^ repeater807/A (sky130_fd_sc_hd__buf_12)
                  0.40    0.26   24.36 ^ repeater807/X (sky130_fd_sc_hd__buf_12)
    72    0.41                           net807 (net)
                  0.84    0.41   24.77 ^ _29177_/S0 (sky130_fd_sc_hd__mux4_1)
                  0.11    0.71   25.48 v _29177_/X (sky130_fd_sc_hd__mux4_1)
     1    0.01                           _00527_ (net)
                  0.11    0.00   25.48 v _29178_/A3 (sky130_fd_sc_hd__mux4_2)
                  0.26    0.75   26.23 v _29178_/X (sky130_fd_sc_hd__mux4_2)
     2    0.08                           _00528_ (net)
                  0.27    0.01   26.24 v _27851_/A0 (sky130_fd_sc_hd__mux2_8)
                  0.12    0.50   26.73 v _27851_/X (sky130_fd_sc_hd__mux2_8)
     2    0.09                           VexRiscv.RegFilePlugin_regFile$rdreg[0]$d[19] (net)
                  0.12    0.01   26.75 v _29434_/D (sky130_fd_sc_hd__dfxtp_1)
                                 26.75   data arrival time

                         30.00   30.00   clock core_clk (rise edge)
                          0.00   30.00   clock source latency
                  1.64    1.11   31.11 ^ core_clk (in)
     2    0.20                           core_clk (net)
                  1.64    0.00   31.11 ^ clkbuf_0_core_clk/A (sky130_fd_sc_hd__clkbuf_16)
                  0.09    0.33   31.44 ^ clkbuf_0_core_clk/X (sky130_fd_sc_hd__clkbuf_16)
     4    0.02                           clknet_0_core_clk (net)
                  0.09    0.01   31.45 ^ clkbuf_1_0_0_core_clk/A (sky130_fd_sc_hd__clkbuf_4)
                  0.05    0.14   31.59 ^ clkbuf_1_0_0_core_clk/X (sky130_fd_sc_hd__clkbuf_4)
     1    0.01                           clknet_1_0_0_core_clk (net)
                  0.05    0.00   31.59 ^ clkbuf_1_0_1_core_clk/A (sky130_fd_sc_hd__clkbuf_4)
                  0.05    0.13   31.72 ^ clkbuf_1_0_1_core_clk/X (sky130_fd_sc_hd__clkbuf_4)
     1    0.01                           clknet_1_0_1_core_clk (net)
                  0.05    0.00   31.72 ^ clkbuf_1_0_2_core_clk/A (sky130_fd_sc_hd__clkbuf_4)
                  0.04    0.12   31.85 ^ clkbuf_1_0_2_core_clk/X (sky130_fd_sc_hd__clkbuf_4)
     1    0.01                           clknet_1_0_2_core_clk (net)
                  0.04    0.00   31.85 ^ clkbuf_1_0_3_core_clk/A (sky130_fd_sc_hd__clkbuf_4)
                  0.03    0.11   31.95 ^ clkbuf_1_0_3_core_clk/X (sky130_fd_sc_hd__clkbuf_4)
     1    0.00                           clknet_1_0_3_core_clk (net)
                  0.03    0.00   31.95 ^ clkbuf_1_0_4_core_clk/A (sky130_fd_sc_hd__clkbuf_4)
                  0.22    0.23   32.18 ^ clkbuf_1_0_4_core_clk/X (sky130_fd_sc_hd__clkbuf_4)
     4    0.07                           clknet_1_0_4_core_clk (net)
                  0.22    0.02   32.21 ^ clkbuf_2_0_0_core_clk/A (sky130_fd_sc_hd__clkbuf_4)
                  0.03    0.17   32.37 ^ clkbuf_2_0_0_core_clk/X (sky130_fd_sc_hd__clkbuf_4)
     1    0.00                           clknet_2_0_0_core_clk (net)
                  0.03    0.00   32.37 ^ clkbuf_2_0_1_core_clk/A (sky130_fd_sc_hd__clkbuf_4)
                  0.40    0.30   32.67 ^ clkbuf_2_0_1_core_clk/X (sky130_fd_sc_hd__clkbuf_4)
     4    0.13                           clknet_2_0_1_core_clk (net)
                  0.43    0.08   32.75 ^ clkbuf_3_1_0_core_clk/A (sky130_fd_sc_hd__clkbuf_4)
                  0.04    0.21   32.96 ^ clkbuf_3_1_0_core_clk/X (sky130_fd_sc_hd__clkbuf_4)
     1    0.00                           clknet_3_1_0_core_clk (net)
                  0.04    0.00   32.96 ^ clkbuf_3_1_1_core_clk/A (sky130_fd_sc_hd__clkbuf_4)
                  0.03    0.11   33.07 ^ clkbuf_3_1_1_core_clk/X (sky130_fd_sc_hd__clkbuf_4)
     1    0.00                           clknet_3_1_1_core_clk (net)
                  0.03    0.00   33.07 ^ clkbuf_3_1_2_core_clk/A (sky130_fd_sc_hd__clkbuf_4)
                  0.10    0.16   33.22 ^ clkbuf_3_1_2_core_clk/X (sky130_fd_sc_hd__clkbuf_4)
     4    0.03                           clknet_3_1_2_core_clk (net)
                  0.10    0.01   33.23 ^ clkbuf_4_2_0_core_clk/A (sky130_fd_sc_hd__clkbuf_4)
                  0.09    0.17   33.41 ^ clkbuf_4_2_0_core_clk/X (sky130_fd_sc_hd__clkbuf_4)
     4    0.03                           clknet_4_2_0_core_clk (net)
                  0.09    0.01   33.42 ^ clkbuf_5_5_0_core_clk/A (sky130_fd_sc_hd__clkbuf_4)
                  0.04    0.13   33.55 ^ clkbuf_5_5_0_core_clk/X (sky130_fd_sc_hd__clkbuf_4)
     1    0.01                           clknet_5_5_0_core_clk (net)
                  0.04    0.00   33.55 ^ clkbuf_5_5_1_core_clk/A (sky130_fd_sc_hd__clkbuf_4)
                  0.56    0.45   34.00 ^ clkbuf_5_5_1_core_clk/X (sky130_fd_sc_hd__clkbuf_4)
    26    0.19                           clknet_5_5_1_core_clk (net)
                  0.57    0.03   34.03 ^ clkbuf_leaf_364_core_clk/A (sky130_fd_sc_hd__clkbuf_16)
                  0.08    0.26   34.29 ^ clkbuf_leaf_364_core_clk/X (sky130_fd_sc_hd__clkbuf_16)
    18    0.05                           clknet_leaf_364_core_clk (net)
                  0.09    0.01   34.30 ^ _29434_/CLK (sky130_fd_sc_hd__dfxtp_1)
                         -0.25   34.05   clock uncertainty
                          0.19   34.24   clock reconvergence pessimism
                         -0.14   34.11   library setup time
                                 34.11   data required time
-----------------------------------------------------------------------------
                                 34.11   data required time
                                -26.75   data arrival time
-----------------------------------------------------------------------------
                                  7.36   slack (MET)


Startpoint: sky130_sram_2kbyte_1rw1r_32x512_8
            (falling edge-triggered flip-flop clocked by core_clk)
Endpoint: _29633_ (rising edge-triggered flip-flop clocked by core_clk)
Path Group: core_clk
Path Type: max

Fanout     Cap    Slew   Delay    Time   Description
-----------------------------------------------------------------------------
                         15.00   15.00   clock core_clk (fall edge)
                          0.00   15.00   clock source latency
                  0.91    0.72   15.72 v core_clk (in)
     2    0.20                           core_clk (net)
                  0.92    0.00   15.72 v clkbuf_0_core_clk/A (sky130_fd_sc_hd__clkbuf_16)
                  0.06    0.48   16.20 v clkbuf_0_core_clk/X (sky130_fd_sc_hd__clkbuf_16)
     4    0.02                           clknet_0_core_clk (net)
                  0.06    0.01   16.22 v clkbuf_1_0_0_core_clk/A (sky130_fd_sc_hd__clkbuf_4)
                  0.04    0.16   16.37 v clkbuf_1_0_0_core_clk/X (sky130_fd_sc_hd__clkbuf_4)
     1    0.01                           clknet_1_0_0_core_clk (net)
                  0.04    0.00   16.37 v clkbuf_1_0_1_core_clk/A (sky130_fd_sc_hd__clkbuf_4)
                  0.04    0.14   16.52 v clkbuf_1_0_1_core_clk/X (sky130_fd_sc_hd__clkbuf_4)
     1    0.01                           clknet_1_0_1_core_clk (net)
                  0.04    0.00   16.52 v clkbuf_1_0_2_core_clk/A (sky130_fd_sc_hd__clkbuf_4)
                  0.04    0.14   16.67 v clkbuf_1_0_2_core_clk/X (sky130_fd_sc_hd__clkbuf_4)
     1    0.01                           clknet_1_0_2_core_clk (net)
                  0.04    0.00   16.67 v clkbuf_1_0_3_core_clk/A (sky130_fd_sc_hd__clkbuf_4)
                  0.03    0.13   16.79 v clkbuf_1_0_3_core_clk/X (sky130_fd_sc_hd__clkbuf_4)
     1    0.00                           clknet_1_0_3_core_clk (net)
                  0.03    0.00   16.79 v clkbuf_1_0_4_core_clk/A (sky130_fd_sc_hd__clkbuf_4)
                  0.15    0.22   17.02 v clkbuf_1_0_4_core_clk/X (sky130_fd_sc_hd__clkbuf_4)
     4    0.07                           clknet_1_0_4_core_clk (net)
                  0.15    0.03   17.04 v clkbuf_2_1_0_core_clk/A (sky130_fd_sc_hd__clkbuf_4)
                  0.03    0.19   17.23 v clkbuf_2_1_0_core_clk/X (sky130_fd_sc_hd__clkbuf_4)
     1    0.01                           clknet_2_1_0_core_clk (net)
                  0.03    0.00   17.24 v clkbuf_2_1_1_core_clk/A (sky130_fd_sc_hd__clkbuf_4)
                  0.09    0.18   17.42 v clkbuf_2_1_1_core_clk/X (sky130_fd_sc_hd__clkbuf_4)
     4    0.04                           clknet_2_1_1_core_clk (net)
                  0.10    0.02   17.43 v clkbuf_3_2_0_core_clk/A (sky130_fd_sc_hd__clkbuf_4)
                  0.04    0.17   17.61 v clkbuf_3_2_0_core_clk/X (sky130_fd_sc_hd__clkbuf_4)
     1    0.01                           clknet_3_2_0_core_clk (net)
                  0.04    0.00   17.61 v clkbuf_3_2_1_core_clk/A (sky130_fd_sc_hd__clkbuf_4)
                  0.03    0.14   17.74 v clkbuf_3_2_1_core_clk/X (sky130_fd_sc_hd__clkbuf_4)
     1    0.01                           clknet_3_2_1_core_clk (net)
                  0.03    0.00   17.75 v clkbuf_3_2_2_core_clk/A (sky130_fd_sc_hd__clkbuf_4)
                  0.07    0.17   17.92 v clkbuf_3_2_2_core_clk/X (sky130_fd_sc_hd__clkbuf_4)
     4    0.03                           clknet_3_2_2_core_clk (net)
                  0.07    0.01   17.93 v clkbuf_4_4_0_core_clk/A (sky130_fd_sc_hd__clkbuf_4)
                  0.05    0.18   18.10 v clkbuf_4_4_0_core_clk/X (sky130_fd_sc_hd__clkbuf_4)
     2    0.02                           clknet_4_4_0_core_clk (net)
                  0.05    0.01   18.11 v clkbuf_5_9_0_core_clk/A (sky130_fd_sc_hd__clkbuf_4)
                  0.03    0.14   18.25 v clkbuf_5_9_0_core_clk/X (sky130_fd_sc_hd__clkbuf_4)
     1    0.01                           clknet_5_9_0_core_clk (net)
                  0.03    0.00   18.26 v clkbuf_5_9_1_core_clk/A (sky130_fd_sc_hd__clkbuf_4)
                  0.37    0.37   18.62 v clkbuf_5_9_1_core_clk/X (sky130_fd_sc_hd__clkbuf_4)
    26    0.19                           clknet_5_9_1_core_clk (net)
                  0.38    0.06   18.68 v clkbuf_opt_26_0_core_clk/A (sky130_fd_sc_hd__clkbuf_16)
                  0.04    0.30   18.99 v clkbuf_opt_26_0_core_clk/X (sky130_fd_sc_hd__clkbuf_16)
     1    0.02                           clknet_opt_26_0_core_clk (net)
                  0.04    0.01   18.99 v clkbuf_opt_26_1_core_clk/A (sky130_fd_sc_hd__clkbuf_16)
                  0.04    0.15   19.14 v clkbuf_opt_26_1_core_clk/X (sky130_fd_sc_hd__clkbuf_16)
     2    0.02                           clknet_opt_26_1_core_clk (net)
                  0.05    0.01   19.16 v clkbuf_leaf_15_core_clk/A (sky130_fd_sc_hd__clkbuf_16)
                  0.05    0.16   19.32 v clkbuf_leaf_15_core_clk/X (sky130_fd_sc_hd__clkbuf_16)
    14    0.05                           clknet_leaf_15_core_clk (net)
                  0.09    0.02   19.34 v sky130_sram_2kbyte_1rw1r_32x512_8/clk0 (sky130_sram_2kbyte_1rw1r_32x512_8)
                  0.00    0.43   19.77 v sky130_sram_2kbyte_1rw1r_32x512_8/dout0[15] (sky130_sram_2kbyte_1rw1r_32x512_8)
     1    0.01                           sram_bus_dat_r[15] (net)
                  0.00    0.00   19.77 v repeater2142/A (sky130_fd_sc_hd__clkbuf_2)
                  0.64    0.46   20.23 v repeater2142/X (sky130_fd_sc_hd__clkbuf_2)
     2    0.17                           net2142 (net)
                  0.68    0.13   20.37 v _22855_/B2 (sky130_fd_sc_hd__a221o_4)
                  0.27    0.85   21.21 v _22855_/X (sky130_fd_sc_hd__a221o_4)
     2    0.16                           _11220_ (net)
                  0.29    0.05   21.26 v _22858_/B1 (sky130_fd_sc_hd__a2111o_4)
                  0.23    0.72   21.98 v _22858_/X (sky130_fd_sc_hd__a2111o_4)
     8    0.12                           VexRiscv.IBusSimplePlugin_rspJoin_rspBuffer_c.io_push_payload_inst[15] (net)
                  0.27    0.08   22.06 v _28158_/A0 (sky130_fd_sc_hd__mux2_2)
                  0.09    0.42   22.48 v _28158_/X (sky130_fd_sc_hd__mux2_2)
     1    0.02                           _02368_ (net)
                  0.09    0.01   22.48 v _25575_/A (sky130_fd_sc_hd__clkinv_2)
                  0.10    0.11   22.60 ^ _25575_/Y (sky130_fd_sc_hd__clkinv_2)
     2    0.03                           _02369_ (net)
                  0.10    0.01   22.61 ^ _28157_/A0 (sky130_fd_sc_hd__mux2_8)
                  0.57    0.51   23.12 ^ _28157_/X (sky130_fd_sc_hd__mux2_8)
    60    0.34                           _02370_ (net)
                  0.59    0.09   23.21 ^ repeater796/A (sky130_fd_sc_hd__buf_12)
                  0.45    0.32   23.52 ^ repeater796/X (sky130_fd_sc_hd__buf_12)
    80    0.43                           net796 (net)
                  0.60    0.22   23.74 ^ repeater795/A (sky130_fd_sc_hd__buf_12)
                  0.47    0.34   24.08 ^ repeater795/X (sky130_fd_sc_hd__buf_12)
    82    0.44                           net795 (net)
                  0.67    0.27   24.35 ^ repeater793/A (sky130_fd_sc_hd__buf_12)
                  0.43    0.28   24.62 ^ repeater793/X (sky130_fd_sc_hd__buf_12)
    74    0.43                           net793 (net)
                  0.64    0.26   24.88 ^ _28951_/S0 (sky130_fd_sc_hd__mux4_1)
                  0.10    0.69   25.57 v _28951_/X (sky130_fd_sc_hd__mux4_1)
     1    0.01                           _00299_ (net)
                  0.10    0.00   25.57 v _28952_/A3 (sky130_fd_sc_hd__mux4_1)
                  0.12    0.57   26.14 v _28952_/X (sky130_fd_sc_hd__mux4_1)
     1    0.01                           _00300_ (net)
                  0.12    0.00   26.15 v _27549_/A1 (sky130_fd_sc_hd__mux2_1)
                  0.11    0.39   26.54 v _27549_/X (sky130_fd_sc_hd__mux2_1)
     1    0.01                           VexRiscv.RegFilePlugin_regFile$rdreg[1]$d[31] (net)
                  0.11    0.00   26.54 v _29633_/D (sky130_fd_sc_hd__dfxtp_1)
                                 26.54   data arrival time

                         30.00   30.00   clock core_clk (rise edge)
                          0.00   30.00   clock source latency
                  1.64    1.11   31.11 ^ core_clk (in)
     2    0.20                           core_clk (net)
                  1.64    0.00   31.11 ^ clkbuf_0_core_clk/A (sky130_fd_sc_hd__clkbuf_16)
                  0.09    0.33   31.44 ^ clkbuf_0_core_clk/X (sky130_fd_sc_hd__clkbuf_16)
     4    0.02                           clknet_0_core_clk (net)
                  0.09    0.01   31.45 ^ clkbuf_1_1_0_core_clk/A (sky130_fd_sc_hd__clkbuf_4)
                  0.05    0.14   31.59 ^ clkbuf_1_1_0_core_clk/X (sky130_fd_sc_hd__clkbuf_4)
     1    0.01                           clknet_1_1_0_core_clk (net)
                  0.05    0.00   31.60 ^ clkbuf_1_1_1_core_clk/A (sky130_fd_sc_hd__clkbuf_4)
                  0.05    0.13   31.73 ^ clkbuf_1_1_1_core_clk/X (sky130_fd_sc_hd__clkbuf_4)
     1    0.01                           clknet_1_1_1_core_clk (net)
                  0.05    0.00   31.73 ^ clkbuf_1_1_2_core_clk/A (sky130_fd_sc_hd__clkbuf_4)
                  0.05    0.13   31.85 ^ clkbuf_1_1_2_core_clk/X (sky130_fd_sc_hd__clkbuf_4)
     1    0.01                           clknet_1_1_2_core_clk (net)
                  0.05    0.00   31.86 ^ clkbuf_1_1_3_core_clk/A (sky130_fd_sc_hd__clkbuf_4)
                  0.05    0.13   31.99 ^ clkbuf_1_1_3_core_clk/X (sky130_fd_sc_hd__clkbuf_4)
     1    0.01                           clknet_1_1_3_core_clk (net)
                  0.05    0.00   31.99 ^ clkbuf_1_1_4_core_clk/A (sky130_fd_sc_hd__clkbuf_4)
                  0.17    0.20   32.19 ^ clkbuf_1_1_4_core_clk/X (sky130_fd_sc_hd__clkbuf_4)
     4    0.05                           clknet_1_1_4_core_clk (net)
                  0.18    0.02   32.21 ^ clkbuf_2_2_0_core_clk/A (sky130_fd_sc_hd__clkbuf_4)
                  0.05    0.17   32.38 ^ clkbuf_2_2_0_core_clk/X (sky130_fd_sc_hd__clkbuf_4)
     1    0.01                           clknet_2_2_0_core_clk (net)
                  0.05    0.00   32.38 ^ clkbuf_2_2_1_core_clk/A (sky130_fd_sc_hd__clkbuf_4)
                  0.14    0.19   32.57 ^ clkbuf_2_2_1_core_clk/X (sky130_fd_sc_hd__clkbuf_4)
     4    0.04                           clknet_2_2_1_core_clk (net)
                  0.14    0.02   32.58 ^ clkbuf_3_5_0_core_clk/A (sky130_fd_sc_hd__clkbuf_4)
                  0.05    0.16   32.75 ^ clkbuf_3_5_0_core_clk/X (sky130_fd_sc_hd__clkbuf_4)
     1    0.01                           clknet_3_5_0_core_clk (net)
                  0.05    0.00   32.75 ^ clkbuf_3_5_1_core_clk/A (sky130_fd_sc_hd__clkbuf_4)
                  0.04    0.12   32.87 ^ clkbuf_3_5_1_core_clk/X (sky130_fd_sc_hd__clkbuf_4)
     1    0.01                           clknet_3_5_1_core_clk (net)
                  0.04    0.00   32.87 ^ clkbuf_3_5_2_core_clk/A (sky130_fd_sc_hd__clkbuf_4)
                  0.12    0.17   33.04 ^ clkbuf_3_5_2_core_clk/X (sky130_fd_sc_hd__clkbuf_4)
     4    0.04                           clknet_3_5_2_core_clk (net)
                  0.12    0.01   33.05 ^ clkbuf_4_11_0_core_clk/A (sky130_fd_sc_hd__clkbuf_4)
                  0.11    0.19   33.24 ^ clkbuf_4_11_0_core_clk/X (sky130_fd_sc_hd__clkbuf_4)
     4    0.03                           clknet_4_11_0_core_clk (net)
                  0.11    0.01   33.25 ^ clkbuf_5_22_0_core_clk/A (sky130_fd_sc_hd__clkbuf_4)
                  0.04    0.14   33.39 ^ clkbuf_5_22_0_core_clk/X (sky130_fd_sc_hd__clkbuf_4)
     1    0.01                           clknet_5_22_0_core_clk (net)
                  0.04    0.00   33.40 ^ clkbuf_5_22_1_core_clk/A (sky130_fd_sc_hd__clkbuf_4)
                  0.60    0.44   33.83 ^ clkbuf_5_22_1_core_clk/X (sky130_fd_sc_hd__clkbuf_4)
    26    0.20                           clknet_5_22_1_core_clk (net)
                  0.61    0.07   33.90 ^ clkbuf_leaf_277_core_clk/A (sky130_fd_sc_hd__clkbuf_16)
                  0.07    0.26   34.16 ^ clkbuf_leaf_277_core_clk/X (sky130_fd_sc_hd__clkbuf_16)
    11    0.04                           clknet_leaf_277_core_clk (net)
                  0.08    0.01   34.17 ^ _29633_/CLK (sky130_fd_sc_hd__dfxtp_1)
                         -0.25   33.92   clock uncertainty
                          0.11   34.04   clock reconvergence pessimism
                         -0.13   33.91   library setup time
                                 33.91   data required time
-----------------------------------------------------------------------------
                                 33.91   data required time
                                -26.54   data arrival time
-----------------------------------------------------------------------------
                                  7.36   slack (MET)


Startpoint: sky130_sram_2kbyte_1rw1r_32x512_8
            (falling edge-triggered flip-flop clocked by core_clk)
Endpoint: _29630_ (rising edge-triggered flip-flop clocked by core_clk)
Path Group: core_clk
Path Type: max

Fanout     Cap    Slew   Delay    Time   Description
-----------------------------------------------------------------------------
                         15.00   15.00   clock core_clk (fall edge)
                          0.00   15.00   clock source latency
                  0.91    0.72   15.72 v core_clk (in)
     2    0.20                           core_clk (net)
                  0.92    0.00   15.72 v clkbuf_0_core_clk/A (sky130_fd_sc_hd__clkbuf_16)
                  0.06    0.48   16.20 v clkbuf_0_core_clk/X (sky130_fd_sc_hd__clkbuf_16)
     4    0.02                           clknet_0_core_clk (net)
                  0.06    0.01   16.22 v clkbuf_1_0_0_core_clk/A (sky130_fd_sc_hd__clkbuf_4)
                  0.04    0.16   16.37 v clkbuf_1_0_0_core_clk/X (sky130_fd_sc_hd__clkbuf_4)
     1    0.01                           clknet_1_0_0_core_clk (net)
                  0.04    0.00   16.37 v clkbuf_1_0_1_core_clk/A (sky130_fd_sc_hd__clkbuf_4)
                  0.04    0.14   16.52 v clkbuf_1_0_1_core_clk/X (sky130_fd_sc_hd__clkbuf_4)
     1    0.01                           clknet_1_0_1_core_clk (net)
                  0.04    0.00   16.52 v clkbuf_1_0_2_core_clk/A (sky130_fd_sc_hd__clkbuf_4)
                  0.04    0.14   16.67 v clkbuf_1_0_2_core_clk/X (sky130_fd_sc_hd__clkbuf_4)
     1    0.01                           clknet_1_0_2_core_clk (net)
                  0.04    0.00   16.67 v clkbuf_1_0_3_core_clk/A (sky130_fd_sc_hd__clkbuf_4)
                  0.03    0.13   16.79 v clkbuf_1_0_3_core_clk/X (sky130_fd_sc_hd__clkbuf_4)
     1    0.00                           clknet_1_0_3_core_clk (net)
                  0.03    0.00   16.79 v clkbuf_1_0_4_core_clk/A (sky130_fd_sc_hd__clkbuf_4)
                  0.15    0.22   17.02 v clkbuf_1_0_4_core_clk/X (sky130_fd_sc_hd__clkbuf_4)
     4    0.07                           clknet_1_0_4_core_clk (net)
                  0.15    0.03   17.04 v clkbuf_2_1_0_core_clk/A (sky130_fd_sc_hd__clkbuf_4)
                  0.03    0.19   17.23 v clkbuf_2_1_0_core_clk/X (sky130_fd_sc_hd__clkbuf_4)
     1    0.01                           clknet_2_1_0_core_clk (net)
                  0.03    0.00   17.24 v clkbuf_2_1_1_core_clk/A (sky130_fd_sc_hd__clkbuf_4)
                  0.09    0.18   17.42 v clkbuf_2_1_1_core_clk/X (sky130_fd_sc_hd__clkbuf_4)
     4    0.04                           clknet_2_1_1_core_clk (net)
                  0.10    0.02   17.43 v clkbuf_3_2_0_core_clk/A (sky130_fd_sc_hd__clkbuf_4)
                  0.04    0.17   17.61 v clkbuf_3_2_0_core_clk/X (sky130_fd_sc_hd__clkbuf_4)
     1    0.01                           clknet_3_2_0_core_clk (net)
                  0.04    0.00   17.61 v clkbuf_3_2_1_core_clk/A (sky130_fd_sc_hd__clkbuf_4)
                  0.03    0.14   17.74 v clkbuf_3_2_1_core_clk/X (sky130_fd_sc_hd__clkbuf_4)
     1    0.01                           clknet_3_2_1_core_clk (net)
                  0.03    0.00   17.75 v clkbuf_3_2_2_core_clk/A (sky130_fd_sc_hd__clkbuf_4)
                  0.07    0.17   17.92 v clkbuf_3_2_2_core_clk/X (sky130_fd_sc_hd__clkbuf_4)
     4    0.03                           clknet_3_2_2_core_clk (net)
                  0.07    0.01   17.93 v clkbuf_4_4_0_core_clk/A (sky130_fd_sc_hd__clkbuf_4)
                  0.05    0.18   18.10 v clkbuf_4_4_0_core_clk/X (sky130_fd_sc_hd__clkbuf_4)
     2    0.02                           clknet_4_4_0_core_clk (net)
                  0.05    0.01   18.11 v clkbuf_5_9_0_core_clk/A (sky130_fd_sc_hd__clkbuf_4)
                  0.03    0.14   18.25 v clkbuf_5_9_0_core_clk/X (sky130_fd_sc_hd__clkbuf_4)
     1    0.01                           clknet_5_9_0_core_clk (net)
                  0.03    0.00   18.26 v clkbuf_5_9_1_core_clk/A (sky130_fd_sc_hd__clkbuf_4)
                  0.37    0.37   18.62 v clkbuf_5_9_1_core_clk/X (sky130_fd_sc_hd__clkbuf_4)
    26    0.19                           clknet_5_9_1_core_clk (net)
                  0.38    0.06   18.68 v clkbuf_opt_26_0_core_clk/A (sky130_fd_sc_hd__clkbuf_16)
                  0.04    0.30   18.99 v clkbuf_opt_26_0_core_clk/X (sky130_fd_sc_hd__clkbuf_16)
     1    0.02                           clknet_opt_26_0_core_clk (net)
                  0.04    0.01   18.99 v clkbuf_opt_26_1_core_clk/A (sky130_fd_sc_hd__clkbuf_16)
                  0.04    0.15   19.14 v clkbuf_opt_26_1_core_clk/X (sky130_fd_sc_hd__clkbuf_16)
     2    0.02                           clknet_opt_26_1_core_clk (net)
                  0.05    0.01   19.16 v clkbuf_leaf_15_core_clk/A (sky130_fd_sc_hd__clkbuf_16)
                  0.05    0.16   19.32 v clkbuf_leaf_15_core_clk/X (sky130_fd_sc_hd__clkbuf_16)
    14    0.05                           clknet_leaf_15_core_clk (net)
                  0.09    0.02   19.34 v sky130_sram_2kbyte_1rw1r_32x512_8/clk0 (sky130_sram_2kbyte_1rw1r_32x512_8)
                  0.00    0.43   19.77 v sky130_sram_2kbyte_1rw1r_32x512_8/dout0[15] (sky130_sram_2kbyte_1rw1r_32x512_8)
     1    0.01                           sram_bus_dat_r[15] (net)
                  0.00    0.00   19.77 v repeater2142/A (sky130_fd_sc_hd__clkbuf_2)
                  0.64    0.46   20.23 v repeater2142/X (sky130_fd_sc_hd__clkbuf_2)
     2    0.17                           net2142 (net)
                  0.68    0.13   20.37 v _22855_/B2 (sky130_fd_sc_hd__a221o_4)
                  0.27    0.85   21.21 v _22855_/X (sky130_fd_sc_hd__a221o_4)
     2    0.16                           _11220_ (net)
                  0.29    0.05   21.26 v _22858_/B1 (sky130_fd_sc_hd__a2111o_4)
                  0.23    0.72   21.98 v _22858_/X (sky130_fd_sc_hd__a2111o_4)
     8    0.12                           VexRiscv.IBusSimplePlugin_rspJoin_rspBuffer_c.io_push_payload_inst[15] (net)
                  0.27    0.08   22.06 v _28158_/A0 (sky130_fd_sc_hd__mux2_2)
                  0.09    0.42   22.48 v _28158_/X (sky130_fd_sc_hd__mux2_2)
     1    0.02                           _02368_ (net)
                  0.09    0.01   22.48 v _25575_/A (sky130_fd_sc_hd__clkinv_2)
                  0.10    0.11   22.60 ^ _25575_/Y (sky130_fd_sc_hd__clkinv_2)
     2    0.03                           _02369_ (net)
                  0.10    0.01   22.61 ^ _28157_/A0 (sky130_fd_sc_hd__mux2_8)
                  0.57    0.51   23.12 ^ _28157_/X (sky130_fd_sc_hd__mux2_8)
    60    0.34                           _02370_ (net)
                  0.59    0.09   23.21 ^ repeater796/A (sky130_fd_sc_hd__buf_12)
                  0.45    0.32   23.52 ^ repeater796/X (sky130_fd_sc_hd__buf_12)
    80    0.43                           net796 (net)
                  0.60    0.22   23.74 ^ repeater795/A (sky130_fd_sc_hd__buf_12)
                  0.47    0.34   24.08 ^ repeater795/X (sky130_fd_sc_hd__buf_12)
    82    0.44                           net795 (net)
                  0.67    0.27   24.35 ^ repeater793/A (sky130_fd_sc_hd__buf_12)
                  0.43    0.28   24.62 ^ repeater793/X (sky130_fd_sc_hd__buf_12)
    74    0.43                           net793 (net)
                  0.80    0.37   25.00 ^ _28920_/S0 (sky130_fd_sc_hd__mux4_2)
                  0.14    0.72   25.71 v _28920_/X (sky130_fd_sc_hd__mux4_2)
     2    0.02                           _00268_ (net)
                  0.15    0.01   25.72 v _28922_/A2 (sky130_fd_sc_hd__mux4_1)
                  0.11    0.59   26.32 v _28922_/X (sky130_fd_sc_hd__mux4_1)
     1    0.01                           _00270_ (net)
                  0.11    0.00   26.32 v _27546_/A1 (sky130_fd_sc_hd__mux2_1)
                  0.08    0.35   26.67 v _27546_/X (sky130_fd_sc_hd__mux2_1)
     1    0.01                           VexRiscv.RegFilePlugin_regFile$rdreg[1]$d[28] (net)
                  0.08    0.00   26.67 v _29630_/D (sky130_fd_sc_hd__dfxtp_1)
                                 26.67   data arrival time

                         30.00   30.00   clock core_clk (rise edge)
                          0.00   30.00   clock source latency
                  1.64    1.11   31.11 ^ core_clk (in)
     2    0.20                           core_clk (net)
                  1.64    0.00   31.11 ^ clkbuf_0_core_clk/A (sky130_fd_sc_hd__clkbuf_16)
                  0.09    0.33   31.44 ^ clkbuf_0_core_clk/X (sky130_fd_sc_hd__clkbuf_16)
     4    0.02                           clknet_0_core_clk (net)
                  0.09    0.01   31.45 ^ clkbuf_1_1_0_core_clk/A (sky130_fd_sc_hd__clkbuf_4)
                  0.05    0.14   31.59 ^ clkbuf_1_1_0_core_clk/X (sky130_fd_sc_hd__clkbuf_4)
     1    0.01                           clknet_1_1_0_core_clk (net)
                  0.05    0.00   31.60 ^ clkbuf_1_1_1_core_clk/A (sky130_fd_sc_hd__clkbuf_4)
                  0.05    0.13   31.73 ^ clkbuf_1_1_1_core_clk/X (sky130_fd_sc_hd__clkbuf_4)
     1    0.01                           clknet_1_1_1_core_clk (net)
                  0.05    0.00   31.73 ^ clkbuf_1_1_2_core_clk/A (sky130_fd_sc_hd__clkbuf_4)
                  0.05    0.13   31.85 ^ clkbuf_1_1_2_core_clk/X (sky130_fd_sc_hd__clkbuf_4)
     1    0.01                           clknet_1_1_2_core_clk (net)
                  0.05    0.00   31.86 ^ clkbuf_1_1_3_core_clk/A (sky130_fd_sc_hd__clkbuf_4)
                  0.05    0.13   31.99 ^ clkbuf_1_1_3_core_clk/X (sky130_fd_sc_hd__clkbuf_4)
     1    0.01                           clknet_1_1_3_core_clk (net)
                  0.05    0.00   31.99 ^ clkbuf_1_1_4_core_clk/A (sky130_fd_sc_hd__clkbuf_4)
                  0.17    0.20   32.19 ^ clkbuf_1_1_4_core_clk/X (sky130_fd_sc_hd__clkbuf_4)
     4    0.05                           clknet_1_1_4_core_clk (net)
                  0.18    0.02   32.21 ^ clkbuf_2_2_0_core_clk/A (sky130_fd_sc_hd__clkbuf_4)
                  0.05    0.17   32.38 ^ clkbuf_2_2_0_core_clk/X (sky130_fd_sc_hd__clkbuf_4)
     1    0.01                           clknet_2_2_0_core_clk (net)
                  0.05    0.00   32.38 ^ clkbuf_2_2_1_core_clk/A (sky130_fd_sc_hd__clkbuf_4)
                  0.14    0.19   32.57 ^ clkbuf_2_2_1_core_clk/X (sky130_fd_sc_hd__clkbuf_4)
     4    0.04                           clknet_2_2_1_core_clk (net)
                  0.14    0.02   32.58 ^ clkbuf_3_5_0_core_clk/A (sky130_fd_sc_hd__clkbuf_4)
                  0.05    0.16   32.75 ^ clkbuf_3_5_0_core_clk/X (sky130_fd_sc_hd__clkbuf_4)
     1    0.01                           clknet_3_5_0_core_clk (net)
                  0.05    0.00   32.75 ^ clkbuf_3_5_1_core_clk/A (sky130_fd_sc_hd__clkbuf_4)
                  0.04    0.12   32.87 ^ clkbuf_3_5_1_core_clk/X (sky130_fd_sc_hd__clkbuf_4)
     1    0.01                           clknet_3_5_1_core_clk (net)
                  0.04    0.00   32.87 ^ clkbuf_3_5_2_core_clk/A (sky130_fd_sc_hd__clkbuf_4)
                  0.12    0.17   33.04 ^ clkbuf_3_5_2_core_clk/X (sky130_fd_sc_hd__clkbuf_4)
     4    0.04                           clknet_3_5_2_core_clk (net)
                  0.12    0.01   33.05 ^ clkbuf_4_11_0_core_clk/A (sky130_fd_sc_hd__clkbuf_4)
                  0.11    0.19   33.24 ^ clkbuf_4_11_0_core_clk/X (sky130_fd_sc_hd__clkbuf_4)
     4    0.03                           clknet_4_11_0_core_clk (net)
                  0.11    0.01   33.25 ^ clkbuf_5_23_0_core_clk/A (sky130_fd_sc_hd__clkbuf_4)
                  0.04    0.14   33.39 ^ clkbuf_5_23_0_core_clk/X (sky130_fd_sc_hd__clkbuf_4)
     1    0.01                           clknet_5_23_0_core_clk (net)
                  0.04    0.00   33.40 ^ clkbuf_5_23_1_core_clk/A (sky130_fd_sc_hd__clkbuf_4)
                  0.85    0.58   33.98 ^ clkbuf_5_23_1_core_clk/X (sky130_fd_sc_hd__clkbuf_4)
    38    0.29                           clknet_5_23_1_core_clk (net)
                  0.87    0.08   34.06 ^ clkbuf_leaf_272_core_clk/A (sky130_fd_sc_hd__clkbuf_16)
                  0.07    0.28   34.34 ^ clkbuf_leaf_272_core_clk/X (sky130_fd_sc_hd__clkbuf_16)
     8    0.03                           clknet_leaf_272_core_clk (net)
                  0.08    0.01   34.36 ^ _29630_/CLK (sky130_fd_sc_hd__dfxtp_1)
                         -0.25   34.11   clock uncertainty
                          0.11   34.22   clock reconvergence pessimism
                         -0.12   34.10   library setup time
                                 34.10   data required time
-----------------------------------------------------------------------------
                                 34.10   data required time
                                -26.67   data arrival time
-----------------------------------------------------------------------------
                                  7.43   slack (MET)


Startpoint: sky130_sram_2kbyte_1rw1r_32x512_8
            (falling edge-triggered flip-flop clocked by core_clk)
Endpoint: _29625_ (rising edge-triggered flip-flop clocked by core_clk)
Path Group: core_clk
Path Type: max

Fanout     Cap    Slew   Delay    Time   Description
-----------------------------------------------------------------------------
                         15.00   15.00   clock core_clk (fall edge)
                          0.00   15.00   clock source latency
                  0.91    0.72   15.72 v core_clk (in)
     2    0.20                           core_clk (net)
                  0.92    0.00   15.72 v clkbuf_0_core_clk/A (sky130_fd_sc_hd__clkbuf_16)
                  0.06    0.48   16.20 v clkbuf_0_core_clk/X (sky130_fd_sc_hd__clkbuf_16)
     4    0.02                           clknet_0_core_clk (net)
                  0.06    0.01   16.22 v clkbuf_1_0_0_core_clk/A (sky130_fd_sc_hd__clkbuf_4)
                  0.04    0.16   16.37 v clkbuf_1_0_0_core_clk/X (sky130_fd_sc_hd__clkbuf_4)
     1    0.01                           clknet_1_0_0_core_clk (net)
                  0.04    0.00   16.37 v clkbuf_1_0_1_core_clk/A (sky130_fd_sc_hd__clkbuf_4)
                  0.04    0.14   16.52 v clkbuf_1_0_1_core_clk/X (sky130_fd_sc_hd__clkbuf_4)
     1    0.01                           clknet_1_0_1_core_clk (net)
                  0.04    0.00   16.52 v clkbuf_1_0_2_core_clk/A (sky130_fd_sc_hd__clkbuf_4)
                  0.04    0.14   16.67 v clkbuf_1_0_2_core_clk/X (sky130_fd_sc_hd__clkbuf_4)
     1    0.01                           clknet_1_0_2_core_clk (net)
                  0.04    0.00   16.67 v clkbuf_1_0_3_core_clk/A (sky130_fd_sc_hd__clkbuf_4)
                  0.03    0.13   16.79 v clkbuf_1_0_3_core_clk/X (sky130_fd_sc_hd__clkbuf_4)
     1    0.00                           clknet_1_0_3_core_clk (net)
                  0.03    0.00   16.79 v clkbuf_1_0_4_core_clk/A (sky130_fd_sc_hd__clkbuf_4)
                  0.15    0.22   17.02 v clkbuf_1_0_4_core_clk/X (sky130_fd_sc_hd__clkbuf_4)
     4    0.07                           clknet_1_0_4_core_clk (net)
                  0.15    0.03   17.04 v clkbuf_2_1_0_core_clk/A (sky130_fd_sc_hd__clkbuf_4)
                  0.03    0.19   17.23 v clkbuf_2_1_0_core_clk/X (sky130_fd_sc_hd__clkbuf_4)
     1    0.01                           clknet_2_1_0_core_clk (net)
                  0.03    0.00   17.24 v clkbuf_2_1_1_core_clk/A (sky130_fd_sc_hd__clkbuf_4)
                  0.09    0.18   17.42 v clkbuf_2_1_1_core_clk/X (sky130_fd_sc_hd__clkbuf_4)
     4    0.04                           clknet_2_1_1_core_clk (net)
                  0.10    0.02   17.43 v clkbuf_3_2_0_core_clk/A (sky130_fd_sc_hd__clkbuf_4)
                  0.04    0.17   17.61 v clkbuf_3_2_0_core_clk/X (sky130_fd_sc_hd__clkbuf_4)
     1    0.01                           clknet_3_2_0_core_clk (net)
                  0.04    0.00   17.61 v clkbuf_3_2_1_core_clk/A (sky130_fd_sc_hd__clkbuf_4)
                  0.03    0.14   17.74 v clkbuf_3_2_1_core_clk/X (sky130_fd_sc_hd__clkbuf_4)
     1    0.01                           clknet_3_2_1_core_clk (net)
                  0.03    0.00   17.75 v clkbuf_3_2_2_core_clk/A (sky130_fd_sc_hd__clkbuf_4)
                  0.07    0.17   17.92 v clkbuf_3_2_2_core_clk/X (sky130_fd_sc_hd__clkbuf_4)
     4    0.03                           clknet_3_2_2_core_clk (net)
                  0.07    0.01   17.93 v clkbuf_4_4_0_core_clk/A (sky130_fd_sc_hd__clkbuf_4)
                  0.05    0.18   18.10 v clkbuf_4_4_0_core_clk/X (sky130_fd_sc_hd__clkbuf_4)
     2    0.02                           clknet_4_4_0_core_clk (net)
                  0.05    0.01   18.11 v clkbuf_5_9_0_core_clk/A (sky130_fd_sc_hd__clkbuf_4)
                  0.03    0.14   18.25 v clkbuf_5_9_0_core_clk/X (sky130_fd_sc_hd__clkbuf_4)
     1    0.01                           clknet_5_9_0_core_clk (net)
                  0.03    0.00   18.26 v clkbuf_5_9_1_core_clk/A (sky130_fd_sc_hd__clkbuf_4)
                  0.37    0.37   18.62 v clkbuf_5_9_1_core_clk/X (sky130_fd_sc_hd__clkbuf_4)
    26    0.19                           clknet_5_9_1_core_clk (net)
                  0.38    0.06   18.68 v clkbuf_opt_26_0_core_clk/A (sky130_fd_sc_hd__clkbuf_16)
                  0.04    0.30   18.99 v clkbuf_opt_26_0_core_clk/X (sky130_fd_sc_hd__clkbuf_16)
     1    0.02                           clknet_opt_26_0_core_clk (net)
                  0.04    0.01   18.99 v clkbuf_opt_26_1_core_clk/A (sky130_fd_sc_hd__clkbuf_16)
                  0.04    0.15   19.14 v clkbuf_opt_26_1_core_clk/X (sky130_fd_sc_hd__clkbuf_16)
     2    0.02                           clknet_opt_26_1_core_clk (net)
                  0.05    0.01   19.16 v clkbuf_leaf_15_core_clk/A (sky130_fd_sc_hd__clkbuf_16)
                  0.05    0.16   19.32 v clkbuf_leaf_15_core_clk/X (sky130_fd_sc_hd__clkbuf_16)
    14    0.05                           clknet_leaf_15_core_clk (net)
                  0.09    0.02   19.34 v sky130_sram_2kbyte_1rw1r_32x512_8/clk0 (sky130_sram_2kbyte_1rw1r_32x512_8)
                  0.00    0.43   19.77 v sky130_sram_2kbyte_1rw1r_32x512_8/dout0[15] (sky130_sram_2kbyte_1rw1r_32x512_8)
     1    0.01                           sram_bus_dat_r[15] (net)
                  0.00    0.00   19.77 v repeater2142/A (sky130_fd_sc_hd__clkbuf_2)
                  0.64    0.46   20.23 v repeater2142/X (sky130_fd_sc_hd__clkbuf_2)
     2    0.17                           net2142 (net)
                  0.68    0.13   20.37 v _22855_/B2 (sky130_fd_sc_hd__a221o_4)
                  0.27    0.85   21.21 v _22855_/X (sky130_fd_sc_hd__a221o_4)
     2    0.16                           _11220_ (net)
                  0.29    0.05   21.26 v _22858_/B1 (sky130_fd_sc_hd__a2111o_4)
                  0.23    0.72   21.98 v _22858_/X (sky130_fd_sc_hd__a2111o_4)
     8    0.12                           VexRiscv.IBusSimplePlugin_rspJoin_rspBuffer_c.io_push_payload_inst[15] (net)
                  0.27    0.08   22.06 v _28158_/A0 (sky130_fd_sc_hd__mux2_2)
                  0.09    0.42   22.48 v _28158_/X (sky130_fd_sc_hd__mux2_2)
     1    0.02                           _02368_ (net)
                  0.09    0.01   22.48 v _25575_/A (sky130_fd_sc_hd__clkinv_2)
                  0.10    0.11   22.60 ^ _25575_/Y (sky130_fd_sc_hd__clkinv_2)
     2    0.03                           _02369_ (net)
                  0.10    0.01   22.61 ^ _28157_/A0 (sky130_fd_sc_hd__mux2_8)
                  0.57    0.51   23.12 ^ _28157_/X (sky130_fd_sc_hd__mux2_8)
    60    0.34                           _02370_ (net)
                  0.59    0.09   23.21 ^ repeater792/A (sky130_fd_sc_hd__buf_12)
                  0.48    0.34   23.55 ^ repeater792/X (sky130_fd_sc_hd__buf_12)
    82    0.45                           net792 (net)
                  0.72    0.30   23.85 ^ repeater791/A (sky130_fd_sc_hd__buf_12)
                  0.43    0.30   24.15 ^ repeater791/X (sky130_fd_sc_hd__buf_12)
    76    0.42                           net791 (net)
                  0.71    0.31   24.46 ^ _28870_/S0 (sky130_fd_sc_hd__mux4_1)
                  0.12    0.72   25.18 v _28870_/X (sky130_fd_sc_hd__mux4_1)
     1    0.01                           _00218_ (net)
                  0.12    0.00   25.19 v _28872_/A2 (sky130_fd_sc_hd__mux4_2)
                  0.17    0.64   25.82 v _28872_/X (sky130_fd_sc_hd__mux4_2)
     2    0.04                           _00220_ (net)
                  0.17    0.02   25.84 v _27541_/A1 (sky130_fd_sc_hd__mux2_8)
                  0.25    0.50   26.34 v _27541_/X (sky130_fd_sc_hd__mux2_8)
     2    0.25                           VexRiscv.RegFilePlugin_regFile$rdreg[1]$d[23] (net)
                  0.29    0.08   26.42 v _29625_/D (sky130_fd_sc_hd__dfxtp_1)
                                 26.42   data arrival time

                         30.00   30.00   clock core_clk (rise edge)
                          0.00   30.00   clock source latency
                  1.64    1.11   31.11 ^ core_clk (in)
     2    0.20                           core_clk (net)
                  1.64    0.00   31.11 ^ clkbuf_0_core_clk/A (sky130_fd_sc_hd__clkbuf_16)
                  0.09    0.33   31.44 ^ clkbuf_0_core_clk/X (sky130_fd_sc_hd__clkbuf_16)
     4    0.02                           clknet_0_core_clk (net)
                  0.09    0.01   31.45 ^ clkbuf_1_1_0_core_clk/A (sky130_fd_sc_hd__clkbuf_4)
                  0.05    0.14   31.59 ^ clkbuf_1_1_0_core_clk/X (sky130_fd_sc_hd__clkbuf_4)
     1    0.01                           clknet_1_1_0_core_clk (net)
                  0.05    0.00   31.60 ^ clkbuf_1_1_1_core_clk/A (sky130_fd_sc_hd__clkbuf_4)
                  0.05    0.13   31.73 ^ clkbuf_1_1_1_core_clk/X (sky130_fd_sc_hd__clkbuf_4)
     1    0.01                           clknet_1_1_1_core_clk (net)
                  0.05    0.00   31.73 ^ clkbuf_1_1_2_core_clk/A (sky130_fd_sc_hd__clkbuf_4)
                  0.05    0.13   31.85 ^ clkbuf_1_1_2_core_clk/X (sky130_fd_sc_hd__clkbuf_4)
     1    0.01                           clknet_1_1_2_core_clk (net)
                  0.05    0.00   31.86 ^ clkbuf_1_1_3_core_clk/A (sky130_fd_sc_hd__clkbuf_4)
                  0.05    0.13   31.99 ^ clkbuf_1_1_3_core_clk/X (sky130_fd_sc_hd__clkbuf_4)
     1    0.01                           clknet_1_1_3_core_clk (net)
                  0.05    0.00   31.99 ^ clkbuf_1_1_4_core_clk/A (sky130_fd_sc_hd__clkbuf_4)
                  0.17    0.20   32.19 ^ clkbuf_1_1_4_core_clk/X (sky130_fd_sc_hd__clkbuf_4)
     4    0.05                           clknet_1_1_4_core_clk (net)
                  0.18    0.02   32.21 ^ clkbuf_2_2_0_core_clk/A (sky130_fd_sc_hd__clkbuf_4)
                  0.05    0.17   32.38 ^ clkbuf_2_2_0_core_clk/X (sky130_fd_sc_hd__clkbuf_4)
     1    0.01                           clknet_2_2_0_core_clk (net)
                  0.05    0.00   32.38 ^ clkbuf_2_2_1_core_clk/A (sky130_fd_sc_hd__clkbuf_4)
                  0.14    0.19   32.57 ^ clkbuf_2_2_1_core_clk/X (sky130_fd_sc_hd__clkbuf_4)
     4    0.04                           clknet_2_2_1_core_clk (net)
                  0.14    0.02   32.58 ^ clkbuf_3_5_0_core_clk/A (sky130_fd_sc_hd__clkbuf_4)
                  0.05    0.16   32.75 ^ clkbuf_3_5_0_core_clk/X (sky130_fd_sc_hd__clkbuf_4)
     1    0.01                           clknet_3_5_0_core_clk (net)
                  0.05    0.00   32.75 ^ clkbuf_3_5_1_core_clk/A (sky130_fd_sc_hd__clkbuf_4)
                  0.04    0.12   32.87 ^ clkbuf_3_5_1_core_clk/X (sky130_fd_sc_hd__clkbuf_4)
     1    0.01                           clknet_3_5_1_core_clk (net)
                  0.04    0.00   32.87 ^ clkbuf_3_5_2_core_clk/A (sky130_fd_sc_hd__clkbuf_4)
                  0.12    0.17   33.04 ^ clkbuf_3_5_2_core_clk/X (sky130_fd_sc_hd__clkbuf_4)
     4    0.04                           clknet_3_5_2_core_clk (net)
                  0.12    0.01   33.05 ^ clkbuf_4_11_0_core_clk/A (sky130_fd_sc_hd__clkbuf_4)
                  0.11    0.19   33.24 ^ clkbuf_4_11_0_core_clk/X (sky130_fd_sc_hd__clkbuf_4)
     4    0.03                           clknet_4_11_0_core_clk (net)
                  0.11    0.01   33.25 ^ clkbuf_5_22_0_core_clk/A (sky130_fd_sc_hd__clkbuf_4)
                  0.04    0.14   33.39 ^ clkbuf_5_22_0_core_clk/X (sky130_fd_sc_hd__clkbuf_4)
     1    0.01                           clknet_5_22_0_core_clk (net)
                  0.04    0.00   33.40 ^ clkbuf_5_22_1_core_clk/A (sky130_fd_sc_hd__clkbuf_4)
                  0.60    0.44   33.83 ^ clkbuf_5_22_1_core_clk/X (sky130_fd_sc_hd__clkbuf_4)
    26    0.20                           clknet_5_22_1_core_clk (net)
                  0.61    0.07   33.90 ^ clkbuf_leaf_246_core_clk/A (sky130_fd_sc_hd__clkbuf_16)
                  0.10    0.27   34.18 ^ clkbuf_leaf_246_core_clk/X (sky130_fd_sc_hd__clkbuf_16)
    22    0.07                           clknet_leaf_246_core_clk (net)
                  0.11    0.02   34.20 ^ _29625_/CLK (sky130_fd_sc_hd__dfxtp_1)
                         -0.25   33.95   clock uncertainty
                          0.11   34.06   clock reconvergence pessimism
                         -0.20   33.86   library setup time
                                 33.86   data required time
-----------------------------------------------------------------------------
                                 33.86   data required time
                                -26.42   data arrival time
-----------------------------------------------------------------------------
                                  7.43   slack (MET)


