
===========================================================================
report_checks -unconstrained
============================================================================
Startpoint: sky130_sram_2kbyte_1rw1r_32x512_8
            (falling edge-triggered flip-flop clocked by core_clk)
Endpoint: _29632_ (rising edge-triggered flip-flop clocked by core_clk)
Path Group: core_clk
Path Type: max

Fanout     Cap    Slew   Delay    Time   Description
-----------------------------------------------------------------------------
                         15.00   15.00   clock core_clk (fall edge)
                          0.00   15.00   clock source latency
                  0.91    0.72   15.72 v core_clk (in)
     2    0.20                           core_clk (net)
                  0.92    0.00   15.72 v clkbuf_0_core_clk/A (sky130_fd_sc_hd__clkbuf_16)
                  0.06    0.48   16.20 v clkbuf_0_core_clk/X (sky130_fd_sc_hd__clkbuf_16)
     4    0.02                           clknet_0_core_clk (net)
                  0.06    0.01   16.22 v clkbuf_1_0_0_core_clk/A (sky130_fd_sc_hd__clkbuf_4)
                  0.04    0.16   16.37 v clkbuf_1_0_0_core_clk/X (sky130_fd_sc_hd__clkbuf_4)
     1    0.01                           clknet_1_0_0_core_clk (net)
                  0.04    0.00   16.37 v clkbuf_1_0_1_core_clk/A (sky130_fd_sc_hd__clkbuf_4)
                  0.04    0.14   16.52 v clkbuf_1_0_1_core_clk/X (sky130_fd_sc_hd__clkbuf_4)
     1    0.01                           clknet_1_0_1_core_clk (net)
                  0.04    0.00   16.52 v clkbuf_1_0_2_core_clk/A (sky130_fd_sc_hd__clkbuf_4)
                  0.04    0.14   16.67 v clkbuf_1_0_2_core_clk/X (sky130_fd_sc_hd__clkbuf_4)
     1    0.01                           clknet_1_0_2_core_clk (net)
                  0.04    0.00   16.67 v clkbuf_1_0_3_core_clk/A (sky130_fd_sc_hd__clkbuf_4)
                  0.03    0.13   16.79 v clkbuf_1_0_3_core_clk/X (sky130_fd_sc_hd__clkbuf_4)
     1    0.00                           clknet_1_0_3_core_clk (net)
                  0.03    0.00   16.79 v clkbuf_1_0_4_core_clk/A (sky130_fd_sc_hd__clkbuf_4)
                  0.15    0.22   17.02 v clkbuf_1_0_4_core_clk/X (sky130_fd_sc_hd__clkbuf_4)
     4    0.07                           clknet_1_0_4_core_clk (net)
                  0.15    0.03   17.04 v clkbuf_2_1_0_core_clk/A (sky130_fd_sc_hd__clkbuf_4)
                  0.03    0.19   17.23 v clkbuf_2_1_0_core_clk/X (sky130_fd_sc_hd__clkbuf_4)
     1    0.01                           clknet_2_1_0_core_clk (net)
                  0.03    0.00   17.24 v clkbuf_2_1_1_core_clk/A (sky130_fd_sc_hd__clkbuf_4)
                  0.09    0.18   17.42 v clkbuf_2_1_1_core_clk/X (sky130_fd_sc_hd__clkbuf_4)
     4    0.04                           clknet_2_1_1_core_clk (net)
                  0.10    0.02   17.43 v clkbuf_3_2_0_core_clk/A (sky130_fd_sc_hd__clkbuf_4)
                  0.04    0.17   17.61 v clkbuf_3_2_0_core_clk/X (sky130_fd_sc_hd__clkbuf_4)
     1    0.01                           clknet_3_2_0_core_clk (net)
                  0.04    0.00   17.61 v clkbuf_3_2_1_core_clk/A (sky130_fd_sc_hd__clkbuf_4)
                  0.03    0.14   17.74 v clkbuf_3_2_1_core_clk/X (sky130_fd_sc_hd__clkbuf_4)
     1    0.01                           clknet_3_2_1_core_clk (net)
                  0.03    0.00   17.75 v clkbuf_3_2_2_core_clk/A (sky130_fd_sc_hd__clkbuf_4)
                  0.07    0.17   17.92 v clkbuf_3_2_2_core_clk/X (sky130_fd_sc_hd__clkbuf_4)
     4    0.03                           clknet_3_2_2_core_clk (net)
                  0.07    0.01   17.93 v clkbuf_4_4_0_core_clk/A (sky130_fd_sc_hd__clkbuf_4)
                  0.05    0.18   18.10 v clkbuf_4_4_0_core_clk/X (sky130_fd_sc_hd__clkbuf_4)
     2    0.02                           clknet_4_4_0_core_clk (net)
                  0.05    0.01   18.11 v clkbuf_5_9_0_core_clk/A (sky130_fd_sc_hd__clkbuf_4)
                  0.03    0.14   18.25 v clkbuf_5_9_0_core_clk/X (sky130_fd_sc_hd__clkbuf_4)
     1    0.01                           clknet_5_9_0_core_clk (net)
                  0.03    0.00   18.26 v clkbuf_5_9_1_core_clk/A (sky130_fd_sc_hd__clkbuf_4)
                  0.37    0.37   18.62 v clkbuf_5_9_1_core_clk/X (sky130_fd_sc_hd__clkbuf_4)
    26    0.19                           clknet_5_9_1_core_clk (net)
                  0.38    0.06   18.68 v clkbuf_opt_26_0_core_clk/A (sky130_fd_sc_hd__clkbuf_16)
                  0.04    0.30   18.99 v clkbuf_opt_26_0_core_clk/X (sky130_fd_sc_hd__clkbuf_16)
     1    0.02                           clknet_opt_26_0_core_clk (net)
                  0.04    0.01   18.99 v clkbuf_opt_26_1_core_clk/A (sky130_fd_sc_hd__clkbuf_16)
                  0.04    0.15   19.14 v clkbuf_opt_26_1_core_clk/X (sky130_fd_sc_hd__clkbuf_16)
     2    0.02                           clknet_opt_26_1_core_clk (net)
                  0.05    0.01   19.16 v clkbuf_leaf_15_core_clk/A (sky130_fd_sc_hd__clkbuf_16)
                  0.05    0.16   19.32 v clkbuf_leaf_15_core_clk/X (sky130_fd_sc_hd__clkbuf_16)
    14    0.05                           clknet_leaf_15_core_clk (net)
                  0.09    0.02   19.34 v sky130_sram_2kbyte_1rw1r_32x512_8/clk0 (sky130_sram_2kbyte_1rw1r_32x512_8)
                  0.00    0.43   19.77 v sky130_sram_2kbyte_1rw1r_32x512_8/dout0[15] (sky130_sram_2kbyte_1rw1r_32x512_8)
     1    0.01                           sram_bus_dat_r[15] (net)
                  0.00    0.00   19.77 v repeater2142/A (sky130_fd_sc_hd__clkbuf_2)
                  0.64    0.46   20.23 v repeater2142/X (sky130_fd_sc_hd__clkbuf_2)
     2    0.17                           net2142 (net)
                  0.68    0.13   20.37 v _22855_/B2 (sky130_fd_sc_hd__a221o_4)
                  0.27    0.85   21.21 v _22855_/X (sky130_fd_sc_hd__a221o_4)
     2    0.16                           _11220_ (net)
                  0.29    0.05   21.26 v _22858_/B1 (sky130_fd_sc_hd__a2111o_4)
                  0.23    0.72   21.98 v _22858_/X (sky130_fd_sc_hd__a2111o_4)
     8    0.12                           VexRiscv.IBusSimplePlugin_rspJoin_rspBuffer_c.io_push_payload_inst[15] (net)
                  0.27    0.08   22.06 v _28158_/A0 (sky130_fd_sc_hd__mux2_2)
                  0.09    0.42   22.48 v _28158_/X (sky130_fd_sc_hd__mux2_2)
     1    0.02                           _02368_ (net)
                  0.09    0.01   22.48 v _25575_/A (sky130_fd_sc_hd__clkinv_2)
                  0.10    0.11   22.60 ^ _25575_/Y (sky130_fd_sc_hd__clkinv_2)
     2    0.03                           _02369_ (net)
                  0.10    0.01   22.61 ^ _28157_/A0 (sky130_fd_sc_hd__mux2_8)
                  0.57    0.51   23.12 ^ _28157_/X (sky130_fd_sc_hd__mux2_8)
    60    0.34                           _02370_ (net)
                  0.59    0.09   23.21 ^ repeater796/A (sky130_fd_sc_hd__buf_12)
                  0.45    0.32   23.52 ^ repeater796/X (sky130_fd_sc_hd__buf_12)
    80    0.43                           net796 (net)
                  0.60    0.22   23.74 ^ repeater795/A (sky130_fd_sc_hd__buf_12)
                  0.47    0.34   24.08 ^ repeater795/X (sky130_fd_sc_hd__buf_12)
    82    0.44                           net795 (net)
                  0.67    0.27   24.35 ^ repeater793/A (sky130_fd_sc_hd__buf_12)
                  0.43    0.28   24.62 ^ repeater793/X (sky130_fd_sc_hd__buf_12)
    74    0.43                           net793 (net)
                  0.80    0.37   25.00 ^ _28940_/S0 (sky130_fd_sc_hd__mux4_2)
                  0.16    0.73   25.73 v _28940_/X (sky130_fd_sc_hd__mux4_2)
     2    0.03                           _00288_ (net)
                  0.16    0.01   25.74 v _28942_/A2 (sky130_fd_sc_hd__mux4_1)
                  0.12    0.60   26.34 v _28942_/X (sky130_fd_sc_hd__mux4_1)
     1    0.01                           _00290_ (net)
                  0.12    0.00   26.34 v _27548_/A1 (sky130_fd_sc_hd__mux2_1)
                  0.08    0.36   26.70 v _27548_/X (sky130_fd_sc_hd__mux2_1)
     1    0.01                           VexRiscv.RegFilePlugin_regFile$rdreg[1]$d[30] (net)
                  0.08    0.00   26.70 v _29632_/D (sky130_fd_sc_hd__dfxtp_1)
                                 26.70   data arrival time

                         30.00   30.00   clock core_clk (rise edge)
                          0.00   30.00   clock source latency
                  1.64    1.11   31.11 ^ core_clk (in)
     2    0.20                           core_clk (net)
                  1.64    0.00   31.11 ^ clkbuf_0_core_clk/A (sky130_fd_sc_hd__clkbuf_16)
                  0.09    0.33   31.44 ^ clkbuf_0_core_clk/X (sky130_fd_sc_hd__clkbuf_16)
     4    0.02                           clknet_0_core_clk (net)
                  0.09    0.01   31.45 ^ clkbuf_1_1_0_core_clk/A (sky130_fd_sc_hd__clkbuf_4)
                  0.05    0.14   31.59 ^ clkbuf_1_1_0_core_clk/X (sky130_fd_sc_hd__clkbuf_4)
     1    0.01                           clknet_1_1_0_core_clk (net)
                  0.05    0.00   31.60 ^ clkbuf_1_1_1_core_clk/A (sky130_fd_sc_hd__clkbuf_4)
                  0.05    0.13   31.73 ^ clkbuf_1_1_1_core_clk/X (sky130_fd_sc_hd__clkbuf_4)
     1    0.01                           clknet_1_1_1_core_clk (net)
                  0.05    0.00   31.73 ^ clkbuf_1_1_2_core_clk/A (sky130_fd_sc_hd__clkbuf_4)
                  0.05    0.13   31.85 ^ clkbuf_1_1_2_core_clk/X (sky130_fd_sc_hd__clkbuf_4)
     1    0.01                           clknet_1_1_2_core_clk (net)
                  0.05    0.00   31.86 ^ clkbuf_1_1_3_core_clk/A (sky130_fd_sc_hd__clkbuf_4)
                  0.05    0.13   31.99 ^ clkbuf_1_1_3_core_clk/X (sky130_fd_sc_hd__clkbuf_4)
     1    0.01                           clknet_1_1_3_core_clk (net)
                  0.05    0.00   31.99 ^ clkbuf_1_1_4_core_clk/A (sky130_fd_sc_hd__clkbuf_4)
                  0.17    0.20   32.19 ^ clkbuf_1_1_4_core_clk/X (sky130_fd_sc_hd__clkbuf_4)
     4    0.05                           clknet_1_1_4_core_clk (net)
                  0.18    0.02   32.21 ^ clkbuf_2_2_0_core_clk/A (sky130_fd_sc_hd__clkbuf_4)
                  0.05    0.17   32.38 ^ clkbuf_2_2_0_core_clk/X (sky130_fd_sc_hd__clkbuf_4)
     1    0.01                           clknet_2_2_0_core_clk (net)
                  0.05    0.00   32.38 ^ clkbuf_2_2_1_core_clk/A (sky130_fd_sc_hd__clkbuf_4)
                  0.14    0.19   32.57 ^ clkbuf_2_2_1_core_clk/X (sky130_fd_sc_hd__clkbuf_4)
     4    0.04                           clknet_2_2_1_core_clk (net)
                  0.14    0.02   32.58 ^ clkbuf_3_5_0_core_clk/A (sky130_fd_sc_hd__clkbuf_4)
                  0.05    0.16   32.75 ^ clkbuf_3_5_0_core_clk/X (sky130_fd_sc_hd__clkbuf_4)
     1    0.01                           clknet_3_5_0_core_clk (net)
                  0.05    0.00   32.75 ^ clkbuf_3_5_1_core_clk/A (sky130_fd_sc_hd__clkbuf_4)
                  0.04    0.12   32.87 ^ clkbuf_3_5_1_core_clk/X (sky130_fd_sc_hd__clkbuf_4)
     1    0.01                           clknet_3_5_1_core_clk (net)
                  0.04    0.00   32.87 ^ clkbuf_3_5_2_core_clk/A (sky130_fd_sc_hd__clkbuf_4)
                  0.12    0.17   33.04 ^ clkbuf_3_5_2_core_clk/X (sky130_fd_sc_hd__clkbuf_4)
     4    0.04                           clknet_3_5_2_core_clk (net)
                  0.12    0.01   33.05 ^ clkbuf_4_11_0_core_clk/A (sky130_fd_sc_hd__clkbuf_4)
                  0.11    0.19   33.24 ^ clkbuf_4_11_0_core_clk/X (sky130_fd_sc_hd__clkbuf_4)
     4    0.03                           clknet_4_11_0_core_clk (net)
                  0.11    0.01   33.25 ^ clkbuf_5_22_0_core_clk/A (sky130_fd_sc_hd__clkbuf_4)
                  0.04    0.14   33.39 ^ clkbuf_5_22_0_core_clk/X (sky130_fd_sc_hd__clkbuf_4)
     1    0.01                           clknet_5_22_0_core_clk (net)
                  0.04    0.00   33.40 ^ clkbuf_5_22_1_core_clk/A (sky130_fd_sc_hd__clkbuf_4)
                  0.60    0.44   33.83 ^ clkbuf_5_22_1_core_clk/X (sky130_fd_sc_hd__clkbuf_4)
    26    0.20                           clknet_5_22_1_core_clk (net)
                  0.61    0.07   33.90 ^ clkbuf_leaf_275_core_clk/A (sky130_fd_sc_hd__clkbuf_16)
                  0.10    0.27   34.17 ^ clkbuf_leaf_275_core_clk/X (sky130_fd_sc_hd__clkbuf_16)
    26    0.07                           clknet_leaf_275_core_clk (net)
                  0.12    0.03   34.20 ^ _29632_/CLK (sky130_fd_sc_hd__dfxtp_1)
                         -0.25   33.95   clock uncertainty
                          0.11   34.07   clock reconvergence pessimism
                         -0.11   33.96   library setup time
                                 33.96   data required time
-----------------------------------------------------------------------------
                                 33.96   data required time
                                -26.70   data arrival time
-----------------------------------------------------------------------------
                                  7.25   slack (MET)



===========================================================================
report_checks --slack_max -0.01
============================================================================
No paths found.
