
===========================================================================
report_checks -path_delay min (Hold)
============================================================================
Startpoint: _30877_ (rising edge-triggered flip-flop clocked by core_clk)
Endpoint: _30878_ (rising edge-triggered flip-flop clocked by core_clk)
Path Group: core_clk
Path Type: min

Fanout     Cap    Slew   Delay    Time   Description
-----------------------------------------------------------------------------
                          0.00    0.00   clock core_clk (rise edge)
                          0.00    0.00   clock source latency
                  1.64    1.11    1.11 ^ core_clk (in)
     2    0.20                           core_clk (net)
                  1.64    0.00    1.11 ^ clkbuf_0_core_clk/A (sky130_fd_sc_hd__clkbuf_16)
                  0.09    0.33    1.44 ^ clkbuf_0_core_clk/X (sky130_fd_sc_hd__clkbuf_16)
     4    0.02                           clknet_0_core_clk (net)
                  0.09    0.01    1.45 ^ clkbuf_1_1_0_core_clk/A (sky130_fd_sc_hd__clkbuf_4)
                  0.05    0.14    1.59 ^ clkbuf_1_1_0_core_clk/X (sky130_fd_sc_hd__clkbuf_4)
     1    0.01                           clknet_1_1_0_core_clk (net)
                  0.05    0.00    1.60 ^ clkbuf_1_1_1_core_clk/A (sky130_fd_sc_hd__clkbuf_4)
                  0.05    0.13    1.73 ^ clkbuf_1_1_1_core_clk/X (sky130_fd_sc_hd__clkbuf_4)
     1    0.01                           clknet_1_1_1_core_clk (net)
                  0.05    0.00    1.73 ^ clkbuf_1_1_2_core_clk/A (sky130_fd_sc_hd__clkbuf_4)
                  0.05    0.13    1.85 ^ clkbuf_1_1_2_core_clk/X (sky130_fd_sc_hd__clkbuf_4)
     1    0.01                           clknet_1_1_2_core_clk (net)
                  0.05    0.00    1.86 ^ clkbuf_1_1_3_core_clk/A (sky130_fd_sc_hd__clkbuf_4)
                  0.05    0.13    1.99 ^ clkbuf_1_1_3_core_clk/X (sky130_fd_sc_hd__clkbuf_4)
     1    0.01                           clknet_1_1_3_core_clk (net)
                  0.05    0.00    1.99 ^ clkbuf_1_1_4_core_clk/A (sky130_fd_sc_hd__clkbuf_4)
                  0.17    0.20    2.19 ^ clkbuf_1_1_4_core_clk/X (sky130_fd_sc_hd__clkbuf_4)
     4    0.05                           clknet_1_1_4_core_clk (net)
                  0.18    0.03    2.21 ^ clkbuf_2_3_0_core_clk/A (sky130_fd_sc_hd__clkbuf_4)
                  0.05    0.17    2.38 ^ clkbuf_2_3_0_core_clk/X (sky130_fd_sc_hd__clkbuf_4)
     1    0.01                           clknet_2_3_0_core_clk (net)
                  0.05    0.00    2.39 ^ clkbuf_2_3_1_core_clk/A (sky130_fd_sc_hd__clkbuf_4)
                  0.15    0.19    2.58 ^ clkbuf_2_3_1_core_clk/X (sky130_fd_sc_hd__clkbuf_4)
     4    0.05                           clknet_2_3_1_core_clk (net)
                  0.15    0.01    2.59 ^ clkbuf_3_7_0_core_clk/A (sky130_fd_sc_hd__clkbuf_4)
                  0.05    0.16    2.75 ^ clkbuf_3_7_0_core_clk/X (sky130_fd_sc_hd__clkbuf_4)
     1    0.01                           clknet_3_7_0_core_clk (net)
                  0.05    0.01    2.76 ^ clkbuf_3_7_1_core_clk/A (sky130_fd_sc_hd__clkbuf_4)
                  0.04    0.12    2.88 ^ clkbuf_3_7_1_core_clk/X (sky130_fd_sc_hd__clkbuf_4)
     1    0.01                           clknet_3_7_1_core_clk (net)
                  0.04    0.00    2.88 ^ clkbuf_3_7_2_core_clk/A (sky130_fd_sc_hd__clkbuf_4)
                  0.13    0.18    3.06 ^ clkbuf_3_7_2_core_clk/X (sky130_fd_sc_hd__clkbuf_4)
     4    0.04                           clknet_3_7_2_core_clk (net)
                  0.13    0.01    3.07 ^ clkbuf_4_15_0_core_clk/A (sky130_fd_sc_hd__clkbuf_4)
                  0.09    0.18    3.25 ^ clkbuf_4_15_0_core_clk/X (sky130_fd_sc_hd__clkbuf_4)
     4    0.03                           clknet_4_15_0_core_clk (net)
                  0.09    0.01    3.26 ^ clkbuf_5_30_0_core_clk/A (sky130_fd_sc_hd__clkbuf_4)
                  0.04    0.13    3.40 ^ clkbuf_5_30_0_core_clk/X (sky130_fd_sc_hd__clkbuf_4)
     1    0.01                           clknet_5_30_0_core_clk (net)
                  0.04    0.00    3.40 ^ clkbuf_5_30_1_core_clk/A (sky130_fd_sc_hd__clkbuf_4)
                  0.72    0.53    3.93 ^ clkbuf_5_30_1_core_clk/X (sky130_fd_sc_hd__clkbuf_4)
    30    0.24                           clknet_5_30_1_core_clk (net)
                  0.72    0.04    3.97 ^ clkbuf_leaf_182_core_clk/A (sky130_fd_sc_hd__clkbuf_16)
                  0.07    0.27    4.24 ^ clkbuf_leaf_182_core_clk/X (sky130_fd_sc_hd__clkbuf_16)
     6    0.03                           clknet_leaf_182_core_clk (net)
                  0.07    0.01    4.25 ^ _30877_/CLK (sky130_fd_sc_hd__dfxtp_2)
                  0.08    0.34    4.59 v _30877_/Q (sky130_fd_sc_hd__dfxtp_2)
     6    0.03                           debug_address[27] (net)
                  0.08    0.01    4.59 v _23089_/B (sky130_fd_sc_hd__nand2_1)
                  0.08    0.10    4.69 ^ _23089_/Y (sky130_fd_sc_hd__nand2_1)
     2    0.01                           _11374_ (net)
                  0.08    0.00    4.69 ^ _23133_/A2 (sky130_fd_sc_hd__o31a_1)
                  0.05    0.13    4.82 ^ _23133_/X (sky130_fd_sc_hd__o31a_1)
     1    0.00                           _11411_ (net)
                  0.05    0.00    4.82 ^ _23136_/A1 (sky130_fd_sc_hd__a21o_1)
                  0.09    0.13    4.95 ^ _23136_/X (sky130_fd_sc_hd__a21o_1)
     1    0.01                           _03550_ (net)
                  0.09    0.00    4.96 ^ _30878_/D (sky130_fd_sc_hd__dfxtp_2)
                                  4.96   data arrival time

                          0.00    0.00   clock core_clk (rise edge)
                          0.00    0.00   clock source latency
                  1.64    1.23    1.23 ^ core_clk (in)
     2    0.20                           core_clk (net)
                  1.64    0.00    1.23 ^ clkbuf_0_core_clk/A (sky130_fd_sc_hd__clkbuf_16)
                  0.09    0.37    1.59 ^ clkbuf_0_core_clk/X (sky130_fd_sc_hd__clkbuf_16)
     4    0.02                           clknet_0_core_clk (net)
                  0.09    0.01    1.60 ^ clkbuf_1_1_0_core_clk/A (sky130_fd_sc_hd__clkbuf_4)
                  0.05    0.16    1.76 ^ clkbuf_1_1_0_core_clk/X (sky130_fd_sc_hd__clkbuf_4)
     1    0.01                           clknet_1_1_0_core_clk (net)
                  0.05    0.00    1.77 ^ clkbuf_1_1_1_core_clk/A (sky130_fd_sc_hd__clkbuf_4)
                  0.05    0.14    1.91 ^ clkbuf_1_1_1_core_clk/X (sky130_fd_sc_hd__clkbuf_4)
     1    0.01                           clknet_1_1_1_core_clk (net)
                  0.05    0.00    1.91 ^ clkbuf_1_1_2_core_clk/A (sky130_fd_sc_hd__clkbuf_4)
                  0.05    0.14    2.05 ^ clkbuf_1_1_2_core_clk/X (sky130_fd_sc_hd__clkbuf_4)
     1    0.01                           clknet_1_1_2_core_clk (net)
                  0.05    0.01    2.06 ^ clkbuf_1_1_3_core_clk/A (sky130_fd_sc_hd__clkbuf_4)
                  0.05    0.14    2.20 ^ clkbuf_1_1_3_core_clk/X (sky130_fd_sc_hd__clkbuf_4)
     1    0.01                           clknet_1_1_3_core_clk (net)
                  0.05    0.00    2.20 ^ clkbuf_1_1_4_core_clk/A (sky130_fd_sc_hd__clkbuf_4)
                  0.17    0.22    2.42 ^ clkbuf_1_1_4_core_clk/X (sky130_fd_sc_hd__clkbuf_4)
     4    0.05                           clknet_1_1_4_core_clk (net)
                  0.18    0.03    2.45 ^ clkbuf_2_3_0_core_clk/A (sky130_fd_sc_hd__clkbuf_4)
                  0.05    0.19    2.63 ^ clkbuf_2_3_0_core_clk/X (sky130_fd_sc_hd__clkbuf_4)
     1    0.01                           clknet_2_3_0_core_clk (net)
                  0.05    0.00    2.64 ^ clkbuf_2_3_1_core_clk/A (sky130_fd_sc_hd__clkbuf_4)
                  0.15    0.21    2.85 ^ clkbuf_2_3_1_core_clk/X (sky130_fd_sc_hd__clkbuf_4)
     4    0.05                           clknet_2_3_1_core_clk (net)
                  0.15    0.01    2.86 ^ clkbuf_3_7_0_core_clk/A (sky130_fd_sc_hd__clkbuf_4)
                  0.05    0.18    3.04 ^ clkbuf_3_7_0_core_clk/X (sky130_fd_sc_hd__clkbuf_4)
     1    0.01                           clknet_3_7_0_core_clk (net)
                  0.05    0.01    3.05 ^ clkbuf_3_7_1_core_clk/A (sky130_fd_sc_hd__clkbuf_4)
                  0.04    0.13    3.18 ^ clkbuf_3_7_1_core_clk/X (sky130_fd_sc_hd__clkbuf_4)
     1    0.01                           clknet_3_7_1_core_clk (net)
                  0.04    0.00    3.18 ^ clkbuf_3_7_2_core_clk/A (sky130_fd_sc_hd__clkbuf_4)
                  0.13    0.19    3.38 ^ clkbuf_3_7_2_core_clk/X (sky130_fd_sc_hd__clkbuf_4)
     4    0.04                           clknet_3_7_2_core_clk (net)
                  0.13    0.01    3.39 ^ clkbuf_4_14_0_core_clk/A (sky130_fd_sc_hd__clkbuf_4)
                  0.10    0.21    3.61 ^ clkbuf_4_14_0_core_clk/X (sky130_fd_sc_hd__clkbuf_4)
     4    0.03                           clknet_4_14_0_core_clk (net)
                  0.10    0.01    3.61 ^ clkbuf_5_28_0_core_clk/A (sky130_fd_sc_hd__clkbuf_4)
                  0.04    0.15    3.76 ^ clkbuf_5_28_0_core_clk/X (sky130_fd_sc_hd__clkbuf_4)
     1    0.01                           clknet_5_28_0_core_clk (net)
                  0.04    0.00    3.77 ^ clkbuf_5_28_1_core_clk/A (sky130_fd_sc_hd__clkbuf_4)
                  0.83    0.62    4.39 ^ clkbuf_5_28_1_core_clk/X (sky130_fd_sc_hd__clkbuf_4)
    34    0.28                           clknet_5_28_1_core_clk (net)
                  0.85    0.11    4.49 ^ clkbuf_leaf_183_core_clk/A (sky130_fd_sc_hd__clkbuf_16)
                  0.09    0.32    4.81 ^ clkbuf_leaf_183_core_clk/X (sky130_fd_sc_hd__clkbuf_16)
    20    0.06                           clknet_leaf_183_core_clk (net)
                  0.11    0.03    4.85 ^ _30878_/CLK (sky130_fd_sc_hd__dfxtp_2)
                          0.25    5.10   clock uncertainty
                         -0.32    4.77   clock reconvergence pessimism
                         -0.03    4.74   library hold time
                                  4.74   data required time
-----------------------------------------------------------------------------
                                  4.74   data required time
                                 -4.96   data arrival time
-----------------------------------------------------------------------------
                                  0.22   slack (MET)


Startpoint: _29984_ (rising edge-triggered flip-flop clocked by core_clk)
Endpoint: _29437_ (rising edge-triggered flip-flop clocked by core_clk)
Path Group: core_clk
Path Type: min

Fanout     Cap    Slew   Delay    Time   Description
-----------------------------------------------------------------------------
                          0.00    0.00   clock core_clk (rise edge)
                          0.00    0.00   clock source latency
                  1.64    1.11    1.11 ^ core_clk (in)
     2    0.20                           core_clk (net)
                  1.64    0.00    1.11 ^ clkbuf_0_core_clk/A (sky130_fd_sc_hd__clkbuf_16)
                  0.09    0.33    1.44 ^ clkbuf_0_core_clk/X (sky130_fd_sc_hd__clkbuf_16)
     4    0.02                           clknet_0_core_clk (net)
                  0.09    0.01    1.45 ^ clkbuf_1_0_0_core_clk/A (sky130_fd_sc_hd__clkbuf_4)
                  0.05    0.14    1.59 ^ clkbuf_1_0_0_core_clk/X (sky130_fd_sc_hd__clkbuf_4)
     1    0.01                           clknet_1_0_0_core_clk (net)
                  0.05    0.00    1.59 ^ clkbuf_1_0_1_core_clk/A (sky130_fd_sc_hd__clkbuf_4)
                  0.05    0.13    1.72 ^ clkbuf_1_0_1_core_clk/X (sky130_fd_sc_hd__clkbuf_4)
     1    0.01                           clknet_1_0_1_core_clk (net)
                  0.05    0.00    1.72 ^ clkbuf_1_0_2_core_clk/A (sky130_fd_sc_hd__clkbuf_4)
                  0.04    0.12    1.85 ^ clkbuf_1_0_2_core_clk/X (sky130_fd_sc_hd__clkbuf_4)
     1    0.01                           clknet_1_0_2_core_clk (net)
                  0.04    0.00    1.85 ^ clkbuf_1_0_3_core_clk/A (sky130_fd_sc_hd__clkbuf_4)
                  0.03    0.11    1.95 ^ clkbuf_1_0_3_core_clk/X (sky130_fd_sc_hd__clkbuf_4)
     1    0.00                           clknet_1_0_3_core_clk (net)
                  0.03    0.00    1.95 ^ clkbuf_1_0_4_core_clk/A (sky130_fd_sc_hd__clkbuf_4)
                  0.22    0.23    2.18 ^ clkbuf_1_0_4_core_clk/X (sky130_fd_sc_hd__clkbuf_4)
     4    0.07                           clknet_1_0_4_core_clk (net)
                  0.22    0.02    2.21 ^ clkbuf_2_0_0_core_clk/A (sky130_fd_sc_hd__clkbuf_4)
                  0.03    0.17    2.37 ^ clkbuf_2_0_0_core_clk/X (sky130_fd_sc_hd__clkbuf_4)
     1    0.00                           clknet_2_0_0_core_clk (net)
                  0.03    0.00    2.37 ^ clkbuf_2_0_1_core_clk/A (sky130_fd_sc_hd__clkbuf_4)
                  0.40    0.30    2.67 ^ clkbuf_2_0_1_core_clk/X (sky130_fd_sc_hd__clkbuf_4)
     4    0.13                           clknet_2_0_1_core_clk (net)
                  0.43    0.08    2.75 ^ clkbuf_3_1_0_core_clk/A (sky130_fd_sc_hd__clkbuf_4)
                  0.04    0.21    2.96 ^ clkbuf_3_1_0_core_clk/X (sky130_fd_sc_hd__clkbuf_4)
     1    0.00                           clknet_3_1_0_core_clk (net)
                  0.04    0.00    2.96 ^ clkbuf_3_1_1_core_clk/A (sky130_fd_sc_hd__clkbuf_4)
                  0.03    0.11    3.07 ^ clkbuf_3_1_1_core_clk/X (sky130_fd_sc_hd__clkbuf_4)
     1    0.00                           clknet_3_1_1_core_clk (net)
                  0.03    0.00    3.07 ^ clkbuf_3_1_2_core_clk/A (sky130_fd_sc_hd__clkbuf_4)
                  0.10    0.16    3.22 ^ clkbuf_3_1_2_core_clk/X (sky130_fd_sc_hd__clkbuf_4)
     4    0.03                           clknet_3_1_2_core_clk (net)
                  0.10    0.01    3.23 ^ clkbuf_4_2_0_core_clk/A (sky130_fd_sc_hd__clkbuf_4)
                  0.09    0.17    3.41 ^ clkbuf_4_2_0_core_clk/X (sky130_fd_sc_hd__clkbuf_4)
     4    0.03                           clknet_4_2_0_core_clk (net)
                  0.09    0.01    3.42 ^ clkbuf_5_5_0_core_clk/A (sky130_fd_sc_hd__clkbuf_4)
                  0.04    0.13    3.55 ^ clkbuf_5_5_0_core_clk/X (sky130_fd_sc_hd__clkbuf_4)
     1    0.01                           clknet_5_5_0_core_clk (net)
                  0.04    0.00    3.55 ^ clkbuf_5_5_1_core_clk/A (sky130_fd_sc_hd__clkbuf_4)
                  0.56    0.45    4.00 ^ clkbuf_5_5_1_core_clk/X (sky130_fd_sc_hd__clkbuf_4)
    26    0.19                           clknet_5_5_1_core_clk (net)
                  0.57    0.03    4.03 ^ clkbuf_leaf_365_core_clk/A (sky130_fd_sc_hd__clkbuf_16)
                  0.06    0.25    4.27 ^ clkbuf_leaf_365_core_clk/X (sky130_fd_sc_hd__clkbuf_16)
     7    0.03                           clknet_leaf_365_core_clk (net)
                  0.06    0.01    4.29 ^ _29984_/CLK (sky130_fd_sc_hd__dfxtp_1)
                  0.10    0.33    4.62 ^ _29984_/Q (sky130_fd_sc_hd__dfxtp_1)
     3    0.01                           VexRiscv.RegFilePlugin_regFile[0][22] (net)
                  0.10    0.00    4.62 ^ _29204_/A1 (sky130_fd_sc_hd__mux4_1)
                  0.06    0.23    4.85 ^ _29204_/X (sky130_fd_sc_hd__mux4_1)
     1    0.00                           _00554_ (net)
                  0.06    0.00    4.85 ^ _29208_/A0 (sky130_fd_sc_hd__mux4_1)
                  0.05    0.20    5.05 ^ _29208_/X (sky130_fd_sc_hd__mux4_1)
     1    0.00                           _00558_ (net)
                  0.05    0.00    5.05 ^ _27854_/A0 (sky130_fd_sc_hd__mux2_1)
                  0.08    0.14    5.19 ^ _27854_/X (sky130_fd_sc_hd__mux2_1)
     1    0.01                           VexRiscv.RegFilePlugin_regFile$rdreg[0]$d[22] (net)
                  0.08    0.00    5.19 ^ _29437_/D (sky130_fd_sc_hd__dfxtp_1)
                                  5.19   data arrival time

                          0.00    0.00   clock core_clk (rise edge)
                          0.00    0.00   clock source latency
                  1.64    1.23    1.23 ^ core_clk (in)
     2    0.20                           core_clk (net)
                  1.64    0.00    1.23 ^ clkbuf_0_core_clk/A (sky130_fd_sc_hd__clkbuf_16)
                  0.09    0.37    1.59 ^ clkbuf_0_core_clk/X (sky130_fd_sc_hd__clkbuf_16)
     4    0.02                           clknet_0_core_clk (net)
                  0.09    0.01    1.60 ^ clkbuf_1_1_0_core_clk/A (sky130_fd_sc_hd__clkbuf_4)
                  0.05    0.16    1.76 ^ clkbuf_1_1_0_core_clk/X (sky130_fd_sc_hd__clkbuf_4)
     1    0.01                           clknet_1_1_0_core_clk (net)
                  0.05    0.00    1.77 ^ clkbuf_1_1_1_core_clk/A (sky130_fd_sc_hd__clkbuf_4)
                  0.05    0.14    1.91 ^ clkbuf_1_1_1_core_clk/X (sky130_fd_sc_hd__clkbuf_4)
     1    0.01                           clknet_1_1_1_core_clk (net)
                  0.05    0.00    1.91 ^ clkbuf_1_1_2_core_clk/A (sky130_fd_sc_hd__clkbuf_4)
                  0.05    0.14    2.05 ^ clkbuf_1_1_2_core_clk/X (sky130_fd_sc_hd__clkbuf_4)
     1    0.01                           clknet_1_1_2_core_clk (net)
                  0.05    0.01    2.06 ^ clkbuf_1_1_3_core_clk/A (sky130_fd_sc_hd__clkbuf_4)
                  0.05    0.14    2.20 ^ clkbuf_1_1_3_core_clk/X (sky130_fd_sc_hd__clkbuf_4)
     1    0.01                           clknet_1_1_3_core_clk (net)
                  0.05    0.00    2.20 ^ clkbuf_1_1_4_core_clk/A (sky130_fd_sc_hd__clkbuf_4)
                  0.17    0.22    2.42 ^ clkbuf_1_1_4_core_clk/X (sky130_fd_sc_hd__clkbuf_4)
     4    0.05                           clknet_1_1_4_core_clk (net)
                  0.18    0.03    2.45 ^ clkbuf_2_2_0_core_clk/A (sky130_fd_sc_hd__clkbuf_4)
                  0.05    0.19    2.63 ^ clkbuf_2_2_0_core_clk/X (sky130_fd_sc_hd__clkbuf_4)
     1    0.01                           clknet_2_2_0_core_clk (net)
                  0.05    0.00    2.64 ^ clkbuf_2_2_1_core_clk/A (sky130_fd_sc_hd__clkbuf_4)
                  0.14    0.20    2.84 ^ clkbuf_2_2_1_core_clk/X (sky130_fd_sc_hd__clkbuf_4)
     4    0.04                           clknet_2_2_1_core_clk (net)
                  0.14    0.02    2.86 ^ clkbuf_3_4_0_core_clk/A (sky130_fd_sc_hd__clkbuf_4)
                  0.05    0.18    3.03 ^ clkbuf_3_4_0_core_clk/X (sky130_fd_sc_hd__clkbuf_4)
     1    0.01                           clknet_3_4_0_core_clk (net)
                  0.05    0.00    3.04 ^ clkbuf_3_4_1_core_clk/A (sky130_fd_sc_hd__clkbuf_4)
                  0.04    0.13    3.17 ^ clkbuf_3_4_1_core_clk/X (sky130_fd_sc_hd__clkbuf_4)
     1    0.01                           clknet_3_4_1_core_clk (net)
                  0.04    0.00    3.17 ^ clkbuf_3_4_2_core_clk/A (sky130_fd_sc_hd__clkbuf_4)
                  0.14    0.20    3.37 ^ clkbuf_3_4_2_core_clk/X (sky130_fd_sc_hd__clkbuf_4)
     4    0.04                           clknet_3_4_2_core_clk (net)
                  0.14    0.02    3.38 ^ clkbuf_4_8_0_core_clk/A (sky130_fd_sc_hd__clkbuf_4)
                  0.10    0.22    3.60 ^ clkbuf_4_8_0_core_clk/X (sky130_fd_sc_hd__clkbuf_4)
     4    0.03                           clknet_4_8_0_core_clk (net)
                  0.11    0.01    3.61 ^ clkbuf_5_16_0_core_clk/A (sky130_fd_sc_hd__clkbuf_4)
                  0.04    0.15    3.77 ^ clkbuf_5_16_0_core_clk/X (sky130_fd_sc_hd__clkbuf_4)
     1    0.01                           clknet_5_16_0_core_clk (net)
                  0.04    0.00    3.77 ^ clkbuf_5_16_1_core_clk/A (sky130_fd_sc_hd__clkbuf_4)
                  0.87    0.71    4.48 ^ clkbuf_5_16_1_core_clk/X (sky130_fd_sc_hd__clkbuf_4)
    36    0.30                           clknet_5_16_1_core_clk (net)
                  0.87    0.05    4.53 ^ clkbuf_leaf_347_core_clk/A (sky130_fd_sc_hd__clkbuf_16)
                  0.11    0.33    4.85 ^ clkbuf_leaf_347_core_clk/X (sky130_fd_sc_hd__clkbuf_16)
    28    0.08                           clknet_leaf_347_core_clk (net)
                  0.14    0.05    4.90 ^ _29437_/CLK (sky130_fd_sc_hd__dfxtp_1)
                          0.25    5.15   clock uncertainty
                         -0.15    5.00   clock reconvergence pessimism
                         -0.03    4.97   library hold time
                                  4.97   data required time
-----------------------------------------------------------------------------
                                  4.97   data required time
                                 -5.19   data arrival time
-----------------------------------------------------------------------------
                                  0.22   slack (MET)


Startpoint: _32504_ (rising edge-triggered flip-flop clocked by core_clk)
Endpoint: _32118_ (rising edge-triggered flip-flop clocked by core_clk)
Path Group: core_clk
Path Type: min

Fanout     Cap    Slew   Delay    Time   Description
-----------------------------------------------------------------------------
                          0.00    0.00   clock core_clk (rise edge)
                          0.00    0.00   clock source latency
                  1.64    1.11    1.11 ^ core_clk (in)
     2    0.20                           core_clk (net)
                  1.64    0.00    1.11 ^ clkbuf_0_core_clk/A (sky130_fd_sc_hd__clkbuf_16)
                  0.09    0.33    1.44 ^ clkbuf_0_core_clk/X (sky130_fd_sc_hd__clkbuf_16)
     4    0.02                           clknet_0_core_clk (net)
                  0.09    0.01    1.45 ^ clkbuf_1_0_0_core_clk/A (sky130_fd_sc_hd__clkbuf_4)
                  0.05    0.14    1.59 ^ clkbuf_1_0_0_core_clk/X (sky130_fd_sc_hd__clkbuf_4)
     1    0.01                           clknet_1_0_0_core_clk (net)
                  0.05    0.00    1.59 ^ clkbuf_1_0_1_core_clk/A (sky130_fd_sc_hd__clkbuf_4)
                  0.05    0.13    1.72 ^ clkbuf_1_0_1_core_clk/X (sky130_fd_sc_hd__clkbuf_4)
     1    0.01                           clknet_1_0_1_core_clk (net)
                  0.05    0.00    1.72 ^ clkbuf_1_0_2_core_clk/A (sky130_fd_sc_hd__clkbuf_4)
                  0.04    0.12    1.85 ^ clkbuf_1_0_2_core_clk/X (sky130_fd_sc_hd__clkbuf_4)
     1    0.01                           clknet_1_0_2_core_clk (net)
                  0.04    0.00    1.85 ^ clkbuf_1_0_3_core_clk/A (sky130_fd_sc_hd__clkbuf_4)
                  0.03    0.11    1.95 ^ clkbuf_1_0_3_core_clk/X (sky130_fd_sc_hd__clkbuf_4)
     1    0.00                           clknet_1_0_3_core_clk (net)
                  0.03    0.00    1.95 ^ clkbuf_1_0_4_core_clk/A (sky130_fd_sc_hd__clkbuf_4)
                  0.22    0.23    2.18 ^ clkbuf_1_0_4_core_clk/X (sky130_fd_sc_hd__clkbuf_4)
     4    0.07                           clknet_1_0_4_core_clk (net)
                  0.22    0.02    2.21 ^ clkbuf_2_1_0_core_clk/A (sky130_fd_sc_hd__clkbuf_4)
                  0.04    0.17    2.38 ^ clkbuf_2_1_0_core_clk/X (sky130_fd_sc_hd__clkbuf_4)
     1    0.01                           clknet_2_1_0_core_clk (net)
                  0.04    0.00    2.38 ^ clkbuf_2_1_1_core_clk/A (sky130_fd_sc_hd__clkbuf_4)
                  0.13    0.17    2.56 ^ clkbuf_2_1_1_core_clk/X (sky130_fd_sc_hd__clkbuf_4)
     4    0.04                           clknet_2_1_1_core_clk (net)
                  0.13    0.02    2.57 ^ clkbuf_3_2_0_core_clk/A (sky130_fd_sc_hd__clkbuf_4)
                  0.05    0.15    2.73 ^ clkbuf_3_2_0_core_clk/X (sky130_fd_sc_hd__clkbuf_4)
     1    0.01                           clknet_3_2_0_core_clk (net)
                  0.05    0.00    2.73 ^ clkbuf_3_2_1_core_clk/A (sky130_fd_sc_hd__clkbuf_4)
                  0.04    0.12    2.85 ^ clkbuf_3_2_1_core_clk/X (sky130_fd_sc_hd__clkbuf_4)
     1    0.01                           clknet_3_2_1_core_clk (net)
                  0.04    0.00    2.85 ^ clkbuf_3_2_2_core_clk/A (sky130_fd_sc_hd__clkbuf_4)
                  0.10    0.16    3.01 ^ clkbuf_3_2_2_core_clk/X (sky130_fd_sc_hd__clkbuf_4)
     4    0.03                           clknet_3_2_2_core_clk (net)
                  0.10    0.01    3.01 ^ clkbuf_4_5_0_core_clk/A (sky130_fd_sc_hd__clkbuf_4)
                  0.09    0.18    3.19 ^ clkbuf_4_5_0_core_clk/X (sky130_fd_sc_hd__clkbuf_4)
     4    0.03                           clknet_4_5_0_core_clk (net)
                  0.09    0.01    3.20 ^ clkbuf_5_10_0_core_clk/A (sky130_fd_sc_hd__clkbuf_4)
                  0.04    0.13    3.33 ^ clkbuf_5_10_0_core_clk/X (sky130_fd_sc_hd__clkbuf_4)
     1    0.01                           clknet_5_10_0_core_clk (net)
                  0.04    0.00    3.33 ^ clkbuf_5_10_1_core_clk/A (sky130_fd_sc_hd__clkbuf_4)
                  0.37    0.31    3.65 ^ clkbuf_5_10_1_core_clk/X (sky130_fd_sc_hd__clkbuf_4)
    16    0.12                           clknet_5_10_1_core_clk (net)
                  0.38    0.04    3.69 ^ clkbuf_leaf_44_core_clk/A (sky130_fd_sc_hd__clkbuf_16)
                  0.05    0.21    3.90 ^ clkbuf_leaf_44_core_clk/X (sky130_fd_sc_hd__clkbuf_16)
     6    0.02                           clknet_leaf_44_core_clk (net)
                  0.05    0.00    3.90 ^ _32504_/CLK (sky130_fd_sc_hd__dfxtp_4)
                  0.11    0.37    4.28 v _32504_/Q (sky130_fd_sc_hd__dfxtp_4)
     6    0.08                           la_out_storage[27] (net)
                  0.14    0.04    4.31 v _19088_/B2 (sky130_fd_sc_hd__a22oi_1)
                  0.18    0.21    4.52 ^ _19088_/Y (sky130_fd_sc_hd__a22oi_1)
     1    0.01                           _08759_ (net)
                  0.18    0.00    4.52 ^ _19096_/C1 (sky130_fd_sc_hd__o2111a_1)
                  0.06    0.21    4.73 ^ _19096_/X (sky130_fd_sc_hd__o2111a_1)
     1    0.00                           _08766_ (net)
                  0.06    0.00    4.73 ^ _19105_/A1 (sky130_fd_sc_hd__a21oi_1)
                  0.07    0.09    4.82 v _19105_/Y (sky130_fd_sc_hd__a21oi_1)
     1    0.01                           _04790_ (net)
                  0.07    0.00    4.83 v _32118_/D (sky130_fd_sc_hd__dfxtp_1)
                                  4.83   data arrival time

                          0.00    0.00   clock core_clk (rise edge)
                          0.00    0.00   clock source latency
                  1.64    1.23    1.23 ^ core_clk (in)
     2    0.20                           core_clk (net)
                  1.64    0.00    1.23 ^ clkbuf_0_core_clk/A (sky130_fd_sc_hd__clkbuf_16)
                  0.09    0.37    1.59 ^ clkbuf_0_core_clk/X (sky130_fd_sc_hd__clkbuf_16)
     4    0.02                           clknet_0_core_clk (net)
                  0.09    0.01    1.60 ^ clkbuf_1_0_0_core_clk/A (sky130_fd_sc_hd__clkbuf_4)
                  0.05    0.16    1.76 ^ clkbuf_1_0_0_core_clk/X (sky130_fd_sc_hd__clkbuf_4)
     1    0.01                           clknet_1_0_0_core_clk (net)
                  0.05    0.00    1.76 ^ clkbuf_1_0_1_core_clk/A (sky130_fd_sc_hd__clkbuf_4)
                  0.05    0.14    1.90 ^ clkbuf_1_0_1_core_clk/X (sky130_fd_sc_hd__clkbuf_4)
     1    0.01                           clknet_1_0_1_core_clk (net)
                  0.05    0.00    1.90 ^ clkbuf_1_0_2_core_clk/A (sky130_fd_sc_hd__clkbuf_4)
                  0.04    0.14    2.04 ^ clkbuf_1_0_2_core_clk/X (sky130_fd_sc_hd__clkbuf_4)
     1    0.01                           clknet_1_0_2_core_clk (net)
                  0.04    0.00    2.04 ^ clkbuf_1_0_3_core_clk/A (sky130_fd_sc_hd__clkbuf_4)
                  0.03    0.12    2.16 ^ clkbuf_1_0_3_core_clk/X (sky130_fd_sc_hd__clkbuf_4)
     1    0.00                           clknet_1_0_3_core_clk (net)
                  0.03    0.00    2.16 ^ clkbuf_1_0_4_core_clk/A (sky130_fd_sc_hd__clkbuf_4)
                  0.22    0.25    2.41 ^ clkbuf_1_0_4_core_clk/X (sky130_fd_sc_hd__clkbuf_4)
     4    0.07                           clknet_1_0_4_core_clk (net)
                  0.22    0.03    2.44 ^ clkbuf_2_1_0_core_clk/A (sky130_fd_sc_hd__clkbuf_4)
                  0.04    0.19    2.63 ^ clkbuf_2_1_0_core_clk/X (sky130_fd_sc_hd__clkbuf_4)
     1    0.01                           clknet_2_1_0_core_clk (net)
                  0.04    0.00    2.64 ^ clkbuf_2_1_1_core_clk/A (sky130_fd_sc_hd__clkbuf_4)
                  0.13    0.19    2.83 ^ clkbuf_2_1_1_core_clk/X (sky130_fd_sc_hd__clkbuf_4)
     4    0.04                           clknet_2_1_1_core_clk (net)
                  0.13    0.02    2.84 ^ clkbuf_3_3_0_core_clk/A (sky130_fd_sc_hd__clkbuf_4)
                  0.05    0.17    3.01 ^ clkbuf_3_3_0_core_clk/X (sky130_fd_sc_hd__clkbuf_4)
     1    0.01                           clknet_3_3_0_core_clk (net)
                  0.05    0.00    3.02 ^ clkbuf_3_3_1_core_clk/A (sky130_fd_sc_hd__clkbuf_4)
                  0.04    0.13    3.15 ^ clkbuf_3_3_1_core_clk/X (sky130_fd_sc_hd__clkbuf_4)
     1    0.01                           clknet_3_3_1_core_clk (net)
                  0.04    0.00    3.15 ^ clkbuf_3_3_2_core_clk/A (sky130_fd_sc_hd__clkbuf_4)
                  0.11    0.18    3.33 ^ clkbuf_3_3_2_core_clk/X (sky130_fd_sc_hd__clkbuf_4)
     4    0.03                           clknet_3_3_2_core_clk (net)
                  0.11    0.01    3.34 ^ clkbuf_4_7_0_core_clk/A (sky130_fd_sc_hd__clkbuf_4)
                  0.10    0.21    3.55 ^ clkbuf_4_7_0_core_clk/X (sky130_fd_sc_hd__clkbuf_4)
     4    0.03                           clknet_4_7_0_core_clk (net)
                  0.11    0.01    3.56 ^ clkbuf_5_15_0_core_clk/A (sky130_fd_sc_hd__clkbuf_4)
                  0.04    0.15    3.72 ^ clkbuf_5_15_0_core_clk/X (sky130_fd_sc_hd__clkbuf_4)
     1    0.01                           clknet_5_15_0_core_clk (net)
                  0.04    0.00    3.72 ^ clkbuf_5_15_1_core_clk/A (sky130_fd_sc_hd__clkbuf_4)
                  0.63    0.54    4.26 ^ clkbuf_5_15_1_core_clk/X (sky130_fd_sc_hd__clkbuf_4)
    26    0.21                           clknet_5_15_1_core_clk (net)
                  0.64    0.04    4.30 ^ clkbuf_leaf_77_core_clk/A (sky130_fd_sc_hd__clkbuf_16)
                  0.12    0.31    4.61 ^ clkbuf_leaf_77_core_clk/X (sky130_fd_sc_hd__clkbuf_16)
    32    0.09                           clknet_leaf_77_core_clk (net)
                  0.15    0.05    4.66 ^ _32118_/CLK (sky130_fd_sc_hd__dfxtp_1)
                          0.25    4.91   clock uncertainty
                         -0.27    4.64   clock reconvergence pessimism
                         -0.04    4.60   library hold time
                                  4.60   data required time
-----------------------------------------------------------------------------
                                  4.60   data required time
                                 -4.83   data arrival time
-----------------------------------------------------------------------------
                                  0.23   slack (MET)


Startpoint: _31269_ (rising edge-triggered flip-flop clocked by core_clk)
Endpoint: _29864_ (rising edge-triggered flip-flop clocked by core_clk)
Path Group: core_clk
Path Type: min

Fanout     Cap    Slew   Delay    Time   Description
-----------------------------------------------------------------------------
                          0.00    0.00   clock core_clk (rise edge)
                          0.00    0.00   clock source latency
                  1.64    1.11    1.11 ^ core_clk (in)
     2    0.20                           core_clk (net)
                  1.64    0.00    1.11 ^ clkbuf_0_core_clk/A (sky130_fd_sc_hd__clkbuf_16)
                  0.09    0.33    1.44 ^ clkbuf_0_core_clk/X (sky130_fd_sc_hd__clkbuf_16)
     4    0.02                           clknet_0_core_clk (net)
                  0.09    0.01    1.45 ^ clkbuf_1_1_0_core_clk/A (sky130_fd_sc_hd__clkbuf_4)
                  0.05    0.14    1.59 ^ clkbuf_1_1_0_core_clk/X (sky130_fd_sc_hd__clkbuf_4)
     1    0.01                           clknet_1_1_0_core_clk (net)
                  0.05    0.00    1.60 ^ clkbuf_1_1_1_core_clk/A (sky130_fd_sc_hd__clkbuf_4)
                  0.05    0.13    1.73 ^ clkbuf_1_1_1_core_clk/X (sky130_fd_sc_hd__clkbuf_4)
     1    0.01                           clknet_1_1_1_core_clk (net)
                  0.05    0.00    1.73 ^ clkbuf_1_1_2_core_clk/A (sky130_fd_sc_hd__clkbuf_4)
                  0.05    0.13    1.85 ^ clkbuf_1_1_2_core_clk/X (sky130_fd_sc_hd__clkbuf_4)
     1    0.01                           clknet_1_1_2_core_clk (net)
                  0.05    0.00    1.86 ^ clkbuf_1_1_3_core_clk/A (sky130_fd_sc_hd__clkbuf_4)
                  0.05    0.13    1.99 ^ clkbuf_1_1_3_core_clk/X (sky130_fd_sc_hd__clkbuf_4)
     1    0.01                           clknet_1_1_3_core_clk (net)
                  0.05    0.00    1.99 ^ clkbuf_1_1_4_core_clk/A (sky130_fd_sc_hd__clkbuf_4)
                  0.17    0.20    2.19 ^ clkbuf_1_1_4_core_clk/X (sky130_fd_sc_hd__clkbuf_4)
     4    0.05                           clknet_1_1_4_core_clk (net)
                  0.18    0.02    2.21 ^ clkbuf_2_2_0_core_clk/A (sky130_fd_sc_hd__clkbuf_4)
                  0.05    0.17    2.38 ^ clkbuf_2_2_0_core_clk/X (sky130_fd_sc_hd__clkbuf_4)
     1    0.01                           clknet_2_2_0_core_clk (net)
                  0.05    0.00    2.38 ^ clkbuf_2_2_1_core_clk/A (sky130_fd_sc_hd__clkbuf_4)
                  0.14    0.19    2.57 ^ clkbuf_2_2_1_core_clk/X (sky130_fd_sc_hd__clkbuf_4)
     4    0.04                           clknet_2_2_1_core_clk (net)
                  0.14    0.02    2.58 ^ clkbuf_3_5_0_core_clk/A (sky130_fd_sc_hd__clkbuf_4)
                  0.05    0.16    2.75 ^ clkbuf_3_5_0_core_clk/X (sky130_fd_sc_hd__clkbuf_4)
     1    0.01                           clknet_3_5_0_core_clk (net)
                  0.05    0.00    2.75 ^ clkbuf_3_5_1_core_clk/A (sky130_fd_sc_hd__clkbuf_4)
                  0.04    0.12    2.87 ^ clkbuf_3_5_1_core_clk/X (sky130_fd_sc_hd__clkbuf_4)
     1    0.01                           clknet_3_5_1_core_clk (net)
                  0.04    0.00    2.87 ^ clkbuf_3_5_2_core_clk/A (sky130_fd_sc_hd__clkbuf_4)
                  0.12    0.17    3.04 ^ clkbuf_3_5_2_core_clk/X (sky130_fd_sc_hd__clkbuf_4)
     4    0.04                           clknet_3_5_2_core_clk (net)
                  0.12    0.01    3.05 ^ clkbuf_4_11_0_core_clk/A (sky130_fd_sc_hd__clkbuf_4)
                  0.11    0.19    3.24 ^ clkbuf_4_11_0_core_clk/X (sky130_fd_sc_hd__clkbuf_4)
     4    0.03                           clknet_4_11_0_core_clk (net)
                  0.11    0.01    3.25 ^ clkbuf_5_23_0_core_clk/A (sky130_fd_sc_hd__clkbuf_4)
                  0.04    0.14    3.39 ^ clkbuf_5_23_0_core_clk/X (sky130_fd_sc_hd__clkbuf_4)
     1    0.01                           clknet_5_23_0_core_clk (net)
                  0.04    0.00    3.40 ^ clkbuf_5_23_1_core_clk/A (sky130_fd_sc_hd__clkbuf_4)
                  0.85    0.58    3.98 ^ clkbuf_5_23_1_core_clk/X (sky130_fd_sc_hd__clkbuf_4)
    38    0.29                           clknet_5_23_1_core_clk (net)
                  0.87    0.09    4.07 ^ clkbuf_leaf_274_core_clk/A (sky130_fd_sc_hd__clkbuf_16)
                  0.06    0.27    4.33 ^ clkbuf_leaf_274_core_clk/X (sky130_fd_sc_hd__clkbuf_16)
     4    0.02                           clknet_leaf_274_core_clk (net)
                  0.06    0.01    4.34 ^ _31269_/CLK (sky130_fd_sc_hd__dfxtp_4)
                  0.07    0.36    4.70 v _31269_/Q (sky130_fd_sc_hd__dfxtp_4)
     8    0.04                           VexRiscv.DBusSimplePlugin_memoryExceptionPort_payload_badAddr[17] (net)
                  0.08    0.01    4.71 v hold586/A (sky130_fd_sc_hd__buf_8)
                  0.08    0.14    4.85 v hold586/X (sky130_fd_sc_hd__buf_8)
     2    0.11                           net2938 (net)
                  0.14    0.06    4.91 v _29864_/D (sky130_fd_sc_hd__dfxtp_1)
                                  4.91   data arrival time

                          0.00    0.00   clock core_clk (rise edge)
                          0.00    0.00   clock source latency
                  1.64    1.23    1.23 ^ core_clk (in)
     2    0.20                           core_clk (net)
                  1.64    0.00    1.23 ^ clkbuf_0_core_clk/A (sky130_fd_sc_hd__clkbuf_16)
                  0.09    0.37    1.59 ^ clkbuf_0_core_clk/X (sky130_fd_sc_hd__clkbuf_16)
     4    0.02                           clknet_0_core_clk (net)
                  0.09    0.01    1.60 ^ clkbuf_1_1_0_core_clk/A (sky130_fd_sc_hd__clkbuf_4)
                  0.05    0.16    1.76 ^ clkbuf_1_1_0_core_clk/X (sky130_fd_sc_hd__clkbuf_4)
     1    0.01                           clknet_1_1_0_core_clk (net)
                  0.05    0.00    1.77 ^ clkbuf_1_1_1_core_clk/A (sky130_fd_sc_hd__clkbuf_4)
                  0.05    0.14    1.91 ^ clkbuf_1_1_1_core_clk/X (sky130_fd_sc_hd__clkbuf_4)
     1    0.01                           clknet_1_1_1_core_clk (net)
                  0.05    0.00    1.91 ^ clkbuf_1_1_2_core_clk/A (sky130_fd_sc_hd__clkbuf_4)
                  0.05    0.14    2.05 ^ clkbuf_1_1_2_core_clk/X (sky130_fd_sc_hd__clkbuf_4)
     1    0.01                           clknet_1_1_2_core_clk (net)
                  0.05    0.01    2.06 ^ clkbuf_1_1_3_core_clk/A (sky130_fd_sc_hd__clkbuf_4)
                  0.05    0.14    2.20 ^ clkbuf_1_1_3_core_clk/X (sky130_fd_sc_hd__clkbuf_4)
     1    0.01                           clknet_1_1_3_core_clk (net)
                  0.05    0.00    2.20 ^ clkbuf_1_1_4_core_clk/A (sky130_fd_sc_hd__clkbuf_4)
                  0.17    0.22    2.42 ^ clkbuf_1_1_4_core_clk/X (sky130_fd_sc_hd__clkbuf_4)
     4    0.05                           clknet_1_1_4_core_clk (net)
                  0.18    0.03    2.45 ^ clkbuf_2_2_0_core_clk/A (sky130_fd_sc_hd__clkbuf_4)
                  0.05    0.19    2.63 ^ clkbuf_2_2_0_core_clk/X (sky130_fd_sc_hd__clkbuf_4)
     1    0.01                           clknet_2_2_0_core_clk (net)
                  0.05    0.00    2.64 ^ clkbuf_2_2_1_core_clk/A (sky130_fd_sc_hd__clkbuf_4)
                  0.14    0.20    2.84 ^ clkbuf_2_2_1_core_clk/X (sky130_fd_sc_hd__clkbuf_4)
     4    0.04                           clknet_2_2_1_core_clk (net)
                  0.14    0.02    2.86 ^ clkbuf_3_4_0_core_clk/A (sky130_fd_sc_hd__clkbuf_4)
                  0.05    0.18    3.03 ^ clkbuf_3_4_0_core_clk/X (sky130_fd_sc_hd__clkbuf_4)
     1    0.01                           clknet_3_4_0_core_clk (net)
                  0.05    0.00    3.04 ^ clkbuf_3_4_1_core_clk/A (sky130_fd_sc_hd__clkbuf_4)
                  0.04    0.13    3.17 ^ clkbuf_3_4_1_core_clk/X (sky130_fd_sc_hd__clkbuf_4)
     1    0.01                           clknet_3_4_1_core_clk (net)
                  0.04    0.00    3.17 ^ clkbuf_3_4_2_core_clk/A (sky130_fd_sc_hd__clkbuf_4)
                  0.14    0.20    3.37 ^ clkbuf_3_4_2_core_clk/X (sky130_fd_sc_hd__clkbuf_4)
     4    0.04                           clknet_3_4_2_core_clk (net)
                  0.14    0.02    3.38 ^ clkbuf_4_9_0_core_clk/A (sky130_fd_sc_hd__clkbuf_4)
                  0.09    0.21    3.59 ^ clkbuf_4_9_0_core_clk/X (sky130_fd_sc_hd__clkbuf_4)
     4    0.03                           clknet_4_9_0_core_clk (net)
                  0.10    0.02    3.60 ^ clkbuf_5_18_0_core_clk/A (sky130_fd_sc_hd__clkbuf_4)
                  0.04    0.15    3.75 ^ clkbuf_5_18_0_core_clk/X (sky130_fd_sc_hd__clkbuf_4)
     1    0.01                           clknet_5_18_0_core_clk (net)
                  0.04    0.00    3.75 ^ clkbuf_5_18_1_core_clk/A (sky130_fd_sc_hd__clkbuf_4)
                  0.71    0.53    4.29 ^ clkbuf_5_18_1_core_clk/X (sky130_fd_sc_hd__clkbuf_4)
    30    0.24                           clknet_5_18_1_core_clk (net)
                  0.74    0.12    4.41 ^ clkbuf_leaf_349_core_clk/A (sky130_fd_sc_hd__clkbuf_16)
                  0.11    0.32    4.73 ^ clkbuf_leaf_349_core_clk/X (sky130_fd_sc_hd__clkbuf_16)
    28    0.08                           clknet_leaf_349_core_clk (net)
                  0.14    0.04    4.77 ^ _29864_/CLK (sky130_fd_sc_hd__dfxtp_1)
                          0.25    5.02   clock uncertainty
                         -0.27    4.75   clock reconvergence pessimism
                         -0.07    4.67   library hold time
                                  4.67   data required time
-----------------------------------------------------------------------------
                                  4.67   data required time
                                 -4.91   data arrival time
-----------------------------------------------------------------------------
                                  0.23   slack (MET)


Startpoint: _32202_ (rising edge-triggered flip-flop clocked by core_clk)
Endpoint: _32409_ (rising edge-triggered flip-flop clocked by core_clk)
Path Group: core_clk
Path Type: min

Fanout     Cap    Slew   Delay    Time   Description
-----------------------------------------------------------------------------
                          0.00    0.00   clock core_clk (rise edge)
                          0.00    0.00   clock source latency
                  1.64    1.11    1.11 ^ core_clk (in)
     2    0.20                           core_clk (net)
                  1.64    0.00    1.11 ^ clkbuf_0_core_clk/A (sky130_fd_sc_hd__clkbuf_16)
                  0.09    0.33    1.44 ^ clkbuf_0_core_clk/X (sky130_fd_sc_hd__clkbuf_16)
     4    0.02                           clknet_0_core_clk (net)
                  0.09    0.01    1.45 ^ clkbuf_1_0_0_core_clk/A (sky130_fd_sc_hd__clkbuf_4)
                  0.05    0.14    1.59 ^ clkbuf_1_0_0_core_clk/X (sky130_fd_sc_hd__clkbuf_4)
     1    0.01                           clknet_1_0_0_core_clk (net)
                  0.05    0.00    1.59 ^ clkbuf_1_0_1_core_clk/A (sky130_fd_sc_hd__clkbuf_4)
                  0.05    0.13    1.72 ^ clkbuf_1_0_1_core_clk/X (sky130_fd_sc_hd__clkbuf_4)
     1    0.01                           clknet_1_0_1_core_clk (net)
                  0.05    0.00    1.72 ^ clkbuf_1_0_2_core_clk/A (sky130_fd_sc_hd__clkbuf_4)
                  0.04    0.12    1.85 ^ clkbuf_1_0_2_core_clk/X (sky130_fd_sc_hd__clkbuf_4)
     1    0.01                           clknet_1_0_2_core_clk (net)
                  0.04    0.00    1.85 ^ clkbuf_1_0_3_core_clk/A (sky130_fd_sc_hd__clkbuf_4)
                  0.03    0.11    1.95 ^ clkbuf_1_0_3_core_clk/X (sky130_fd_sc_hd__clkbuf_4)
     1    0.00                           clknet_1_0_3_core_clk (net)
                  0.03    0.00    1.95 ^ clkbuf_1_0_4_core_clk/A (sky130_fd_sc_hd__clkbuf_4)
                  0.22    0.23    2.18 ^ clkbuf_1_0_4_core_clk/X (sky130_fd_sc_hd__clkbuf_4)
     4    0.07                           clknet_1_0_4_core_clk (net)
                  0.22    0.02    2.21 ^ clkbuf_2_1_0_core_clk/A (sky130_fd_sc_hd__clkbuf_4)
                  0.04    0.17    2.38 ^ clkbuf_2_1_0_core_clk/X (sky130_fd_sc_hd__clkbuf_4)
     1    0.01                           clknet_2_1_0_core_clk (net)
                  0.04    0.00    2.38 ^ clkbuf_2_1_1_core_clk/A (sky130_fd_sc_hd__clkbuf_4)
                  0.13    0.17    2.56 ^ clkbuf_2_1_1_core_clk/X (sky130_fd_sc_hd__clkbuf_4)
     4    0.04                           clknet_2_1_1_core_clk (net)
                  0.13    0.01    2.57 ^ clkbuf_3_3_0_core_clk/A (sky130_fd_sc_hd__clkbuf_4)
                  0.05    0.15    2.73 ^ clkbuf_3_3_0_core_clk/X (sky130_fd_sc_hd__clkbuf_4)
     1    0.01                           clknet_3_3_0_core_clk (net)
                  0.05    0.00    2.73 ^ clkbuf_3_3_1_core_clk/A (sky130_fd_sc_hd__clkbuf_4)
                  0.04    0.12    2.85 ^ clkbuf_3_3_1_core_clk/X (sky130_fd_sc_hd__clkbuf_4)
     1    0.01                           clknet_3_3_1_core_clk (net)
                  0.04    0.00    2.85 ^ clkbuf_3_3_2_core_clk/A (sky130_fd_sc_hd__clkbuf_4)
                  0.11    0.17    3.01 ^ clkbuf_3_3_2_core_clk/X (sky130_fd_sc_hd__clkbuf_4)
     4    0.03                           clknet_3_3_2_core_clk (net)
                  0.11    0.01    3.02 ^ clkbuf_4_6_0_core_clk/A (sky130_fd_sc_hd__clkbuf_4)
                  0.09    0.18    3.20 ^ clkbuf_4_6_0_core_clk/X (sky130_fd_sc_hd__clkbuf_4)
     4    0.03                           clknet_4_6_0_core_clk (net)
                  0.09    0.01    3.21 ^ clkbuf_5_13_0_core_clk/A (sky130_fd_sc_hd__clkbuf_4)
                  0.04    0.13    3.35 ^ clkbuf_5_13_0_core_clk/X (sky130_fd_sc_hd__clkbuf_4)
     1    0.01                           clknet_5_13_0_core_clk (net)
                  0.04    0.00    3.35 ^ clkbuf_5_13_1_core_clk/A (sky130_fd_sc_hd__clkbuf_4)
                  0.57    0.41    3.76 ^ clkbuf_5_13_1_core_clk/X (sky130_fd_sc_hd__clkbuf_4)
    24    0.19                           clknet_5_13_1_core_clk (net)
                  0.59    0.07    3.84 ^ clkbuf_leaf_94_core_clk/A (sky130_fd_sc_hd__clkbuf_16)
                  0.09    0.27    4.10 ^ clkbuf_leaf_94_core_clk/X (sky130_fd_sc_hd__clkbuf_16)
    18    0.06                           clknet_leaf_94_core_clk (net)
                  0.10    0.02    4.12 ^ _32202_/CLK (sky130_fd_sc_hd__dfxtp_1)
                  0.05    0.31    4.43 ^ _32202_/Q (sky130_fd_sc_hd__dfxtp_1)
     1    0.00                           gpioin3_gpioin3_trigger_d (net)
                  0.05    0.00    4.43 ^ _17945_/A (sky130_fd_sc_hd__nor2_1)
                  0.04    0.06    4.49 v _17945_/Y (sky130_fd_sc_hd__nor2_1)
     1    0.01                           _07935_ (net)
                  0.04    0.00    4.49 v _17946_/A2 (sky130_fd_sc_hd__o21a_1)
                  0.03    0.15    4.64 v _17946_/X (sky130_fd_sc_hd__o21a_1)
     1    0.00                           _05081_ (net)
                  0.03    0.00    4.64 v _32409_/D (sky130_fd_sc_hd__dfxtp_1)
                                  4.64   data arrival time

                          0.00    0.00   clock core_clk (rise edge)
                          0.00    0.00   clock source latency
                  1.64    1.23    1.23 ^ core_clk (in)
     2    0.20                           core_clk (net)
                  1.64    0.00    1.23 ^ clkbuf_0_core_clk/A (sky130_fd_sc_hd__clkbuf_16)
                  0.09    0.37    1.59 ^ clkbuf_0_core_clk/X (sky130_fd_sc_hd__clkbuf_16)
     4    0.02                           clknet_0_core_clk (net)
                  0.09    0.01    1.60 ^ clkbuf_1_0_0_core_clk/A (sky130_fd_sc_hd__clkbuf_4)
                  0.05    0.16    1.76 ^ clkbuf_1_0_0_core_clk/X (sky130_fd_sc_hd__clkbuf_4)
     1    0.01                           clknet_1_0_0_core_clk (net)
                  0.05    0.00    1.76 ^ clkbuf_1_0_1_core_clk/A (sky130_fd_sc_hd__clkbuf_4)
                  0.05    0.14    1.90 ^ clkbuf_1_0_1_core_clk/X (sky130_fd_sc_hd__clkbuf_4)
     1    0.01                           clknet_1_0_1_core_clk (net)
                  0.05    0.00    1.90 ^ clkbuf_1_0_2_core_clk/A (sky130_fd_sc_hd__clkbuf_4)
                  0.04    0.14    2.04 ^ clkbuf_1_0_2_core_clk/X (sky130_fd_sc_hd__clkbuf_4)
     1    0.01                           clknet_1_0_2_core_clk (net)
                  0.04    0.00    2.04 ^ clkbuf_1_0_3_core_clk/A (sky130_fd_sc_hd__clkbuf_4)
                  0.03    0.12    2.16 ^ clkbuf_1_0_3_core_clk/X (sky130_fd_sc_hd__clkbuf_4)
     1    0.00                           clknet_1_0_3_core_clk (net)
                  0.03    0.00    2.16 ^ clkbuf_1_0_4_core_clk/A (sky130_fd_sc_hd__clkbuf_4)
                  0.22    0.25    2.41 ^ clkbuf_1_0_4_core_clk/X (sky130_fd_sc_hd__clkbuf_4)
     4    0.07                           clknet_1_0_4_core_clk (net)
                  0.22    0.03    2.44 ^ clkbuf_2_1_0_core_clk/A (sky130_fd_sc_hd__clkbuf_4)
                  0.04    0.19    2.63 ^ clkbuf_2_1_0_core_clk/X (sky130_fd_sc_hd__clkbuf_4)
     1    0.01                           clknet_2_1_0_core_clk (net)
                  0.04    0.00    2.64 ^ clkbuf_2_1_1_core_clk/A (sky130_fd_sc_hd__clkbuf_4)
                  0.13    0.19    2.83 ^ clkbuf_2_1_1_core_clk/X (sky130_fd_sc_hd__clkbuf_4)
     4    0.04                           clknet_2_1_1_core_clk (net)
                  0.13    0.02    2.84 ^ clkbuf_3_3_0_core_clk/A (sky130_fd_sc_hd__clkbuf_4)
                  0.05    0.17    3.01 ^ clkbuf_3_3_0_core_clk/X (sky130_fd_sc_hd__clkbuf_4)
     1    0.01                           clknet_3_3_0_core_clk (net)
                  0.05    0.00    3.02 ^ clkbuf_3_3_1_core_clk/A (sky130_fd_sc_hd__clkbuf_4)
                  0.04    0.13    3.15 ^ clkbuf_3_3_1_core_clk/X (sky130_fd_sc_hd__clkbuf_4)
     1    0.01                           clknet_3_3_1_core_clk (net)
                  0.04    0.00    3.15 ^ clkbuf_3_3_2_core_clk/A (sky130_fd_sc_hd__clkbuf_4)
                  0.11    0.18    3.33 ^ clkbuf_3_3_2_core_clk/X (sky130_fd_sc_hd__clkbuf_4)
     4    0.03                           clknet_3_3_2_core_clk (net)
                  0.11    0.01    3.34 ^ clkbuf_4_6_0_core_clk/A (sky130_fd_sc_hd__clkbuf_4)
                  0.09    0.20    3.54 ^ clkbuf_4_6_0_core_clk/X (sky130_fd_sc_hd__clkbuf_4)
     4    0.03                           clknet_4_6_0_core_clk (net)
                  0.09    0.01    3.55 ^ clkbuf_5_13_0_core_clk/A (sky130_fd_sc_hd__clkbuf_4)
                  0.04    0.15    3.70 ^ clkbuf_5_13_0_core_clk/X (sky130_fd_sc_hd__clkbuf_4)
     1    0.01                           clknet_5_13_0_core_clk (net)
                  0.04    0.00    3.70 ^ clkbuf_5_13_1_core_clk/A (sky130_fd_sc_hd__clkbuf_4)
                  0.57    0.46    4.16 ^ clkbuf_5_13_1_core_clk/X (sky130_fd_sc_hd__clkbuf_4)
    24    0.19                           clknet_5_13_1_core_clk (net)
                  0.59    0.09    4.25 ^ clkbuf_leaf_111_core_clk/A (sky130_fd_sc_hd__clkbuf_16)
                  0.11    0.31    4.56 ^ clkbuf_leaf_111_core_clk/X (sky130_fd_sc_hd__clkbuf_16)
    26    0.08                           clknet_leaf_111_core_clk (net)
                  0.11    0.02    4.58 ^ _32409_/CLK (sky130_fd_sc_hd__dfxtp_1)
                          0.25    4.83   clock uncertainty
                         -0.40    4.43   clock reconvergence pessimism
                         -0.03    4.40   library hold time
                                  4.40   data required time
-----------------------------------------------------------------------------
                                  4.40   data required time
                                 -4.64   data arrival time
-----------------------------------------------------------------------------
                                  0.24   slack (MET)


