
===========================================================================
 report_check_types -max_slew -max_cap -max_fanout -violators
============================================================================
max slew

Pin                                    Limit    Slew   Slack
------------------------------------------------------------
ANTENNA__22986__A/DIODE                 1.50    2.27   -0.77 (VIOLATED)
_22986_/A                               1.50    2.27   -0.77 (VIOLATED)
_22854_/B1                              1.50    2.06   -0.56 (VIOLATED)
ANTENNA__22854__B1/DIODE                1.50    2.06   -0.56 (VIOLATED)
_22884_/B1                              1.50    2.04   -0.54 (VIOLATED)
ANTENNA__22884__B1/DIODE                1.50    2.04   -0.54 (VIOLATED)
ANTENNA__29288__S1/DIODE                1.50    2.04   -0.54 (VIOLATED)
_29288_/S1                              1.50    2.04   -0.54 (VIOLATED)
ANTENNA__29278__S1/DIODE                1.50    2.04   -0.54 (VIOLATED)
_29278_/S1                              1.50    2.04   -0.54 (VIOLATED)
ANTENNA__29293__S1/DIODE                1.50    2.04   -0.54 (VIOLATED)
_29293_/S1                              1.50    2.04   -0.54 (VIOLATED)
_29268_/S1                              1.50    2.04   -0.54 (VIOLATED)
ANTENNA__29268__S1/DIODE                1.50    2.04   -0.54 (VIOLATED)
_29258_/S1                              1.50    2.04   -0.54 (VIOLATED)
ANTENNA__29258__S1/DIODE                1.50    2.04   -0.54 (VIOLATED)
_29283_/S1                              1.50    2.04   -0.54 (VIOLATED)
ANTENNA__29283__S1/DIODE                1.50    2.04   -0.54 (VIOLATED)
_29273_/S1                              1.50    2.04   -0.54 (VIOLATED)
ANTENNA__29273__S1/DIODE                1.50    2.04   -0.54 (VIOLATED)
_29263_/S1                              1.50    2.04   -0.54 (VIOLATED)
_28993_/S1                              1.50    2.04   -0.54 (VIOLATED)
ANTENNA__28993__S1/DIODE                1.50    2.04   -0.54 (VIOLATED)
_29033_/S1                              1.50    2.04   -0.54 (VIOLATED)
ANTENNA__29263__S1/DIODE                1.50    2.04   -0.54 (VIOLATED)
ANTENNA__29033__S1/DIODE                1.50    2.04   -0.54 (VIOLATED)
_28988_/S1                              1.50    2.03   -0.53 (VIOLATED)
ANTENNA__28988__S1/DIODE                1.50    2.03   -0.53 (VIOLATED)
_29028_/S1                              1.50    2.03   -0.53 (VIOLATED)
ANTENNA__29028__S1/DIODE                1.50    2.03   -0.53 (VIOLATED)
_22969_/B1                              1.50    2.03   -0.53 (VIOLATED)
ANTENNA__22969__B1/DIODE                1.50    2.03   -0.53 (VIOLATED)
_22951_/B1                              1.50    2.03   -0.53 (VIOLATED)
ANTENNA__22951__B1/DIODE                1.50    2.03   -0.53 (VIOLATED)
_29008_/S1                              1.50    2.02   -0.52 (VIOLATED)
_22942_/B1                              1.50    2.02   -0.52 (VIOLATED)
ANTENNA__22942__B1/DIODE                1.50    2.02   -0.52 (VIOLATED)
ANTENNA__29008__S1/DIODE                1.50    2.02   -0.52 (VIOLATED)
_22898_/B1                              1.50    2.01   -0.51 (VIOLATED)
ANTENNA__22898__B1/DIODE                1.50    2.01   -0.51 (VIOLATED)
_29013_/S1                              1.50    2.01   -0.51 (VIOLATED)
ANTENNA__29013__S1/DIODE                1.50    2.01   -0.51 (VIOLATED)
_22976_/Y                               1.76    2.27   -0.51 (VIOLATED)
_22960_/B1                              1.50    2.00   -0.50 (VIOLATED)
ANTENNA__22960__B1/DIODE                1.50    2.00   -0.50 (VIOLATED)
_28998_/S1                              1.50    1.99   -0.49 (VIOLATED)
ANTENNA__28998__S1/DIODE                1.50    1.99   -0.49 (VIOLATED)
_29003_/S1                              1.50    1.99   -0.49 (VIOLATED)
ANTENNA__29003__S1/DIODE                1.50    1.99   -0.49 (VIOLATED)
_22891_/B1                              1.50    1.99   -0.49 (VIOLATED)
ANTENNA__22891__B1/DIODE                1.50    1.99   -0.49 (VIOLATED)
_22905_/B1                              1.50    1.99   -0.49 (VIOLATED)
ANTENNA__22905__B1/DIODE                1.50    1.99   -0.49 (VIOLATED)
_22877_/B1                              1.50    1.99   -0.49 (VIOLATED)
ANTENNA__22877__B1/DIODE                1.50    1.98   -0.48 (VIOLATED)
_22863_/B1                              1.50    1.98   -0.48 (VIOLATED)
ANTENNA__22863__B1/DIODE                1.50    1.98   -0.48 (VIOLATED)
_29233_/S1                              1.50    1.97   -0.47 (VIOLATED)
ANTENNA__29233__S1/DIODE                1.50    1.97   -0.47 (VIOLATED)
_22831_/A1                              1.50    1.97   -0.47 (VIOLATED)
_22871_/B1                              1.50    1.97   -0.47 (VIOLATED)
clkbuf_0_core_clk/A                     1.50    1.96   -0.46 (VIOLATED)
ANTENNA_clkbuf_0_core_clk_A/DIODE       1.50    1.96   -0.46 (VIOLATED)
ANTENNA__22831__A1/DIODE                1.50    1.96   -0.46 (VIOLATED)
core_clk                                1.50    1.96   -0.46 (VIOLATED)
ANTENNA__22871__B1/DIODE                1.50    1.96   -0.46 (VIOLATED)
_29303_/S1                              1.50    1.96   -0.46 (VIOLATED)
ANTENNA__29303__S1/DIODE                1.50    1.96   -0.46 (VIOLATED)
_29298_/S1                              1.50    1.95   -0.45 (VIOLATED)
ANTENNA__29298__S1/DIODE                1.50    1.95   -0.45 (VIOLATED)
_22845_/B1                              1.50    1.95   -0.45 (VIOLATED)
ANTENNA__22845__B1/DIODE                1.50    1.95   -0.45 (VIOLATED)
_29228_/S1                              1.50    1.93   -0.43 (VIOLATED)
ANTENNA__29228__S1/DIODE                1.50    1.93   -0.43 (VIOLATED)
_29023_/S1                              1.50    1.92   -0.42 (VIOLATED)
ANTENNA__29023__S1/DIODE                1.50    1.92   -0.42 (VIOLATED)
_29053_/S1                              1.50    1.92   -0.42 (VIOLATED)
ANTENNA__29053__S1/DIODE                1.50    1.92   -0.42 (VIOLATED)
_29018_/S1                              1.50    1.92   -0.42 (VIOLATED)
ANTENNA__29018__S1/DIODE                1.50    1.92   -0.42 (VIOLATED)
_29048_/S1                              1.50    1.91   -0.41 (VIOLATED)
ANTENNA__29048__S1/DIODE                1.50    1.91   -0.41 (VIOLATED)
_29243_/S1                              1.50    1.91   -0.41 (VIOLATED)
ANTENNA__29243__S1/DIODE                1.50    1.91   -0.41 (VIOLATED)
ANTENNA__22914__A1/DIODE                1.50    1.90   -0.40 (VIOLATED)
_22914_/A1                              1.50    1.90   -0.40 (VIOLATED)
_29248_/S1                              1.50    1.89   -0.39 (VIOLATED)
ANTENNA__29248__S1/DIODE                1.50    1.89   -0.39 (VIOLATED)
_22748_/B1                              1.50    1.88   -0.38 (VIOLATED)
ANTENNA__22748__B1/DIODE                1.50    1.88   -0.38 (VIOLATED)
_29253_/S1                              1.50    1.87   -0.37 (VIOLATED)
ANTENNA__29253__S1/DIODE                1.50    1.87   -0.37 (VIOLATED)
_29218_/S1                              1.50    1.86   -0.36 (VIOLATED)
ANTENNA__29218__S1/DIODE                1.50    1.86   -0.36 (VIOLATED)
ANTENNA__29178__S1/DIODE                1.50    1.86   -0.36 (VIOLATED)
_29178_/S1                              1.50    1.86   -0.36 (VIOLATED)
_29168_/S1                              1.50    1.86   -0.36 (VIOLATED)
ANTENNA__29168__S1/DIODE                1.50    1.86   -0.36 (VIOLATED)
_28502_/S                               1.50    1.86   -0.36 (VIOLATED)
ANTENNA__28502__S/DIODE                 1.50    1.86   -0.36 (VIOLATED)
_28504_/S                               1.50    1.86   -0.36 (VIOLATED)
ANTENNA__28504__S/DIODE                 1.50    1.86   -0.36 (VIOLATED)
_28506_/S                               1.50    1.86   -0.36 (VIOLATED)
ANTENNA__28506__S/DIODE                 1.50    1.86   -0.36 (VIOLATED)
_28508_/S                               1.50    1.86   -0.36 (VIOLATED)
ANTENNA__28508__S/DIODE                 1.50    1.86   -0.36 (VIOLATED)
_28514_/S                               1.50    1.86   -0.36 (VIOLATED)
ANTENNA__28514__S/DIODE                 1.50    1.86   -0.36 (VIOLATED)
ANTENNA__28500__S/DIODE                 1.50    1.86   -0.36 (VIOLATED)
_28500_/S                               1.50    1.86   -0.36 (VIOLATED)
_22792_/B1                              1.50    1.86   -0.36 (VIOLATED)
ANTENNA__22792__B1/DIODE                1.50    1.86   -0.36 (VIOLATED)
_22822_/B1                              1.50    1.86   -0.36 (VIOLATED)
ANTENNA__22822__B1/DIODE                1.50    1.86   -0.36 (VIOLATED)
ANTENNA__22815__B1/DIODE                1.50    1.85   -0.35 (VIOLATED)
_22815_/B1                              1.50    1.85   -0.35 (VIOLATED)
_22829_/B1                              1.50    1.85   -0.35 (VIOLATED)
ANTENNA__22829__B1/DIODE                1.50    1.85   -0.35 (VIOLATED)
ANTENNA__28498__S/DIODE                 1.50    1.85   -0.35 (VIOLATED)
_27655_/S                               1.50    1.85   -0.35 (VIOLATED)
ANTENNA__27655__S/DIODE                 1.50    1.85   -0.35 (VIOLATED)
_27657_/S                               1.50    1.85   -0.35 (VIOLATED)
ANTENNA__27657__S/DIODE                 1.50    1.85   -0.35 (VIOLATED)
_27659_/S                               1.50    1.85   -0.35 (VIOLATED)
ANTENNA__27659__S/DIODE                 1.50    1.85   -0.35 (VIOLATED)
_27661_/S                               1.50    1.85   -0.35 (VIOLATED)
ANTENNA__27661__S/DIODE                 1.50    1.85   -0.35 (VIOLATED)
_29223_/S1                              1.50    1.85   -0.35 (VIOLATED)
ANTENNA__29223__S1/DIODE                1.50    1.85   -0.35 (VIOLATED)
_27671_/S                               1.50    1.85   -0.35 (VIOLATED)
ANTENNA__27671__S/DIODE                 1.50    1.85   -0.35 (VIOLATED)
_27663_/S                               1.50    1.85   -0.35 (VIOLATED)
ANTENNA__22870__B1/DIODE                1.50    1.85   -0.35 (VIOLATED)
ANTENNA__27663__S/DIODE                 1.50    1.85   -0.35 (VIOLATED)
_22870_/B1                              1.50    1.85   -0.35 (VIOLATED)
_15861_/C                               1.50    1.85   -0.35 (VIOLATED)
_15852_/C                               1.50    1.85   -0.35 (VIOLATED)
ANTENNA__15852__C/DIODE                 1.50    1.85   -0.35 (VIOLATED)
ANTENNA__15861__C/DIODE                 1.50    1.85   -0.35 (VIOLATED)
_15857_/C                               1.50    1.85   -0.35 (VIOLATED)
ANTENNA__15857__C/DIODE                 1.50    1.85   -0.35 (VIOLATED)
ANTENNA__27665__S/DIODE                 1.50    1.85   -0.35 (VIOLATED)
_15845_/C                               1.50    1.85   -0.35 (VIOLATED)
_22853_/A                               1.50    1.85   -0.35 (VIOLATED)
ANTENNA__15845__C/DIODE                 1.50    1.85   -0.35 (VIOLATED)
ANTENNA__22853__A/DIODE                 1.50    1.85   -0.35 (VIOLATED)
_29173_/S1                              1.50    1.85   -0.35 (VIOLATED)
ANTENNA__29173__S1/DIODE                1.50    1.85   -0.35 (VIOLATED)
_27665_/S                               1.50    1.85   -0.35 (VIOLATED)
ANTENNA__27667__S/DIODE                 1.50    1.85   -0.35 (VIOLATED)
_27667_/S                               1.50    1.85   -0.35 (VIOLATED)
_28498_/S                               1.50    1.85   -0.35 (VIOLATED)
_15834_/C                               1.50    1.85   -0.35 (VIOLATED)
ANTENNA__27669__S/DIODE                 1.50    1.85   -0.35 (VIOLATED)
_27669_/S                               1.50    1.85   -0.35 (VIOLATED)
ANTENNA__15834__C/DIODE                 1.50    1.85   -0.35 (VIOLATED)
_28496_/S                               1.50    1.85   -0.35 (VIOLATED)
ANTENNA__28496__S/DIODE                 1.50    1.85   -0.35 (VIOLATED)
_15830_/C                               1.50    1.85   -0.35 (VIOLATED)
_29238_/S1                              1.50    1.85   -0.35 (VIOLATED)
_28492_/S                               1.50    1.85   -0.35 (VIOLATED)
ANTENNA__28492__S/DIODE                 1.50    1.85   -0.35 (VIOLATED)
_29063_/S1                              1.50    1.85   -0.35 (VIOLATED)
ANTENNA__29063__S1/DIODE                1.50    1.85   -0.35 (VIOLATED)
_29043_/S1                              1.50    1.85   -0.35 (VIOLATED)
ANTENNA__29043__S1/DIODE                1.50    1.85   -0.35 (VIOLATED)
_22883_/A                               1.50    1.85   -0.35 (VIOLATED)
_29058_/S1                              1.50    1.85   -0.35 (VIOLATED)
ANTENNA__29058__S1/DIODE                1.50    1.85   -0.35 (VIOLATED)
ANTENNA__22883__A/DIODE                 1.50    1.85   -0.35 (VIOLATED)
_15848_/C                               1.50    1.85   -0.35 (VIOLATED)
ANTENNA__15830__C/DIODE                 1.50    1.85   -0.35 (VIOLATED)
ANTENNA__15848__C/DIODE                 1.50    1.85   -0.35 (VIOLATED)
_29038_/S1                              1.50    1.85   -0.35 (VIOLATED)
ANTENNA__29038__S1/DIODE                1.50    1.85   -0.35 (VIOLATED)
ANTENNA__22933__B1/DIODE                1.50    1.85   -0.35 (VIOLATED)
ANTENNA__29238__S1/DIODE                1.50    1.85   -0.35 (VIOLATED)
_15864_/C                               1.50    1.84   -0.34 (VIOLATED)
ANTENNA__15864__C/DIODE                 1.50    1.84   -0.34 (VIOLATED)
ANTENNA__28494__S/DIODE                 1.50    1.84   -0.34 (VIOLATED)
_27641_/S                               1.50    1.84   -0.34 (VIOLATED)
ANTENNA__27641__S/DIODE                 1.50    1.84   -0.34 (VIOLATED)
_27651_/S                               1.50    1.84   -0.34 (VIOLATED)
ANTENNA__27651__S/DIODE                 1.50    1.84   -0.34 (VIOLATED)
_27653_/S                               1.50    1.84   -0.34 (VIOLATED)
ANTENNA__27653__S/DIODE                 1.50    1.84   -0.34 (VIOLATED)
_28494_/S                               1.50    1.84   -0.34 (VIOLATED)
_27647_/S                               1.50    1.84   -0.34 (VIOLATED)
ANTENNA__27647__S/DIODE                 1.50    1.84   -0.34 (VIOLATED)
_27415_/S                               1.50    1.84   -0.34 (VIOLATED)
_22933_/B1                              1.50    1.84   -0.34 (VIOLATED)
_27649_/S                               1.50    1.84   -0.34 (VIOLATED)
ANTENNA__27415__S/DIODE                 1.50    1.84   -0.34 (VIOLATED)
ANTENNA__27649__S/DIODE                 1.50    1.84   -0.34 (VIOLATED)
_28486_/S                               1.50    1.84   -0.34 (VIOLATED)
ANTENNA__28486__S/DIODE                 1.50    1.84   -0.34 (VIOLATED)
ANTENNA__15841__C/DIODE                 1.50    1.84   -0.34 (VIOLATED)
ANTENNA__28512__S/DIODE                 1.50    1.84   -0.34 (VIOLATED)
_15841_/C                               1.50    1.84   -0.34 (VIOLATED)
_28512_/S                               1.50    1.84   -0.34 (VIOLATED)
ANTENNA__28510__S/DIODE                 1.50    1.84   -0.34 (VIOLATED)
_28510_/S                               1.50    1.84   -0.34 (VIOLATED)
_22968_/A                               1.50    1.84   -0.34 (VIOLATED)
ANTENNA__22968__A/DIODE                 1.50    1.84   -0.34 (VIOLATED)
ANTENNA__22924__B1/DIODE                1.50    1.84   -0.34 (VIOLATED)
_22924_/B1                              1.50    1.84   -0.34 (VIOLATED)
_15837_/C                               1.50    1.84   -0.34 (VIOLATED)
ANTENNA__15837__C/DIODE                 1.50    1.84   -0.34 (VIOLATED)
_28488_/S                               1.50    1.84   -0.34 (VIOLATED)
_27645_/S                               1.50    1.84   -0.34 (VIOLATED)
ANTENNA__28488__S/DIODE                 1.50    1.84   -0.34 (VIOLATED)
_15869_/C                               1.50    1.83   -0.33 (VIOLATED)
ANTENNA__27645__S/DIODE                 1.50    1.83   -0.33 (VIOLATED)
ANTENNA__15869__C/DIODE                 1.50    1.83   -0.33 (VIOLATED)
_21372_/S                               1.50    1.83   -0.33 (VIOLATED)
ANTENNA__21372__S/DIODE                 1.50    1.83   -0.33 (VIOLATED)
_21378_/S                               1.50    1.83   -0.33 (VIOLATED)
_21380_/S                               1.50    1.83   -0.33 (VIOLATED)
ANTENNA__21380__S/DIODE                 1.50    1.83   -0.33 (VIOLATED)
ANTENNA__21378__S/DIODE                 1.50    1.83   -0.33 (VIOLATED)
_21376_/S                               1.50    1.83   -0.33 (VIOLATED)
ANTENNA__21376__S/DIODE                 1.50    1.83   -0.33 (VIOLATED)
_29193_/S1                              1.50    1.83   -0.33 (VIOLATED)
ANTENNA__21374__S/DIODE                 1.50    1.83   -0.33 (VIOLATED)
_21374_/S                               1.50    1.83   -0.33 (VIOLATED)
_21368_/S                               1.50    1.83   -0.33 (VIOLATED)
ANTENNA__29193__S1/DIODE                1.50    1.83   -0.33 (VIOLATED)
ANTENNA__21368__S/DIODE                 1.50    1.83   -0.33 (VIOLATED)
_21370_/S                               1.50    1.83   -0.33 (VIOLATED)
ANTENNA__21370__S/DIODE                 1.50    1.83   -0.33 (VIOLATED)
_21382_/S                               1.50    1.83   -0.33 (VIOLATED)
ANTENNA__21382__S/DIODE                 1.50    1.83   -0.33 (VIOLATED)
_21384_/S                               1.50    1.83   -0.33 (VIOLATED)
ANTENNA__21384__S/DIODE                 1.50    1.83   -0.33 (VIOLATED)
_21364_/S                               1.50    1.83   -0.33 (VIOLATED)
ANTENNA__21364__S/DIODE                 1.50    1.83   -0.33 (VIOLATED)
_21366_/S                               1.50    1.83   -0.33 (VIOLATED)
ANTENNA__21366__S/DIODE                 1.50    1.83   -0.33 (VIOLATED)
_21362_/S                               1.50    1.83   -0.33 (VIOLATED)
ANTENNA__21362__S/DIODE                 1.50    1.83   -0.33 (VIOLATED)
_15826_/C                               1.50    1.83   -0.33 (VIOLATED)
ANTENNA__15826__C/DIODE                 1.50    1.83   -0.33 (VIOLATED)
_28490_/S                               1.50    1.83   -0.33 (VIOLATED)
ANTENNA__21360__S/DIODE                 1.50    1.83   -0.33 (VIOLATED)
_21360_/S                               1.50    1.82   -0.32 (VIOLATED)
_21386_/S                               1.50    1.82   -0.32 (VIOLATED)
ANTENNA__21386__S/DIODE                 1.50    1.82   -0.32 (VIOLATED)
_27643_/S                               1.50    1.82   -0.32 (VIOLATED)
_21388_/S                               1.50    1.82   -0.32 (VIOLATED)
ANTENNA__21388__S/DIODE                 1.50    1.82   -0.32 (VIOLATED)
ANTENNA__27643__S/DIODE                 1.50    1.82   -0.32 (VIOLATED)
_21390_/S                               1.50    1.82   -0.32 (VIOLATED)
_21319_/S                               1.50    1.82   -0.32 (VIOLATED)
ANTENNA__21319__S/DIODE                 1.50    1.82   -0.32 (VIOLATED)
_21317_/S                               1.50    1.82   -0.32 (VIOLATED)
ANTENNA__21317__S/DIODE                 1.50    1.82   -0.32 (VIOLATED)
ANTENNA__21390__S/DIODE                 1.50    1.82   -0.32 (VIOLATED)
_21321_/S                               1.50    1.82   -0.32 (VIOLATED)
ANTENNA__21321__S/DIODE                 1.50    1.82   -0.32 (VIOLATED)
_21327_/S                               1.50    1.82   -0.32 (VIOLATED)
ANTENNA__21327__S/DIODE                 1.50    1.82   -0.32 (VIOLATED)
_21353_/S                               1.50    1.82   -0.32 (VIOLATED)
ANTENNA__21353__S/DIODE                 1.50    1.82   -0.32 (VIOLATED)
_21337_/S                               1.50    1.82   -0.32 (VIOLATED)
ANTENNA__21337__S/DIODE                 1.50    1.82   -0.32 (VIOLATED)
_21343_/S                               1.50    1.82   -0.32 (VIOLATED)
ANTENNA__21343__S/DIODE                 1.50    1.82   -0.32 (VIOLATED)
ANTENNA__21351__S/DIODE                 1.50    1.82   -0.32 (VIOLATED)
_21351_/S                               1.50    1.82   -0.32 (VIOLATED)
ANTENNA__21335__S/DIODE                 1.50    1.82   -0.32 (VIOLATED)
_21335_/S                               1.50    1.82   -0.32 (VIOLATED)
_21305_/S                               1.50    1.82   -0.32 (VIOLATED)
ANTENNA__21305__S/DIODE                 1.50    1.82   -0.32 (VIOLATED)
_21303_/S                               1.50    1.82   -0.32 (VIOLATED)
ANTENNA__21303__S/DIODE                 1.50    1.82   -0.32 (VIOLATED)
_21349_/S                               1.50    1.82   -0.32 (VIOLATED)
ANTENNA__21349__S/DIODE                 1.50    1.82   -0.32 (VIOLATED)
_21333_/S                               1.50    1.82   -0.32 (VIOLATED)
ANTENNA__21333__S/DIODE                 1.50    1.82   -0.32 (VIOLATED)
_21323_/S                               1.50    1.82   -0.32 (VIOLATED)
ANTENNA__21323__S/DIODE                 1.50    1.82   -0.32 (VIOLATED)
_21311_/S                               1.50    1.82   -0.32 (VIOLATED)
ANTENNA__21311__S/DIODE                 1.50    1.82   -0.32 (VIOLATED)
_15820_/C                               1.50    1.82   -0.32 (VIOLATED)
_21295_/S                               1.50    1.82   -0.32 (VIOLATED)
ANTENNA__21295__S/DIODE                 1.50    1.82   -0.32 (VIOLATED)
_21313_/S                               1.50    1.82   -0.32 (VIOLATED)
ANTENNA__21313__S/DIODE                 1.50    1.82   -0.32 (VIOLATED)
ANTENNA__21325__S/DIODE                 1.50    1.82   -0.32 (VIOLATED)
_21325_/S                               1.50    1.82   -0.32 (VIOLATED)
_21299_/S                               1.50    1.82   -0.32 (VIOLATED)
ANTENNA__21315__S/DIODE                 1.50    1.82   -0.32 (VIOLATED)
_21315_/S                               1.50    1.82   -0.32 (VIOLATED)
ANTENNA__21299__S/DIODE                 1.50    1.82   -0.32 (VIOLATED)
ANTENNA__15820__C/DIODE                 1.50    1.82   -0.32 (VIOLATED)
_21396_/S                               1.50    1.82   -0.32 (VIOLATED)
ANTENNA__21396__S/DIODE                 1.50    1.82   -0.32 (VIOLATED)
_21347_/S                               1.50    1.82   -0.32 (VIOLATED)
ANTENNA__21347__S/DIODE                 1.50    1.82   -0.32 (VIOLATED)
_21301_/S                               1.50    1.82   -0.32 (VIOLATED)
ANTENNA__21301__S/DIODE                 1.50    1.82   -0.32 (VIOLATED)
ANTENNA__21331__S/DIODE                 1.50    1.82   -0.32 (VIOLATED)
_21331_/S                               1.50    1.82   -0.32 (VIOLATED)
_21394_/S                               1.50    1.82   -0.32 (VIOLATED)
ANTENNA__21394__S/DIODE                 1.50    1.82   -0.32 (VIOLATED)
_21357_/S                               1.50    1.82   -0.32 (VIOLATED)
_21402_/S                               1.50    1.82   -0.32 (VIOLATED)
ANTENNA__21402__S/DIODE                 1.50    1.82   -0.32 (VIOLATED)
_21345_/S                               1.50    1.82   -0.32 (VIOLATED)
ANTENNA__21345__S/DIODE                 1.50    1.82   -0.32 (VIOLATED)
ANTENNA__28490__S/DIODE                 1.50    1.82   -0.32 (VIOLATED)
_21392_/S                               1.50    1.82   -0.32 (VIOLATED)
ANTENNA__21392__S/DIODE                 1.50    1.82   -0.32 (VIOLATED)
_21398_/S                               1.50    1.82   -0.32 (VIOLATED)
ANTENNA__21398__S/DIODE                 1.50    1.82   -0.32 (VIOLATED)
_21297_/S                               1.50    1.82   -0.32 (VIOLATED)
ANTENNA__21297__S/DIODE                 1.50    1.82   -0.32 (VIOLATED)
ANTENNA__21357__S/DIODE                 1.50    1.81   -0.31 (VIOLATED)
_22974_/B2                              1.50    1.81   -0.31 (VIOLATED)
_29183_/S1                              1.50    1.81   -0.31 (VIOLATED)
_21329_/S                               1.50    1.81   -0.31 (VIOLATED)
ANTENNA__21329__S/DIODE                 1.50    1.81   -0.31 (VIOLATED)
ANTENNA__29183__S1/DIODE                1.50    1.81   -0.31 (VIOLATED)
ANTENNA__22974__B2/DIODE                1.50    1.81   -0.31 (VIOLATED)
_29188_/S1                              1.50    1.81   -0.31 (VIOLATED)
ANTENNA__29188__S1/DIODE                1.50    1.81   -0.31 (VIOLATED)
_21355_/S                               1.50    1.81   -0.31 (VIOLATED)
ANTENNA__21355__S/DIODE                 1.50    1.81   -0.31 (VIOLATED)
_21341_/S                               1.50    1.81   -0.31 (VIOLATED)
ANTENNA__21341__S/DIODE                 1.50    1.81   -0.31 (VIOLATED)
_21339_/S                               1.50    1.81   -0.31 (VIOLATED)
ANTENNA__21339__S/DIODE                 1.50    1.81   -0.31 (VIOLATED)
_21309_/S                               1.50    1.81   -0.31 (VIOLATED)
ANTENNA__21309__S/DIODE                 1.50    1.81   -0.31 (VIOLATED)
sky130_sram_2kbyte_1rw1r_32x512_8/wmask0[2]    0.04    0.35   -0.31 (VIOLATED)
_21307_/S                               1.50    1.81   -0.31 (VIOLATED)
ANTENNA__21307__S/DIODE                 1.50    1.81   -0.31 (VIOLATED)
_22836_/B1                              1.50    1.81   -0.31 (VIOLATED)
ANTENNA__22836__B1/DIODE                1.50    1.81   -0.31 (VIOLATED)
_21408_/S                               1.50    1.81   -0.31 (VIOLATED)
ANTENNA__21408__S/DIODE                 1.50    1.81   -0.31 (VIOLATED)
_21412_/S                               1.50    1.80   -0.30 (VIOLATED)
_28484_/S                               1.50    1.80   -0.30 (VIOLATED)
_21410_/S                               1.50    1.80   -0.30 (VIOLATED)
ANTENNA__28484__S/DIODE                 1.50    1.80   -0.30 (VIOLATED)
ANTENNA__21412__S/DIODE                 1.50    1.80   -0.30 (VIOLATED)
ANTENNA__21410__S/DIODE                 1.50    1.80   -0.30 (VIOLATED)
_15815_/C                               1.50    1.80   -0.30 (VIOLATED)
ANTENNA__15815__C/DIODE                 1.50    1.80   -0.30 (VIOLATED)
ANTENNA__15811__C/DIODE                 1.50    1.80   -0.30 (VIOLATED)
ANTENNA__15807__C/DIODE                 1.50    1.80   -0.30 (VIOLATED)
_15811_/C                               1.50    1.80   -0.30 (VIOLATED)
_21404_/S                               1.50    1.80   -0.30 (VIOLATED)
ANTENNA__21404__S/DIODE                 1.50    1.80   -0.30 (VIOLATED)
_15807_/C                               1.50    1.80   -0.30 (VIOLATED)
_21418_/S                               1.50    1.80   -0.30 (VIOLATED)
ANTENNA__21418__S/DIODE                 1.50    1.80   -0.30 (VIOLATED)
_21406_/S                               1.50    1.80   -0.30 (VIOLATED)
_21414_/S                               1.50    1.80   -0.30 (VIOLATED)
ANTENNA__21406__S/DIODE                 1.50    1.80   -0.30 (VIOLATED)
ANTENNA__21414__S/DIODE                 1.50    1.80   -0.30 (VIOLATED)
_21416_/S                               1.50    1.80   -0.30 (VIOLATED)
ANTENNA__21416__S/DIODE                 1.50    1.80   -0.30 (VIOLATED)
_21400_/S                               1.50    1.80   -0.30 (VIOLATED)
_15881_/C                               1.50    1.80   -0.30 (VIOLATED)
_15873_/C                               1.50    1.80   -0.30 (VIOLATED)
ANTENNA__21400__S/DIODE                 1.50    1.80   -0.30 (VIOLATED)
_15877_/C                               1.50    1.80   -0.30 (VIOLATED)
ANTENNA__15873__C/DIODE                 1.50    1.80   -0.30 (VIOLATED)
ANTENNA__15877__C/DIODE                 1.50    1.80   -0.30 (VIOLATED)
_14395_/A                               1.50    1.80   -0.30 (VIOLATED)
ANTENNA__22890__A/DIODE                 1.50    1.80   -0.30 (VIOLATED)
_22890_/A                               1.50    1.80   -0.30 (VIOLATED)
_14486_/A                               1.50    1.80   -0.30 (VIOLATED)
ANTENNA__14486__A/DIODE                 1.50    1.80   -0.30 (VIOLATED)
_25602_/A1                              1.50    1.80   -0.30 (VIOLATED)
ANTENNA__25602__A1/DIODE                1.50    1.80   -0.30 (VIOLATED)
_18088_/A1                              1.50    1.80   -0.30 (VIOLATED)
ANTENNA__14395__A/DIODE                 1.50    1.80   -0.30 (VIOLATED)
ANTENNA__18088__A1/DIODE                1.50    1.80   -0.30 (VIOLATED)
ANTENNA__15881__C/DIODE                 1.50    1.80   -0.30 (VIOLATED)
_22324_/S                               1.50    1.80   -0.30 (VIOLATED)
_22326_/S                               1.50    1.80   -0.30 (VIOLATED)
ANTENNA__22326__S/DIODE                 1.50    1.80   -0.30 (VIOLATED)
ANTENNA__22324__S/DIODE                 1.50    1.80   -0.30 (VIOLATED)
_21422_/S                               1.50    1.80   -0.30 (VIOLATED)
ANTENNA__21422__S/DIODE                 1.50    1.80   -0.30 (VIOLATED)
_27515_/A1                              1.50    1.80   -0.30 (VIOLATED)
ANTENNA__27515__A1/DIODE                1.50    1.80   -0.30 (VIOLATED)
_21420_/S                               1.50    1.80   -0.30 (VIOLATED)
ANTENNA__21420__S/DIODE                 1.50    1.80   -0.30 (VIOLATED)
_29103_/S1                              1.50    1.80   -0.30 (VIOLATED)
ANTENNA__22810__A1/DIODE                1.50    1.80   -0.30 (VIOLATED)
_15802_/C                               1.50    1.80   -0.30 (VIOLATED)
_22810_/A1                              1.50    1.80   -0.30 (VIOLATED)
ANTENNA__15802__C/DIODE                 1.50    1.80   -0.30 (VIOLATED)
_27639_/S                               1.50    1.80   -0.30 (VIOLATED)
_15798_/C                               1.50    1.79   -0.29 (VIOLATED)
ANTENNA__15798__C/DIODE                 1.50    1.79   -0.29 (VIOLATED)
ANTENNA__29103__S1/DIODE                1.50    1.79   -0.29 (VIOLATED)
_22951_/A1                              1.50    1.79   -0.29 (VIOLATED)
ANTENNA__15890__C/DIODE                 1.50    1.79   -0.29 (VIOLATED)
ANTENNA__27639__S/DIODE                 1.50    1.79   -0.29 (VIOLATED)
ANTENNA__22951__A1/DIODE                1.50    1.79   -0.29 (VIOLATED)
_15890_/C                               1.50    1.79   -0.29 (VIOLATED)
_15894_/C                               1.50    1.79   -0.29 (VIOLATED)
ANTENNA__15894__C/DIODE                 1.50    1.79   -0.29 (VIOLATED)
_28524_/S                               1.50    1.79   -0.29 (VIOLATED)
ANTENNA__28524__S/DIODE                 1.50    1.79   -0.29 (VIOLATED)
ANTENNA__22817__A1/DIODE                1.50    1.79   -0.29 (VIOLATED)
ANTENNA__15885__C/DIODE                 1.50    1.79   -0.29 (VIOLATED)
_15794_/C                               1.50    1.79   -0.29 (VIOLATED)
ANTENNA__15794__C/DIODE                 1.50    1.79   -0.29 (VIOLATED)
_22817_/A1                              1.50    1.79   -0.29 (VIOLATED)
_33369_/Q                               1.51    1.80   -0.29 (VIOLATED)
ANTENNA__28530__S/DIODE                 1.50    1.79   -0.29 (VIOLATED)
sky130_sram_2kbyte_1rw1r_32x512_8/wmask0[3]    0.04    0.33   -0.29 (VIOLATED)
_28530_/S                               1.50    1.79   -0.29 (VIOLATED)
_15885_/C                               1.50    1.79   -0.29 (VIOLATED)
ANTENNA__29113__S1/DIODE                1.50    1.79   -0.29 (VIOLATED)
_29113_/S1                              1.50    1.79   -0.29 (VIOLATED)
_29083_/S1                              1.50    1.79   -0.29 (VIOLATED)
ANTENNA__29083__S1/DIODE                1.50    1.79   -0.29 (VIOLATED)
_15898_/C                               1.50    1.79   -0.29 (VIOLATED)
_29078_/S1                              1.50    1.79   -0.29 (VIOLATED)
ANTENNA__15898__C/DIODE                 1.50    1.79   -0.29 (VIOLATED)
ANTENNA__29078__S1/DIODE                1.50    1.79   -0.29 (VIOLATED)
ANTENNA__29163__S1/DIODE                1.50    1.79   -0.29 (VIOLATED)
_29163_/S1                              1.50    1.79   -0.29 (VIOLATED)
_15902_/C                               1.50    1.79   -0.29 (VIOLATED)
ANTENNA__15902__C/DIODE                 1.50    1.79   -0.29 (VIOLATED)
_22824_/A1                              1.50    1.79   -0.29 (VIOLATED)
_15918_/C                               1.50    1.79   -0.29 (VIOLATED)
_22803_/A1                              1.50    1.79   -0.29 (VIOLATED)
ANTENNA__22803__A1/DIODE                1.50    1.79   -0.29 (VIOLATED)
ANTENNA__22824__A1/DIODE                1.50    1.79   -0.29 (VIOLATED)
ANTENNA__15918__C/DIODE                 1.50    1.78   -0.28 (VIOLATED)
_28526_/S                               1.50    1.78   -0.28 (VIOLATED)
ANTENNA__28526__S/DIODE                 1.50    1.78   -0.28 (VIOLATED)
_28518_/S                               1.50    1.78   -0.28 (VIOLATED)
ANTENNA__28518__S/DIODE                 1.50    1.78   -0.28 (VIOLATED)
_28516_/S                               1.50    1.78   -0.28 (VIOLATED)
ANTENNA__28516__S/DIODE                 1.50    1.78   -0.28 (VIOLATED)
_15923_/C                               1.50    1.78   -0.28 (VIOLATED)
ANTENNA__15923__C/DIODE                 1.50    1.78   -0.28 (VIOLATED)
_15910_/C                               1.50    1.78   -0.28 (VIOLATED)
_28520_/S                               1.50    1.78   -0.28 (VIOLATED)
ANTENNA__15910__C/DIODE                 1.50    1.78   -0.28 (VIOLATED)
ANTENNA__28520__S/DIODE                 1.50    1.78   -0.28 (VIOLATED)
_29143_/S1                              1.50    1.78   -0.28 (VIOLATED)
_15914_/C                               1.50    1.78   -0.28 (VIOLATED)
ANTENNA__15914__C/DIODE                 1.50    1.78   -0.28 (VIOLATED)
_15906_/C                               1.50    1.78   -0.28 (VIOLATED)
ANTENNA__15906__C/DIODE                 1.50    1.78   -0.28 (VIOLATED)
ANTENNA__22795__A1/DIODE                1.50    1.78   -0.28 (VIOLATED)
ANTENNA__29143__S1/DIODE                1.50    1.78   -0.28 (VIOLATED)
_22795_/A1                              1.50    1.78   -0.28 (VIOLATED)
_28534_/S                               1.50    1.78   -0.28 (VIOLATED)
_22976_/B2                              1.50    1.78   -0.28 (VIOLATED)
ANTENNA__22976__B2/DIODE                1.50    1.78   -0.28 (VIOLATED)
_29203_/S1                              1.50    1.78   -0.28 (VIOLATED)
_22786_/A1                              1.50    1.78   -0.28 (VIOLATED)
ANTENNA__22786__A1/DIODE                1.50    1.78   -0.28 (VIOLATED)
ANTENNA__28534__S/DIODE                 1.50    1.77   -0.27 (VIOLATED)
ANTENNA__27637__S/DIODE                 1.50    1.77   -0.27 (VIOLATED)
_14386_/A                               1.50    1.77   -0.27 (VIOLATED)
_27637_/S                               1.50    1.77   -0.27 (VIOLATED)
ANTENNA__14386__A/DIODE                 1.50    1.77   -0.27 (VIOLATED)
_22942_/A1                              1.50    1.77   -0.27 (VIOLATED)
ANTENNA__22942__A1/DIODE                1.50    1.77   -0.27 (VIOLATED)
_22778_/A1                              1.50    1.77   -0.27 (VIOLATED)
ANTENNA__22778__A1/DIODE                1.50    1.77   -0.27 (VIOLATED)
ANTENNA__22898__A1/DIODE                1.50    1.77   -0.27 (VIOLATED)
_22898_/A1                              1.50    1.77   -0.27 (VIOLATED)
_28380_/S                               1.50    1.77   -0.27 (VIOLATED)
ANTENNA__28380__S/DIODE                 1.50    1.77   -0.27 (VIOLATED)
_28600_/S                               1.50    1.77   -0.27 (VIOLATED)
ANTENNA__28600__S/DIODE                 1.50    1.77   -0.27 (VIOLATED)
_28598_/S                               1.50    1.77   -0.27 (VIOLATED)
ANTENNA__28598__S/DIODE                 1.50    1.77   -0.27 (VIOLATED)
_28599_/S                               1.50    1.77   -0.27 (VIOLATED)
ANTENNA__28599__S/DIODE                 1.50    1.77   -0.27 (VIOLATED)
ANTENNA__29203__S1/DIODE                1.50    1.77   -0.27 (VIOLATED)
_28438_/S                               1.50    1.77   -0.27 (VIOLATED)
ANTENNA__28438__S/DIODE                 1.50    1.77   -0.27 (VIOLATED)
_28436_/S                               1.50    1.77   -0.27 (VIOLATED)
ANTENNA__28436__S/DIODE                 1.50    1.77   -0.27 (VIOLATED)
_22764_/A1                              1.50    1.77   -0.27 (VIOLATED)
ANTENNA__22764__A1/DIODE                1.50    1.77   -0.27 (VIOLATED)
_29098_/S1                              1.50    1.76   -0.26 (VIOLATED)
_22757_/A1                              1.50    1.76   -0.26 (VIOLATED)
ANTENNA__22757__A1/DIODE                1.50    1.76   -0.26 (VIOLATED)
ANTENNA__29098__S1/DIODE                1.50    1.76   -0.26 (VIOLATED)
_22771_/A1                              1.50    1.76   -0.26 (VIOLATED)
ANTENNA__22771__A1/DIODE                1.50    1.76   -0.26 (VIOLATED)
_28597_/S                               1.50    1.76   -0.26 (VIOLATED)
ANTENNA__28597__S/DIODE                 1.50    1.76   -0.26 (VIOLATED)
_28522_/S                               1.50    1.76   -0.26 (VIOLATED)
ANTENNA__28522__S/DIODE                 1.50    1.76   -0.26 (VIOLATED)
_27635_/S                               1.50    1.76   -0.26 (VIOLATED)
ANTENNA__22743__A1/DIODE                1.50    1.76   -0.26 (VIOLATED)
ANTENNA__27635__S/DIODE                 1.50    1.76   -0.26 (VIOLATED)
_22743_/A1                              1.50    1.76   -0.26 (VIOLATED)
_29138_/S1                              1.50    1.76   -0.26 (VIOLATED)
ANTENNA__29138__S1/DIODE                1.50    1.76   -0.26 (VIOLATED)
_17980_/A                               1.50    1.76   -0.26 (VIOLATED)
ANTENNA__17980__A/DIODE                 1.50    1.76   -0.26 (VIOLATED)
_14856_/B                               1.50    1.76   -0.26 (VIOLATED)
ANTENNA__14856__B/DIODE                 1.50    1.76   -0.26 (VIOLATED)
sky130_sram_2kbyte_1rw1r_32x512_8/addr0[1]    0.04    0.30   -0.26 (VIOLATED)
_22734_/A1                              1.50    1.76   -0.26 (VIOLATED)
ANTENNA__22734__A1/DIODE                1.50    1.76   -0.26 (VIOLATED)
_28596_/S                               1.50    1.76   -0.26 (VIOLATED)
_22960_/A1                              1.50    1.76   -0.26 (VIOLATED)
ANTENNA__22960__A1/DIODE                1.50    1.76   -0.26 (VIOLATED)
_28379_/S                               1.50    1.76   -0.26 (VIOLATED)
ANTENNA__28596__S/DIODE                 1.50    1.76   -0.26 (VIOLATED)
_14859_/B                               1.50    1.76   -0.26 (VIOLATED)
_14860_/B                               1.50    1.76   -0.26 (VIOLATED)
ANTENNA__14859__B/DIODE                 1.50    1.76   -0.26 (VIOLATED)
_28194_/S                               1.50    1.76   -0.26 (VIOLATED)
ANTENNA__14860__B/DIODE                 1.50    1.76   -0.26 (VIOLATED)
_28187_/S                               1.50    1.76   -0.26 (VIOLATED)
ANTENNA__28187__S/DIODE                 1.50    1.76   -0.26 (VIOLATED)
_14863_/B1                              1.50    1.76   -0.26 (VIOLATED)
ANTENNA__28194__S/DIODE                 1.50    1.76   -0.26 (VIOLATED)
ANTENNA__28379__S/DIODE                 1.50    1.76   -0.26 (VIOLATED)
_28201_/S                               1.50    1.76   -0.26 (VIOLATED)
ANTENNA__14863__B1/DIODE                1.50    1.76   -0.26 (VIOLATED)
ANTENNA__28201__S/DIODE                 1.50    1.76   -0.26 (VIOLATED)
_28208_/S                               1.50    1.76   -0.26 (VIOLATED)
ANTENNA__28208__S/DIODE                 1.50    1.76   -0.26 (VIOLATED)
_28180_/S                               1.50    1.76   -0.26 (VIOLATED)
ANTENNA__28180__S/DIODE                 1.50    1.76   -0.26 (VIOLATED)
_28215_/S                               1.50    1.76   -0.26 (VIOLATED)
ANTENNA__28215__S/DIODE                 1.50    1.76   -0.26 (VIOLATED)
_28222_/S                               1.50    1.76   -0.26 (VIOLATED)
ANTENNA__28222__S/DIODE                 1.50    1.76   -0.26 (VIOLATED)
_28168_/S                               1.50    1.76   -0.26 (VIOLATED)
ANTENNA__28168__S/DIODE                 1.50    1.76   -0.26 (VIOLATED)
_28236_/S                               1.50    1.76   -0.26 (VIOLATED)
_28229_/S                               1.50    1.76   -0.26 (VIOLATED)
ANTENNA__28236__S/DIODE                 1.50    1.76   -0.26 (VIOLATED)
_16929_/A                               1.50    1.76   -0.26 (VIOLATED)
ANTENNA__28229__S/DIODE                 1.50    1.76   -0.26 (VIOLATED)
ANTENNA__16929__A/DIODE                 1.50    1.76   -0.26 (VIOLATED)
_16888_/A                               1.50    1.76   -0.26 (VIOLATED)
ANTENNA__16888__A/DIODE                 1.50    1.76   -0.26 (VIOLATED)
_28243_/S                               1.50    1.76   -0.26 (VIOLATED)
_28542_/S                               1.50    1.76   -0.26 (VIOLATED)
ANTENNA__28542__S/DIODE                 1.50    1.76   -0.26 (VIOLATED)
ANTENNA__28243__S/DIODE                 1.50    1.76   -0.26 (VIOLATED)
_28250_/S                               1.50    1.76   -0.26 (VIOLATED)
_28257_/S                               1.50    1.76   -0.26 (VIOLATED)
ANTENNA__28250__S/DIODE                 1.50    1.76   -0.26 (VIOLATED)
_16821_/A                               1.50    1.76   -0.26 (VIOLATED)
ANTENNA__28257__S/DIODE                 1.50    1.76   -0.26 (VIOLATED)
ANTENNA__28368__S/DIODE                 1.50    1.76   -0.26 (VIOLATED)
_28264_/S                               1.50    1.76   -0.26 (VIOLATED)
ANTENNA__28264__S/DIODE                 1.50    1.76   -0.26 (VIOLATED)
_28364_/S                               1.50    1.76   -0.26 (VIOLATED)
_28363_/S                               1.50    1.76   -0.26 (VIOLATED)
ANTENNA__28364__S/DIODE                 1.50    1.76   -0.26 (VIOLATED)
ANTENNA__28363__S/DIODE                 1.50    1.76   -0.26 (VIOLATED)
_28532_/S                               1.50    1.76   -0.26 (VIOLATED)
ANTENNA__28532__S/DIODE                 1.50    1.76   -0.26 (VIOLATED)
_28271_/S                               1.50    1.76   -0.26 (VIOLATED)
ANTENNA__28271__S/DIODE                 1.50    1.76   -0.26 (VIOLATED)
_28368_/S                               1.50    1.76   -0.26 (VIOLATED)
_28278_/S                               1.50    1.76   -0.26 (VIOLATED)
ANTENNA__28278__S/DIODE                 1.50    1.76   -0.26 (VIOLATED)
ANTENNA__16821__A/DIODE                 1.50    1.76   -0.26 (VIOLATED)
_28284_/S                               1.50    1.76   -0.26 (VIOLATED)
ANTENNA__28284__S/DIODE                 1.50    1.76   -0.26 (VIOLATED)
_28366_/S                               1.50    1.76   -0.26 (VIOLATED)
_28290_/S                               1.50    1.75   -0.25 (VIOLATED)
_28296_/S                               1.50    1.75   -0.25 (VIOLATED)
ANTENNA__28290__S/DIODE                 1.50    1.75   -0.25 (VIOLATED)
ANTENNA__28296__S/DIODE                 1.50    1.75   -0.25 (VIOLATED)
ANTENNA__28366__S/DIODE                 1.50    1.75   -0.25 (VIOLATED)
_28302_/S                               1.50    1.75   -0.25 (VIOLATED)
ANTENNA__28302__S/DIODE                 1.50    1.75   -0.25 (VIOLATED)
ANTENNA__28308__S/DIODE                 1.50    1.75   -0.25 (VIOLATED)
_28308_/S                               1.50    1.75   -0.25 (VIOLATED)
_27633_/S                               1.50    1.75   -0.25 (VIOLATED)
_28314_/S                               1.50    1.75   -0.25 (VIOLATED)
ANTENNA__28314__S/DIODE                 1.50    1.75   -0.25 (VIOLATED)
ANTENNA__27633__S/DIODE                 1.50    1.75   -0.25 (VIOLATED)
_28320_/S                               1.50    1.75   -0.25 (VIOLATED)
ANTENNA__28320__S/DIODE                 1.50    1.75   -0.25 (VIOLATED)
_28326_/S                               1.50    1.75   -0.25 (VIOLATED)
ANTENNA__28326__S/DIODE                 1.50    1.75   -0.25 (VIOLATED)
_27517_/S                               1.50    1.75   -0.25 (VIOLATED)
_28331_/S                               1.50    1.75   -0.25 (VIOLATED)
ANTENNA__28331__S/DIODE                 1.50    1.75   -0.25 (VIOLATED)
_28336_/S                               1.50    1.75   -0.25 (VIOLATED)
_28595_/S                               1.50    1.75   -0.25 (VIOLATED)
ANTENNA__27517__S/DIODE                 1.50    1.75   -0.25 (VIOLATED)
ANTENNA__28336__S/DIODE                 1.50    1.75   -0.25 (VIOLATED)
_22904_/A                               1.50    1.75   -0.25 (VIOLATED)
_28346_/S                               1.50    1.75   -0.25 (VIOLATED)
ANTENNA__28346__S/DIODE                 1.50    1.75   -0.25 (VIOLATED)
_22876_/A                               1.50    1.75   -0.25 (VIOLATED)
ANTENNA__28595__S/DIODE                 1.50    1.75   -0.25 (VIOLATED)
_28350_/S                               1.50    1.75   -0.25 (VIOLATED)
ANTENNA__28350__S/DIODE                 1.50    1.75   -0.25 (VIOLATED)
_28341_/S                               1.50    1.75   -0.25 (VIOLATED)
_28359_/S                               1.50    1.75   -0.25 (VIOLATED)
ANTENNA__28359__S/DIODE                 1.50    1.75   -0.25 (VIOLATED)
_28361_/S                               1.50    1.75   -0.25 (VIOLATED)
ANTENNA__28361__S/DIODE                 1.50    1.75   -0.25 (VIOLATED)
_28360_/S                               1.50    1.75   -0.25 (VIOLATED)
ANTENNA__28360__S/DIODE                 1.50    1.75   -0.25 (VIOLATED)
ANTENNA__28341__S/DIODE                 1.50    1.75   -0.25 (VIOLATED)
_28594_/S                               1.50    1.75   -0.25 (VIOLATED)
ANTENNA__28594__S/DIODE                 1.50    1.75   -0.25 (VIOLATED)
_28354_/S                               1.50    1.75   -0.25 (VIOLATED)
ANTENNA__28354__S/DIODE                 1.50    1.75   -0.25 (VIOLATED)
_28357_/S                               1.50    1.75   -0.25 (VIOLATED)
ANTENNA__28357__S/DIODE                 1.50    1.75   -0.25 (VIOLATED)
_28365_/S                               1.50    1.75   -0.25 (VIOLATED)
ANTENNA__28365__S/DIODE                 1.50    1.75   -0.25 (VIOLATED)
_28362_/S                               1.50    1.75   -0.25 (VIOLATED)
ANTENNA__28362__S/DIODE                 1.50    1.75   -0.25 (VIOLATED)
_29198_/S1                              1.50    1.75   -0.25 (VIOLATED)
ANTENNA__22904__A/DIODE                 1.50    1.75   -0.25 (VIOLATED)
_28528_/S                               1.50    1.75   -0.25 (VIOLATED)
ANTENNA__28528__S/DIODE                 1.50    1.75   -0.25 (VIOLATED)
_28536_/S                               1.50    1.75   -0.25 (VIOLATED)
_26010_/C                               1.50    1.75   -0.25 (VIOLATED)
ANTENNA__26010__C/DIODE                 1.50    1.75   -0.25 (VIOLATED)
_27114_/A2                              1.50    1.75   -0.25 (VIOLATED)
ANTENNA__27114__A2/DIODE                1.50    1.75   -0.25 (VIOLATED)
ANTENNA__29322__A3/DIODE                1.50    1.75   -0.25 (VIOLATED)
_29322_/A3                              1.50    1.75   -0.25 (VIOLATED)
_32040_/Q                               1.51    1.75   -0.25 (VIOLATED)
ANTENNA__28536__S/DIODE                 1.50    1.75   -0.25 (VIOLATED)
ANTENNA__29198__S1/DIODE                1.50    1.74   -0.24 (VIOLATED)
_28593_/S                               1.50    1.74   -0.24 (VIOLATED)
ANTENNA__28593__S/DIODE                 1.50    1.74   -0.24 (VIOLATED)
_32195_/Q                               1.51    1.75   -0.24 (VIOLATED)
ANTENNA__22876__A/DIODE                 1.50    1.74   -0.24 (VIOLATED)
_23972_/A                               1.50    1.74   -0.24 (VIOLATED)
ANTENNA__23972__A/DIODE                 1.50    1.74   -0.24 (VIOLATED)
_27621_/S                               1.50    1.73   -0.23 (VIOLATED)
ANTENNA__27621__S/DIODE                 1.50    1.73   -0.23 (VIOLATED)
_28538_/S                               1.50    1.73   -0.23 (VIOLATED)
ANTENNA__28538__S/DIODE                 1.50    1.73   -0.23 (VIOLATED)
_29118_/S1                              1.50    1.73   -0.23 (VIOLATED)
ANTENNA__29118__S1/DIODE                1.50    1.73   -0.23 (VIOLATED)
_28601_/S                               1.50    1.73   -0.23 (VIOLATED)
ANTENNA__28601__S/DIODE                 1.50    1.73   -0.23 (VIOLATED)
_28434_/S                               1.50    1.73   -0.23 (VIOLATED)
_27623_/S                               1.50    1.73   -0.23 (VIOLATED)
ANTENNA__27623__S/DIODE                 1.50    1.73   -0.23 (VIOLATED)
_29123_/S1                              1.50    1.72   -0.22 (VIOLATED)
ANTENNA__29123__S1/DIODE                1.50    1.72   -0.22 (VIOLATED)
ANTENNA__28434__S/DIODE                 1.50    1.72   -0.22 (VIOLATED)
ANTENNA__29073__S1/DIODE                1.50    1.72   -0.22 (VIOLATED)
_29073_/S1                              1.50    1.72   -0.22 (VIOLATED)
_27619_/S                               1.50    1.72   -0.22 (VIOLATED)
_22808_/B1                              1.50    1.72   -0.22 (VIOLATED)
ANTENNA__27619__S/DIODE                 1.50    1.72   -0.22 (VIOLATED)
ANTENNA__22808__B1/DIODE                1.50    1.72   -0.22 (VIOLATED)
_27613_/S                               1.50    1.72   -0.22 (VIOLATED)
ANTENNA__27613__S/DIODE                 1.50    1.72   -0.22 (VIOLATED)
_28432_/S                               1.50    1.72   -0.22 (VIOLATED)
ANTENNA__28432__S/DIODE                 1.50    1.72   -0.22 (VIOLATED)
_28540_/S                               1.50    1.72   -0.22 (VIOLATED)
ANTENNA__28540__S/DIODE                 1.50    1.72   -0.22 (VIOLATED)
_22862_/A                               1.50    1.71   -0.21 (VIOLATED)
ANTENNA__22862__A/DIODE                 1.50    1.71   -0.21 (VIOLATED)
_19825_/A                               1.50    1.71   -0.21 (VIOLATED)
ANTENNA__19825__A/DIODE                 1.50    1.71   -0.21 (VIOLATED)
_27617_/S                               1.50    1.71   -0.21 (VIOLATED)
ANTENNA__27617__S/DIODE                 1.50    1.71   -0.21 (VIOLATED)
sky130_sram_2kbyte_1rw1r_32x512_8/addr0[0]    0.04    0.25   -0.21 (VIOLATED)
_28544_/S                               1.50    1.71   -0.21 (VIOLATED)
_27855_/S                               1.50    1.71   -0.21 (VIOLATED)
ANTENNA__27855__S/DIODE                 1.50    1.71   -0.21 (VIOLATED)
ANTENNA__28544__S/DIODE                 1.50    1.71   -0.21 (VIOLATED)
_27625_/S                               1.50    1.71   -0.21 (VIOLATED)
ANTENNA__27625__S/DIODE                 1.50    1.71   -0.21 (VIOLATED)
_29068_/S1                              1.50    1.71   -0.21 (VIOLATED)
_27627_/S                               1.50    1.71   -0.21 (VIOLATED)
ANTENNA__27627__S/DIODE                 1.50    1.71   -0.21 (VIOLATED)
_29093_/S1                              1.50    1.70   -0.20 (VIOLATED)
ANTENNA__29093__S1/DIODE                1.50    1.70   -0.20 (VIOLATED)
_27850_/S                               1.50    1.70   -0.20 (VIOLATED)
ANTENNA__27850__S/DIODE                 1.50    1.70   -0.20 (VIOLATED)
ANTENNA__29068__S1/DIODE                1.50    1.70   -0.20 (VIOLATED)
_28546_/S                               1.50    1.70   -0.20 (VIOLATED)
ANTENNA__28546__S/DIODE                 1.50    1.70   -0.20 (VIOLATED)
_27615_/S                               1.50    1.70   -0.20 (VIOLATED)
ANTENNA__27615__S/DIODE                 1.50    1.70   -0.20 (VIOLATED)
_22324_/A0                              1.50    1.70   -0.20 (VIOLATED)
ANTENNA__22324__A0/DIODE                1.50    1.70   -0.20 (VIOLATED)
_27611_/S                               1.50    1.70   -0.20 (VIOLATED)
ANTENNA__27611__S/DIODE                 1.50    1.70   -0.20 (VIOLATED)
ANTENNA__27631__S/DIODE                 1.50    1.70   -0.20 (VIOLATED)
_27631_/S                               1.50    1.70   -0.20 (VIOLATED)
_16820_/Y                               1.50    1.70   -0.20 (VIOLATED)
_27609_/S                               1.50    1.70   -0.20 (VIOLATED)
ANTENNA__27609__S/DIODE                 1.50    1.70   -0.20 (VIOLATED)
ANTENNA__22844__A/DIODE                 1.50    1.69   -0.19 (VIOLATED)
_22844_/A                               1.50    1.69   -0.19 (VIOLATED)
_29088_/S1                              1.50    1.69   -0.19 (VIOLATED)
ANTENNA__29088__S1/DIODE                1.50    1.69   -0.19 (VIOLATED)
_27911_/A0                              1.50    1.69   -0.19 (VIOLATED)
ANTENNA__27911__A0/DIODE                1.50    1.69   -0.19 (VIOLATED)
_27629_/S                               1.50    1.68   -0.18 (VIOLATED)
_28588_/S                               1.50    1.68   -0.18 (VIOLATED)
_28592_/S                               1.50    1.68   -0.18 (VIOLATED)
ANTENNA__28592__S/DIODE                 1.50    1.68   -0.18 (VIOLATED)
ANTENNA__27629__S/DIODE                 1.50    1.68   -0.18 (VIOLATED)
_29213_/S1                              1.50    1.68   -0.18 (VIOLATED)
ANTENNA__29213__S1/DIODE                1.50    1.68   -0.18 (VIOLATED)
_28608_/S                               1.50    1.68   -0.18 (VIOLATED)
ANTENNA__28608__S/DIODE                 1.50    1.68   -0.18 (VIOLATED)
_29108_/S1                              1.50    1.68   -0.18 (VIOLATED)
ANTENNA__29108__S1/DIODE                1.50    1.68   -0.18 (VIOLATED)
_29133_/S1                              1.50    1.68   -0.18 (VIOLATED)
ANTENNA__29133__S1/DIODE                1.50    1.68   -0.18 (VIOLATED)
_29128_/S1                              1.50    1.68   -0.18 (VIOLATED)
ANTENNA__29128__S1/DIODE                1.50    1.68   -0.18 (VIOLATED)
_29208_/S1                              1.50    1.68   -0.18 (VIOLATED)
_29158_/S1                              1.50    1.68   -0.18 (VIOLATED)
ANTENNA__29158__S1/DIODE                1.50    1.68   -0.18 (VIOLATED)
_29153_/S1                              1.50    1.68   -0.18 (VIOLATED)
ANTENNA__29153__S1/DIODE                1.50    1.68   -0.18 (VIOLATED)
_14473_/A                               1.50    1.68   -0.18 (VIOLATED)
ANTENNA__14473__A/DIODE                 1.50    1.68   -0.18 (VIOLATED)
_28615_/S                               1.50    1.68   -0.18 (VIOLATED)
ANTENNA__29208__S1/DIODE                1.50    1.68   -0.18 (VIOLATED)
ANTENNA__28615__S/DIODE                 1.50    1.67   -0.17 (VIOLATED)
_28602_/S                               1.50    1.67   -0.17 (VIOLATED)
ANTENNA__28602__S/DIODE                 1.50    1.67   -0.17 (VIOLATED)
_28606_/S                               1.50    1.67   -0.17 (VIOLATED)
ANTENNA__28606__S/DIODE                 1.50    1.67   -0.17 (VIOLATED)
_29148_/S1                              1.50    1.67   -0.17 (VIOLATED)
ANTENNA__29148__S1/DIODE                1.50    1.67   -0.17 (VIOLATED)
ANTENNA__28590__S/DIODE                 1.50    1.67   -0.17 (VIOLATED)
_28590_/S                               1.50    1.67   -0.17 (VIOLATED)
ANTENNA__28588__S/DIODE                 1.50    1.67   -0.17 (VIOLATED)
_28589_/S                               1.50    1.67   -0.17 (VIOLATED)
ANTENNA__28589__S/DIODE                 1.50    1.67   -0.17 (VIOLATED)
_28591_/S                               1.50    1.67   -0.17 (VIOLATED)
ANTENNA__28591__S/DIODE                 1.50    1.67   -0.17 (VIOLATED)
_28607_/S                               1.50    1.67   -0.17 (VIOLATED)
ANTENNA__28607__S/DIODE                 1.50    1.67   -0.17 (VIOLATED)
_28587_/S                               1.50    1.67   -0.17 (VIOLATED)
ANTENNA__28587__S/DIODE                 1.50    1.67   -0.17 (VIOLATED)
_14474_/B1                              1.50    1.67   -0.17 (VIOLATED)
ANTENNA__14474__B1/DIODE                1.50    1.67   -0.17 (VIOLATED)
_28605_/S                               1.50    1.67   -0.17 (VIOLATED)
ANTENNA__28605__S/DIODE                 1.50    1.67   -0.17 (VIOLATED)
_28586_/S                               1.50    1.67   -0.17 (VIOLATED)
ANTENNA__28586__S/DIODE                 1.50    1.67   -0.17 (VIOLATED)
_22974_/A2                              1.50    1.67   -0.17 (VIOLATED)
ANTENNA__22974__A2/DIODE                1.50    1.67   -0.17 (VIOLATED)
ANTENNA__22869__A/DIODE                 1.50    1.67   -0.17 (VIOLATED)
_22869_/A                               1.50    1.67   -0.17 (VIOLATED)
_22969_/A1                              1.50    1.67   -0.17 (VIOLATED)
ANTENNA__22969__A1/DIODE                1.50    1.67   -0.17 (VIOLATED)
_22950_/A                               1.50    1.67   -0.17 (VIOLATED)
ANTENNA__22950__A/DIODE                 1.50    1.67   -0.17 (VIOLATED)
_14883_/A2                              1.50    1.67   -0.17 (VIOLATED)
sky130_sram_2kbyte_1rw1r_32x512_8/wmask0[1]    0.04    0.21   -0.17 (VIOLATED)
ANTENNA__14883__A2/DIODE                1.50    1.67   -0.17 (VIOLATED)
_22941_/A                               1.50    1.67   -0.17 (VIOLATED)
_22250_/A1                              1.50    1.67   -0.17 (VIOLATED)
ANTENNA__22250__A1/DIODE                1.50    1.67   -0.17 (VIOLATED)
_26907_/A_N                             1.50    1.67   -0.17 (VIOLATED)
ANTENNA__26907__A_N/DIODE               1.50    1.67   -0.17 (VIOLATED)
_26911_/A_N                             1.50    1.67   -0.17 (VIOLATED)
ANTENNA__26911__A_N/DIODE               1.50    1.67   -0.17 (VIOLATED)
_26909_/A_N                             1.50    1.67   -0.17 (VIOLATED)
ANTENNA__22941__A/DIODE                 1.50    1.67   -0.17 (VIOLATED)
ANTENNA__26909__A_N/DIODE               1.50    1.67   -0.17 (VIOLATED)
_26903_/A_N                             1.50    1.67   -0.17 (VIOLATED)
ANTENNA__26903__A_N/DIODE               1.50    1.67   -0.17 (VIOLATED)
_26890_/A                               1.50    1.67   -0.17 (VIOLATED)
ANTENNA__26890__A/DIODE                 1.50    1.67   -0.17 (VIOLATED)
_28604_/S                               1.50    1.67   -0.17 (VIOLATED)
_26914_/A                               1.50    1.67   -0.17 (VIOLATED)
ANTENNA__26914__A/DIODE                 1.50    1.67   -0.17 (VIOLATED)
_26915_/A                               1.50    1.67   -0.17 (VIOLATED)
ANTENNA__26915__A/DIODE                 1.50    1.67   -0.17 (VIOLATED)
_26913_/A                               1.50    1.67   -0.17 (VIOLATED)
ANTENNA__26913__A/DIODE                 1.50    1.67   -0.17 (VIOLATED)
_26905_/A_N                             1.50    1.67   -0.17 (VIOLATED)
ANTENNA__26905__A_N/DIODE               1.50    1.67   -0.17 (VIOLATED)
_26892_/A                               1.50    1.67   -0.17 (VIOLATED)
ANTENNA__28604__S/DIODE                 1.50    1.67   -0.17 (VIOLATED)
ANTENNA__26892__A/DIODE                 1.50    1.66   -0.16 (VIOLATED)
_22299_/A1                              1.50    1.66   -0.16 (VIOLATED)
ANTENNA__22299__A1/DIODE                1.50    1.66   -0.16 (VIOLATED)
_28603_/S                               1.50    1.66   -0.16 (VIOLATED)
ANTENNA__28603__S/DIODE                 1.50    1.66   -0.16 (VIOLATED)
_28611_/S                               1.50    1.66   -0.16 (VIOLATED)
ANTENNA__28611__S/DIODE                 1.50    1.66   -0.16 (VIOLATED)
_28609_/S                               1.50    1.66   -0.16 (VIOLATED)
ANTENNA__28609__S/DIODE                 1.50    1.66   -0.16 (VIOLATED)
_22897_/A                               1.50    1.66   -0.16 (VIOLATED)
_28610_/S                               1.50    1.66   -0.16 (VIOLATED)
ANTENNA__28610__S/DIODE                 1.50    1.66   -0.16 (VIOLATED)
_28616_/S                               1.50    1.66   -0.16 (VIOLATED)
ANTENNA__28616__S/DIODE                 1.50    1.66   -0.16 (VIOLATED)
_28614_/S                               1.50    1.66   -0.16 (VIOLATED)
ANTENNA__28614__S/DIODE                 1.50    1.66   -0.16 (VIOLATED)
_28612_/S                               1.50    1.66   -0.16 (VIOLATED)
ANTENNA__28612__S/DIODE                 1.50    1.66   -0.16 (VIOLATED)
_28613_/S                               1.50    1.66   -0.16 (VIOLATED)
ANTENNA__28613__S/DIODE                 1.50    1.66   -0.16 (VIOLATED)
ANTENNA__22897__A/DIODE                 1.50    1.66   -0.16 (VIOLATED)
_31101_/Q                               1.51    1.66   -0.16 (VIOLATED)
_22885_/B1                              1.50    1.66   -0.16 (VIOLATED)
ANTENNA__28460__A1/DIODE                1.50    1.66   -0.16 (VIOLATED)
ANTENNA__22885__B1/DIODE                1.50    1.65   -0.15 (VIOLATED)
_28460_/A1                              1.50    1.65   -0.15 (VIOLATED)
sky130_sram_2kbyte_1rw1r_32x512_8/wmask0[0]    0.04    0.19   -0.15 (VIOLATED)
sky130_sram_2kbyte_1rw1r_32x512_8/addr0[6]    0.04    0.19   -0.15 (VIOLATED)
ANTENNA__27832__S/DIODE                 1.50    1.65   -0.15 (VIOLATED)
_27832_/S                               1.50    1.65   -0.15 (VIOLATED)
_27836_/S                               1.50    1.65   -0.15 (VIOLATED)
ANTENNA__27836__S/DIODE                 1.50    1.65   -0.15 (VIOLATED)
_22855_/B1                              1.50    1.65   -0.15 (VIOLATED)
_27859_/S                               1.50    1.65   -0.15 (VIOLATED)
ANTENNA__27859__S/DIODE                 1.50    1.65   -0.15 (VIOLATED)
_22913_/B1                              1.50    1.65   -0.15 (VIOLATED)
ANTENNA__22913__B1/DIODE                1.50    1.65   -0.15 (VIOLATED)
_27860_/S                               1.50    1.65   -0.15 (VIOLATED)
ANTENNA__27860__S/DIODE                 1.50    1.65   -0.15 (VIOLATED)
ANTENNA__22855__B1/DIODE                1.50    1.65   -0.15 (VIOLATED)
_22864_/B1                              1.50    1.65   -0.15 (VIOLATED)
_27861_/S                               1.50    1.65   -0.15 (VIOLATED)
ANTENNA__27861__S/DIODE                 1.50    1.65   -0.15 (VIOLATED)
ANTENNA__22864__B1/DIODE                1.50    1.65   -0.15 (VIOLATED)
_14878_/A                               1.50    1.65   -0.15 (VIOLATED)
ANTENNA__14878__A/DIODE                 1.50    1.65   -0.15 (VIOLATED)
_22892_/B1                              1.50    1.65   -0.15 (VIOLATED)
_25325_/A                               1.50    1.65   -0.15 (VIOLATED)
ANTENNA__25325__A/DIODE                 1.50    1.65   -0.15 (VIOLATED)
_14868_/Y                               1.50    1.65   -0.14 (VIOLATED)
_28142_/X                               1.51    1.65   -0.14 (VIOLATED)
sky130_sram_2kbyte_1rw1r_32x512_8/addr0[7]    0.04    0.18   -0.14 (VIOLATED)
ANTENNA__22892__B1/DIODE                1.50    1.64   -0.14 (VIOLATED)
sky130_sram_2kbyte_1rw1r_32x512_8/addr0[3]    0.04    0.18   -0.14 (VIOLATED)
ANTENNA__22808__A1/DIODE                1.50    1.64   -0.14 (VIOLATED)
_27851_/S                               1.50    1.64   -0.14 (VIOLATED)
_22808_/A1                              1.50    1.64   -0.14 (VIOLATED)
_27862_/S                               1.50    1.64   -0.14 (VIOLATED)
ANTENNA__27862__S/DIODE                 1.50    1.64   -0.14 (VIOLATED)
_22878_/B1                              1.50    1.64   -0.14 (VIOLATED)
ANTENNA__27851__S/DIODE                 1.50    1.64   -0.14 (VIOLATED)
ANTENNA__22878__B1/DIODE                1.50    1.64   -0.14 (VIOLATED)
_22906_/B1                              1.50    1.64   -0.14 (VIOLATED)
ANTENNA__22906__B1/DIODE                1.50    1.64   -0.14 (VIOLATED)
_22828_/B1                              1.50    1.64   -0.14 (VIOLATED)
_27863_/S                               1.50    1.64   -0.14 (VIOLATED)
ANTENNA__22828__B1/DIODE                1.50    1.63   -0.13 (VIOLATED)
ANTENNA__27863__S/DIODE                 1.50    1.63   -0.13 (VIOLATED)
sky130_sram_2kbyte_1rw1r_32x512_8/addr0[8]    0.04    0.17   -0.13 (VIOLATED)
_22846_/B1                              1.50    1.63   -0.13 (VIOLATED)
_27852_/S                               1.50    1.62   -0.12 (VIOLATED)
ANTENNA__22846__B1/DIODE                1.50    1.62   -0.12 (VIOLATED)
ANTENNA__27852__S/DIODE                 1.50    1.62   -0.12 (VIOLATED)
sky130_sram_2kbyte_1rw1r_32x512_8/addr0[4]    0.04    0.16   -0.12 (VIOLATED)
_22933_/A1                              1.50    1.62   -0.12 (VIOLATED)
_22814_/B1                              1.50    1.62   -0.12 (VIOLATED)
_27856_/S                               1.50    1.62   -0.12 (VIOLATED)
ANTENNA__22933__A1/DIODE                1.50    1.62   -0.12 (VIOLATED)
ANTENNA__27856__S/DIODE                 1.50    1.62   -0.12 (VIOLATED)
ANTENNA__22814__B1/DIODE                1.50    1.62   -0.12 (VIOLATED)
_22924_/A1                              1.50    1.61   -0.11 (VIOLATED)
ANTENNA__22924__A1/DIODE                1.50    1.61   -0.11 (VIOLATED)
_27834_/S                               1.50    1.61   -0.11 (VIOLATED)
ANTENNA__27834__S/DIODE                 1.50    1.61   -0.11 (VIOLATED)
_27833_/S                               1.50    1.61   -0.11 (VIOLATED)
ANTENNA__27833__S/DIODE                 1.50    1.61   -0.11 (VIOLATED)
_27835_/S                               1.50    1.60   -0.10 (VIOLATED)
ANTENNA__27835__S/DIODE                 1.50    1.60   -0.10 (VIOLATED)
_27838_/S                               1.50    1.60   -0.10 (VIOLATED)
ANTENNA__27838__S/DIODE                 1.50    1.60   -0.10 (VIOLATED)
_22835_/B1                              1.50    1.59   -0.09 (VIOLATED)
ANTENNA__22835__B1/DIODE                1.50    1.58   -0.08 (VIOLATED)
_22783_/B1                              1.50    1.58   -0.08 (VIOLATED)
ANTENNA__22783__B1/DIODE                1.50    1.58   -0.08 (VIOLATED)
_22838_/A1                              1.50    1.58   -0.08 (VIOLATED)
ANTENNA__22838__A1/DIODE                1.50    1.58   -0.08 (VIOLATED)
_22915_/B1                              1.50    1.58   -0.08 (VIOLATED)
_27858_/S                               1.50    1.57   -0.07 (VIOLATED)
ANTENNA__22915__B1/DIODE                1.50    1.57   -0.07 (VIOLATED)
_22748_/A1                              1.50    1.57   -0.07 (VIOLATED)
ANTENNA__27858__S/DIODE                 1.50    1.57   -0.07 (VIOLATED)
sky130_sram_2kbyte_1rw1r_32x512_8/addr0[2]    0.04    0.11   -0.07 (VIOLATED)
ANTENNA__22748__A1/DIODE                1.50    1.57   -0.07 (VIOLATED)
ANTENNA__22801__B1/DIODE                1.50    1.57   -0.07 (VIOLATED)
_22801_/B1                              1.50    1.57   -0.07 (VIOLATED)
ANTENNA__27847__S/DIODE                 1.50    1.56   -0.06 (VIOLATED)
_27847_/S                               1.50    1.56   -0.06 (VIOLATED)
_22784_/B1                              1.50    1.56   -0.06 (VIOLATED)
ANTENNA__22784__B1/DIODE                1.50    1.56   -0.06 (VIOLATED)
_27843_/S                               1.50    1.56   -0.06 (VIOLATED)
ANTENNA__27843__S/DIODE                 1.50    1.56   -0.06 (VIOLATED)
_27548_/S                               1.50    1.55   -0.05 (VIOLATED)
ANTENNA__27548__S/DIODE                 1.50    1.55   -0.05 (VIOLATED)
_27547_/S                               1.50    1.55   -0.05 (VIOLATED)
ANTENNA__27547__S/DIODE                 1.50    1.55   -0.05 (VIOLATED)
_27546_/S                               1.50    1.55   -0.05 (VIOLATED)
ANTENNA__27546__S/DIODE                 1.50    1.55   -0.05 (VIOLATED)
ANTENNA__27545__S/DIODE                 1.50    1.55   -0.05 (VIOLATED)
_27545_/S                               1.50    1.55   -0.05 (VIOLATED)
sky130_sram_2kbyte_1rw1r_32x512_8/addr0[5]    0.04    0.09   -0.05 (VIOLATED)
_22750_/A1                              1.50    1.55   -0.05 (VIOLATED)
ANTENNA__22750__A1/DIODE                1.50    1.55   -0.05 (VIOLATED)
_22776_/B1                              1.50    1.55   -0.05 (VIOLATED)
ANTENNA__22776__B1/DIODE                1.50    1.55   -0.05 (VIOLATED)
_22769_/B1                              1.50    1.55   -0.05 (VIOLATED)
ANTENNA__22769__B1/DIODE                1.50    1.55   -0.05 (VIOLATED)
_22762_/B1                              1.50    1.55   -0.05 (VIOLATED)
ANTENNA__22762__B1/DIODE                1.50    1.55   -0.05 (VIOLATED)
_22755_/B1                              1.50    1.55   -0.05 (VIOLATED)
ANTENNA__22755__B1/DIODE                1.50    1.55   -0.05 (VIOLATED)
_22741_/B1                              1.50    1.55   -0.05 (VIOLATED)
ANTENNA__22741__B1/DIODE                1.50    1.55   -0.05 (VIOLATED)
_27522_/S                               1.50    1.55   -0.05 (VIOLATED)
_22729_/B1                              1.50    1.55   -0.05 (VIOLATED)
ANTENNA__22729__B1/DIODE                1.50    1.55   -0.05 (VIOLATED)
ANTENNA__27522__S/DIODE                 1.50    1.55   -0.05 (VIOLATED)
_22931_/B1                              1.50    1.55   -0.05 (VIOLATED)
ANTENNA__22931__B1/DIODE                1.50    1.55   -0.05 (VIOLATED)
_22776_/A1                              1.50    1.55   -0.05 (VIOLATED)
ANTENNA__22776__A1/DIODE                1.50    1.55   -0.05 (VIOLATED)
_22769_/A1                              1.50    1.55   -0.05 (VIOLATED)
ANTENNA__22769__A1/DIODE                1.50    1.55   -0.05 (VIOLATED)
_22762_/A1                              1.50    1.54   -0.04 (VIOLATED)
_27857_/S                               1.50    1.54   -0.04 (VIOLATED)
ANTENNA__27857__S/DIODE                 1.50    1.54   -0.04 (VIOLATED)
ANTENNA__22762__A1/DIODE                1.50    1.54   -0.04 (VIOLATED)
_27518_/S                               1.50    1.54   -0.04 (VIOLATED)
ANTENNA__27518__S/DIODE                 1.50    1.54   -0.04 (VIOLATED)
_22755_/A1                              1.50    1.54   -0.04 (VIOLATED)
ANTENNA__22755__A1/DIODE                1.50    1.54   -0.04 (VIOLATED)
_22741_/A1                              1.50    1.54   -0.04 (VIOLATED)
ANTENNA__22741__A1/DIODE                1.50    1.54   -0.04 (VIOLATED)
_22821_/B1                              1.50    1.54   -0.04 (VIOLATED)
repeater2148/A                          1.50    1.54   -0.04 (VIOLATED)
ANTENNA_repeater2148_A/DIODE            1.50    1.54   -0.04 (VIOLATED)
ANTENNA__22821__B1/DIODE                1.50    1.54   -0.04 (VIOLATED)
_32039_/Q                               1.51    1.55   -0.04 (VIOLATED)
_22800_/B1                              1.50    1.54   -0.04 (VIOLATED)
ANTENNA__22800__B1/DIODE                1.50    1.54   -0.04 (VIOLATED)
_22791_/B1                              1.50    1.54   -0.04 (VIOLATED)
ANTENNA__22791__B1/DIODE                1.50    1.54   -0.04 (VIOLATED)
repeater2149/X                          1.51    1.54   -0.03 (VIOLATED)
_27520_/S                               1.50    1.53   -0.03 (VIOLATED)
ANTENNA__27520__S/DIODE                 1.50    1.53   -0.03 (VIOLATED)
ANTENNA__22958__B1/DIODE                1.50    1.53   -0.03 (VIOLATED)
_22958_/B1                              1.50    1.53   -0.03 (VIOLATED)
_22728_/B1                              1.50    1.53   -0.03 (VIOLATED)
ANTENNA__22728__B1/DIODE                1.50    1.53   -0.03 (VIOLATED)
_22922_/B1                              1.50    1.53   -0.03 (VIOLATED)
ANTENNA__22922__B1/DIODE                1.50    1.53   -0.03 (VIOLATED)
_27845_/S                               1.50    1.52   -0.02 (VIOLATED)
ANTENNA__27845__S/DIODE                 1.50    1.52   -0.02 (VIOLATED)
_27519_/S                               1.50    1.52   -0.02 (VIOLATED)
ANTENNA__27519__S/DIODE                 1.50    1.52   -0.02 (VIOLATED)
_32037_/Q                               1.51    1.52   -0.02 (VIOLATED)
_27542_/S                               1.50    1.50   -0.00 (VIOLATED)
ANTENNA__27542__S/DIODE                 1.50    1.50   -0.00 (VIOLATED)

max capacitance

Pin                                    Limit     Cap   Slack
------------------------------------------------------------
_28142_/X                               0.93    1.03   -0.10 (VIOLATED)
_33369_/Q                               0.55    0.65   -0.10 (VIOLATED)
_32040_/Q                               0.55    0.64   -0.09 (VIOLATED)
_32195_/Q                               0.55    0.63   -0.08 (VIOLATED)
core_clk                                0.18    0.24   -0.06 (VIOLATED)
_31101_/Q                               0.55    0.60   -0.06 (VIOLATED)
_22976_/Y                               0.17    0.22   -0.05 (VIOLATED)
_16820_/Y                               0.43    0.49   -0.05 (VIOLATED)
_14868_/Y                               0.43    0.47   -0.04 (VIOLATED)
_32039_/Q                               0.55    0.57   -0.02 (VIOLATED)
sky130_sram_2kbyte_1rw1r_32x512_8/dout0[2]    0.03    0.04   -0.01 (VIOLATED)
repeater2149/X                          0.28    0.29   -0.01 (VIOLATED)
sky130_sram_2kbyte_1rw1r_32x512_8/dout1[30]    0.03    0.03   -0.00 (VIOLATED)
sky130_sram_2kbyte_1rw1r_32x512_8/dout0[6]    0.03    0.03   -0.00 (VIOLATED)
sky130_sram_2kbyte_1rw1r_32x512_8/dout1[27]    0.03    0.03   -0.00 (VIOLATED)
sky130_sram_2kbyte_1rw1r_32x512_8/dout1[31]    0.03    0.03   -0.00 (VIOLATED)
_32037_/Q                               0.55    0.55   -0.00 (VIOLATED)
sky130_sram_2kbyte_1rw1r_32x512_8/dout1[29]    0.03    0.03   -0.00 (VIOLATED)
sky130_sram_2kbyte_1rw1r_32x512_8/dout1[28]    0.03    0.03   -0.00 (VIOLATED)
sky130_sram_2kbyte_1rw1r_32x512_8/dout1[22]    0.03    0.03   -0.00 (VIOLATED)
sky130_sram_2kbyte_1rw1r_32x512_8/dout1[23]    0.03    0.03   -0.00 (VIOLATED)
sky130_sram_2kbyte_1rw1r_32x512_8/dout1[26]    0.03    0.03   -0.00 (VIOLATED)


===========================================================================
max slew violation count 971
max fanout violation count 0
max cap violation count 22
============================================================================
