
===========================================================================
report_checks -path_delay min (Hold)
============================================================================
Startpoint: _31272_ (rising edge-triggered flip-flop clocked by core_clk)
Endpoint: _29867_ (rising edge-triggered flip-flop clocked by core_clk)
Path Group: core_clk
Path Type: min

Fanout     Cap    Slew   Delay    Time   Description
-----------------------------------------------------------------------------
                          0.00    0.00   clock core_clk (rise edge)
                          0.00    0.00   clock source latency
                  1.96    1.33    1.33 ^ core_clk (in)
     2    0.24                           core_clk (net)
                  1.96    0.00    1.33 ^ clkbuf_0_core_clk/A (sky130_fd_sc_hd__clkbuf_16)
                  0.09    0.36    1.69 ^ clkbuf_0_core_clk/X (sky130_fd_sc_hd__clkbuf_16)
     4    0.02                           clknet_0_core_clk (net)
                  0.09    0.00    1.69 ^ clkbuf_1_1_0_core_clk/A (sky130_fd_sc_hd__clkbuf_4)
                  0.05    0.14    1.83 ^ clkbuf_1_1_0_core_clk/X (sky130_fd_sc_hd__clkbuf_4)
     1    0.01                           clknet_1_1_0_core_clk (net)
                  0.05    0.00    1.83 ^ clkbuf_1_1_1_core_clk/A (sky130_fd_sc_hd__clkbuf_4)
                  0.05    0.13    1.96 ^ clkbuf_1_1_1_core_clk/X (sky130_fd_sc_hd__clkbuf_4)
     1    0.01                           clknet_1_1_1_core_clk (net)
                  0.05    0.00    1.96 ^ clkbuf_1_1_2_core_clk/A (sky130_fd_sc_hd__clkbuf_4)
                  0.05    0.13    2.09 ^ clkbuf_1_1_2_core_clk/X (sky130_fd_sc_hd__clkbuf_4)
     1    0.01                           clknet_1_1_2_core_clk (net)
                  0.05    0.00    2.09 ^ clkbuf_1_1_3_core_clk/A (sky130_fd_sc_hd__clkbuf_4)
                  0.05    0.13    2.22 ^ clkbuf_1_1_3_core_clk/X (sky130_fd_sc_hd__clkbuf_4)
     1    0.01                           clknet_1_1_3_core_clk (net)
                  0.05    0.00    2.22 ^ clkbuf_1_1_4_core_clk/A (sky130_fd_sc_hd__clkbuf_4)
                  0.19    0.22    2.45 ^ clkbuf_1_1_4_core_clk/X (sky130_fd_sc_hd__clkbuf_4)
     4    0.06                           clknet_1_1_4_core_clk (net)
                  0.19    0.01    2.46 ^ clkbuf_2_2_0_core_clk/A (sky130_fd_sc_hd__clkbuf_4)
                  0.05    0.17    2.63 ^ clkbuf_2_2_0_core_clk/X (sky130_fd_sc_hd__clkbuf_4)
     1    0.01                           clknet_2_2_0_core_clk (net)
                  0.05    0.00    2.63 ^ clkbuf_2_2_1_core_clk/A (sky130_fd_sc_hd__clkbuf_4)
                  0.14    0.19    2.83 ^ clkbuf_2_2_1_core_clk/X (sky130_fd_sc_hd__clkbuf_4)
     4    0.04                           clknet_2_2_1_core_clk (net)
                  0.14    0.00    2.83 ^ clkbuf_3_5_0_core_clk/A (sky130_fd_sc_hd__clkbuf_4)
                  0.05    0.16    2.99 ^ clkbuf_3_5_0_core_clk/X (sky130_fd_sc_hd__clkbuf_4)
     1    0.01                           clknet_3_5_0_core_clk (net)
                  0.05    0.00    2.99 ^ clkbuf_3_5_1_core_clk/A (sky130_fd_sc_hd__clkbuf_4)
                  0.04    0.12    3.11 ^ clkbuf_3_5_1_core_clk/X (sky130_fd_sc_hd__clkbuf_4)
     1    0.01                           clknet_3_5_1_core_clk (net)
                  0.04    0.00    3.11 ^ clkbuf_3_5_2_core_clk/A (sky130_fd_sc_hd__clkbuf_4)
                  0.10    0.17    3.28 ^ clkbuf_3_5_2_core_clk/X (sky130_fd_sc_hd__clkbuf_4)
     4    0.03                           clknet_3_5_2_core_clk (net)
                  0.10    0.00    3.28 ^ clkbuf_4_11_0_core_clk/A (sky130_fd_sc_hd__clkbuf_4)
                  0.11    0.19    3.47 ^ clkbuf_4_11_0_core_clk/X (sky130_fd_sc_hd__clkbuf_4)
     4    0.03                           clknet_4_11_0_core_clk (net)
                  0.11    0.00    3.48 ^ clkbuf_5_23_0_core_clk/A (sky130_fd_sc_hd__clkbuf_4)
                  0.04    0.14    3.62 ^ clkbuf_5_23_0_core_clk/X (sky130_fd_sc_hd__clkbuf_4)
     1    0.01                           clknet_5_23_0_core_clk (net)
                  0.04    0.00    3.62 ^ clkbuf_5_23_1_core_clk/A (sky130_fd_sc_hd__clkbuf_4)
                  0.84    0.64    4.25 ^ clkbuf_5_23_1_core_clk/X (sky130_fd_sc_hd__clkbuf_4)
    38    0.29                           clknet_5_23_1_core_clk (net)
                  0.84    0.01    4.27 ^ clkbuf_leaf_265_core_clk/A (sky130_fd_sc_hd__clkbuf_16)
                  0.07    0.28    4.55 ^ clkbuf_leaf_265_core_clk/X (sky130_fd_sc_hd__clkbuf_16)
     6    0.03                           clknet_leaf_265_core_clk (net)
                  0.07    0.00    4.55 ^ _31272_/CLK (sky130_fd_sc_hd__dfxtp_4)
                  0.06    0.36    4.91 v _31272_/Q (sky130_fd_sc_hd__dfxtp_4)
     4    0.03                           VexRiscv.DBusSimplePlugin_memoryExceptionPort_payload_badAddr[20] (net)
                  0.06    0.00    4.91 v hold800/A (sky130_fd_sc_hd__buf_12)
                  0.10    0.16    5.07 v hold800/X (sky130_fd_sc_hd__buf_12)
     2    0.17                           net3152 (net)
                  0.12    0.04    5.10 v _29867_/D (sky130_fd_sc_hd__dfxtp_1)
                                  5.10   data arrival time

                          0.00    0.00   clock core_clk (rise edge)
                          0.00    0.00   clock source latency
                  1.96    1.47    1.47 ^ core_clk (in)
     2    0.24                           core_clk (net)
                  1.96    0.00    1.47 ^ clkbuf_0_core_clk/A (sky130_fd_sc_hd__clkbuf_16)
                  0.09    0.40    1.86 ^ clkbuf_0_core_clk/X (sky130_fd_sc_hd__clkbuf_16)
     4    0.02                           clknet_0_core_clk (net)
                  0.09    0.00    1.86 ^ clkbuf_1_0_0_core_clk/A (sky130_fd_sc_hd__clkbuf_4)
                  0.05    0.16    2.02 ^ clkbuf_1_0_0_core_clk/X (sky130_fd_sc_hd__clkbuf_4)
     1    0.01                           clknet_1_0_0_core_clk (net)
                  0.05    0.00    2.02 ^ clkbuf_1_0_1_core_clk/A (sky130_fd_sc_hd__clkbuf_4)
                  0.05    0.14    2.16 ^ clkbuf_1_0_1_core_clk/X (sky130_fd_sc_hd__clkbuf_4)
     1    0.01                           clknet_1_0_1_core_clk (net)
                  0.05    0.00    2.16 ^ clkbuf_1_0_2_core_clk/A (sky130_fd_sc_hd__clkbuf_4)
                  0.05    0.14    2.30 ^ clkbuf_1_0_2_core_clk/X (sky130_fd_sc_hd__clkbuf_4)
     1    0.01                           clknet_1_0_2_core_clk (net)
                  0.05    0.00    2.30 ^ clkbuf_1_0_3_core_clk/A (sky130_fd_sc_hd__clkbuf_4)
                  0.03    0.12    2.42 ^ clkbuf_1_0_3_core_clk/X (sky130_fd_sc_hd__clkbuf_4)
     1    0.00                           clknet_1_0_3_core_clk (net)
                  0.03    0.00    2.42 ^ clkbuf_1_0_4_core_clk/A (sky130_fd_sc_hd__clkbuf_4)
                  0.34    0.34    2.75 ^ clkbuf_1_0_4_core_clk/X (sky130_fd_sc_hd__clkbuf_4)
     4    0.11                           clknet_1_0_4_core_clk (net)
                  0.35    0.03    2.78 ^ clkbuf_2_0_0_core_clk/A (sky130_fd_sc_hd__clkbuf_4)
                  0.04    0.22    3.00 ^ clkbuf_2_0_0_core_clk/X (sky130_fd_sc_hd__clkbuf_4)
     1    0.00                           clknet_2_0_0_core_clk (net)
                  0.04    0.00    3.00 ^ clkbuf_2_0_1_core_clk/A (sky130_fd_sc_hd__clkbuf_4)
                  0.59    0.50    3.50 ^ clkbuf_2_0_1_core_clk/X (sky130_fd_sc_hd__clkbuf_4)
     4    0.20                           clknet_2_0_1_core_clk (net)
                  0.59    0.04    3.54 ^ clkbuf_3_1_0_core_clk/A (sky130_fd_sc_hd__clkbuf_4)
                  0.04    0.26    3.80 ^ clkbuf_3_1_0_core_clk/X (sky130_fd_sc_hd__clkbuf_4)
     1    0.00                           clknet_3_1_0_core_clk (net)
                  0.04    0.00    3.80 ^ clkbuf_3_1_1_core_clk/A (sky130_fd_sc_hd__clkbuf_4)
                  0.03    0.12    3.92 ^ clkbuf_3_1_1_core_clk/X (sky130_fd_sc_hd__clkbuf_4)
     1    0.00                           clknet_3_1_1_core_clk (net)
                  0.03    0.00    3.92 ^ clkbuf_3_1_2_core_clk/A (sky130_fd_sc_hd__clkbuf_4)
                  0.09    0.17    4.09 ^ clkbuf_3_1_2_core_clk/X (sky130_fd_sc_hd__clkbuf_4)
     4    0.03                           clknet_3_1_2_core_clk (net)
                  0.09    0.00    4.09 ^ clkbuf_4_3_0_core_clk/A (sky130_fd_sc_hd__clkbuf_4)
                  0.10    0.20    4.29 ^ clkbuf_4_3_0_core_clk/X (sky130_fd_sc_hd__clkbuf_4)
     4    0.03                           clknet_4_3_0_core_clk (net)
                  0.10    0.00    4.29 ^ clkbuf_5_6_0_core_clk/A (sky130_fd_sc_hd__clkbuf_4)
                  0.04    0.15    4.44 ^ clkbuf_5_6_0_core_clk/X (sky130_fd_sc_hd__clkbuf_4)
     1    0.01                           clknet_5_6_0_core_clk (net)
                  0.04    0.00    4.44 ^ clkbuf_5_6_1_core_clk/A (sky130_fd_sc_hd__clkbuf_4)
                  0.41    0.41    4.85 ^ clkbuf_5_6_1_core_clk/X (sky130_fd_sc_hd__clkbuf_4)
    18    0.14                           clknet_5_6_1_core_clk (net)
                  0.41    0.01    4.85 ^ clkbuf_leaf_360_core_clk/A (sky130_fd_sc_hd__clkbuf_16)
                  0.07    0.25    5.11 ^ clkbuf_leaf_360_core_clk/X (sky130_fd_sc_hd__clkbuf_16)
    10    0.04                           clknet_leaf_360_core_clk (net)
                  0.07    0.00    5.11 ^ _29867_/CLK (sky130_fd_sc_hd__dfxtp_1)
                          0.25    5.36   clock uncertainty
                         -0.18    5.18   clock reconvergence pessimism
                         -0.08    5.10   library hold time
                                  5.10   data required time
-----------------------------------------------------------------------------
                                  5.10   data required time
                                 -5.10   data arrival time
-----------------------------------------------------------------------------
                                  0.00   slack (MET)


Startpoint: _31274_ (rising edge-triggered flip-flop clocked by core_clk)
Endpoint: _29869_ (rising edge-triggered flip-flop clocked by core_clk)
Path Group: core_clk
Path Type: min

Fanout     Cap    Slew   Delay    Time   Description
-----------------------------------------------------------------------------
                          0.00    0.00   clock core_clk (rise edge)
                          0.00    0.00   clock source latency
                  1.96    1.33    1.33 ^ core_clk (in)
     2    0.24                           core_clk (net)
                  1.96    0.00    1.33 ^ clkbuf_0_core_clk/A (sky130_fd_sc_hd__clkbuf_16)
                  0.09    0.36    1.69 ^ clkbuf_0_core_clk/X (sky130_fd_sc_hd__clkbuf_16)
     4    0.02                           clknet_0_core_clk (net)
                  0.09    0.00    1.69 ^ clkbuf_1_1_0_core_clk/A (sky130_fd_sc_hd__clkbuf_4)
                  0.05    0.14    1.83 ^ clkbuf_1_1_0_core_clk/X (sky130_fd_sc_hd__clkbuf_4)
     1    0.01                           clknet_1_1_0_core_clk (net)
                  0.05    0.00    1.83 ^ clkbuf_1_1_1_core_clk/A (sky130_fd_sc_hd__clkbuf_4)
                  0.05    0.13    1.96 ^ clkbuf_1_1_1_core_clk/X (sky130_fd_sc_hd__clkbuf_4)
     1    0.01                           clknet_1_1_1_core_clk (net)
                  0.05    0.00    1.96 ^ clkbuf_1_1_2_core_clk/A (sky130_fd_sc_hd__clkbuf_4)
                  0.05    0.13    2.09 ^ clkbuf_1_1_2_core_clk/X (sky130_fd_sc_hd__clkbuf_4)
     1    0.01                           clknet_1_1_2_core_clk (net)
                  0.05    0.00    2.09 ^ clkbuf_1_1_3_core_clk/A (sky130_fd_sc_hd__clkbuf_4)
                  0.05    0.13    2.22 ^ clkbuf_1_1_3_core_clk/X (sky130_fd_sc_hd__clkbuf_4)
     1    0.01                           clknet_1_1_3_core_clk (net)
                  0.05    0.00    2.22 ^ clkbuf_1_1_4_core_clk/A (sky130_fd_sc_hd__clkbuf_4)
                  0.19    0.22    2.45 ^ clkbuf_1_1_4_core_clk/X (sky130_fd_sc_hd__clkbuf_4)
     4    0.06                           clknet_1_1_4_core_clk (net)
                  0.19    0.01    2.46 ^ clkbuf_2_2_0_core_clk/A (sky130_fd_sc_hd__clkbuf_4)
                  0.05    0.17    2.63 ^ clkbuf_2_2_0_core_clk/X (sky130_fd_sc_hd__clkbuf_4)
     1    0.01                           clknet_2_2_0_core_clk (net)
                  0.05    0.00    2.63 ^ clkbuf_2_2_1_core_clk/A (sky130_fd_sc_hd__clkbuf_4)
                  0.14    0.19    2.83 ^ clkbuf_2_2_1_core_clk/X (sky130_fd_sc_hd__clkbuf_4)
     4    0.04                           clknet_2_2_1_core_clk (net)
                  0.14    0.00    2.83 ^ clkbuf_3_5_0_core_clk/A (sky130_fd_sc_hd__clkbuf_4)
                  0.05    0.16    2.99 ^ clkbuf_3_5_0_core_clk/X (sky130_fd_sc_hd__clkbuf_4)
     1    0.01                           clknet_3_5_0_core_clk (net)
                  0.05    0.00    2.99 ^ clkbuf_3_5_1_core_clk/A (sky130_fd_sc_hd__clkbuf_4)
                  0.04    0.12    3.11 ^ clkbuf_3_5_1_core_clk/X (sky130_fd_sc_hd__clkbuf_4)
     1    0.01                           clknet_3_5_1_core_clk (net)
                  0.04    0.00    3.11 ^ clkbuf_3_5_2_core_clk/A (sky130_fd_sc_hd__clkbuf_4)
                  0.10    0.17    3.28 ^ clkbuf_3_5_2_core_clk/X (sky130_fd_sc_hd__clkbuf_4)
     4    0.03                           clknet_3_5_2_core_clk (net)
                  0.10    0.00    3.28 ^ clkbuf_4_11_0_core_clk/A (sky130_fd_sc_hd__clkbuf_4)
                  0.11    0.19    3.47 ^ clkbuf_4_11_0_core_clk/X (sky130_fd_sc_hd__clkbuf_4)
     4    0.03                           clknet_4_11_0_core_clk (net)
                  0.11    0.00    3.48 ^ clkbuf_5_23_0_core_clk/A (sky130_fd_sc_hd__clkbuf_4)
                  0.04    0.14    3.62 ^ clkbuf_5_23_0_core_clk/X (sky130_fd_sc_hd__clkbuf_4)
     1    0.01                           clknet_5_23_0_core_clk (net)
                  0.04    0.00    3.62 ^ clkbuf_5_23_1_core_clk/A (sky130_fd_sc_hd__clkbuf_4)
                  0.84    0.64    4.25 ^ clkbuf_5_23_1_core_clk/X (sky130_fd_sc_hd__clkbuf_4)
    38    0.29                           clknet_5_23_1_core_clk (net)
                  0.85    0.05    4.30 ^ clkbuf_leaf_266_core_clk/A (sky130_fd_sc_hd__clkbuf_16)
                  0.07    0.28    4.58 ^ clkbuf_leaf_266_core_clk/X (sky130_fd_sc_hd__clkbuf_16)
     7    0.03                           clknet_leaf_266_core_clk (net)
                  0.07    0.00    4.58 ^ _31274_/CLK (sky130_fd_sc_hd__dfxtp_4)
                  0.09    0.39    4.97 v _31274_/Q (sky130_fd_sc_hd__dfxtp_4)
     8    0.06                           VexRiscv.DBusSimplePlugin_memoryExceptionPort_payload_badAddr[22] (net)
                  0.09    0.00    4.97 v hold470/A (sky130_fd_sc_hd__buf_12)
                  0.02    0.13    5.10 v hold470/X (sky130_fd_sc_hd__buf_12)
     1    0.01                           net2822 (net)
                  0.02    0.00    5.10 v hold574/A (sky130_fd_sc_hd__buf_12)
                  0.12    0.17    5.27 v hold574/X (sky130_fd_sc_hd__buf_12)
     2    0.21                           net2926 (net)
                  0.13    0.03    5.30 v _29869_/D (sky130_fd_sc_hd__dfxtp_1)
                                  5.30   data arrival time

                          0.00    0.00   clock core_clk (rise edge)
                          0.00    0.00   clock source latency
                  1.96    1.47    1.47 ^ core_clk (in)
     2    0.24                           core_clk (net)
                  1.96    0.00    1.47 ^ clkbuf_0_core_clk/A (sky130_fd_sc_hd__clkbuf_16)
                  0.09    0.40    1.86 ^ clkbuf_0_core_clk/X (sky130_fd_sc_hd__clkbuf_16)
     4    0.02                           clknet_0_core_clk (net)
                  0.09    0.00    1.86 ^ clkbuf_1_0_0_core_clk/A (sky130_fd_sc_hd__clkbuf_4)
                  0.05    0.16    2.02 ^ clkbuf_1_0_0_core_clk/X (sky130_fd_sc_hd__clkbuf_4)
     1    0.01                           clknet_1_0_0_core_clk (net)
                  0.05    0.00    2.02 ^ clkbuf_1_0_1_core_clk/A (sky130_fd_sc_hd__clkbuf_4)
                  0.05    0.14    2.16 ^ clkbuf_1_0_1_core_clk/X (sky130_fd_sc_hd__clkbuf_4)
     1    0.01                           clknet_1_0_1_core_clk (net)
                  0.05    0.00    2.16 ^ clkbuf_1_0_2_core_clk/A (sky130_fd_sc_hd__clkbuf_4)
                  0.05    0.14    2.30 ^ clkbuf_1_0_2_core_clk/X (sky130_fd_sc_hd__clkbuf_4)
     1    0.01                           clknet_1_0_2_core_clk (net)
                  0.05    0.00    2.30 ^ clkbuf_1_0_3_core_clk/A (sky130_fd_sc_hd__clkbuf_4)
                  0.03    0.12    2.42 ^ clkbuf_1_0_3_core_clk/X (sky130_fd_sc_hd__clkbuf_4)
     1    0.00                           clknet_1_0_3_core_clk (net)
                  0.03    0.00    2.42 ^ clkbuf_1_0_4_core_clk/A (sky130_fd_sc_hd__clkbuf_4)
                  0.34    0.34    2.75 ^ clkbuf_1_0_4_core_clk/X (sky130_fd_sc_hd__clkbuf_4)
     4    0.11                           clknet_1_0_4_core_clk (net)
                  0.35    0.03    2.78 ^ clkbuf_2_0_0_core_clk/A (sky130_fd_sc_hd__clkbuf_4)
                  0.04    0.22    3.00 ^ clkbuf_2_0_0_core_clk/X (sky130_fd_sc_hd__clkbuf_4)
     1    0.00                           clknet_2_0_0_core_clk (net)
                  0.04    0.00    3.00 ^ clkbuf_2_0_1_core_clk/A (sky130_fd_sc_hd__clkbuf_4)
                  0.59    0.50    3.50 ^ clkbuf_2_0_1_core_clk/X (sky130_fd_sc_hd__clkbuf_4)
     4    0.20                           clknet_2_0_1_core_clk (net)
                  0.59    0.04    3.54 ^ clkbuf_3_1_0_core_clk/A (sky130_fd_sc_hd__clkbuf_4)
                  0.04    0.26    3.80 ^ clkbuf_3_1_0_core_clk/X (sky130_fd_sc_hd__clkbuf_4)
     1    0.00                           clknet_3_1_0_core_clk (net)
                  0.04    0.00    3.80 ^ clkbuf_3_1_1_core_clk/A (sky130_fd_sc_hd__clkbuf_4)
                  0.03    0.12    3.92 ^ clkbuf_3_1_1_core_clk/X (sky130_fd_sc_hd__clkbuf_4)
     1    0.00                           clknet_3_1_1_core_clk (net)
                  0.03    0.00    3.92 ^ clkbuf_3_1_2_core_clk/A (sky130_fd_sc_hd__clkbuf_4)
                  0.09    0.17    4.09 ^ clkbuf_3_1_2_core_clk/X (sky130_fd_sc_hd__clkbuf_4)
     4    0.03                           clknet_3_1_2_core_clk (net)
                  0.09    0.00    4.09 ^ clkbuf_4_2_0_core_clk/A (sky130_fd_sc_hd__clkbuf_4)
                  0.09    0.20    4.29 ^ clkbuf_4_2_0_core_clk/X (sky130_fd_sc_hd__clkbuf_4)
     4    0.03                           clknet_4_2_0_core_clk (net)
                  0.09    0.00    4.29 ^ clkbuf_5_5_0_core_clk/A (sky130_fd_sc_hd__clkbuf_4)
                  0.04    0.15    4.44 ^ clkbuf_5_5_0_core_clk/X (sky130_fd_sc_hd__clkbuf_4)
     1    0.01                           clknet_5_5_0_core_clk (net)
                  0.04    0.00    4.44 ^ clkbuf_5_5_1_core_clk/A (sky130_fd_sc_hd__clkbuf_4)
                  0.56    0.51    4.95 ^ clkbuf_5_5_1_core_clk/X (sky130_fd_sc_hd__clkbuf_4)
    26    0.19                           clknet_5_5_1_core_clk (net)
                  0.56    0.01    4.95 ^ clkbuf_leaf_361_core_clk/A (sky130_fd_sc_hd__clkbuf_16)
                  0.08    0.29    5.25 ^ clkbuf_leaf_361_core_clk/X (sky130_fd_sc_hd__clkbuf_16)
    22    0.05                           clknet_leaf_361_core_clk (net)
                  0.08    0.00    5.25 ^ _29869_/CLK (sky130_fd_sc_hd__dfxtp_1)
                          0.25    5.50   clock uncertainty
                         -0.18    5.32   clock reconvergence pessimism
                         -0.08    5.24   library hold time
                                  5.24   data required time
-----------------------------------------------------------------------------
                                  5.24   data required time
                                 -5.30   data arrival time
-----------------------------------------------------------------------------
                                  0.06   slack (MET)


Startpoint: _29670_ (rising edge-triggered flip-flop clocked by core_clk)
Endpoint: _29883_ (rising edge-triggered flip-flop clocked by core_clk)
Path Group: core_clk
Path Type: min

Fanout     Cap    Slew   Delay    Time   Description
-----------------------------------------------------------------------------
                          0.00    0.00   clock core_clk (rise edge)
                          0.00    0.00   clock source latency
                  1.96    1.33    1.33 ^ core_clk (in)
     2    0.24                           core_clk (net)
                  1.96    0.00    1.33 ^ clkbuf_0_core_clk/A (sky130_fd_sc_hd__clkbuf_16)
                  0.09    0.36    1.69 ^ clkbuf_0_core_clk/X (sky130_fd_sc_hd__clkbuf_16)
     4    0.02                           clknet_0_core_clk (net)
                  0.09    0.00    1.69 ^ clkbuf_1_1_0_core_clk/A (sky130_fd_sc_hd__clkbuf_4)
                  0.05    0.14    1.83 ^ clkbuf_1_1_0_core_clk/X (sky130_fd_sc_hd__clkbuf_4)
     1    0.01                           clknet_1_1_0_core_clk (net)
                  0.05    0.00    1.83 ^ clkbuf_1_1_1_core_clk/A (sky130_fd_sc_hd__clkbuf_4)
                  0.05    0.13    1.96 ^ clkbuf_1_1_1_core_clk/X (sky130_fd_sc_hd__clkbuf_4)
     1    0.01                           clknet_1_1_1_core_clk (net)
                  0.05    0.00    1.96 ^ clkbuf_1_1_2_core_clk/A (sky130_fd_sc_hd__clkbuf_4)
                  0.05    0.13    2.09 ^ clkbuf_1_1_2_core_clk/X (sky130_fd_sc_hd__clkbuf_4)
     1    0.01                           clknet_1_1_2_core_clk (net)
                  0.05    0.00    2.09 ^ clkbuf_1_1_3_core_clk/A (sky130_fd_sc_hd__clkbuf_4)
                  0.05    0.13    2.22 ^ clkbuf_1_1_3_core_clk/X (sky130_fd_sc_hd__clkbuf_4)
     1    0.01                           clknet_1_1_3_core_clk (net)
                  0.05    0.00    2.22 ^ clkbuf_1_1_4_core_clk/A (sky130_fd_sc_hd__clkbuf_4)
                  0.19    0.22    2.45 ^ clkbuf_1_1_4_core_clk/X (sky130_fd_sc_hd__clkbuf_4)
     4    0.06                           clknet_1_1_4_core_clk (net)
                  0.19    0.01    2.46 ^ clkbuf_2_3_0_core_clk/A (sky130_fd_sc_hd__clkbuf_4)
                  0.05    0.17    2.63 ^ clkbuf_2_3_0_core_clk/X (sky130_fd_sc_hd__clkbuf_4)
     1    0.01                           clknet_2_3_0_core_clk (net)
                  0.05    0.00    2.63 ^ clkbuf_2_3_1_core_clk/A (sky130_fd_sc_hd__clkbuf_4)
                  0.14    0.19    2.83 ^ clkbuf_2_3_1_core_clk/X (sky130_fd_sc_hd__clkbuf_4)
     4    0.04                           clknet_2_3_1_core_clk (net)
                  0.14    0.00    2.83 ^ clkbuf_3_6_0_core_clk/A (sky130_fd_sc_hd__clkbuf_4)
                  0.04    0.15    2.98 ^ clkbuf_3_6_0_core_clk/X (sky130_fd_sc_hd__clkbuf_4)
     1    0.01                           clknet_3_6_0_core_clk (net)
                  0.04    0.00    2.98 ^ clkbuf_3_6_1_core_clk/A (sky130_fd_sc_hd__clkbuf_4)
                  0.04    0.12    3.10 ^ clkbuf_3_6_1_core_clk/X (sky130_fd_sc_hd__clkbuf_4)
     1    0.01                           clknet_3_6_1_core_clk (net)
                  0.04    0.00    3.10 ^ clkbuf_3_6_2_core_clk/A (sky130_fd_sc_hd__clkbuf_4)
                  0.11    0.17    3.27 ^ clkbuf_3_6_2_core_clk/X (sky130_fd_sc_hd__clkbuf_4)
     4    0.03                           clknet_3_6_2_core_clk (net)
                  0.11    0.00    3.27 ^ clkbuf_4_12_0_core_clk/A (sky130_fd_sc_hd__clkbuf_4)
                  0.11    0.20    3.47 ^ clkbuf_4_12_0_core_clk/X (sky130_fd_sc_hd__clkbuf_4)
     4    0.03                           clknet_4_12_0_core_clk (net)
                  0.11    0.00    3.47 ^ clkbuf_5_24_0_core_clk/A (sky130_fd_sc_hd__clkbuf_4)
                  0.04    0.14    3.61 ^ clkbuf_5_24_0_core_clk/X (sky130_fd_sc_hd__clkbuf_4)
     1    0.01                           clknet_5_24_0_core_clk (net)
                  0.04    0.00    3.61 ^ clkbuf_5_24_1_core_clk/A (sky130_fd_sc_hd__clkbuf_4)
                  0.63    0.50    4.11 ^ clkbuf_5_24_1_core_clk/X (sky130_fd_sc_hd__clkbuf_4)
    26    0.22                           clknet_5_24_1_core_clk (net)
                  0.64    0.03    4.15 ^ clkbuf_leaf_106_core_clk/A (sky130_fd_sc_hd__clkbuf_16)
                  0.06    0.25    4.40 ^ clkbuf_leaf_106_core_clk/X (sky130_fd_sc_hd__clkbuf_16)
     6    0.02                           clknet_leaf_106_core_clk (net)
                  0.06    0.00    4.40 ^ _29670_/CLK (sky130_fd_sc_hd__dfxtp_1)
                  0.07    0.31    4.71 ^ _29670_/Q (sky130_fd_sc_hd__dfxtp_1)
     1    0.01                           mgmtsoc_vexriscv_debug_bus_dat_r[4] (net)
                  0.07    0.00    4.71 ^ _22940_/A2 (sky130_fd_sc_hd__a22o_4)
                  0.18    0.23    4.94 ^ _22940_/X (sky130_fd_sc_hd__a22o_4)
     2    0.06                           _11283_ (net)
                  0.19    0.02    4.95 ^ _22943_/B1 (sky130_fd_sc_hd__a211o_1)
                  0.06    0.14    5.10 ^ _22943_/X (sky130_fd_sc_hd__a211o_1)
     1    0.01                           _11286_ (net)
                  0.06    0.00    5.10 ^ _22944_/C1 (sky130_fd_sc_hd__a211o_2)
                  0.11    0.15    5.25 ^ _22944_/X (sky130_fd_sc_hd__a211o_2)
     4    0.02                           VexRiscv.IBusSimplePlugin_rspJoin_rspBuffer_c.io_push_payload_inst[4] (net)
                  0.11    0.00    5.25 ^ _29883_/D (sky130_fd_sc_hd__dfxtp_1)
                                  5.25   data arrival time

                          0.00    0.00   clock core_clk (rise edge)
                          0.00    0.00   clock source latency
                  1.96    1.47    1.47 ^ core_clk (in)
     2    0.24                           core_clk (net)
                  1.96    0.00    1.47 ^ clkbuf_0_core_clk/A (sky130_fd_sc_hd__clkbuf_16)
                  0.09    0.40    1.86 ^ clkbuf_0_core_clk/X (sky130_fd_sc_hd__clkbuf_16)
     4    0.02                           clknet_0_core_clk (net)
                  0.09    0.00    1.86 ^ clkbuf_1_0_0_core_clk/A (sky130_fd_sc_hd__clkbuf_4)
                  0.05    0.16    2.02 ^ clkbuf_1_0_0_core_clk/X (sky130_fd_sc_hd__clkbuf_4)
     1    0.01                           clknet_1_0_0_core_clk (net)
                  0.05    0.00    2.02 ^ clkbuf_1_0_1_core_clk/A (sky130_fd_sc_hd__clkbuf_4)
                  0.05    0.14    2.16 ^ clkbuf_1_0_1_core_clk/X (sky130_fd_sc_hd__clkbuf_4)
     1    0.01                           clknet_1_0_1_core_clk (net)
                  0.05    0.00    2.16 ^ clkbuf_1_0_2_core_clk/A (sky130_fd_sc_hd__clkbuf_4)
                  0.05    0.14    2.30 ^ clkbuf_1_0_2_core_clk/X (sky130_fd_sc_hd__clkbuf_4)
     1    0.01                           clknet_1_0_2_core_clk (net)
                  0.05    0.00    2.30 ^ clkbuf_1_0_3_core_clk/A (sky130_fd_sc_hd__clkbuf_4)
                  0.03    0.12    2.42 ^ clkbuf_1_0_3_core_clk/X (sky130_fd_sc_hd__clkbuf_4)
     1    0.00                           clknet_1_0_3_core_clk (net)
                  0.03    0.00    2.42 ^ clkbuf_1_0_4_core_clk/A (sky130_fd_sc_hd__clkbuf_4)
                  0.34    0.34    2.75 ^ clkbuf_1_0_4_core_clk/X (sky130_fd_sc_hd__clkbuf_4)
     4    0.11                           clknet_1_0_4_core_clk (net)
                  0.35    0.03    2.78 ^ clkbuf_2_0_0_core_clk/A (sky130_fd_sc_hd__clkbuf_4)
                  0.04    0.22    3.00 ^ clkbuf_2_0_0_core_clk/X (sky130_fd_sc_hd__clkbuf_4)
     1    0.00                           clknet_2_0_0_core_clk (net)
                  0.04    0.00    3.00 ^ clkbuf_2_0_1_core_clk/A (sky130_fd_sc_hd__clkbuf_4)
                  0.59    0.50    3.50 ^ clkbuf_2_0_1_core_clk/X (sky130_fd_sc_hd__clkbuf_4)
     4    0.20                           clknet_2_0_1_core_clk (net)
                  0.59    0.04    3.54 ^ clkbuf_3_1_0_core_clk/A (sky130_fd_sc_hd__clkbuf_4)
                  0.04    0.26    3.80 ^ clkbuf_3_1_0_core_clk/X (sky130_fd_sc_hd__clkbuf_4)
     1    0.00                           clknet_3_1_0_core_clk (net)
                  0.04    0.00    3.80 ^ clkbuf_3_1_1_core_clk/A (sky130_fd_sc_hd__clkbuf_4)
                  0.03    0.12    3.92 ^ clkbuf_3_1_1_core_clk/X (sky130_fd_sc_hd__clkbuf_4)
     1    0.00                           clknet_3_1_1_core_clk (net)
                  0.03    0.00    3.92 ^ clkbuf_3_1_2_core_clk/A (sky130_fd_sc_hd__clkbuf_4)
                  0.09    0.17    4.09 ^ clkbuf_3_1_2_core_clk/X (sky130_fd_sc_hd__clkbuf_4)
     4    0.03                           clknet_3_1_2_core_clk (net)
                  0.09    0.00    4.09 ^ clkbuf_4_3_0_core_clk/A (sky130_fd_sc_hd__clkbuf_4)
                  0.10    0.20    4.29 ^ clkbuf_4_3_0_core_clk/X (sky130_fd_sc_hd__clkbuf_4)
     4    0.03                           clknet_4_3_0_core_clk (net)
                  0.10    0.00    4.29 ^ clkbuf_5_6_0_core_clk/A (sky130_fd_sc_hd__clkbuf_4)
                  0.04    0.15    4.44 ^ clkbuf_5_6_0_core_clk/X (sky130_fd_sc_hd__clkbuf_4)
     1    0.01                           clknet_5_6_0_core_clk (net)
                  0.04    0.00    4.44 ^ clkbuf_5_6_1_core_clk/A (sky130_fd_sc_hd__clkbuf_4)
                  0.41    0.41    4.85 ^ clkbuf_5_6_1_core_clk/X (sky130_fd_sc_hd__clkbuf_4)
    18    0.14                           clknet_5_6_1_core_clk (net)
                  0.41    0.01    4.85 ^ clkbuf_leaf_99_core_clk/A (sky130_fd_sc_hd__clkbuf_16)
                  0.10    0.29    5.14 ^ clkbuf_leaf_99_core_clk/X (sky130_fd_sc_hd__clkbuf_16)
    30    0.08                           clknet_leaf_99_core_clk (net)
                  0.10    0.00    5.14 ^ _29883_/CLK (sky130_fd_sc_hd__dfxtp_1)
                          0.25    5.39   clock uncertainty
                         -0.18    5.21   clock reconvergence pessimism
                         -0.04    5.18   library hold time
                                  5.18   data required time
-----------------------------------------------------------------------------
                                  5.18   data required time
                                 -5.25   data arrival time
-----------------------------------------------------------------------------
                                  0.07   slack (MET)


Startpoint: _32403_ (rising edge-triggered flip-flop clocked by core_clk)
Endpoint: _32400_ (rising edge-triggered flip-flop clocked by core_clk)
Path Group: core_clk
Path Type: min

Fanout     Cap    Slew   Delay    Time   Description
-----------------------------------------------------------------------------
                          0.00    0.00   clock core_clk (rise edge)
                          0.00    0.00   clock source latency
                  1.96    1.33    1.33 ^ core_clk (in)
     2    0.24                           core_clk (net)
                  1.96    0.00    1.33 ^ clkbuf_0_core_clk/A (sky130_fd_sc_hd__clkbuf_16)
                  0.09    0.36    1.69 ^ clkbuf_0_core_clk/X (sky130_fd_sc_hd__clkbuf_16)
     4    0.02                           clknet_0_core_clk (net)
                  0.09    0.00    1.69 ^ clkbuf_1_1_0_core_clk/A (sky130_fd_sc_hd__clkbuf_4)
                  0.05    0.14    1.83 ^ clkbuf_1_1_0_core_clk/X (sky130_fd_sc_hd__clkbuf_4)
     1    0.01                           clknet_1_1_0_core_clk (net)
                  0.05    0.00    1.83 ^ clkbuf_1_1_1_core_clk/A (sky130_fd_sc_hd__clkbuf_4)
                  0.05    0.13    1.96 ^ clkbuf_1_1_1_core_clk/X (sky130_fd_sc_hd__clkbuf_4)
     1    0.01                           clknet_1_1_1_core_clk (net)
                  0.05    0.00    1.96 ^ clkbuf_1_1_2_core_clk/A (sky130_fd_sc_hd__clkbuf_4)
                  0.05    0.13    2.09 ^ clkbuf_1_1_2_core_clk/X (sky130_fd_sc_hd__clkbuf_4)
     1    0.01                           clknet_1_1_2_core_clk (net)
                  0.05    0.00    2.09 ^ clkbuf_1_1_3_core_clk/A (sky130_fd_sc_hd__clkbuf_4)
                  0.05    0.13    2.22 ^ clkbuf_1_1_3_core_clk/X (sky130_fd_sc_hd__clkbuf_4)
     1    0.01                           clknet_1_1_3_core_clk (net)
                  0.05    0.00    2.22 ^ clkbuf_1_1_4_core_clk/A (sky130_fd_sc_hd__clkbuf_4)
                  0.19    0.22    2.45 ^ clkbuf_1_1_4_core_clk/X (sky130_fd_sc_hd__clkbuf_4)
     4    0.06                           clknet_1_1_4_core_clk (net)
                  0.19    0.01    2.46 ^ clkbuf_2_3_0_core_clk/A (sky130_fd_sc_hd__clkbuf_4)
                  0.05    0.17    2.63 ^ clkbuf_2_3_0_core_clk/X (sky130_fd_sc_hd__clkbuf_4)
     1    0.01                           clknet_2_3_0_core_clk (net)
                  0.05    0.00    2.63 ^ clkbuf_2_3_1_core_clk/A (sky130_fd_sc_hd__clkbuf_4)
                  0.14    0.19    2.83 ^ clkbuf_2_3_1_core_clk/X (sky130_fd_sc_hd__clkbuf_4)
     4    0.04                           clknet_2_3_1_core_clk (net)
                  0.14    0.00    2.83 ^ clkbuf_3_6_0_core_clk/A (sky130_fd_sc_hd__clkbuf_4)
                  0.04    0.15    2.98 ^ clkbuf_3_6_0_core_clk/X (sky130_fd_sc_hd__clkbuf_4)
     1    0.01                           clknet_3_6_0_core_clk (net)
                  0.04    0.00    2.98 ^ clkbuf_3_6_1_core_clk/A (sky130_fd_sc_hd__clkbuf_4)
                  0.04    0.12    3.10 ^ clkbuf_3_6_1_core_clk/X (sky130_fd_sc_hd__clkbuf_4)
     1    0.01                           clknet_3_6_1_core_clk (net)
                  0.04    0.00    3.10 ^ clkbuf_3_6_2_core_clk/A (sky130_fd_sc_hd__clkbuf_4)
                  0.11    0.17    3.27 ^ clkbuf_3_6_2_core_clk/X (sky130_fd_sc_hd__clkbuf_4)
     4    0.03                           clknet_3_6_2_core_clk (net)
                  0.11    0.00    3.27 ^ clkbuf_4_12_0_core_clk/A (sky130_fd_sc_hd__clkbuf_4)
                  0.11    0.20    3.47 ^ clkbuf_4_12_0_core_clk/X (sky130_fd_sc_hd__clkbuf_4)
     4    0.03                           clknet_4_12_0_core_clk (net)
                  0.11    0.00    3.47 ^ clkbuf_5_24_0_core_clk/A (sky130_fd_sc_hd__clkbuf_4)
                  0.04    0.14    3.61 ^ clkbuf_5_24_0_core_clk/X (sky130_fd_sc_hd__clkbuf_4)
     1    0.01                           clknet_5_24_0_core_clk (net)
                  0.04    0.00    3.61 ^ clkbuf_5_24_1_core_clk/A (sky130_fd_sc_hd__clkbuf_4)
                  0.63    0.50    4.11 ^ clkbuf_5_24_1_core_clk/X (sky130_fd_sc_hd__clkbuf_4)
    26    0.22                           clknet_5_24_1_core_clk (net)
                  0.64    0.03    4.15 ^ clkbuf_leaf_112_core_clk/A (sky130_fd_sc_hd__clkbuf_16)
                  0.06    0.26    4.40 ^ clkbuf_leaf_112_core_clk/X (sky130_fd_sc_hd__clkbuf_16)
     4    0.02                           clknet_leaf_112_core_clk (net)
                  0.06    0.00    4.40 ^ _32403_/CLK (sky130_fd_sc_hd__dfxtp_2)
                  0.14    0.38    4.78 ^ _32403_/Q (sky130_fd_sc_hd__dfxtp_2)
     4    0.03                           litespi_state[3] (net)
                  0.14    0.00    4.78 ^ _15456_/A (sky130_fd_sc_hd__nor2_8)
                  0.07    0.10    4.88 v _15456_/Y (sky130_fd_sc_hd__nor2_8)
     8    0.08                           _06400_ (net)
                  0.07    0.00    4.88 v _17988_/A (sky130_fd_sc_hd__nor2_1)
                  0.09    0.11    5.00 ^ _17988_/Y (sky130_fd_sc_hd__nor2_1)
     1    0.00                           _07967_ (net)
                  0.09    0.00    5.00 ^ _17990_/A2 (sky130_fd_sc_hd__o211a_1)
                  0.06    0.14    5.14 ^ _17990_/X (sky130_fd_sc_hd__o211a_1)
     1    0.00                           _05072_ (net)
                  0.06    0.00    5.14 ^ _32400_/D (sky130_fd_sc_hd__dfxtp_1)
                                  5.14   data arrival time

                          0.00    0.00   clock core_clk (rise edge)
                          0.00    0.00   clock source latency
                  1.96    1.47    1.47 ^ core_clk (in)
     2    0.24                           core_clk (net)
                  1.96    0.00    1.47 ^ clkbuf_0_core_clk/A (sky130_fd_sc_hd__clkbuf_16)
                  0.09    0.40    1.86 ^ clkbuf_0_core_clk/X (sky130_fd_sc_hd__clkbuf_16)
     4    0.02                           clknet_0_core_clk (net)
                  0.09    0.00    1.86 ^ clkbuf_1_0_0_core_clk/A (sky130_fd_sc_hd__clkbuf_4)
                  0.05    0.16    2.02 ^ clkbuf_1_0_0_core_clk/X (sky130_fd_sc_hd__clkbuf_4)
     1    0.01                           clknet_1_0_0_core_clk (net)
                  0.05    0.00    2.02 ^ clkbuf_1_0_1_core_clk/A (sky130_fd_sc_hd__clkbuf_4)
                  0.05    0.14    2.16 ^ clkbuf_1_0_1_core_clk/X (sky130_fd_sc_hd__clkbuf_4)
     1    0.01                           clknet_1_0_1_core_clk (net)
                  0.05    0.00    2.16 ^ clkbuf_1_0_2_core_clk/A (sky130_fd_sc_hd__clkbuf_4)
                  0.05    0.14    2.30 ^ clkbuf_1_0_2_core_clk/X (sky130_fd_sc_hd__clkbuf_4)
     1    0.01                           clknet_1_0_2_core_clk (net)
                  0.05    0.00    2.30 ^ clkbuf_1_0_3_core_clk/A (sky130_fd_sc_hd__clkbuf_4)
                  0.03    0.12    2.42 ^ clkbuf_1_0_3_core_clk/X (sky130_fd_sc_hd__clkbuf_4)
     1    0.00                           clknet_1_0_3_core_clk (net)
                  0.03    0.00    2.42 ^ clkbuf_1_0_4_core_clk/A (sky130_fd_sc_hd__clkbuf_4)
                  0.34    0.34    2.75 ^ clkbuf_1_0_4_core_clk/X (sky130_fd_sc_hd__clkbuf_4)
     4    0.11                           clknet_1_0_4_core_clk (net)
                  0.35    0.03    2.78 ^ clkbuf_2_1_0_core_clk/A (sky130_fd_sc_hd__clkbuf_4)
                  0.04    0.22    3.01 ^ clkbuf_2_1_0_core_clk/X (sky130_fd_sc_hd__clkbuf_4)
     1    0.00                           clknet_2_1_0_core_clk (net)
                  0.04    0.00    3.01 ^ clkbuf_2_1_1_core_clk/A (sky130_fd_sc_hd__clkbuf_4)
                  0.14    0.21    3.22 ^ clkbuf_2_1_1_core_clk/X (sky130_fd_sc_hd__clkbuf_4)
     4    0.04                           clknet_2_1_1_core_clk (net)
                  0.14    0.00    3.22 ^ clkbuf_3_3_0_core_clk/A (sky130_fd_sc_hd__clkbuf_4)
                  0.05    0.18    3.40 ^ clkbuf_3_3_0_core_clk/X (sky130_fd_sc_hd__clkbuf_4)
     1    0.01                           clknet_3_3_0_core_clk (net)
                  0.05    0.00    3.40 ^ clkbuf_3_3_1_core_clk/A (sky130_fd_sc_hd__clkbuf_4)
                  0.04    0.14    3.54 ^ clkbuf_3_3_1_core_clk/X (sky130_fd_sc_hd__clkbuf_4)
     1    0.01                           clknet_3_3_1_core_clk (net)
                  0.04    0.00    3.54 ^ clkbuf_3_3_2_core_clk/A (sky130_fd_sc_hd__clkbuf_4)
                  0.13    0.20    3.74 ^ clkbuf_3_3_2_core_clk/X (sky130_fd_sc_hd__clkbuf_4)
     4    0.04                           clknet_3_3_2_core_clk (net)
                  0.13    0.01    3.75 ^ clkbuf_4_6_0_core_clk/A (sky130_fd_sc_hd__clkbuf_4)
                  0.11    0.23    3.98 ^ clkbuf_4_6_0_core_clk/X (sky130_fd_sc_hd__clkbuf_4)
     4    0.03                           clknet_4_6_0_core_clk (net)
                  0.11    0.00    3.98 ^ clkbuf_5_13_0_core_clk/A (sky130_fd_sc_hd__clkbuf_4)
                  0.04    0.16    4.14 ^ clkbuf_5_13_0_core_clk/X (sky130_fd_sc_hd__clkbuf_4)
     1    0.01                           clknet_5_13_0_core_clk (net)
                  0.04    0.00    4.14 ^ clkbuf_5_13_1_core_clk/A (sky130_fd_sc_hd__clkbuf_4)
                  0.58    0.51    4.65 ^ clkbuf_5_13_1_core_clk/X (sky130_fd_sc_hd__clkbuf_4)
    24    0.20                           clknet_5_13_1_core_clk (net)
                  0.58    0.05    4.70 ^ clkbuf_leaf_111_core_clk/A (sky130_fd_sc_hd__clkbuf_16)
                  0.09    0.31    5.01 ^ clkbuf_leaf_111_core_clk/X (sky130_fd_sc_hd__clkbuf_16)
    26    0.07                           clknet_leaf_111_core_clk (net)
                  0.09    0.00    5.01 ^ _32400_/CLK (sky130_fd_sc_hd__dfxtp_1)
                          0.25    5.26   clock uncertainty
                         -0.18    5.08   clock reconvergence pessimism
                         -0.03    5.05   library hold time
                                  5.05   data required time
-----------------------------------------------------------------------------
                                  5.05   data required time
                                 -5.14   data arrival time
-----------------------------------------------------------------------------
                                  0.09   slack (MET)


Startpoint: _33328_ (rising edge-triggered flip-flop clocked by core_clk)
Endpoint: _30823_ (rising edge-triggered flip-flop clocked by core_clk)
Path Group: core_clk
Path Type: min

Fanout     Cap    Slew   Delay    Time   Description
-----------------------------------------------------------------------------
                          0.00    0.00   clock core_clk (rise edge)
                          0.00    0.00   clock source latency
                  1.96    1.33    1.33 ^ core_clk (in)
     2    0.24                           core_clk (net)
                  1.96    0.00    1.33 ^ clkbuf_0_core_clk/A (sky130_fd_sc_hd__clkbuf_16)
                  0.09    0.36    1.69 ^ clkbuf_0_core_clk/X (sky130_fd_sc_hd__clkbuf_16)
     4    0.02                           clknet_0_core_clk (net)
                  0.09    0.00    1.69 ^ clkbuf_1_1_0_core_clk/A (sky130_fd_sc_hd__clkbuf_4)
                  0.05    0.14    1.83 ^ clkbuf_1_1_0_core_clk/X (sky130_fd_sc_hd__clkbuf_4)
     1    0.01                           clknet_1_1_0_core_clk (net)
                  0.05    0.00    1.83 ^ clkbuf_1_1_1_core_clk/A (sky130_fd_sc_hd__clkbuf_4)
                  0.05    0.13    1.96 ^ clkbuf_1_1_1_core_clk/X (sky130_fd_sc_hd__clkbuf_4)
     1    0.01                           clknet_1_1_1_core_clk (net)
                  0.05    0.00    1.96 ^ clkbuf_1_1_2_core_clk/A (sky130_fd_sc_hd__clkbuf_4)
                  0.05    0.13    2.09 ^ clkbuf_1_1_2_core_clk/X (sky130_fd_sc_hd__clkbuf_4)
     1    0.01                           clknet_1_1_2_core_clk (net)
                  0.05    0.00    2.09 ^ clkbuf_1_1_3_core_clk/A (sky130_fd_sc_hd__clkbuf_4)
                  0.05    0.13    2.22 ^ clkbuf_1_1_3_core_clk/X (sky130_fd_sc_hd__clkbuf_4)
     1    0.01                           clknet_1_1_3_core_clk (net)
                  0.05    0.00    2.22 ^ clkbuf_1_1_4_core_clk/A (sky130_fd_sc_hd__clkbuf_4)
                  0.19    0.22    2.45 ^ clkbuf_1_1_4_core_clk/X (sky130_fd_sc_hd__clkbuf_4)
     4    0.06                           clknet_1_1_4_core_clk (net)
                  0.19    0.01    2.46 ^ clkbuf_2_3_0_core_clk/A (sky130_fd_sc_hd__clkbuf_4)
                  0.05    0.17    2.63 ^ clkbuf_2_3_0_core_clk/X (sky130_fd_sc_hd__clkbuf_4)
     1    0.01                           clknet_2_3_0_core_clk (net)
                  0.05    0.00    2.63 ^ clkbuf_2_3_1_core_clk/A (sky130_fd_sc_hd__clkbuf_4)
                  0.14    0.19    2.83 ^ clkbuf_2_3_1_core_clk/X (sky130_fd_sc_hd__clkbuf_4)
     4    0.04                           clknet_2_3_1_core_clk (net)
                  0.14    0.00    2.83 ^ clkbuf_3_6_0_core_clk/A (sky130_fd_sc_hd__clkbuf_4)
                  0.04    0.15    2.98 ^ clkbuf_3_6_0_core_clk/X (sky130_fd_sc_hd__clkbuf_4)
     1    0.01                           clknet_3_6_0_core_clk (net)
                  0.04    0.00    2.98 ^ clkbuf_3_6_1_core_clk/A (sky130_fd_sc_hd__clkbuf_4)
                  0.04    0.12    3.10 ^ clkbuf_3_6_1_core_clk/X (sky130_fd_sc_hd__clkbuf_4)
     1    0.01                           clknet_3_6_1_core_clk (net)
                  0.04    0.00    3.10 ^ clkbuf_3_6_2_core_clk/A (sky130_fd_sc_hd__clkbuf_4)
                  0.11    0.17    3.27 ^ clkbuf_3_6_2_core_clk/X (sky130_fd_sc_hd__clkbuf_4)
     4    0.03                           clknet_3_6_2_core_clk (net)
                  0.11    0.00    3.27 ^ clkbuf_4_12_0_core_clk/A (sky130_fd_sc_hd__clkbuf_4)
                  0.11    0.20    3.47 ^ clkbuf_4_12_0_core_clk/X (sky130_fd_sc_hd__clkbuf_4)
     4    0.03                           clknet_4_12_0_core_clk (net)
                  0.11    0.00    3.47 ^ clkbuf_5_25_0_core_clk/A (sky130_fd_sc_hd__clkbuf_4)
                  0.04    0.14    3.61 ^ clkbuf_5_25_0_core_clk/X (sky130_fd_sc_hd__clkbuf_4)
     1    0.01                           clknet_5_25_0_core_clk (net)
                  0.04    0.00    3.61 ^ clkbuf_5_25_1_core_clk/A (sky130_fd_sc_hd__clkbuf_4)
                  0.55    0.46    4.07 ^ clkbuf_5_25_1_core_clk/X (sky130_fd_sc_hd__clkbuf_4)
    24    0.19                           clknet_5_25_1_core_clk (net)
                  0.55    0.01    4.08 ^ clkbuf_leaf_217_core_clk/A (sky130_fd_sc_hd__clkbuf_16)
                  0.07    0.26    4.34 ^ clkbuf_leaf_217_core_clk/X (sky130_fd_sc_hd__clkbuf_16)
    18    0.05                           clknet_leaf_217_core_clk (net)
                  0.07    0.00    4.34 ^ _33328_/CLK (sky130_fd_sc_hd__dfxtp_4)
                  0.15    0.41    4.75 ^ _33328_/Q (sky130_fd_sc_hd__dfxtp_4)
    12    0.05                           debug_rx_data[5] (net)
                  0.15    0.00    4.75 ^ hold110/A (sky130_fd_sc_hd__buf_6)
                  0.03    0.11    4.86 ^ hold110/X (sky130_fd_sc_hd__buf_6)
     1    0.01                           net2462 (net)
                  0.03    0.00    4.86 ^ hold741/A (sky130_fd_sc_hd__buf_6)
                  0.19    0.17    5.04 ^ hold741/X (sky130_fd_sc_hd__buf_6)
     2    0.10                           net3093 (net)
                  0.21    0.04    5.07 ^ _23337_/A1 (sky130_fd_sc_hd__a221o_1)
                  0.04    0.17    5.24 ^ _23337_/X (sky130_fd_sc_hd__a221o_1)
     1    0.00                           _03495_ (net)
                  0.04    0.00    5.24 ^ hold111/A (sky130_fd_sc_hd__clkdlybuf4s25_1)
                  0.04    0.22    5.46 ^ hold111/X (sky130_fd_sc_hd__clkdlybuf4s25_1)
     1    0.00                           net2463 (net)
                  0.04    0.00    5.46 ^ _30823_/D (sky130_fd_sc_hd__dfxtp_4)
                                  5.46   data arrival time

                          0.00    0.00   clock core_clk (rise edge)
                          0.00    0.00   clock source latency
                  1.96    1.47    1.47 ^ core_clk (in)
     2    0.24                           core_clk (net)
                  1.96    0.00    1.47 ^ clkbuf_0_core_clk/A (sky130_fd_sc_hd__clkbuf_16)
                  0.09    0.40    1.86 ^ clkbuf_0_core_clk/X (sky130_fd_sc_hd__clkbuf_16)
     4    0.02                           clknet_0_core_clk (net)
                  0.09    0.00    1.86 ^ clkbuf_1_0_0_core_clk/A (sky130_fd_sc_hd__clkbuf_4)
                  0.05    0.16    2.02 ^ clkbuf_1_0_0_core_clk/X (sky130_fd_sc_hd__clkbuf_4)
     1    0.01                           clknet_1_0_0_core_clk (net)
                  0.05    0.00    2.02 ^ clkbuf_1_0_1_core_clk/A (sky130_fd_sc_hd__clkbuf_4)
                  0.05    0.14    2.16 ^ clkbuf_1_0_1_core_clk/X (sky130_fd_sc_hd__clkbuf_4)
     1    0.01                           clknet_1_0_1_core_clk (net)
                  0.05    0.00    2.16 ^ clkbuf_1_0_2_core_clk/A (sky130_fd_sc_hd__clkbuf_4)
                  0.05    0.14    2.30 ^ clkbuf_1_0_2_core_clk/X (sky130_fd_sc_hd__clkbuf_4)
     1    0.01                           clknet_1_0_2_core_clk (net)
                  0.05    0.00    2.30 ^ clkbuf_1_0_3_core_clk/A (sky130_fd_sc_hd__clkbuf_4)
                  0.03    0.12    2.42 ^ clkbuf_1_0_3_core_clk/X (sky130_fd_sc_hd__clkbuf_4)
     1    0.00                           clknet_1_0_3_core_clk (net)
                  0.03    0.00    2.42 ^ clkbuf_1_0_4_core_clk/A (sky130_fd_sc_hd__clkbuf_4)
                  0.34    0.34    2.75 ^ clkbuf_1_0_4_core_clk/X (sky130_fd_sc_hd__clkbuf_4)
     4    0.11                           clknet_1_0_4_core_clk (net)
                  0.35    0.03    2.78 ^ clkbuf_2_0_0_core_clk/A (sky130_fd_sc_hd__clkbuf_4)
                  0.04    0.22    3.00 ^ clkbuf_2_0_0_core_clk/X (sky130_fd_sc_hd__clkbuf_4)
     1    0.00                           clknet_2_0_0_core_clk (net)
                  0.04    0.00    3.00 ^ clkbuf_2_0_1_core_clk/A (sky130_fd_sc_hd__clkbuf_4)
                  0.59    0.50    3.50 ^ clkbuf_2_0_1_core_clk/X (sky130_fd_sc_hd__clkbuf_4)
     4    0.20                           clknet_2_0_1_core_clk (net)
                  0.59    0.04    3.54 ^ clkbuf_3_1_0_core_clk/A (sky130_fd_sc_hd__clkbuf_4)
                  0.04    0.26    3.80 ^ clkbuf_3_1_0_core_clk/X (sky130_fd_sc_hd__clkbuf_4)
     1    0.00                           clknet_3_1_0_core_clk (net)
                  0.04    0.00    3.80 ^ clkbuf_3_1_1_core_clk/A (sky130_fd_sc_hd__clkbuf_4)
                  0.03    0.12    3.92 ^ clkbuf_3_1_1_core_clk/X (sky130_fd_sc_hd__clkbuf_4)
     1    0.00                           clknet_3_1_1_core_clk (net)
                  0.03    0.00    3.92 ^ clkbuf_3_1_2_core_clk/A (sky130_fd_sc_hd__clkbuf_4)
                  0.09    0.17    4.09 ^ clkbuf_3_1_2_core_clk/X (sky130_fd_sc_hd__clkbuf_4)
     4    0.03                           clknet_3_1_2_core_clk (net)
                  0.09    0.00    4.09 ^ clkbuf_4_3_0_core_clk/A (sky130_fd_sc_hd__clkbuf_4)
                  0.10    0.20    4.29 ^ clkbuf_4_3_0_core_clk/X (sky130_fd_sc_hd__clkbuf_4)
     4    0.03                           clknet_4_3_0_core_clk (net)
                  0.10    0.00    4.29 ^ clkbuf_5_7_0_core_clk/A (sky130_fd_sc_hd__clkbuf_4)
                  0.04    0.15    4.44 ^ clkbuf_5_7_0_core_clk/X (sky130_fd_sc_hd__clkbuf_4)
     1    0.01                           clknet_5_7_0_core_clk (net)
                  0.04    0.00    4.44 ^ clkbuf_5_7_1_core_clk/A (sky130_fd_sc_hd__clkbuf_4)
                  0.62    0.56    5.00 ^ clkbuf_5_7_1_core_clk/X (sky130_fd_sc_hd__clkbuf_4)
    26    0.21                           clknet_5_7_1_core_clk (net)
                  0.62    0.02    5.02 ^ clkbuf_leaf_96_core_clk/A (sky130_fd_sc_hd__clkbuf_16)
                  0.09    0.31    5.32 ^ clkbuf_leaf_96_core_clk/X (sky130_fd_sc_hd__clkbuf_16)
    22    0.06                           clknet_leaf_96_core_clk (net)
                  0.09    0.00    5.33 ^ _30823_/CLK (sky130_fd_sc_hd__dfxtp_4)
                          0.25    5.58   clock uncertainty
                         -0.18    5.40   clock reconvergence pessimism
                         -0.02    5.37   library hold time
                                  5.37   data required time
-----------------------------------------------------------------------------
                                  5.37   data required time
                                 -5.46   data arrival time
-----------------------------------------------------------------------------
                                  0.09   slack (MET)


