
===========================================================================
report_checks -path_delay max (Setup)
============================================================================
Startpoint: sky130_sram_2kbyte_1rw1r_32x512_8
            (falling edge-triggered flip-flop clocked by core_clk)
Endpoint: _29621_ (rising edge-triggered flip-flop clocked by core_clk)
Path Group: core_clk
Path Type: max

Fanout     Cap    Slew   Delay    Time   Description
-----------------------------------------------------------------------------
                         15.00   15.00   clock core_clk (fall edge)
                          0.00   15.00   clock source latency
                  1.10    0.87   15.87 v core_clk (in)
     2    0.24                           core_clk (net)
                  1.10    0.00   15.87 v clkbuf_0_core_clk/A (sky130_fd_sc_hd__clkbuf_16)
                  0.06    0.53   16.40 v clkbuf_0_core_clk/X (sky130_fd_sc_hd__clkbuf_16)
     4    0.02                           clknet_0_core_clk (net)
                  0.06    0.00   16.40 v clkbuf_1_0_0_core_clk/A (sky130_fd_sc_hd__clkbuf_4)
                  0.04    0.16   16.55 v clkbuf_1_0_0_core_clk/X (sky130_fd_sc_hd__clkbuf_4)
     1    0.01                           clknet_1_0_0_core_clk (net)
                  0.04    0.00   16.55 v clkbuf_1_0_1_core_clk/A (sky130_fd_sc_hd__clkbuf_4)
                  0.04    0.14   16.70 v clkbuf_1_0_1_core_clk/X (sky130_fd_sc_hd__clkbuf_4)
     1    0.01                           clknet_1_0_1_core_clk (net)
                  0.04    0.00   16.70 v clkbuf_1_0_2_core_clk/A (sky130_fd_sc_hd__clkbuf_4)
                  0.04    0.14   16.84 v clkbuf_1_0_2_core_clk/X (sky130_fd_sc_hd__clkbuf_4)
     1    0.01                           clknet_1_0_2_core_clk (net)
                  0.04    0.00   16.84 v clkbuf_1_0_3_core_clk/A (sky130_fd_sc_hd__clkbuf_4)
                  0.02    0.13   16.97 v clkbuf_1_0_3_core_clk/X (sky130_fd_sc_hd__clkbuf_4)
     1    0.00                           clknet_1_0_3_core_clk (net)
                  0.02    0.00   16.97 v clkbuf_1_0_4_core_clk/A (sky130_fd_sc_hd__clkbuf_4)
                  0.23    0.28   17.25 v clkbuf_1_0_4_core_clk/X (sky130_fd_sc_hd__clkbuf_4)
     4    0.11                           clknet_1_0_4_core_clk (net)
                  0.23    0.03   17.28 v clkbuf_2_1_0_core_clk/A (sky130_fd_sc_hd__clkbuf_4)
                  0.03    0.22   17.50 v clkbuf_2_1_0_core_clk/X (sky130_fd_sc_hd__clkbuf_4)
     1    0.00                           clknet_2_1_0_core_clk (net)
                  0.03    0.00   17.50 v clkbuf_2_1_1_core_clk/A (sky130_fd_sc_hd__clkbuf_4)
                  0.09    0.20   17.70 v clkbuf_2_1_1_core_clk/X (sky130_fd_sc_hd__clkbuf_4)
     4    0.04                           clknet_2_1_1_core_clk (net)
                  0.09    0.00   17.70 v clkbuf_3_2_0_core_clk/A (sky130_fd_sc_hd__clkbuf_4)
                  0.04    0.17   17.87 v clkbuf_3_2_0_core_clk/X (sky130_fd_sc_hd__clkbuf_4)
     1    0.01                           clknet_3_2_0_core_clk (net)
                  0.04    0.00   17.88 v clkbuf_3_2_1_core_clk/A (sky130_fd_sc_hd__clkbuf_4)
                  0.03    0.14   18.02 v clkbuf_3_2_1_core_clk/X (sky130_fd_sc_hd__clkbuf_4)
     1    0.01                           clknet_3_2_1_core_clk (net)
                  0.03    0.00   18.02 v clkbuf_3_2_2_core_clk/A (sky130_fd_sc_hd__clkbuf_4)
                  0.08    0.19   18.20 v clkbuf_3_2_2_core_clk/X (sky130_fd_sc_hd__clkbuf_4)
     4    0.04                           clknet_3_2_2_core_clk (net)
                  0.08    0.01   18.21 v clkbuf_4_4_0_core_clk/A (sky130_fd_sc_hd__clkbuf_4)
                  0.05    0.18   18.39 v clkbuf_4_4_0_core_clk/X (sky130_fd_sc_hd__clkbuf_4)
     2    0.02                           clknet_4_4_0_core_clk (net)
                  0.05    0.00   18.39 v clkbuf_5_9_0_core_clk/A (sky130_fd_sc_hd__clkbuf_4)
                  0.03    0.14   18.53 v clkbuf_5_9_0_core_clk/X (sky130_fd_sc_hd__clkbuf_4)
     1    0.01                           clknet_5_9_0_core_clk (net)
                  0.03    0.00   18.53 v clkbuf_5_9_1_core_clk/A (sky130_fd_sc_hd__clkbuf_4)
                  0.35    0.39   18.93 v clkbuf_5_9_1_core_clk/X (sky130_fd_sc_hd__clkbuf_4)
    26    0.18                           clknet_5_9_1_core_clk (net)
                  0.35    0.02   18.94 v clkbuf_opt_26_0_core_clk/A (sky130_fd_sc_hd__clkbuf_16)
                  0.04    0.29   19.23 v clkbuf_opt_26_0_core_clk/X (sky130_fd_sc_hd__clkbuf_16)
     1    0.01                           clknet_opt_26_0_core_clk (net)
                  0.04    0.00   19.23 v clkbuf_opt_26_1_core_clk/A (sky130_fd_sc_hd__clkbuf_16)
                  0.04    0.15   19.38 v clkbuf_opt_26_1_core_clk/X (sky130_fd_sc_hd__clkbuf_16)
     2    0.02                           clknet_opt_26_1_core_clk (net)
                  0.04    0.00   19.39 v clkbuf_leaf_15_core_clk/A (sky130_fd_sc_hd__clkbuf_16)
                  0.05    0.17   19.55 v clkbuf_leaf_15_core_clk/X (sky130_fd_sc_hd__clkbuf_16)
    14    0.05                           clknet_leaf_15_core_clk (net)
                  0.07    0.00   19.56 v sky130_sram_2kbyte_1rw1r_32x512_8/clk0 (sky130_sram_2kbyte_1rw1r_32x512_8)
                  0.00    0.42   19.98 v sky130_sram_2kbyte_1rw1r_32x512_8/dout0[15] (sky130_sram_2kbyte_1rw1r_32x512_8)
     1    0.01                           sram_bus_dat_r[15] (net)
                  0.00    0.00   19.98 v repeater2142/A (sky130_fd_sc_hd__clkbuf_2)
                  0.93    0.64   20.62 v repeater2142/X (sky130_fd_sc_hd__clkbuf_2)
     2    0.25                           net2142 (net)
                  0.99    0.19   20.81 v _22855_/B2 (sky130_fd_sc_hd__a221o_4)
                  0.35    1.06   21.86 v _22855_/X (sky130_fd_sc_hd__a221o_4)
     2    0.25                           _11220_ (net)
                  0.36    0.04   21.91 v _22858_/B1 (sky130_fd_sc_hd__a2111o_4)
                  0.28    0.77   22.68 v _22858_/X (sky130_fd_sc_hd__a2111o_4)
     8    0.15                           VexRiscv.IBusSimplePlugin_rspJoin_rspBuffer_c.io_push_payload_inst[15] (net)
                  0.32    0.08   22.76 v _28158_/A0 (sky130_fd_sc_hd__mux2_2)
                  0.08    0.44   23.19 v _28158_/X (sky130_fd_sc_hd__mux2_2)
     1    0.02                           _02368_ (net)
                  0.08    0.00   23.19 v _25575_/A (sky130_fd_sc_hd__clkinv_2)
                  0.11    0.12   23.32 ^ _25575_/Y (sky130_fd_sc_hd__clkinv_2)
     2    0.03                           _02369_ (net)
                  0.11    0.00   23.32 ^ _28157_/A0 (sky130_fd_sc_hd__mux2_8)
                  0.59    0.55   23.87 ^ _28157_/X (sky130_fd_sc_hd__mux2_8)
    60    0.36                           _02370_ (net)
                  0.59    0.05   23.93 ^ repeater792/A (sky130_fd_sc_hd__buf_12)
                  0.51    0.42   24.35 ^ repeater792/X (sky130_fd_sc_hd__buf_12)
    82    0.47                           net792 (net)
                  0.71    0.27   24.62 ^ repeater791/A (sky130_fd_sc_hd__buf_12)
                  0.44    0.35   24.97 ^ repeater791/X (sky130_fd_sc_hd__buf_12)
    76    0.44                           net791 (net)
                  0.80    0.36   25.33 ^ _28826_/S0 (sky130_fd_sc_hd__mux4_1)
                  0.11    0.72   26.05 v _28826_/X (sky130_fd_sc_hd__mux4_1)
     1    0.01                           _02572_ (net)
                  0.11    0.00   26.05 v _28827_/A3 (sky130_fd_sc_hd__mux4_2)
                  0.38    0.88   26.93 v _28827_/X (sky130_fd_sc_hd__mux4_2)
     2    0.14                           _02573_ (net)
                  0.38    0.01   26.95 v _27537_/A0 (sky130_fd_sc_hd__mux2_8)
                  0.18    0.56   27.50 v _27537_/X (sky130_fd_sc_hd__mux2_8)
     2    0.17                           VexRiscv.RegFilePlugin_regFile$rdreg[1]$d[19] (net)
                  0.26    0.10   27.60 v _29621_/D (sky130_fd_sc_hd__dfxtp_1)
                                 27.60   data arrival time

                         30.00   30.00   clock core_clk (rise edge)
                          0.00   30.00   clock source latency
                  1.96    1.33   31.33 ^ core_clk (in)
     2    0.24                           core_clk (net)
                  1.96    0.00   31.33 ^ clkbuf_0_core_clk/A (sky130_fd_sc_hd__clkbuf_16)
                  0.09    0.36   31.69 ^ clkbuf_0_core_clk/X (sky130_fd_sc_hd__clkbuf_16)
     4    0.02                           clknet_0_core_clk (net)
                  0.09    0.00   31.69 ^ clkbuf_1_1_0_core_clk/A (sky130_fd_sc_hd__clkbuf_4)
                  0.05    0.14   31.83 ^ clkbuf_1_1_0_core_clk/X (sky130_fd_sc_hd__clkbuf_4)
     1    0.01                           clknet_1_1_0_core_clk (net)
                  0.05    0.00   31.83 ^ clkbuf_1_1_1_core_clk/A (sky130_fd_sc_hd__clkbuf_4)
                  0.05    0.13   31.96 ^ clkbuf_1_1_1_core_clk/X (sky130_fd_sc_hd__clkbuf_4)
     1    0.01                           clknet_1_1_1_core_clk (net)
                  0.05    0.00   31.96 ^ clkbuf_1_1_2_core_clk/A (sky130_fd_sc_hd__clkbuf_4)
                  0.05    0.13   32.09 ^ clkbuf_1_1_2_core_clk/X (sky130_fd_sc_hd__clkbuf_4)
     1    0.01                           clknet_1_1_2_core_clk (net)
                  0.05    0.00   32.09 ^ clkbuf_1_1_3_core_clk/A (sky130_fd_sc_hd__clkbuf_4)
                  0.05    0.13   32.22 ^ clkbuf_1_1_3_core_clk/X (sky130_fd_sc_hd__clkbuf_4)
     1    0.01                           clknet_1_1_3_core_clk (net)
                  0.05    0.00   32.22 ^ clkbuf_1_1_4_core_clk/A (sky130_fd_sc_hd__clkbuf_4)
                  0.19    0.22   32.45 ^ clkbuf_1_1_4_core_clk/X (sky130_fd_sc_hd__clkbuf_4)
     4    0.06                           clknet_1_1_4_core_clk (net)
                  0.19    0.01   32.46 ^ clkbuf_2_2_0_core_clk/A (sky130_fd_sc_hd__clkbuf_4)
                  0.05    0.17   32.63 ^ clkbuf_2_2_0_core_clk/X (sky130_fd_sc_hd__clkbuf_4)
     1    0.01                           clknet_2_2_0_core_clk (net)
                  0.05    0.00   32.63 ^ clkbuf_2_2_1_core_clk/A (sky130_fd_sc_hd__clkbuf_4)
                  0.14    0.19   32.83 ^ clkbuf_2_2_1_core_clk/X (sky130_fd_sc_hd__clkbuf_4)
     4    0.04                           clknet_2_2_1_core_clk (net)
                  0.14    0.00   32.83 ^ clkbuf_3_4_0_core_clk/A (sky130_fd_sc_hd__clkbuf_4)
                  0.05    0.16   32.99 ^ clkbuf_3_4_0_core_clk/X (sky130_fd_sc_hd__clkbuf_4)
     1    0.01                           clknet_3_4_0_core_clk (net)
                  0.05    0.00   33.00 ^ clkbuf_3_4_1_core_clk/A (sky130_fd_sc_hd__clkbuf_4)
                  0.04    0.12   33.12 ^ clkbuf_3_4_1_core_clk/X (sky130_fd_sc_hd__clkbuf_4)
     1    0.01                           clknet_3_4_1_core_clk (net)
                  0.04    0.00   33.12 ^ clkbuf_3_4_2_core_clk/A (sky130_fd_sc_hd__clkbuf_4)
                  0.14    0.19   33.31 ^ clkbuf_3_4_2_core_clk/X (sky130_fd_sc_hd__clkbuf_4)
     4    0.04                           clknet_3_4_2_core_clk (net)
                  0.14    0.01   33.31 ^ clkbuf_4_8_0_core_clk/A (sky130_fd_sc_hd__clkbuf_4)
                  0.12    0.21   33.52 ^ clkbuf_4_8_0_core_clk/X (sky130_fd_sc_hd__clkbuf_4)
     4    0.04                           clknet_4_8_0_core_clk (net)
                  0.12    0.00   33.52 ^ clkbuf_5_17_0_core_clk/A (sky130_fd_sc_hd__clkbuf_4)
                  0.04    0.14   33.67 ^ clkbuf_5_17_0_core_clk/X (sky130_fd_sc_hd__clkbuf_4)
     1    0.01                           clknet_5_17_0_core_clk (net)
                  0.04    0.00   33.67 ^ clkbuf_5_17_1_core_clk/A (sky130_fd_sc_hd__clkbuf_4)
                  0.66    0.53   34.19 ^ clkbuf_5_17_1_core_clk/X (sky130_fd_sc_hd__clkbuf_4)
    28    0.23                           clknet_5_17_1_core_clk (net)
                  0.66    0.01   34.21 ^ clkbuf_leaf_344_core_clk/A (sky130_fd_sc_hd__clkbuf_16)
                  0.09    0.29   34.50 ^ clkbuf_leaf_344_core_clk/X (sky130_fd_sc_hd__clkbuf_16)
    28    0.07                           clknet_leaf_344_core_clk (net)
                  0.09    0.00   34.50 ^ _29621_/CLK (sky130_fd_sc_hd__dfxtp_1)
                         -0.25   34.25   clock uncertainty
                          0.13   34.39   clock reconvergence pessimism
                         -0.19   34.19   library setup time
                                 34.19   data required time
-----------------------------------------------------------------------------
                                 34.19   data required time
                                -27.60   data arrival time
-----------------------------------------------------------------------------
                                  6.59   slack (MET)


Startpoint: sky130_sram_2kbyte_1rw1r_32x512_8
            (falling edge-triggered flip-flop clocked by core_clk)
Endpoint: _29625_ (rising edge-triggered flip-flop clocked by core_clk)
Path Group: core_clk
Path Type: max

Fanout     Cap    Slew   Delay    Time   Description
-----------------------------------------------------------------------------
                         15.00   15.00   clock core_clk (fall edge)
                          0.00   15.00   clock source latency
                  1.10    0.87   15.87 v core_clk (in)
     2    0.24                           core_clk (net)
                  1.10    0.00   15.87 v clkbuf_0_core_clk/A (sky130_fd_sc_hd__clkbuf_16)
                  0.06    0.53   16.40 v clkbuf_0_core_clk/X (sky130_fd_sc_hd__clkbuf_16)
     4    0.02                           clknet_0_core_clk (net)
                  0.06    0.00   16.40 v clkbuf_1_0_0_core_clk/A (sky130_fd_sc_hd__clkbuf_4)
                  0.04    0.16   16.55 v clkbuf_1_0_0_core_clk/X (sky130_fd_sc_hd__clkbuf_4)
     1    0.01                           clknet_1_0_0_core_clk (net)
                  0.04    0.00   16.55 v clkbuf_1_0_1_core_clk/A (sky130_fd_sc_hd__clkbuf_4)
                  0.04    0.14   16.70 v clkbuf_1_0_1_core_clk/X (sky130_fd_sc_hd__clkbuf_4)
     1    0.01                           clknet_1_0_1_core_clk (net)
                  0.04    0.00   16.70 v clkbuf_1_0_2_core_clk/A (sky130_fd_sc_hd__clkbuf_4)
                  0.04    0.14   16.84 v clkbuf_1_0_2_core_clk/X (sky130_fd_sc_hd__clkbuf_4)
     1    0.01                           clknet_1_0_2_core_clk (net)
                  0.04    0.00   16.84 v clkbuf_1_0_3_core_clk/A (sky130_fd_sc_hd__clkbuf_4)
                  0.02    0.13   16.97 v clkbuf_1_0_3_core_clk/X (sky130_fd_sc_hd__clkbuf_4)
     1    0.00                           clknet_1_0_3_core_clk (net)
                  0.02    0.00   16.97 v clkbuf_1_0_4_core_clk/A (sky130_fd_sc_hd__clkbuf_4)
                  0.23    0.28   17.25 v clkbuf_1_0_4_core_clk/X (sky130_fd_sc_hd__clkbuf_4)
     4    0.11                           clknet_1_0_4_core_clk (net)
                  0.23    0.03   17.28 v clkbuf_2_1_0_core_clk/A (sky130_fd_sc_hd__clkbuf_4)
                  0.03    0.22   17.50 v clkbuf_2_1_0_core_clk/X (sky130_fd_sc_hd__clkbuf_4)
     1    0.00                           clknet_2_1_0_core_clk (net)
                  0.03    0.00   17.50 v clkbuf_2_1_1_core_clk/A (sky130_fd_sc_hd__clkbuf_4)
                  0.09    0.20   17.70 v clkbuf_2_1_1_core_clk/X (sky130_fd_sc_hd__clkbuf_4)
     4    0.04                           clknet_2_1_1_core_clk (net)
                  0.09    0.00   17.70 v clkbuf_3_2_0_core_clk/A (sky130_fd_sc_hd__clkbuf_4)
                  0.04    0.17   17.87 v clkbuf_3_2_0_core_clk/X (sky130_fd_sc_hd__clkbuf_4)
     1    0.01                           clknet_3_2_0_core_clk (net)
                  0.04    0.00   17.88 v clkbuf_3_2_1_core_clk/A (sky130_fd_sc_hd__clkbuf_4)
                  0.03    0.14   18.02 v clkbuf_3_2_1_core_clk/X (sky130_fd_sc_hd__clkbuf_4)
     1    0.01                           clknet_3_2_1_core_clk (net)
                  0.03    0.00   18.02 v clkbuf_3_2_2_core_clk/A (sky130_fd_sc_hd__clkbuf_4)
                  0.08    0.19   18.20 v clkbuf_3_2_2_core_clk/X (sky130_fd_sc_hd__clkbuf_4)
     4    0.04                           clknet_3_2_2_core_clk (net)
                  0.08    0.01   18.21 v clkbuf_4_4_0_core_clk/A (sky130_fd_sc_hd__clkbuf_4)
                  0.05    0.18   18.39 v clkbuf_4_4_0_core_clk/X (sky130_fd_sc_hd__clkbuf_4)
     2    0.02                           clknet_4_4_0_core_clk (net)
                  0.05    0.00   18.39 v clkbuf_5_9_0_core_clk/A (sky130_fd_sc_hd__clkbuf_4)
                  0.03    0.14   18.53 v clkbuf_5_9_0_core_clk/X (sky130_fd_sc_hd__clkbuf_4)
     1    0.01                           clknet_5_9_0_core_clk (net)
                  0.03    0.00   18.53 v clkbuf_5_9_1_core_clk/A (sky130_fd_sc_hd__clkbuf_4)
                  0.35    0.39   18.93 v clkbuf_5_9_1_core_clk/X (sky130_fd_sc_hd__clkbuf_4)
    26    0.18                           clknet_5_9_1_core_clk (net)
                  0.35    0.02   18.94 v clkbuf_opt_26_0_core_clk/A (sky130_fd_sc_hd__clkbuf_16)
                  0.04    0.29   19.23 v clkbuf_opt_26_0_core_clk/X (sky130_fd_sc_hd__clkbuf_16)
     1    0.01                           clknet_opt_26_0_core_clk (net)
                  0.04    0.00   19.23 v clkbuf_opt_26_1_core_clk/A (sky130_fd_sc_hd__clkbuf_16)
                  0.04    0.15   19.38 v clkbuf_opt_26_1_core_clk/X (sky130_fd_sc_hd__clkbuf_16)
     2    0.02                           clknet_opt_26_1_core_clk (net)
                  0.04    0.00   19.39 v clkbuf_leaf_15_core_clk/A (sky130_fd_sc_hd__clkbuf_16)
                  0.05    0.17   19.55 v clkbuf_leaf_15_core_clk/X (sky130_fd_sc_hd__clkbuf_16)
    14    0.05                           clknet_leaf_15_core_clk (net)
                  0.07    0.00   19.56 v sky130_sram_2kbyte_1rw1r_32x512_8/clk0 (sky130_sram_2kbyte_1rw1r_32x512_8)
                  0.00    0.42   19.98 v sky130_sram_2kbyte_1rw1r_32x512_8/dout0[15] (sky130_sram_2kbyte_1rw1r_32x512_8)
     1    0.01                           sram_bus_dat_r[15] (net)
                  0.00    0.00   19.98 v repeater2142/A (sky130_fd_sc_hd__clkbuf_2)
                  0.93    0.64   20.62 v repeater2142/X (sky130_fd_sc_hd__clkbuf_2)
     2    0.25                           net2142 (net)
                  0.99    0.19   20.81 v _22855_/B2 (sky130_fd_sc_hd__a221o_4)
                  0.35    1.06   21.86 v _22855_/X (sky130_fd_sc_hd__a221o_4)
     2    0.25                           _11220_ (net)
                  0.36    0.04   21.91 v _22858_/B1 (sky130_fd_sc_hd__a2111o_4)
                  0.28    0.77   22.68 v _22858_/X (sky130_fd_sc_hd__a2111o_4)
     8    0.15                           VexRiscv.IBusSimplePlugin_rspJoin_rspBuffer_c.io_push_payload_inst[15] (net)
                  0.32    0.08   22.76 v _28158_/A0 (sky130_fd_sc_hd__mux2_2)
                  0.08    0.44   23.19 v _28158_/X (sky130_fd_sc_hd__mux2_2)
     1    0.02                           _02368_ (net)
                  0.08    0.00   23.19 v _25575_/A (sky130_fd_sc_hd__clkinv_2)
                  0.11    0.12   23.32 ^ _25575_/Y (sky130_fd_sc_hd__clkinv_2)
     2    0.03                           _02369_ (net)
                  0.11    0.00   23.32 ^ _28157_/A0 (sky130_fd_sc_hd__mux2_8)
                  0.59    0.55   23.87 ^ _28157_/X (sky130_fd_sc_hd__mux2_8)
    60    0.36                           _02370_ (net)
                  0.59    0.05   23.93 ^ repeater792/A (sky130_fd_sc_hd__buf_12)
                  0.51    0.42   24.35 ^ repeater792/X (sky130_fd_sc_hd__buf_12)
    82    0.47                           net792 (net)
                  0.71    0.27   24.62 ^ repeater791/A (sky130_fd_sc_hd__buf_12)
                  0.44    0.35   24.97 ^ repeater791/X (sky130_fd_sc_hd__buf_12)
    76    0.44                           net791 (net)
                  0.72    0.31   25.27 ^ _28870_/S0 (sky130_fd_sc_hd__mux4_1)
                  0.13    0.74   26.01 v _28870_/X (sky130_fd_sc_hd__mux4_1)
     1    0.01                           _00218_ (net)
                  0.13    0.00   26.02 v _28872_/A2 (sky130_fd_sc_hd__mux4_2)
                  0.18    0.66   26.68 v _28872_/X (sky130_fd_sc_hd__mux4_2)
     2    0.04                           _00220_ (net)
                  0.18    0.01   26.69 v _27541_/A1 (sky130_fd_sc_hd__mux2_8)
                  0.23    0.55   27.24 v _27541_/X (sky130_fd_sc_hd__mux2_8)
     2    0.25                           VexRiscv.RegFilePlugin_regFile$rdreg[1]$d[23] (net)
                  0.23    0.02   27.26 v _29625_/D (sky130_fd_sc_hd__dfxtp_1)
                                 27.26   data arrival time

                         30.00   30.00   clock core_clk (rise edge)
                          0.00   30.00   clock source latency
                  1.96    1.33   31.33 ^ core_clk (in)
     2    0.24                           core_clk (net)
                  1.96    0.00   31.33 ^ clkbuf_0_core_clk/A (sky130_fd_sc_hd__clkbuf_16)
                  0.09    0.36   31.69 ^ clkbuf_0_core_clk/X (sky130_fd_sc_hd__clkbuf_16)
     4    0.02                           clknet_0_core_clk (net)
                  0.09    0.00   31.69 ^ clkbuf_1_1_0_core_clk/A (sky130_fd_sc_hd__clkbuf_4)
                  0.05    0.14   31.83 ^ clkbuf_1_1_0_core_clk/X (sky130_fd_sc_hd__clkbuf_4)
     1    0.01                           clknet_1_1_0_core_clk (net)
                  0.05    0.00   31.83 ^ clkbuf_1_1_1_core_clk/A (sky130_fd_sc_hd__clkbuf_4)
                  0.05    0.13   31.96 ^ clkbuf_1_1_1_core_clk/X (sky130_fd_sc_hd__clkbuf_4)
     1    0.01                           clknet_1_1_1_core_clk (net)
                  0.05    0.00   31.96 ^ clkbuf_1_1_2_core_clk/A (sky130_fd_sc_hd__clkbuf_4)
                  0.05    0.13   32.09 ^ clkbuf_1_1_2_core_clk/X (sky130_fd_sc_hd__clkbuf_4)
     1    0.01                           clknet_1_1_2_core_clk (net)
                  0.05    0.00   32.09 ^ clkbuf_1_1_3_core_clk/A (sky130_fd_sc_hd__clkbuf_4)
                  0.05    0.13   32.22 ^ clkbuf_1_1_3_core_clk/X (sky130_fd_sc_hd__clkbuf_4)
     1    0.01                           clknet_1_1_3_core_clk (net)
                  0.05    0.00   32.22 ^ clkbuf_1_1_4_core_clk/A (sky130_fd_sc_hd__clkbuf_4)
                  0.19    0.22   32.45 ^ clkbuf_1_1_4_core_clk/X (sky130_fd_sc_hd__clkbuf_4)
     4    0.06                           clknet_1_1_4_core_clk (net)
                  0.19    0.01   32.46 ^ clkbuf_2_2_0_core_clk/A (sky130_fd_sc_hd__clkbuf_4)
                  0.05    0.17   32.63 ^ clkbuf_2_2_0_core_clk/X (sky130_fd_sc_hd__clkbuf_4)
     1    0.01                           clknet_2_2_0_core_clk (net)
                  0.05    0.00   32.63 ^ clkbuf_2_2_1_core_clk/A (sky130_fd_sc_hd__clkbuf_4)
                  0.14    0.19   32.83 ^ clkbuf_2_2_1_core_clk/X (sky130_fd_sc_hd__clkbuf_4)
     4    0.04                           clknet_2_2_1_core_clk (net)
                  0.14    0.00   32.83 ^ clkbuf_3_5_0_core_clk/A (sky130_fd_sc_hd__clkbuf_4)
                  0.05    0.16   32.99 ^ clkbuf_3_5_0_core_clk/X (sky130_fd_sc_hd__clkbuf_4)
     1    0.01                           clknet_3_5_0_core_clk (net)
                  0.05    0.00   32.99 ^ clkbuf_3_5_1_core_clk/A (sky130_fd_sc_hd__clkbuf_4)
                  0.04    0.12   33.11 ^ clkbuf_3_5_1_core_clk/X (sky130_fd_sc_hd__clkbuf_4)
     1    0.01                           clknet_3_5_1_core_clk (net)
                  0.04    0.00   33.11 ^ clkbuf_3_5_2_core_clk/A (sky130_fd_sc_hd__clkbuf_4)
                  0.10    0.17   33.28 ^ clkbuf_3_5_2_core_clk/X (sky130_fd_sc_hd__clkbuf_4)
     4    0.03                           clknet_3_5_2_core_clk (net)
                  0.10    0.00   33.28 ^ clkbuf_4_11_0_core_clk/A (sky130_fd_sc_hd__clkbuf_4)
                  0.11    0.19   33.47 ^ clkbuf_4_11_0_core_clk/X (sky130_fd_sc_hd__clkbuf_4)
     4    0.03                           clknet_4_11_0_core_clk (net)
                  0.11    0.00   33.48 ^ clkbuf_5_22_0_core_clk/A (sky130_fd_sc_hd__clkbuf_4)
                  0.04    0.14   33.62 ^ clkbuf_5_22_0_core_clk/X (sky130_fd_sc_hd__clkbuf_4)
     1    0.01                           clknet_5_22_0_core_clk (net)
                  0.04    0.00   33.62 ^ clkbuf_5_22_1_core_clk/A (sky130_fd_sc_hd__clkbuf_4)
                  0.60    0.49   34.11 ^ clkbuf_5_22_1_core_clk/X (sky130_fd_sc_hd__clkbuf_4)
    26    0.20                           clknet_5_22_1_core_clk (net)
                  0.60    0.01   34.12 ^ clkbuf_leaf_246_core_clk/A (sky130_fd_sc_hd__clkbuf_16)
                  0.09    0.28   34.40 ^ clkbuf_leaf_246_core_clk/X (sky130_fd_sc_hd__clkbuf_16)
    22    0.06                           clknet_leaf_246_core_clk (net)
                  0.09    0.00   34.40 ^ _29625_/CLK (sky130_fd_sc_hd__dfxtp_1)
                         -0.25   34.15   clock uncertainty
                          0.13   34.28   clock reconvergence pessimism
                         -0.18   34.10   library setup time
                                 34.10   data required time
-----------------------------------------------------------------------------
                                 34.10   data required time
                                -27.26   data arrival time
-----------------------------------------------------------------------------
                                  6.84   slack (MET)


Startpoint: sky130_sram_2kbyte_1rw1r_32x512_8
            (falling edge-triggered flip-flop clocked by core_clk)
Endpoint: _29434_ (rising edge-triggered flip-flop clocked by core_clk)
Path Group: core_clk
Path Type: max

Fanout     Cap    Slew   Delay    Time   Description
-----------------------------------------------------------------------------
                         15.00   15.00   clock core_clk (fall edge)
                          0.00   15.00   clock source latency
                  1.10    0.87   15.87 v core_clk (in)
     2    0.24                           core_clk (net)
                  1.10    0.00   15.87 v clkbuf_0_core_clk/A (sky130_fd_sc_hd__clkbuf_16)
                  0.06    0.53   16.40 v clkbuf_0_core_clk/X (sky130_fd_sc_hd__clkbuf_16)
     4    0.02                           clknet_0_core_clk (net)
                  0.06    0.00   16.40 v clkbuf_1_0_0_core_clk/A (sky130_fd_sc_hd__clkbuf_4)
                  0.04    0.16   16.55 v clkbuf_1_0_0_core_clk/X (sky130_fd_sc_hd__clkbuf_4)
     1    0.01                           clknet_1_0_0_core_clk (net)
                  0.04    0.00   16.55 v clkbuf_1_0_1_core_clk/A (sky130_fd_sc_hd__clkbuf_4)
                  0.04    0.14   16.70 v clkbuf_1_0_1_core_clk/X (sky130_fd_sc_hd__clkbuf_4)
     1    0.01                           clknet_1_0_1_core_clk (net)
                  0.04    0.00   16.70 v clkbuf_1_0_2_core_clk/A (sky130_fd_sc_hd__clkbuf_4)
                  0.04    0.14   16.84 v clkbuf_1_0_2_core_clk/X (sky130_fd_sc_hd__clkbuf_4)
     1    0.01                           clknet_1_0_2_core_clk (net)
                  0.04    0.00   16.84 v clkbuf_1_0_3_core_clk/A (sky130_fd_sc_hd__clkbuf_4)
                  0.02    0.13   16.97 v clkbuf_1_0_3_core_clk/X (sky130_fd_sc_hd__clkbuf_4)
     1    0.00                           clknet_1_0_3_core_clk (net)
                  0.02    0.00   16.97 v clkbuf_1_0_4_core_clk/A (sky130_fd_sc_hd__clkbuf_4)
                  0.23    0.28   17.25 v clkbuf_1_0_4_core_clk/X (sky130_fd_sc_hd__clkbuf_4)
     4    0.11                           clknet_1_0_4_core_clk (net)
                  0.23    0.03   17.28 v clkbuf_2_1_0_core_clk/A (sky130_fd_sc_hd__clkbuf_4)
                  0.03    0.22   17.50 v clkbuf_2_1_0_core_clk/X (sky130_fd_sc_hd__clkbuf_4)
     1    0.00                           clknet_2_1_0_core_clk (net)
                  0.03    0.00   17.50 v clkbuf_2_1_1_core_clk/A (sky130_fd_sc_hd__clkbuf_4)
                  0.09    0.20   17.70 v clkbuf_2_1_1_core_clk/X (sky130_fd_sc_hd__clkbuf_4)
     4    0.04                           clknet_2_1_1_core_clk (net)
                  0.09    0.00   17.70 v clkbuf_3_2_0_core_clk/A (sky130_fd_sc_hd__clkbuf_4)
                  0.04    0.17   17.87 v clkbuf_3_2_0_core_clk/X (sky130_fd_sc_hd__clkbuf_4)
     1    0.01                           clknet_3_2_0_core_clk (net)
                  0.04    0.00   17.88 v clkbuf_3_2_1_core_clk/A (sky130_fd_sc_hd__clkbuf_4)
                  0.03    0.14   18.02 v clkbuf_3_2_1_core_clk/X (sky130_fd_sc_hd__clkbuf_4)
     1    0.01                           clknet_3_2_1_core_clk (net)
                  0.03    0.00   18.02 v clkbuf_3_2_2_core_clk/A (sky130_fd_sc_hd__clkbuf_4)
                  0.08    0.19   18.20 v clkbuf_3_2_2_core_clk/X (sky130_fd_sc_hd__clkbuf_4)
     4    0.04                           clknet_3_2_2_core_clk (net)
                  0.08    0.01   18.21 v clkbuf_4_4_0_core_clk/A (sky130_fd_sc_hd__clkbuf_4)
                  0.05    0.18   18.39 v clkbuf_4_4_0_core_clk/X (sky130_fd_sc_hd__clkbuf_4)
     2    0.02                           clknet_4_4_0_core_clk (net)
                  0.05    0.00   18.39 v clkbuf_5_9_0_core_clk/A (sky130_fd_sc_hd__clkbuf_4)
                  0.03    0.14   18.53 v clkbuf_5_9_0_core_clk/X (sky130_fd_sc_hd__clkbuf_4)
     1    0.01                           clknet_5_9_0_core_clk (net)
                  0.03    0.00   18.53 v clkbuf_5_9_1_core_clk/A (sky130_fd_sc_hd__clkbuf_4)
                  0.35    0.39   18.93 v clkbuf_5_9_1_core_clk/X (sky130_fd_sc_hd__clkbuf_4)
    26    0.18                           clknet_5_9_1_core_clk (net)
                  0.35    0.02   18.94 v clkbuf_opt_26_0_core_clk/A (sky130_fd_sc_hd__clkbuf_16)
                  0.04    0.29   19.23 v clkbuf_opt_26_0_core_clk/X (sky130_fd_sc_hd__clkbuf_16)
     1    0.01                           clknet_opt_26_0_core_clk (net)
                  0.04    0.00   19.23 v clkbuf_opt_26_1_core_clk/A (sky130_fd_sc_hd__clkbuf_16)
                  0.04    0.15   19.38 v clkbuf_opt_26_1_core_clk/X (sky130_fd_sc_hd__clkbuf_16)
     2    0.02                           clknet_opt_26_1_core_clk (net)
                  0.04    0.00   19.39 v clkbuf_leaf_15_core_clk/A (sky130_fd_sc_hd__clkbuf_16)
                  0.05    0.17   19.55 v clkbuf_leaf_15_core_clk/X (sky130_fd_sc_hd__clkbuf_16)
    14    0.05                           clknet_leaf_15_core_clk (net)
                  0.07    0.00   19.56 v sky130_sram_2kbyte_1rw1r_32x512_8/clk0 (sky130_sram_2kbyte_1rw1r_32x512_8)
                  0.01    0.45   20.00 v sky130_sram_2kbyte_1rw1r_32x512_8/dout0[20] (sky130_sram_2kbyte_1rw1r_32x512_8)
     1    0.01                           sram_bus_dat_r[20] (net)
                  0.00    0.00   20.00 v repeater2130/A (sky130_fd_sc_hd__clkbuf_2)
                  0.05    0.12   20.12 v repeater2130/X (sky130_fd_sc_hd__clkbuf_2)
     1    0.01                           net2130 (net)
                  0.05    0.00   20.12 v repeater2129/A (sky130_fd_sc_hd__clkbuf_2)
                  0.77    0.65   20.77 v repeater2129/X (sky130_fd_sc_hd__clkbuf_2)
     2    0.21                           net2129 (net)
                  0.78    0.06   20.83 v repeater2128/A (sky130_fd_sc_hd__clkbuf_2)
                  0.07    0.36   21.19 v repeater2128/X (sky130_fd_sc_hd__clkbuf_2)
     1    0.01                           net2128 (net)
                  0.07    0.00   21.20 v _22814_/B2 (sky130_fd_sc_hd__a22o_2)
                  0.24    0.44   21.63 v _22814_/X (sky130_fd_sc_hd__a22o_2)
     2    0.09                           _11189_ (net)
                  0.24    0.01   21.64 v _22817_/B1 (sky130_fd_sc_hd__a2111o_4)
                  0.07    0.56   22.20 v _22817_/X (sky130_fd_sc_hd__a2111o_4)
     1    0.01                           _11192_ (net)
                  0.07    0.00   22.20 v _22818_/B1 (sky130_fd_sc_hd__a211o_4)
                  0.11    0.41   22.61 v _22818_/X (sky130_fd_sc_hd__a211o_4)
     8    0.05                           VexRiscv.IBusSimplePlugin_rspJoin_rspBuffer_c.io_push_payload_inst[20] (net)
                  0.11    0.01   22.62 v _28148_/A0 (sky130_fd_sc_hd__mux2_2)
                  0.09    0.35   22.97 v _28148_/X (sky130_fd_sc_hd__mux2_2)
     1    0.02                           _00323_ (net)
                  0.09    0.00   22.97 v _25778_/A (sky130_fd_sc_hd__inv_2)
                  0.04    0.07   23.05 ^ _25778_/Y (sky130_fd_sc_hd__inv_2)
     1    0.01                           _00324_ (net)
                  0.04    0.00   23.05 ^ _28147_/A0 (sky130_fd_sc_hd__mux2_8)
                  0.64    0.49   23.54 ^ _28147_/X (sky130_fd_sc_hd__mux2_8)
    70    0.40                           _00325_ (net)
                  0.65    0.06   23.60 ^ repeater812/A (sky130_fd_sc_hd__buf_12)
                  0.45    0.44   24.04 ^ repeater812/X (sky130_fd_sc_hd__buf_12)
    74    0.40                           net812 (net)
                  0.48    0.09   24.13 ^ repeater808/A (sky130_fd_sc_hd__buf_12)
                  0.52    0.40   24.53 ^ repeater808/X (sky130_fd_sc_hd__buf_12)
    84    0.49                           net808 (net)
                  0.73    0.28   24.81 ^ repeater807/A (sky130_fd_sc_hd__buf_12)
                  0.42    0.36   25.16 ^ repeater807/X (sky130_fd_sc_hd__buf_12)
    72    0.43                           net807 (net)
                  0.77    0.35   25.51 ^ _29174_/S0 (sky130_fd_sc_hd__mux4_1)
                  0.11    0.71   26.22 v _29174_/X (sky130_fd_sc_hd__mux4_1)
     1    0.01                           _00524_ (net)
                  0.11    0.00   26.22 v _29178_/A0 (sky130_fd_sc_hd__mux4_2)
                  0.38    0.86   27.08 v _29178_/X (sky130_fd_sc_hd__mux4_2)
     2    0.14                           _00528_ (net)
                  0.38    0.01   27.09 v _27851_/A0 (sky130_fd_sc_hd__mux2_8)
                  0.17    0.59   27.68 v _27851_/X (sky130_fd_sc_hd__mux2_8)
     2    0.16                           VexRiscv.RegFilePlugin_regFile$rdreg[0]$d[19] (net)
                  0.17    0.02   27.69 v _29434_/D (sky130_fd_sc_hd__dfxtp_1)
                                 27.69   data arrival time

                         30.00   30.00   clock core_clk (rise edge)
                          0.00   30.00   clock source latency
                  1.96    1.33   31.33 ^ core_clk (in)
     2    0.24                           core_clk (net)
                  1.96    0.00   31.33 ^ clkbuf_0_core_clk/A (sky130_fd_sc_hd__clkbuf_16)
                  0.09    0.36   31.69 ^ clkbuf_0_core_clk/X (sky130_fd_sc_hd__clkbuf_16)
     4    0.02                           clknet_0_core_clk (net)
                  0.09    0.00   31.69 ^ clkbuf_1_0_0_core_clk/A (sky130_fd_sc_hd__clkbuf_4)
                  0.05    0.14   31.83 ^ clkbuf_1_0_0_core_clk/X (sky130_fd_sc_hd__clkbuf_4)
     1    0.01                           clknet_1_0_0_core_clk (net)
                  0.05    0.00   31.83 ^ clkbuf_1_0_1_core_clk/A (sky130_fd_sc_hd__clkbuf_4)
                  0.05    0.13   31.95 ^ clkbuf_1_0_1_core_clk/X (sky130_fd_sc_hd__clkbuf_4)
     1    0.01                           clknet_1_0_1_core_clk (net)
                  0.05    0.00   31.96 ^ clkbuf_1_0_2_core_clk/A (sky130_fd_sc_hd__clkbuf_4)
                  0.05    0.12   32.08 ^ clkbuf_1_0_2_core_clk/X (sky130_fd_sc_hd__clkbuf_4)
     1    0.01                           clknet_1_0_2_core_clk (net)
                  0.05    0.00   32.08 ^ clkbuf_1_0_3_core_clk/A (sky130_fd_sc_hd__clkbuf_4)
                  0.03    0.11   32.19 ^ clkbuf_1_0_3_core_clk/X (sky130_fd_sc_hd__clkbuf_4)
     1    0.00                           clknet_1_0_3_core_clk (net)
                  0.03    0.00   32.19 ^ clkbuf_1_0_4_core_clk/A (sky130_fd_sc_hd__clkbuf_4)
                  0.34    0.31   32.49 ^ clkbuf_1_0_4_core_clk/X (sky130_fd_sc_hd__clkbuf_4)
     4    0.11                           clknet_1_0_4_core_clk (net)
                  0.35    0.03   32.52 ^ clkbuf_2_0_0_core_clk/A (sky130_fd_sc_hd__clkbuf_4)
                  0.04    0.20   32.72 ^ clkbuf_2_0_0_core_clk/X (sky130_fd_sc_hd__clkbuf_4)
     1    0.00                           clknet_2_0_0_core_clk (net)
                  0.04    0.00   32.72 ^ clkbuf_2_0_1_core_clk/A (sky130_fd_sc_hd__clkbuf_4)
                  0.59    0.45   33.17 ^ clkbuf_2_0_1_core_clk/X (sky130_fd_sc_hd__clkbuf_4)
     4    0.20                           clknet_2_0_1_core_clk (net)
                  0.59    0.03   33.20 ^ clkbuf_3_1_0_core_clk/A (sky130_fd_sc_hd__clkbuf_4)
                  0.04    0.24   33.44 ^ clkbuf_3_1_0_core_clk/X (sky130_fd_sc_hd__clkbuf_4)
     1    0.00                           clknet_3_1_0_core_clk (net)
                  0.04    0.00   33.44 ^ clkbuf_3_1_1_core_clk/A (sky130_fd_sc_hd__clkbuf_4)
                  0.03    0.11   33.55 ^ clkbuf_3_1_1_core_clk/X (sky130_fd_sc_hd__clkbuf_4)
     1    0.00                           clknet_3_1_1_core_clk (net)
                  0.03    0.00   33.55 ^ clkbuf_3_1_2_core_clk/A (sky130_fd_sc_hd__clkbuf_4)
                  0.09    0.15   33.70 ^ clkbuf_3_1_2_core_clk/X (sky130_fd_sc_hd__clkbuf_4)
     4    0.03                           clknet_3_1_2_core_clk (net)
                  0.09    0.00   33.70 ^ clkbuf_4_2_0_core_clk/A (sky130_fd_sc_hd__clkbuf_4)
                  0.09    0.18   33.88 ^ clkbuf_4_2_0_core_clk/X (sky130_fd_sc_hd__clkbuf_4)
     4    0.03                           clknet_4_2_0_core_clk (net)
                  0.09    0.00   33.88 ^ clkbuf_5_5_0_core_clk/A (sky130_fd_sc_hd__clkbuf_4)
                  0.04    0.13   34.01 ^ clkbuf_5_5_0_core_clk/X (sky130_fd_sc_hd__clkbuf_4)
     1    0.01                           clknet_5_5_0_core_clk (net)
                  0.04    0.00   34.01 ^ clkbuf_5_5_1_core_clk/A (sky130_fd_sc_hd__clkbuf_4)
                  0.56    0.46   34.48 ^ clkbuf_5_5_1_core_clk/X (sky130_fd_sc_hd__clkbuf_4)
    26    0.19                           clknet_5_5_1_core_clk (net)
                  0.56    0.01   34.48 ^ clkbuf_leaf_364_core_clk/A (sky130_fd_sc_hd__clkbuf_16)
                  0.08    0.26   34.75 ^ clkbuf_leaf_364_core_clk/X (sky130_fd_sc_hd__clkbuf_16)
    18    0.05                           clknet_leaf_364_core_clk (net)
                  0.08    0.00   34.75 ^ _29434_/CLK (sky130_fd_sc_hd__dfxtp_1)
                         -0.25   34.50   clock uncertainty
                          0.21   34.71   clock reconvergence pessimism
                         -0.16   34.55   library setup time
                                 34.55   data required time
-----------------------------------------------------------------------------
                                 34.55   data required time
                                -27.69   data arrival time
-----------------------------------------------------------------------------
                                  6.86   slack (MET)


Startpoint: sky130_sram_2kbyte_1rw1r_32x512_8
            (falling edge-triggered flip-flop clocked by core_clk)
Endpoint: _29632_ (rising edge-triggered flip-flop clocked by core_clk)
Path Group: core_clk
Path Type: max

Fanout     Cap    Slew   Delay    Time   Description
-----------------------------------------------------------------------------
                         15.00   15.00   clock core_clk (fall edge)
                          0.00   15.00   clock source latency
                  1.10    0.87   15.87 v core_clk (in)
     2    0.24                           core_clk (net)
                  1.10    0.00   15.87 v clkbuf_0_core_clk/A (sky130_fd_sc_hd__clkbuf_16)
                  0.06    0.53   16.40 v clkbuf_0_core_clk/X (sky130_fd_sc_hd__clkbuf_16)
     4    0.02                           clknet_0_core_clk (net)
                  0.06    0.00   16.40 v clkbuf_1_0_0_core_clk/A (sky130_fd_sc_hd__clkbuf_4)
                  0.04    0.16   16.55 v clkbuf_1_0_0_core_clk/X (sky130_fd_sc_hd__clkbuf_4)
     1    0.01                           clknet_1_0_0_core_clk (net)
                  0.04    0.00   16.55 v clkbuf_1_0_1_core_clk/A (sky130_fd_sc_hd__clkbuf_4)
                  0.04    0.14   16.70 v clkbuf_1_0_1_core_clk/X (sky130_fd_sc_hd__clkbuf_4)
     1    0.01                           clknet_1_0_1_core_clk (net)
                  0.04    0.00   16.70 v clkbuf_1_0_2_core_clk/A (sky130_fd_sc_hd__clkbuf_4)
                  0.04    0.14   16.84 v clkbuf_1_0_2_core_clk/X (sky130_fd_sc_hd__clkbuf_4)
     1    0.01                           clknet_1_0_2_core_clk (net)
                  0.04    0.00   16.84 v clkbuf_1_0_3_core_clk/A (sky130_fd_sc_hd__clkbuf_4)
                  0.02    0.13   16.97 v clkbuf_1_0_3_core_clk/X (sky130_fd_sc_hd__clkbuf_4)
     1    0.00                           clknet_1_0_3_core_clk (net)
                  0.02    0.00   16.97 v clkbuf_1_0_4_core_clk/A (sky130_fd_sc_hd__clkbuf_4)
                  0.23    0.28   17.25 v clkbuf_1_0_4_core_clk/X (sky130_fd_sc_hd__clkbuf_4)
     4    0.11                           clknet_1_0_4_core_clk (net)
                  0.23    0.03   17.28 v clkbuf_2_1_0_core_clk/A (sky130_fd_sc_hd__clkbuf_4)
                  0.03    0.22   17.50 v clkbuf_2_1_0_core_clk/X (sky130_fd_sc_hd__clkbuf_4)
     1    0.00                           clknet_2_1_0_core_clk (net)
                  0.03    0.00   17.50 v clkbuf_2_1_1_core_clk/A (sky130_fd_sc_hd__clkbuf_4)
                  0.09    0.20   17.70 v clkbuf_2_1_1_core_clk/X (sky130_fd_sc_hd__clkbuf_4)
     4    0.04                           clknet_2_1_1_core_clk (net)
                  0.09    0.00   17.70 v clkbuf_3_2_0_core_clk/A (sky130_fd_sc_hd__clkbuf_4)
                  0.04    0.17   17.87 v clkbuf_3_2_0_core_clk/X (sky130_fd_sc_hd__clkbuf_4)
     1    0.01                           clknet_3_2_0_core_clk (net)
                  0.04    0.00   17.88 v clkbuf_3_2_1_core_clk/A (sky130_fd_sc_hd__clkbuf_4)
                  0.03    0.14   18.02 v clkbuf_3_2_1_core_clk/X (sky130_fd_sc_hd__clkbuf_4)
     1    0.01                           clknet_3_2_1_core_clk (net)
                  0.03    0.00   18.02 v clkbuf_3_2_2_core_clk/A (sky130_fd_sc_hd__clkbuf_4)
                  0.08    0.19   18.20 v clkbuf_3_2_2_core_clk/X (sky130_fd_sc_hd__clkbuf_4)
     4    0.04                           clknet_3_2_2_core_clk (net)
                  0.08    0.01   18.21 v clkbuf_4_4_0_core_clk/A (sky130_fd_sc_hd__clkbuf_4)
                  0.05    0.18   18.39 v clkbuf_4_4_0_core_clk/X (sky130_fd_sc_hd__clkbuf_4)
     2    0.02                           clknet_4_4_0_core_clk (net)
                  0.05    0.00   18.39 v clkbuf_5_9_0_core_clk/A (sky130_fd_sc_hd__clkbuf_4)
                  0.03    0.14   18.53 v clkbuf_5_9_0_core_clk/X (sky130_fd_sc_hd__clkbuf_4)
     1    0.01                           clknet_5_9_0_core_clk (net)
                  0.03    0.00   18.53 v clkbuf_5_9_1_core_clk/A (sky130_fd_sc_hd__clkbuf_4)
                  0.35    0.39   18.93 v clkbuf_5_9_1_core_clk/X (sky130_fd_sc_hd__clkbuf_4)
    26    0.18                           clknet_5_9_1_core_clk (net)
                  0.35    0.02   18.94 v clkbuf_opt_26_0_core_clk/A (sky130_fd_sc_hd__clkbuf_16)
                  0.04    0.29   19.23 v clkbuf_opt_26_0_core_clk/X (sky130_fd_sc_hd__clkbuf_16)
     1    0.01                           clknet_opt_26_0_core_clk (net)
                  0.04    0.00   19.23 v clkbuf_opt_26_1_core_clk/A (sky130_fd_sc_hd__clkbuf_16)
                  0.04    0.15   19.38 v clkbuf_opt_26_1_core_clk/X (sky130_fd_sc_hd__clkbuf_16)
     2    0.02                           clknet_opt_26_1_core_clk (net)
                  0.04    0.00   19.39 v clkbuf_leaf_15_core_clk/A (sky130_fd_sc_hd__clkbuf_16)
                  0.05    0.17   19.55 v clkbuf_leaf_15_core_clk/X (sky130_fd_sc_hd__clkbuf_16)
    14    0.05                           clknet_leaf_15_core_clk (net)
                  0.07    0.00   19.56 v sky130_sram_2kbyte_1rw1r_32x512_8/clk0 (sky130_sram_2kbyte_1rw1r_32x512_8)
                  0.00    0.42   19.98 v sky130_sram_2kbyte_1rw1r_32x512_8/dout0[15] (sky130_sram_2kbyte_1rw1r_32x512_8)
     1    0.01                           sram_bus_dat_r[15] (net)
                  0.00    0.00   19.98 v repeater2142/A (sky130_fd_sc_hd__clkbuf_2)
                  0.93    0.64   20.62 v repeater2142/X (sky130_fd_sc_hd__clkbuf_2)
     2    0.25                           net2142 (net)
                  0.99    0.19   20.81 v _22855_/B2 (sky130_fd_sc_hd__a221o_4)
                  0.35    1.06   21.86 v _22855_/X (sky130_fd_sc_hd__a221o_4)
     2    0.25                           _11220_ (net)
                  0.36    0.04   21.91 v _22858_/B1 (sky130_fd_sc_hd__a2111o_4)
                  0.28    0.77   22.68 v _22858_/X (sky130_fd_sc_hd__a2111o_4)
     8    0.15                           VexRiscv.IBusSimplePlugin_rspJoin_rspBuffer_c.io_push_payload_inst[15] (net)
                  0.32    0.08   22.76 v _28158_/A0 (sky130_fd_sc_hd__mux2_2)
                  0.08    0.44   23.19 v _28158_/X (sky130_fd_sc_hd__mux2_2)
     1    0.02                           _02368_ (net)
                  0.08    0.00   23.19 v _25575_/A (sky130_fd_sc_hd__clkinv_2)
                  0.11    0.12   23.32 ^ _25575_/Y (sky130_fd_sc_hd__clkinv_2)
     2    0.03                           _02369_ (net)
                  0.11    0.00   23.32 ^ _28157_/A0 (sky130_fd_sc_hd__mux2_8)
                  0.59    0.55   23.87 ^ _28157_/X (sky130_fd_sc_hd__mux2_8)
    60    0.36                           _02370_ (net)
                  0.59    0.06   23.93 ^ repeater796/A (sky130_fd_sc_hd__buf_12)
                  0.47    0.45   24.38 ^ repeater796/X (sky130_fd_sc_hd__buf_12)
    80    0.43                           net796 (net)
                  0.47    0.03   24.41 ^ repeater795/A (sky130_fd_sc_hd__buf_12)
                  0.48    0.37   24.79 ^ repeater795/X (sky130_fd_sc_hd__buf_12)
    82    0.45                           net795 (net)
                  0.64    0.23   25.02 ^ repeater793/A (sky130_fd_sc_hd__buf_12)
                  0.46    0.39   25.41 ^ repeater793/X (sky130_fd_sc_hd__buf_12)
    74    0.42                           net793 (net)
                  0.63    0.23   25.64 ^ _28940_/S0 (sky130_fd_sc_hd__mux4_2)
                  0.15    0.72   26.36 v _28940_/X (sky130_fd_sc_hd__mux4_2)
     2    0.03                           _00288_ (net)
                  0.15    0.00   26.37 v _28942_/A2 (sky130_fd_sc_hd__mux4_1)
                  0.11    0.59   26.96 v _28942_/X (sky130_fd_sc_hd__mux4_1)
     1    0.01                           _00290_ (net)
                  0.11    0.00   26.96 v _27548_/A1 (sky130_fd_sc_hd__mux2_1)
                  0.08    0.35   27.31 v _27548_/X (sky130_fd_sc_hd__mux2_1)
     1    0.01                           VexRiscv.RegFilePlugin_regFile$rdreg[1]$d[30] (net)
                  0.08    0.00   27.31 v _29632_/D (sky130_fd_sc_hd__dfxtp_1)
                                 27.31   data arrival time

                         30.00   30.00   clock core_clk (rise edge)
                          0.00   30.00   clock source latency
                  1.96    1.33   31.33 ^ core_clk (in)
     2    0.24                           core_clk (net)
                  1.96    0.00   31.33 ^ clkbuf_0_core_clk/A (sky130_fd_sc_hd__clkbuf_16)
                  0.09    0.36   31.69 ^ clkbuf_0_core_clk/X (sky130_fd_sc_hd__clkbuf_16)
     4    0.02                           clknet_0_core_clk (net)
                  0.09    0.00   31.69 ^ clkbuf_1_1_0_core_clk/A (sky130_fd_sc_hd__clkbuf_4)
                  0.05    0.14   31.83 ^ clkbuf_1_1_0_core_clk/X (sky130_fd_sc_hd__clkbuf_4)
     1    0.01                           clknet_1_1_0_core_clk (net)
                  0.05    0.00   31.83 ^ clkbuf_1_1_1_core_clk/A (sky130_fd_sc_hd__clkbuf_4)
                  0.05    0.13   31.96 ^ clkbuf_1_1_1_core_clk/X (sky130_fd_sc_hd__clkbuf_4)
     1    0.01                           clknet_1_1_1_core_clk (net)
                  0.05    0.00   31.96 ^ clkbuf_1_1_2_core_clk/A (sky130_fd_sc_hd__clkbuf_4)
                  0.05    0.13   32.09 ^ clkbuf_1_1_2_core_clk/X (sky130_fd_sc_hd__clkbuf_4)
     1    0.01                           clknet_1_1_2_core_clk (net)
                  0.05    0.00   32.09 ^ clkbuf_1_1_3_core_clk/A (sky130_fd_sc_hd__clkbuf_4)
                  0.05    0.13   32.22 ^ clkbuf_1_1_3_core_clk/X (sky130_fd_sc_hd__clkbuf_4)
     1    0.01                           clknet_1_1_3_core_clk (net)
                  0.05    0.00   32.22 ^ clkbuf_1_1_4_core_clk/A (sky130_fd_sc_hd__clkbuf_4)
                  0.19    0.22   32.45 ^ clkbuf_1_1_4_core_clk/X (sky130_fd_sc_hd__clkbuf_4)
     4    0.06                           clknet_1_1_4_core_clk (net)
                  0.19    0.01   32.46 ^ clkbuf_2_2_0_core_clk/A (sky130_fd_sc_hd__clkbuf_4)
                  0.05    0.17   32.63 ^ clkbuf_2_2_0_core_clk/X (sky130_fd_sc_hd__clkbuf_4)
     1    0.01                           clknet_2_2_0_core_clk (net)
                  0.05    0.00   32.63 ^ clkbuf_2_2_1_core_clk/A (sky130_fd_sc_hd__clkbuf_4)
                  0.14    0.19   32.83 ^ clkbuf_2_2_1_core_clk/X (sky130_fd_sc_hd__clkbuf_4)
     4    0.04                           clknet_2_2_1_core_clk (net)
                  0.14    0.00   32.83 ^ clkbuf_3_5_0_core_clk/A (sky130_fd_sc_hd__clkbuf_4)
                  0.05    0.16   32.99 ^ clkbuf_3_5_0_core_clk/X (sky130_fd_sc_hd__clkbuf_4)
     1    0.01                           clknet_3_5_0_core_clk (net)
                  0.05    0.00   32.99 ^ clkbuf_3_5_1_core_clk/A (sky130_fd_sc_hd__clkbuf_4)
                  0.04    0.12   33.11 ^ clkbuf_3_5_1_core_clk/X (sky130_fd_sc_hd__clkbuf_4)
     1    0.01                           clknet_3_5_1_core_clk (net)
                  0.04    0.00   33.11 ^ clkbuf_3_5_2_core_clk/A (sky130_fd_sc_hd__clkbuf_4)
                  0.10    0.17   33.28 ^ clkbuf_3_5_2_core_clk/X (sky130_fd_sc_hd__clkbuf_4)
     4    0.03                           clknet_3_5_2_core_clk (net)
                  0.10    0.00   33.28 ^ clkbuf_4_11_0_core_clk/A (sky130_fd_sc_hd__clkbuf_4)
                  0.11    0.19   33.47 ^ clkbuf_4_11_0_core_clk/X (sky130_fd_sc_hd__clkbuf_4)
     4    0.03                           clknet_4_11_0_core_clk (net)
                  0.11    0.00   33.48 ^ clkbuf_5_22_0_core_clk/A (sky130_fd_sc_hd__clkbuf_4)
                  0.04    0.14   33.62 ^ clkbuf_5_22_0_core_clk/X (sky130_fd_sc_hd__clkbuf_4)
     1    0.01                           clknet_5_22_0_core_clk (net)
                  0.04    0.00   33.62 ^ clkbuf_5_22_1_core_clk/A (sky130_fd_sc_hd__clkbuf_4)
                  0.60    0.49   34.11 ^ clkbuf_5_22_1_core_clk/X (sky130_fd_sc_hd__clkbuf_4)
    26    0.20                           clknet_5_22_1_core_clk (net)
                  0.60    0.01   34.12 ^ clkbuf_leaf_275_core_clk/A (sky130_fd_sc_hd__clkbuf_16)
                  0.09    0.28   34.40 ^ clkbuf_leaf_275_core_clk/X (sky130_fd_sc_hd__clkbuf_16)
    26    0.07                           clknet_leaf_275_core_clk (net)
                  0.09    0.00   34.41 ^ _29632_/CLK (sky130_fd_sc_hd__dfxtp_1)
                         -0.25   34.16   clock uncertainty
                          0.13   34.29   clock reconvergence pessimism
                         -0.11   34.18   library setup time
                                 34.18   data required time
-----------------------------------------------------------------------------
                                 34.18   data required time
                                -27.31   data arrival time
-----------------------------------------------------------------------------
                                  6.87   slack (MET)


Startpoint: sky130_sram_2kbyte_1rw1r_32x512_8
            (falling edge-triggered flip-flop clocked by core_clk)
Endpoint: _29604_ (rising edge-triggered flip-flop clocked by core_clk)
Path Group: core_clk
Path Type: max

Fanout     Cap    Slew   Delay    Time   Description
-----------------------------------------------------------------------------
                         15.00   15.00   clock core_clk (fall edge)
                          0.00   15.00   clock source latency
                  1.10    0.87   15.87 v core_clk (in)
     2    0.24                           core_clk (net)
                  1.10    0.00   15.87 v clkbuf_0_core_clk/A (sky130_fd_sc_hd__clkbuf_16)
                  0.06    0.53   16.40 v clkbuf_0_core_clk/X (sky130_fd_sc_hd__clkbuf_16)
     4    0.02                           clknet_0_core_clk (net)
                  0.06    0.00   16.40 v clkbuf_1_0_0_core_clk/A (sky130_fd_sc_hd__clkbuf_4)
                  0.04    0.16   16.55 v clkbuf_1_0_0_core_clk/X (sky130_fd_sc_hd__clkbuf_4)
     1    0.01                           clknet_1_0_0_core_clk (net)
                  0.04    0.00   16.55 v clkbuf_1_0_1_core_clk/A (sky130_fd_sc_hd__clkbuf_4)
                  0.04    0.14   16.70 v clkbuf_1_0_1_core_clk/X (sky130_fd_sc_hd__clkbuf_4)
     1    0.01                           clknet_1_0_1_core_clk (net)
                  0.04    0.00   16.70 v clkbuf_1_0_2_core_clk/A (sky130_fd_sc_hd__clkbuf_4)
                  0.04    0.14   16.84 v clkbuf_1_0_2_core_clk/X (sky130_fd_sc_hd__clkbuf_4)
     1    0.01                           clknet_1_0_2_core_clk (net)
                  0.04    0.00   16.84 v clkbuf_1_0_3_core_clk/A (sky130_fd_sc_hd__clkbuf_4)
                  0.02    0.13   16.97 v clkbuf_1_0_3_core_clk/X (sky130_fd_sc_hd__clkbuf_4)
     1    0.00                           clknet_1_0_3_core_clk (net)
                  0.02    0.00   16.97 v clkbuf_1_0_4_core_clk/A (sky130_fd_sc_hd__clkbuf_4)
                  0.23    0.28   17.25 v clkbuf_1_0_4_core_clk/X (sky130_fd_sc_hd__clkbuf_4)
     4    0.11                           clknet_1_0_4_core_clk (net)
                  0.23    0.03   17.28 v clkbuf_2_1_0_core_clk/A (sky130_fd_sc_hd__clkbuf_4)
                  0.03    0.22   17.50 v clkbuf_2_1_0_core_clk/X (sky130_fd_sc_hd__clkbuf_4)
     1    0.00                           clknet_2_1_0_core_clk (net)
                  0.03    0.00   17.50 v clkbuf_2_1_1_core_clk/A (sky130_fd_sc_hd__clkbuf_4)
                  0.09    0.20   17.70 v clkbuf_2_1_1_core_clk/X (sky130_fd_sc_hd__clkbuf_4)
     4    0.04                           clknet_2_1_1_core_clk (net)
                  0.09    0.00   17.70 v clkbuf_3_2_0_core_clk/A (sky130_fd_sc_hd__clkbuf_4)
                  0.04    0.17   17.87 v clkbuf_3_2_0_core_clk/X (sky130_fd_sc_hd__clkbuf_4)
     1    0.01                           clknet_3_2_0_core_clk (net)
                  0.04    0.00   17.88 v clkbuf_3_2_1_core_clk/A (sky130_fd_sc_hd__clkbuf_4)
                  0.03    0.14   18.02 v clkbuf_3_2_1_core_clk/X (sky130_fd_sc_hd__clkbuf_4)
     1    0.01                           clknet_3_2_1_core_clk (net)
                  0.03    0.00   18.02 v clkbuf_3_2_2_core_clk/A (sky130_fd_sc_hd__clkbuf_4)
                  0.08    0.19   18.20 v clkbuf_3_2_2_core_clk/X (sky130_fd_sc_hd__clkbuf_4)
     4    0.04                           clknet_3_2_2_core_clk (net)
                  0.08    0.01   18.21 v clkbuf_4_4_0_core_clk/A (sky130_fd_sc_hd__clkbuf_4)
                  0.05    0.18   18.39 v clkbuf_4_4_0_core_clk/X (sky130_fd_sc_hd__clkbuf_4)
     2    0.02                           clknet_4_4_0_core_clk (net)
                  0.05    0.00   18.39 v clkbuf_5_9_0_core_clk/A (sky130_fd_sc_hd__clkbuf_4)
                  0.03    0.14   18.53 v clkbuf_5_9_0_core_clk/X (sky130_fd_sc_hd__clkbuf_4)
     1    0.01                           clknet_5_9_0_core_clk (net)
                  0.03    0.00   18.53 v clkbuf_5_9_1_core_clk/A (sky130_fd_sc_hd__clkbuf_4)
                  0.35    0.39   18.93 v clkbuf_5_9_1_core_clk/X (sky130_fd_sc_hd__clkbuf_4)
    26    0.18                           clknet_5_9_1_core_clk (net)
                  0.35    0.02   18.94 v clkbuf_opt_26_0_core_clk/A (sky130_fd_sc_hd__clkbuf_16)
                  0.04    0.29   19.23 v clkbuf_opt_26_0_core_clk/X (sky130_fd_sc_hd__clkbuf_16)
     1    0.01                           clknet_opt_26_0_core_clk (net)
                  0.04    0.00   19.23 v clkbuf_opt_26_1_core_clk/A (sky130_fd_sc_hd__clkbuf_16)
                  0.04    0.15   19.38 v clkbuf_opt_26_1_core_clk/X (sky130_fd_sc_hd__clkbuf_16)
     2    0.02                           clknet_opt_26_1_core_clk (net)
                  0.04    0.00   19.39 v clkbuf_leaf_15_core_clk/A (sky130_fd_sc_hd__clkbuf_16)
                  0.05    0.17   19.55 v clkbuf_leaf_15_core_clk/X (sky130_fd_sc_hd__clkbuf_16)
    14    0.05                           clknet_leaf_15_core_clk (net)
                  0.07    0.00   19.56 v sky130_sram_2kbyte_1rw1r_32x512_8/clk0 (sky130_sram_2kbyte_1rw1r_32x512_8)
                  0.00    0.42   19.98 v sky130_sram_2kbyte_1rw1r_32x512_8/dout0[15] (sky130_sram_2kbyte_1rw1r_32x512_8)
     1    0.01                           sram_bus_dat_r[15] (net)
                  0.00    0.00   19.98 v repeater2142/A (sky130_fd_sc_hd__clkbuf_2)
                  0.93    0.64   20.62 v repeater2142/X (sky130_fd_sc_hd__clkbuf_2)
     2    0.25                           net2142 (net)
                  0.99    0.19   20.81 v _22855_/B2 (sky130_fd_sc_hd__a221o_4)
                  0.35    1.06   21.86 v _22855_/X (sky130_fd_sc_hd__a221o_4)
     2    0.25                           _11220_ (net)
                  0.36    0.04   21.91 v _22858_/B1 (sky130_fd_sc_hd__a2111o_4)
                  0.28    0.77   22.68 v _22858_/X (sky130_fd_sc_hd__a2111o_4)
     8    0.15                           VexRiscv.IBusSimplePlugin_rspJoin_rspBuffer_c.io_push_payload_inst[15] (net)
                  0.32    0.08   22.76 v _28158_/A0 (sky130_fd_sc_hd__mux2_2)
                  0.08    0.44   23.19 v _28158_/X (sky130_fd_sc_hd__mux2_2)
     1    0.02                           _02368_ (net)
                  0.08    0.00   23.19 v _25575_/A (sky130_fd_sc_hd__clkinv_2)
                  0.11    0.12   23.32 ^ _25575_/Y (sky130_fd_sc_hd__clkinv_2)
     2    0.03                           _02369_ (net)
                  0.11    0.00   23.32 ^ _28157_/A0 (sky130_fd_sc_hd__mux2_8)
                  0.59    0.55   23.87 ^ _28157_/X (sky130_fd_sc_hd__mux2_8)
    60    0.36                           _02370_ (net)
                  0.59    0.06   23.93 ^ repeater796/A (sky130_fd_sc_hd__buf_12)
                  0.47    0.45   24.38 ^ repeater796/X (sky130_fd_sc_hd__buf_12)
    80    0.43                           net796 (net)
                  0.47    0.03   24.41 ^ repeater795/A (sky130_fd_sc_hd__buf_12)
                  0.48    0.37   24.79 ^ repeater795/X (sky130_fd_sc_hd__buf_12)
    82    0.45                           net795 (net)
                  0.61    0.21   24.99 ^ repeater794/A (sky130_fd_sc_hd__buf_12)
                  0.42    0.37   25.36 ^ repeater794/X (sky130_fd_sc_hd__buf_12)
    72    0.39                           net794 (net)
                  0.55    0.19   25.55 ^ _28661_/S0 (sky130_fd_sc_hd__mux4_1)
                  0.12    0.72   26.27 v _28661_/X (sky130_fd_sc_hd__mux4_1)
     1    0.01                           _02407_ (net)
                  0.12    0.00   26.27 v _28662_/A3 (sky130_fd_sc_hd__mux4_1)
                  0.13    0.59   26.86 v _28662_/X (sky130_fd_sc_hd__mux4_1)
     1    0.01                           _02408_ (net)
                  0.13    0.00   26.86 v _27520_/A1 (sky130_fd_sc_hd__mux2_4)
                  0.11    0.37   27.23 v _27520_/X (sky130_fd_sc_hd__mux2_4)
     2    0.04                           VexRiscv.RegFilePlugin_regFile$rdreg[1]$d[2] (net)
                  0.11    0.01   27.23 v _29604_/D (sky130_fd_sc_hd__dfxtp_1)
                                 27.23   data arrival time

                         30.00   30.00   clock core_clk (rise edge)
                          0.00   30.00   clock source latency
                  1.96    1.33   31.33 ^ core_clk (in)
     2    0.24                           core_clk (net)
                  1.96    0.00   31.33 ^ clkbuf_0_core_clk/A (sky130_fd_sc_hd__clkbuf_16)
                  0.09    0.36   31.69 ^ clkbuf_0_core_clk/X (sky130_fd_sc_hd__clkbuf_16)
     4    0.02                           clknet_0_core_clk (net)
                  0.09    0.00   31.69 ^ clkbuf_1_1_0_core_clk/A (sky130_fd_sc_hd__clkbuf_4)
                  0.05    0.14   31.83 ^ clkbuf_1_1_0_core_clk/X (sky130_fd_sc_hd__clkbuf_4)
     1    0.01                           clknet_1_1_0_core_clk (net)
                  0.05    0.00   31.83 ^ clkbuf_1_1_1_core_clk/A (sky130_fd_sc_hd__clkbuf_4)
                  0.05    0.13   31.96 ^ clkbuf_1_1_1_core_clk/X (sky130_fd_sc_hd__clkbuf_4)
     1    0.01                           clknet_1_1_1_core_clk (net)
                  0.05    0.00   31.96 ^ clkbuf_1_1_2_core_clk/A (sky130_fd_sc_hd__clkbuf_4)
                  0.05    0.13   32.09 ^ clkbuf_1_1_2_core_clk/X (sky130_fd_sc_hd__clkbuf_4)
     1    0.01                           clknet_1_1_2_core_clk (net)
                  0.05    0.00   32.09 ^ clkbuf_1_1_3_core_clk/A (sky130_fd_sc_hd__clkbuf_4)
                  0.05    0.13   32.22 ^ clkbuf_1_1_3_core_clk/X (sky130_fd_sc_hd__clkbuf_4)
     1    0.01                           clknet_1_1_3_core_clk (net)
                  0.05    0.00   32.22 ^ clkbuf_1_1_4_core_clk/A (sky130_fd_sc_hd__clkbuf_4)
                  0.19    0.22   32.45 ^ clkbuf_1_1_4_core_clk/X (sky130_fd_sc_hd__clkbuf_4)
     4    0.06                           clknet_1_1_4_core_clk (net)
                  0.19    0.01   32.46 ^ clkbuf_2_2_0_core_clk/A (sky130_fd_sc_hd__clkbuf_4)
                  0.05    0.17   32.63 ^ clkbuf_2_2_0_core_clk/X (sky130_fd_sc_hd__clkbuf_4)
     1    0.01                           clknet_2_2_0_core_clk (net)
                  0.05    0.00   32.63 ^ clkbuf_2_2_1_core_clk/A (sky130_fd_sc_hd__clkbuf_4)
                  0.14    0.19   32.83 ^ clkbuf_2_2_1_core_clk/X (sky130_fd_sc_hd__clkbuf_4)
     4    0.04                           clknet_2_2_1_core_clk (net)
                  0.14    0.00   32.83 ^ clkbuf_3_5_0_core_clk/A (sky130_fd_sc_hd__clkbuf_4)
                  0.05    0.16   32.99 ^ clkbuf_3_5_0_core_clk/X (sky130_fd_sc_hd__clkbuf_4)
     1    0.01                           clknet_3_5_0_core_clk (net)
                  0.05    0.00   32.99 ^ clkbuf_3_5_1_core_clk/A (sky130_fd_sc_hd__clkbuf_4)
                  0.04    0.12   33.11 ^ clkbuf_3_5_1_core_clk/X (sky130_fd_sc_hd__clkbuf_4)
     1    0.01                           clknet_3_5_1_core_clk (net)
                  0.04    0.00   33.11 ^ clkbuf_3_5_2_core_clk/A (sky130_fd_sc_hd__clkbuf_4)
                  0.10    0.17   33.28 ^ clkbuf_3_5_2_core_clk/X (sky130_fd_sc_hd__clkbuf_4)
     4    0.03                           clknet_3_5_2_core_clk (net)
                  0.10    0.00   33.28 ^ clkbuf_4_10_0_core_clk/A (sky130_fd_sc_hd__clkbuf_4)
                  0.10    0.19   33.47 ^ clkbuf_4_10_0_core_clk/X (sky130_fd_sc_hd__clkbuf_4)
     4    0.03                           clknet_4_10_0_core_clk (net)
                  0.10    0.00   33.47 ^ clkbuf_5_20_0_core_clk/A (sky130_fd_sc_hd__clkbuf_4)
                  0.04    0.14   33.61 ^ clkbuf_5_20_0_core_clk/X (sky130_fd_sc_hd__clkbuf_4)
     1    0.01                           clknet_5_20_0_core_clk (net)
                  0.04    0.00   33.61 ^ clkbuf_5_20_1_core_clk/A (sky130_fd_sc_hd__clkbuf_4)
                  0.65    0.52   34.13 ^ clkbuf_5_20_1_core_clk/X (sky130_fd_sc_hd__clkbuf_4)
    28    0.22                           clknet_5_20_1_core_clk (net)
                  0.65    0.03   34.16 ^ clkbuf_leaf_305_core_clk/A (sky130_fd_sc_hd__clkbuf_16)
                  0.08    0.28   34.44 ^ clkbuf_leaf_305_core_clk/X (sky130_fd_sc_hd__clkbuf_16)
    20    0.05                           clknet_leaf_305_core_clk (net)
                  0.08    0.00   34.44 ^ _29604_/CLK (sky130_fd_sc_hd__dfxtp_1)
                         -0.25   34.19   clock uncertainty
                          0.13   34.32   clock reconvergence pessimism
                         -0.13   34.19   library setup time
                                 34.19   data required time
-----------------------------------------------------------------------------
                                 34.19   data required time
                                -27.23   data arrival time
-----------------------------------------------------------------------------
                                  6.96   slack (MET)


