
===========================================================================
 report_clock_skew
============================================================================

======================== Slowest Corner ==================================

Clock core_clk
Latency      CRPR       Skew
_32820_/CLK ^
   9.93
_31304_/CLK ^
   7.48     -0.30       2.15


======================= Typical Corner ===================================

Clock core_clk
Latency      CRPR       Skew
_32820_/CLK ^
   5.59
_31304_/CLK ^
   4.27     -0.18       1.14


======================= Fastest Corner ===================================

Clock core_clk
Latency      CRPR       Skew
_31045_/CLK ^
   3.77
_29625_/CLK ^
   2.92     -0.12       0.73

