OpenROAD e9d88df58cd6e61dec17d0cd7d355f7d6ec25778 
This program is licensed under the BSD-3 license. See the LICENSE file for details.
Components of this program may be licensed under more restrictive licenses which must be honored.
[INFO ODB-0222] Reading LEF file: /project/openlane/mgmt_core_wrapper/runs/RUN_2021.12.27_23.52.33/tmp/merged_unpadded.lef
[INFO ODB-0223]     Created 13 technology layers
[INFO ODB-0224]     Created 25 technology vias
[INFO ODB-0225]     Created 443 library cells
[INFO ODB-0226] Finished LEF file:  /project/openlane/mgmt_core_wrapper/runs/RUN_2021.12.27_23.52.33/tmp/merged_unpadded.lef
[INFO ODB-0127] Reading DEF file: /project/openlane/mgmt_core_wrapper/runs/RUN_2021.12.27_23.52.33/tmp/floorplan/4-io.macro_placement.def
[INFO ODB-0128] Design: mgmt_core_wrapper
[INFO ODB-0130]     Created 740 pins.
[INFO ODB-0131]     Created 2 components and 899 component-terminals.
[INFO ODB-0133]     Created 827 nets and 895 connections.
[INFO ODB-0134] Finished DEF file: /project/openlane/mgmt_core_wrapper/runs/RUN_2021.12.27_23.52.33/tmp/floorplan/4-io.macro_placement.def
[INFO PDN-0016] Power Delivery Network Generator: Generating PDN
  config: /project/openlane/mgmt_core_wrapper/pdn.tcl
[INFO PDN-0008] Design name is mgmt_core_wrapper.
[INFO PDN-0009] Reading technology data.
[INFO PDN-0011] ****** INFO ******
Type: stdcell, stdcell_grid
    Straps
      Layer: met5  -  width: 3.200  pitch: 130.000  offset: 60.000 
    Connect: {met4 met5}
Type: macro, CORE_macro_grid_1
    Macro orientation: R0 R180 MX MY R90 R270 MXR90 MYR90
    Straps
    Connect: {met4_PIN_ver met5}
[INFO PDN-0012] **** END INFO ****
[INFO PDN-0013] Inserting stdcell grid - stdcell_grid.
[WARNING PDN-0002] No shapes on layer met4 for POWER.
[WARNING PDN-0002] No shapes on layer met4 for GROUND.
[INFO PDN-0010] Inserting macro grid for 2 macros.
[INFO PDN-0034]   - grid CORE_macro_grid_1 for instance DFFRAM_0
[INFO PDN-0034]   - grid CORE_macro_grid_1 for instance core
[INFO PDN-0015] Writing to database.
