
===========================================================================
report_checks -path_delay min (Hold)
============================================================================
Startpoint: _29825_ (rising edge-triggered flip-flop clocked by core_clk)
Endpoint: _29925_ (rising edge-triggered flip-flop clocked by core_clk)
Path Group: core_clk
Path Type: min

Fanout     Cap    Slew   Delay    Time   Description
-----------------------------------------------------------------------------
                          0.00    0.00   clock core_clk (rise edge)
                          0.00    0.00   clock source latency
                  1.66    1.17    1.17 ^ core_clk (in)
     1    0.20                           core_clk (net)
                  1.67    0.00    1.17 ^ clkbuf_0_core_clk/A (sky130_fd_sc_hd__clkbuf_16)
                  0.08    0.33    1.50 ^ clkbuf_0_core_clk/X (sky130_fd_sc_hd__clkbuf_16)
     2    0.02                           clknet_0_core_clk (net)
                  0.08    0.00    1.50 ^ clkbuf_1_1_0_core_clk/A (sky130_fd_sc_hd__clkbuf_4)
                  0.05    0.14    1.64 ^ clkbuf_1_1_0_core_clk/X (sky130_fd_sc_hd__clkbuf_4)
     1    0.01                           clknet_1_1_0_core_clk (net)
                  0.05    0.00    1.64 ^ clkbuf_1_1_1_core_clk/A (sky130_fd_sc_hd__clkbuf_4)
                  0.05    0.12    1.76 ^ clkbuf_1_1_1_core_clk/X (sky130_fd_sc_hd__clkbuf_4)
     1    0.01                           clknet_1_1_1_core_clk (net)
                  0.05    0.00    1.76 ^ clkbuf_1_1_2_core_clk/A (sky130_fd_sc_hd__clkbuf_4)
                  0.05    0.12    1.89 ^ clkbuf_1_1_2_core_clk/X (sky130_fd_sc_hd__clkbuf_4)
     1    0.01                           clknet_1_1_2_core_clk (net)
                  0.05    0.00    1.89 ^ clkbuf_1_1_3_core_clk/A (sky130_fd_sc_hd__clkbuf_4)
                  0.05    0.12    2.01 ^ clkbuf_1_1_3_core_clk/X (sky130_fd_sc_hd__clkbuf_4)
     1    0.01                           clknet_1_1_3_core_clk (net)
                  0.05    0.00    2.01 ^ clkbuf_1_1_4_core_clk/A (sky130_fd_sc_hd__clkbuf_4)
                  0.16    0.20    2.22 ^ clkbuf_1_1_4_core_clk/X (sky130_fd_sc_hd__clkbuf_4)
     2    0.05                           clknet_1_1_4_core_clk (net)
                  0.16    0.01    2.22 ^ clkbuf_2_2_0_core_clk/A (sky130_fd_sc_hd__clkbuf_4)
                  0.05    0.16    2.39 ^ clkbuf_2_2_0_core_clk/X (sky130_fd_sc_hd__clkbuf_4)
     1    0.01                           clknet_2_2_0_core_clk (net)
                  0.05    0.00    2.39 ^ clkbuf_2_2_1_core_clk/A (sky130_fd_sc_hd__clkbuf_4)
                  0.13    0.19    2.58 ^ clkbuf_2_2_1_core_clk/X (sky130_fd_sc_hd__clkbuf_4)
     2    0.04                           clknet_2_2_1_core_clk (net)
                  0.13    0.00    2.58 ^ clkbuf_3_4_0_core_clk/A (sky130_fd_sc_hd__clkbuf_4)
                  0.05    0.16    2.74 ^ clkbuf_3_4_0_core_clk/X (sky130_fd_sc_hd__clkbuf_4)
     1    0.01                           clknet_3_4_0_core_clk (net)
                  0.05    0.00    2.74 ^ clkbuf_3_4_1_core_clk/A (sky130_fd_sc_hd__clkbuf_4)
                  0.04    0.12    2.85 ^ clkbuf_3_4_1_core_clk/X (sky130_fd_sc_hd__clkbuf_4)
     1    0.01                           clknet_3_4_1_core_clk (net)
                  0.04    0.00    2.85 ^ clkbuf_3_4_2_core_clk/A (sky130_fd_sc_hd__clkbuf_4)
                  0.13    0.18    3.03 ^ clkbuf_3_4_2_core_clk/X (sky130_fd_sc_hd__clkbuf_4)
     2    0.04                           clknet_3_4_2_core_clk (net)
                  0.13    0.00    3.04 ^ clkbuf_4_9_0_core_clk/A (sky130_fd_sc_hd__clkbuf_4)
                  0.09    0.19    3.23 ^ clkbuf_4_9_0_core_clk/X (sky130_fd_sc_hd__clkbuf_4)
     2    0.03                           clknet_4_9_0_core_clk (net)
                  0.09    0.00    3.23 ^ clkbuf_5_18_0_core_clk/A (sky130_fd_sc_hd__clkbuf_4)
                  0.04    0.13    3.36 ^ clkbuf_5_18_0_core_clk/X (sky130_fd_sc_hd__clkbuf_4)
     1    0.01                           clknet_5_18_0_core_clk (net)
                  0.04    0.00    3.36 ^ clkbuf_5_18_1_core_clk/A (sky130_fd_sc_hd__clkbuf_4)
                  0.63    0.52    3.88 ^ clkbuf_5_18_1_core_clk/X (sky130_fd_sc_hd__clkbuf_4)
    15    0.21                           clknet_5_18_1_core_clk (net)
                  0.63    0.00    3.88 ^ clkbuf_leaf_342_core_clk/A (sky130_fd_sc_hd__clkbuf_16)
                  0.05    0.25    4.13 ^ clkbuf_leaf_342_core_clk/X (sky130_fd_sc_hd__clkbuf_16)
     4    0.02                           clknet_leaf_342_core_clk (net)
                  0.05    0.00    4.13 ^ _29825_/CLK (sky130_fd_sc_hd__dfxtp_2)
                  0.07    0.34    4.47 v _29825_/Q (sky130_fd_sc_hd__dfxtp_2)
     5    0.03                           VexRiscv.HazardSimplePlugin_writeBackWrites_payload_address[1] (net)
                  0.07    0.00    4.47 v hold466/A (sky130_fd_sc_hd__clkbuf_1)
                  0.07    0.13    4.60 v hold466/X (sky130_fd_sc_hd__clkbuf_1)
     1    0.01                           net2818 (net)
                  0.07    0.00    4.60 v _29925_/D (sky130_fd_sc_hd__dfxtp_1)
                                  4.60   data arrival time

                          0.00    0.00   clock core_clk (rise edge)
                          0.00    0.00   clock source latency
                  1.66    1.29    1.29 ^ core_clk (in)
     1    0.20                           core_clk (net)
                  1.67    0.00    1.29 ^ clkbuf_0_core_clk/A (sky130_fd_sc_hd__clkbuf_16)
                  0.08    0.37    1.66 ^ clkbuf_0_core_clk/X (sky130_fd_sc_hd__clkbuf_16)
     2    0.02                           clknet_0_core_clk (net)
                  0.08    0.00    1.66 ^ clkbuf_1_1_0_core_clk/A (sky130_fd_sc_hd__clkbuf_4)
                  0.05    0.15    1.81 ^ clkbuf_1_1_0_core_clk/X (sky130_fd_sc_hd__clkbuf_4)
     1    0.01                           clknet_1_1_0_core_clk (net)
                  0.05    0.00    1.81 ^ clkbuf_1_1_1_core_clk/A (sky130_fd_sc_hd__clkbuf_4)
                  0.05    0.14    1.95 ^ clkbuf_1_1_1_core_clk/X (sky130_fd_sc_hd__clkbuf_4)
     1    0.01                           clknet_1_1_1_core_clk (net)
                  0.05    0.00    1.95 ^ clkbuf_1_1_2_core_clk/A (sky130_fd_sc_hd__clkbuf_4)
                  0.05    0.14    2.09 ^ clkbuf_1_1_2_core_clk/X (sky130_fd_sc_hd__clkbuf_4)
     1    0.01                           clknet_1_1_2_core_clk (net)
                  0.05    0.00    2.09 ^ clkbuf_1_1_3_core_clk/A (sky130_fd_sc_hd__clkbuf_4)
                  0.05    0.14    2.22 ^ clkbuf_1_1_3_core_clk/X (sky130_fd_sc_hd__clkbuf_4)
     1    0.01                           clknet_1_1_3_core_clk (net)
                  0.05    0.00    2.22 ^ clkbuf_1_1_4_core_clk/A (sky130_fd_sc_hd__clkbuf_4)
                  0.16    0.23    2.45 ^ clkbuf_1_1_4_core_clk/X (sky130_fd_sc_hd__clkbuf_4)
     2    0.05                           clknet_1_1_4_core_clk (net)
                  0.16    0.01    2.46 ^ clkbuf_2_2_0_core_clk/A (sky130_fd_sc_hd__clkbuf_4)
                  0.05    0.18    2.64 ^ clkbuf_2_2_0_core_clk/X (sky130_fd_sc_hd__clkbuf_4)
     1    0.01                           clknet_2_2_0_core_clk (net)
                  0.05    0.00    2.64 ^ clkbuf_2_2_1_core_clk/A (sky130_fd_sc_hd__clkbuf_4)
                  0.13    0.21    2.85 ^ clkbuf_2_2_1_core_clk/X (sky130_fd_sc_hd__clkbuf_4)
     2    0.04                           clknet_2_2_1_core_clk (net)
                  0.13    0.00    2.85 ^ clkbuf_3_4_0_core_clk/A (sky130_fd_sc_hd__clkbuf_4)
                  0.05    0.17    3.02 ^ clkbuf_3_4_0_core_clk/X (sky130_fd_sc_hd__clkbuf_4)
     1    0.01                           clknet_3_4_0_core_clk (net)
                  0.05    0.00    3.02 ^ clkbuf_3_4_1_core_clk/A (sky130_fd_sc_hd__clkbuf_4)
                  0.04    0.13    3.15 ^ clkbuf_3_4_1_core_clk/X (sky130_fd_sc_hd__clkbuf_4)
     1    0.01                           clknet_3_4_1_core_clk (net)
                  0.04    0.00    3.15 ^ clkbuf_3_4_2_core_clk/A (sky130_fd_sc_hd__clkbuf_4)
                  0.13    0.20    3.35 ^ clkbuf_3_4_2_core_clk/X (sky130_fd_sc_hd__clkbuf_4)
     2    0.04                           clknet_3_4_2_core_clk (net)
                  0.13    0.00    3.36 ^ clkbuf_4_9_0_core_clk/A (sky130_fd_sc_hd__clkbuf_4)
                  0.09    0.21    3.57 ^ clkbuf_4_9_0_core_clk/X (sky130_fd_sc_hd__clkbuf_4)
     2    0.03                           clknet_4_9_0_core_clk (net)
                  0.09    0.00    3.57 ^ clkbuf_5_18_0_core_clk/A (sky130_fd_sc_hd__clkbuf_4)
                  0.04    0.15    3.72 ^ clkbuf_5_18_0_core_clk/X (sky130_fd_sc_hd__clkbuf_4)
     1    0.01                           clknet_5_18_0_core_clk (net)
                  0.04    0.00    3.72 ^ clkbuf_5_18_1_core_clk/A (sky130_fd_sc_hd__clkbuf_4)
                  0.63    0.57    4.28 ^ clkbuf_5_18_1_core_clk/X (sky130_fd_sc_hd__clkbuf_4)
    15    0.21                           clknet_5_18_1_core_clk (net)
                  0.63    0.00    4.29 ^ clkbuf_leaf_350_core_clk/A (sky130_fd_sc_hd__clkbuf_16)
                  0.06    0.28    4.57 ^ clkbuf_leaf_350_core_clk/X (sky130_fd_sc_hd__clkbuf_16)
     6    0.03                           clknet_leaf_350_core_clk (net)
                  0.06    0.00    4.57 ^ _29925_/CLK (sky130_fd_sc_hd__dfxtp_1)
                          0.25    4.82   clock uncertainty
                         -0.41    4.41   clock reconvergence pessimism
                         -0.06    4.35   library hold time
                                  4.35   data required time
-----------------------------------------------------------------------------
                                  4.35   data required time
                                 -4.60   data arrival time
-----------------------------------------------------------------------------
                                  0.25   slack (MET)


Startpoint: _29730_ (rising edge-triggered flip-flop clocked by core_clk)
Endpoint: _29729_ (rising edge-triggered flip-flop clocked by core_clk)
Path Group: core_clk
Path Type: min

Fanout     Cap    Slew   Delay    Time   Description
-----------------------------------------------------------------------------
                          0.00    0.00   clock core_clk (rise edge)
                          0.00    0.00   clock source latency
                  1.66    1.17    1.17 ^ core_clk (in)
     1    0.20                           core_clk (net)
                  1.67    0.00    1.17 ^ clkbuf_0_core_clk/A (sky130_fd_sc_hd__clkbuf_16)
                  0.08    0.33    1.50 ^ clkbuf_0_core_clk/X (sky130_fd_sc_hd__clkbuf_16)
     2    0.02                           clknet_0_core_clk (net)
                  0.08    0.00    1.50 ^ clkbuf_1_1_0_core_clk/A (sky130_fd_sc_hd__clkbuf_4)
                  0.05    0.14    1.64 ^ clkbuf_1_1_0_core_clk/X (sky130_fd_sc_hd__clkbuf_4)
     1    0.01                           clknet_1_1_0_core_clk (net)
                  0.05    0.00    1.64 ^ clkbuf_1_1_1_core_clk/A (sky130_fd_sc_hd__clkbuf_4)
                  0.05    0.12    1.76 ^ clkbuf_1_1_1_core_clk/X (sky130_fd_sc_hd__clkbuf_4)
     1    0.01                           clknet_1_1_1_core_clk (net)
                  0.05    0.00    1.76 ^ clkbuf_1_1_2_core_clk/A (sky130_fd_sc_hd__clkbuf_4)
                  0.05    0.12    1.89 ^ clkbuf_1_1_2_core_clk/X (sky130_fd_sc_hd__clkbuf_4)
     1    0.01                           clknet_1_1_2_core_clk (net)
                  0.05    0.00    1.89 ^ clkbuf_1_1_3_core_clk/A (sky130_fd_sc_hd__clkbuf_4)
                  0.05    0.12    2.01 ^ clkbuf_1_1_3_core_clk/X (sky130_fd_sc_hd__clkbuf_4)
     1    0.01                           clknet_1_1_3_core_clk (net)
                  0.05    0.00    2.01 ^ clkbuf_1_1_4_core_clk/A (sky130_fd_sc_hd__clkbuf_4)
                  0.16    0.20    2.22 ^ clkbuf_1_1_4_core_clk/X (sky130_fd_sc_hd__clkbuf_4)
     2    0.05                           clknet_1_1_4_core_clk (net)
                  0.16    0.01    2.22 ^ clkbuf_2_3_0_core_clk/A (sky130_fd_sc_hd__clkbuf_4)
                  0.05    0.16    2.39 ^ clkbuf_2_3_0_core_clk/X (sky130_fd_sc_hd__clkbuf_4)
     1    0.01                           clknet_2_3_0_core_clk (net)
                  0.05    0.00    2.39 ^ clkbuf_2_3_1_core_clk/A (sky130_fd_sc_hd__clkbuf_4)
                  0.14    0.19    2.58 ^ clkbuf_2_3_1_core_clk/X (sky130_fd_sc_hd__clkbuf_4)
     2    0.04                           clknet_2_3_1_core_clk (net)
                  0.14    0.00    2.58 ^ clkbuf_3_6_0_core_clk/A (sky130_fd_sc_hd__clkbuf_4)
                  0.04    0.15    2.73 ^ clkbuf_3_6_0_core_clk/X (sky130_fd_sc_hd__clkbuf_4)
     1    0.01                           clknet_3_6_0_core_clk (net)
                  0.04    0.00    2.73 ^ clkbuf_3_6_1_core_clk/A (sky130_fd_sc_hd__clkbuf_4)
                  0.04    0.12    2.85 ^ clkbuf_3_6_1_core_clk/X (sky130_fd_sc_hd__clkbuf_4)
     1    0.01                           clknet_3_6_1_core_clk (net)
                  0.04    0.00    2.85 ^ clkbuf_3_6_2_core_clk/A (sky130_fd_sc_hd__clkbuf_4)
                  0.10    0.16    3.01 ^ clkbuf_3_6_2_core_clk/X (sky130_fd_sc_hd__clkbuf_4)
     2    0.03                           clknet_3_6_2_core_clk (net)
                  0.10    0.00    3.02 ^ clkbuf_4_13_0_core_clk/A (sky130_fd_sc_hd__clkbuf_4)
                  0.09    0.18    3.20 ^ clkbuf_4_13_0_core_clk/X (sky130_fd_sc_hd__clkbuf_4)
     2    0.03                           clknet_4_13_0_core_clk (net)
                  0.09    0.00    3.20 ^ clkbuf_5_27_0_core_clk/A (sky130_fd_sc_hd__clkbuf_4)
                  0.04    0.13    3.33 ^ clkbuf_5_27_0_core_clk/X (sky130_fd_sc_hd__clkbuf_4)
     1    0.01                           clknet_5_27_0_core_clk (net)
                  0.04    0.00    3.33 ^ clkbuf_5_27_1_core_clk/A (sky130_fd_sc_hd__clkbuf_4)
                  0.71    0.57    3.90 ^ clkbuf_5_27_1_core_clk/X (sky130_fd_sc_hd__clkbuf_4)
    17    0.24                           clknet_5_27_1_core_clk (net)
                  0.71    0.01    3.91 ^ clkbuf_opt_46_0_core_clk/A (sky130_fd_sc_hd__clkbuf_16)
                  0.05    0.25    4.17 ^ clkbuf_opt_46_0_core_clk/X (sky130_fd_sc_hd__clkbuf_16)
     1    0.02                           clknet_opt_46_0_core_clk (net)
                  0.05    0.00    4.17 ^ clkbuf_opt_46_1_core_clk/A (sky130_fd_sc_hd__clkbuf_16)
                  0.04    0.12    4.29 ^ clkbuf_opt_46_1_core_clk/X (sky130_fd_sc_hd__clkbuf_16)
     1    0.02                           clknet_opt_46_1_core_clk (net)
                  0.04    0.00    4.29 ^ clkbuf_leaf_158_core_clk/A (sky130_fd_sc_hd__clkbuf_16)
                  0.08    0.15    4.44 ^ clkbuf_leaf_158_core_clk/X (sky130_fd_sc_hd__clkbuf_16)
    18    0.07                           clknet_leaf_158_core_clk (net)
                  0.08    0.00    4.44 ^ _29730_/CLK (sky130_fd_sc_hd__dfxtp_1)
                  0.02    0.29    4.73 v _29730_/Q (sky130_fd_sc_hd__dfxtp_1)
     1    0.00                           multiregimpl123_regs0 (net)
                  0.02    0.00    4.73 v hold199/A (sky130_fd_sc_hd__clkdlybuf4s25_1)
                  0.04    0.22    4.95 v hold199/X (sky130_fd_sc_hd__clkdlybuf4s25_1)
     1    0.00                           net2551 (net)
                  0.04    0.00    4.95 v _29729_/D (sky130_fd_sc_hd__dfxtp_4)
                                  4.95   data arrival time

                          0.00    0.00   clock core_clk (rise edge)
                          0.00    0.00   clock source latency
                  1.66    1.29    1.29 ^ core_clk (in)
     1    0.20                           core_clk (net)
                  1.67    0.00    1.29 ^ clkbuf_0_core_clk/A (sky130_fd_sc_hd__clkbuf_16)
                  0.08    0.37    1.66 ^ clkbuf_0_core_clk/X (sky130_fd_sc_hd__clkbuf_16)
     2    0.02                           clknet_0_core_clk (net)
                  0.08    0.00    1.66 ^ clkbuf_1_1_0_core_clk/A (sky130_fd_sc_hd__clkbuf_4)
                  0.05    0.15    1.81 ^ clkbuf_1_1_0_core_clk/X (sky130_fd_sc_hd__clkbuf_4)
     1    0.01                           clknet_1_1_0_core_clk (net)
                  0.05    0.00    1.81 ^ clkbuf_1_1_1_core_clk/A (sky130_fd_sc_hd__clkbuf_4)
                  0.05    0.14    1.95 ^ clkbuf_1_1_1_core_clk/X (sky130_fd_sc_hd__clkbuf_4)
     1    0.01                           clknet_1_1_1_core_clk (net)
                  0.05    0.00    1.95 ^ clkbuf_1_1_2_core_clk/A (sky130_fd_sc_hd__clkbuf_4)
                  0.05    0.14    2.09 ^ clkbuf_1_1_2_core_clk/X (sky130_fd_sc_hd__clkbuf_4)
     1    0.01                           clknet_1_1_2_core_clk (net)
                  0.05    0.00    2.09 ^ clkbuf_1_1_3_core_clk/A (sky130_fd_sc_hd__clkbuf_4)
                  0.05    0.14    2.22 ^ clkbuf_1_1_3_core_clk/X (sky130_fd_sc_hd__clkbuf_4)
     1    0.01                           clknet_1_1_3_core_clk (net)
                  0.05    0.00    2.22 ^ clkbuf_1_1_4_core_clk/A (sky130_fd_sc_hd__clkbuf_4)
                  0.16    0.23    2.45 ^ clkbuf_1_1_4_core_clk/X (sky130_fd_sc_hd__clkbuf_4)
     2    0.05                           clknet_1_1_4_core_clk (net)
                  0.16    0.01    2.46 ^ clkbuf_2_3_0_core_clk/A (sky130_fd_sc_hd__clkbuf_4)
                  0.05    0.18    2.64 ^ clkbuf_2_3_0_core_clk/X (sky130_fd_sc_hd__clkbuf_4)
     1    0.01                           clknet_2_3_0_core_clk (net)
                  0.05    0.00    2.64 ^ clkbuf_2_3_1_core_clk/A (sky130_fd_sc_hd__clkbuf_4)
                  0.14    0.21    2.85 ^ clkbuf_2_3_1_core_clk/X (sky130_fd_sc_hd__clkbuf_4)
     2    0.04                           clknet_2_3_1_core_clk (net)
                  0.14    0.00    2.85 ^ clkbuf_3_7_0_core_clk/A (sky130_fd_sc_hd__clkbuf_4)
                  0.05    0.17    3.03 ^ clkbuf_3_7_0_core_clk/X (sky130_fd_sc_hd__clkbuf_4)
     1    0.01                           clknet_3_7_0_core_clk (net)
                  0.05    0.00    3.03 ^ clkbuf_3_7_1_core_clk/A (sky130_fd_sc_hd__clkbuf_4)
                  0.04    0.13    3.15 ^ clkbuf_3_7_1_core_clk/X (sky130_fd_sc_hd__clkbuf_4)
     1    0.01                           clknet_3_7_1_core_clk (net)
                  0.04    0.00    3.15 ^ clkbuf_3_7_2_core_clk/A (sky130_fd_sc_hd__clkbuf_4)
                  0.12    0.20    3.35 ^ clkbuf_3_7_2_core_clk/X (sky130_fd_sc_hd__clkbuf_4)
     2    0.04                           clknet_3_7_2_core_clk (net)
                  0.12    0.00    3.35 ^ clkbuf_4_15_0_core_clk/A (sky130_fd_sc_hd__clkbuf_4)
                  0.09    0.21    3.56 ^ clkbuf_4_15_0_core_clk/X (sky130_fd_sc_hd__clkbuf_4)
     2    0.03                           clknet_4_15_0_core_clk (net)
                  0.09    0.00    3.56 ^ clkbuf_5_30_0_core_clk/A (sky130_fd_sc_hd__clkbuf_4)
                  0.04    0.15    3.71 ^ clkbuf_5_30_0_core_clk/X (sky130_fd_sc_hd__clkbuf_4)
     1    0.01                           clknet_5_30_0_core_clk (net)
                  0.04    0.00    3.71 ^ clkbuf_5_30_1_core_clk/A (sky130_fd_sc_hd__clkbuf_4)
                  0.65    0.59    4.29 ^ clkbuf_5_30_1_core_clk/X (sky130_fd_sc_hd__clkbuf_4)
    15    0.22                           clknet_5_30_1_core_clk (net)
                  0.65    0.01    4.30 ^ clkbuf_opt_49_0_core_clk/A (sky130_fd_sc_hd__clkbuf_16)
                  0.06    0.28    4.59 ^ clkbuf_opt_49_0_core_clk/X (sky130_fd_sc_hd__clkbuf_16)
     1    0.02                           clknet_opt_49_0_core_clk (net)
                  0.06    0.00    4.59 ^ clkbuf_leaf_159_core_clk/A (sky130_fd_sc_hd__clkbuf_16)
                  0.08    0.17    4.76 ^ clkbuf_leaf_159_core_clk/X (sky130_fd_sc_hd__clkbuf_16)
    17    0.06                           clknet_leaf_159_core_clk (net)
                  0.08    0.00    4.76 ^ _29729_/CLK (sky130_fd_sc_hd__dfxtp_4)
                          0.25    5.01   clock uncertainty
                         -0.27    4.74   clock reconvergence pessimism
                         -0.04    4.70   library hold time
                                  4.70   data required time
-----------------------------------------------------------------------------
                                  4.70   data required time
                                 -4.95   data arrival time
-----------------------------------------------------------------------------
                                  0.25   slack (MET)


Startpoint: _29822_ (rising edge-triggered flip-flop clocked by core_clk)
Endpoint: _33347_ (rising edge-triggered flip-flop clocked by core_clk)
Path Group: core_clk
Path Type: min

Fanout     Cap    Slew   Delay    Time   Description
-----------------------------------------------------------------------------
                          0.00    0.00   clock core_clk (rise edge)
                          0.00    0.00   clock source latency
                  1.66    1.17    1.17 ^ core_clk (in)
     1    0.20                           core_clk (net)
                  1.67    0.00    1.17 ^ clkbuf_0_core_clk/A (sky130_fd_sc_hd__clkbuf_16)
                  0.08    0.33    1.50 ^ clkbuf_0_core_clk/X (sky130_fd_sc_hd__clkbuf_16)
     2    0.02                           clknet_0_core_clk (net)
                  0.08    0.00    1.50 ^ clkbuf_1_1_0_core_clk/A (sky130_fd_sc_hd__clkbuf_4)
                  0.05    0.14    1.64 ^ clkbuf_1_1_0_core_clk/X (sky130_fd_sc_hd__clkbuf_4)
     1    0.01                           clknet_1_1_0_core_clk (net)
                  0.05    0.00    1.64 ^ clkbuf_1_1_1_core_clk/A (sky130_fd_sc_hd__clkbuf_4)
                  0.05    0.12    1.76 ^ clkbuf_1_1_1_core_clk/X (sky130_fd_sc_hd__clkbuf_4)
     1    0.01                           clknet_1_1_1_core_clk (net)
                  0.05    0.00    1.76 ^ clkbuf_1_1_2_core_clk/A (sky130_fd_sc_hd__clkbuf_4)
                  0.05    0.12    1.89 ^ clkbuf_1_1_2_core_clk/X (sky130_fd_sc_hd__clkbuf_4)
     1    0.01                           clknet_1_1_2_core_clk (net)
                  0.05    0.00    1.89 ^ clkbuf_1_1_3_core_clk/A (sky130_fd_sc_hd__clkbuf_4)
                  0.05    0.12    2.01 ^ clkbuf_1_1_3_core_clk/X (sky130_fd_sc_hd__clkbuf_4)
     1    0.01                           clknet_1_1_3_core_clk (net)
                  0.05    0.00    2.01 ^ clkbuf_1_1_4_core_clk/A (sky130_fd_sc_hd__clkbuf_4)
                  0.16    0.20    2.22 ^ clkbuf_1_1_4_core_clk/X (sky130_fd_sc_hd__clkbuf_4)
     2    0.05                           clknet_1_1_4_core_clk (net)
                  0.16    0.01    2.22 ^ clkbuf_2_3_0_core_clk/A (sky130_fd_sc_hd__clkbuf_4)
                  0.05    0.16    2.39 ^ clkbuf_2_3_0_core_clk/X (sky130_fd_sc_hd__clkbuf_4)
     1    0.01                           clknet_2_3_0_core_clk (net)
                  0.05    0.00    2.39 ^ clkbuf_2_3_1_core_clk/A (sky130_fd_sc_hd__clkbuf_4)
                  0.14    0.19    2.58 ^ clkbuf_2_3_1_core_clk/X (sky130_fd_sc_hd__clkbuf_4)
     2    0.04                           clknet_2_3_1_core_clk (net)
                  0.14    0.00    2.58 ^ clkbuf_3_6_0_core_clk/A (sky130_fd_sc_hd__clkbuf_4)
                  0.04    0.15    2.73 ^ clkbuf_3_6_0_core_clk/X (sky130_fd_sc_hd__clkbuf_4)
     1    0.01                           clknet_3_6_0_core_clk (net)
                  0.04    0.00    2.73 ^ clkbuf_3_6_1_core_clk/A (sky130_fd_sc_hd__clkbuf_4)
                  0.04    0.12    2.85 ^ clkbuf_3_6_1_core_clk/X (sky130_fd_sc_hd__clkbuf_4)
     1    0.01                           clknet_3_6_1_core_clk (net)
                  0.04    0.00    2.85 ^ clkbuf_3_6_2_core_clk/A (sky130_fd_sc_hd__clkbuf_4)
                  0.10    0.16    3.01 ^ clkbuf_3_6_2_core_clk/X (sky130_fd_sc_hd__clkbuf_4)
     2    0.03                           clknet_3_6_2_core_clk (net)
                  0.10    0.00    3.02 ^ clkbuf_4_12_0_core_clk/A (sky130_fd_sc_hd__clkbuf_4)
                  0.09    0.18    3.20 ^ clkbuf_4_12_0_core_clk/X (sky130_fd_sc_hd__clkbuf_4)
     2    0.03                           clknet_4_12_0_core_clk (net)
                  0.09    0.00    3.20 ^ clkbuf_5_24_0_core_clk/A (sky130_fd_sc_hd__clkbuf_4)
                  0.04    0.13    3.33 ^ clkbuf_5_24_0_core_clk/X (sky130_fd_sc_hd__clkbuf_4)
     1    0.01                           clknet_5_24_0_core_clk (net)
                  0.04    0.00    3.33 ^ clkbuf_5_24_1_core_clk/A (sky130_fd_sc_hd__clkbuf_4)
                  0.59    0.49    3.82 ^ clkbuf_5_24_1_core_clk/X (sky130_fd_sc_hd__clkbuf_4)
    13    0.20                           clknet_5_24_1_core_clk (net)
                  0.59    0.00    3.82 ^ clkbuf_leaf_228_core_clk/A (sky130_fd_sc_hd__clkbuf_16)
                  0.10    0.28    4.10 ^ clkbuf_leaf_228_core_clk/X (sky130_fd_sc_hd__clkbuf_16)
    18    0.07                           clknet_leaf_228_core_clk (net)
                  0.10    0.00    4.10 ^ _29822_/CLK (sky130_fd_sc_hd__dfxtp_2)
                  0.09    0.37    4.47 v _29822_/Q (sky130_fd_sc_hd__dfxtp_2)
     2    0.03                           VexRiscv.IBusSimplePlugin_fetchPc_booted (net)
                  0.09    0.00    4.47 v _14505_/B (sky130_fd_sc_hd__nand2_8)
                  0.10    0.13    4.60 ^ _14505_/Y (sky130_fd_sc_hd__nand2_8)
     5    0.05                           _13836_ (net)
                  0.10    0.00    4.60 ^ _14506_/A (sky130_fd_sc_hd__inv_6)
                  0.07    0.08    4.68 v _14506_/Y (sky130_fd_sc_hd__inv_6)
     7    0.07                           _13837_ (net)
                  0.07    0.01    4.69 v _14568_/A2 (sky130_fd_sc_hd__o211a_1)
                  0.03    0.19    4.88 v _14568_/X (sky130_fd_sc_hd__o211a_1)
     1    0.00                           _06019_ (net)
                  0.03    0.00    4.88 v _33347_/D (sky130_fd_sc_hd__dfxtp_1)
                                  4.88   data arrival time

                          0.00    0.00   clock core_clk (rise edge)
                          0.00    0.00   clock source latency
                  1.66    1.29    1.29 ^ core_clk (in)
     1    0.20                           core_clk (net)
                  1.67    0.00    1.29 ^ clkbuf_0_core_clk/A (sky130_fd_sc_hd__clkbuf_16)
                  0.08    0.37    1.66 ^ clkbuf_0_core_clk/X (sky130_fd_sc_hd__clkbuf_16)
     2    0.02                           clknet_0_core_clk (net)
                  0.08    0.00    1.66 ^ clkbuf_1_1_0_core_clk/A (sky130_fd_sc_hd__clkbuf_4)
                  0.05    0.15    1.81 ^ clkbuf_1_1_0_core_clk/X (sky130_fd_sc_hd__clkbuf_4)
     1    0.01                           clknet_1_1_0_core_clk (net)
                  0.05    0.00    1.81 ^ clkbuf_1_1_1_core_clk/A (sky130_fd_sc_hd__clkbuf_4)
                  0.05    0.14    1.95 ^ clkbuf_1_1_1_core_clk/X (sky130_fd_sc_hd__clkbuf_4)
     1    0.01                           clknet_1_1_1_core_clk (net)
                  0.05    0.00    1.95 ^ clkbuf_1_1_2_core_clk/A (sky130_fd_sc_hd__clkbuf_4)
                  0.05    0.14    2.09 ^ clkbuf_1_1_2_core_clk/X (sky130_fd_sc_hd__clkbuf_4)
     1    0.01                           clknet_1_1_2_core_clk (net)
                  0.05    0.00    2.09 ^ clkbuf_1_1_3_core_clk/A (sky130_fd_sc_hd__clkbuf_4)
                  0.05    0.14    2.22 ^ clkbuf_1_1_3_core_clk/X (sky130_fd_sc_hd__clkbuf_4)
     1    0.01                           clknet_1_1_3_core_clk (net)
                  0.05    0.00    2.22 ^ clkbuf_1_1_4_core_clk/A (sky130_fd_sc_hd__clkbuf_4)
                  0.16    0.23    2.45 ^ clkbuf_1_1_4_core_clk/X (sky130_fd_sc_hd__clkbuf_4)
     2    0.05                           clknet_1_1_4_core_clk (net)
                  0.16    0.01    2.46 ^ clkbuf_2_3_0_core_clk/A (sky130_fd_sc_hd__clkbuf_4)
                  0.05    0.18    2.64 ^ clkbuf_2_3_0_core_clk/X (sky130_fd_sc_hd__clkbuf_4)
     1    0.01                           clknet_2_3_0_core_clk (net)
                  0.05    0.00    2.64 ^ clkbuf_2_3_1_core_clk/A (sky130_fd_sc_hd__clkbuf_4)
                  0.14    0.21    2.85 ^ clkbuf_2_3_1_core_clk/X (sky130_fd_sc_hd__clkbuf_4)
     2    0.04                           clknet_2_3_1_core_clk (net)
                  0.14    0.00    2.85 ^ clkbuf_3_7_0_core_clk/A (sky130_fd_sc_hd__clkbuf_4)
                  0.05    0.17    3.03 ^ clkbuf_3_7_0_core_clk/X (sky130_fd_sc_hd__clkbuf_4)
     1    0.01                           clknet_3_7_0_core_clk (net)
                  0.05    0.00    3.03 ^ clkbuf_3_7_1_core_clk/A (sky130_fd_sc_hd__clkbuf_4)
                  0.04    0.13    3.15 ^ clkbuf_3_7_1_core_clk/X (sky130_fd_sc_hd__clkbuf_4)
     1    0.01                           clknet_3_7_1_core_clk (net)
                  0.04    0.00    3.15 ^ clkbuf_3_7_2_core_clk/A (sky130_fd_sc_hd__clkbuf_4)
                  0.12    0.20    3.35 ^ clkbuf_3_7_2_core_clk/X (sky130_fd_sc_hd__clkbuf_4)
     2    0.04                           clknet_3_7_2_core_clk (net)
                  0.12    0.00    3.35 ^ clkbuf_4_14_0_core_clk/A (sky130_fd_sc_hd__clkbuf_4)
                  0.09    0.21    3.56 ^ clkbuf_4_14_0_core_clk/X (sky130_fd_sc_hd__clkbuf_4)
     2    0.03                           clknet_4_14_0_core_clk (net)
                  0.09    0.00    3.56 ^ clkbuf_5_28_0_core_clk/A (sky130_fd_sc_hd__clkbuf_4)
                  0.04    0.15    3.71 ^ clkbuf_5_28_0_core_clk/X (sky130_fd_sc_hd__clkbuf_4)
     1    0.01                           clknet_5_28_0_core_clk (net)
                  0.04    0.00    3.71 ^ clkbuf_5_28_1_core_clk/A (sky130_fd_sc_hd__clkbuf_4)
                  0.74    0.65    4.36 ^ clkbuf_5_28_1_core_clk/X (sky130_fd_sc_hd__clkbuf_4)
    17    0.25                           clknet_5_28_1_core_clk (net)
                  0.74    0.01    4.37 ^ clkbuf_leaf_210_core_clk/A (sky130_fd_sc_hd__clkbuf_16)
                  0.09    0.32    4.69 ^ clkbuf_leaf_210_core_clk/X (sky130_fd_sc_hd__clkbuf_16)
    14    0.06                           clknet_leaf_210_core_clk (net)
                  0.09    0.00    4.69 ^ _33347_/CLK (sky130_fd_sc_hd__dfxtp_1)
                          0.25    4.94   clock uncertainty
                         -0.27    4.67   clock reconvergence pessimism
                         -0.04    4.63   library hold time
                                  4.63   data required time
-----------------------------------------------------------------------------
                                  4.63   data required time
                                 -4.88   data arrival time
-----------------------------------------------------------------------------
                                  0.25   slack (MET)


Startpoint: _29665_ (rising edge-triggered flip-flop clocked by core_clk)
Endpoint: _29700_ (rising edge-triggered flip-flop clocked by core_clk)
Path Group: core_clk
Path Type: min

Fanout     Cap    Slew   Delay    Time   Description
-----------------------------------------------------------------------------
                          0.00    0.00   clock core_clk (rise edge)
                          0.00    0.00   clock source latency
                  1.66    1.17    1.17 ^ core_clk (in)
     1    0.20                           core_clk (net)
                  1.67    0.00    1.17 ^ clkbuf_0_core_clk/A (sky130_fd_sc_hd__clkbuf_16)
                  0.08    0.33    1.50 ^ clkbuf_0_core_clk/X (sky130_fd_sc_hd__clkbuf_16)
     2    0.02                           clknet_0_core_clk (net)
                  0.08    0.00    1.50 ^ clkbuf_1_1_0_core_clk/A (sky130_fd_sc_hd__clkbuf_4)
                  0.05    0.14    1.64 ^ clkbuf_1_1_0_core_clk/X (sky130_fd_sc_hd__clkbuf_4)
     1    0.01                           clknet_1_1_0_core_clk (net)
                  0.05    0.00    1.64 ^ clkbuf_1_1_1_core_clk/A (sky130_fd_sc_hd__clkbuf_4)
                  0.05    0.12    1.76 ^ clkbuf_1_1_1_core_clk/X (sky130_fd_sc_hd__clkbuf_4)
     1    0.01                           clknet_1_1_1_core_clk (net)
                  0.05    0.00    1.76 ^ clkbuf_1_1_2_core_clk/A (sky130_fd_sc_hd__clkbuf_4)
                  0.05    0.12    1.89 ^ clkbuf_1_1_2_core_clk/X (sky130_fd_sc_hd__clkbuf_4)
     1    0.01                           clknet_1_1_2_core_clk (net)
                  0.05    0.00    1.89 ^ clkbuf_1_1_3_core_clk/A (sky130_fd_sc_hd__clkbuf_4)
                  0.05    0.12    2.01 ^ clkbuf_1_1_3_core_clk/X (sky130_fd_sc_hd__clkbuf_4)
     1    0.01                           clknet_1_1_3_core_clk (net)
                  0.05    0.00    2.01 ^ clkbuf_1_1_4_core_clk/A (sky130_fd_sc_hd__clkbuf_4)
                  0.16    0.20    2.22 ^ clkbuf_1_1_4_core_clk/X (sky130_fd_sc_hd__clkbuf_4)
     2    0.05                           clknet_1_1_4_core_clk (net)
                  0.16    0.01    2.22 ^ clkbuf_2_3_0_core_clk/A (sky130_fd_sc_hd__clkbuf_4)
                  0.05    0.16    2.39 ^ clkbuf_2_3_0_core_clk/X (sky130_fd_sc_hd__clkbuf_4)
     1    0.01                           clknet_2_3_0_core_clk (net)
                  0.05    0.00    2.39 ^ clkbuf_2_3_1_core_clk/A (sky130_fd_sc_hd__clkbuf_4)
                  0.14    0.19    2.58 ^ clkbuf_2_3_1_core_clk/X (sky130_fd_sc_hd__clkbuf_4)
     2    0.04                           clknet_2_3_1_core_clk (net)
                  0.14    0.00    2.58 ^ clkbuf_3_6_0_core_clk/A (sky130_fd_sc_hd__clkbuf_4)
                  0.04    0.15    2.73 ^ clkbuf_3_6_0_core_clk/X (sky130_fd_sc_hd__clkbuf_4)
     1    0.01                           clknet_3_6_0_core_clk (net)
                  0.04    0.00    2.73 ^ clkbuf_3_6_1_core_clk/A (sky130_fd_sc_hd__clkbuf_4)
                  0.04    0.12    2.85 ^ clkbuf_3_6_1_core_clk/X (sky130_fd_sc_hd__clkbuf_4)
     1    0.01                           clknet_3_6_1_core_clk (net)
                  0.04    0.00    2.85 ^ clkbuf_3_6_2_core_clk/A (sky130_fd_sc_hd__clkbuf_4)
                  0.10    0.16    3.01 ^ clkbuf_3_6_2_core_clk/X (sky130_fd_sc_hd__clkbuf_4)
     2    0.03                           clknet_3_6_2_core_clk (net)
                  0.10    0.00    3.02 ^ clkbuf_4_12_0_core_clk/A (sky130_fd_sc_hd__clkbuf_4)
                  0.09    0.18    3.20 ^ clkbuf_4_12_0_core_clk/X (sky130_fd_sc_hd__clkbuf_4)
     2    0.03                           clknet_4_12_0_core_clk (net)
                  0.09    0.00    3.20 ^ clkbuf_5_24_0_core_clk/A (sky130_fd_sc_hd__clkbuf_4)
                  0.04    0.13    3.33 ^ clkbuf_5_24_0_core_clk/X (sky130_fd_sc_hd__clkbuf_4)
     1    0.01                           clknet_5_24_0_core_clk (net)
                  0.04    0.00    3.33 ^ clkbuf_5_24_1_core_clk/A (sky130_fd_sc_hd__clkbuf_4)
                  0.59    0.49    3.82 ^ clkbuf_5_24_1_core_clk/X (sky130_fd_sc_hd__clkbuf_4)
    13    0.20                           clknet_5_24_1_core_clk (net)
                  0.59    0.01    3.82 ^ clkbuf_leaf_113_core_clk/A (sky130_fd_sc_hd__clkbuf_16)
                  0.06    0.25    4.07 ^ clkbuf_leaf_113_core_clk/X (sky130_fd_sc_hd__clkbuf_16)
     5    0.03                           clknet_leaf_113_core_clk (net)
                  0.06    0.00    4.07 ^ _29665_/CLK (sky130_fd_sc_hd__dfxtp_1)
                  0.07    0.31    4.38 ^ _29665_/Q (sky130_fd_sc_hd__dfxtp_1)
     2    0.01                           mgmtsoc_litespisdrphycore_sr_out[31] (net)
                  0.07    0.00    4.38 ^ _27017_/A2 (sky130_fd_sc_hd__a22o_1)
                  0.07    0.15    4.53 ^ _27017_/X (sky130_fd_sc_hd__a22o_1)
     1    0.01                           _13612_ (net)
                  0.07    0.00    4.53 ^ _27018_/C1 (sky130_fd_sc_hd__a221o_4)
                  0.62    0.46    4.99 ^ _27018_/X (sky130_fd_sc_hd__a221o_4)
     1    0.22                           mgmtsoc_litespisdrphycore_dq_o (net)
                  0.68    0.14    5.13 ^ _29700_/D (sky130_fd_sc_hd__dfxtp_1)
                                  5.13   data arrival time

                          0.00    0.00   clock core_clk (rise edge)
                          0.00    0.00   clock source latency
                  1.66    1.29    1.29 ^ core_clk (in)
     1    0.20                           core_clk (net)
                  1.67    0.00    1.29 ^ clkbuf_0_core_clk/A (sky130_fd_sc_hd__clkbuf_16)
                  0.08    0.37    1.66 ^ clkbuf_0_core_clk/X (sky130_fd_sc_hd__clkbuf_16)
     2    0.02                           clknet_0_core_clk (net)
                  0.08    0.00    1.66 ^ clkbuf_1_0_0_core_clk/A (sky130_fd_sc_hd__clkbuf_4)
                  0.05    0.15    1.81 ^ clkbuf_1_0_0_core_clk/X (sky130_fd_sc_hd__clkbuf_4)
     1    0.01                           clknet_1_0_0_core_clk (net)
                  0.05    0.00    1.81 ^ clkbuf_1_0_1_core_clk/A (sky130_fd_sc_hd__clkbuf_4)
                  0.05    0.14    1.95 ^ clkbuf_1_0_1_core_clk/X (sky130_fd_sc_hd__clkbuf_4)
     1    0.01                           clknet_1_0_1_core_clk (net)
                  0.05    0.00    1.95 ^ clkbuf_1_0_2_core_clk/A (sky130_fd_sc_hd__clkbuf_4)
                  0.04    0.13    2.08 ^ clkbuf_1_0_2_core_clk/X (sky130_fd_sc_hd__clkbuf_4)
     1    0.01                           clknet_1_0_2_core_clk (net)
                  0.04    0.00    2.08 ^ clkbuf_1_0_3_core_clk/A (sky130_fd_sc_hd__clkbuf_4)
                  0.03    0.12    2.20 ^ clkbuf_1_0_3_core_clk/X (sky130_fd_sc_hd__clkbuf_4)
     1    0.00                           clknet_1_0_3_core_clk (net)
                  0.03    0.00    2.20 ^ clkbuf_1_0_4_core_clk/A (sky130_fd_sc_hd__clkbuf_4)
                  0.19    0.25    2.44 ^ clkbuf_1_0_4_core_clk/X (sky130_fd_sc_hd__clkbuf_4)
     2    0.06                           clknet_1_0_4_core_clk (net)
                  0.20    0.01    2.46 ^ clkbuf_2_0_0_core_clk/A (sky130_fd_sc_hd__clkbuf_4)
                  0.03    0.17    2.63 ^ clkbuf_2_0_0_core_clk/X (sky130_fd_sc_hd__clkbuf_4)
     1    0.00                           clknet_2_0_0_core_clk (net)
                  0.03    0.00    2.63 ^ clkbuf_2_0_1_core_clk/A (sky130_fd_sc_hd__clkbuf_4)
                  0.40    0.40    3.03 ^ clkbuf_2_0_1_core_clk/X (sky130_fd_sc_hd__clkbuf_4)
     2    0.14                           clknet_2_0_1_core_clk (net)
                  0.40    0.02    3.05 ^ clkbuf_3_0_0_core_clk/A (sky130_fd_sc_hd__clkbuf_4)
                  0.05    0.25    3.30 ^ clkbuf_3_0_0_core_clk/X (sky130_fd_sc_hd__clkbuf_4)
     1    0.01                           clknet_3_0_0_core_clk (net)
                  0.05    0.00    3.30 ^ clkbuf_3_0_1_core_clk/A (sky130_fd_sc_hd__clkbuf_4)
                  0.04    0.13    3.43 ^ clkbuf_3_0_1_core_clk/X (sky130_fd_sc_hd__clkbuf_4)
     1    0.01                           clknet_3_0_1_core_clk (net)
                  0.04    0.00    3.43 ^ clkbuf_3_0_2_core_clk/A (sky130_fd_sc_hd__clkbuf_4)
                  0.06    0.15    3.58 ^ clkbuf_3_0_2_core_clk/X (sky130_fd_sc_hd__clkbuf_4)
     2    0.02                           clknet_3_0_2_core_clk (net)
                  0.06    0.00    3.58 ^ clkbuf_4_1_0_core_clk/A (sky130_fd_sc_hd__clkbuf_4)
                  0.06    0.16    3.74 ^ clkbuf_4_1_0_core_clk/X (sky130_fd_sc_hd__clkbuf_4)
     2    0.01                           clknet_4_1_0_core_clk (net)
                  0.06    0.00    3.74 ^ clkbuf_5_3_0_core_clk/A (sky130_fd_sc_hd__clkbuf_4)
                  0.04    0.13    3.88 ^ clkbuf_5_3_0_core_clk/X (sky130_fd_sc_hd__clkbuf_4)
     1    0.01                           clknet_5_3_0_core_clk (net)
                  0.04    0.00    3.88 ^ clkbuf_5_3_1_core_clk/A (sky130_fd_sc_hd__clkbuf_4)
                  0.36    0.37    4.25 ^ clkbuf_5_3_1_core_clk/X (sky130_fd_sc_hd__clkbuf_4)
    10    0.12                           clknet_5_3_1_core_clk (net)
                  0.36    0.01    4.25 ^ clkbuf_opt_13_0_core_clk/A (sky130_fd_sc_hd__clkbuf_16)
                  0.07    0.24    4.50 ^ clkbuf_opt_13_0_core_clk/X (sky130_fd_sc_hd__clkbuf_16)
     1    0.04                           clknet_opt_13_0_core_clk (net)
                  0.07    0.01    4.50 ^ clkbuf_opt_13_1_core_clk/A (sky130_fd_sc_hd__clkbuf_16)
                  0.03    0.13    4.63 ^ clkbuf_opt_13_1_core_clk/X (sky130_fd_sc_hd__clkbuf_16)
     1    0.01                           clknet_opt_13_1_core_clk (net)
                  0.03    0.00    4.63 ^ clkbuf_opt_13_2_core_clk/A (sky130_fd_sc_hd__clkbuf_16)
                  0.06    0.14    4.78 ^ clkbuf_opt_13_2_core_clk/X (sky130_fd_sc_hd__clkbuf_16)
     1    0.04                           clknet_opt_13_2_core_clk (net)
                  0.06    0.00    4.78 ^ clkbuf_leaf_403_core_clk/A (sky130_fd_sc_hd__clkbuf_16)
                  0.04    0.14    4.92 ^ clkbuf_leaf_403_core_clk/X (sky130_fd_sc_hd__clkbuf_16)
     5    0.02                           clknet_leaf_403_core_clk (net)
                  0.04    0.00    4.92 ^ _29700_/CLK (sky130_fd_sc_hd__dfxtp_1)
                          0.25    5.17   clock uncertainty
                         -0.16    5.02   clock reconvergence pessimism
                         -0.14    4.88   library hold time
                                  4.88   data required time
-----------------------------------------------------------------------------
                                  4.88   data required time
                                 -5.13   data arrival time
-----------------------------------------------------------------------------
                                  0.25   slack (MET)


Startpoint: _30029_ (rising edge-triggered flip-flop clocked by core_clk)
Endpoint: _30029_ (rising edge-triggered flip-flop clocked by core_clk)
Path Group: core_clk
Path Type: min

Fanout     Cap    Slew   Delay    Time   Description
-----------------------------------------------------------------------------
                          0.00    0.00   clock core_clk (rise edge)
                          0.00    0.00   clock source latency
                  1.66    1.17    1.17 ^ core_clk (in)
     1    0.20                           core_clk (net)
                  1.67    0.00    1.17 ^ clkbuf_0_core_clk/A (sky130_fd_sc_hd__clkbuf_16)
                  0.08    0.33    1.50 ^ clkbuf_0_core_clk/X (sky130_fd_sc_hd__clkbuf_16)
     2    0.02                           clknet_0_core_clk (net)
                  0.08    0.00    1.50 ^ clkbuf_1_1_0_core_clk/A (sky130_fd_sc_hd__clkbuf_4)
                  0.05    0.14    1.64 ^ clkbuf_1_1_0_core_clk/X (sky130_fd_sc_hd__clkbuf_4)
     1    0.01                           clknet_1_1_0_core_clk (net)
                  0.05    0.00    1.64 ^ clkbuf_1_1_1_core_clk/A (sky130_fd_sc_hd__clkbuf_4)
                  0.05    0.12    1.76 ^ clkbuf_1_1_1_core_clk/X (sky130_fd_sc_hd__clkbuf_4)
     1    0.01                           clknet_1_1_1_core_clk (net)
                  0.05    0.00    1.76 ^ clkbuf_1_1_2_core_clk/A (sky130_fd_sc_hd__clkbuf_4)
                  0.05    0.12    1.89 ^ clkbuf_1_1_2_core_clk/X (sky130_fd_sc_hd__clkbuf_4)
     1    0.01                           clknet_1_1_2_core_clk (net)
                  0.05    0.00    1.89 ^ clkbuf_1_1_3_core_clk/A (sky130_fd_sc_hd__clkbuf_4)
                  0.05    0.12    2.01 ^ clkbuf_1_1_3_core_clk/X (sky130_fd_sc_hd__clkbuf_4)
     1    0.01                           clknet_1_1_3_core_clk (net)
                  0.05    0.00    2.01 ^ clkbuf_1_1_4_core_clk/A (sky130_fd_sc_hd__clkbuf_4)
                  0.16    0.20    2.22 ^ clkbuf_1_1_4_core_clk/X (sky130_fd_sc_hd__clkbuf_4)
     2    0.05                           clknet_1_1_4_core_clk (net)
                  0.16    0.01    2.22 ^ clkbuf_2_3_0_core_clk/A (sky130_fd_sc_hd__clkbuf_4)
                  0.05    0.16    2.39 ^ clkbuf_2_3_0_core_clk/X (sky130_fd_sc_hd__clkbuf_4)
     1    0.01                           clknet_2_3_0_core_clk (net)
                  0.05    0.00    2.39 ^ clkbuf_2_3_1_core_clk/A (sky130_fd_sc_hd__clkbuf_4)
                  0.14    0.19    2.58 ^ clkbuf_2_3_1_core_clk/X (sky130_fd_sc_hd__clkbuf_4)
     2    0.04                           clknet_2_3_1_core_clk (net)
                  0.14    0.00    2.58 ^ clkbuf_3_6_0_core_clk/A (sky130_fd_sc_hd__clkbuf_4)
                  0.04    0.15    2.73 ^ clkbuf_3_6_0_core_clk/X (sky130_fd_sc_hd__clkbuf_4)
     1    0.01                           clknet_3_6_0_core_clk (net)
                  0.04    0.00    2.73 ^ clkbuf_3_6_1_core_clk/A (sky130_fd_sc_hd__clkbuf_4)
                  0.04    0.12    2.85 ^ clkbuf_3_6_1_core_clk/X (sky130_fd_sc_hd__clkbuf_4)
     1    0.01                           clknet_3_6_1_core_clk (net)
                  0.04    0.00    2.85 ^ clkbuf_3_6_2_core_clk/A (sky130_fd_sc_hd__clkbuf_4)
                  0.10    0.16    3.01 ^ clkbuf_3_6_2_core_clk/X (sky130_fd_sc_hd__clkbuf_4)
     2    0.03                           clknet_3_6_2_core_clk (net)
                  0.10    0.00    3.02 ^ clkbuf_4_13_0_core_clk/A (sky130_fd_sc_hd__clkbuf_4)
                  0.09    0.18    3.20 ^ clkbuf_4_13_0_core_clk/X (sky130_fd_sc_hd__clkbuf_4)
     2    0.03                           clknet_4_13_0_core_clk (net)
                  0.09    0.00    3.20 ^ clkbuf_5_27_0_core_clk/A (sky130_fd_sc_hd__clkbuf_4)
                  0.04    0.13    3.33 ^ clkbuf_5_27_0_core_clk/X (sky130_fd_sc_hd__clkbuf_4)
     1    0.01                           clknet_5_27_0_core_clk (net)
                  0.04    0.00    3.33 ^ clkbuf_5_27_1_core_clk/A (sky130_fd_sc_hd__clkbuf_4)
                  0.71    0.57    3.90 ^ clkbuf_5_27_1_core_clk/X (sky130_fd_sc_hd__clkbuf_4)
    17    0.24                           clknet_5_27_1_core_clk (net)
                  0.71    0.00    3.90 ^ clkbuf_leaf_147_core_clk/A (sky130_fd_sc_hd__clkbuf_16)
                  0.07    0.27    4.18 ^ clkbuf_leaf_147_core_clk/X (sky130_fd_sc_hd__clkbuf_16)
     9    0.03                           clknet_leaf_147_core_clk (net)
                  0.07    0.00    4.18 ^ _30029_/CLK (sky130_fd_sc_hd__dfxtp_1)
                  0.12    0.35    4.53 ^ _30029_/Q (sky130_fd_sc_hd__dfxtp_1)
     2    0.01                           storage[4][3] (net)
                  0.12    0.00    4.53 ^ _24995_/B2 (sky130_fd_sc_hd__a22o_1)
                  0.04    0.12    4.65 ^ _24995_/X (sky130_fd_sc_hd__a22o_1)
     1    0.00                           _02701_ (net)
                  0.04    0.00    4.65 ^ _30029_/D (sky130_fd_sc_hd__dfxtp_1)
                                  4.65   data arrival time

                          0.00    0.00   clock core_clk (rise edge)
                          0.00    0.00   clock source latency
                  1.66    1.29    1.29 ^ core_clk (in)
     1    0.20                           core_clk (net)
                  1.67    0.00    1.29 ^ clkbuf_0_core_clk/A (sky130_fd_sc_hd__clkbuf_16)
                  0.08    0.37    1.66 ^ clkbuf_0_core_clk/X (sky130_fd_sc_hd__clkbuf_16)
     2    0.02                           clknet_0_core_clk (net)
                  0.08    0.00    1.66 ^ clkbuf_1_1_0_core_clk/A (sky130_fd_sc_hd__clkbuf_4)
                  0.05    0.15    1.81 ^ clkbuf_1_1_0_core_clk/X (sky130_fd_sc_hd__clkbuf_4)
     1    0.01                           clknet_1_1_0_core_clk (net)
                  0.05    0.00    1.81 ^ clkbuf_1_1_1_core_clk/A (sky130_fd_sc_hd__clkbuf_4)
                  0.05    0.14    1.95 ^ clkbuf_1_1_1_core_clk/X (sky130_fd_sc_hd__clkbuf_4)
     1    0.01                           clknet_1_1_1_core_clk (net)
                  0.05    0.00    1.95 ^ clkbuf_1_1_2_core_clk/A (sky130_fd_sc_hd__clkbuf_4)
                  0.05    0.14    2.09 ^ clkbuf_1_1_2_core_clk/X (sky130_fd_sc_hd__clkbuf_4)
     1    0.01                           clknet_1_1_2_core_clk (net)
                  0.05    0.00    2.09 ^ clkbuf_1_1_3_core_clk/A (sky130_fd_sc_hd__clkbuf_4)
                  0.05    0.14    2.22 ^ clkbuf_1_1_3_core_clk/X (sky130_fd_sc_hd__clkbuf_4)
     1    0.01                           clknet_1_1_3_core_clk (net)
                  0.05    0.00    2.22 ^ clkbuf_1_1_4_core_clk/A (sky130_fd_sc_hd__clkbuf_4)
                  0.16    0.23    2.45 ^ clkbuf_1_1_4_core_clk/X (sky130_fd_sc_hd__clkbuf_4)
     2    0.05                           clknet_1_1_4_core_clk (net)
                  0.16    0.01    2.46 ^ clkbuf_2_3_0_core_clk/A (sky130_fd_sc_hd__clkbuf_4)
                  0.05    0.18    2.64 ^ clkbuf_2_3_0_core_clk/X (sky130_fd_sc_hd__clkbuf_4)
     1    0.01                           clknet_2_3_0_core_clk (net)
                  0.05    0.00    2.64 ^ clkbuf_2_3_1_core_clk/A (sky130_fd_sc_hd__clkbuf_4)
                  0.14    0.21    2.85 ^ clkbuf_2_3_1_core_clk/X (sky130_fd_sc_hd__clkbuf_4)
     2    0.04                           clknet_2_3_1_core_clk (net)
                  0.14    0.00    2.85 ^ clkbuf_3_6_0_core_clk/A (sky130_fd_sc_hd__clkbuf_4)
                  0.04    0.17    3.02 ^ clkbuf_3_6_0_core_clk/X (sky130_fd_sc_hd__clkbuf_4)
     1    0.01                           clknet_3_6_0_core_clk (net)
                  0.04    0.00    3.02 ^ clkbuf_3_6_1_core_clk/A (sky130_fd_sc_hd__clkbuf_4)
                  0.04    0.13    3.15 ^ clkbuf_3_6_1_core_clk/X (sky130_fd_sc_hd__clkbuf_4)
     1    0.01                           clknet_3_6_1_core_clk (net)
                  0.04    0.00    3.15 ^ clkbuf_3_6_2_core_clk/A (sky130_fd_sc_hd__clkbuf_4)
                  0.10    0.18    3.33 ^ clkbuf_3_6_2_core_clk/X (sky130_fd_sc_hd__clkbuf_4)
     2    0.03                           clknet_3_6_2_core_clk (net)
                  0.10    0.00    3.33 ^ clkbuf_4_13_0_core_clk/A (sky130_fd_sc_hd__clkbuf_4)
                  0.09    0.20    3.53 ^ clkbuf_4_13_0_core_clk/X (sky130_fd_sc_hd__clkbuf_4)
     2    0.03                           clknet_4_13_0_core_clk (net)
                  0.09    0.00    3.53 ^ clkbuf_5_27_0_core_clk/A (sky130_fd_sc_hd__clkbuf_4)
                  0.04    0.15    3.68 ^ clkbuf_5_27_0_core_clk/X (sky130_fd_sc_hd__clkbuf_4)
     1    0.01                           clknet_5_27_0_core_clk (net)
                  0.04    0.00    3.68 ^ clkbuf_5_27_1_core_clk/A (sky130_fd_sc_hd__clkbuf_4)
                  0.71    0.63    4.31 ^ clkbuf_5_27_1_core_clk/X (sky130_fd_sc_hd__clkbuf_4)
    17    0.24                           clknet_5_27_1_core_clk (net)
                  0.71    0.00    4.32 ^ clkbuf_leaf_147_core_clk/A (sky130_fd_sc_hd__clkbuf_16)
                  0.07    0.30    4.62 ^ clkbuf_leaf_147_core_clk/X (sky130_fd_sc_hd__clkbuf_16)
     9    0.03                           clknet_leaf_147_core_clk (net)
                  0.07    0.00    4.62 ^ _30029_/CLK (sky130_fd_sc_hd__dfxtp_1)
                          0.25    4.87   clock uncertainty
                         -0.44    4.43   clock reconvergence pessimism
                         -0.03    4.40   library hold time
                                  4.40   data required time
-----------------------------------------------------------------------------
                                  4.40   data required time
                                 -4.65   data arrival time
-----------------------------------------------------------------------------
                                  0.25   slack (MET)


