
===========================================================================
report_checks -unconstrained
============================================================================
Startpoint: sky130_sram_2kbyte_1rw1r_32x512_8
            (falling edge-triggered flip-flop clocked by core_clk)
Endpoint: _29625_ (rising edge-triggered flip-flop clocked by core_clk)
Path Group: core_clk
Path Type: max

Fanout     Cap    Slew   Delay    Time   Description
-----------------------------------------------------------------------------
                  0.15   15.00   15.00   clock core_clk (fall edge)
                          0.00   15.00   clock network delay (ideal)
                  0.15    0.00   15.00 v sky130_sram_2kbyte_1rw1r_32x512_8/clk0 (sky130_sram_2kbyte_1rw1r_32x512_8)
                  0.02    0.65   15.65 v sky130_sram_2kbyte_1rw1r_32x512_8/dout0[15] (sky130_sram_2kbyte_1rw1r_32x512_8)
     1    0.04                           sram_bus_dat_r[15] (net)
                  0.02    0.01   15.65 v _22855_/B2 (sky130_fd_sc_hd__a221o_2)
                  0.13    0.46   16.11 v _22855_/X (sky130_fd_sc_hd__a221o_2)
     1    0.03                           _11220_ (net)
                  0.13    0.00   16.11 v _22858_/B1 (sky130_fd_sc_hd__a2111o_2)
                  0.29    0.74   16.85 v _22858_/X (sky130_fd_sc_hd__a2111o_2)
     4    0.10                           VexRiscv.IBusSimplePlugin_rspJoin_rspBuffer_c.io_push_payload_inst[15] (net)
                  0.29    0.03   16.88 v _28158_/A0 (sky130_fd_sc_hd__mux2_1)
                  0.12    0.48   17.36 v _28158_/X (sky130_fd_sc_hd__mux2_1)
     1    0.02                           _02368_ (net)
                  0.12    0.00   17.36 v _25575_/A (sky130_fd_sc_hd__inv_2)
                  0.10    0.14   17.50 ^ _25575_/Y (sky130_fd_sc_hd__inv_2)
     1    0.02                           _02369_ (net)
                  0.10    0.00   17.50 ^ _28157_/A0 (sky130_fd_sc_hd__mux2_1)
                 20.06   14.48   31.98 ^ _28157_/X (sky130_fd_sc_hd__mux2_1)
   257    2.32                           _02370_ (net)
                 20.09    0.60   32.58 ^ _28869_/S0 (sky130_fd_sc_hd__mux4_1)
                  0.45    3.31   35.88 ^ _28869_/X (sky130_fd_sc_hd__mux4_1)
     1    0.01                           _00217_ (net)
                  0.45    0.00   35.88 ^ _28872_/A1 (sky130_fd_sc_hd__mux4_1)
                  0.30    0.48   36.37 ^ _28872_/X (sky130_fd_sc_hd__mux4_1)
     1    0.02                           _00220_ (net)
                  0.30    0.00   36.37 ^ _27541_/A1 (sky130_fd_sc_hd__mux2_1)
                  1.76    1.42   37.79 ^ _27541_/X (sky130_fd_sc_hd__mux2_1)
     1    0.20                           VexRiscv.RegFilePlugin_regFile$rdreg[1]$d[23] (net)
                  1.77    0.13   37.92 ^ _29625_/D (sky130_fd_sc_hd__dfxtp_2)
                                 37.92   data arrival time

                  0.15   30.00   30.00   clock core_clk (rise edge)
                          0.00   30.00   clock network delay (ideal)
                         -0.25   29.75   clock uncertainty
                          0.00   29.75   clock reconvergence pessimism
                                 29.75 ^ _29625_/CLK (sky130_fd_sc_hd__dfxtp_2)
                         -0.25   29.50   library setup time
                                 29.50   data required time
-----------------------------------------------------------------------------
                                 29.50   data required time
                                -37.92   data arrival time
-----------------------------------------------------------------------------
                                 -8.42   slack (VIOLATED)



===========================================================================
report_checks --slack_max -0.01
============================================================================
Startpoint: sky130_sram_2kbyte_1rw1r_32x512_8
            (falling edge-triggered flip-flop clocked by core_clk)
Endpoint: _29625_ (rising edge-triggered flip-flop clocked by core_clk)
Path Group: core_clk
Path Type: max

Fanout     Cap    Slew   Delay    Time   Description
-----------------------------------------------------------------------------
                  0.15   15.00   15.00   clock core_clk (fall edge)
                          0.00   15.00   clock network delay (ideal)
                  0.15    0.00   15.00 v sky130_sram_2kbyte_1rw1r_32x512_8/clk0 (sky130_sram_2kbyte_1rw1r_32x512_8)
                  0.02    0.65   15.65 v sky130_sram_2kbyte_1rw1r_32x512_8/dout0[15] (sky130_sram_2kbyte_1rw1r_32x512_8)
     1    0.04                           sram_bus_dat_r[15] (net)
                  0.02    0.01   15.65 v _22855_/B2 (sky130_fd_sc_hd__a221o_2)
                  0.13    0.46   16.11 v _22855_/X (sky130_fd_sc_hd__a221o_2)
     1    0.03                           _11220_ (net)
                  0.13    0.00   16.11 v _22858_/B1 (sky130_fd_sc_hd__a2111o_2)
                  0.29    0.74   16.85 v _22858_/X (sky130_fd_sc_hd__a2111o_2)
     4    0.10                           VexRiscv.IBusSimplePlugin_rspJoin_rspBuffer_c.io_push_payload_inst[15] (net)
                  0.29    0.03   16.88 v _28158_/A0 (sky130_fd_sc_hd__mux2_1)
                  0.12    0.48   17.36 v _28158_/X (sky130_fd_sc_hd__mux2_1)
     1    0.02                           _02368_ (net)
                  0.12    0.00   17.36 v _25575_/A (sky130_fd_sc_hd__inv_2)
                  0.10    0.14   17.50 ^ _25575_/Y (sky130_fd_sc_hd__inv_2)
     1    0.02                           _02369_ (net)
                  0.10    0.00   17.50 ^ _28157_/A0 (sky130_fd_sc_hd__mux2_1)
                 20.06   14.48   31.98 ^ _28157_/X (sky130_fd_sc_hd__mux2_1)
   257    2.32                           _02370_ (net)
                 20.09    0.60   32.58 ^ _28869_/S0 (sky130_fd_sc_hd__mux4_1)
                  0.45    3.31   35.88 ^ _28869_/X (sky130_fd_sc_hd__mux4_1)
     1    0.01                           _00217_ (net)
                  0.45    0.00   35.88 ^ _28872_/A1 (sky130_fd_sc_hd__mux4_1)
                  0.30    0.48   36.37 ^ _28872_/X (sky130_fd_sc_hd__mux4_1)
     1    0.02                           _00220_ (net)
                  0.30    0.00   36.37 ^ _27541_/A1 (sky130_fd_sc_hd__mux2_1)
                  1.76    1.42   37.79 ^ _27541_/X (sky130_fd_sc_hd__mux2_1)
     1    0.20                           VexRiscv.RegFilePlugin_regFile$rdreg[1]$d[23] (net)
                  1.77    0.13   37.92 ^ _29625_/D (sky130_fd_sc_hd__dfxtp_2)
                                 37.92   data arrival time

                  0.15   30.00   30.00   clock core_clk (rise edge)
                          0.00   30.00   clock network delay (ideal)
                         -0.25   29.75   clock uncertainty
                          0.00   29.75   clock reconvergence pessimism
                                 29.75 ^ _29625_/CLK (sky130_fd_sc_hd__dfxtp_2)
                         -0.25   29.50   library setup time
                                 29.50   data required time
-----------------------------------------------------------------------------
                                 29.50   data required time
                                -37.92   data arrival time
-----------------------------------------------------------------------------
                                 -8.42   slack (VIOLATED)


