
===========================================================================
report_checks -path_delay max (Setup)
============================================================================
Startpoint: sky130_sram_2kbyte_1rw1r_32x512_8
            (falling edge-triggered flip-flop clocked by core_clk)
Endpoint: _29625_ (rising edge-triggered flip-flop clocked by core_clk)
Path Group: core_clk
Path Type: max

Fanout     Cap    Slew   Delay    Time   Description
-----------------------------------------------------------------------------
                  0.15   15.00   15.00   clock core_clk (fall edge)
                          0.00   15.00   clock network delay (ideal)
                  0.15    0.00   15.00 v sky130_sram_2kbyte_1rw1r_32x512_8/clk0 (sky130_sram_2kbyte_1rw1r_32x512_8)
                  0.02    0.65   15.65 v sky130_sram_2kbyte_1rw1r_32x512_8/dout0[15] (sky130_sram_2kbyte_1rw1r_32x512_8)
     1    0.04                           sram_bus_dat_r[15] (net)
                  0.02    0.01   15.65 v _22855_/B2 (sky130_fd_sc_hd__a221o_2)
                  0.13    0.46   16.11 v _22855_/X (sky130_fd_sc_hd__a221o_2)
     1    0.03                           _11220_ (net)
                  0.13    0.00   16.11 v _22858_/B1 (sky130_fd_sc_hd__a2111o_2)
                  0.29    0.74   16.85 v _22858_/X (sky130_fd_sc_hd__a2111o_2)
     4    0.10                           VexRiscv.IBusSimplePlugin_rspJoin_rspBuffer_c.io_push_payload_inst[15] (net)
                  0.29    0.03   16.88 v _28158_/A0 (sky130_fd_sc_hd__mux2_1)
                  0.12    0.48   17.36 v _28158_/X (sky130_fd_sc_hd__mux2_1)
     1    0.02                           _02368_ (net)
                  0.12    0.00   17.36 v _25575_/A (sky130_fd_sc_hd__inv_2)
                  0.10    0.14   17.50 ^ _25575_/Y (sky130_fd_sc_hd__inv_2)
     1    0.02                           _02369_ (net)
                  0.10    0.00   17.50 ^ _28157_/A0 (sky130_fd_sc_hd__mux2_1)
                 20.06   14.48   31.98 ^ _28157_/X (sky130_fd_sc_hd__mux2_1)
   257    2.32                           _02370_ (net)
                 20.09    0.60   32.58 ^ _28869_/S0 (sky130_fd_sc_hd__mux4_1)
                  0.45    3.31   35.88 ^ _28869_/X (sky130_fd_sc_hd__mux4_1)
     1    0.01                           _00217_ (net)
                  0.45    0.00   35.88 ^ _28872_/A1 (sky130_fd_sc_hd__mux4_1)
                  0.30    0.48   36.37 ^ _28872_/X (sky130_fd_sc_hd__mux4_1)
     1    0.02                           _00220_ (net)
                  0.30    0.00   36.37 ^ _27541_/A1 (sky130_fd_sc_hd__mux2_1)
                  1.76    1.42   37.79 ^ _27541_/X (sky130_fd_sc_hd__mux2_1)
     1    0.20                           VexRiscv.RegFilePlugin_regFile$rdreg[1]$d[23] (net)
                  1.77    0.13   37.92 ^ _29625_/D (sky130_fd_sc_hd__dfxtp_2)
                                 37.92   data arrival time

                  0.15   30.00   30.00   clock core_clk (rise edge)
                          0.00   30.00   clock network delay (ideal)
                         -0.25   29.75   clock uncertainty
                          0.00   29.75   clock reconvergence pessimism
                                 29.75 ^ _29625_/CLK (sky130_fd_sc_hd__dfxtp_2)
                         -0.25   29.50   library setup time
                                 29.50   data required time
-----------------------------------------------------------------------------
                                 29.50   data required time
                                -37.92   data arrival time
-----------------------------------------------------------------------------
                                 -8.42   slack (VIOLATED)


Startpoint: sky130_sram_2kbyte_1rw1r_32x512_8
            (falling edge-triggered flip-flop clocked by core_clk)
Endpoint: _29433_ (rising edge-triggered flip-flop clocked by core_clk)
Path Group: core_clk
Path Type: max

Fanout     Cap    Slew   Delay    Time   Description
-----------------------------------------------------------------------------
                  0.15   15.00   15.00   clock core_clk (fall edge)
                          0.00   15.00   clock network delay (ideal)
                  0.15    0.00   15.00 v sky130_sram_2kbyte_1rw1r_32x512_8/clk0 (sky130_sram_2kbyte_1rw1r_32x512_8)
                  0.05    0.88   15.88 v sky130_sram_2kbyte_1rw1r_32x512_8/dout0[20] (sky130_sram_2kbyte_1rw1r_32x512_8)
     1    0.08                           sram_bus_dat_r[20] (net)
                  0.03    0.02   15.91 v _22814_/B2 (sky130_fd_sc_hd__a22o_2)
                  0.12    0.31   16.22 v _22814_/X (sky130_fd_sc_hd__a22o_2)
     1    0.03                           _11189_ (net)
                  0.12    0.00   16.22 v _22817_/B1 (sky130_fd_sc_hd__a2111o_2)
                  0.14    0.59   16.81 v _22817_/X (sky130_fd_sc_hd__a2111o_2)
     1    0.03                           _11192_ (net)
                  0.14    0.00   16.81 v _22818_/B1 (sky130_fd_sc_hd__a211o_2)
                  0.12    0.44   17.26 v _22818_/X (sky130_fd_sc_hd__a211o_2)
     4    0.03                           VexRiscv.IBusSimplePlugin_rspJoin_rspBuffer_c.io_push_payload_inst[20] (net)
                  0.12    0.00   17.26 v _28148_/A0 (sky130_fd_sc_hd__mux2_1)
                  0.12    0.41   17.66 v _28148_/X (sky130_fd_sc_hd__mux2_1)
     1    0.02                           _00323_ (net)
                  0.12    0.00   17.67 v _25778_/A (sky130_fd_sc_hd__inv_2)
                  0.04    0.07   17.74 ^ _25778_/Y (sky130_fd_sc_hd__inv_2)
     1    0.00                           _00324_ (net)
                  0.04    0.00   17.74 ^ _28147_/A0 (sky130_fd_sc_hd__mux2_1)
                 20.08   14.56   32.29 ^ _28147_/X (sky130_fd_sc_hd__mux2_1)
   257    2.34                           _00325_ (net)
                 20.12    0.73   33.02 ^ _29172_/S0 (sky130_fd_sc_hd__mux4_1)
                  0.44    3.37   36.39 ^ _29172_/X (sky130_fd_sc_hd__mux4_1)
     1    0.01                           _00522_ (net)
                  0.44    0.00   36.39 ^ _29173_/A3 (sky130_fd_sc_hd__mux4_1)
                  0.28    0.44   36.84 ^ _29173_/X (sky130_fd_sc_hd__mux4_1)
     1    0.02                           _00523_ (net)
                  0.28    0.00   36.84 ^ _27850_/A1 (sky130_fd_sc_hd__mux2_1)
                  1.07    0.94   37.78 ^ _27850_/X (sky130_fd_sc_hd__mux2_1)
     1    0.12                           VexRiscv.RegFilePlugin_regFile$rdreg[0]$d[18] (net)
                  1.07    0.05   37.83 ^ _29433_/D (sky130_fd_sc_hd__dfxtp_2)
                                 37.83   data arrival time

                  0.15   30.00   30.00   clock core_clk (rise edge)
                          0.00   30.00   clock network delay (ideal)
                         -0.25   29.75   clock uncertainty
                          0.00   29.75   clock reconvergence pessimism
                                 29.75 ^ _29433_/CLK (sky130_fd_sc_hd__dfxtp_2)
                         -0.19   29.56   library setup time
                                 29.56   data required time
-----------------------------------------------------------------------------
                                 29.56   data required time
                                -37.83   data arrival time
-----------------------------------------------------------------------------
                                 -8.27   slack (VIOLATED)


Startpoint: sky130_sram_2kbyte_1rw1r_32x512_8
            (falling edge-triggered flip-flop clocked by core_clk)
Endpoint: _29434_ (rising edge-triggered flip-flop clocked by core_clk)
Path Group: core_clk
Path Type: max

Fanout     Cap    Slew   Delay    Time   Description
-----------------------------------------------------------------------------
                  0.15   15.00   15.00   clock core_clk (fall edge)
                          0.00   15.00   clock network delay (ideal)
                  0.15    0.00   15.00 v sky130_sram_2kbyte_1rw1r_32x512_8/clk0 (sky130_sram_2kbyte_1rw1r_32x512_8)
                  0.05    0.88   15.88 v sky130_sram_2kbyte_1rw1r_32x512_8/dout0[20] (sky130_sram_2kbyte_1rw1r_32x512_8)
     1    0.08                           sram_bus_dat_r[20] (net)
                  0.03    0.02   15.91 v _22814_/B2 (sky130_fd_sc_hd__a22o_2)
                  0.12    0.31   16.22 v _22814_/X (sky130_fd_sc_hd__a22o_2)
     1    0.03                           _11189_ (net)
                  0.12    0.00   16.22 v _22817_/B1 (sky130_fd_sc_hd__a2111o_2)
                  0.14    0.59   16.81 v _22817_/X (sky130_fd_sc_hd__a2111o_2)
     1    0.03                           _11192_ (net)
                  0.14    0.00   16.81 v _22818_/B1 (sky130_fd_sc_hd__a211o_2)
                  0.12    0.44   17.26 v _22818_/X (sky130_fd_sc_hd__a211o_2)
     4    0.03                           VexRiscv.IBusSimplePlugin_rspJoin_rspBuffer_c.io_push_payload_inst[20] (net)
                  0.12    0.00   17.26 v _28148_/A0 (sky130_fd_sc_hd__mux2_1)
                  0.12    0.41   17.66 v _28148_/X (sky130_fd_sc_hd__mux2_1)
     1    0.02                           _00323_ (net)
                  0.12    0.00   17.67 v _25778_/A (sky130_fd_sc_hd__inv_2)
                  0.04    0.07   17.74 ^ _25778_/Y (sky130_fd_sc_hd__inv_2)
     1    0.00                           _00324_ (net)
                  0.04    0.00   17.74 ^ _28147_/A0 (sky130_fd_sc_hd__mux2_1)
                 20.08   14.56   32.29 ^ _28147_/X (sky130_fd_sc_hd__mux2_1)
   257    2.34                           _00325_ (net)
                 20.12    0.77   33.06 ^ _29177_/S0 (sky130_fd_sc_hd__mux4_1)
                  0.45    3.16   36.22 ^ _29177_/X (sky130_fd_sc_hd__mux4_1)
     1    0.01                           _00527_ (net)
                  0.45    0.00   36.22 ^ _29178_/A3 (sky130_fd_sc_hd__mux4_1)
                  0.55    0.69   36.91 ^ _29178_/X (sky130_fd_sc_hd__mux4_1)
     1    0.06                           _00528_ (net)
                  0.55    0.01   36.92 ^ _27851_/A0 (sky130_fd_sc_hd__mux2_1)
                  0.66    0.68   37.61 ^ _27851_/X (sky130_fd_sc_hd__mux2_1)
     1    0.07                           VexRiscv.RegFilePlugin_regFile$rdreg[0]$d[19] (net)
                  0.66    0.02   37.62 ^ _29434_/D (sky130_fd_sc_hd__dfxtp_2)
                                 37.62   data arrival time

                  0.15   30.00   30.00   clock core_clk (rise edge)
                          0.00   30.00   clock network delay (ideal)
                         -0.25   29.75   clock uncertainty
                          0.00   29.75   clock reconvergence pessimism
                                 29.75 ^ _29434_/CLK (sky130_fd_sc_hd__dfxtp_2)
                         -0.16   29.59   library setup time
                                 29.59   data required time
-----------------------------------------------------------------------------
                                 29.59   data required time
                                -37.62   data arrival time
-----------------------------------------------------------------------------
                                 -8.04   slack (VIOLATED)


Startpoint: sky130_sram_2kbyte_1rw1r_32x512_8
            (falling edge-triggered flip-flop clocked by core_clk)
Endpoint: _29620_ (rising edge-triggered flip-flop clocked by core_clk)
Path Group: core_clk
Path Type: max

Fanout     Cap    Slew   Delay    Time   Description
-----------------------------------------------------------------------------
                  0.15   15.00   15.00   clock core_clk (fall edge)
                          0.00   15.00   clock network delay (ideal)
                  0.15    0.00   15.00 v sky130_sram_2kbyte_1rw1r_32x512_8/clk0 (sky130_sram_2kbyte_1rw1r_32x512_8)
                  0.02    0.65   15.65 v sky130_sram_2kbyte_1rw1r_32x512_8/dout0[15] (sky130_sram_2kbyte_1rw1r_32x512_8)
     1    0.04                           sram_bus_dat_r[15] (net)
                  0.02    0.01   15.65 v _22855_/B2 (sky130_fd_sc_hd__a221o_2)
                  0.13    0.46   16.11 v _22855_/X (sky130_fd_sc_hd__a221o_2)
     1    0.03                           _11220_ (net)
                  0.13    0.00   16.11 v _22858_/B1 (sky130_fd_sc_hd__a2111o_2)
                  0.29    0.74   16.85 v _22858_/X (sky130_fd_sc_hd__a2111o_2)
     4    0.10                           VexRiscv.IBusSimplePlugin_rspJoin_rspBuffer_c.io_push_payload_inst[15] (net)
                  0.29    0.03   16.88 v _28158_/A0 (sky130_fd_sc_hd__mux2_1)
                  0.12    0.48   17.36 v _28158_/X (sky130_fd_sc_hd__mux2_1)
     1    0.02                           _02368_ (net)
                  0.12    0.00   17.36 v _25575_/A (sky130_fd_sc_hd__inv_2)
                  0.10    0.14   17.50 ^ _25575_/Y (sky130_fd_sc_hd__inv_2)
     1    0.02                           _02369_ (net)
                  0.10    0.00   17.50 ^ _28157_/A0 (sky130_fd_sc_hd__mux2_1)
                 20.06   14.48   31.98 ^ _28157_/X (sky130_fd_sc_hd__mux2_1)
   257    2.32                           _02370_ (net)
                 20.08    0.57   32.55 ^ _28821_/S0 (sky130_fd_sc_hd__mux4_1)
                  0.45    3.33   35.88 ^ _28821_/X (sky130_fd_sc_hd__mux4_1)
     1    0.01                           _02567_ (net)
                  0.45    0.00   35.88 ^ _28822_/A3 (sky130_fd_sc_hd__mux4_1)
                  0.26    0.41   36.29 ^ _28822_/X (sky130_fd_sc_hd__mux4_1)
     1    0.01                           _02568_ (net)
                  0.26    0.00   36.29 ^ _27536_/A1 (sky130_fd_sc_hd__mux2_1)
                  1.36    1.14   37.43 ^ _27536_/X (sky130_fd_sc_hd__mux2_1)
     1    0.16                           VexRiscv.RegFilePlugin_regFile$rdreg[1]$d[18] (net)
                  1.36    0.08   37.51 ^ _29620_/D (sky130_fd_sc_hd__dfxtp_2)
                                 37.51   data arrival time

                  0.15   30.00   30.00   clock core_clk (rise edge)
                          0.00   30.00   clock network delay (ideal)
                         -0.25   29.75   clock uncertainty
                          0.00   29.75   clock reconvergence pessimism
                                 29.75 ^ _29620_/CLK (sky130_fd_sc_hd__dfxtp_2)
                         -0.22   29.53   library setup time
                                 29.53   data required time
-----------------------------------------------------------------------------
                                 29.53   data required time
                                -37.51   data arrival time
-----------------------------------------------------------------------------
                                 -7.97   slack (VIOLATED)


Startpoint: sky130_sram_2kbyte_1rw1r_32x512_8
            (falling edge-triggered flip-flop clocked by core_clk)
Endpoint: _29621_ (rising edge-triggered flip-flop clocked by core_clk)
Path Group: core_clk
Path Type: max

Fanout     Cap    Slew   Delay    Time   Description
-----------------------------------------------------------------------------
                  0.15   15.00   15.00   clock core_clk (fall edge)
                          0.00   15.00   clock network delay (ideal)
                  0.15    0.00   15.00 v sky130_sram_2kbyte_1rw1r_32x512_8/clk0 (sky130_sram_2kbyte_1rw1r_32x512_8)
                  0.02    0.65   15.65 v sky130_sram_2kbyte_1rw1r_32x512_8/dout0[15] (sky130_sram_2kbyte_1rw1r_32x512_8)
     1    0.04                           sram_bus_dat_r[15] (net)
                  0.02    0.01   15.65 v _22855_/B2 (sky130_fd_sc_hd__a221o_2)
                  0.13    0.46   16.11 v _22855_/X (sky130_fd_sc_hd__a221o_2)
     1    0.03                           _11220_ (net)
                  0.13    0.00   16.11 v _22858_/B1 (sky130_fd_sc_hd__a2111o_2)
                  0.29    0.74   16.85 v _22858_/X (sky130_fd_sc_hd__a2111o_2)
     4    0.10                           VexRiscv.IBusSimplePlugin_rspJoin_rspBuffer_c.io_push_payload_inst[15] (net)
                  0.29    0.03   16.88 v _28158_/A0 (sky130_fd_sc_hd__mux2_1)
                  0.12    0.48   17.36 v _28158_/X (sky130_fd_sc_hd__mux2_1)
     1    0.02                           _02368_ (net)
                  0.12    0.00   17.36 v _25575_/A (sky130_fd_sc_hd__inv_2)
                  0.10    0.14   17.50 ^ _25575_/Y (sky130_fd_sc_hd__inv_2)
     1    0.02                           _02369_ (net)
                  0.10    0.00   17.50 ^ _28157_/A0 (sky130_fd_sc_hd__mux2_1)
                 20.06   14.48   31.98 ^ _28157_/X (sky130_fd_sc_hd__mux2_1)
   257    2.32                           _02370_ (net)
                 20.09    0.61   32.59 ^ _28826_/S0 (sky130_fd_sc_hd__mux4_1)
                  0.45    3.18   35.77 ^ _28826_/X (sky130_fd_sc_hd__mux4_1)
     1    0.01                           _02572_ (net)
                  0.45    0.00   35.77 ^ _28827_/A3 (sky130_fd_sc_hd__mux4_1)
                  0.56    0.70   36.47 ^ _28827_/X (sky130_fd_sc_hd__mux4_1)
     1    0.06                           _02573_ (net)
                  0.56    0.01   36.48 ^ _27537_/A0 (sky130_fd_sc_hd__mux2_1)
                  0.94    0.89   37.37 ^ _27537_/X (sky130_fd_sc_hd__mux2_1)
     1    0.11                           VexRiscv.RegFilePlugin_regFile$rdreg[1]$d[19] (net)
                  0.94    0.04   37.41 ^ _29621_/D (sky130_fd_sc_hd__dfxtp_2)
                                 37.41   data arrival time

                  0.15   30.00   30.00   clock core_clk (rise edge)
                          0.00   30.00   clock network delay (ideal)
                         -0.25   29.75   clock uncertainty
                          0.00   29.75   clock reconvergence pessimism
                                 29.75 ^ _29621_/CLK (sky130_fd_sc_hd__dfxtp_2)
                         -0.18   29.57   library setup time
                                 29.57   data required time
-----------------------------------------------------------------------------
                                 29.57   data required time
                                -37.41   data arrival time
-----------------------------------------------------------------------------
                                 -7.84   slack (VIOLATED)


