
===========================================================================
 report_check_types -max_slew -max_cap -max_fanout -violators
============================================================================
max slew

Pin                                    Limit    Slew   Slack
------------------------------------------------------------
sky130_sram_2kbyte_1rw1r_32x512_8/wmask0[2]    0.04    0.27   -0.23 (VIOLATED)
sky130_sram_2kbyte_1rw1r_32x512_8/wmask0[3]    0.04    0.27   -0.23 (VIOLATED)
sky130_sram_2kbyte_1rw1r_32x512_8/addr0[7]    0.04    0.19   -0.15 (VIOLATED)
sky130_sram_2kbyte_1rw1r_32x512_8/addr0[6]    0.04    0.19   -0.15 (VIOLATED)
sky130_sram_2kbyte_1rw1r_32x512_8/addr0[0]    0.04    0.18   -0.14 (VIOLATED)
sky130_sram_2kbyte_1rw1r_32x512_8/addr0[1]    0.04    0.18   -0.14 (VIOLATED)
sky130_sram_2kbyte_1rw1r_32x512_8/wmask0[0]    0.04    0.18   -0.14 (VIOLATED)
sky130_sram_2kbyte_1rw1r_32x512_8/wmask0[1]    0.04    0.18   -0.14 (VIOLATED)
sky130_sram_2kbyte_1rw1r_32x512_8/addr0[3]    0.04    0.18   -0.14 (VIOLATED)
sky130_sram_2kbyte_1rw1r_32x512_8/addr0[8]    0.04    0.17   -0.13 (VIOLATED)
sky130_sram_2kbyte_1rw1r_32x512_8/addr0[4]    0.04    0.16   -0.12 (VIOLATED)
sky130_sram_2kbyte_1rw1r_32x512_8/addr0[2]    0.04    0.10   -0.06 (VIOLATED)
sky130_sram_2kbyte_1rw1r_32x512_8/addr0[5]    0.04    0.09   -0.05 (VIOLATED)


===========================================================================
max slew violation count 13
max fanout violation count 0
max cap violation count 0
============================================================================
