
===========================================================================
report_checks -path_delay min (Hold)
============================================================================
Startpoint: _29706_ (rising edge-triggered flip-flop clocked by core_clk)
Endpoint: _29705_ (rising edge-triggered flip-flop clocked by core_clk)
Path Group: core_clk
Path Type: min

Fanout     Cap    Slew   Delay    Time   Description
-----------------------------------------------------------------------------
                  0.15    0.00    0.00   clock core_clk (rise edge)
                          0.00    0.00   clock network delay (ideal)
                  0.15    0.00    0.00 ^ _29706_/CLK (sky130_fd_sc_hd__dfxtp_1)
                  0.02    0.31    0.31 v _29706_/Q (sky130_fd_sc_hd__dfxtp_1)
     1    0.00                           multiregimpl135_regs0 (net)
                  0.02    0.00    0.31 v _29705_/D (sky130_fd_sc_hd__dfxtp_4)
                                  0.31   data arrival time

                  0.15    0.00    0.00   clock core_clk (rise edge)
                          0.00    0.00   clock network delay (ideal)
                          0.25    0.25   clock uncertainty
                          0.00    0.25   clock reconvergence pessimism
                                  0.25 ^ _29705_/CLK (sky130_fd_sc_hd__dfxtp_4)
                         -0.01    0.24   library hold time
                                  0.24   data required time
-----------------------------------------------------------------------------
                                  0.24   data required time
                                 -0.31   data arrival time
-----------------------------------------------------------------------------
                                  0.07   slack (MET)


Startpoint: _29774_ (rising edge-triggered flip-flop clocked by core_clk)
Endpoint: _29773_ (rising edge-triggered flip-flop clocked by core_clk)
Path Group: core_clk
Path Type: min

Fanout     Cap    Slew   Delay    Time   Description
-----------------------------------------------------------------------------
                  0.15    0.00    0.00   clock core_clk (rise edge)
                          0.00    0.00   clock network delay (ideal)
                  0.15    0.00    0.00 ^ _29774_/CLK (sky130_fd_sc_hd__dfxtp_1)
                  0.02    0.31    0.31 v _29774_/Q (sky130_fd_sc_hd__dfxtp_1)
     1    0.00                           multiregimpl101_regs0 (net)
                  0.02    0.00    0.31 v _29773_/D (sky130_fd_sc_hd__dfxtp_4)
                                  0.31   data arrival time

                  0.15    0.00    0.00   clock core_clk (rise edge)
                          0.00    0.00   clock network delay (ideal)
                          0.25    0.25   clock uncertainty
                          0.00    0.25   clock reconvergence pessimism
                                  0.25 ^ _29773_/CLK (sky130_fd_sc_hd__dfxtp_4)
                         -0.01    0.24   library hold time
                                  0.24   data required time
-----------------------------------------------------------------------------
                                  0.24   data required time
                                 -0.31   data arrival time
-----------------------------------------------------------------------------
                                  0.07   slack (MET)


Startpoint: _29704_ (rising edge-triggered flip-flop clocked by core_clk)
Endpoint: _29703_ (rising edge-triggered flip-flop clocked by core_clk)
Path Group: core_clk
Path Type: min

Fanout     Cap    Slew   Delay    Time   Description
-----------------------------------------------------------------------------
                  0.15    0.00    0.00   clock core_clk (rise edge)
                          0.00    0.00   clock network delay (ideal)
                  0.15    0.00    0.00 ^ _29704_/CLK (sky130_fd_sc_hd__dfxtp_1)
                  0.02    0.31    0.31 v _29704_/Q (sky130_fd_sc_hd__dfxtp_1)
     1    0.00                           multiregimpl136_regs0 (net)
                  0.02    0.00    0.31 v _29703_/D (sky130_fd_sc_hd__dfxtp_4)
                                  0.31   data arrival time

                  0.15    0.00    0.00   clock core_clk (rise edge)
                          0.00    0.00   clock network delay (ideal)
                          0.25    0.25   clock uncertainty
                          0.00    0.25   clock reconvergence pessimism
                                  0.25 ^ _29703_/CLK (sky130_fd_sc_hd__dfxtp_4)
                         -0.01    0.24   library hold time
                                  0.24   data required time
-----------------------------------------------------------------------------
                                  0.24   data required time
                                 -0.31   data arrival time
-----------------------------------------------------------------------------
                                  0.07   slack (MET)


Startpoint: _29740_ (rising edge-triggered flip-flop clocked by core_clk)
Endpoint: _29739_ (rising edge-triggered flip-flop clocked by core_clk)
Path Group: core_clk
Path Type: min

Fanout     Cap    Slew   Delay    Time   Description
-----------------------------------------------------------------------------
                  0.15    0.00    0.00   clock core_clk (rise edge)
                          0.00    0.00   clock network delay (ideal)
                  0.15    0.00    0.00 ^ _29740_/CLK (sky130_fd_sc_hd__dfxtp_1)
                  0.02    0.31    0.31 v _29740_/Q (sky130_fd_sc_hd__dfxtp_1)
     1    0.00                           multiregimpl118_regs0 (net)
                  0.02    0.00    0.31 v _29739_/D (sky130_fd_sc_hd__dfxtp_4)
                                  0.31   data arrival time

                  0.15    0.00    0.00   clock core_clk (rise edge)
                          0.00    0.00   clock network delay (ideal)
                          0.25    0.25   clock uncertainty
                          0.00    0.25   clock reconvergence pessimism
                                  0.25 ^ _29739_/CLK (sky130_fd_sc_hd__dfxtp_4)
                         -0.01    0.24   library hold time
                                  0.24   data required time
-----------------------------------------------------------------------------
                                  0.24   data required time
                                 -0.31   data arrival time
-----------------------------------------------------------------------------
                                  0.07   slack (MET)


Startpoint: _29744_ (rising edge-triggered flip-flop clocked by core_clk)
Endpoint: _29743_ (rising edge-triggered flip-flop clocked by core_clk)
Path Group: core_clk
Path Type: min

Fanout     Cap    Slew   Delay    Time   Description
-----------------------------------------------------------------------------
                  0.15    0.00    0.00   clock core_clk (rise edge)
                          0.00    0.00   clock network delay (ideal)
                  0.15    0.00    0.00 ^ _29744_/CLK (sky130_fd_sc_hd__dfxtp_1)
                  0.03    0.31    0.31 v _29744_/Q (sky130_fd_sc_hd__dfxtp_1)
     1    0.00                           multiregimpl116_regs0 (net)
                  0.03    0.00    0.31 v _29743_/D (sky130_fd_sc_hd__dfxtp_4)
                                  0.31   data arrival time

                  0.15    0.00    0.00   clock core_clk (rise edge)
                          0.00    0.00   clock network delay (ideal)
                          0.25    0.25   clock uncertainty
                          0.00    0.25   clock reconvergence pessimism
                                  0.25 ^ _29743_/CLK (sky130_fd_sc_hd__dfxtp_4)
                         -0.02    0.23   library hold time
                                  0.23   data required time
-----------------------------------------------------------------------------
                                  0.23   data required time
                                 -0.31   data arrival time
-----------------------------------------------------------------------------
                                  0.08   slack (MET)


