mgmt_core_wrapper
----------------------------------------
Metal2 > 3um spacing to unrelated m2 < 0.28um (met2.3b)
----------------------------------------
 192.370um 13.400um 192.650um 13.445um
 192.370um 13.390um 192.650um 13.400um
 231.470um 13.400um 231.750um 13.445um
 231.470um 13.390um 231.750um 13.400um
 341.410um 13.400um 341.690um 13.445um
 341.410um 13.390um 341.690um 13.400um
 342.330um 13.400um 342.610um 13.445um
 342.330um 13.390um 342.610um 13.400um
 409.490um 13.400um 409.770um 13.445um
 409.490um 13.390um 409.770um 13.400um
 530.470um 13.400um 530.510um 13.445um
 530.470um 13.390um 530.510um 13.400um
 530.470um 13.400um 530.750um 13.445um
 530.470um 13.390um 530.750um 13.400um
 444.920um 746.340um 445.180um 746.450um
 444.920um 746.310um 445.180um 746.340um
 460.310um 746.260um 460.360um 746.290um
 460.310um 746.170um 460.360um 746.260um
 460.100um 745.970um 460.360um 746.000um
 460.310um 746.260um 460.360um 746.290um
 460.310um 746.000um 460.360um 746.260um
 460.310um 745.970um 460.360um 746.000um
 478.960um 746.340um 479.220um 746.450um
 478.960um 746.310um 479.220um 746.340um
 496.440um 746.340um 496.700um 746.450um
 496.440um 746.310um 496.700um 746.340um
 2218.280um 12.595um 2219.810um 12.650um
 2219.530um 12.595um 2219.810um 12.650um
----------------------------------------
[INFO]: COUNT: 28
[INFO]: Should be divided by 3 or 4

